<?xml version="1.0" encoding="UTF-8" standalone="yes"?>
<testsuites name="FinancialNonEmployee_NonUltimate" time="14" tests="21" failures="0" errors="0">
    <testsuite name="FinancialNonEmployee_NonUltimate" tests="21" failures="0" errors="0" time="14" timestamp="2019-08-27 18:01:17" hostname="c19679 - LIDLIFE38B0WS.PRU.intranet.asia" id="Test Suites/FinancialNonEmployee_NonUltimate">
        <properties>
            <property name="deviceName" value=""/>
            <property name="devicePlatform" value=""/>
            <property name="logFolder" value="C:\\SURYAPURBA\\PHS\\PHS-BRMS\\Reports\\FinancialNonEmployee_NonUltimate\\20190827_180114"/>
            <property name="logFiles" value="C:\\SURYAPURBA\\PHS\\PHS-BRMS\\Reports\\FinancialNonEmployee_NonUltimate\\20190827_180114\\execution0.log"/>
            <property name="attachments" value=""/>
            <property name="hostName" value="c19679 - LIDLIFE38B0WS.PRU.intranet.asia"/>
            <property name="hostAddress" value="10.170.236.47"/>
            <property name="os" value="Windows 7 64bit"/>
            <property name="katalonVersion" value="6.2.2.4"/>
        </properties>
        <testcase name="Test Cases/AlterationScoringRuleApps/Financial Non Employee/Non Ultimate/FE6/TC-1 USD FE6" classname="Test Cases/AlterationScoringRuleApps/Financial Non Employee/Non Ultimate/FE6/TC-1 USD FE6" status="PASSED">
            <system-out>2019-08-27 18:01:18 - [TEST_CASE][PASSED] - Test Cases/AlterationScoringRuleApps/Financial Non Employee/Non Ultimate/FE6/TC-1 USD FE6: Test Cases/AlterationScoringRuleApps/Financial Non Employee/Non Ultimate/FE6/TC-1 USD FE6&#xD;
&#xD;
2019-08-27 18:01:18 - [TEST_STEP][PASSED] - random = new java.util.Random(): null&#xD;
&#xD;
2019-08-27 18:01:18 - [TEST_STEP][PASSED] - compareHighestValueFsaDeathVsAddccMin = 6250000: null&#xD;
&#xD;
2019-08-27 18:01:18 - [TEST_STEP][PASSED] - compareHighestValueFsaDeathVsAddcc = random.nextInt(MAX_VALUE - compareHighestValueFsaDeathVsAddccMin) + compareHighestValueFsaDeathVsAddccMin: null&#xD;
&#xD;
2019-08-27 18:01:18 - [TEST_STEP][PASSED] - println(compareHighestValueFsaDeathVsAddcc): null&#xD;
&#xD;
2019-08-27 18:01:18 - [TEST_STEP][PASSED] - comment("Send request"): Send request&#xD;
&#xD;
2019-08-27 18:01:18 - [MESSAGE][INFO] - Send request&#xD;
&#xD;
2019-08-27 18:01:18 - [TEST_STEP][PASSED] - response = sendRequest(findTestObject("AlterationScoringRuleApps/Financial Non Employee/Non Ultimate/Object Request", ["transactionType":transactionType, "role":role, "increasingFsaFlag":increasingFsaFlag, "pecFlag":pecFlag, "occupationCode":occupationCode, ... ])): Send request successfully&#xD;
&#xD;
2019-08-27 18:01:19 - [MESSAGE][INFO] - HAR: C:\SURYAPURBA\PHS\PHS-BRMS\Reports\FinancialNonEmployee_NonUltimate\20190827_180114\requests\main\0.har&#xD;
&#xD;
2019-08-27 18:01:19 - [MESSAGE][PASSED] - Send request successfully&#xD;
&#xD;
2019-08-27 18:01:19 - [TEST_STEP][PASSED] - slurper = new groovy.json.JsonSlurper(): null&#xD;
&#xD;
2019-08-27 18:01:19 - [TEST_STEP][PASSED] - parseResponse = slurper.parseText(response.getResponseText()): null&#xD;
&#xD;
2019-08-27 18:01:19 - [TEST_STEP][PASSED] - println(parseResponse): null&#xD;
&#xD;
2019-08-27 18:01:19 - [TEST_STEP][PASSED] - attributes = evidenceCode: null&#xD;
&#xD;
2019-08-27 18:01:19 - [TEST_STEP][PASSED] - println(attributes): null&#xD;
&#xD;
2019-08-27 18:01:19 - [TEST_STEP][PASSED] - expected = description == "Butuh LSAR, ABR, BSM, RoC, RNA, Bukti Aset, F2F meeting": null&#xD;
&#xD;
2019-08-27 18:01:19 - [TEST_STEP][PASSED] - comment("Verify evidence code is FE6 and have description "Butuh LSAR, ABR, BSM, RoC, RNA, Bukti Aset, F2F meeting""): Verify evidence code is FE6 and have description "Butuh LSAR, ABR, BSM, RoC, RNA, Bukti Aset, F2F meeting"&#xD;
&#xD;
2019-08-27 18:01:19 - [MESSAGE][INFO] - Verify evidence code is FE6 and have description "Butuh LSAR, ABR, BSM, RoC, RNA, Bukti Aset, F2F meeting"&#xD;
&#xD;
2019-08-27 18:01:19 - [TEST_STEP][PASSED] - verifyEqual(expected, true): Actual object 'true' and expected object 'true' are equal&#xD;
&#xD;
2019-08-27 18:01:19 - [MESSAGE][PASSED] - Actual object 'true' and expected object 'true' are equal&#xD;
&#xD;
2019-08-27 18:01:19 - [TEST_STEP][PASSED] - comment("Verify response status code"): Verify response status code&#xD;
&#xD;
2019-08-27 18:01:19 - [MESSAGE][INFO] - Verify response status code&#xD;
&#xD;
2019-08-27 18:01:19 - [TEST_STEP][PASSED] - verifyResponseStatusCode(response, 200): Verify response status code successfully&#xD;
&#xD;
2019-08-27 18:01:19 - [MESSAGE][PASSED] - Verify response status code successfully&#xD;
&#xD;
2019-08-27 18:01:19 - [TEST_STEP][PASSED] - Start listener action : sampleAfterTestCase: null</system-out>
            <system-err></system-err>
        </testcase>
        <testcase name="Test Cases/AlterationScoringRuleApps/Financial Non Employee/Non Ultimate/FE6/TC-1 USD FE6" classname="Test Cases/AlterationScoringRuleApps/Financial Non Employee/Non Ultimate/FE6/TC-1 USD FE6" status="PASSED">
            <system-out>2019-08-27 18:01:19 - [TEST_CASE][PASSED] - Test Cases/AlterationScoringRuleApps/Financial Non Employee/Non Ultimate/FE6/TC-1 USD FE6: Test Cases/AlterationScoringRuleApps/Financial Non Employee/Non Ultimate/FE6/TC-1 USD FE6&#xD;
&#xD;
2019-08-27 18:01:19 - [TEST_STEP][PASSED] - random = new java.util.Random(): null&#xD;
&#xD;
2019-08-27 18:01:19 - [TEST_STEP][PASSED] - compareHighestValueFsaDeathVsAddccMin = 6250000: null&#xD;
&#xD;
2019-08-27 18:01:19 - [TEST_STEP][PASSED] - compareHighestValueFsaDeathVsAddcc = random.nextInt(MAX_VALUE - compareHighestValueFsaDeathVsAddccMin) + compareHighestValueFsaDeathVsAddccMin: null&#xD;
&#xD;
2019-08-27 18:01:19 - [TEST_STEP][PASSED] - println(compareHighestValueFsaDeathVsAddcc): null&#xD;
&#xD;
2019-08-27 18:01:19 - [TEST_STEP][PASSED] - comment("Send request"): Send request&#xD;
&#xD;
2019-08-27 18:01:19 - [MESSAGE][INFO] - Send request&#xD;
&#xD;
2019-08-27 18:01:19 - [TEST_STEP][PASSED] - response = sendRequest(findTestObject("AlterationScoringRuleApps/Financial Non Employee/Non Ultimate/Object Request", ["transactionType":transactionType, "role":role, "increasingFsaFlag":increasingFsaFlag, "pecFlag":pecFlag, "occupationCode":occupationCode, ... ])): Send request successfully&#xD;
&#xD;
2019-08-27 18:01:19 - [MESSAGE][INFO] - HAR: C:\SURYAPURBA\PHS\PHS-BRMS\Reports\FinancialNonEmployee_NonUltimate\20190827_180114\requests\main\1.har&#xD;
&#xD;
2019-08-27 18:01:19 - [MESSAGE][PASSED] - Send request successfully&#xD;
&#xD;
2019-08-27 18:01:19 - [TEST_STEP][PASSED] - slurper = new groovy.json.JsonSlurper(): null&#xD;
&#xD;
2019-08-27 18:01:20 - [TEST_STEP][PASSED] - parseResponse = slurper.parseText(response.getResponseText()): null&#xD;
&#xD;
2019-08-27 18:01:20 - [TEST_STEP][PASSED] - println(parseResponse): null&#xD;
&#xD;
2019-08-27 18:01:20 - [TEST_STEP][PASSED] - attributes = evidenceCode: null&#xD;
&#xD;
2019-08-27 18:01:20 - [TEST_STEP][PASSED] - println(attributes): null&#xD;
&#xD;
2019-08-27 18:01:20 - [TEST_STEP][PASSED] - expected = description == "Butuh LSAR, ABR, BSM, RoC, RNA, Bukti Aset, F2F meeting": null&#xD;
&#xD;
2019-08-27 18:01:20 - [TEST_STEP][PASSED] - comment("Verify evidence code is FE6 and have description "Butuh LSAR, ABR, BSM, RoC, RNA, Bukti Aset, F2F meeting""): Verify evidence code is FE6 and have description "Butuh LSAR, ABR, BSM, RoC, RNA, Bukti Aset, F2F meeting"&#xD;
&#xD;
2019-08-27 18:01:20 - [MESSAGE][INFO] - Verify evidence code is FE6 and have description "Butuh LSAR, ABR, BSM, RoC, RNA, Bukti Aset, F2F meeting"&#xD;
&#xD;
2019-08-27 18:01:20 - [TEST_STEP][PASSED] - verifyEqual(expected, true): Actual object 'true' and expected object 'true' are equal&#xD;
&#xD;
2019-08-27 18:01:20 - [MESSAGE][PASSED] - Actual object 'true' and expected object 'true' are equal&#xD;
&#xD;
2019-08-27 18:01:20 - [TEST_STEP][PASSED] - comment("Verify response status code"): Verify response status code&#xD;
&#xD;
2019-08-27 18:01:20 - [MESSAGE][INFO] - Verify response status code&#xD;
&#xD;
2019-08-27 18:01:20 - [TEST_STEP][PASSED] - verifyResponseStatusCode(response, 200): Verify response status code successfully&#xD;
&#xD;
2019-08-27 18:01:20 - [MESSAGE][PASSED] - Verify response status code successfully&#xD;
&#xD;
2019-08-27 18:01:20 - [TEST_STEP][PASSED] - Start listener action : sampleAfterTestCase: null</system-out>
            <system-err></system-err>
        </testcase>
        <testcase name="Test Cases/AlterationScoringRuleApps/Financial Non Employee/Non Ultimate/FE6/TC-1 USD FE6" classname="Test Cases/AlterationScoringRuleApps/Financial Non Employee/Non Ultimate/FE6/TC-1 USD FE6" status="PASSED">
            <system-out>2019-08-27 18:01:20 - [TEST_CASE][PASSED] - Test Cases/AlterationScoringRuleApps/Financial Non Employee/Non Ultimate/FE6/TC-1 USD FE6: Test Cases/AlterationScoringRuleApps/Financial Non Employee/Non Ultimate/FE6/TC-1 USD FE6&#xD;
&#xD;
2019-08-27 18:01:20 - [TEST_STEP][PASSED] - random = new java.util.Random(): null&#xD;
&#xD;
2019-08-27 18:01:20 - [TEST_STEP][PASSED] - compareHighestValueFsaDeathVsAddccMin = 6250000: null&#xD;
&#xD;
2019-08-27 18:01:20 - [TEST_STEP][PASSED] - compareHighestValueFsaDeathVsAddcc = random.nextInt(MAX_VALUE - compareHighestValueFsaDeathVsAddccMin) + compareHighestValueFsaDeathVsAddccMin: null&#xD;
&#xD;
2019-08-27 18:01:20 - [TEST_STEP][PASSED] - println(compareHighestValueFsaDeathVsAddcc): null&#xD;
&#xD;
2019-08-27 18:01:20 - [TEST_STEP][PASSED] - comment("Send request"): Send request&#xD;
&#xD;
2019-08-27 18:01:20 - [MESSAGE][INFO] - Send request&#xD;
&#xD;
2019-08-27 18:01:20 - [TEST_STEP][PASSED] - response = sendRequest(findTestObject("AlterationScoringRuleApps/Financial Non Employee/Non Ultimate/Object Request", ["transactionType":transactionType, "role":role, "increasingFsaFlag":increasingFsaFlag, "pecFlag":pecFlag, "occupationCode":occupationCode, ... ])): Send request successfully&#xD;
&#xD;
2019-08-27 18:01:20 - [MESSAGE][INFO] - HAR: C:\SURYAPURBA\PHS\PHS-BRMS\Reports\FinancialNonEmployee_NonUltimate\20190827_180114\requests\main\2.har&#xD;
&#xD;
2019-08-27 18:01:20 - [MESSAGE][PASSED] - Send request successfully&#xD;
&#xD;
2019-08-27 18:01:20 - [TEST_STEP][PASSED] - slurper = new groovy.json.JsonSlurper(): null&#xD;
&#xD;
2019-08-27 18:01:20 - [TEST_STEP][PASSED] - parseResponse = slurper.parseText(response.getResponseText()): null&#xD;
&#xD;
2019-08-27 18:01:20 - [TEST_STEP][PASSED] - println(parseResponse): null&#xD;
&#xD;
2019-08-27 18:01:20 - [TEST_STEP][PASSED] - attributes = evidenceCode: null&#xD;
&#xD;
2019-08-27 18:01:20 - [TEST_STEP][PASSED] - println(attributes): null&#xD;
&#xD;
2019-08-27 18:01:20 - [TEST_STEP][PASSED] - expected = description == "Butuh LSAR, ABR, BSM, RoC, RNA, Bukti Aset, F2F meeting": null&#xD;
&#xD;
2019-08-27 18:01:20 - [TEST_STEP][PASSED] - comment("Verify evidence code is FE6 and have description "Butuh LSAR, ABR, BSM, RoC, RNA, Bukti Aset, F2F meeting""): Verify evidence code is FE6 and have description "Butuh LSAR, ABR, BSM, RoC, RNA, Bukti Aset, F2F meeting"&#xD;
&#xD;
2019-08-27 18:01:20 - [MESSAGE][INFO] - Verify evidence code is FE6 and have description "Butuh LSAR, ABR, BSM, RoC, RNA, Bukti Aset, F2F meeting"&#xD;
&#xD;
2019-08-27 18:01:20 - [TEST_STEP][PASSED] - verifyEqual(expected, true): Actual object 'true' and expected object 'true' are equal&#xD;
&#xD;
2019-08-27 18:01:20 - [MESSAGE][PASSED] - Actual object 'true' and expected object 'true' are equal&#xD;
&#xD;
2019-08-27 18:01:20 - [TEST_STEP][PASSED] - comment("Verify response status code"): Verify response status code&#xD;
&#xD;
2019-08-27 18:01:20 - [MESSAGE][INFO] - Verify response status code&#xD;
&#xD;
2019-08-27 18:01:20 - [TEST_STEP][PASSED] - verifyResponseStatusCode(response, 200): Verify response status code successfully&#xD;
&#xD;
2019-08-27 18:01:20 - [MESSAGE][PASSED] - Verify response status code successfully&#xD;
&#xD;
2019-08-27 18:01:20 - [TEST_STEP][PASSED] - Start listener action : sampleAfterTestCase: null</system-out>
            <system-err></system-err>
        </testcase>
        <testcase name="Test Cases/AlterationScoringRuleApps/Financial Non Employee/Non Ultimate/FE6/TC-1 USD FE6" classname="Test Cases/AlterationScoringRuleApps/Financial Non Employee/Non Ultimate/FE6/TC-1 USD FE6" status="PASSED">
            <system-out>2019-08-27 18:01:20 - [TEST_CASE][PASSED] - Test Cases/AlterationScoringRuleApps/Financial Non Employee/Non Ultimate/FE6/TC-1 USD FE6: Test Cases/AlterationScoringRuleApps/Financial Non Employee/Non Ultimate/FE6/TC-1 USD FE6&#xD;
&#xD;
2019-08-27 18:01:20 - [TEST_STEP][PASSED] - random = new java.util.Random(): null&#xD;
&#xD;
2019-08-27 18:01:20 - [TEST_STEP][PASSED] - compareHighestValueFsaDeathVsAddccMin = 6250000: null&#xD;
&#xD;
2019-08-27 18:01:20 - [TEST_STEP][PASSED] - compareHighestValueFsaDeathVsAddcc = random.nextInt(MAX_VALUE - compareHighestValueFsaDeathVsAddccMin) + compareHighestValueFsaDeathVsAddccMin: null&#xD;
&#xD;
2019-08-27 18:01:20 - [TEST_STEP][PASSED] - println(compareHighestValueFsaDeathVsAddcc): null&#xD;
&#xD;
2019-08-27 18:01:20 - [TEST_STEP][PASSED] - comment("Send request"): Send request&#xD;
&#xD;
2019-08-27 18:01:20 - [MESSAGE][INFO] - Send request&#xD;
&#xD;
2019-08-27 18:01:20 - [TEST_STEP][PASSED] - response = sendRequest(findTestObject("AlterationScoringRuleApps/Financial Non Employee/Non Ultimate/Object Request", ["transactionType":transactionType, "role":role, "increasingFsaFlag":increasingFsaFlag, "pecFlag":pecFlag, "occupationCode":occupationCode, ... ])): Send request successfully&#xD;
&#xD;
2019-08-27 18:01:20 - [MESSAGE][INFO] - HAR: C:\SURYAPURBA\PHS\PHS-BRMS\Reports\FinancialNonEmployee_NonUltimate\20190827_180114\requests\main\3.har&#xD;
&#xD;
2019-08-27 18:01:20 - [MESSAGE][PASSED] - Send request successfully&#xD;
&#xD;
2019-08-27 18:01:20 - [TEST_STEP][PASSED] - slurper = new groovy.json.JsonSlurper(): null&#xD;
&#xD;
2019-08-27 18:01:21 - [TEST_STEP][PASSED] - parseResponse = slurper.parseText(response.getResponseText()): null&#xD;
&#xD;
2019-08-27 18:01:21 - [TEST_STEP][PASSED] - println(parseResponse): null&#xD;
&#xD;
2019-08-27 18:01:21 - [TEST_STEP][PASSED] - attributes = evidenceCode: null&#xD;
&#xD;
2019-08-27 18:01:21 - [TEST_STEP][PASSED] - println(attributes): null&#xD;
&#xD;
2019-08-27 18:01:21 - [TEST_STEP][PASSED] - expected = description == "Butuh LSAR, ABR, BSM, RoC, RNA, Bukti Aset, F2F meeting": null&#xD;
&#xD;
2019-08-27 18:01:21 - [TEST_STEP][PASSED] - comment("Verify evidence code is FE6 and have description "Butuh LSAR, ABR, BSM, RoC, RNA, Bukti Aset, F2F meeting""): Verify evidence code is FE6 and have description "Butuh LSAR, ABR, BSM, RoC, RNA, Bukti Aset, F2F meeting"&#xD;
&#xD;
2019-08-27 18:01:21 - [MESSAGE][INFO] - Verify evidence code is FE6 and have description "Butuh LSAR, ABR, BSM, RoC, RNA, Bukti Aset, F2F meeting"&#xD;
&#xD;
2019-08-27 18:01:21 - [TEST_STEP][PASSED] - verifyEqual(expected, true): Actual object 'true' and expected object 'true' are equal&#xD;
&#xD;
2019-08-27 18:01:21 - [MESSAGE][PASSED] - Actual object 'true' and expected object 'true' are equal&#xD;
&#xD;
2019-08-27 18:01:21 - [TEST_STEP][PASSED] - comment("Verify response status code"): Verify response status code&#xD;
&#xD;
2019-08-27 18:01:21 - [MESSAGE][INFO] - Verify response status code&#xD;
&#xD;
2019-08-27 18:01:21 - [TEST_STEP][PASSED] - verifyResponseStatusCode(response, 200): Verify response status code successfully&#xD;
&#xD;
2019-08-27 18:01:21 - [MESSAGE][PASSED] - Verify response status code successfully&#xD;
&#xD;
2019-08-27 18:01:21 - [TEST_STEP][PASSED] - Start listener action : sampleAfterTestCase: null</system-out>
            <system-err></system-err>
        </testcase>
        <testcase name="Test Cases/AlterationScoringRuleApps/Financial Non Employee/Non Ultimate/FE6/TC-1 USD FE6" classname="Test Cases/AlterationScoringRuleApps/Financial Non Employee/Non Ultimate/FE6/TC-1 USD FE6" status="PASSED">
            <system-out>2019-08-27 18:01:21 - [TEST_CASE][PASSED] - Test Cases/AlterationScoringRuleApps/Financial Non Employee/Non Ultimate/FE6/TC-1 USD FE6: Test Cases/AlterationScoringRuleApps/Financial Non Employee/Non Ultimate/FE6/TC-1 USD FE6&#xD;
&#xD;
2019-08-27 18:01:21 - [TEST_STEP][PASSED] - random = new java.util.Random(): null&#xD;
&#xD;
2019-08-27 18:01:21 - [TEST_STEP][PASSED] - compareHighestValueFsaDeathVsAddccMin = 6250000: null&#xD;
&#xD;
2019-08-27 18:01:21 - [TEST_STEP][PASSED] - compareHighestValueFsaDeathVsAddcc = random.nextInt(MAX_VALUE - compareHighestValueFsaDeathVsAddccMin) + compareHighestValueFsaDeathVsAddccMin: null&#xD;
&#xD;
2019-08-27 18:01:21 - [TEST_STEP][PASSED] - println(compareHighestValueFsaDeathVsAddcc): null&#xD;
&#xD;
2019-08-27 18:01:21 - [TEST_STEP][PASSED] - comment("Send request"): Send request&#xD;
&#xD;
2019-08-27 18:01:21 - [MESSAGE][INFO] - Send request&#xD;
&#xD;
2019-08-27 18:01:21 - [TEST_STEP][PASSED] - response = sendRequest(findTestObject("AlterationScoringRuleApps/Financial Non Employee/Non Ultimate/Object Request", ["transactionType":transactionType, "role":role, "increasingFsaFlag":increasingFsaFlag, "pecFlag":pecFlag, "occupationCode":occupationCode, ... ])): Send request successfully&#xD;
&#xD;
2019-08-27 18:01:21 - [MESSAGE][INFO] - HAR: C:\SURYAPURBA\PHS\PHS-BRMS\Reports\FinancialNonEmployee_NonUltimate\20190827_180114\requests\main\4.har&#xD;
&#xD;
2019-08-27 18:01:21 - [MESSAGE][PASSED] - Send request successfully&#xD;
&#xD;
2019-08-27 18:01:21 - [TEST_STEP][PASSED] - slurper = new groovy.json.JsonSlurper(): null&#xD;
&#xD;
2019-08-27 18:01:21 - [TEST_STEP][PASSED] - parseResponse = slurper.parseText(response.getResponseText()): null&#xD;
&#xD;
2019-08-27 18:01:21 - [TEST_STEP][PASSED] - println(parseResponse): null&#xD;
&#xD;
2019-08-27 18:01:21 - [TEST_STEP][PASSED] - attributes = evidenceCode: null&#xD;
&#xD;
2019-08-27 18:01:21 - [TEST_STEP][PASSED] - println(attributes): null&#xD;
&#xD;
2019-08-27 18:01:21 - [TEST_STEP][PASSED] - expected = description == "Butuh LSAR, ABR, BSM, RoC, RNA, Bukti Aset, F2F meeting": null&#xD;
&#xD;
2019-08-27 18:01:21 - [TEST_STEP][PASSED] - comment("Verify evidence code is FE6 and have description "Butuh LSAR, ABR, BSM, RoC, RNA, Bukti Aset, F2F meeting""): Verify evidence code is FE6 and have description "Butuh LSAR, ABR, BSM, RoC, RNA, Bukti Aset, F2F meeting"&#xD;
&#xD;
2019-08-27 18:01:22 - [MESSAGE][INFO] - Verify evidence code is FE6 and have description "Butuh LSAR, ABR, BSM, RoC, RNA, Bukti Aset, F2F meeting"&#xD;
&#xD;
2019-08-27 18:01:22 - [TEST_STEP][PASSED] - verifyEqual(expected, true): Actual object 'true' and expected object 'true' are equal&#xD;
&#xD;
2019-08-27 18:01:22 - [MESSAGE][PASSED] - Actual object 'true' and expected object 'true' are equal&#xD;
&#xD;
2019-08-27 18:01:22 - [TEST_STEP][PASSED] - comment("Verify response status code"): Verify response status code&#xD;
&#xD;
2019-08-27 18:01:22 - [MESSAGE][INFO] - Verify response status code&#xD;
&#xD;
2019-08-27 18:01:22 - [TEST_STEP][PASSED] - verifyResponseStatusCode(response, 200): Verify response status code successfully&#xD;
&#xD;
2019-08-27 18:01:22 - [MESSAGE][PASSED] - Verify response status code successfully&#xD;
&#xD;
2019-08-27 18:01:22 - [TEST_STEP][PASSED] - Start listener action : sampleAfterTestCase: null</system-out>
            <system-err></system-err>
        </testcase>
        <testcase name="Test Cases/AlterationScoringRuleApps/Financial Non Employee/Non Ultimate/FE6/TC-1 USD FE6" classname="Test Cases/AlterationScoringRuleApps/Financial Non Employee/Non Ultimate/FE6/TC-1 USD FE6" status="PASSED">
            <system-out>2019-08-27 18:01:22 - [TEST_CASE][PASSED] - Test Cases/AlterationScoringRuleApps/Financial Non Employee/Non Ultimate/FE6/TC-1 USD FE6: Test Cases/AlterationScoringRuleApps/Financial Non Employee/Non Ultimate/FE6/TC-1 USD FE6&#xD;
&#xD;
2019-08-27 18:01:22 - [TEST_STEP][PASSED] - random = new java.util.Random(): null&#xD;
&#xD;
2019-08-27 18:01:22 - [TEST_STEP][PASSED] - compareHighestValueFsaDeathVsAddccMin = 6250000: null&#xD;
&#xD;
2019-08-27 18:01:22 - [TEST_STEP][PASSED] - compareHighestValueFsaDeathVsAddcc = random.nextInt(MAX_VALUE - compareHighestValueFsaDeathVsAddccMin) + compareHighestValueFsaDeathVsAddccMin: null&#xD;
&#xD;
2019-08-27 18:01:22 - [TEST_STEP][PASSED] - println(compareHighestValueFsaDeathVsAddcc): null&#xD;
&#xD;
2019-08-27 18:01:22 - [TEST_STEP][PASSED] - comment("Send request"): Send request&#xD;
&#xD;
2019-08-27 18:01:22 - [MESSAGE][INFO] - Send request&#xD;
&#xD;
2019-08-27 18:01:22 - [TEST_STEP][PASSED] - response = sendRequest(findTestObject("AlterationScoringRuleApps/Financial Non Employee/Non Ultimate/Object Request", ["transactionType":transactionType, "role":role, "increasingFsaFlag":increasingFsaFlag, "pecFlag":pecFlag, "occupationCode":occupationCode, ... ])): Send request successfully&#xD;
&#xD;
2019-08-27 18:01:22 - [MESSAGE][INFO] - HAR: C:\SURYAPURBA\PHS\PHS-BRMS\Reports\FinancialNonEmployee_NonUltimate\20190827_180114\requests\main\5.har&#xD;
&#xD;
2019-08-27 18:01:22 - [MESSAGE][PASSED] - Send request successfully&#xD;
&#xD;
2019-08-27 18:01:22 - [TEST_STEP][PASSED] - slurper = new groovy.json.JsonSlurper(): null&#xD;
&#xD;
2019-08-27 18:01:22 - [TEST_STEP][PASSED] - parseResponse = slurper.parseText(response.getResponseText()): null&#xD;
&#xD;
2019-08-27 18:01:22 - [TEST_STEP][PASSED] - println(parseResponse): null&#xD;
&#xD;
2019-08-27 18:01:22 - [TEST_STEP][PASSED] - attributes = evidenceCode: null&#xD;
&#xD;
2019-08-27 18:01:22 - [TEST_STEP][PASSED] - println(attributes): null&#xD;
&#xD;
2019-08-27 18:01:22 - [TEST_STEP][PASSED] - expected = description == "Butuh LSAR, ABR, BSM, RoC, RNA, Bukti Aset, F2F meeting": null&#xD;
&#xD;
2019-08-27 18:01:22 - [TEST_STEP][PASSED] - comment("Verify evidence code is FE6 and have description "Butuh LSAR, ABR, BSM, RoC, RNA, Bukti Aset, F2F meeting""): Verify evidence code is FE6 and have description "Butuh LSAR, ABR, BSM, RoC, RNA, Bukti Aset, F2F meeting"&#xD;
&#xD;
2019-08-27 18:01:22 - [MESSAGE][INFO] - Verify evidence code is FE6 and have description "Butuh LSAR, ABR, BSM, RoC, RNA, Bukti Aset, F2F meeting"&#xD;
&#xD;
2019-08-27 18:01:22 - [TEST_STEP][PASSED] - verifyEqual(expected, true): Actual object 'true' and expected object 'true' are equal&#xD;
&#xD;
2019-08-27 18:01:22 - [MESSAGE][PASSED] - Actual object 'true' and expected object 'true' are equal&#xD;
&#xD;
2019-08-27 18:01:22 - [TEST_STEP][PASSED] - comment("Verify response status code"): Verify response status code&#xD;
&#xD;
2019-08-27 18:01:22 - [MESSAGE][INFO] - Verify response status code&#xD;
&#xD;
2019-08-27 18:01:22 - [TEST_STEP][PASSED] - verifyResponseStatusCode(response, 200): Verify response status code successfully&#xD;
&#xD;
2019-08-27 18:01:22 - [MESSAGE][PASSED] - Verify response status code successfully&#xD;
&#xD;
2019-08-27 18:01:22 - [TEST_STEP][PASSED] - Start listener action : sampleAfterTestCase: null</system-out>
            <system-err></system-err>
        </testcase>
        <testcase name="Test Cases/AlterationScoringRuleApps/Financial Non Employee/Non Ultimate/FE6/TC-1 USD FE6" classname="Test Cases/AlterationScoringRuleApps/Financial Non Employee/Non Ultimate/FE6/TC-1 USD FE6" status="PASSED">
            <system-out>2019-08-27 18:01:22 - [TEST_CASE][PASSED] - Test Cases/AlterationScoringRuleApps/Financial Non Employee/Non Ultimate/FE6/TC-1 USD FE6: Test Cases/AlterationScoringRuleApps/Financial Non Employee/Non Ultimate/FE6/TC-1 USD FE6&#xD;
&#xD;
2019-08-27 18:01:22 - [TEST_STEP][PASSED] - random = new java.util.Random(): null&#xD;
&#xD;
2019-08-27 18:01:22 - [TEST_STEP][PASSED] - compareHighestValueFsaDeathVsAddccMin = 6250000: null&#xD;
&#xD;
2019-08-27 18:01:22 - [TEST_STEP][PASSED] - compareHighestValueFsaDeathVsAddcc = random.nextInt(MAX_VALUE - compareHighestValueFsaDeathVsAddccMin) + compareHighestValueFsaDeathVsAddccMin: null&#xD;
&#xD;
2019-08-27 18:01:22 - [TEST_STEP][PASSED] - println(compareHighestValueFsaDeathVsAddcc): null&#xD;
&#xD;
2019-08-27 18:01:22 - [TEST_STEP][PASSED] - comment("Send request"): Send request&#xD;
&#xD;
2019-08-27 18:01:22 - [MESSAGE][INFO] - Send request&#xD;
&#xD;
2019-08-27 18:01:22 - [TEST_STEP][PASSED] - response = sendRequest(findTestObject("AlterationScoringRuleApps/Financial Non Employee/Non Ultimate/Object Request", ["transactionType":transactionType, "role":role, "increasingFsaFlag":increasingFsaFlag, "pecFlag":pecFlag, "occupationCode":occupationCode, ... ])): Send request successfully&#xD;
&#xD;
2019-08-27 18:01:22 - [MESSAGE][INFO] - HAR: C:\SURYAPURBA\PHS\PHS-BRMS\Reports\FinancialNonEmployee_NonUltimate\20190827_180114\requests\main\6.har&#xD;
&#xD;
2019-08-27 18:01:22 - [MESSAGE][PASSED] - Send request successfully&#xD;
&#xD;
2019-08-27 18:01:22 - [TEST_STEP][PASSED] - slurper = new groovy.json.JsonSlurper(): null&#xD;
&#xD;
2019-08-27 18:01:22 - [TEST_STEP][PASSED] - parseResponse = slurper.parseText(response.getResponseText()): null&#xD;
&#xD;
2019-08-27 18:01:22 - [TEST_STEP][PASSED] - println(parseResponse): null&#xD;
&#xD;
2019-08-27 18:01:22 - [TEST_STEP][PASSED] - attributes = evidenceCode: null&#xD;
&#xD;
2019-08-27 18:01:22 - [TEST_STEP][PASSED] - println(attributes): null&#xD;
&#xD;
2019-08-27 18:01:23 - [TEST_STEP][PASSED] - expected = description == "Butuh LSAR, ABR, BSM, RoC, RNA, Bukti Aset, F2F meeting": null&#xD;
&#xD;
2019-08-27 18:01:23 - [TEST_STEP][PASSED] - comment("Verify evidence code is FE6 and have description "Butuh LSAR, ABR, BSM, RoC, RNA, Bukti Aset, F2F meeting""): Verify evidence code is FE6 and have description "Butuh LSAR, ABR, BSM, RoC, RNA, Bukti Aset, F2F meeting"&#xD;
&#xD;
2019-08-27 18:01:23 - [MESSAGE][INFO] - Verify evidence code is FE6 and have description "Butuh LSAR, ABR, BSM, RoC, RNA, Bukti Aset, F2F meeting"&#xD;
&#xD;
2019-08-27 18:01:23 - [TEST_STEP][PASSED] - verifyEqual(expected, true): Actual object 'true' and expected object 'true' are equal&#xD;
&#xD;
2019-08-27 18:01:23 - [MESSAGE][PASSED] - Actual object 'true' and expected object 'true' are equal&#xD;
&#xD;
2019-08-27 18:01:23 - [TEST_STEP][PASSED] - comment("Verify response status code"): Verify response status code&#xD;
&#xD;
2019-08-27 18:01:23 - [MESSAGE][INFO] - Verify response status code&#xD;
&#xD;
2019-08-27 18:01:23 - [TEST_STEP][PASSED] - verifyResponseStatusCode(response, 200): Verify response status code successfully&#xD;
&#xD;
2019-08-27 18:01:23 - [MESSAGE][PASSED] - Verify response status code successfully&#xD;
&#xD;
2019-08-27 18:01:23 - [TEST_STEP][PASSED] - Start listener action : sampleAfterTestCase: null</system-out>
            <system-err></system-err>
        </testcase>
        <testcase name="Test Cases/AlterationScoringRuleApps/Financial Non Employee/Non Ultimate/FE6/TC-1 USD FE6" classname="Test Cases/AlterationScoringRuleApps/Financial Non Employee/Non Ultimate/FE6/TC-1 USD FE6" status="PASSED">
            <system-out>2019-08-27 18:01:23 - [TEST_CASE][PASSED] - Test Cases/AlterationScoringRuleApps/Financial Non Employee/Non Ultimate/FE6/TC-1 USD FE6: Test Cases/AlterationScoringRuleApps/Financial Non Employee/Non Ultimate/FE6/TC-1 USD FE6&#xD;
&#xD;
2019-08-27 18:01:23 - [TEST_STEP][PASSED] - random = new java.util.Random(): null&#xD;
&#xD;
2019-08-27 18:01:23 - [TEST_STEP][PASSED] - compareHighestValueFsaDeathVsAddccMin = 6250000: null&#xD;
&#xD;
2019-08-27 18:01:23 - [TEST_STEP][PASSED] - compareHighestValueFsaDeathVsAddcc = random.nextInt(MAX_VALUE - compareHighestValueFsaDeathVsAddccMin) + compareHighestValueFsaDeathVsAddccMin: null&#xD;
&#xD;
2019-08-27 18:01:23 - [TEST_STEP][PASSED] - println(compareHighestValueFsaDeathVsAddcc): null&#xD;
&#xD;
2019-08-27 18:01:23 - [TEST_STEP][PASSED] - comment("Send request"): Send request&#xD;
&#xD;
2019-08-27 18:01:23 - [MESSAGE][INFO] - Send request&#xD;
&#xD;
2019-08-27 18:01:23 - [TEST_STEP][PASSED] - response = sendRequest(findTestObject("AlterationScoringRuleApps/Financial Non Employee/Non Ultimate/Object Request", ["transactionType":transactionType, "role":role, "increasingFsaFlag":increasingFsaFlag, "pecFlag":pecFlag, "occupationCode":occupationCode, ... ])): Send request successfully&#xD;
&#xD;
2019-08-27 18:01:23 - [MESSAGE][INFO] - HAR: C:\SURYAPURBA\PHS\PHS-BRMS\Reports\FinancialNonEmployee_NonUltimate\20190827_180114\requests\main\7.har&#xD;
&#xD;
2019-08-27 18:01:23 - [MESSAGE][PASSED] - Send request successfully&#xD;
&#xD;
2019-08-27 18:01:23 - [TEST_STEP][PASSED] - slurper = new groovy.json.JsonSlurper(): null&#xD;
&#xD;
2019-08-27 18:01:23 - [TEST_STEP][PASSED] - parseResponse = slurper.parseText(response.getResponseText()): null&#xD;
&#xD;
2019-08-27 18:01:23 - [TEST_STEP][PASSED] - println(parseResponse): null&#xD;
&#xD;
2019-08-27 18:01:23 - [TEST_STEP][PASSED] - attributes = evidenceCode: null&#xD;
&#xD;
2019-08-27 18:01:23 - [TEST_STEP][PASSED] - println(attributes): null&#xD;
&#xD;
2019-08-27 18:01:23 - [TEST_STEP][PASSED] - expected = description == "Butuh LSAR, ABR, BSM, RoC, RNA, Bukti Aset, F2F meeting": null&#xD;
&#xD;
2019-08-27 18:01:23 - [TEST_STEP][PASSED] - comment("Verify evidence code is FE6 and have description "Butuh LSAR, ABR, BSM, RoC, RNA, Bukti Aset, F2F meeting""): Verify evidence code is FE6 and have description "Butuh LSAR, ABR, BSM, RoC, RNA, Bukti Aset, F2F meeting"&#xD;
&#xD;
2019-08-27 18:01:23 - [MESSAGE][INFO] - Verify evidence code is FE6 and have description "Butuh LSAR, ABR, BSM, RoC, RNA, Bukti Aset, F2F meeting"&#xD;
&#xD;
2019-08-27 18:01:23 - [TEST_STEP][PASSED] - verifyEqual(expected, true): Actual object 'true' and expected object 'true' are equal&#xD;
&#xD;
2019-08-27 18:01:23 - [MESSAGE][PASSED] - Actual object 'true' and expected object 'true' are equal&#xD;
&#xD;
2019-08-27 18:01:23 - [TEST_STEP][PASSED] - comment("Verify response status code"): Verify response status code&#xD;
&#xD;
2019-08-27 18:01:23 - [MESSAGE][INFO] - Verify response status code&#xD;
&#xD;
2019-08-27 18:01:23 - [TEST_STEP][PASSED] - verifyResponseStatusCode(response, 200): Verify response status code successfully&#xD;
&#xD;
2019-08-27 18:01:23 - [MESSAGE][PASSED] - Verify response status code successfully&#xD;
&#xD;
2019-08-27 18:01:23 - [TEST_STEP][PASSED] - Start listener action : sampleAfterTestCase: null</system-out>
            <system-err></system-err>
        </testcase>
        <testcase name="Test Cases/AlterationScoringRuleApps/Financial Non Employee/Non Ultimate/FE6/TC-1 USD FE6" classname="Test Cases/AlterationScoringRuleApps/Financial Non Employee/Non Ultimate/FE6/TC-1 USD FE6" status="PASSED">
            <system-out>2019-08-27 18:01:23 - [TEST_CASE][PASSED] - Test Cases/AlterationScoringRuleApps/Financial Non Employee/Non Ultimate/FE6/TC-1 USD FE6: Test Cases/AlterationScoringRuleApps/Financial Non Employee/Non Ultimate/FE6/TC-1 USD FE6&#xD;
&#xD;
2019-08-27 18:01:23 - [TEST_STEP][PASSED] - random = new java.util.Random(): null&#xD;
&#xD;
2019-08-27 18:01:23 - [TEST_STEP][PASSED] - compareHighestValueFsaDeathVsAddccMin = 6250000: null&#xD;
&#xD;
2019-08-27 18:01:23 - [TEST_STEP][PASSED] - compareHighestValueFsaDeathVsAddcc = random.nextInt(MAX_VALUE - compareHighestValueFsaDeathVsAddccMin) + compareHighestValueFsaDeathVsAddccMin: null&#xD;
&#xD;
2019-08-27 18:01:24 - [TEST_STEP][PASSED] - println(compareHighestValueFsaDeathVsAddcc): null&#xD;
&#xD;
2019-08-27 18:01:24 - [TEST_STEP][PASSED] - comment("Send request"): Send request&#xD;
&#xD;
2019-08-27 18:01:24 - [MESSAGE][INFO] - Send request&#xD;
&#xD;
2019-08-27 18:01:24 - [TEST_STEP][PASSED] - response = sendRequest(findTestObject("AlterationScoringRuleApps/Financial Non Employee/Non Ultimate/Object Request", ["transactionType":transactionType, "role":role, "increasingFsaFlag":increasingFsaFlag, "pecFlag":pecFlag, "occupationCode":occupationCode, ... ])): Send request successfully&#xD;
&#xD;
2019-08-27 18:01:24 - [MESSAGE][INFO] - HAR: C:\SURYAPURBA\PHS\PHS-BRMS\Reports\FinancialNonEmployee_NonUltimate\20190827_180114\requests\main\8.har&#xD;
&#xD;
2019-08-27 18:01:24 - [MESSAGE][PASSED] - Send request successfully&#xD;
&#xD;
2019-08-27 18:01:24 - [TEST_STEP][PASSED] - slurper = new groovy.json.JsonSlurper(): null&#xD;
&#xD;
2019-08-27 18:01:24 - [TEST_STEP][PASSED] - parseResponse = slurper.parseText(response.getResponseText()): null&#xD;
&#xD;
2019-08-27 18:01:24 - [TEST_STEP][PASSED] - println(parseResponse): null&#xD;
&#xD;
2019-08-27 18:01:24 - [TEST_STEP][PASSED] - attributes = evidenceCode: null&#xD;
&#xD;
2019-08-27 18:01:24 - [TEST_STEP][PASSED] - println(attributes): null&#xD;
&#xD;
2019-08-27 18:01:24 - [TEST_STEP][PASSED] - expected = description == "Butuh LSAR, ABR, BSM, RoC, RNA, Bukti Aset, F2F meeting": null&#xD;
&#xD;
2019-08-27 18:01:24 - [TEST_STEP][PASSED] - comment("Verify evidence code is FE6 and have description "Butuh LSAR, ABR, BSM, RoC, RNA, Bukti Aset, F2F meeting""): Verify evidence code is FE6 and have description "Butuh LSAR, ABR, BSM, RoC, RNA, Bukti Aset, F2F meeting"&#xD;
&#xD;
2019-08-27 18:01:24 - [MESSAGE][INFO] - Verify evidence code is FE6 and have description "Butuh LSAR, ABR, BSM, RoC, RNA, Bukti Aset, F2F meeting"&#xD;
&#xD;
2019-08-27 18:01:24 - [TEST_STEP][PASSED] - verifyEqual(expected, true): Actual object 'true' and expected object 'true' are equal&#xD;
&#xD;
2019-08-27 18:01:24 - [MESSAGE][PASSED] - Actual object 'true' and expected object 'true' are equal&#xD;
&#xD;
2019-08-27 18:01:24 - [TEST_STEP][PASSED] - comment("Verify response status code"): Verify response status code&#xD;
&#xD;
2019-08-27 18:01:24 - [MESSAGE][INFO] - Verify response status code&#xD;
&#xD;
2019-08-27 18:01:24 - [TEST_STEP][PASSED] - verifyResponseStatusCode(response, 200): Verify response status code successfully&#xD;
&#xD;
2019-08-27 18:01:24 - [MESSAGE][PASSED] - Verify response status code successfully&#xD;
&#xD;
2019-08-27 18:01:24 - [TEST_STEP][PASSED] - Start listener action : sampleAfterTestCase: null</system-out>
            <system-err></system-err>
        </testcase>
        <testcase name="Test Cases/AlterationScoringRuleApps/Financial Non Employee/Non Ultimate/FE6/TC-1 USD FE6" classname="Test Cases/AlterationScoringRuleApps/Financial Non Employee/Non Ultimate/FE6/TC-1 USD FE6" status="PASSED">
            <system-out>2019-08-27 18:01:24 - [TEST_CASE][PASSED] - Test Cases/AlterationScoringRuleApps/Financial Non Employee/Non Ultimate/FE6/TC-1 USD FE6: Test Cases/AlterationScoringRuleApps/Financial Non Employee/Non Ultimate/FE6/TC-1 USD FE6&#xD;
&#xD;
2019-08-27 18:01:24 - [TEST_STEP][PASSED] - random = new java.util.Random(): null&#xD;
&#xD;
2019-08-27 18:01:24 - [TEST_STEP][PASSED] - compareHighestValueFsaDeathVsAddccMin = 6250000: null&#xD;
&#xD;
2019-08-27 18:01:24 - [TEST_STEP][PASSED] - compareHighestValueFsaDeathVsAddcc = random.nextInt(MAX_VALUE - compareHighestValueFsaDeathVsAddccMin) + compareHighestValueFsaDeathVsAddccMin: null&#xD;
&#xD;
2019-08-27 18:01:24 - [TEST_STEP][PASSED] - println(compareHighestValueFsaDeathVsAddcc): null&#xD;
&#xD;
2019-08-27 18:01:24 - [TEST_STEP][PASSED] - comment("Send request"): Send request&#xD;
&#xD;
2019-08-27 18:01:24 - [MESSAGE][INFO] - Send request&#xD;
&#xD;
2019-08-27 18:01:24 - [TEST_STEP][PASSED] - response = sendRequest(findTestObject("AlterationScoringRuleApps/Financial Non Employee/Non Ultimate/Object Request", ["transactionType":transactionType, "role":role, "increasingFsaFlag":increasingFsaFlag, "pecFlag":pecFlag, "occupationCode":occupationCode, ... ])): Send request successfully&#xD;
&#xD;
2019-08-27 18:01:24 - [MESSAGE][INFO] - HAR: C:\SURYAPURBA\PHS\PHS-BRMS\Reports\FinancialNonEmployee_NonUltimate\20190827_180114\requests\main\9.har&#xD;
&#xD;
2019-08-27 18:01:24 - [MESSAGE][PASSED] - Send request successfully&#xD;
&#xD;
2019-08-27 18:01:24 - [TEST_STEP][PASSED] - slurper = new groovy.json.JsonSlurper(): null&#xD;
&#xD;
2019-08-27 18:01:24 - [TEST_STEP][PASSED] - parseResponse = slurper.parseText(response.getResponseText()): null&#xD;
&#xD;
2019-08-27 18:01:24 - [TEST_STEP][PASSED] - println(parseResponse): null&#xD;
&#xD;
2019-08-27 18:01:24 - [TEST_STEP][PASSED] - attributes = evidenceCode: null&#xD;
&#xD;
2019-08-27 18:01:24 - [TEST_STEP][PASSED] - println(attributes): null&#xD;
&#xD;
2019-08-27 18:01:24 - [TEST_STEP][PASSED] - expected = description == "Butuh LSAR, ABR, BSM, RoC, RNA, Bukti Aset, F2F meeting": null&#xD;
&#xD;
2019-08-27 18:01:24 - [TEST_STEP][PASSED] - comment("Verify evidence code is FE6 and have description "Butuh LSAR, ABR, BSM, RoC, RNA, Bukti Aset, F2F meeting""): Verify evidence code is FE6 and have description "Butuh LSAR, ABR, BSM, RoC, RNA, Bukti Aset, F2F meeting"&#xD;
&#xD;
2019-08-27 18:01:24 - [MESSAGE][INFO] - Verify evidence code is FE6 and have description "Butuh LSAR, ABR, BSM, RoC, RNA, Bukti Aset, F2F meeting"&#xD;
&#xD;
2019-08-27 18:01:24 - [TEST_STEP][PASSED] - verifyEqual(expected, true): Actual object 'true' and expected object 'true' are equal&#xD;
&#xD;
2019-08-27 18:01:24 - [MESSAGE][PASSED] - Actual object 'true' and expected object 'true' are equal&#xD;
&#xD;
2019-08-27 18:01:25 - [TEST_STEP][PASSED] - comment("Verify response status code"): Verify response status code&#xD;
&#xD;
2019-08-27 18:01:25 - [MESSAGE][INFO] - Verify response status code&#xD;
&#xD;
2019-08-27 18:01:25 - [TEST_STEP][PASSED] - verifyResponseStatusCode(response, 200): Verify response status code successfully&#xD;
&#xD;
2019-08-27 18:01:25 - [MESSAGE][PASSED] - Verify response status code successfully&#xD;
&#xD;
2019-08-27 18:01:25 - [TEST_STEP][PASSED] - Start listener action : sampleAfterTestCase: null</system-out>
            <system-err></system-err>
        </testcase>
        <testcase name="Test Cases/AlterationScoringRuleApps/Financial Non Employee/Non Ultimate/FE6/TC-1 USD FE6" classname="Test Cases/AlterationScoringRuleApps/Financial Non Employee/Non Ultimate/FE6/TC-1 USD FE6" status="PASSED">
            <system-out>2019-08-27 18:01:25 - [TEST_CASE][PASSED] - Test Cases/AlterationScoringRuleApps/Financial Non Employee/Non Ultimate/FE6/TC-1 USD FE6: Test Cases/AlterationScoringRuleApps/Financial Non Employee/Non Ultimate/FE6/TC-1 USD FE6&#xD;
&#xD;
2019-08-27 18:01:25 - [TEST_STEP][PASSED] - random = new java.util.Random(): null&#xD;
&#xD;
2019-08-27 18:01:25 - [TEST_STEP][PASSED] - compareHighestValueFsaDeathVsAddccMin = 6250000: null&#xD;
&#xD;
2019-08-27 18:01:25 - [TEST_STEP][PASSED] - compareHighestValueFsaDeathVsAddcc = random.nextInt(MAX_VALUE - compareHighestValueFsaDeathVsAddccMin) + compareHighestValueFsaDeathVsAddccMin: null&#xD;
&#xD;
2019-08-27 18:01:25 - [TEST_STEP][PASSED] - println(compareHighestValueFsaDeathVsAddcc): null&#xD;
&#xD;
2019-08-27 18:01:25 - [TEST_STEP][PASSED] - comment("Send request"): Send request&#xD;
&#xD;
2019-08-27 18:01:25 - [MESSAGE][INFO] - Send request&#xD;
&#xD;
2019-08-27 18:01:25 - [TEST_STEP][PASSED] - response = sendRequest(findTestObject("AlterationScoringRuleApps/Financial Non Employee/Non Ultimate/Object Request", ["transactionType":transactionType, "role":role, "increasingFsaFlag":increasingFsaFlag, "pecFlag":pecFlag, "occupationCode":occupationCode, ... ])): Send request successfully&#xD;
&#xD;
2019-08-27 18:01:25 - [MESSAGE][INFO] - HAR: C:\SURYAPURBA\PHS\PHS-BRMS\Reports\FinancialNonEmployee_NonUltimate\20190827_180114\requests\main\10.har&#xD;
&#xD;
2019-08-27 18:01:25 - [MESSAGE][PASSED] - Send request successfully&#xD;
&#xD;
2019-08-27 18:01:25 - [TEST_STEP][PASSED] - slurper = new groovy.json.JsonSlurper(): null&#xD;
&#xD;
2019-08-27 18:01:25 - [TEST_STEP][PASSED] - parseResponse = slurper.parseText(response.getResponseText()): null&#xD;
&#xD;
2019-08-27 18:01:25 - [TEST_STEP][PASSED] - println(parseResponse): null&#xD;
&#xD;
2019-08-27 18:01:25 - [TEST_STEP][PASSED] - attributes = evidenceCode: null&#xD;
&#xD;
2019-08-27 18:01:25 - [TEST_STEP][PASSED] - println(attributes): null&#xD;
&#xD;
2019-08-27 18:01:25 - [TEST_STEP][PASSED] - expected = description == "Butuh LSAR, ABR, BSM, RoC, RNA, Bukti Aset, F2F meeting": null&#xD;
&#xD;
2019-08-27 18:01:25 - [TEST_STEP][PASSED] - comment("Verify evidence code is FE6 and have description "Butuh LSAR, ABR, BSM, RoC, RNA, Bukti Aset, F2F meeting""): Verify evidence code is FE6 and have description "Butuh LSAR, ABR, BSM, RoC, RNA, Bukti Aset, F2F meeting"&#xD;
&#xD;
2019-08-27 18:01:25 - [MESSAGE][INFO] - Verify evidence code is FE6 and have description "Butuh LSAR, ABR, BSM, RoC, RNA, Bukti Aset, F2F meeting"&#xD;
&#xD;
2019-08-27 18:01:25 - [TEST_STEP][PASSED] - verifyEqual(expected, true): Actual object 'true' and expected object 'true' are equal&#xD;
&#xD;
2019-08-27 18:01:25 - [MESSAGE][PASSED] - Actual object 'true' and expected object 'true' are equal&#xD;
&#xD;
2019-08-27 18:01:25 - [TEST_STEP][PASSED] - comment("Verify response status code"): Verify response status code&#xD;
&#xD;
2019-08-27 18:01:25 - [MESSAGE][INFO] - Verify response status code&#xD;
&#xD;
2019-08-27 18:01:25 - [TEST_STEP][PASSED] - verifyResponseStatusCode(response, 200): Verify response status code successfully&#xD;
&#xD;
2019-08-27 18:01:25 - [MESSAGE][PASSED] - Verify response status code successfully&#xD;
&#xD;
2019-08-27 18:01:25 - [TEST_STEP][PASSED] - Start listener action : sampleAfterTestCase: null</system-out>
            <system-err></system-err>
        </testcase>
        <testcase name="Test Cases/AlterationScoringRuleApps/Financial Non Employee/Non Ultimate/FE6/TC-1 USD FE6" classname="Test Cases/AlterationScoringRuleApps/Financial Non Employee/Non Ultimate/FE6/TC-1 USD FE6" status="PASSED">
            <system-out>2019-08-27 18:01:25 - [TEST_CASE][PASSED] - Test Cases/AlterationScoringRuleApps/Financial Non Employee/Non Ultimate/FE6/TC-1 USD FE6: Test Cases/AlterationScoringRuleApps/Financial Non Employee/Non Ultimate/FE6/TC-1 USD FE6&#xD;
&#xD;
2019-08-27 18:01:25 - [TEST_STEP][PASSED] - random = new java.util.Random(): null&#xD;
&#xD;
2019-08-27 18:01:25 - [TEST_STEP][PASSED] - compareHighestValueFsaDeathVsAddccMin = 6250000: null&#xD;
&#xD;
2019-08-27 18:01:25 - [TEST_STEP][PASSED] - compareHighestValueFsaDeathVsAddcc = random.nextInt(MAX_VALUE - compareHighestValueFsaDeathVsAddccMin) + compareHighestValueFsaDeathVsAddccMin: null&#xD;
&#xD;
2019-08-27 18:01:25 - [TEST_STEP][PASSED] - println(compareHighestValueFsaDeathVsAddcc): null&#xD;
&#xD;
2019-08-27 18:01:25 - [TEST_STEP][PASSED] - comment("Send request"): Send request&#xD;
&#xD;
2019-08-27 18:01:25 - [MESSAGE][INFO] - Send request&#xD;
&#xD;
2019-08-27 18:01:25 - [TEST_STEP][PASSED] - response = sendRequest(findTestObject("AlterationScoringRuleApps/Financial Non Employee/Non Ultimate/Object Request", ["transactionType":transactionType, "role":role, "increasingFsaFlag":increasingFsaFlag, "pecFlag":pecFlag, "occupationCode":occupationCode, ... ])): Send request successfully&#xD;
&#xD;
2019-08-27 18:01:25 - [MESSAGE][INFO] - HAR: C:\SURYAPURBA\PHS\PHS-BRMS\Reports\FinancialNonEmployee_NonUltimate\20190827_180114\requests\main\11.har&#xD;
&#xD;
2019-08-27 18:01:26 - [MESSAGE][PASSED] - Send request successfully&#xD;
&#xD;
2019-08-27 18:01:26 - [TEST_STEP][PASSED] - slurper = new groovy.json.JsonSlurper(): null&#xD;
&#xD;
2019-08-27 18:01:26 - [TEST_STEP][PASSED] - parseResponse = slurper.parseText(response.getResponseText()): null&#xD;
&#xD;
2019-08-27 18:01:26 - [TEST_STEP][PASSED] - println(parseResponse): null&#xD;
&#xD;
2019-08-27 18:01:26 - [TEST_STEP][PASSED] - attributes = evidenceCode: null&#xD;
&#xD;
2019-08-27 18:01:26 - [TEST_STEP][PASSED] - println(attributes): null&#xD;
&#xD;
2019-08-27 18:01:26 - [TEST_STEP][PASSED] - expected = description == "Butuh LSAR, ABR, BSM, RoC, RNA, Bukti Aset, F2F meeting": null&#xD;
&#xD;
2019-08-27 18:01:26 - [TEST_STEP][PASSED] - comment("Verify evidence code is FE6 and have description "Butuh LSAR, ABR, BSM, RoC, RNA, Bukti Aset, F2F meeting""): Verify evidence code is FE6 and have description "Butuh LSAR, ABR, BSM, RoC, RNA, Bukti Aset, F2F meeting"&#xD;
&#xD;
2019-08-27 18:01:26 - [MESSAGE][INFO] - Verify evidence code is FE6 and have description "Butuh LSAR, ABR, BSM, RoC, RNA, Bukti Aset, F2F meeting"&#xD;
&#xD;
2019-08-27 18:01:26 - [TEST_STEP][PASSED] - verifyEqual(expected, true): Actual object 'true' and expected object 'true' are equal&#xD;
&#xD;
2019-08-27 18:01:26 - [MESSAGE][PASSED] - Actual object 'true' and expected object 'true' are equal&#xD;
&#xD;
2019-08-27 18:01:26 - [TEST_STEP][PASSED] - comment("Verify response status code"): Verify response status code&#xD;
&#xD;
2019-08-27 18:01:26 - [MESSAGE][INFO] - Verify response status code&#xD;
&#xD;
2019-08-27 18:01:26 - [TEST_STEP][PASSED] - verifyResponseStatusCode(response, 200): Verify response status code successfully&#xD;
&#xD;
2019-08-27 18:01:26 - [MESSAGE][PASSED] - Verify response status code successfully&#xD;
&#xD;
2019-08-27 18:01:26 - [TEST_STEP][PASSED] - Start listener action : sampleAfterTestCase: null</system-out>
            <system-err></system-err>
        </testcase>
        <testcase name="Test Cases/AlterationScoringRuleApps/Financial Non Employee/Non Ultimate/FE6/TC-1 USD FE6" classname="Test Cases/AlterationScoringRuleApps/Financial Non Employee/Non Ultimate/FE6/TC-1 USD FE6" status="PASSED">
            <system-out>2019-08-27 18:01:26 - [TEST_CASE][PASSED] - Test Cases/AlterationScoringRuleApps/Financial Non Employee/Non Ultimate/FE6/TC-1 USD FE6: Test Cases/AlterationScoringRuleApps/Financial Non Employee/Non Ultimate/FE6/TC-1 USD FE6&#xD;
&#xD;
2019-08-27 18:01:26 - [TEST_STEP][PASSED] - random = new java.util.Random(): null&#xD;
&#xD;
2019-08-27 18:01:26 - [TEST_STEP][PASSED] - compareHighestValueFsaDeathVsAddccMin = 6250000: null&#xD;
&#xD;
2019-08-27 18:01:26 - [TEST_STEP][PASSED] - compareHighestValueFsaDeathVsAddcc = random.nextInt(MAX_VALUE - compareHighestValueFsaDeathVsAddccMin) + compareHighestValueFsaDeathVsAddccMin: null&#xD;
&#xD;
2019-08-27 18:01:26 - [TEST_STEP][PASSED] - println(compareHighestValueFsaDeathVsAddcc): null&#xD;
&#xD;
2019-08-27 18:01:26 - [TEST_STEP][PASSED] - comment("Send request"): Send request&#xD;
&#xD;
2019-08-27 18:01:26 - [MESSAGE][INFO] - Send request&#xD;
&#xD;
2019-08-27 18:01:26 - [TEST_STEP][PASSED] - response = sendRequest(findTestObject("AlterationScoringRuleApps/Financial Non Employee/Non Ultimate/Object Request", ["transactionType":transactionType, "role":role, "increasingFsaFlag":increasingFsaFlag, "pecFlag":pecFlag, "occupationCode":occupationCode, ... ])): Send request successfully&#xD;
&#xD;
2019-08-27 18:01:26 - [MESSAGE][INFO] - HAR: C:\SURYAPURBA\PHS\PHS-BRMS\Reports\FinancialNonEmployee_NonUltimate\20190827_180114\requests\main\12.har&#xD;
&#xD;
2019-08-27 18:01:26 - [MESSAGE][PASSED] - Send request successfully&#xD;
&#xD;
2019-08-27 18:01:26 - [TEST_STEP][PASSED] - slurper = new groovy.json.JsonSlurper(): null&#xD;
&#xD;
2019-08-27 18:01:26 - [TEST_STEP][PASSED] - parseResponse = slurper.parseText(response.getResponseText()): null&#xD;
&#xD;
2019-08-27 18:01:26 - [TEST_STEP][PASSED] - println(parseResponse): null&#xD;
&#xD;
2019-08-27 18:01:26 - [TEST_STEP][PASSED] - attributes = evidenceCode: null&#xD;
&#xD;
2019-08-27 18:01:26 - [TEST_STEP][PASSED] - println(attributes): null&#xD;
&#xD;
2019-08-27 18:01:26 - [TEST_STEP][PASSED] - expected = description == "Butuh LSAR, ABR, BSM, RoC, RNA, Bukti Aset, F2F meeting": null&#xD;
&#xD;
2019-08-27 18:01:26 - [TEST_STEP][PASSED] - comment("Verify evidence code is FE6 and have description "Butuh LSAR, ABR, BSM, RoC, RNA, Bukti Aset, F2F meeting""): Verify evidence code is FE6 and have description "Butuh LSAR, ABR, BSM, RoC, RNA, Bukti Aset, F2F meeting"&#xD;
&#xD;
2019-08-27 18:01:26 - [MESSAGE][INFO] - Verify evidence code is FE6 and have description "Butuh LSAR, ABR, BSM, RoC, RNA, Bukti Aset, F2F meeting"&#xD;
&#xD;
2019-08-27 18:01:26 - [TEST_STEP][PASSED] - verifyEqual(expected, true): Actual object 'true' and expected object 'true' are equal&#xD;
&#xD;
2019-08-27 18:01:26 - [MESSAGE][PASSED] - Actual object 'true' and expected object 'true' are equal&#xD;
&#xD;
2019-08-27 18:01:26 - [TEST_STEP][PASSED] - comment("Verify response status code"): Verify response status code&#xD;
&#xD;
2019-08-27 18:01:26 - [MESSAGE][INFO] - Verify response status code&#xD;
&#xD;
2019-08-27 18:01:26 - [TEST_STEP][PASSED] - verifyResponseStatusCode(response, 200): Verify response status code successfully&#xD;
&#xD;
2019-08-27 18:01:26 - [MESSAGE][PASSED] - Verify response status code successfully&#xD;
&#xD;
2019-08-27 18:01:26 - [TEST_STEP][PASSED] - Start listener action : sampleAfterTestCase: null</system-out>
            <system-err></system-err>
        </testcase>
        <testcase name="Test Cases/AlterationScoringRuleApps/Financial Non Employee/Non Ultimate/FE6/TC-1 USD FE6" classname="Test Cases/AlterationScoringRuleApps/Financial Non Employee/Non Ultimate/FE6/TC-1 USD FE6" status="PASSED">
            <system-out>2019-08-27 18:01:27 - [TEST_CASE][PASSED] - Test Cases/AlterationScoringRuleApps/Financial Non Employee/Non Ultimate/FE6/TC-1 USD FE6: Test Cases/AlterationScoringRuleApps/Financial Non Employee/Non Ultimate/FE6/TC-1 USD FE6&#xD;
&#xD;
2019-08-27 18:01:27 - [TEST_STEP][PASSED] - random = new java.util.Random(): null&#xD;
&#xD;
2019-08-27 18:01:27 - [TEST_STEP][PASSED] - compareHighestValueFsaDeathVsAddccMin = 6250000: null&#xD;
&#xD;
2019-08-27 18:01:27 - [TEST_STEP][PASSED] - compareHighestValueFsaDeathVsAddcc = random.nextInt(MAX_VALUE - compareHighestValueFsaDeathVsAddccMin) + compareHighestValueFsaDeathVsAddccMin: null&#xD;
&#xD;
2019-08-27 18:01:27 - [TEST_STEP][PASSED] - println(compareHighestValueFsaDeathVsAddcc): null&#xD;
&#xD;
2019-08-27 18:01:27 - [TEST_STEP][PASSED] - comment("Send request"): Send request&#xD;
&#xD;
2019-08-27 18:01:27 - [MESSAGE][INFO] - Send request&#xD;
&#xD;
2019-08-27 18:01:27 - [TEST_STEP][PASSED] - response = sendRequest(findTestObject("AlterationScoringRuleApps/Financial Non Employee/Non Ultimate/Object Request", ["transactionType":transactionType, "role":role, "increasingFsaFlag":increasingFsaFlag, "pecFlag":pecFlag, "occupationCode":occupationCode, ... ])): Send request successfully&#xD;
&#xD;
2019-08-27 18:01:27 - [MESSAGE][INFO] - HAR: C:\SURYAPURBA\PHS\PHS-BRMS\Reports\FinancialNonEmployee_NonUltimate\20190827_180114\requests\main\13.har&#xD;
&#xD;
2019-08-27 18:01:27 - [MESSAGE][PASSED] - Send request successfully&#xD;
&#xD;
2019-08-27 18:01:27 - [TEST_STEP][PASSED] - slurper = new groovy.json.JsonSlurper(): null&#xD;
&#xD;
2019-08-27 18:01:27 - [TEST_STEP][PASSED] - parseResponse = slurper.parseText(response.getResponseText()): null&#xD;
&#xD;
2019-08-27 18:01:27 - [TEST_STEP][PASSED] - println(parseResponse): null&#xD;
&#xD;
2019-08-27 18:01:27 - [TEST_STEP][PASSED] - attributes = evidenceCode: null&#xD;
&#xD;
2019-08-27 18:01:27 - [TEST_STEP][PASSED] - println(attributes): null&#xD;
&#xD;
2019-08-27 18:01:27 - [TEST_STEP][PASSED] - expected = description == "Butuh LSAR, ABR, BSM, RoC, RNA, Bukti Aset, F2F meeting": null&#xD;
&#xD;
2019-08-27 18:01:27 - [TEST_STEP][PASSED] - comment("Verify evidence code is FE6 and have description "Butuh LSAR, ABR, BSM, RoC, RNA, Bukti Aset, F2F meeting""): Verify evidence code is FE6 and have description "Butuh LSAR, ABR, BSM, RoC, RNA, Bukti Aset, F2F meeting"&#xD;
&#xD;
2019-08-27 18:01:27 - [MESSAGE][INFO] - Verify evidence code is FE6 and have description "Butuh LSAR, ABR, BSM, RoC, RNA, Bukti Aset, F2F meeting"&#xD;
&#xD;
2019-08-27 18:01:27 - [TEST_STEP][PASSED] - verifyEqual(expected, true): Actual object 'true' and expected object 'true' are equal&#xD;
&#xD;
2019-08-27 18:01:27 - [MESSAGE][PASSED] - Actual object 'true' and expected object 'true' are equal&#xD;
&#xD;
2019-08-27 18:01:27 - [TEST_STEP][PASSED] - comment("Verify response status code"): Verify response status code&#xD;
&#xD;
2019-08-27 18:01:27 - [MESSAGE][INFO] - Verify response status code&#xD;
&#xD;
2019-08-27 18:01:27 - [TEST_STEP][PASSED] - verifyResponseStatusCode(response, 200): Verify response status code successfully&#xD;
&#xD;
2019-08-27 18:01:27 - [MESSAGE][PASSED] - Verify response status code successfully&#xD;
&#xD;
2019-08-27 18:01:27 - [TEST_STEP][PASSED] - Start listener action : sampleAfterTestCase: null</system-out>
            <system-err></system-err>
        </testcase>
        <testcase name="Test Cases/AlterationScoringRuleApps/Financial Non Employee/Non Ultimate/FE6/TC-1 USD FE6" classname="Test Cases/AlterationScoringRuleApps/Financial Non Employee/Non Ultimate/FE6/TC-1 USD FE6" status="PASSED">
            <system-out>2019-08-27 18:01:27 - [TEST_CASE][PASSED] - Test Cases/AlterationScoringRuleApps/Financial Non Employee/Non Ultimate/FE6/TC-1 USD FE6: Test Cases/AlterationScoringRuleApps/Financial Non Employee/Non Ultimate/FE6/TC-1 USD FE6&#xD;
&#xD;
2019-08-27 18:01:27 - [TEST_STEP][PASSED] - random = new java.util.Random(): null&#xD;
&#xD;
2019-08-27 18:01:27 - [TEST_STEP][PASSED] - compareHighestValueFsaDeathVsAddccMin = 6250000: null&#xD;
&#xD;
2019-08-27 18:01:27 - [TEST_STEP][PASSED] - compareHighestValueFsaDeathVsAddcc = random.nextInt(MAX_VALUE - compareHighestValueFsaDeathVsAddccMin) + compareHighestValueFsaDeathVsAddccMin: null&#xD;
&#xD;
2019-08-27 18:01:27 - [TEST_STEP][PASSED] - println(compareHighestValueFsaDeathVsAddcc): null&#xD;
&#xD;
2019-08-27 18:01:27 - [TEST_STEP][PASSED] - comment("Send request"): Send request&#xD;
&#xD;
2019-08-27 18:01:27 - [MESSAGE][INFO] - Send request&#xD;
&#xD;
2019-08-27 18:01:27 - [TEST_STEP][PASSED] - response = sendRequest(findTestObject("AlterationScoringRuleApps/Financial Non Employee/Non Ultimate/Object Request", ["transactionType":transactionType, "role":role, "increasingFsaFlag":increasingFsaFlag, "pecFlag":pecFlag, "occupationCode":occupationCode, ... ])): Send request successfully&#xD;
&#xD;
2019-08-27 18:01:27 - [MESSAGE][INFO] - HAR: C:\SURYAPURBA\PHS\PHS-BRMS\Reports\FinancialNonEmployee_NonUltimate\20190827_180114\requests\main\14.har&#xD;
&#xD;
2019-08-27 18:01:27 - [MESSAGE][PASSED] - Send request successfully&#xD;
&#xD;
2019-08-27 18:01:27 - [TEST_STEP][PASSED] - slurper = new groovy.json.JsonSlurper(): null&#xD;
&#xD;
2019-08-27 18:01:27 - [TEST_STEP][PASSED] - parseResponse = slurper.parseText(response.getResponseText()): null&#xD;
&#xD;
2019-08-27 18:01:27 - [TEST_STEP][PASSED] - println(parseResponse): null&#xD;
&#xD;
2019-08-27 18:01:28 - [TEST_STEP][PASSED] - attributes = evidenceCode: null&#xD;
&#xD;
2019-08-27 18:01:28 - [TEST_STEP][PASSED] - println(attributes): null&#xD;
&#xD;
2019-08-27 18:01:28 - [TEST_STEP][PASSED] - expected = description == "Butuh LSAR, ABR, BSM, RoC, RNA, Bukti Aset, F2F meeting": null&#xD;
&#xD;
2019-08-27 18:01:28 - [TEST_STEP][PASSED] - comment("Verify evidence code is FE6 and have description "Butuh LSAR, ABR, BSM, RoC, RNA, Bukti Aset, F2F meeting""): Verify evidence code is FE6 and have description "Butuh LSAR, ABR, BSM, RoC, RNA, Bukti Aset, F2F meeting"&#xD;
&#xD;
2019-08-27 18:01:28 - [MESSAGE][INFO] - Verify evidence code is FE6 and have description "Butuh LSAR, ABR, BSM, RoC, RNA, Bukti Aset, F2F meeting"&#xD;
&#xD;
2019-08-27 18:01:28 - [TEST_STEP][PASSED] - verifyEqual(expected, true): Actual object 'true' and expected object 'true' are equal&#xD;
&#xD;
2019-08-27 18:01:28 - [MESSAGE][PASSED] - Actual object 'true' and expected object 'true' are equal&#xD;
&#xD;
2019-08-27 18:01:28 - [TEST_STEP][PASSED] - comment("Verify response status code"): Verify response status code&#xD;
&#xD;
2019-08-27 18:01:28 - [MESSAGE][INFO] - Verify response status code&#xD;
&#xD;
2019-08-27 18:01:28 - [TEST_STEP][PASSED] - verifyResponseStatusCode(response, 200): Verify response status code successfully&#xD;
&#xD;
2019-08-27 18:01:28 - [MESSAGE][PASSED] - Verify response status code successfully&#xD;
&#xD;
2019-08-27 18:01:28 - [TEST_STEP][PASSED] - Start listener action : sampleAfterTestCase: null</system-out>
            <system-err></system-err>
        </testcase>
        <testcase name="Test Cases/AlterationScoringRuleApps/Financial Non Employee/Non Ultimate/FE6/TC-1 USD FE6" classname="Test Cases/AlterationScoringRuleApps/Financial Non Employee/Non Ultimate/FE6/TC-1 USD FE6" status="PASSED">
            <system-out>2019-08-27 18:01:28 - [TEST_CASE][PASSED] - Test Cases/AlterationScoringRuleApps/Financial Non Employee/Non Ultimate/FE6/TC-1 USD FE6: Test Cases/AlterationScoringRuleApps/Financial Non Employee/Non Ultimate/FE6/TC-1 USD FE6&#xD;
&#xD;
2019-08-27 18:01:28 - [TEST_STEP][PASSED] - random = new java.util.Random(): null&#xD;
&#xD;
2019-08-27 18:01:28 - [TEST_STEP][PASSED] - compareHighestValueFsaDeathVsAddccMin = 6250000: null&#xD;
&#xD;
2019-08-27 18:01:28 - [TEST_STEP][PASSED] - compareHighestValueFsaDeathVsAddcc = random.nextInt(MAX_VALUE - compareHighestValueFsaDeathVsAddccMin) + compareHighestValueFsaDeathVsAddccMin: null&#xD;
&#xD;
2019-08-27 18:01:28 - [TEST_STEP][PASSED] - println(compareHighestValueFsaDeathVsAddcc): null&#xD;
&#xD;
2019-08-27 18:01:28 - [TEST_STEP][PASSED] - comment("Send request"): Send request&#xD;
&#xD;
2019-08-27 18:01:28 - [MESSAGE][INFO] - Send request&#xD;
&#xD;
2019-08-27 18:01:28 - [TEST_STEP][PASSED] - response = sendRequest(findTestObject("AlterationScoringRuleApps/Financial Non Employee/Non Ultimate/Object Request", ["transactionType":transactionType, "role":role, "increasingFsaFlag":increasingFsaFlag, "pecFlag":pecFlag, "occupationCode":occupationCode, ... ])): Send request successfully&#xD;
&#xD;
2019-08-27 18:01:28 - [MESSAGE][INFO] - HAR: C:\SURYAPURBA\PHS\PHS-BRMS\Reports\FinancialNonEmployee_NonUltimate\20190827_180114\requests\main\15.har&#xD;
&#xD;
2019-08-27 18:01:28 - [MESSAGE][PASSED] - Send request successfully&#xD;
&#xD;
2019-08-27 18:01:28 - [TEST_STEP][PASSED] - slurper = new groovy.json.JsonSlurper(): null&#xD;
&#xD;
2019-08-27 18:01:28 - [TEST_STEP][PASSED] - parseResponse = slurper.parseText(response.getResponseText()): null&#xD;
&#xD;
2019-08-27 18:01:28 - [TEST_STEP][PASSED] - println(parseResponse): null&#xD;
&#xD;
2019-08-27 18:01:28 - [TEST_STEP][PASSED] - attributes = evidenceCode: null&#xD;
&#xD;
2019-08-27 18:01:28 - [TEST_STEP][PASSED] - println(attributes): null&#xD;
&#xD;
2019-08-27 18:01:28 - [TEST_STEP][PASSED] - expected = description == "Butuh LSAR, ABR, BSM, RoC, RNA, Bukti Aset, F2F meeting": null&#xD;
&#xD;
2019-08-27 18:01:28 - [TEST_STEP][PASSED] - comment("Verify evidence code is FE6 and have description "Butuh LSAR, ABR, BSM, RoC, RNA, Bukti Aset, F2F meeting""): Verify evidence code is FE6 and have description "Butuh LSAR, ABR, BSM, RoC, RNA, Bukti Aset, F2F meeting"&#xD;
&#xD;
2019-08-27 18:01:28 - [MESSAGE][INFO] - Verify evidence code is FE6 and have description "Butuh LSAR, ABR, BSM, RoC, RNA, Bukti Aset, F2F meeting"&#xD;
&#xD;
2019-08-27 18:01:28 - [TEST_STEP][PASSED] - verifyEqual(expected, true): Actual object 'true' and expected object 'true' are equal&#xD;
&#xD;
2019-08-27 18:01:28 - [MESSAGE][PASSED] - Actual object 'true' and expected object 'true' are equal&#xD;
&#xD;
2019-08-27 18:01:28 - [TEST_STEP][PASSED] - comment("Verify response status code"): Verify response status code&#xD;
&#xD;
2019-08-27 18:01:28 - [MESSAGE][INFO] - Verify response status code&#xD;
&#xD;
2019-08-27 18:01:28 - [TEST_STEP][PASSED] - verifyResponseStatusCode(response, 200): Verify response status code successfully&#xD;
&#xD;
2019-08-27 18:01:28 - [MESSAGE][PASSED] - Verify response status code successfully&#xD;
&#xD;
2019-08-27 18:01:28 - [TEST_STEP][PASSED] - Start listener action : sampleAfterTestCase: null</system-out>
            <system-err></system-err>
        </testcase>
        <testcase name="Test Cases/AlterationScoringRuleApps/Financial Non Employee/Non Ultimate/FE6/TC-1 USD FE6" classname="Test Cases/AlterationScoringRuleApps/Financial Non Employee/Non Ultimate/FE6/TC-1 USD FE6" status="PASSED">
            <system-out>2019-08-27 18:01:28 - [TEST_CASE][PASSED] - Test Cases/AlterationScoringRuleApps/Financial Non Employee/Non Ultimate/FE6/TC-1 USD FE6: Test Cases/AlterationScoringRuleApps/Financial Non Employee/Non Ultimate/FE6/TC-1 USD FE6&#xD;
&#xD;
2019-08-27 18:01:28 - [TEST_STEP][PASSED] - random = new java.util.Random(): null&#xD;
&#xD;
2019-08-27 18:01:29 - [TEST_STEP][PASSED] - compareHighestValueFsaDeathVsAddccMin = 6250000: null&#xD;
&#xD;
2019-08-27 18:01:29 - [TEST_STEP][PASSED] - compareHighestValueFsaDeathVsAddcc = random.nextInt(MAX_VALUE - compareHighestValueFsaDeathVsAddccMin) + compareHighestValueFsaDeathVsAddccMin: null&#xD;
&#xD;
2019-08-27 18:01:29 - [TEST_STEP][PASSED] - println(compareHighestValueFsaDeathVsAddcc): null&#xD;
&#xD;
2019-08-27 18:01:29 - [TEST_STEP][PASSED] - comment("Send request"): Send request&#xD;
&#xD;
2019-08-27 18:01:29 - [MESSAGE][INFO] - Send request&#xD;
&#xD;
2019-08-27 18:01:29 - [TEST_STEP][PASSED] - response = sendRequest(findTestObject("AlterationScoringRuleApps/Financial Non Employee/Non Ultimate/Object Request", ["transactionType":transactionType, "role":role, "increasingFsaFlag":increasingFsaFlag, "pecFlag":pecFlag, "occupationCode":occupationCode, ... ])): Send request successfully&#xD;
&#xD;
2019-08-27 18:01:29 - [MESSAGE][INFO] - HAR: C:\SURYAPURBA\PHS\PHS-BRMS\Reports\FinancialNonEmployee_NonUltimate\20190827_180114\requests\main\16.har&#xD;
&#xD;
2019-08-27 18:01:29 - [MESSAGE][PASSED] - Send request successfully&#xD;
&#xD;
2019-08-27 18:01:29 - [TEST_STEP][PASSED] - slurper = new groovy.json.JsonSlurper(): null&#xD;
&#xD;
2019-08-27 18:01:29 - [TEST_STEP][PASSED] - parseResponse = slurper.parseText(response.getResponseText()): null&#xD;
&#xD;
2019-08-27 18:01:29 - [TEST_STEP][PASSED] - println(parseResponse): null&#xD;
&#xD;
2019-08-27 18:01:29 - [TEST_STEP][PASSED] - attributes = evidenceCode: null&#xD;
&#xD;
2019-08-27 18:01:29 - [TEST_STEP][PASSED] - println(attributes): null&#xD;
&#xD;
2019-08-27 18:01:29 - [TEST_STEP][PASSED] - expected = description == "Butuh LSAR, ABR, BSM, RoC, RNA, Bukti Aset, F2F meeting": null&#xD;
&#xD;
2019-08-27 18:01:29 - [TEST_STEP][PASSED] - comment("Verify evidence code is FE6 and have description "Butuh LSAR, ABR, BSM, RoC, RNA, Bukti Aset, F2F meeting""): Verify evidence code is FE6 and have description "Butuh LSAR, ABR, BSM, RoC, RNA, Bukti Aset, F2F meeting"&#xD;
&#xD;
2019-08-27 18:01:29 - [MESSAGE][INFO] - Verify evidence code is FE6 and have description "Butuh LSAR, ABR, BSM, RoC, RNA, Bukti Aset, F2F meeting"&#xD;
&#xD;
2019-08-27 18:01:29 - [TEST_STEP][PASSED] - verifyEqual(expected, true): Actual object 'true' and expected object 'true' are equal&#xD;
&#xD;
2019-08-27 18:01:29 - [MESSAGE][PASSED] - Actual object 'true' and expected object 'true' are equal&#xD;
&#xD;
2019-08-27 18:01:29 - [TEST_STEP][PASSED] - comment("Verify response status code"): Verify response status code&#xD;
&#xD;
2019-08-27 18:01:29 - [MESSAGE][INFO] - Verify response status code&#xD;
&#xD;
2019-08-27 18:01:29 - [TEST_STEP][PASSED] - verifyResponseStatusCode(response, 200): Verify response status code successfully&#xD;
&#xD;
2019-08-27 18:01:29 - [MESSAGE][PASSED] - Verify response status code successfully&#xD;
&#xD;
2019-08-27 18:01:29 - [TEST_STEP][PASSED] - Start listener action : sampleAfterTestCase: null</system-out>
            <system-err></system-err>
        </testcase>
        <testcase name="Test Cases/AlterationScoringRuleApps/Financial Non Employee/Non Ultimate/FE6/TC-1 USD FE6" classname="Test Cases/AlterationScoringRuleApps/Financial Non Employee/Non Ultimate/FE6/TC-1 USD FE6" status="PASSED">
            <system-out>2019-08-27 18:01:29 - [TEST_CASE][PASSED] - Test Cases/AlterationScoringRuleApps/Financial Non Employee/Non Ultimate/FE6/TC-1 USD FE6: Test Cases/AlterationScoringRuleApps/Financial Non Employee/Non Ultimate/FE6/TC-1 USD FE6&#xD;
&#xD;
2019-08-27 18:01:29 - [TEST_STEP][PASSED] - random = new java.util.Random(): null&#xD;
&#xD;
2019-08-27 18:01:29 - [TEST_STEP][PASSED] - compareHighestValueFsaDeathVsAddccMin = 6250000: null&#xD;
&#xD;
2019-08-27 18:01:29 - [TEST_STEP][PASSED] - compareHighestValueFsaDeathVsAddcc = random.nextInt(MAX_VALUE - compareHighestValueFsaDeathVsAddccMin) + compareHighestValueFsaDeathVsAddccMin: null&#xD;
&#xD;
2019-08-27 18:01:29 - [TEST_STEP][PASSED] - println(compareHighestValueFsaDeathVsAddcc): null&#xD;
&#xD;
2019-08-27 18:01:29 - [TEST_STEP][PASSED] - comment("Send request"): Send request&#xD;
&#xD;
2019-08-27 18:01:29 - [MESSAGE][INFO] - Send request&#xD;
&#xD;
2019-08-27 18:01:29 - [TEST_STEP][PASSED] - response = sendRequest(findTestObject("AlterationScoringRuleApps/Financial Non Employee/Non Ultimate/Object Request", ["transactionType":transactionType, "role":role, "increasingFsaFlag":increasingFsaFlag, "pecFlag":pecFlag, "occupationCode":occupationCode, ... ])): Send request successfully&#xD;
&#xD;
2019-08-27 18:01:29 - [MESSAGE][INFO] - HAR: C:\SURYAPURBA\PHS\PHS-BRMS\Reports\FinancialNonEmployee_NonUltimate\20190827_180114\requests\main\17.har&#xD;
&#xD;
2019-08-27 18:01:29 - [MESSAGE][PASSED] - Send request successfully&#xD;
&#xD;
2019-08-27 18:01:29 - [TEST_STEP][PASSED] - slurper = new groovy.json.JsonSlurper(): null&#xD;
&#xD;
2019-08-27 18:01:29 - [TEST_STEP][PASSED] - parseResponse = slurper.parseText(response.getResponseText()): null&#xD;
&#xD;
2019-08-27 18:01:29 - [TEST_STEP][PASSED] - println(parseResponse): null&#xD;
&#xD;
2019-08-27 18:01:29 - [TEST_STEP][PASSED] - attributes = evidenceCode: null&#xD;
&#xD;
2019-08-27 18:01:29 - [TEST_STEP][PASSED] - println(attributes): null&#xD;
&#xD;
2019-08-27 18:01:29 - [TEST_STEP][PASSED] - expected = description == "Butuh LSAR, ABR, BSM, RoC, RNA, Bukti Aset, F2F meeting": null&#xD;
&#xD;
2019-08-27 18:01:29 - [TEST_STEP][PASSED] - comment("Verify evidence code is FE6 and have description "Butuh LSAR, ABR, BSM, RoC, RNA, Bukti Aset, F2F meeting""): Verify evidence code is FE6 and have description "Butuh LSAR, ABR, BSM, RoC, RNA, Bukti Aset, F2F meeting"&#xD;
&#xD;
2019-08-27 18:01:29 - [MESSAGE][INFO] - Verify evidence code is FE6 and have description "Butuh LSAR, ABR, BSM, RoC, RNA, Bukti Aset, F2F meeting"&#xD;
&#xD;
2019-08-27 18:01:30 - [TEST_STEP][PASSED] - verifyEqual(expected, true): Actual object 'true' and expected object 'true' are equal&#xD;
&#xD;
2019-08-27 18:01:30 - [MESSAGE][PASSED] - Actual object 'true' and expected object 'true' are equal&#xD;
&#xD;
2019-08-27 18:01:30 - [TEST_STEP][PASSED] - comment("Verify response status code"): Verify response status code&#xD;
&#xD;
2019-08-27 18:01:30 - [MESSAGE][INFO] - Verify response status code&#xD;
&#xD;
2019-08-27 18:01:30 - [TEST_STEP][PASSED] - verifyResponseStatusCode(response, 200): Verify response status code successfully&#xD;
&#xD;
2019-08-27 18:01:30 - [MESSAGE][PASSED] - Verify response status code successfully&#xD;
&#xD;
2019-08-27 18:01:30 - [TEST_STEP][PASSED] - Start listener action : sampleAfterTestCase: null</system-out>
            <system-err></system-err>
        </testcase>
        <testcase name="Test Cases/AlterationScoringRuleApps/Financial Non Employee/Non Ultimate/FE6/TC-1 USD FE6" classname="Test Cases/AlterationScoringRuleApps/Financial Non Employee/Non Ultimate/FE6/TC-1 USD FE6" status="PASSED">
            <system-out>2019-08-27 18:01:30 - [TEST_CASE][PASSED] - Test Cases/AlterationScoringRuleApps/Financial Non Employee/Non Ultimate/FE6/TC-1 USD FE6: Test Cases/AlterationScoringRuleApps/Financial Non Employee/Non Ultimate/FE6/TC-1 USD FE6&#xD;
&#xD;
2019-08-27 18:01:30 - [TEST_STEP][PASSED] - random = new java.util.Random(): null&#xD;
&#xD;
2019-08-27 18:01:30 - [TEST_STEP][PASSED] - compareHighestValueFsaDeathVsAddccMin = 6250000: null&#xD;
&#xD;
2019-08-27 18:01:30 - [TEST_STEP][PASSED] - compareHighestValueFsaDeathVsAddcc = random.nextInt(MAX_VALUE - compareHighestValueFsaDeathVsAddccMin) + compareHighestValueFsaDeathVsAddccMin: null&#xD;
&#xD;
2019-08-27 18:01:30 - [TEST_STEP][PASSED] - println(compareHighestValueFsaDeathVsAddcc): null&#xD;
&#xD;
2019-08-27 18:01:30 - [TEST_STEP][PASSED] - comment("Send request"): Send request&#xD;
&#xD;
2019-08-27 18:01:30 - [MESSAGE][INFO] - Send request&#xD;
&#xD;
2019-08-27 18:01:30 - [TEST_STEP][PASSED] - response = sendRequest(findTestObject("AlterationScoringRuleApps/Financial Non Employee/Non Ultimate/Object Request", ["transactionType":transactionType, "role":role, "increasingFsaFlag":increasingFsaFlag, "pecFlag":pecFlag, "occupationCode":occupationCode, ... ])): Send request successfully&#xD;
&#xD;
2019-08-27 18:01:30 - [MESSAGE][INFO] - HAR: C:\SURYAPURBA\PHS\PHS-BRMS\Reports\FinancialNonEmployee_NonUltimate\20190827_180114\requests\main\18.har&#xD;
&#xD;
2019-08-27 18:01:30 - [MESSAGE][PASSED] - Send request successfully&#xD;
&#xD;
2019-08-27 18:01:30 - [TEST_STEP][PASSED] - slurper = new groovy.json.JsonSlurper(): null&#xD;
&#xD;
2019-08-27 18:01:30 - [TEST_STEP][PASSED] - parseResponse = slurper.parseText(response.getResponseText()): null&#xD;
&#xD;
2019-08-27 18:01:30 - [TEST_STEP][PASSED] - println(parseResponse): null&#xD;
&#xD;
2019-08-27 18:01:30 - [TEST_STEP][PASSED] - attributes = evidenceCode: null&#xD;
&#xD;
2019-08-27 18:01:30 - [TEST_STEP][PASSED] - println(attributes): null&#xD;
&#xD;
2019-08-27 18:01:30 - [TEST_STEP][PASSED] - expected = description == "Butuh LSAR, ABR, BSM, RoC, RNA, Bukti Aset, F2F meeting": null&#xD;
&#xD;
2019-08-27 18:01:30 - [TEST_STEP][PASSED] - comment("Verify evidence code is FE6 and have description "Butuh LSAR, ABR, BSM, RoC, RNA, Bukti Aset, F2F meeting""): Verify evidence code is FE6 and have description "Butuh LSAR, ABR, BSM, RoC, RNA, Bukti Aset, F2F meeting"&#xD;
&#xD;
2019-08-27 18:01:30 - [MESSAGE][INFO] - Verify evidence code is FE6 and have description "Butuh LSAR, ABR, BSM, RoC, RNA, Bukti Aset, F2F meeting"&#xD;
&#xD;
2019-08-27 18:01:30 - [TEST_STEP][PASSED] - verifyEqual(expected, true): Actual object 'true' and expected object 'true' are equal&#xD;
&#xD;
2019-08-27 18:01:30 - [MESSAGE][PASSED] - Actual object 'true' and expected object 'true' are equal&#xD;
&#xD;
2019-08-27 18:01:30 - [TEST_STEP][PASSED] - comment("Verify response status code"): Verify response status code&#xD;
&#xD;
2019-08-27 18:01:30 - [MESSAGE][INFO] - Verify response status code&#xD;
&#xD;
2019-08-27 18:01:30 - [TEST_STEP][PASSED] - verifyResponseStatusCode(response, 200): Verify response status code successfully&#xD;
&#xD;
2019-08-27 18:01:30 - [MESSAGE][PASSED] - Verify response status code successfully&#xD;
&#xD;
2019-08-27 18:01:30 - [TEST_STEP][PASSED] - Start listener action : sampleAfterTestCase: null</system-out>
            <system-err></system-err>
        </testcase>
        <testcase name="Test Cases/AlterationScoringRuleApps/Financial Non Employee/Non Ultimate/FE6/TC-1 USD FE6" classname="Test Cases/AlterationScoringRuleApps/Financial Non Employee/Non Ultimate/FE6/TC-1 USD FE6" status="PASSED">
            <system-out>2019-08-27 18:01:30 - [TEST_CASE][PASSED] - Test Cases/AlterationScoringRuleApps/Financial Non Employee/Non Ultimate/FE6/TC-1 USD FE6: Test Cases/AlterationScoringRuleApps/Financial Non Employee/Non Ultimate/FE6/TC-1 USD FE6&#xD;
&#xD;
2019-08-27 18:01:30 - [TEST_STEP][PASSED] - random = new java.util.Random(): null&#xD;
&#xD;
2019-08-27 18:01:30 - [TEST_STEP][PASSED] - compareHighestValueFsaDeathVsAddccMin = 6250000: null&#xD;
&#xD;
2019-08-27 18:01:30 - [TEST_STEP][PASSED] - compareHighestValueFsaDeathVsAddcc = random.nextInt(MAX_VALUE - compareHighestValueFsaDeathVsAddccMin) + compareHighestValueFsaDeathVsAddccMin: null&#xD;
&#xD;
2019-08-27 18:01:30 - [TEST_STEP][PASSED] - println(compareHighestValueFsaDeathVsAddcc): null&#xD;
&#xD;
2019-08-27 18:01:31 - [TEST_STEP][PASSED] - comment("Send request"): Send request&#xD;
&#xD;
2019-08-27 18:01:31 - [MESSAGE][INFO] - Send request&#xD;
&#xD;
2019-08-27 18:01:31 - [TEST_STEP][PASSED] - response = sendRequest(findTestObject("AlterationScoringRuleApps/Financial Non Employee/Non Ultimate/Object Request", ["transactionType":transactionType, "role":role, "increasingFsaFlag":increasingFsaFlag, "pecFlag":pecFlag, "occupationCode":occupationCode, ... ])): Send request successfully&#xD;
&#xD;
2019-08-27 18:01:31 - [MESSAGE][INFO] - HAR: C:\SURYAPURBA\PHS\PHS-BRMS\Reports\FinancialNonEmployee_NonUltimate\20190827_180114\requests\main\19.har&#xD;
&#xD;
2019-08-27 18:01:31 - [MESSAGE][PASSED] - Send request successfully&#xD;
&#xD;
2019-08-27 18:01:31 - [TEST_STEP][PASSED] - slurper = new groovy.json.JsonSlurper(): null&#xD;
&#xD;
2019-08-27 18:01:31 - [TEST_STEP][PASSED] - parseResponse = slurper.parseText(response.getResponseText()): null&#xD;
&#xD;
2019-08-27 18:01:31 - [TEST_STEP][PASSED] - println(parseResponse): null&#xD;
&#xD;
2019-08-27 18:01:31 - [TEST_STEP][PASSED] - attributes = evidenceCode: null&#xD;
&#xD;
2019-08-27 18:01:31 - [TEST_STEP][PASSED] - println(attributes): null&#xD;
&#xD;
2019-08-27 18:01:31 - [TEST_STEP][PASSED] - expected = description == "Butuh LSAR, ABR, BSM, RoC, RNA, Bukti Aset, F2F meeting": null&#xD;
&#xD;
2019-08-27 18:01:31 - [TEST_STEP][PASSED] - comment("Verify evidence code is FE6 and have description "Butuh LSAR, ABR, BSM, RoC, RNA, Bukti Aset, F2F meeting""): Verify evidence code is FE6 and have description "Butuh LSAR, ABR, BSM, RoC, RNA, Bukti Aset, F2F meeting"&#xD;
&#xD;
2019-08-27 18:01:31 - [MESSAGE][INFO] - Verify evidence code is FE6 and have description "Butuh LSAR, ABR, BSM, RoC, RNA, Bukti Aset, F2F meeting"&#xD;
&#xD;
2019-08-27 18:01:31 - [TEST_STEP][PASSED] - verifyEqual(expected, true): Actual object 'true' and expected object 'true' are equal&#xD;
&#xD;
2019-08-27 18:01:31 - [MESSAGE][PASSED] - Actual object 'true' and expected object 'true' are equal&#xD;
&#xD;
2019-08-27 18:01:31 - [TEST_STEP][PASSED] - comment("Verify response status code"): Verify response status code&#xD;
&#xD;
2019-08-27 18:01:31 - [MESSAGE][INFO] - Verify response status code&#xD;
&#xD;
2019-08-27 18:01:31 - [TEST_STEP][PASSED] - verifyResponseStatusCode(response, 200): Verify response status code successfully&#xD;
&#xD;
2019-08-27 18:01:31 - [MESSAGE][PASSED] - Verify response status code successfully&#xD;
&#xD;
2019-08-27 18:01:31 - [TEST_STEP][PASSED] - Start listener action : sampleAfterTestCase: null</system-out>
            <system-err></system-err>
        </testcase>
        <testcase name="Test Cases/AlterationScoringRuleApps/Financial Non Employee/Non Ultimate/FE6/TC-1 USD FE6" classname="Test Cases/AlterationScoringRuleApps/Financial Non Employee/Non Ultimate/FE6/TC-1 USD FE6" status="PASSED">
            <system-out>2019-08-27 18:01:31 - [TEST_CASE][PASSED] - Test Cases/AlterationScoringRuleApps/Financial Non Employee/Non Ultimate/FE6/TC-1 USD FE6: Test Cases/AlterationScoringRuleApps/Financial Non Employee/Non Ultimate/FE6/TC-1 USD FE6&#xD;
&#xD;
2019-08-27 18:01:31 - [TEST_STEP][PASSED] - random = new java.util.Random(): null&#xD;
&#xD;
2019-08-27 18:01:31 - [TEST_STEP][PASSED] - compareHighestValueFsaDeathVsAddccMin = 6250000: null&#xD;
&#xD;
2019-08-27 18:01:31 - [TEST_STEP][PASSED] - compareHighestValueFsaDeathVsAddcc = random.nextInt(MAX_VALUE - compareHighestValueFsaDeathVsAddccMin) + compareHighestValueFsaDeathVsAddccMin: null&#xD;
&#xD;
2019-08-27 18:01:31 - [TEST_STEP][PASSED] - println(compareHighestValueFsaDeathVsAddcc): null&#xD;
&#xD;
2019-08-27 18:01:31 - [TEST_STEP][PASSED] - comment("Send request"): Send request&#xD;
&#xD;
2019-08-27 18:01:31 - [MESSAGE][INFO] - Send request&#xD;
&#xD;
2019-08-27 18:01:31 - [TEST_STEP][PASSED] - response = sendRequest(findTestObject("AlterationScoringRuleApps/Financial Non Employee/Non Ultimate/Object Request", ["transactionType":transactionType, "role":role, "increasingFsaFlag":increasingFsaFlag, "pecFlag":pecFlag, "occupationCode":occupationCode, ... ])): Send request successfully&#xD;
&#xD;
2019-08-27 18:01:31 - [MESSAGE][INFO] - HAR: C:\SURYAPURBA\PHS\PHS-BRMS\Reports\FinancialNonEmployee_NonUltimate\20190827_180114\requests\main\20.har&#xD;
&#xD;
2019-08-27 18:01:31 - [MESSAGE][PASSED] - Send request successfully&#xD;
&#xD;
2019-08-27 18:01:31 - [TEST_STEP][PASSED] - slurper = new groovy.json.JsonSlurper(): null&#xD;
&#xD;
2019-08-27 18:01:31 - [TEST_STEP][PASSED] - parseResponse = slurper.parseText(response.getResponseText()): null&#xD;
&#xD;
2019-08-27 18:01:31 - [TEST_STEP][PASSED] - println(parseResponse): null&#xD;
&#xD;
2019-08-27 18:01:31 - [TEST_STEP][PASSED] - attributes = evidenceCode: null&#xD;
&#xD;
2019-08-27 18:01:31 - [TEST_STEP][PASSED] - println(attributes): null&#xD;
&#xD;
2019-08-27 18:01:31 - [TEST_STEP][PASSED] - expected = description == "Butuh LSAR, ABR, BSM, RoC, RNA, Bukti Aset, F2F meeting": null&#xD;
&#xD;
2019-08-27 18:01:31 - [TEST_STEP][PASSED] - comment("Verify evidence code is FE6 and have description "Butuh LSAR, ABR, BSM, RoC, RNA, Bukti Aset, F2F meeting""): Verify evidence code is FE6 and have description "Butuh LSAR, ABR, BSM, RoC, RNA, Bukti Aset, F2F meeting"&#xD;
&#xD;
2019-08-27 18:01:31 - [MESSAGE][INFO] - Verify evidence code is FE6 and have description "Butuh LSAR, ABR, BSM, RoC, RNA, Bukti Aset, F2F meeting"&#xD;
&#xD;
2019-08-27 18:01:31 - [TEST_STEP][PASSED] - verifyEqual(expected, true): Actual object 'true' and expected object 'true' are equal&#xD;
&#xD;
2019-08-27 18:01:31 - [MESSAGE][PASSED] - Actual object 'true' and expected object 'true' are equal&#xD;
&#xD;
2019-08-27 18:01:31 - [TEST_STEP][PASSED] - comment("Verify response status code"): Verify response status code&#xD;
&#xD;
2019-08-27 18:01:31 - [MESSAGE][INFO] - Verify response status code&#xD;
&#xD;
2019-08-27 18:01:32 - [TEST_STEP][PASSED] - verifyResponseStatusCode(response, 200): Verify response status code successfully&#xD;
&#xD;
2019-08-27 18:01:32 - [MESSAGE][PASSED] - Verify response status code successfully&#xD;
&#xD;
2019-08-27 18:01:32 - [TEST_STEP][PASSED] - Start listener action : sampleAfterTestCase: null</system-out>
            <system-err></system-err>
        </testcase>
        <system-out>2019-08-27 18:01:17 - [TEST_SUITE][INCOMPLETE] - FinancialNonEmployee_NonUltimate: null</system-out>
        <system-err>2019-08-27 18:01:17 - [TEST_SUITE][INCOMPLETE] - FinancialNonEmployee_NonUltimate: null</system-err>
    </testsuite>
</testsuites>
