<?xml version="1.0" encoding="UTF-8" standalone="yes"?>
<testsuites name="test" time="6" tests="3" failures="0" errors="0">
    <testsuite name="test" tests="3" failures="0" errors="0" time="6" timestamp="2019-08-05 14:17:23" hostname="c19679 - LIDLIFE38B0WS.PRU.intranet.asia" id="Test Suites/test">
        <properties>
            <property name="deviceName" value=""/>
            <property name="devicePlatform" value=""/>
            <property name="logFolder" value="C:\\SURYAPURBA\\PHS\\PHS-BRMS\\Reports\\test\\20190805_141720"/>
            <property name="logFiles" value="C:\\SURYAPURBA\\PHS\\PHS-BRMS\\Reports\\test\\20190805_141720\\execution0.log"/>
            <property name="attachments" value=""/>
            <property name="hostName" value="c19679 - LIDLIFE38B0WS.PRU.intranet.asia"/>
            <property name="hostAddress" value="10.170.236.60"/>
            <property name="os" value="Windows 7 64bit"/>
            <property name="katalonVersion" value="6.2.2.4"/>
        </properties>
        <testcase name="Test Cases/Eligibility TSA Rules/TC-1" classname="Test Cases/Eligibility TSA Rules/TC-1" status="PASSED">
            <system-out>2019-08-05 14:17:24 - [TEST_CASE][PASSED] - Test Cases/Eligibility TSA Rules/TC-1: Test Cases/Eligibility TSA Rules/TC-1&#xD;
&#xD;
2019-08-05 14:17:24 - [TEST_STEP][PASSED] - response = sendRequest(findTestObject("AlterationScoringRuleApps/AlterationScoringRuleApps")): Send request successfully&#xD;
&#xD;
2019-08-05 14:17:27 - [MESSAGE][INFO] - HAR: C:\SURYAPURBA\PHS\PHS-BRMS\Reports\test\20190805_141720\requests\main\0.har&#xD;
&#xD;
2019-08-05 14:17:28 - [MESSAGE][PASSED] - Send request successfully&#xD;
&#xD;
2019-08-05 14:17:28 - [TEST_STEP][PASSED] - jsonSlurper = new groovy.json.JsonSlurper(): null&#xD;
&#xD;
2019-08-05 14:17:28 - [TEST_STEP][PASSED] - content_length = response.getResponseBodyContent(): null&#xD;
&#xD;
2019-08-05 14:17:28 - [TEST_STEP][PASSED] - println(content_length): null&#xD;
&#xD;
2019-08-05 14:17:28 - [TEST_STEP][PASSED] - verifyResponseStatusCode(response, 200): Verify response status code successfully&#xD;
&#xD;
2019-08-05 14:17:28 - [MESSAGE][PASSED] - Verify response status code successfully&#xD;
&#xD;
2019-08-05 14:17:28 - [TEST_STEP][PASSED] - verifyElementPropertyValue(response, "request.alterationScoring[0].response.eligibityTsa", true): Verify element property value successfully&#xD;
&#xD;
2019-08-05 14:17:28 - [MESSAGE][PASSED] - Verify element property value successfully&#xD;
&#xD;
2019-08-05 14:17:28 - [TEST_STEP][PASSED] - Start listener action : sampleAfterTestCase: null</system-out>
            <system-err></system-err>
        </testcase>
        <testcase name="Test Cases/Eligibility TSA Rules/TC-1" classname="Test Cases/Eligibility TSA Rules/TC-1" status="PASSED">
            <system-out>2019-08-05 14:17:28 - [TEST_CASE][PASSED] - Test Cases/Eligibility TSA Rules/TC-1: Test Cases/Eligibility TSA Rules/TC-1&#xD;
&#xD;
2019-08-05 14:17:28 - [TEST_STEP][PASSED] - response = sendRequest(findTestObject("AlterationScoringRuleApps/AlterationScoringRuleApps")): Send request successfully&#xD;
&#xD;
2019-08-05 14:17:28 - [MESSAGE][INFO] - HAR: C:\SURYAPURBA\PHS\PHS-BRMS\Reports\test\20190805_141720\requests\main\1.har&#xD;
&#xD;
2019-08-05 14:17:28 - [MESSAGE][PASSED] - Send request successfully&#xD;
&#xD;
2019-08-05 14:17:28 - [TEST_STEP][PASSED] - jsonSlurper = new groovy.json.JsonSlurper(): null&#xD;
&#xD;
2019-08-05 14:17:28 - [TEST_STEP][PASSED] - content_length = response.getResponseBodyContent(): null&#xD;
&#xD;
2019-08-05 14:17:28 - [TEST_STEP][PASSED] - println(content_length): null&#xD;
&#xD;
2019-08-05 14:17:28 - [TEST_STEP][PASSED] - verifyResponseStatusCode(response, 200): Verify response status code successfully&#xD;
&#xD;
2019-08-05 14:17:28 - [MESSAGE][PASSED] - Verify response status code successfully&#xD;
&#xD;
2019-08-05 14:17:28 - [TEST_STEP][PASSED] - verifyElementPropertyValue(response, "request.alterationScoring[0].response.eligibityTsa", true): Verify element property value successfully&#xD;
&#xD;
2019-08-05 14:17:28 - [MESSAGE][PASSED] - Verify element property value successfully&#xD;
&#xD;
2019-08-05 14:17:28 - [TEST_STEP][PASSED] - Start listener action : sampleAfterTestCase: null</system-out>
            <system-err></system-err>
        </testcase>
        <testcase name="Test Cases/Eligibility TSA Rules/TC-2" classname="Test Cases/Eligibility TSA Rules/TC-2" status="PASSED">
            <system-out>2019-08-05 14:17:28 - [TEST_CASE][PASSED] - Test Cases/Eligibility TSA Rules/TC-2: Test Cases/Eligibility TSA Rules/TC-2&#xD;
&#xD;
2019-08-05 14:17:29 - [TEST_STEP][PASSED] - response = sendRequest(findTestObject("AlterationScoringRuleApps/AlterationScoringRuleApps")): Send request successfully&#xD;
&#xD;
2019-08-05 14:17:30 - [MESSAGE][INFO] - HAR: C:\SURYAPURBA\PHS\PHS-BRMS\Reports\test\20190805_141720\requests\main\2.har&#xD;
&#xD;
2019-08-05 14:17:30 - [MESSAGE][PASSED] - Send request successfully&#xD;
&#xD;
2019-08-05 14:17:30 - [TEST_STEP][PASSED] - jsonSlurper = new groovy.json.JsonSlurper(): null&#xD;
&#xD;
2019-08-05 14:17:30 - [TEST_STEP][PASSED] - content_length = response.getResponseBodyContent(): null&#xD;
&#xD;
2019-08-05 14:17:30 - [TEST_STEP][PASSED] - println(content_length): null&#xD;
&#xD;
2019-08-05 14:17:30 - [TEST_STEP][PASSED] - verifyResponseStatusCode(response, 200): Verify response status code successfully&#xD;
&#xD;
2019-08-05 14:17:30 - [MESSAGE][PASSED] - Verify response status code successfully&#xD;
&#xD;
2019-08-05 14:17:30 - [TEST_STEP][PASSED] - verifyElementPropertyValue(response, "request.alterationScoring[0].response.eligibityTsa", true): Verify element property value successfully&#xD;
&#xD;
2019-08-05 14:17:30 - [MESSAGE][PASSED] - Verify element property value successfully&#xD;
&#xD;
2019-08-05 14:17:30 - [TEST_STEP][PASSED] - Start listener action : sampleAfterTestCase: null</system-out>
            <system-err></system-err>
        </testcase>
        <system-out>2019-08-05 14:17:23 - [TEST_SUITE][INCOMPLETE] - test: null</system-out>
        <system-err>2019-08-05 14:17:23 - [TEST_SUITE][INCOMPLETE] - test: null</system-err>
    </testsuite>
</testsuites>
