<?xml version="1.0" encoding="UTF-8" standalone="yes"?>
<testsuites name="PRUmed Benefit Limitation" time="122" tests="72" failures="24" errors="0">
    <testsuite name="PRUmed Benefit Limitation" tests="72" failures="24" errors="0" time="122" timestamp="2019-09-19 15:28:28" hostname="c19679 - LIDLIFE38B0WS.PRU.intranet.asia" id="Test Suites/AlterationScoringNBMajor/PRUmed Benefit Limitation">
        <properties>
            <property name="deviceName" value=""/>
            <property name="devicePlatform" value=""/>
            <property name="logFolder" value="C:\\SURYAPURBA\\PHS\\PHS-BRMS\\Reports\\AlterationScoringNBMajor\\PRUmed Benefit Limitation\\20190919_152823"/>
            <property name="logFiles" value="C:\\SURYAPURBA\\PHS\\PHS-BRMS\\Reports\\AlterationScoringNBMajor\\PRUmed Benefit Limitation\\20190919_152823\\execution0.log"/>
            <property name="attachments" value=""/>
            <property name="hostName" value="c19679 - LIDLIFE38B0WS.PRU.intranet.asia"/>
            <property name="hostAddress" value="10.170.236.44"/>
            <property name="os" value="Windows 7 64bit"/>
            <property name="katalonVersion" value="6.2.2.4"/>
        </properties>
        <testcase name="Test Cases/AlterationScoringNBMajor/PRUmed Benefit Limitation/PRUmed Benefit Limitation" classname="Test Cases/AlterationScoringNBMajor/PRUmed Benefit Limitation/PRUmed Benefit Limitation" status="PASSED">
            <system-out>2019-09-19 15:28:28 - [TEST_CASE][PASSED] - Test Cases/AlterationScoringNBMajor/PRUmed Benefit Limitation/PRUmed Benefit Limitation: Test Cases/AlterationScoringNBMajor/PRUmed Benefit Limitation/PRUmed Benefit Limitation&#xD;
&#xD;
2019-09-19 15:28:29 - [TEST_STEP][PASSED] - response = sendRequest(findTestObject("AlterationScroingNBMajor/PRUmed Benefit Limitation/Version 1.0_Check_1.391/Request Object", ["transactionType":transactionType, "clientType":clientType, "role":role, "subAlter":subAlter, "eviCode":eviCode, "riderCode":riderCode, ... ])): Send request successfully&#xD;
&#xD;
2019-09-19 15:28:31 - [MESSAGE][INFO] - HAR: C:\SURYAPURBA\PHS\PHS-BRMS\Reports\AlterationScoringNBMajor\PRUmed Benefit Limitation\20190919_152823\requests\main\0.har&#xD;
&#xD;
2019-09-19 15:28:31 - [MESSAGE][PASSED] - Send request successfully&#xD;
&#xD;
2019-09-19 15:28:31 - [TEST_STEP][PASSED] - slurper = new groovy.json.JsonSlurper(): null&#xD;
&#xD;
2019-09-19 15:28:31 - [TEST_STEP][PASSED] - parsingResponse = slurper.parseText(response.getResponseText()): null&#xD;
&#xD;
2019-09-19 15:28:31 - [TEST_STEP][PASSED] - println(parsingResponse): null&#xD;
&#xD;
2019-09-19 15:28:31 - [TEST_STEP][PASSED] - evidenceCode = evidenceCode: null&#xD;
&#xD;
2019-09-19 15:28:31 - [TEST_STEP][PASSED] - println(evidenceCode): null&#xD;
&#xD;
2019-09-19 15:28:31 - [TEST_STEP][PASSED] - println(expectedEvidenceCode): null&#xD;
&#xD;
2019-09-19 15:28:31 - [TEST_STEP][PASSED] - if (expectedEvidenceCode != "STD"): null&#xD;
&#xD;
2019-09-19 15:28:31 - [TEST_STEP][PASSED] - verifyResponseStatusCode(response, 200): Verify response status code successfully&#xD;
&#xD;
2019-09-19 15:28:31 - [MESSAGE][PASSED] - Verify response status code successfully</system-out>
            <system-err></system-err>
        </testcase>
        <testcase name="Test Cases/AlterationScoringNBMajor/PRUmed Benefit Limitation/PRUmed Benefit Limitation" classname="Test Cases/AlterationScoringNBMajor/PRUmed Benefit Limitation/PRUmed Benefit Limitation" status="PASSED">
            <system-out>2019-09-19 15:28:31 - [TEST_CASE][PASSED] - Test Cases/AlterationScoringNBMajor/PRUmed Benefit Limitation/PRUmed Benefit Limitation: Test Cases/AlterationScoringNBMajor/PRUmed Benefit Limitation/PRUmed Benefit Limitation&#xD;
&#xD;
2019-09-19 15:28:31 - [TEST_STEP][PASSED] - response = sendRequest(findTestObject("AlterationScroingNBMajor/PRUmed Benefit Limitation/Version 1.0_Check_1.391/Request Object", ["transactionType":transactionType, "clientType":clientType, "role":role, "subAlter":subAlter, "eviCode":eviCode, "riderCode":riderCode, ... ])): Send request successfully&#xD;
&#xD;
2019-09-19 15:28:31 - [MESSAGE][INFO] - HAR: C:\SURYAPURBA\PHS\PHS-BRMS\Reports\AlterationScoringNBMajor\PRUmed Benefit Limitation\20190919_152823\requests\main\1.har&#xD;
&#xD;
2019-09-19 15:28:31 - [MESSAGE][PASSED] - Send request successfully&#xD;
&#xD;
2019-09-19 15:28:31 - [TEST_STEP][PASSED] - slurper = new groovy.json.JsonSlurper(): null&#xD;
&#xD;
2019-09-19 15:28:31 - [TEST_STEP][PASSED] - parsingResponse = slurper.parseText(response.getResponseText()): null&#xD;
&#xD;
2019-09-19 15:28:31 - [TEST_STEP][PASSED] - println(parsingResponse): null&#xD;
&#xD;
2019-09-19 15:28:31 - [TEST_STEP][PASSED] - evidenceCode = evidenceCode: null&#xD;
&#xD;
2019-09-19 15:28:31 - [TEST_STEP][PASSED] - println(evidenceCode): null&#xD;
&#xD;
2019-09-19 15:28:31 - [TEST_STEP][PASSED] - println(expectedEvidenceCode): null&#xD;
&#xD;
2019-09-19 15:28:31 - [TEST_STEP][PASSED] - if (expectedEvidenceCode != "STD"): null&#xD;
&#xD;
2019-09-19 15:28:31 - [TEST_STEP][PASSED] - verifyResponseStatusCode(response, 200): Verify response status code successfully&#xD;
&#xD;
2019-09-19 15:28:31 - [MESSAGE][PASSED] - Verify response status code successfully</system-out>
            <system-err></system-err>
        </testcase>
        <testcase name="Test Cases/AlterationScoringNBMajor/PRUmed Benefit Limitation/PRUmed Benefit Limitation" classname="Test Cases/AlterationScoringNBMajor/PRUmed Benefit Limitation/PRUmed Benefit Limitation" status="PASSED">
            <system-out>2019-09-19 15:28:31 - [TEST_CASE][PASSED] - Test Cases/AlterationScoringNBMajor/PRUmed Benefit Limitation/PRUmed Benefit Limitation: Test Cases/AlterationScoringNBMajor/PRUmed Benefit Limitation/PRUmed Benefit Limitation&#xD;
&#xD;
2019-09-19 15:28:31 - [TEST_STEP][PASSED] - response = sendRequest(findTestObject("AlterationScroingNBMajor/PRUmed Benefit Limitation/Version 1.0_Check_1.391/Request Object", ["transactionType":transactionType, "clientType":clientType, "role":role, "subAlter":subAlter, "eviCode":eviCode, "riderCode":riderCode, ... ])): Send request successfully&#xD;
&#xD;
2019-09-19 15:28:31 - [MESSAGE][INFO] - HAR: C:\SURYAPURBA\PHS\PHS-BRMS\Reports\AlterationScoringNBMajor\PRUmed Benefit Limitation\20190919_152823\requests\main\2.har&#xD;
&#xD;
2019-09-19 15:28:31 - [MESSAGE][PASSED] - Send request successfully&#xD;
&#xD;
2019-09-19 15:28:31 - [TEST_STEP][PASSED] - slurper = new groovy.json.JsonSlurper(): null&#xD;
&#xD;
2019-09-19 15:28:31 - [TEST_STEP][PASSED] - parsingResponse = slurper.parseText(response.getResponseText()): null&#xD;
&#xD;
2019-09-19 15:28:31 - [TEST_STEP][PASSED] - println(parsingResponse): null&#xD;
&#xD;
2019-09-19 15:28:31 - [TEST_STEP][PASSED] - evidenceCode = evidenceCode: null&#xD;
&#xD;
2019-09-19 15:28:31 - [TEST_STEP][PASSED] - println(evidenceCode): null&#xD;
&#xD;
2019-09-19 15:28:31 - [TEST_STEP][PASSED] - println(expectedEvidenceCode): null&#xD;
&#xD;
2019-09-19 15:28:31 - [TEST_STEP][PASSED] - if (expectedEvidenceCode != "STD"): null&#xD;
&#xD;
2019-09-19 15:28:31 - [TEST_STEP][PASSED] - verifyResponseStatusCode(response, 200): Verify response status code successfully&#xD;
&#xD;
2019-09-19 15:28:31 - [MESSAGE][PASSED] - Verify response status code successfully</system-out>
            <system-err></system-err>
        </testcase>
        <testcase name="Test Cases/AlterationScoringNBMajor/PRUmed Benefit Limitation/PRUmed Benefit Limitation" classname="Test Cases/AlterationScoringNBMajor/PRUmed Benefit Limitation/PRUmed Benefit Limitation" status="PASSED">
            <system-out>2019-09-19 15:28:32 - [TEST_CASE][PASSED] - Test Cases/AlterationScoringNBMajor/PRUmed Benefit Limitation/PRUmed Benefit Limitation: Test Cases/AlterationScoringNBMajor/PRUmed Benefit Limitation/PRUmed Benefit Limitation&#xD;
&#xD;
2019-09-19 15:28:32 - [TEST_STEP][PASSED] - response = sendRequest(findTestObject("AlterationScroingNBMajor/PRUmed Benefit Limitation/Version 1.0_Check_1.391/Request Object", ["transactionType":transactionType, "clientType":clientType, "role":role, "subAlter":subAlter, "eviCode":eviCode, "riderCode":riderCode, ... ])): Send request successfully&#xD;
&#xD;
2019-09-19 15:28:32 - [MESSAGE][INFO] - HAR: C:\SURYAPURBA\PHS\PHS-BRMS\Reports\AlterationScoringNBMajor\PRUmed Benefit Limitation\20190919_152823\requests\main\3.har&#xD;
&#xD;
2019-09-19 15:28:32 - [MESSAGE][PASSED] - Send request successfully&#xD;
&#xD;
2019-09-19 15:28:32 - [TEST_STEP][PASSED] - slurper = new groovy.json.JsonSlurper(): null&#xD;
&#xD;
2019-09-19 15:28:32 - [TEST_STEP][PASSED] - parsingResponse = slurper.parseText(response.getResponseText()): null&#xD;
&#xD;
2019-09-19 15:28:32 - [TEST_STEP][PASSED] - println(parsingResponse): null&#xD;
&#xD;
2019-09-19 15:28:32 - [TEST_STEP][PASSED] - evidenceCode = evidenceCode: null&#xD;
&#xD;
2019-09-19 15:28:32 - [TEST_STEP][PASSED] - println(evidenceCode): null&#xD;
&#xD;
2019-09-19 15:28:32 - [TEST_STEP][PASSED] - println(expectedEvidenceCode): null&#xD;
&#xD;
2019-09-19 15:28:32 - [TEST_STEP][PASSED] - if (expectedEvidenceCode != "STD"): null&#xD;
&#xD;
2019-09-19 15:28:32 - [TEST_STEP][PASSED] - verifyResponseStatusCode(response, 200): Verify response status code successfully&#xD;
&#xD;
2019-09-19 15:28:32 - [MESSAGE][PASSED] - Verify response status code successfully</system-out>
            <system-err></system-err>
        </testcase>
        <testcase name="Test Cases/AlterationScoringNBMajor/PRUmed Benefit Limitation/PRUmed Benefit Limitation" classname="Test Cases/AlterationScoringNBMajor/PRUmed Benefit Limitation/PRUmed Benefit Limitation" status="PASSED">
            <system-out>2019-09-19 15:28:32 - [TEST_CASE][PASSED] - Test Cases/AlterationScoringNBMajor/PRUmed Benefit Limitation/PRUmed Benefit Limitation: Test Cases/AlterationScoringNBMajor/PRUmed Benefit Limitation/PRUmed Benefit Limitation&#xD;
&#xD;
2019-09-19 15:28:33 - [TEST_STEP][PASSED] - response = sendRequest(findTestObject("AlterationScroingNBMajor/PRUmed Benefit Limitation/Version 1.0_Check_1.391/Request Object", ["transactionType":transactionType, "clientType":clientType, "role":role, "subAlter":subAlter, "eviCode":eviCode, "riderCode":riderCode, ... ])): Send request successfully&#xD;
&#xD;
2019-09-19 15:28:33 - [MESSAGE][INFO] - HAR: C:\SURYAPURBA\PHS\PHS-BRMS\Reports\AlterationScoringNBMajor\PRUmed Benefit Limitation\20190919_152823\requests\main\4.har&#xD;
&#xD;
2019-09-19 15:28:33 - [MESSAGE][PASSED] - Send request successfully&#xD;
&#xD;
2019-09-19 15:28:33 - [TEST_STEP][PASSED] - slurper = new groovy.json.JsonSlurper(): null&#xD;
&#xD;
2019-09-19 15:28:33 - [TEST_STEP][PASSED] - parsingResponse = slurper.parseText(response.getResponseText()): null&#xD;
&#xD;
2019-09-19 15:28:33 - [TEST_STEP][PASSED] - println(parsingResponse): null&#xD;
&#xD;
2019-09-19 15:28:33 - [TEST_STEP][PASSED] - evidenceCode = evidenceCode: null&#xD;
&#xD;
2019-09-19 15:28:33 - [TEST_STEP][PASSED] - println(evidenceCode): null&#xD;
&#xD;
2019-09-19 15:28:33 - [TEST_STEP][PASSED] - println(expectedEvidenceCode): null&#xD;
&#xD;
2019-09-19 15:28:33 - [TEST_STEP][PASSED] - if (expectedEvidenceCode != "STD"): null&#xD;
&#xD;
2019-09-19 15:28:33 - [TEST_STEP][PASSED] - verifyResponseStatusCode(response, 200): Verify response status code successfully&#xD;
&#xD;
2019-09-19 15:28:33 - [MESSAGE][PASSED] - Verify response status code successfully</system-out>
            <system-err></system-err>
        </testcase>
        <testcase name="Test Cases/AlterationScoringNBMajor/PRUmed Benefit Limitation/PRUmed Benefit Limitation" classname="Test Cases/AlterationScoringNBMajor/PRUmed Benefit Limitation/PRUmed Benefit Limitation" status="PASSED">
            <system-out>2019-09-19 15:28:33 - [TEST_CASE][PASSED] - Test Cases/AlterationScoringNBMajor/PRUmed Benefit Limitation/PRUmed Benefit Limitation: Test Cases/AlterationScoringNBMajor/PRUmed Benefit Limitation/PRUmed Benefit Limitation&#xD;
&#xD;
2019-09-19 15:28:33 - [TEST_STEP][PASSED] - response = sendRequest(findTestObject("AlterationScroingNBMajor/PRUmed Benefit Limitation/Version 1.0_Check_1.391/Request Object", ["transactionType":transactionType, "clientType":clientType, "role":role, "subAlter":subAlter, "eviCode":eviCode, "riderCode":riderCode, ... ])): Send request successfully&#xD;
&#xD;
2019-09-19 15:28:33 - [MESSAGE][INFO] - HAR: C:\SURYAPURBA\PHS\PHS-BRMS\Reports\AlterationScoringNBMajor\PRUmed Benefit Limitation\20190919_152823\requests\main\5.har&#xD;
&#xD;
2019-09-19 15:28:33 - [MESSAGE][PASSED] - Send request successfully&#xD;
&#xD;
2019-09-19 15:28:33 - [TEST_STEP][PASSED] - slurper = new groovy.json.JsonSlurper(): null&#xD;
&#xD;
2019-09-19 15:28:33 - [TEST_STEP][PASSED] - parsingResponse = slurper.parseText(response.getResponseText()): null&#xD;
&#xD;
2019-09-19 15:28:33 - [TEST_STEP][PASSED] - println(parsingResponse): null&#xD;
&#xD;
2019-09-19 15:28:33 - [TEST_STEP][PASSED] - evidenceCode = evidenceCode: null&#xD;
&#xD;
2019-09-19 15:28:33 - [TEST_STEP][PASSED] - println(evidenceCode): null&#xD;
&#xD;
2019-09-19 15:28:33 - [TEST_STEP][PASSED] - println(expectedEvidenceCode): null&#xD;
&#xD;
2019-09-19 15:28:33 - [TEST_STEP][PASSED] - if (expectedEvidenceCode != "STD"): null&#xD;
&#xD;
2019-09-19 15:28:33 - [TEST_STEP][PASSED] - verifyResponseStatusCode(response, 200): Verify response status code successfully&#xD;
&#xD;
2019-09-19 15:28:33 - [MESSAGE][PASSED] - Verify response status code successfully</system-out>
            <system-err></system-err>
        </testcase>
        <testcase name="Test Cases/AlterationScoringNBMajor/PRUmed Benefit Limitation/PRUmed Benefit Limitation" classname="Test Cases/AlterationScoringNBMajor/PRUmed Benefit Limitation/PRUmed Benefit Limitation" status="PASSED">
            <system-out>2019-09-19 15:28:33 - [TEST_CASE][PASSED] - Test Cases/AlterationScoringNBMajor/PRUmed Benefit Limitation/PRUmed Benefit Limitation: Test Cases/AlterationScoringNBMajor/PRUmed Benefit Limitation/PRUmed Benefit Limitation&#xD;
&#xD;
2019-09-19 15:28:33 - [TEST_STEP][PASSED] - response = sendRequest(findTestObject("AlterationScroingNBMajor/PRUmed Benefit Limitation/Version 1.0_Check_1.391/Request Object", ["transactionType":transactionType, "clientType":clientType, "role":role, "subAlter":subAlter, "eviCode":eviCode, "riderCode":riderCode, ... ])): Send request successfully&#xD;
&#xD;
2019-09-19 15:28:33 - [MESSAGE][INFO] - HAR: C:\SURYAPURBA\PHS\PHS-BRMS\Reports\AlterationScoringNBMajor\PRUmed Benefit Limitation\20190919_152823\requests\main\6.har&#xD;
&#xD;
2019-09-19 15:28:33 - [MESSAGE][PASSED] - Send request successfully&#xD;
&#xD;
2019-09-19 15:28:34 - [TEST_STEP][PASSED] - slurper = new groovy.json.JsonSlurper(): null&#xD;
&#xD;
2019-09-19 15:28:34 - [TEST_STEP][PASSED] - parsingResponse = slurper.parseText(response.getResponseText()): null&#xD;
&#xD;
2019-09-19 15:28:34 - [TEST_STEP][PASSED] - println(parsingResponse): null&#xD;
&#xD;
2019-09-19 15:28:34 - [TEST_STEP][PASSED] - evidenceCode = evidenceCode: null&#xD;
&#xD;
2019-09-19 15:28:34 - [TEST_STEP][PASSED] - println(evidenceCode): null&#xD;
&#xD;
2019-09-19 15:28:34 - [TEST_STEP][PASSED] - println(expectedEvidenceCode): null&#xD;
&#xD;
2019-09-19 15:28:34 - [TEST_STEP][PASSED] - if (expectedEvidenceCode != "STD"): null&#xD;
&#xD;
2019-09-19 15:28:34 - [TEST_STEP][PASSED] - verifyResponseStatusCode(response, 200): Verify response status code successfully&#xD;
&#xD;
2019-09-19 15:28:34 - [MESSAGE][PASSED] - Verify response status code successfully</system-out>
            <system-err></system-err>
        </testcase>
        <testcase name="Test Cases/AlterationScoringNBMajor/PRUmed Benefit Limitation/PRUmed Benefit Limitation" classname="Test Cases/AlterationScoringNBMajor/PRUmed Benefit Limitation/PRUmed Benefit Limitation" status="PASSED">
            <system-out>2019-09-19 15:28:34 - [TEST_CASE][PASSED] - Test Cases/AlterationScoringNBMajor/PRUmed Benefit Limitation/PRUmed Benefit Limitation: Test Cases/AlterationScoringNBMajor/PRUmed Benefit Limitation/PRUmed Benefit Limitation&#xD;
&#xD;
2019-09-19 15:28:34 - [TEST_STEP][PASSED] - response = sendRequest(findTestObject("AlterationScroingNBMajor/PRUmed Benefit Limitation/Version 1.0_Check_1.391/Request Object", ["transactionType":transactionType, "clientType":clientType, "role":role, "subAlter":subAlter, "eviCode":eviCode, "riderCode":riderCode, ... ])): Send request successfully&#xD;
&#xD;
2019-09-19 15:28:34 - [MESSAGE][INFO] - HAR: C:\SURYAPURBA\PHS\PHS-BRMS\Reports\AlterationScoringNBMajor\PRUmed Benefit Limitation\20190919_152823\requests\main\7.har&#xD;
&#xD;
2019-09-19 15:28:34 - [MESSAGE][PASSED] - Send request successfully&#xD;
&#xD;
2019-09-19 15:28:34 - [TEST_STEP][PASSED] - slurper = new groovy.json.JsonSlurper(): null&#xD;
&#xD;
2019-09-19 15:28:34 - [TEST_STEP][PASSED] - parsingResponse = slurper.parseText(response.getResponseText()): null&#xD;
&#xD;
2019-09-19 15:28:34 - [TEST_STEP][PASSED] - println(parsingResponse): null&#xD;
&#xD;
2019-09-19 15:28:34 - [TEST_STEP][PASSED] - evidenceCode = evidenceCode: null&#xD;
&#xD;
2019-09-19 15:28:34 - [TEST_STEP][PASSED] - println(evidenceCode): null&#xD;
&#xD;
2019-09-19 15:28:34 - [TEST_STEP][PASSED] - println(expectedEvidenceCode): null&#xD;
&#xD;
2019-09-19 15:28:34 - [TEST_STEP][PASSED] - if (expectedEvidenceCode != "STD"): null&#xD;
&#xD;
2019-09-19 15:28:34 - [TEST_STEP][PASSED] - verifyResponseStatusCode(response, 200): Verify response status code successfully&#xD;
&#xD;
2019-09-19 15:28:34 - [MESSAGE][PASSED] - Verify response status code successfully</system-out>
            <system-err></system-err>
        </testcase>
        <testcase name="Test Cases/AlterationScoringNBMajor/PRUmed Benefit Limitation/PRUmed Benefit Limitation" classname="Test Cases/AlterationScoringNBMajor/PRUmed Benefit Limitation/PRUmed Benefit Limitation" status="PASSED">
            <system-out>2019-09-19 15:28:34 - [TEST_CASE][PASSED] - Test Cases/AlterationScoringNBMajor/PRUmed Benefit Limitation/PRUmed Benefit Limitation: Test Cases/AlterationScoringNBMajor/PRUmed Benefit Limitation/PRUmed Benefit Limitation&#xD;
&#xD;
2019-09-19 15:28:35 - [TEST_STEP][PASSED] - response = sendRequest(findTestObject("AlterationScroingNBMajor/PRUmed Benefit Limitation/Version 1.0_Check_1.391/Request Object", ["transactionType":transactionType, "clientType":clientType, "role":role, "subAlter":subAlter, "eviCode":eviCode, "riderCode":riderCode, ... ])): Send request successfully&#xD;
&#xD;
2019-09-19 15:28:35 - [MESSAGE][INFO] - HAR: C:\SURYAPURBA\PHS\PHS-BRMS\Reports\AlterationScoringNBMajor\PRUmed Benefit Limitation\20190919_152823\requests\main\8.har&#xD;
&#xD;
2019-09-19 15:28:35 - [MESSAGE][PASSED] - Send request successfully&#xD;
&#xD;
2019-09-19 15:28:35 - [TEST_STEP][PASSED] - slurper = new groovy.json.JsonSlurper(): null&#xD;
&#xD;
2019-09-19 15:28:35 - [TEST_STEP][PASSED] - parsingResponse = slurper.parseText(response.getResponseText()): null&#xD;
&#xD;
2019-09-19 15:28:35 - [TEST_STEP][PASSED] - println(parsingResponse): null&#xD;
&#xD;
2019-09-19 15:28:35 - [TEST_STEP][PASSED] - evidenceCode = evidenceCode: null&#xD;
&#xD;
2019-09-19 15:28:35 - [TEST_STEP][PASSED] - println(evidenceCode): null&#xD;
&#xD;
2019-09-19 15:28:35 - [TEST_STEP][PASSED] - println(expectedEvidenceCode): null&#xD;
&#xD;
2019-09-19 15:28:35 - [TEST_STEP][PASSED] - if (expectedEvidenceCode != "STD"): null&#xD;
&#xD;
2019-09-19 15:28:35 - [TEST_STEP][PASSED] - verifyResponseStatusCode(response, 200): Verify response status code successfully&#xD;
&#xD;
2019-09-19 15:28:35 - [MESSAGE][PASSED] - Verify response status code successfully</system-out>
            <system-err></system-err>
        </testcase>
        <testcase name="Test Cases/AlterationScoringNBMajor/PRUmed Benefit Limitation/PRUmed Benefit Limitation" classname="Test Cases/AlterationScoringNBMajor/PRUmed Benefit Limitation/PRUmed Benefit Limitation" status="PASSED">
            <system-out>2019-09-19 15:28:35 - [TEST_CASE][PASSED] - Test Cases/AlterationScoringNBMajor/PRUmed Benefit Limitation/PRUmed Benefit Limitation: Test Cases/AlterationScoringNBMajor/PRUmed Benefit Limitation/PRUmed Benefit Limitation&#xD;
&#xD;
2019-09-19 15:28:35 - [TEST_STEP][PASSED] - response = sendRequest(findTestObject("AlterationScroingNBMajor/PRUmed Benefit Limitation/Version 1.0_Check_1.391/Request Object", ["transactionType":transactionType, "clientType":clientType, "role":role, "subAlter":subAlter, "eviCode":eviCode, "riderCode":riderCode, ... ])): Send request successfully&#xD;
&#xD;
2019-09-19 15:28:35 - [MESSAGE][INFO] - HAR: C:\SURYAPURBA\PHS\PHS-BRMS\Reports\AlterationScoringNBMajor\PRUmed Benefit Limitation\20190919_152823\requests\main\9.har&#xD;
&#xD;
2019-09-19 15:28:35 - [MESSAGE][PASSED] - Send request successfully&#xD;
&#xD;
2019-09-19 15:28:35 - [TEST_STEP][PASSED] - slurper = new groovy.json.JsonSlurper(): null&#xD;
&#xD;
2019-09-19 15:28:35 - [TEST_STEP][PASSED] - parsingResponse = slurper.parseText(response.getResponseText()): null&#xD;
&#xD;
2019-09-19 15:28:35 - [TEST_STEP][PASSED] - println(parsingResponse): null&#xD;
&#xD;
2019-09-19 15:28:35 - [TEST_STEP][PASSED] - evidenceCode = evidenceCode: null&#xD;
&#xD;
2019-09-19 15:28:35 - [TEST_STEP][PASSED] - println(evidenceCode): null&#xD;
&#xD;
2019-09-19 15:28:35 - [TEST_STEP][PASSED] - println(expectedEvidenceCode): null&#xD;
&#xD;
2019-09-19 15:28:36 - [TEST_STEP][PASSED] - if (expectedEvidenceCode != "STD"): null&#xD;
&#xD;
2019-09-19 15:28:36 - [TEST_STEP][PASSED] - verifyResponseStatusCode(response, 200): Verify response status code successfully&#xD;
&#xD;
2019-09-19 15:28:36 - [MESSAGE][PASSED] - Verify response status code successfully</system-out>
            <system-err></system-err>
        </testcase>
        <testcase name="Test Cases/AlterationScoringNBMajor/PRUmed Benefit Limitation/PRUmed Benefit Limitation" classname="Test Cases/AlterationScoringNBMajor/PRUmed Benefit Limitation/PRUmed Benefit Limitation" status="PASSED">
            <system-out>2019-09-19 15:28:36 - [TEST_CASE][PASSED] - Test Cases/AlterationScoringNBMajor/PRUmed Benefit Limitation/PRUmed Benefit Limitation: Test Cases/AlterationScoringNBMajor/PRUmed Benefit Limitation/PRUmed Benefit Limitation&#xD;
&#xD;
2019-09-19 15:28:36 - [TEST_STEP][PASSED] - response = sendRequest(findTestObject("AlterationScroingNBMajor/PRUmed Benefit Limitation/Version 1.0_Check_1.391/Request Object", ["transactionType":transactionType, "clientType":clientType, "role":role, "subAlter":subAlter, "eviCode":eviCode, "riderCode":riderCode, ... ])): Send request successfully&#xD;
&#xD;
2019-09-19 15:28:36 - [MESSAGE][INFO] - HAR: C:\SURYAPURBA\PHS\PHS-BRMS\Reports\AlterationScoringNBMajor\PRUmed Benefit Limitation\20190919_152823\requests\main\10.har&#xD;
&#xD;
2019-09-19 15:28:36 - [MESSAGE][PASSED] - Send request successfully&#xD;
&#xD;
2019-09-19 15:28:36 - [TEST_STEP][PASSED] - slurper = new groovy.json.JsonSlurper(): null&#xD;
&#xD;
2019-09-19 15:28:36 - [TEST_STEP][PASSED] - parsingResponse = slurper.parseText(response.getResponseText()): null&#xD;
&#xD;
2019-09-19 15:28:36 - [TEST_STEP][PASSED] - println(parsingResponse): null&#xD;
&#xD;
2019-09-19 15:28:36 - [TEST_STEP][PASSED] - evidenceCode = evidenceCode: null&#xD;
&#xD;
2019-09-19 15:28:36 - [TEST_STEP][PASSED] - println(evidenceCode): null&#xD;
&#xD;
2019-09-19 15:28:36 - [TEST_STEP][PASSED] - println(expectedEvidenceCode): null&#xD;
&#xD;
2019-09-19 15:28:36 - [TEST_STEP][PASSED] - if (expectedEvidenceCode != "STD"): null&#xD;
&#xD;
2019-09-19 15:28:36 - [TEST_STEP][PASSED] - verifyResponseStatusCode(response, 200): Verify response status code successfully&#xD;
&#xD;
2019-09-19 15:28:36 - [MESSAGE][PASSED] - Verify response status code successfully</system-out>
            <system-err></system-err>
        </testcase>
        <testcase name="Test Cases/AlterationScoringNBMajor/PRUmed Benefit Limitation/PRUmed Benefit Limitation" classname="Test Cases/AlterationScoringNBMajor/PRUmed Benefit Limitation/PRUmed Benefit Limitation" status="PASSED">
            <system-out>2019-09-19 15:28:36 - [TEST_CASE][PASSED] - Test Cases/AlterationScoringNBMajor/PRUmed Benefit Limitation/PRUmed Benefit Limitation: Test Cases/AlterationScoringNBMajor/PRUmed Benefit Limitation/PRUmed Benefit Limitation&#xD;
&#xD;
2019-09-19 15:28:36 - [TEST_STEP][PASSED] - response = sendRequest(findTestObject("AlterationScroingNBMajor/PRUmed Benefit Limitation/Version 1.0_Check_1.391/Request Object", ["transactionType":transactionType, "clientType":clientType, "role":role, "subAlter":subAlter, "eviCode":eviCode, "riderCode":riderCode, ... ])): Send request successfully&#xD;
&#xD;
2019-09-19 15:28:36 - [MESSAGE][INFO] - HAR: C:\SURYAPURBA\PHS\PHS-BRMS\Reports\AlterationScoringNBMajor\PRUmed Benefit Limitation\20190919_152823\requests\main\11.har&#xD;
&#xD;
2019-09-19 15:28:36 - [MESSAGE][PASSED] - Send request successfully&#xD;
&#xD;
2019-09-19 15:28:36 - [TEST_STEP][PASSED] - slurper = new groovy.json.JsonSlurper(): null&#xD;
&#xD;
2019-09-19 15:28:37 - [TEST_STEP][PASSED] - parsingResponse = slurper.parseText(response.getResponseText()): null&#xD;
&#xD;
2019-09-19 15:28:37 - [TEST_STEP][PASSED] - println(parsingResponse): null&#xD;
&#xD;
2019-09-19 15:28:37 - [TEST_STEP][PASSED] - evidenceCode = evidenceCode: null&#xD;
&#xD;
2019-09-19 15:28:37 - [TEST_STEP][PASSED] - println(evidenceCode): null&#xD;
&#xD;
2019-09-19 15:28:37 - [TEST_STEP][PASSED] - println(expectedEvidenceCode): null&#xD;
&#xD;
2019-09-19 15:28:37 - [TEST_STEP][PASSED] - if (expectedEvidenceCode != "STD"): null&#xD;
&#xD;
2019-09-19 15:28:37 - [TEST_STEP][PASSED] - verifyResponseStatusCode(response, 200): Verify response status code successfully&#xD;
&#xD;
2019-09-19 15:28:37 - [MESSAGE][PASSED] - Verify response status code successfully</system-out>
            <system-err></system-err>
        </testcase>
        <testcase name="Test Cases/AlterationScoringNBMajor/PRUmed Benefit Limitation/PRUmed Benefit Limitation" classname="Test Cases/AlterationScoringNBMajor/PRUmed Benefit Limitation/PRUmed Benefit Limitation" status="PASSED">
            <system-out>2019-09-19 15:28:37 - [TEST_CASE][PASSED] - Test Cases/AlterationScoringNBMajor/PRUmed Benefit Limitation/PRUmed Benefit Limitation: Test Cases/AlterationScoringNBMajor/PRUmed Benefit Limitation/PRUmed Benefit Limitation&#xD;
&#xD;
2019-09-19 15:28:37 - [TEST_STEP][PASSED] - response = sendRequest(findTestObject("AlterationScroingNBMajor/PRUmed Benefit Limitation/Version 1.0_Check_1.391/Request Object", ["transactionType":transactionType, "clientType":clientType, "role":role, "subAlter":subAlter, "eviCode":eviCode, "riderCode":riderCode, ... ])): Send request successfully&#xD;
&#xD;
2019-09-19 15:28:37 - [MESSAGE][INFO] - HAR: C:\SURYAPURBA\PHS\PHS-BRMS\Reports\AlterationScoringNBMajor\PRUmed Benefit Limitation\20190919_152823\requests\main\12.har&#xD;
&#xD;
2019-09-19 15:28:37 - [MESSAGE][PASSED] - Send request successfully&#xD;
&#xD;
2019-09-19 15:28:37 - [TEST_STEP][PASSED] - slurper = new groovy.json.JsonSlurper(): null&#xD;
&#xD;
2019-09-19 15:28:37 - [TEST_STEP][PASSED] - parsingResponse = slurper.parseText(response.getResponseText()): null&#xD;
&#xD;
2019-09-19 15:28:37 - [TEST_STEP][PASSED] - println(parsingResponse): null&#xD;
&#xD;
2019-09-19 15:28:37 - [TEST_STEP][PASSED] - evidenceCode = evidenceCode: null&#xD;
&#xD;
2019-09-19 15:28:37 - [TEST_STEP][PASSED] - println(evidenceCode): null&#xD;
&#xD;
2019-09-19 15:28:37 - [TEST_STEP][PASSED] - println(expectedEvidenceCode): null&#xD;
&#xD;
2019-09-19 15:28:37 - [TEST_STEP][PASSED] - if (expectedEvidenceCode != "STD"): null&#xD;
&#xD;
2019-09-19 15:28:37 - [TEST_STEP][PASSED] - verifyResponseStatusCode(response, 200): Verify response status code successfully&#xD;
&#xD;
2019-09-19 15:28:37 - [MESSAGE][PASSED] - Verify response status code successfully</system-out>
            <system-err></system-err>
        </testcase>
        <testcase name="Test Cases/AlterationScoringNBMajor/PRUmed Benefit Limitation/PRUmed Benefit Limitation" classname="Test Cases/AlterationScoringNBMajor/PRUmed Benefit Limitation/PRUmed Benefit Limitation" status="PASSED">
            <system-out>2019-09-19 15:28:37 - [TEST_CASE][PASSED] - Test Cases/AlterationScoringNBMajor/PRUmed Benefit Limitation/PRUmed Benefit Limitation: Test Cases/AlterationScoringNBMajor/PRUmed Benefit Limitation/PRUmed Benefit Limitation&#xD;
&#xD;
2019-09-19 15:28:38 - [TEST_STEP][PASSED] - response = sendRequest(findTestObject("AlterationScroingNBMajor/PRUmed Benefit Limitation/Version 1.0_Check_1.391/Request Object", ["transactionType":transactionType, "clientType":clientType, "role":role, "subAlter":subAlter, "eviCode":eviCode, "riderCode":riderCode, ... ])): Send request successfully&#xD;
&#xD;
2019-09-19 15:28:38 - [MESSAGE][INFO] - HAR: C:\SURYAPURBA\PHS\PHS-BRMS\Reports\AlterationScoringNBMajor\PRUmed Benefit Limitation\20190919_152823\requests\main\13.har&#xD;
&#xD;
2019-09-19 15:28:38 - [MESSAGE][PASSED] - Send request successfully&#xD;
&#xD;
2019-09-19 15:28:38 - [TEST_STEP][PASSED] - slurper = new groovy.json.JsonSlurper(): null&#xD;
&#xD;
2019-09-19 15:28:38 - [TEST_STEP][PASSED] - parsingResponse = slurper.parseText(response.getResponseText()): null&#xD;
&#xD;
2019-09-19 15:28:38 - [TEST_STEP][PASSED] - println(parsingResponse): null&#xD;
&#xD;
2019-09-19 15:28:38 - [TEST_STEP][PASSED] - evidenceCode = evidenceCode: null&#xD;
&#xD;
2019-09-19 15:28:38 - [TEST_STEP][PASSED] - println(evidenceCode): null&#xD;
&#xD;
2019-09-19 15:28:38 - [TEST_STEP][PASSED] - println(expectedEvidenceCode): null&#xD;
&#xD;
2019-09-19 15:28:38 - [TEST_STEP][PASSED] - if (expectedEvidenceCode != "STD"): null&#xD;
&#xD;
2019-09-19 15:28:38 - [TEST_STEP][PASSED] - verifyResponseStatusCode(response, 200): Verify response status code successfully&#xD;
&#xD;
2019-09-19 15:28:38 - [MESSAGE][PASSED] - Verify response status code successfully</system-out>
            <system-err></system-err>
        </testcase>
        <testcase name="Test Cases/AlterationScoringNBMajor/PRUmed Benefit Limitation/PRUmed Benefit Limitation" classname="Test Cases/AlterationScoringNBMajor/PRUmed Benefit Limitation/PRUmed Benefit Limitation" status="PASSED">
            <system-out>2019-09-19 15:28:38 - [TEST_CASE][PASSED] - Test Cases/AlterationScoringNBMajor/PRUmed Benefit Limitation/PRUmed Benefit Limitation: Test Cases/AlterationScoringNBMajor/PRUmed Benefit Limitation/PRUmed Benefit Limitation&#xD;
&#xD;
2019-09-19 15:28:38 - [TEST_STEP][PASSED] - response = sendRequest(findTestObject("AlterationScroingNBMajor/PRUmed Benefit Limitation/Version 1.0_Check_1.391/Request Object", ["transactionType":transactionType, "clientType":clientType, "role":role, "subAlter":subAlter, "eviCode":eviCode, "riderCode":riderCode, ... ])): Send request successfully&#xD;
&#xD;
2019-09-19 15:28:38 - [MESSAGE][INFO] - HAR: C:\SURYAPURBA\PHS\PHS-BRMS\Reports\AlterationScoringNBMajor\PRUmed Benefit Limitation\20190919_152823\requests\main\14.har&#xD;
&#xD;
2019-09-19 15:28:38 - [MESSAGE][PASSED] - Send request successfully&#xD;
&#xD;
2019-09-19 15:28:38 - [TEST_STEP][PASSED] - slurper = new groovy.json.JsonSlurper(): null&#xD;
&#xD;
2019-09-19 15:28:38 - [TEST_STEP][PASSED] - parsingResponse = slurper.parseText(response.getResponseText()): null&#xD;
&#xD;
2019-09-19 15:28:38 - [TEST_STEP][PASSED] - println(parsingResponse): null&#xD;
&#xD;
2019-09-19 15:28:38 - [TEST_STEP][PASSED] - evidenceCode = evidenceCode: null&#xD;
&#xD;
2019-09-19 15:28:38 - [TEST_STEP][PASSED] - println(evidenceCode): null&#xD;
&#xD;
2019-09-19 15:28:38 - [TEST_STEP][PASSED] - println(expectedEvidenceCode): null&#xD;
&#xD;
2019-09-19 15:28:38 - [TEST_STEP][PASSED] - if (expectedEvidenceCode != "STD"): null&#xD;
&#xD;
2019-09-19 15:28:39 - [TEST_STEP][PASSED] - verifyResponseStatusCode(response, 200): Verify response status code successfully&#xD;
&#xD;
2019-09-19 15:28:39 - [MESSAGE][PASSED] - Verify response status code successfully</system-out>
            <system-err></system-err>
        </testcase>
        <testcase name="Test Cases/AlterationScoringNBMajor/PRUmed Benefit Limitation/PRUmed Benefit Limitation" classname="Test Cases/AlterationScoringNBMajor/PRUmed Benefit Limitation/PRUmed Benefit Limitation" status="PASSED">
            <system-out>2019-09-19 15:28:39 - [TEST_CASE][PASSED] - Test Cases/AlterationScoringNBMajor/PRUmed Benefit Limitation/PRUmed Benefit Limitation: Test Cases/AlterationScoringNBMajor/PRUmed Benefit Limitation/PRUmed Benefit Limitation&#xD;
&#xD;
2019-09-19 15:28:39 - [TEST_STEP][PASSED] - response = sendRequest(findTestObject("AlterationScroingNBMajor/PRUmed Benefit Limitation/Version 1.0_Check_1.391/Request Object", ["transactionType":transactionType, "clientType":clientType, "role":role, "subAlter":subAlter, "eviCode":eviCode, "riderCode":riderCode, ... ])): Send request successfully&#xD;
&#xD;
2019-09-19 15:28:39 - [MESSAGE][INFO] - HAR: C:\SURYAPURBA\PHS\PHS-BRMS\Reports\AlterationScoringNBMajor\PRUmed Benefit Limitation\20190919_152823\requests\main\15.har&#xD;
&#xD;
2019-09-19 15:28:39 - [MESSAGE][PASSED] - Send request successfully&#xD;
&#xD;
2019-09-19 15:28:39 - [TEST_STEP][PASSED] - slurper = new groovy.json.JsonSlurper(): null&#xD;
&#xD;
2019-09-19 15:28:39 - [TEST_STEP][PASSED] - parsingResponse = slurper.parseText(response.getResponseText()): null&#xD;
&#xD;
2019-09-19 15:28:39 - [TEST_STEP][PASSED] - println(parsingResponse): null&#xD;
&#xD;
2019-09-19 15:28:39 - [TEST_STEP][PASSED] - evidenceCode = evidenceCode: null&#xD;
&#xD;
2019-09-19 15:28:39 - [TEST_STEP][PASSED] - println(evidenceCode): null&#xD;
&#xD;
2019-09-19 15:28:39 - [TEST_STEP][PASSED] - println(expectedEvidenceCode): null&#xD;
&#xD;
2019-09-19 15:28:39 - [TEST_STEP][PASSED] - if (expectedEvidenceCode != "STD"): null&#xD;
&#xD;
2019-09-19 15:28:39 - [TEST_STEP][PASSED] - verifyResponseStatusCode(response, 200): Verify response status code successfully&#xD;
&#xD;
2019-09-19 15:28:39 - [MESSAGE][PASSED] - Verify response status code successfully</system-out>
            <system-err></system-err>
        </testcase>
        <testcase name="Test Cases/AlterationScoringNBMajor/PRUmed Benefit Limitation/PRUmed Benefit Limitation" classname="Test Cases/AlterationScoringNBMajor/PRUmed Benefit Limitation/PRUmed Benefit Limitation" status="PASSED">
            <system-out>2019-09-19 15:28:40 - [TEST_CASE][PASSED] - Test Cases/AlterationScoringNBMajor/PRUmed Benefit Limitation/PRUmed Benefit Limitation: Test Cases/AlterationScoringNBMajor/PRUmed Benefit Limitation/PRUmed Benefit Limitation&#xD;
&#xD;
2019-09-19 15:28:40 - [TEST_STEP][PASSED] - response = sendRequest(findTestObject("AlterationScroingNBMajor/PRUmed Benefit Limitation/Version 1.0_Check_1.391/Request Object", ["transactionType":transactionType, "clientType":clientType, "role":role, "subAlter":subAlter, "eviCode":eviCode, "riderCode":riderCode, ... ])): Send request successfully&#xD;
&#xD;
2019-09-19 15:28:40 - [MESSAGE][INFO] - HAR: C:\SURYAPURBA\PHS\PHS-BRMS\Reports\AlterationScoringNBMajor\PRUmed Benefit Limitation\20190919_152823\requests\main\16.har&#xD;
&#xD;
2019-09-19 15:28:40 - [MESSAGE][PASSED] - Send request successfully&#xD;
&#xD;
2019-09-19 15:28:40 - [TEST_STEP][PASSED] - slurper = new groovy.json.JsonSlurper(): null&#xD;
&#xD;
2019-09-19 15:28:40 - [TEST_STEP][PASSED] - parsingResponse = slurper.parseText(response.getResponseText()): null&#xD;
&#xD;
2019-09-19 15:28:40 - [TEST_STEP][PASSED] - println(parsingResponse): null&#xD;
&#xD;
2019-09-19 15:28:40 - [TEST_STEP][PASSED] - evidenceCode = evidenceCode: null&#xD;
&#xD;
2019-09-19 15:28:40 - [TEST_STEP][PASSED] - println(evidenceCode): null&#xD;
&#xD;
2019-09-19 15:28:40 - [TEST_STEP][PASSED] - println(expectedEvidenceCode): null&#xD;
&#xD;
2019-09-19 15:28:40 - [TEST_STEP][PASSED] - if (expectedEvidenceCode != "STD"): null&#xD;
&#xD;
2019-09-19 15:28:40 - [TEST_STEP][PASSED] - verifyResponseStatusCode(response, 200): Verify response status code successfully&#xD;
&#xD;
2019-09-19 15:28:40 - [MESSAGE][PASSED] - Verify response status code successfully</system-out>
            <system-err></system-err>
        </testcase>
        <testcase name="Test Cases/AlterationScoringNBMajor/PRUmed Benefit Limitation/PRUmed Benefit Limitation" classname="Test Cases/AlterationScoringNBMajor/PRUmed Benefit Limitation/PRUmed Benefit Limitation" status="PASSED">
            <system-out>2019-09-19 15:28:40 - [TEST_CASE][PASSED] - Test Cases/AlterationScoringNBMajor/PRUmed Benefit Limitation/PRUmed Benefit Limitation: Test Cases/AlterationScoringNBMajor/PRUmed Benefit Limitation/PRUmed Benefit Limitation&#xD;
&#xD;
2019-09-19 15:28:40 - [TEST_STEP][PASSED] - response = sendRequest(findTestObject("AlterationScroingNBMajor/PRUmed Benefit Limitation/Version 1.0_Check_1.391/Request Object", ["transactionType":transactionType, "clientType":clientType, "role":role, "subAlter":subAlter, "eviCode":eviCode, "riderCode":riderCode, ... ])): Send request successfully&#xD;
&#xD;
2019-09-19 15:28:40 - [MESSAGE][INFO] - HAR: C:\SURYAPURBA\PHS\PHS-BRMS\Reports\AlterationScoringNBMajor\PRUmed Benefit Limitation\20190919_152823\requests\main\17.har&#xD;
&#xD;
2019-09-19 15:28:40 - [MESSAGE][PASSED] - Send request successfully&#xD;
&#xD;
2019-09-19 15:28:40 - [TEST_STEP][PASSED] - slurper = new groovy.json.JsonSlurper(): null&#xD;
&#xD;
2019-09-19 15:28:40 - [TEST_STEP][PASSED] - parsingResponse = slurper.parseText(response.getResponseText()): null&#xD;
&#xD;
2019-09-19 15:28:41 - [TEST_STEP][PASSED] - println(parsingResponse): null&#xD;
&#xD;
2019-09-19 15:28:41 - [TEST_STEP][PASSED] - evidenceCode = evidenceCode: null&#xD;
&#xD;
2019-09-19 15:28:41 - [TEST_STEP][PASSED] - println(evidenceCode): null&#xD;
&#xD;
2019-09-19 15:28:41 - [TEST_STEP][PASSED] - println(expectedEvidenceCode): null&#xD;
&#xD;
2019-09-19 15:28:41 - [TEST_STEP][PASSED] - if (expectedEvidenceCode != "STD"): null&#xD;
&#xD;
2019-09-19 15:28:41 - [TEST_STEP][PASSED] - verifyResponseStatusCode(response, 200): Verify response status code successfully&#xD;
&#xD;
2019-09-19 15:28:41 - [MESSAGE][PASSED] - Verify response status code successfully</system-out>
            <system-err></system-err>
        </testcase>
        <testcase name="Test Cases/AlterationScoringNBMajor/PRUmed Benefit Limitation/PRUmed Benefit Limitation" classname="Test Cases/AlterationScoringNBMajor/PRUmed Benefit Limitation/PRUmed Benefit Limitation" status="PASSED">
            <system-out>2019-09-19 15:28:41 - [TEST_CASE][PASSED] - Test Cases/AlterationScoringNBMajor/PRUmed Benefit Limitation/PRUmed Benefit Limitation: Test Cases/AlterationScoringNBMajor/PRUmed Benefit Limitation/PRUmed Benefit Limitation&#xD;
&#xD;
2019-09-19 15:28:41 - [TEST_STEP][PASSED] - response = sendRequest(findTestObject("AlterationScroingNBMajor/PRUmed Benefit Limitation/Version 1.0_Check_1.391/Request Object", ["transactionType":transactionType, "clientType":clientType, "role":role, "subAlter":subAlter, "eviCode":eviCode, "riderCode":riderCode, ... ])): Send request successfully&#xD;
&#xD;
2019-09-19 15:28:41 - [MESSAGE][INFO] - HAR: C:\SURYAPURBA\PHS\PHS-BRMS\Reports\AlterationScoringNBMajor\PRUmed Benefit Limitation\20190919_152823\requests\main\18.har&#xD;
&#xD;
2019-09-19 15:28:41 - [MESSAGE][PASSED] - Send request successfully&#xD;
&#xD;
2019-09-19 15:28:41 - [TEST_STEP][PASSED] - slurper = new groovy.json.JsonSlurper(): null&#xD;
&#xD;
2019-09-19 15:28:41 - [TEST_STEP][PASSED] - parsingResponse = slurper.parseText(response.getResponseText()): null&#xD;
&#xD;
2019-09-19 15:28:41 - [TEST_STEP][PASSED] - println(parsingResponse): null&#xD;
&#xD;
2019-09-19 15:28:41 - [TEST_STEP][PASSED] - evidenceCode = evidenceCode: null&#xD;
&#xD;
2019-09-19 15:28:41 - [TEST_STEP][PASSED] - println(evidenceCode): null&#xD;
&#xD;
2019-09-19 15:28:41 - [TEST_STEP][PASSED] - println(expectedEvidenceCode): null&#xD;
&#xD;
2019-09-19 15:28:41 - [TEST_STEP][PASSED] - if (expectedEvidenceCode != "STD"): null&#xD;
&#xD;
2019-09-19 15:28:41 - [TEST_STEP][PASSED] - verifyResponseStatusCode(response, 200): Verify response status code successfully&#xD;
&#xD;
2019-09-19 15:28:41 - [MESSAGE][PASSED] - Verify response status code successfully</system-out>
            <system-err></system-err>
        </testcase>
        <testcase name="Test Cases/AlterationScoringNBMajor/PRUmed Benefit Limitation/PRUmed Benefit Limitation" classname="Test Cases/AlterationScoringNBMajor/PRUmed Benefit Limitation/PRUmed Benefit Limitation" status="PASSED">
            <system-out>2019-09-19 15:28:41 - [TEST_CASE][PASSED] - Test Cases/AlterationScoringNBMajor/PRUmed Benefit Limitation/PRUmed Benefit Limitation: Test Cases/AlterationScoringNBMajor/PRUmed Benefit Limitation/PRUmed Benefit Limitation&#xD;
&#xD;
2019-09-19 15:28:42 - [TEST_STEP][PASSED] - response = sendRequest(findTestObject("AlterationScroingNBMajor/PRUmed Benefit Limitation/Version 1.0_Check_1.391/Request Object", ["transactionType":transactionType, "clientType":clientType, "role":role, "subAlter":subAlter, "eviCode":eviCode, "riderCode":riderCode, ... ])): Send request successfully&#xD;
&#xD;
2019-09-19 15:28:42 - [MESSAGE][INFO] - HAR: C:\SURYAPURBA\PHS\PHS-BRMS\Reports\AlterationScoringNBMajor\PRUmed Benefit Limitation\20190919_152823\requests\main\19.har&#xD;
&#xD;
2019-09-19 15:28:42 - [MESSAGE][PASSED] - Send request successfully&#xD;
&#xD;
2019-09-19 15:28:42 - [TEST_STEP][PASSED] - slurper = new groovy.json.JsonSlurper(): null&#xD;
&#xD;
2019-09-19 15:28:42 - [TEST_STEP][PASSED] - parsingResponse = slurper.parseText(response.getResponseText()): null&#xD;
&#xD;
2019-09-19 15:28:42 - [TEST_STEP][PASSED] - println(parsingResponse): null&#xD;
&#xD;
2019-09-19 15:28:42 - [TEST_STEP][PASSED] - evidenceCode = evidenceCode: null&#xD;
&#xD;
2019-09-19 15:28:42 - [TEST_STEP][PASSED] - println(evidenceCode): null&#xD;
&#xD;
2019-09-19 15:28:42 - [TEST_STEP][PASSED] - println(expectedEvidenceCode): null&#xD;
&#xD;
2019-09-19 15:28:42 - [TEST_STEP][PASSED] - if (expectedEvidenceCode != "STD"): null&#xD;
&#xD;
2019-09-19 15:28:42 - [TEST_STEP][PASSED] - verifyResponseStatusCode(response, 200): Verify response status code successfully&#xD;
&#xD;
2019-09-19 15:28:42 - [MESSAGE][PASSED] - Verify response status code successfully</system-out>
            <system-err></system-err>
        </testcase>
        <testcase name="Test Cases/AlterationScoringNBMajor/PRUmed Benefit Limitation/PRUmed Benefit Limitation" classname="Test Cases/AlterationScoringNBMajor/PRUmed Benefit Limitation/PRUmed Benefit Limitation" status="PASSED">
            <system-out>2019-09-19 15:28:42 - [TEST_CASE][PASSED] - Test Cases/AlterationScoringNBMajor/PRUmed Benefit Limitation/PRUmed Benefit Limitation: Test Cases/AlterationScoringNBMajor/PRUmed Benefit Limitation/PRUmed Benefit Limitation&#xD;
&#xD;
2019-09-19 15:28:42 - [TEST_STEP][PASSED] - response = sendRequest(findTestObject("AlterationScroingNBMajor/PRUmed Benefit Limitation/Version 1.0_Check_1.391/Request Object", ["transactionType":transactionType, "clientType":clientType, "role":role, "subAlter":subAlter, "eviCode":eviCode, "riderCode":riderCode, ... ])): Send request successfully&#xD;
&#xD;
2019-09-19 15:28:42 - [MESSAGE][INFO] - HAR: C:\SURYAPURBA\PHS\PHS-BRMS\Reports\AlterationScoringNBMajor\PRUmed Benefit Limitation\20190919_152823\requests\main\20.har&#xD;
&#xD;
2019-09-19 15:28:42 - [MESSAGE][PASSED] - Send request successfully&#xD;
&#xD;
2019-09-19 15:28:42 - [TEST_STEP][PASSED] - slurper = new groovy.json.JsonSlurper(): null&#xD;
&#xD;
2019-09-19 15:28:42 - [TEST_STEP][PASSED] - parsingResponse = slurper.parseText(response.getResponseText()): null&#xD;
&#xD;
2019-09-19 15:28:42 - [TEST_STEP][PASSED] - println(parsingResponse): null&#xD;
&#xD;
2019-09-19 15:28:42 - [TEST_STEP][PASSED] - evidenceCode = evidenceCode: null&#xD;
&#xD;
2019-09-19 15:28:42 - [TEST_STEP][PASSED] - println(evidenceCode): null&#xD;
&#xD;
2019-09-19 15:28:42 - [TEST_STEP][PASSED] - println(expectedEvidenceCode): null&#xD;
&#xD;
2019-09-19 15:28:42 - [TEST_STEP][PASSED] - if (expectedEvidenceCode != "STD"): null&#xD;
&#xD;
2019-09-19 15:28:42 - [TEST_STEP][PASSED] - verifyResponseStatusCode(response, 200): Verify response status code successfully&#xD;
&#xD;
2019-09-19 15:28:42 - [MESSAGE][PASSED] - Verify response status code successfully</system-out>
            <system-err></system-err>
        </testcase>
        <testcase name="Test Cases/AlterationScoringNBMajor/PRUmed Benefit Limitation/PRUmed Benefit Limitation" classname="Test Cases/AlterationScoringNBMajor/PRUmed Benefit Limitation/PRUmed Benefit Limitation" status="PASSED">
            <system-out>2019-09-19 15:28:43 - [TEST_CASE][PASSED] - Test Cases/AlterationScoringNBMajor/PRUmed Benefit Limitation/PRUmed Benefit Limitation: Test Cases/AlterationScoringNBMajor/PRUmed Benefit Limitation/PRUmed Benefit Limitation&#xD;
&#xD;
2019-09-19 15:28:43 - [TEST_STEP][PASSED] - response = sendRequest(findTestObject("AlterationScroingNBMajor/PRUmed Benefit Limitation/Version 1.0_Check_1.391/Request Object", ["transactionType":transactionType, "clientType":clientType, "role":role, "subAlter":subAlter, "eviCode":eviCode, "riderCode":riderCode, ... ])): Send request successfully&#xD;
&#xD;
2019-09-19 15:28:43 - [MESSAGE][INFO] - HAR: C:\SURYAPURBA\PHS\PHS-BRMS\Reports\AlterationScoringNBMajor\PRUmed Benefit Limitation\20190919_152823\requests\main\21.har&#xD;
&#xD;
2019-09-19 15:28:43 - [MESSAGE][PASSED] - Send request successfully&#xD;
&#xD;
2019-09-19 15:28:43 - [TEST_STEP][PASSED] - slurper = new groovy.json.JsonSlurper(): null&#xD;
&#xD;
2019-09-19 15:28:43 - [TEST_STEP][PASSED] - parsingResponse = slurper.parseText(response.getResponseText()): null&#xD;
&#xD;
2019-09-19 15:28:43 - [TEST_STEP][PASSED] - println(parsingResponse): null&#xD;
&#xD;
2019-09-19 15:28:43 - [TEST_STEP][PASSED] - evidenceCode = evidenceCode: null&#xD;
&#xD;
2019-09-19 15:28:43 - [TEST_STEP][PASSED] - println(evidenceCode): null&#xD;
&#xD;
2019-09-19 15:28:43 - [TEST_STEP][PASSED] - println(expectedEvidenceCode): null&#xD;
&#xD;
2019-09-19 15:28:43 - [TEST_STEP][PASSED] - if (expectedEvidenceCode != "STD"): null&#xD;
&#xD;
2019-09-19 15:28:43 - [TEST_STEP][PASSED] - verifyResponseStatusCode(response, 200): Verify response status code successfully&#xD;
&#xD;
2019-09-19 15:28:43 - [MESSAGE][PASSED] - Verify response status code successfully</system-out>
            <system-err></system-err>
        </testcase>
        <testcase name="Test Cases/AlterationScoringNBMajor/PRUmed Benefit Limitation/PRUmed Benefit Limitation" classname="Test Cases/AlterationScoringNBMajor/PRUmed Benefit Limitation/PRUmed Benefit Limitation" status="PASSED">
            <system-out>2019-09-19 15:28:43 - [TEST_CASE][PASSED] - Test Cases/AlterationScoringNBMajor/PRUmed Benefit Limitation/PRUmed Benefit Limitation: Test Cases/AlterationScoringNBMajor/PRUmed Benefit Limitation/PRUmed Benefit Limitation&#xD;
&#xD;
2019-09-19 15:28:43 - [TEST_STEP][PASSED] - response = sendRequest(findTestObject("AlterationScroingNBMajor/PRUmed Benefit Limitation/Version 1.0_Check_1.391/Request Object", ["transactionType":transactionType, "clientType":clientType, "role":role, "subAlter":subAlter, "eviCode":eviCode, "riderCode":riderCode, ... ])): Send request successfully&#xD;
&#xD;
2019-09-19 15:28:43 - [MESSAGE][INFO] - HAR: C:\SURYAPURBA\PHS\PHS-BRMS\Reports\AlterationScoringNBMajor\PRUmed Benefit Limitation\20190919_152823\requests\main\22.har&#xD;
&#xD;
2019-09-19 15:28:43 - [MESSAGE][PASSED] - Send request successfully&#xD;
&#xD;
2019-09-19 15:28:43 - [TEST_STEP][PASSED] - slurper = new groovy.json.JsonSlurper(): null&#xD;
&#xD;
2019-09-19 15:28:43 - [TEST_STEP][PASSED] - parsingResponse = slurper.parseText(response.getResponseText()): null&#xD;
&#xD;
2019-09-19 15:28:44 - [TEST_STEP][PASSED] - println(parsingResponse): null&#xD;
&#xD;
2019-09-19 15:28:44 - [TEST_STEP][PASSED] - evidenceCode = evidenceCode: null&#xD;
&#xD;
2019-09-19 15:28:44 - [TEST_STEP][PASSED] - println(evidenceCode): null&#xD;
&#xD;
2019-09-19 15:28:44 - [TEST_STEP][PASSED] - println(expectedEvidenceCode): null&#xD;
&#xD;
2019-09-19 15:28:44 - [TEST_STEP][PASSED] - if (expectedEvidenceCode != "STD"): null&#xD;
&#xD;
2019-09-19 15:28:44 - [TEST_STEP][PASSED] - verifyResponseStatusCode(response, 200): Verify response status code successfully&#xD;
&#xD;
2019-09-19 15:28:44 - [MESSAGE][PASSED] - Verify response status code successfully</system-out>
            <system-err></system-err>
        </testcase>
        <testcase name="Test Cases/AlterationScoringNBMajor/PRUmed Benefit Limitation/PRUmed Benefit Limitation" classname="Test Cases/AlterationScoringNBMajor/PRUmed Benefit Limitation/PRUmed Benefit Limitation" status="PASSED">
            <system-out>2019-09-19 15:28:44 - [TEST_CASE][PASSED] - Test Cases/AlterationScoringNBMajor/PRUmed Benefit Limitation/PRUmed Benefit Limitation: Test Cases/AlterationScoringNBMajor/PRUmed Benefit Limitation/PRUmed Benefit Limitation&#xD;
&#xD;
2019-09-19 15:28:44 - [TEST_STEP][PASSED] - response = sendRequest(findTestObject("AlterationScroingNBMajor/PRUmed Benefit Limitation/Version 1.0_Check_1.391/Request Object", ["transactionType":transactionType, "clientType":clientType, "role":role, "subAlter":subAlter, "eviCode":eviCode, "riderCode":riderCode, ... ])): Send request successfully&#xD;
&#xD;
2019-09-19 15:28:44 - [MESSAGE][INFO] - HAR: C:\SURYAPURBA\PHS\PHS-BRMS\Reports\AlterationScoringNBMajor\PRUmed Benefit Limitation\20190919_152823\requests\main\23.har&#xD;
&#xD;
2019-09-19 15:28:44 - [MESSAGE][PASSED] - Send request successfully&#xD;
&#xD;
2019-09-19 15:28:44 - [TEST_STEP][PASSED] - slurper = new groovy.json.JsonSlurper(): null&#xD;
&#xD;
2019-09-19 15:28:44 - [TEST_STEP][PASSED] - parsingResponse = slurper.parseText(response.getResponseText()): null&#xD;
&#xD;
2019-09-19 15:28:44 - [TEST_STEP][PASSED] - println(parsingResponse): null&#xD;
&#xD;
2019-09-19 15:28:44 - [TEST_STEP][PASSED] - evidenceCode = evidenceCode: null&#xD;
&#xD;
2019-09-19 15:28:44 - [TEST_STEP][PASSED] - println(evidenceCode): null&#xD;
&#xD;
2019-09-19 15:28:44 - [TEST_STEP][PASSED] - println(expectedEvidenceCode): null&#xD;
&#xD;
2019-09-19 15:28:44 - [TEST_STEP][PASSED] - if (expectedEvidenceCode != "STD"): null&#xD;
&#xD;
2019-09-19 15:28:44 - [TEST_STEP][PASSED] - verifyResponseStatusCode(response, 200): Verify response status code successfully&#xD;
&#xD;
2019-09-19 15:28:44 - [MESSAGE][PASSED] - Verify response status code successfully</system-out>
            <system-err></system-err>
        </testcase>
        <testcase name="Test Cases/AlterationScoringNBMajor/PRUmed Benefit Limitation/PRUmed Benefit Limitation" classname="Test Cases/AlterationScoringNBMajor/PRUmed Benefit Limitation/PRUmed Benefit Limitation" status="FAILED">
            <failure type="FAILED" message="Test Cases/AlterationScoringNBMajor/PRUmed Benefit Limitation/PRUmed Benefit Limitation FAILED.&#xA;Reason:&#xA;com.kms.katalon.core.exception.StepFailedException: Unable to verify equal between actual object 'false' and expected object 'true' (Root cause: com.kms.katalon.core.exception.StepFailedException: Actual object 'false' and expected object 'true' are not equal&#xD;&#xA;&#x9;at com.kms.katalon.core.keyword.builtin.VerifyEqualKeyword$_verifyEqual_closure1.doCall(VerifyEqualKeyword.groovy:58)&#xD;&#xA;&#x9;at com.kms.katalon.core.keyword.builtin.VerifyEqualKeyword$_verifyEqual_closure1.call(VerifyEqualKeyword.groovy)&#xD;&#xA;&#x9;at com.kms.katalon.core.keyword.internal.KeywordMain.runKeyword(KeywordMain.groovy:68)&#xD;&#xA;&#x9;at com.kms.katalon.core.keyword.builtin.VerifyEqualKeyword.verifyEqual(VerifyEqualKeyword.groovy:63)&#xD;&#xA;&#x9;at com.kms.katalon.core.keyword.builtin.VerifyEqualKeyword.execute(VerifyEqualKeyword.groovy:44)&#xD;&#xA;&#x9;at com.kms.katalon.core.keyword.internal.KeywordExecutor.executeKeywordForPlatform(KeywordExecutor.groovy:56)&#xD;&#xA;&#x9;at com.kms.katalon.core.keyword.BuiltinKeywords.verifyEqual(BuiltinKeywords.groovy:126)&#xD;&#xA;&#x9;at PRUmed Benefit Limitation.run(PRUmed Benefit Limitation:29)&#xD;&#xA;&#x9;at com.kms.katalon.core.main.ScriptEngine.run(ScriptEngine.java:194)&#xD;&#xA;&#x9;at com.kms.katalon.core.main.ScriptEngine.runScriptAsRawText(ScriptEngine.java:119)&#xD;&#xA;&#x9;at com.kms.katalon.core.main.TestCaseExecutor.runScript(TestCaseExecutor.java:337)&#xD;&#xA;&#x9;at com.kms.katalon.core.main.TestCaseExecutor.doExecute(TestCaseExecutor.java:328)&#xD;&#xA;&#x9;at com.kms.katalon.core.main.TestCaseExecutor.processExecutionPhase(TestCaseExecutor.java:307)&#xD;&#xA;&#x9;at com.kms.katalon.core.main.TestCaseExecutor.accessMainPhase(TestCaseExecutor.java:299)&#xD;&#xA;&#x9;at com.kms.katalon.core.main.TestCaseExecutor.execute(TestCaseExecutor.java:233)&#xD;&#xA;&#x9;at com.kms.katalon.core.main.TestSuiteExecutor.accessTestCaseMainPhase(TestSuiteExecutor.java:133)&#xD;&#xA;&#x9;at com.kms.katalon.core.main.TestSuiteExecutor.accessTestSuiteMainPhase(TestSuiteExecutor.java:116)&#xD;&#xA;&#x9;at com.kms.katalon.core.main.TestSuiteExecutor.execute(TestSuiteExecutor.java:83)&#xD;&#xA;&#x9;at com.kms.katalon.core.main.TestCaseMain.startTestSuite(TestCaseMain.java:157)&#xD;&#xA;&#x9;at com.kms.katalon.core.main.TestCaseMain$startTestSuite$0.call(Unknown Source)&#xD;&#xA;&#x9;at TempTestSuite1568881703577.run(TempTestSuite1568881703577.groovy:35)&#xD;&#xA;)&#xD;&#xA;&#x9;at com.kms.katalon.core.keyword.internal.KeywordMain.stepFailed(KeywordMain.groovy:39)&#xD;&#xA;&#x9;at com.kms.katalon.core.keyword.internal.KeywordMain.stepFailed(KeywordMain.groovy)&#xD;&#xA;&#x9;at com.kms.katalon.core.keyword.internal.KeywordMain.runKeyword(KeywordMain.groovy:70)&#xD;&#xA;&#x9;at com.kms.katalon.core.keyword.builtin.VerifyEqualKeyword.verifyEqual(VerifyEqualKeyword.groovy:63)&#xD;&#xA;&#x9;at com.kms.katalon.core.keyword.builtin.VerifyEqualKeyword.execute(VerifyEqualKeyword.groovy:44)&#xD;&#xA;&#x9;at com.kms.katalon.core.keyword.internal.KeywordExecutor.executeKeywordForPlatform(KeywordExecutor.groovy:56)&#xD;&#xA;&#x9;at com.kms.katalon.core.keyword.BuiltinKeywords.verifyEqual(BuiltinKeywords.groovy:126)&#xD;&#xA;&#x9;at PRUmed Benefit Limitation.run(PRUmed Benefit Limitation:29)&#xD;&#xA;&#x9;at com.kms.katalon.core.main.ScriptEngine.run(ScriptEngine.java:194)&#xD;&#xA;&#x9;at com.kms.katalon.core.main.ScriptEngine.runScriptAsRawText(ScriptEngine.java:119)&#xD;&#xA;&#x9;at com.kms.katalon.core.main.TestCaseExecutor.runScript(TestCaseExecutor.java:337)&#xD;&#xA;&#x9;at com.kms.katalon.core.main.TestCaseExecutor.doExecute(TestCaseExecutor.java:328)&#xD;&#xA;&#x9;at com.kms.katalon.core.main.TestCaseExecutor.processExecutionPhase(TestCaseExecutor.java:307)&#xD;&#xA;&#x9;at com.kms.katalon.core.main.TestCaseExecutor.accessMainPhase(TestCaseExecutor.java:299)&#xD;&#xA;&#x9;at com.kms.katalon.core.main.TestCaseExecutor.execute(TestCaseExecutor.java:233)&#xD;&#xA;&#x9;at com.kms.katalon.core.main.TestSuiteExecutor.accessTestCaseMainPhase(TestSuiteExecutor.java:133)&#xD;&#xA;&#x9;at com.kms.katalon.core.main.TestSuiteExecutor.accessTestSuiteMainPhase(TestSuiteExecutor.java:116)&#xD;&#xA;&#x9;at com.kms.katalon.core.main.TestSuiteExecutor.execute(TestSuiteExecutor.java:83)&#xD;&#xA;&#x9;at com.kms.katalon.core.main.TestCaseMain.startTestSuite(TestCaseMain.java:157)&#xD;&#xA;&#x9;at com.kms.katalon.core.main.TestCaseMain$startTestSuite$0.call(Unknown Source)&#xD;&#xA;&#x9;at TempTestSuite1568881703577.run(TempTestSuite1568881703577.groovy:35)&#xD;&#xA;Caused by: com.kms.katalon.core.exception.StepFailedException: Actual object 'false' and expected object 'true' are not equal&#xD;&#xA;&#x9;at com.kms.katalon.core.keyword.builtin.VerifyEqualKeyword$_verifyEqual_closure1.doCall(VerifyEqualKeyword.groovy:58)&#xD;&#xA;&#x9;at com.kms.katalon.core.keyword.builtin.VerifyEqualKeyword$_verifyEqual_closure1.call(VerifyEqualKeyword.groovy)&#xD;&#xA;&#x9;at com.kms.katalon.core.keyword.internal.KeywordMain.runKeyword(KeywordMain.groovy:68)&#xD;&#xA;&#x9;... 18 more&#xD;&#xA;"/>
            <system-out>2019-09-19 15:28:44 - [TEST_CASE][FAILED] - Test Cases/AlterationScoringNBMajor/PRUmed Benefit Limitation/PRUmed Benefit Limitation: Test Cases/AlterationScoringNBMajor/PRUmed Benefit Limitation/PRUmed Benefit Limitation FAILED.
Reason:
com.kms.katalon.core.exception.StepFailedException: Unable to verify equal between actual object 'false' and expected object 'true' (Root cause: com.kms.katalon.core.exception.StepFailedException: Actual object 'false' and expected object 'true' are not equal&#xD;
	at com.kms.katalon.core.keyword.builtin.VerifyEqualKeyword$_verifyEqual_closure1.doCall(VerifyEqualKeyword.groovy:58)&#xD;
	at com.kms.katalon.core.keyword.builtin.VerifyEqualKeyword$_verifyEqual_closure1.call(VerifyEqualKeyword.groovy)&#xD;
	at com.kms.katalon.core.keyword.internal.KeywordMain.runKeyword(KeywordMain.groovy:68)&#xD;
	at com.kms.katalon.core.keyword.builtin.VerifyEqualKeyword.verifyEqual(VerifyEqualKeyword.groovy:63)&#xD;
	at com.kms.katalon.core.keyword.builtin.VerifyEqualKeyword.execute(VerifyEqualKeyword.groovy:44)&#xD;
	at com.kms.katalon.core.keyword.internal.KeywordExecutor.executeKeywordForPlatform(KeywordExecutor.groovy:56)&#xD;
	at com.kms.katalon.core.keyword.BuiltinKeywords.verifyEqual(BuiltinKeywords.groovy:126)&#xD;
	at PRUmed Benefit Limitation.run(PRUmed Benefit Limitation:29)&#xD;
	at com.kms.katalon.core.main.ScriptEngine.run(ScriptEngine.java:194)&#xD;
	at com.kms.katalon.core.main.ScriptEngine.runScriptAsRawText(ScriptEngine.java:119)&#xD;
	at com.kms.katalon.core.main.TestCaseExecutor.runScript(TestCaseExecutor.java:337)&#xD;
	at com.kms.katalon.core.main.TestCaseExecutor.doExecute(TestCaseExecutor.java:328)&#xD;
	at com.kms.katalon.core.main.TestCaseExecutor.processExecutionPhase(TestCaseExecutor.java:307)&#xD;
	at com.kms.katalon.core.main.TestCaseExecutor.accessMainPhase(TestCaseExecutor.java:299)&#xD;
	at com.kms.katalon.core.main.TestCaseExecutor.execute(TestCaseExecutor.java:233)&#xD;
	at com.kms.katalon.core.main.TestSuiteExecutor.accessTestCaseMainPhase(TestSuiteExecutor.java:133)&#xD;
	at com.kms.katalon.core.main.TestSuiteExecutor.accessTestSuiteMainPhase(TestSuiteExecutor.java:116)&#xD;
	at com.kms.katalon.core.main.TestSuiteExecutor.execute(TestSuiteExecutor.java:83)&#xD;
	at com.kms.katalon.core.main.TestCaseMain.startTestSuite(TestCaseMain.java:157)&#xD;
	at com.kms.katalon.core.main.TestCaseMain$startTestSuite$0.call(Unknown Source)&#xD;
	at TempTestSuite1568881703577.run(TempTestSuite1568881703577.groovy:35)&#xD;
)&#xD;
	at com.kms.katalon.core.keyword.internal.KeywordMain.stepFailed(KeywordMain.groovy:39)&#xD;
	at com.kms.katalon.core.keyword.internal.KeywordMain.stepFailed(KeywordMain.groovy)&#xD;
	at com.kms.katalon.core.keyword.internal.KeywordMain.runKeyword(KeywordMain.groovy:70)&#xD;
	at com.kms.katalon.core.keyword.builtin.VerifyEqualKeyword.verifyEqual(VerifyEqualKeyword.groovy:63)&#xD;
	at com.kms.katalon.core.keyword.builtin.VerifyEqualKeyword.execute(VerifyEqualKeyword.groovy:44)&#xD;
	at com.kms.katalon.core.keyword.internal.KeywordExecutor.executeKeywordForPlatform(KeywordExecutor.groovy:56)&#xD;
	at com.kms.katalon.core.keyword.BuiltinKeywords.verifyEqual(BuiltinKeywords.groovy:126)&#xD;
	at PRUmed Benefit Limitation.run(PRUmed Benefit Limitation:29)&#xD;
	at com.kms.katalon.core.main.ScriptEngine.run(ScriptEngine.java:194)&#xD;
	at com.kms.katalon.core.main.ScriptEngine.runScriptAsRawText(ScriptEngine.java:119)&#xD;
	at com.kms.katalon.core.main.TestCaseExecutor.runScript(TestCaseExecutor.java:337)&#xD;
	at com.kms.katalon.core.main.TestCaseExecutor.doExecute(TestCaseExecutor.java:328)&#xD;
	at com.kms.katalon.core.main.TestCaseExecutor.processExecutionPhase(TestCaseExecutor.java:307)&#xD;
	at com.kms.katalon.core.main.TestCaseExecutor.accessMainPhase(TestCaseExecutor.java:299)&#xD;
	at com.kms.katalon.core.main.TestCaseExecutor.execute(TestCaseExecutor.java:233)&#xD;
	at com.kms.katalon.core.main.TestSuiteExecutor.accessTestCaseMainPhase(TestSuiteExecutor.java:133)&#xD;
	at com.kms.katalon.core.main.TestSuiteExecutor.accessTestSuiteMainPhase(TestSuiteExecutor.java:116)&#xD;
	at com.kms.katalon.core.main.TestSuiteExecutor.execute(TestSuiteExecutor.java:83)&#xD;
	at com.kms.katalon.core.main.TestCaseMain.startTestSuite(TestCaseMain.java:157)&#xD;
	at com.kms.katalon.core.main.TestCaseMain$startTestSuite$0.call(Unknown Source)&#xD;
	at TempTestSuite1568881703577.run(TempTestSuite1568881703577.groovy:35)&#xD;
Caused by: com.kms.katalon.core.exception.StepFailedException: Actual object 'false' and expected object 'true' are not equal&#xD;
	at com.kms.katalon.core.keyword.builtin.VerifyEqualKeyword$_verifyEqual_closure1.doCall(VerifyEqualKeyword.groovy:58)&#xD;
	at com.kms.katalon.core.keyword.builtin.VerifyEqualKeyword$_verifyEqual_closure1.call(VerifyEqualKeyword.groovy)&#xD;
	at com.kms.katalon.core.keyword.internal.KeywordMain.runKeyword(KeywordMain.groovy:68)&#xD;
	... 18 more&#xD;
&#xD;
&#xD;
2019-09-19 15:28:45 - [TEST_STEP][PASSED] - response = sendRequest(findTestObject("AlterationScroingNBMajor/PRUmed Benefit Limitation/Version 1.0_Check_1.391/Request Object", ["transactionType":transactionType, "clientType":clientType, "role":role, "subAlter":subAlter, "eviCode":eviCode, "riderCode":riderCode, ... ])): Send request successfully&#xD;
&#xD;
2019-09-19 15:28:45 - [MESSAGE][INFO] - HAR: C:\SURYAPURBA\PHS\PHS-BRMS\Reports\AlterationScoringNBMajor\PRUmed Benefit Limitation\20190919_152823\requests\main\24.har&#xD;
&#xD;
2019-09-19 15:28:45 - [MESSAGE][PASSED] - Send request successfully&#xD;
&#xD;
2019-09-19 15:28:45 - [TEST_STEP][PASSED] - slurper = new groovy.json.JsonSlurper(): null&#xD;
&#xD;
2019-09-19 15:28:45 - [TEST_STEP][PASSED] - parsingResponse = slurper.parseText(response.getResponseText()): null&#xD;
&#xD;
2019-09-19 15:28:45 - [TEST_STEP][PASSED] - println(parsingResponse): null&#xD;
&#xD;
2019-09-19 15:28:45 - [TEST_STEP][PASSED] - evidenceCode = evidenceCode: null&#xD;
&#xD;
2019-09-19 15:28:45 - [TEST_STEP][PASSED] - println(evidenceCode): null&#xD;
&#xD;
2019-09-19 15:28:45 - [TEST_STEP][PASSED] - println(expectedEvidenceCode): null&#xD;
&#xD;
2019-09-19 15:28:45 - [TEST_STEP][FAILED] - if (expectedEvidenceCode != "STD"): null&#xD;
&#xD;
2019-09-19 15:28:45 - [TEST_STEP][PASSED] - actual = description == expectedDescription: null&#xD;
&#xD;
2019-09-19 15:28:45 - [TEST_STEP][FAILED] - verifyEqual(actual, true, CONTINUE_ON_FAILURE): Unable to verify equal between actual object 'false' and expected object 'true' (Root cause: com.kms.katalon.core.exception.StepFailedException: Actual object 'false' and expected object 'true' are not equal&#xD;
	at com.kms.katalon.core.keyword.builtin.VerifyEqualKeyword$_verifyEqual_closure1.doCall(VerifyEqualKeyword.groovy:58)&#xD;
	at com.kms.katalon.core.keyword.builtin.VerifyEqualKeyword$_verifyEqual_closure1.call(VerifyEqualKeyword.groovy)&#xD;
	at com.kms.katalon.core.keyword.internal.KeywordMain.runKeyword(KeywordMain.groovy:68)&#xD;
	at com.kms.katalon.core.keyword.builtin.VerifyEqualKeyword.verifyEqual(VerifyEqualKeyword.groovy:63)&#xD;
	at com.kms.katalon.core.keyword.builtin.VerifyEqualKeyword.execute(VerifyEqualKeyword.groovy:44)&#xD;
	at com.kms.katalon.core.keyword.internal.KeywordExecutor.executeKeywordForPlatform(KeywordExecutor.groovy:56)&#xD;
	at com.kms.katalon.core.keyword.BuiltinKeywords.verifyEqual(BuiltinKeywords.groovy:126)&#xD;
	at PRUmed Benefit Limitation.run(PRUmed Benefit Limitation:29)&#xD;
	at com.kms.katalon.core.main.ScriptEngine.run(ScriptEngine.java:194)&#xD;
	at com.kms.katalon.core.main.ScriptEngine.runScriptAsRawText(ScriptEngine.java:119)&#xD;
	at com.kms.katalon.core.main.TestCaseExecutor.runScript(TestCaseExecutor.java:337)&#xD;
	at com.kms.katalon.core.main.TestCaseExecutor.doExecute(TestCaseExecutor.java:328)&#xD;
	at com.kms.katalon.core.main.TestCaseExecutor.processExecutionPhase(TestCaseExecutor.java:307)&#xD;
	at com.kms.katalon.core.main.TestCaseExecutor.accessMainPhase(TestCaseExecutor.java:299)&#xD;
	at com.kms.katalon.core.main.TestCaseExecutor.execute(TestCaseExecutor.java:233)&#xD;
	at com.kms.katalon.core.main.TestSuiteExecutor.accessTestCaseMainPhase(TestSuiteExecutor.java:133)&#xD;
	at com.kms.katalon.core.main.TestSuiteExecutor.accessTestSuiteMainPhase(TestSuiteExecutor.java:116)&#xD;
	at com.kms.katalon.core.main.TestSuiteExecutor.execute(TestSuiteExecutor.java:83)&#xD;
	at com.kms.katalon.core.main.TestCaseMain.startTestSuite(TestCaseMain.java:157)&#xD;
	at com.kms.katalon.core.main.TestCaseMain$startTestSuite$0.call(Unknown Source)&#xD;
	at TempTestSuite1568881703577.run(TempTestSuite1568881703577.groovy:35)&#xD;
)&#xD;
&#xD;
2019-09-19 15:28:45 - [MESSAGE][FAILED] - Unable to verify equal between actual object 'false' and expected object 'true' (Root cause: com.kms.katalon.core.exception.StepFailedException: Actual object 'false' and expected object 'true' are not equal&#xD;
	at com.kms.katalon.core.keyword.builtin.VerifyEqualKeyword$_verifyEqual_closure1.doCall(VerifyEqualKeyword.groovy:58)&#xD;
	at com.kms.katalon.core.keyword.builtin.VerifyEqualKeyword$_verifyEqual_closure1.call(VerifyEqualKeyword.groovy)&#xD;
	at com.kms.katalon.core.keyword.internal.KeywordMain.runKeyword(KeywordMain.groovy:68)&#xD;
	at com.kms.katalon.core.keyword.builtin.VerifyEqualKeyword.verifyEqual(VerifyEqualKeyword.groovy:63)&#xD;
	at com.kms.katalon.core.keyword.builtin.VerifyEqualKeyword.execute(VerifyEqualKeyword.groovy:44)&#xD;
	at com.kms.katalon.core.keyword.internal.KeywordExecutor.executeKeywordForPlatform(KeywordExecutor.groovy:56)&#xD;
	at com.kms.katalon.core.keyword.BuiltinKeywords.verifyEqual(BuiltinKeywords.groovy:126)&#xD;
	at PRUmed Benefit Limitation.run(PRUmed Benefit Limitation:29)&#xD;
	at com.kms.katalon.core.main.ScriptEngine.run(ScriptEngine.java:194)&#xD;
	at com.kms.katalon.core.main.ScriptEngine.runScriptAsRawText(ScriptEngine.java:119)&#xD;
	at com.kms.katalon.core.main.TestCaseExecutor.runScript(TestCaseExecutor.java:337)&#xD;
	at com.kms.katalon.core.main.TestCaseExecutor.doExecute(TestCaseExecutor.java:328)&#xD;
	at com.kms.katalon.core.main.TestCaseExecutor.processExecutionPhase(TestCaseExecutor.java:307)&#xD;
	at com.kms.katalon.core.main.TestCaseExecutor.accessMainPhase(TestCaseExecutor.java:299)&#xD;
	at com.kms.katalon.core.main.TestCaseExecutor.execute(TestCaseExecutor.java:233)&#xD;
	at com.kms.katalon.core.main.TestSuiteExecutor.accessTestCaseMainPhase(TestSuiteExecutor.java:133)&#xD;
	at com.kms.katalon.core.main.TestSuiteExecutor.accessTestSuiteMainPhase(TestSuiteExecutor.java:116)&#xD;
	at com.kms.katalon.core.main.TestSuiteExecutor.execute(TestSuiteExecutor.java:83)&#xD;
	at com.kms.katalon.core.main.TestCaseMain.startTestSuite(TestCaseMain.java:157)&#xD;
	at com.kms.katalon.core.main.TestCaseMain$startTestSuite$0.call(Unknown Source)&#xD;
	at TempTestSuite1568881703577.run(TempTestSuite1568881703577.groovy:35)&#xD;
)&#xD;
&#xD;
2019-09-19 15:28:45 - [TEST_STEP][PASSED] - if (actual == false): null&#xD;
&#xD;
2019-09-19 15:28:45 - [TEST_STEP][PASSED] - println("Evidence code tidak sesuai dengan expected evidence code"): null&#xD;
&#xD;
2019-09-19 15:28:46 - [TEST_STEP][PASSED] - verifyResponseStatusCode(response, 200): Verify response status code successfully&#xD;
&#xD;
2019-09-19 15:28:46 - [MESSAGE][PASSED] - Verify response status code successfully</system-out>
            <system-err>2019-09-19 15:28:44 - [TEST_CASE][FAILED] - Test Cases/AlterationScoringNBMajor/PRUmed Benefit Limitation/PRUmed Benefit Limitation: Test Cases/AlterationScoringNBMajor/PRUmed Benefit Limitation/PRUmed Benefit Limitation FAILED.
Reason:
com.kms.katalon.core.exception.StepFailedException: Unable to verify equal between actual object 'false' and expected object 'true' (Root cause: com.kms.katalon.core.exception.StepFailedException: Actual object 'false' and expected object 'true' are not equal&#xD;
	at com.kms.katalon.core.keyword.builtin.VerifyEqualKeyword$_verifyEqual_closure1.doCall(VerifyEqualKeyword.groovy:58)&#xD;
	at com.kms.katalon.core.keyword.builtin.VerifyEqualKeyword$_verifyEqual_closure1.call(VerifyEqualKeyword.groovy)&#xD;
	at com.kms.katalon.core.keyword.internal.KeywordMain.runKeyword(KeywordMain.groovy:68)&#xD;
	at com.kms.katalon.core.keyword.builtin.VerifyEqualKeyword.verifyEqual(VerifyEqualKeyword.groovy:63)&#xD;
	at com.kms.katalon.core.keyword.builtin.VerifyEqualKeyword.execute(VerifyEqualKeyword.groovy:44)&#xD;
	at com.kms.katalon.core.keyword.internal.KeywordExecutor.executeKeywordForPlatform(KeywordExecutor.groovy:56)&#xD;
	at com.kms.katalon.core.keyword.BuiltinKeywords.verifyEqual(BuiltinKeywords.groovy:126)&#xD;
	at PRUmed Benefit Limitation.run(PRUmed Benefit Limitation:29)&#xD;
	at com.kms.katalon.core.main.ScriptEngine.run(ScriptEngine.java:194)&#xD;
	at com.kms.katalon.core.main.ScriptEngine.runScriptAsRawText(ScriptEngine.java:119)&#xD;
	at com.kms.katalon.core.main.TestCaseExecutor.runScript(TestCaseExecutor.java:337)&#xD;
	at com.kms.katalon.core.main.TestCaseExecutor.doExecute(TestCaseExecutor.java:328)&#xD;
	at com.kms.katalon.core.main.TestCaseExecutor.processExecutionPhase(TestCaseExecutor.java:307)&#xD;
	at com.kms.katalon.core.main.TestCaseExecutor.accessMainPhase(TestCaseExecutor.java:299)&#xD;
	at com.kms.katalon.core.main.TestCaseExecutor.execute(TestCaseExecutor.java:233)&#xD;
	at com.kms.katalon.core.main.TestSuiteExecutor.accessTestCaseMainPhase(TestSuiteExecutor.java:133)&#xD;
	at com.kms.katalon.core.main.TestSuiteExecutor.accessTestSuiteMainPhase(TestSuiteExecutor.java:116)&#xD;
	at com.kms.katalon.core.main.TestSuiteExecutor.execute(TestSuiteExecutor.java:83)&#xD;
	at com.kms.katalon.core.main.TestCaseMain.startTestSuite(TestCaseMain.java:157)&#xD;
	at com.kms.katalon.core.main.TestCaseMain$startTestSuite$0.call(Unknown Source)&#xD;
	at TempTestSuite1568881703577.run(TempTestSuite1568881703577.groovy:35)&#xD;
)&#xD;
	at com.kms.katalon.core.keyword.internal.KeywordMain.stepFailed(KeywordMain.groovy:39)&#xD;
	at com.kms.katalon.core.keyword.internal.KeywordMain.stepFailed(KeywordMain.groovy)&#xD;
	at com.kms.katalon.core.keyword.internal.KeywordMain.runKeyword(KeywordMain.groovy:70)&#xD;
	at com.kms.katalon.core.keyword.builtin.VerifyEqualKeyword.verifyEqual(VerifyEqualKeyword.groovy:63)&#xD;
	at com.kms.katalon.core.keyword.builtin.VerifyEqualKeyword.execute(VerifyEqualKeyword.groovy:44)&#xD;
	at com.kms.katalon.core.keyword.internal.KeywordExecutor.executeKeywordForPlatform(KeywordExecutor.groovy:56)&#xD;
	at com.kms.katalon.core.keyword.BuiltinKeywords.verifyEqual(BuiltinKeywords.groovy:126)&#xD;
	at PRUmed Benefit Limitation.run(PRUmed Benefit Limitation:29)&#xD;
	at com.kms.katalon.core.main.ScriptEngine.run(ScriptEngine.java:194)&#xD;
	at com.kms.katalon.core.main.ScriptEngine.runScriptAsRawText(ScriptEngine.java:119)&#xD;
	at com.kms.katalon.core.main.TestCaseExecutor.runScript(TestCaseExecutor.java:337)&#xD;
	at com.kms.katalon.core.main.TestCaseExecutor.doExecute(TestCaseExecutor.java:328)&#xD;
	at com.kms.katalon.core.main.TestCaseExecutor.processExecutionPhase(TestCaseExecutor.java:307)&#xD;
	at com.kms.katalon.core.main.TestCaseExecutor.accessMainPhase(TestCaseExecutor.java:299)&#xD;
	at com.kms.katalon.core.main.TestCaseExecutor.execute(TestCaseExecutor.java:233)&#xD;
	at com.kms.katalon.core.main.TestSuiteExecutor.accessTestCaseMainPhase(TestSuiteExecutor.java:133)&#xD;
	at com.kms.katalon.core.main.TestSuiteExecutor.accessTestSuiteMainPhase(TestSuiteExecutor.java:116)&#xD;
	at com.kms.katalon.core.main.TestSuiteExecutor.execute(TestSuiteExecutor.java:83)&#xD;
	at com.kms.katalon.core.main.TestCaseMain.startTestSuite(TestCaseMain.java:157)&#xD;
	at com.kms.katalon.core.main.TestCaseMain$startTestSuite$0.call(Unknown Source)&#xD;
	at TempTestSuite1568881703577.run(TempTestSuite1568881703577.groovy:35)&#xD;
Caused by: com.kms.katalon.core.exception.StepFailedException: Actual object 'false' and expected object 'true' are not equal&#xD;
	at com.kms.katalon.core.keyword.builtin.VerifyEqualKeyword$_verifyEqual_closure1.doCall(VerifyEqualKeyword.groovy:58)&#xD;
	at com.kms.katalon.core.keyword.builtin.VerifyEqualKeyword$_verifyEqual_closure1.call(VerifyEqualKeyword.groovy)&#xD;
	at com.kms.katalon.core.keyword.internal.KeywordMain.runKeyword(KeywordMain.groovy:68)&#xD;
	... 18 more</system-err>
        </testcase>
        <testcase name="Test Cases/AlterationScoringNBMajor/PRUmed Benefit Limitation/PRUmed Benefit Limitation" classname="Test Cases/AlterationScoringNBMajor/PRUmed Benefit Limitation/PRUmed Benefit Limitation" status="FAILED">
            <failure type="FAILED" message="Test Cases/AlterationScoringNBMajor/PRUmed Benefit Limitation/PRUmed Benefit Limitation FAILED.&#xA;Reason:&#xA;com.kms.katalon.core.exception.StepFailedException: Unable to verify equal between actual object 'false' and expected object 'true' (Root cause: com.kms.katalon.core.exception.StepFailedException: Actual object 'false' and expected object 'true' are not equal&#xD;&#xA;&#x9;at com.kms.katalon.core.keyword.builtin.VerifyEqualKeyword$_verifyEqual_closure1.doCall(VerifyEqualKeyword.groovy:58)&#xD;&#xA;&#x9;at com.kms.katalon.core.keyword.builtin.VerifyEqualKeyword$_verifyEqual_closure1.call(VerifyEqualKeyword.groovy)&#xD;&#xA;&#x9;at com.kms.katalon.core.keyword.internal.KeywordMain.runKeyword(KeywordMain.groovy:68)&#xD;&#xA;&#x9;at com.kms.katalon.core.keyword.builtin.VerifyEqualKeyword.verifyEqual(VerifyEqualKeyword.groovy:63)&#xD;&#xA;&#x9;at com.kms.katalon.core.keyword.builtin.VerifyEqualKeyword.execute(VerifyEqualKeyword.groovy:44)&#xD;&#xA;&#x9;at com.kms.katalon.core.keyword.internal.KeywordExecutor.executeKeywordForPlatform(KeywordExecutor.groovy:56)&#xD;&#xA;&#x9;at com.kms.katalon.core.keyword.BuiltinKeywords.verifyEqual(BuiltinKeywords.groovy:126)&#xD;&#xA;&#x9;at PRUmed Benefit Limitation.run(PRUmed Benefit Limitation:29)&#xD;&#xA;&#x9;at com.kms.katalon.core.main.ScriptEngine.run(ScriptEngine.java:194)&#xD;&#xA;&#x9;at com.kms.katalon.core.main.ScriptEngine.runScriptAsRawText(ScriptEngine.java:119)&#xD;&#xA;&#x9;at com.kms.katalon.core.main.TestCaseExecutor.runScript(TestCaseExecutor.java:337)&#xD;&#xA;&#x9;at com.kms.katalon.core.main.TestCaseExecutor.doExecute(TestCaseExecutor.java:328)&#xD;&#xA;&#x9;at com.kms.katalon.core.main.TestCaseExecutor.processExecutionPhase(TestCaseExecutor.java:307)&#xD;&#xA;&#x9;at com.kms.katalon.core.main.TestCaseExecutor.accessMainPhase(TestCaseExecutor.java:299)&#xD;&#xA;&#x9;at com.kms.katalon.core.main.TestCaseExecutor.execute(TestCaseExecutor.java:233)&#xD;&#xA;&#x9;at com.kms.katalon.core.main.TestSuiteExecutor.accessTestCaseMainPhase(TestSuiteExecutor.java:133)&#xD;&#xA;&#x9;at com.kms.katalon.core.main.TestSuiteExecutor.accessTestSuiteMainPhase(TestSuiteExecutor.java:116)&#xD;&#xA;&#x9;at com.kms.katalon.core.main.TestSuiteExecutor.execute(TestSuiteExecutor.java:83)&#xD;&#xA;&#x9;at com.kms.katalon.core.main.TestCaseMain.startTestSuite(TestCaseMain.java:157)&#xD;&#xA;&#x9;at com.kms.katalon.core.main.TestCaseMain$startTestSuite$0.call(Unknown Source)&#xD;&#xA;&#x9;at TempTestSuite1568881703577.run(TempTestSuite1568881703577.groovy:35)&#xD;&#xA;)&#xD;&#xA;&#x9;at com.kms.katalon.core.keyword.internal.KeywordMain.stepFailed(KeywordMain.groovy:39)&#xD;&#xA;&#x9;at com.kms.katalon.core.keyword.internal.KeywordMain.stepFailed(KeywordMain.groovy)&#xD;&#xA;&#x9;at com.kms.katalon.core.keyword.internal.KeywordMain.runKeyword(KeywordMain.groovy:70)&#xD;&#xA;&#x9;at com.kms.katalon.core.keyword.builtin.VerifyEqualKeyword.verifyEqual(VerifyEqualKeyword.groovy:63)&#xD;&#xA;&#x9;at com.kms.katalon.core.keyword.builtin.VerifyEqualKeyword.execute(VerifyEqualKeyword.groovy:44)&#xD;&#xA;&#x9;at com.kms.katalon.core.keyword.internal.KeywordExecutor.executeKeywordForPlatform(KeywordExecutor.groovy:56)&#xD;&#xA;&#x9;at com.kms.katalon.core.keyword.BuiltinKeywords.verifyEqual(BuiltinKeywords.groovy:126)&#xD;&#xA;&#x9;at PRUmed Benefit Limitation.run(PRUmed Benefit Limitation:29)&#xD;&#xA;&#x9;at com.kms.katalon.core.main.ScriptEngine.run(ScriptEngine.java:194)&#xD;&#xA;&#x9;at com.kms.katalon.core.main.ScriptEngine.runScriptAsRawText(ScriptEngine.java:119)&#xD;&#xA;&#x9;at com.kms.katalon.core.main.TestCaseExecutor.runScript(TestCaseExecutor.java:337)&#xD;&#xA;&#x9;at com.kms.katalon.core.main.TestCaseExecutor.doExecute(TestCaseExecutor.java:328)&#xD;&#xA;&#x9;at com.kms.katalon.core.main.TestCaseExecutor.processExecutionPhase(TestCaseExecutor.java:307)&#xD;&#xA;&#x9;at com.kms.katalon.core.main.TestCaseExecutor.accessMainPhase(TestCaseExecutor.java:299)&#xD;&#xA;&#x9;at com.kms.katalon.core.main.TestCaseExecutor.execute(TestCaseExecutor.java:233)&#xD;&#xA;&#x9;at com.kms.katalon.core.main.TestSuiteExecutor.accessTestCaseMainPhase(TestSuiteExecutor.java:133)&#xD;&#xA;&#x9;at com.kms.katalon.core.main.TestSuiteExecutor.accessTestSuiteMainPhase(TestSuiteExecutor.java:116)&#xD;&#xA;&#x9;at com.kms.katalon.core.main.TestSuiteExecutor.execute(TestSuiteExecutor.java:83)&#xD;&#xA;&#x9;at com.kms.katalon.core.main.TestCaseMain.startTestSuite(TestCaseMain.java:157)&#xD;&#xA;&#x9;at com.kms.katalon.core.main.TestCaseMain$startTestSuite$0.call(Unknown Source)&#xD;&#xA;&#x9;at TempTestSuite1568881703577.run(TempTestSuite1568881703577.groovy:35)&#xD;&#xA;Caused by: com.kms.katalon.core.exception.StepFailedException: Actual object 'false' and expected object 'true' are not equal&#xD;&#xA;&#x9;at com.kms.katalon.core.keyword.builtin.VerifyEqualKeyword$_verifyEqual_closure1.doCall(VerifyEqualKeyword.groovy:58)&#xD;&#xA;&#x9;at com.kms.katalon.core.keyword.builtin.VerifyEqualKeyword$_verifyEqual_closure1.call(VerifyEqualKeyword.groovy)&#xD;&#xA;&#x9;at com.kms.katalon.core.keyword.internal.KeywordMain.runKeyword(KeywordMain.groovy:68)&#xD;&#xA;&#x9;... 18 more&#xD;&#xA;"/>
            <system-out>2019-09-19 15:28:47 - [TEST_CASE][FAILED] - Test Cases/AlterationScoringNBMajor/PRUmed Benefit Limitation/PRUmed Benefit Limitation: Test Cases/AlterationScoringNBMajor/PRUmed Benefit Limitation/PRUmed Benefit Limitation FAILED.
Reason:
com.kms.katalon.core.exception.StepFailedException: Unable to verify equal between actual object 'false' and expected object 'true' (Root cause: com.kms.katalon.core.exception.StepFailedException: Actual object 'false' and expected object 'true' are not equal&#xD;
	at com.kms.katalon.core.keyword.builtin.VerifyEqualKeyword$_verifyEqual_closure1.doCall(VerifyEqualKeyword.groovy:58)&#xD;
	at com.kms.katalon.core.keyword.builtin.VerifyEqualKeyword$_verifyEqual_closure1.call(VerifyEqualKeyword.groovy)&#xD;
	at com.kms.katalon.core.keyword.internal.KeywordMain.runKeyword(KeywordMain.groovy:68)&#xD;
	at com.kms.katalon.core.keyword.builtin.VerifyEqualKeyword.verifyEqual(VerifyEqualKeyword.groovy:63)&#xD;
	at com.kms.katalon.core.keyword.builtin.VerifyEqualKeyword.execute(VerifyEqualKeyword.groovy:44)&#xD;
	at com.kms.katalon.core.keyword.internal.KeywordExecutor.executeKeywordForPlatform(KeywordExecutor.groovy:56)&#xD;
	at com.kms.katalon.core.keyword.BuiltinKeywords.verifyEqual(BuiltinKeywords.groovy:126)&#xD;
	at PRUmed Benefit Limitation.run(PRUmed Benefit Limitation:29)&#xD;
	at com.kms.katalon.core.main.ScriptEngine.run(ScriptEngine.java:194)&#xD;
	at com.kms.katalon.core.main.ScriptEngine.runScriptAsRawText(ScriptEngine.java:119)&#xD;
	at com.kms.katalon.core.main.TestCaseExecutor.runScript(TestCaseExecutor.java:337)&#xD;
	at com.kms.katalon.core.main.TestCaseExecutor.doExecute(TestCaseExecutor.java:328)&#xD;
	at com.kms.katalon.core.main.TestCaseExecutor.processExecutionPhase(TestCaseExecutor.java:307)&#xD;
	at com.kms.katalon.core.main.TestCaseExecutor.accessMainPhase(TestCaseExecutor.java:299)&#xD;
	at com.kms.katalon.core.main.TestCaseExecutor.execute(TestCaseExecutor.java:233)&#xD;
	at com.kms.katalon.core.main.TestSuiteExecutor.accessTestCaseMainPhase(TestSuiteExecutor.java:133)&#xD;
	at com.kms.katalon.core.main.TestSuiteExecutor.accessTestSuiteMainPhase(TestSuiteExecutor.java:116)&#xD;
	at com.kms.katalon.core.main.TestSuiteExecutor.execute(TestSuiteExecutor.java:83)&#xD;
	at com.kms.katalon.core.main.TestCaseMain.startTestSuite(TestCaseMain.java:157)&#xD;
	at com.kms.katalon.core.main.TestCaseMain$startTestSuite$0.call(Unknown Source)&#xD;
	at TempTestSuite1568881703577.run(TempTestSuite1568881703577.groovy:35)&#xD;
)&#xD;
	at com.kms.katalon.core.keyword.internal.KeywordMain.stepFailed(KeywordMain.groovy:39)&#xD;
	at com.kms.katalon.core.keyword.internal.KeywordMain.stepFailed(KeywordMain.groovy)&#xD;
	at com.kms.katalon.core.keyword.internal.KeywordMain.runKeyword(KeywordMain.groovy:70)&#xD;
	at com.kms.katalon.core.keyword.builtin.VerifyEqualKeyword.verifyEqual(VerifyEqualKeyword.groovy:63)&#xD;
	at com.kms.katalon.core.keyword.builtin.VerifyEqualKeyword.execute(VerifyEqualKeyword.groovy:44)&#xD;
	at com.kms.katalon.core.keyword.internal.KeywordExecutor.executeKeywordForPlatform(KeywordExecutor.groovy:56)&#xD;
	at com.kms.katalon.core.keyword.BuiltinKeywords.verifyEqual(BuiltinKeywords.groovy:126)&#xD;
	at PRUmed Benefit Limitation.run(PRUmed Benefit Limitation:29)&#xD;
	at com.kms.katalon.core.main.ScriptEngine.run(ScriptEngine.java:194)&#xD;
	at com.kms.katalon.core.main.ScriptEngine.runScriptAsRawText(ScriptEngine.java:119)&#xD;
	at com.kms.katalon.core.main.TestCaseExecutor.runScript(TestCaseExecutor.java:337)&#xD;
	at com.kms.katalon.core.main.TestCaseExecutor.doExecute(TestCaseExecutor.java:328)&#xD;
	at com.kms.katalon.core.main.TestCaseExecutor.processExecutionPhase(TestCaseExecutor.java:307)&#xD;
	at com.kms.katalon.core.main.TestCaseExecutor.accessMainPhase(TestCaseExecutor.java:299)&#xD;
	at com.kms.katalon.core.main.TestCaseExecutor.execute(TestCaseExecutor.java:233)&#xD;
	at com.kms.katalon.core.main.TestSuiteExecutor.accessTestCaseMainPhase(TestSuiteExecutor.java:133)&#xD;
	at com.kms.katalon.core.main.TestSuiteExecutor.accessTestSuiteMainPhase(TestSuiteExecutor.java:116)&#xD;
	at com.kms.katalon.core.main.TestSuiteExecutor.execute(TestSuiteExecutor.java:83)&#xD;
	at com.kms.katalon.core.main.TestCaseMain.startTestSuite(TestCaseMain.java:157)&#xD;
	at com.kms.katalon.core.main.TestCaseMain$startTestSuite$0.call(Unknown Source)&#xD;
	at TempTestSuite1568881703577.run(TempTestSuite1568881703577.groovy:35)&#xD;
Caused by: com.kms.katalon.core.exception.StepFailedException: Actual object 'false' and expected object 'true' are not equal&#xD;
	at com.kms.katalon.core.keyword.builtin.VerifyEqualKeyword$_verifyEqual_closure1.doCall(VerifyEqualKeyword.groovy:58)&#xD;
	at com.kms.katalon.core.keyword.builtin.VerifyEqualKeyword$_verifyEqual_closure1.call(VerifyEqualKeyword.groovy)&#xD;
	at com.kms.katalon.core.keyword.internal.KeywordMain.runKeyword(KeywordMain.groovy:68)&#xD;
	... 18 more&#xD;
&#xD;
&#xD;
2019-09-19 15:28:47 - [TEST_STEP][PASSED] - response = sendRequest(findTestObject("AlterationScroingNBMajor/PRUmed Benefit Limitation/Version 1.0_Check_1.391/Request Object", ["transactionType":transactionType, "clientType":clientType, "role":role, "subAlter":subAlter, "eviCode":eviCode, "riderCode":riderCode, ... ])): Send request successfully&#xD;
&#xD;
2019-09-19 15:28:47 - [MESSAGE][INFO] - HAR: C:\SURYAPURBA\PHS\PHS-BRMS\Reports\AlterationScoringNBMajor\PRUmed Benefit Limitation\20190919_152823\requests\main\25.har&#xD;
&#xD;
2019-09-19 15:28:47 - [MESSAGE][PASSED] - Send request successfully&#xD;
&#xD;
2019-09-19 15:28:47 - [TEST_STEP][PASSED] - slurper = new groovy.json.JsonSlurper(): null&#xD;
&#xD;
2019-09-19 15:28:47 - [TEST_STEP][PASSED] - parsingResponse = slurper.parseText(response.getResponseText()): null&#xD;
&#xD;
2019-09-19 15:28:47 - [TEST_STEP][PASSED] - println(parsingResponse): null&#xD;
&#xD;
2019-09-19 15:28:47 - [TEST_STEP][PASSED] - evidenceCode = evidenceCode: null&#xD;
&#xD;
2019-09-19 15:28:47 - [TEST_STEP][PASSED] - println(evidenceCode): null&#xD;
&#xD;
2019-09-19 15:28:47 - [TEST_STEP][PASSED] - println(expectedEvidenceCode): null&#xD;
&#xD;
2019-09-19 15:28:47 - [TEST_STEP][FAILED] - if (expectedEvidenceCode != "STD"): null&#xD;
&#xD;
2019-09-19 15:28:47 - [TEST_STEP][PASSED] - actual = description == expectedDescription: null&#xD;
&#xD;
2019-09-19 15:28:47 - [TEST_STEP][FAILED] - verifyEqual(actual, true, CONTINUE_ON_FAILURE): Unable to verify equal between actual object 'false' and expected object 'true' (Root cause: com.kms.katalon.core.exception.StepFailedException: Actual object 'false' and expected object 'true' are not equal&#xD;
	at com.kms.katalon.core.keyword.builtin.VerifyEqualKeyword$_verifyEqual_closure1.doCall(VerifyEqualKeyword.groovy:58)&#xD;
	at com.kms.katalon.core.keyword.builtin.VerifyEqualKeyword$_verifyEqual_closure1.call(VerifyEqualKeyword.groovy)&#xD;
	at com.kms.katalon.core.keyword.internal.KeywordMain.runKeyword(KeywordMain.groovy:68)&#xD;
	at com.kms.katalon.core.keyword.builtin.VerifyEqualKeyword.verifyEqual(VerifyEqualKeyword.groovy:63)&#xD;
	at com.kms.katalon.core.keyword.builtin.VerifyEqualKeyword.execute(VerifyEqualKeyword.groovy:44)&#xD;
	at com.kms.katalon.core.keyword.internal.KeywordExecutor.executeKeywordForPlatform(KeywordExecutor.groovy:56)&#xD;
	at com.kms.katalon.core.keyword.BuiltinKeywords.verifyEqual(BuiltinKeywords.groovy:126)&#xD;
	at PRUmed Benefit Limitation.run(PRUmed Benefit Limitation:29)&#xD;
	at com.kms.katalon.core.main.ScriptEngine.run(ScriptEngine.java:194)&#xD;
	at com.kms.katalon.core.main.ScriptEngine.runScriptAsRawText(ScriptEngine.java:119)&#xD;
	at com.kms.katalon.core.main.TestCaseExecutor.runScript(TestCaseExecutor.java:337)&#xD;
	at com.kms.katalon.core.main.TestCaseExecutor.doExecute(TestCaseExecutor.java:328)&#xD;
	at com.kms.katalon.core.main.TestCaseExecutor.processExecutionPhase(TestCaseExecutor.java:307)&#xD;
	at com.kms.katalon.core.main.TestCaseExecutor.accessMainPhase(TestCaseExecutor.java:299)&#xD;
	at com.kms.katalon.core.main.TestCaseExecutor.execute(TestCaseExecutor.java:233)&#xD;
	at com.kms.katalon.core.main.TestSuiteExecutor.accessTestCaseMainPhase(TestSuiteExecutor.java:133)&#xD;
	at com.kms.katalon.core.main.TestSuiteExecutor.accessTestSuiteMainPhase(TestSuiteExecutor.java:116)&#xD;
	at com.kms.katalon.core.main.TestSuiteExecutor.execute(TestSuiteExecutor.java:83)&#xD;
	at com.kms.katalon.core.main.TestCaseMain.startTestSuite(TestCaseMain.java:157)&#xD;
	at com.kms.katalon.core.main.TestCaseMain$startTestSuite$0.call(Unknown Source)&#xD;
	at TempTestSuite1568881703577.run(TempTestSuite1568881703577.groovy:35)&#xD;
)&#xD;
&#xD;
2019-09-19 15:28:47 - [MESSAGE][FAILED] - Unable to verify equal between actual object 'false' and expected object 'true' (Root cause: com.kms.katalon.core.exception.StepFailedException: Actual object 'false' and expected object 'true' are not equal&#xD;
	at com.kms.katalon.core.keyword.builtin.VerifyEqualKeyword$_verifyEqual_closure1.doCall(VerifyEqualKeyword.groovy:58)&#xD;
	at com.kms.katalon.core.keyword.builtin.VerifyEqualKeyword$_verifyEqual_closure1.call(VerifyEqualKeyword.groovy)&#xD;
	at com.kms.katalon.core.keyword.internal.KeywordMain.runKeyword(KeywordMain.groovy:68)&#xD;
	at com.kms.katalon.core.keyword.builtin.VerifyEqualKeyword.verifyEqual(VerifyEqualKeyword.groovy:63)&#xD;
	at com.kms.katalon.core.keyword.builtin.VerifyEqualKeyword.execute(VerifyEqualKeyword.groovy:44)&#xD;
	at com.kms.katalon.core.keyword.internal.KeywordExecutor.executeKeywordForPlatform(KeywordExecutor.groovy:56)&#xD;
	at com.kms.katalon.core.keyword.BuiltinKeywords.verifyEqual(BuiltinKeywords.groovy:126)&#xD;
	at PRUmed Benefit Limitation.run(PRUmed Benefit Limitation:29)&#xD;
	at com.kms.katalon.core.main.ScriptEngine.run(ScriptEngine.java:194)&#xD;
	at com.kms.katalon.core.main.ScriptEngine.runScriptAsRawText(ScriptEngine.java:119)&#xD;
	at com.kms.katalon.core.main.TestCaseExecutor.runScript(TestCaseExecutor.java:337)&#xD;
	at com.kms.katalon.core.main.TestCaseExecutor.doExecute(TestCaseExecutor.java:328)&#xD;
	at com.kms.katalon.core.main.TestCaseExecutor.processExecutionPhase(TestCaseExecutor.java:307)&#xD;
	at com.kms.katalon.core.main.TestCaseExecutor.accessMainPhase(TestCaseExecutor.java:299)&#xD;
	at com.kms.katalon.core.main.TestCaseExecutor.execute(TestCaseExecutor.java:233)&#xD;
	at com.kms.katalon.core.main.TestSuiteExecutor.accessTestCaseMainPhase(TestSuiteExecutor.java:133)&#xD;
	at com.kms.katalon.core.main.TestSuiteExecutor.accessTestSuiteMainPhase(TestSuiteExecutor.java:116)&#xD;
	at com.kms.katalon.core.main.TestSuiteExecutor.execute(TestSuiteExecutor.java:83)&#xD;
	at com.kms.katalon.core.main.TestCaseMain.startTestSuite(TestCaseMain.java:157)&#xD;
	at com.kms.katalon.core.main.TestCaseMain$startTestSuite$0.call(Unknown Source)&#xD;
	at TempTestSuite1568881703577.run(TempTestSuite1568881703577.groovy:35)&#xD;
)&#xD;
&#xD;
2019-09-19 15:28:47 - [TEST_STEP][PASSED] - if (actual == false): null&#xD;
&#xD;
2019-09-19 15:28:47 - [TEST_STEP][PASSED] - println("Evidence code tidak sesuai dengan expected evidence code"): null&#xD;
&#xD;
2019-09-19 15:28:47 - [TEST_STEP][PASSED] - verifyResponseStatusCode(response, 200): Verify response status code successfully&#xD;
&#xD;
2019-09-19 15:28:47 - [MESSAGE][PASSED] - Verify response status code successfully</system-out>
            <system-err>2019-09-19 15:28:47 - [TEST_CASE][FAILED] - Test Cases/AlterationScoringNBMajor/PRUmed Benefit Limitation/PRUmed Benefit Limitation: Test Cases/AlterationScoringNBMajor/PRUmed Benefit Limitation/PRUmed Benefit Limitation FAILED.
Reason:
com.kms.katalon.core.exception.StepFailedException: Unable to verify equal between actual object 'false' and expected object 'true' (Root cause: com.kms.katalon.core.exception.StepFailedException: Actual object 'false' and expected object 'true' are not equal&#xD;
	at com.kms.katalon.core.keyword.builtin.VerifyEqualKeyword$_verifyEqual_closure1.doCall(VerifyEqualKeyword.groovy:58)&#xD;
	at com.kms.katalon.core.keyword.builtin.VerifyEqualKeyword$_verifyEqual_closure1.call(VerifyEqualKeyword.groovy)&#xD;
	at com.kms.katalon.core.keyword.internal.KeywordMain.runKeyword(KeywordMain.groovy:68)&#xD;
	at com.kms.katalon.core.keyword.builtin.VerifyEqualKeyword.verifyEqual(VerifyEqualKeyword.groovy:63)&#xD;
	at com.kms.katalon.core.keyword.builtin.VerifyEqualKeyword.execute(VerifyEqualKeyword.groovy:44)&#xD;
	at com.kms.katalon.core.keyword.internal.KeywordExecutor.executeKeywordForPlatform(KeywordExecutor.groovy:56)&#xD;
	at com.kms.katalon.core.keyword.BuiltinKeywords.verifyEqual(BuiltinKeywords.groovy:126)&#xD;
	at PRUmed Benefit Limitation.run(PRUmed Benefit Limitation:29)&#xD;
	at com.kms.katalon.core.main.ScriptEngine.run(ScriptEngine.java:194)&#xD;
	at com.kms.katalon.core.main.ScriptEngine.runScriptAsRawText(ScriptEngine.java:119)&#xD;
	at com.kms.katalon.core.main.TestCaseExecutor.runScript(TestCaseExecutor.java:337)&#xD;
	at com.kms.katalon.core.main.TestCaseExecutor.doExecute(TestCaseExecutor.java:328)&#xD;
	at com.kms.katalon.core.main.TestCaseExecutor.processExecutionPhase(TestCaseExecutor.java:307)&#xD;
	at com.kms.katalon.core.main.TestCaseExecutor.accessMainPhase(TestCaseExecutor.java:299)&#xD;
	at com.kms.katalon.core.main.TestCaseExecutor.execute(TestCaseExecutor.java:233)&#xD;
	at com.kms.katalon.core.main.TestSuiteExecutor.accessTestCaseMainPhase(TestSuiteExecutor.java:133)&#xD;
	at com.kms.katalon.core.main.TestSuiteExecutor.accessTestSuiteMainPhase(TestSuiteExecutor.java:116)&#xD;
	at com.kms.katalon.core.main.TestSuiteExecutor.execute(TestSuiteExecutor.java:83)&#xD;
	at com.kms.katalon.core.main.TestCaseMain.startTestSuite(TestCaseMain.java:157)&#xD;
	at com.kms.katalon.core.main.TestCaseMain$startTestSuite$0.call(Unknown Source)&#xD;
	at TempTestSuite1568881703577.run(TempTestSuite1568881703577.groovy:35)&#xD;
)&#xD;
	at com.kms.katalon.core.keyword.internal.KeywordMain.stepFailed(KeywordMain.groovy:39)&#xD;
	at com.kms.katalon.core.keyword.internal.KeywordMain.stepFailed(KeywordMain.groovy)&#xD;
	at com.kms.katalon.core.keyword.internal.KeywordMain.runKeyword(KeywordMain.groovy:70)&#xD;
	at com.kms.katalon.core.keyword.builtin.VerifyEqualKeyword.verifyEqual(VerifyEqualKeyword.groovy:63)&#xD;
	at com.kms.katalon.core.keyword.builtin.VerifyEqualKeyword.execute(VerifyEqualKeyword.groovy:44)&#xD;
	at com.kms.katalon.core.keyword.internal.KeywordExecutor.executeKeywordForPlatform(KeywordExecutor.groovy:56)&#xD;
	at com.kms.katalon.core.keyword.BuiltinKeywords.verifyEqual(BuiltinKeywords.groovy:126)&#xD;
	at PRUmed Benefit Limitation.run(PRUmed Benefit Limitation:29)&#xD;
	at com.kms.katalon.core.main.ScriptEngine.run(ScriptEngine.java:194)&#xD;
	at com.kms.katalon.core.main.ScriptEngine.runScriptAsRawText(ScriptEngine.java:119)&#xD;
	at com.kms.katalon.core.main.TestCaseExecutor.runScript(TestCaseExecutor.java:337)&#xD;
	at com.kms.katalon.core.main.TestCaseExecutor.doExecute(TestCaseExecutor.java:328)&#xD;
	at com.kms.katalon.core.main.TestCaseExecutor.processExecutionPhase(TestCaseExecutor.java:307)&#xD;
	at com.kms.katalon.core.main.TestCaseExecutor.accessMainPhase(TestCaseExecutor.java:299)&#xD;
	at com.kms.katalon.core.main.TestCaseExecutor.execute(TestCaseExecutor.java:233)&#xD;
	at com.kms.katalon.core.main.TestSuiteExecutor.accessTestCaseMainPhase(TestSuiteExecutor.java:133)&#xD;
	at com.kms.katalon.core.main.TestSuiteExecutor.accessTestSuiteMainPhase(TestSuiteExecutor.java:116)&#xD;
	at com.kms.katalon.core.main.TestSuiteExecutor.execute(TestSuiteExecutor.java:83)&#xD;
	at com.kms.katalon.core.main.TestCaseMain.startTestSuite(TestCaseMain.java:157)&#xD;
	at com.kms.katalon.core.main.TestCaseMain$startTestSuite$0.call(Unknown Source)&#xD;
	at TempTestSuite1568881703577.run(TempTestSuite1568881703577.groovy:35)&#xD;
Caused by: com.kms.katalon.core.exception.StepFailedException: Actual object 'false' and expected object 'true' are not equal&#xD;
	at com.kms.katalon.core.keyword.builtin.VerifyEqualKeyword$_verifyEqual_closure1.doCall(VerifyEqualKeyword.groovy:58)&#xD;
	at com.kms.katalon.core.keyword.builtin.VerifyEqualKeyword$_verifyEqual_closure1.call(VerifyEqualKeyword.groovy)&#xD;
	at com.kms.katalon.core.keyword.internal.KeywordMain.runKeyword(KeywordMain.groovy:68)&#xD;
	... 18 more</system-err>
        </testcase>
        <testcase name="Test Cases/AlterationScoringNBMajor/PRUmed Benefit Limitation/PRUmed Benefit Limitation" classname="Test Cases/AlterationScoringNBMajor/PRUmed Benefit Limitation/PRUmed Benefit Limitation" status="FAILED">
            <failure type="FAILED" message="Test Cases/AlterationScoringNBMajor/PRUmed Benefit Limitation/PRUmed Benefit Limitation FAILED.&#xA;Reason:&#xA;com.kms.katalon.core.exception.StepFailedException: Unable to verify equal between actual object 'false' and expected object 'true' (Root cause: com.kms.katalon.core.exception.StepFailedException: Actual object 'false' and expected object 'true' are not equal&#xD;&#xA;&#x9;at com.kms.katalon.core.keyword.builtin.VerifyEqualKeyword$_verifyEqual_closure1.doCall(VerifyEqualKeyword.groovy:58)&#xD;&#xA;&#x9;at com.kms.katalon.core.keyword.builtin.VerifyEqualKeyword$_verifyEqual_closure1.call(VerifyEqualKeyword.groovy)&#xD;&#xA;&#x9;at com.kms.katalon.core.keyword.internal.KeywordMain.runKeyword(KeywordMain.groovy:68)&#xD;&#xA;&#x9;at com.kms.katalon.core.keyword.builtin.VerifyEqualKeyword.verifyEqual(VerifyEqualKeyword.groovy:63)&#xD;&#xA;&#x9;at com.kms.katalon.core.keyword.builtin.VerifyEqualKeyword.execute(VerifyEqualKeyword.groovy:44)&#xD;&#xA;&#x9;at com.kms.katalon.core.keyword.internal.KeywordExecutor.executeKeywordForPlatform(KeywordExecutor.groovy:56)&#xD;&#xA;&#x9;at com.kms.katalon.core.keyword.BuiltinKeywords.verifyEqual(BuiltinKeywords.groovy:126)&#xD;&#xA;&#x9;at PRUmed Benefit Limitation.run(PRUmed Benefit Limitation:29)&#xD;&#xA;&#x9;at com.kms.katalon.core.main.ScriptEngine.run(ScriptEngine.java:194)&#xD;&#xA;&#x9;at com.kms.katalon.core.main.ScriptEngine.runScriptAsRawText(ScriptEngine.java:119)&#xD;&#xA;&#x9;at com.kms.katalon.core.main.TestCaseExecutor.runScript(TestCaseExecutor.java:337)&#xD;&#xA;&#x9;at com.kms.katalon.core.main.TestCaseExecutor.doExecute(TestCaseExecutor.java:328)&#xD;&#xA;&#x9;at com.kms.katalon.core.main.TestCaseExecutor.processExecutionPhase(TestCaseExecutor.java:307)&#xD;&#xA;&#x9;at com.kms.katalon.core.main.TestCaseExecutor.accessMainPhase(TestCaseExecutor.java:299)&#xD;&#xA;&#x9;at com.kms.katalon.core.main.TestCaseExecutor.execute(TestCaseExecutor.java:233)&#xD;&#xA;&#x9;at com.kms.katalon.core.main.TestSuiteExecutor.accessTestCaseMainPhase(TestSuiteExecutor.java:133)&#xD;&#xA;&#x9;at com.kms.katalon.core.main.TestSuiteExecutor.accessTestSuiteMainPhase(TestSuiteExecutor.java:116)&#xD;&#xA;&#x9;at com.kms.katalon.core.main.TestSuiteExecutor.execute(TestSuiteExecutor.java:83)&#xD;&#xA;&#x9;at com.kms.katalon.core.main.TestCaseMain.startTestSuite(TestCaseMain.java:157)&#xD;&#xA;&#x9;at com.kms.katalon.core.main.TestCaseMain$startTestSuite$0.call(Unknown Source)&#xD;&#xA;&#x9;at TempTestSuite1568881703577.run(TempTestSuite1568881703577.groovy:35)&#xD;&#xA;)&#xD;&#xA;&#x9;at com.kms.katalon.core.keyword.internal.KeywordMain.stepFailed(KeywordMain.groovy:39)&#xD;&#xA;&#x9;at com.kms.katalon.core.keyword.internal.KeywordMain.stepFailed(KeywordMain.groovy)&#xD;&#xA;&#x9;at com.kms.katalon.core.keyword.internal.KeywordMain.runKeyword(KeywordMain.groovy:70)&#xD;&#xA;&#x9;at com.kms.katalon.core.keyword.builtin.VerifyEqualKeyword.verifyEqual(VerifyEqualKeyword.groovy:63)&#xD;&#xA;&#x9;at com.kms.katalon.core.keyword.builtin.VerifyEqualKeyword.execute(VerifyEqualKeyword.groovy:44)&#xD;&#xA;&#x9;at com.kms.katalon.core.keyword.internal.KeywordExecutor.executeKeywordForPlatform(KeywordExecutor.groovy:56)&#xD;&#xA;&#x9;at com.kms.katalon.core.keyword.BuiltinKeywords.verifyEqual(BuiltinKeywords.groovy:126)&#xD;&#xA;&#x9;at PRUmed Benefit Limitation.run(PRUmed Benefit Limitation:29)&#xD;&#xA;&#x9;at com.kms.katalon.core.main.ScriptEngine.run(ScriptEngine.java:194)&#xD;&#xA;&#x9;at com.kms.katalon.core.main.ScriptEngine.runScriptAsRawText(ScriptEngine.java:119)&#xD;&#xA;&#x9;at com.kms.katalon.core.main.TestCaseExecutor.runScript(TestCaseExecutor.java:337)&#xD;&#xA;&#x9;at com.kms.katalon.core.main.TestCaseExecutor.doExecute(TestCaseExecutor.java:328)&#xD;&#xA;&#x9;at com.kms.katalon.core.main.TestCaseExecutor.processExecutionPhase(TestCaseExecutor.java:307)&#xD;&#xA;&#x9;at com.kms.katalon.core.main.TestCaseExecutor.accessMainPhase(TestCaseExecutor.java:299)&#xD;&#xA;&#x9;at com.kms.katalon.core.main.TestCaseExecutor.execute(TestCaseExecutor.java:233)&#xD;&#xA;&#x9;at com.kms.katalon.core.main.TestSuiteExecutor.accessTestCaseMainPhase(TestSuiteExecutor.java:133)&#xD;&#xA;&#x9;at com.kms.katalon.core.main.TestSuiteExecutor.accessTestSuiteMainPhase(TestSuiteExecutor.java:116)&#xD;&#xA;&#x9;at com.kms.katalon.core.main.TestSuiteExecutor.execute(TestSuiteExecutor.java:83)&#xD;&#xA;&#x9;at com.kms.katalon.core.main.TestCaseMain.startTestSuite(TestCaseMain.java:157)&#xD;&#xA;&#x9;at com.kms.katalon.core.main.TestCaseMain$startTestSuite$0.call(Unknown Source)&#xD;&#xA;&#x9;at TempTestSuite1568881703577.run(TempTestSuite1568881703577.groovy:35)&#xD;&#xA;Caused by: com.kms.katalon.core.exception.StepFailedException: Actual object 'false' and expected object 'true' are not equal&#xD;&#xA;&#x9;at com.kms.katalon.core.keyword.builtin.VerifyEqualKeyword$_verifyEqual_closure1.doCall(VerifyEqualKeyword.groovy:58)&#xD;&#xA;&#x9;at com.kms.katalon.core.keyword.builtin.VerifyEqualKeyword$_verifyEqual_closure1.call(VerifyEqualKeyword.groovy)&#xD;&#xA;&#x9;at com.kms.katalon.core.keyword.internal.KeywordMain.runKeyword(KeywordMain.groovy:68)&#xD;&#xA;&#x9;... 18 more&#xD;&#xA;"/>
            <system-out>2019-09-19 15:28:47 - [TEST_CASE][FAILED] - Test Cases/AlterationScoringNBMajor/PRUmed Benefit Limitation/PRUmed Benefit Limitation: Test Cases/AlterationScoringNBMajor/PRUmed Benefit Limitation/PRUmed Benefit Limitation FAILED.
Reason:
com.kms.katalon.core.exception.StepFailedException: Unable to verify equal between actual object 'false' and expected object 'true' (Root cause: com.kms.katalon.core.exception.StepFailedException: Actual object 'false' and expected object 'true' are not equal&#xD;
	at com.kms.katalon.core.keyword.builtin.VerifyEqualKeyword$_verifyEqual_closure1.doCall(VerifyEqualKeyword.groovy:58)&#xD;
	at com.kms.katalon.core.keyword.builtin.VerifyEqualKeyword$_verifyEqual_closure1.call(VerifyEqualKeyword.groovy)&#xD;
	at com.kms.katalon.core.keyword.internal.KeywordMain.runKeyword(KeywordMain.groovy:68)&#xD;
	at com.kms.katalon.core.keyword.builtin.VerifyEqualKeyword.verifyEqual(VerifyEqualKeyword.groovy:63)&#xD;
	at com.kms.katalon.core.keyword.builtin.VerifyEqualKeyword.execute(VerifyEqualKeyword.groovy:44)&#xD;
	at com.kms.katalon.core.keyword.internal.KeywordExecutor.executeKeywordForPlatform(KeywordExecutor.groovy:56)&#xD;
	at com.kms.katalon.core.keyword.BuiltinKeywords.verifyEqual(BuiltinKeywords.groovy:126)&#xD;
	at PRUmed Benefit Limitation.run(PRUmed Benefit Limitation:29)&#xD;
	at com.kms.katalon.core.main.ScriptEngine.run(ScriptEngine.java:194)&#xD;
	at com.kms.katalon.core.main.ScriptEngine.runScriptAsRawText(ScriptEngine.java:119)&#xD;
	at com.kms.katalon.core.main.TestCaseExecutor.runScript(TestCaseExecutor.java:337)&#xD;
	at com.kms.katalon.core.main.TestCaseExecutor.doExecute(TestCaseExecutor.java:328)&#xD;
	at com.kms.katalon.core.main.TestCaseExecutor.processExecutionPhase(TestCaseExecutor.java:307)&#xD;
	at com.kms.katalon.core.main.TestCaseExecutor.accessMainPhase(TestCaseExecutor.java:299)&#xD;
	at com.kms.katalon.core.main.TestCaseExecutor.execute(TestCaseExecutor.java:233)&#xD;
	at com.kms.katalon.core.main.TestSuiteExecutor.accessTestCaseMainPhase(TestSuiteExecutor.java:133)&#xD;
	at com.kms.katalon.core.main.TestSuiteExecutor.accessTestSuiteMainPhase(TestSuiteExecutor.java:116)&#xD;
	at com.kms.katalon.core.main.TestSuiteExecutor.execute(TestSuiteExecutor.java:83)&#xD;
	at com.kms.katalon.core.main.TestCaseMain.startTestSuite(TestCaseMain.java:157)&#xD;
	at com.kms.katalon.core.main.TestCaseMain$startTestSuite$0.call(Unknown Source)&#xD;
	at TempTestSuite1568881703577.run(TempTestSuite1568881703577.groovy:35)&#xD;
)&#xD;
	at com.kms.katalon.core.keyword.internal.KeywordMain.stepFailed(KeywordMain.groovy:39)&#xD;
	at com.kms.katalon.core.keyword.internal.KeywordMain.stepFailed(KeywordMain.groovy)&#xD;
	at com.kms.katalon.core.keyword.internal.KeywordMain.runKeyword(KeywordMain.groovy:70)&#xD;
	at com.kms.katalon.core.keyword.builtin.VerifyEqualKeyword.verifyEqual(VerifyEqualKeyword.groovy:63)&#xD;
	at com.kms.katalon.core.keyword.builtin.VerifyEqualKeyword.execute(VerifyEqualKeyword.groovy:44)&#xD;
	at com.kms.katalon.core.keyword.internal.KeywordExecutor.executeKeywordForPlatform(KeywordExecutor.groovy:56)&#xD;
	at com.kms.katalon.core.keyword.BuiltinKeywords.verifyEqual(BuiltinKeywords.groovy:126)&#xD;
	at PRUmed Benefit Limitation.run(PRUmed Benefit Limitation:29)&#xD;
	at com.kms.katalon.core.main.ScriptEngine.run(ScriptEngine.java:194)&#xD;
	at com.kms.katalon.core.main.ScriptEngine.runScriptAsRawText(ScriptEngine.java:119)&#xD;
	at com.kms.katalon.core.main.TestCaseExecutor.runScript(TestCaseExecutor.java:337)&#xD;
	at com.kms.katalon.core.main.TestCaseExecutor.doExecute(TestCaseExecutor.java:328)&#xD;
	at com.kms.katalon.core.main.TestCaseExecutor.processExecutionPhase(TestCaseExecutor.java:307)&#xD;
	at com.kms.katalon.core.main.TestCaseExecutor.accessMainPhase(TestCaseExecutor.java:299)&#xD;
	at com.kms.katalon.core.main.TestCaseExecutor.execute(TestCaseExecutor.java:233)&#xD;
	at com.kms.katalon.core.main.TestSuiteExecutor.accessTestCaseMainPhase(TestSuiteExecutor.java:133)&#xD;
	at com.kms.katalon.core.main.TestSuiteExecutor.accessTestSuiteMainPhase(TestSuiteExecutor.java:116)&#xD;
	at com.kms.katalon.core.main.TestSuiteExecutor.execute(TestSuiteExecutor.java:83)&#xD;
	at com.kms.katalon.core.main.TestCaseMain.startTestSuite(TestCaseMain.java:157)&#xD;
	at com.kms.katalon.core.main.TestCaseMain$startTestSuite$0.call(Unknown Source)&#xD;
	at TempTestSuite1568881703577.run(TempTestSuite1568881703577.groovy:35)&#xD;
Caused by: com.kms.katalon.core.exception.StepFailedException: Actual object 'false' and expected object 'true' are not equal&#xD;
	at com.kms.katalon.core.keyword.builtin.VerifyEqualKeyword$_verifyEqual_closure1.doCall(VerifyEqualKeyword.groovy:58)&#xD;
	at com.kms.katalon.core.keyword.builtin.VerifyEqualKeyword$_verifyEqual_closure1.call(VerifyEqualKeyword.groovy)&#xD;
	at com.kms.katalon.core.keyword.internal.KeywordMain.runKeyword(KeywordMain.groovy:68)&#xD;
	... 18 more&#xD;
&#xD;
&#xD;
2019-09-19 15:28:47 - [TEST_STEP][PASSED] - response = sendRequest(findTestObject("AlterationScroingNBMajor/PRUmed Benefit Limitation/Version 1.0_Check_1.391/Request Object", ["transactionType":transactionType, "clientType":clientType, "role":role, "subAlter":subAlter, "eviCode":eviCode, "riderCode":riderCode, ... ])): Send request successfully&#xD;
&#xD;
2019-09-19 15:28:47 - [MESSAGE][INFO] - HAR: C:\SURYAPURBA\PHS\PHS-BRMS\Reports\AlterationScoringNBMajor\PRUmed Benefit Limitation\20190919_152823\requests\main\26.har&#xD;
&#xD;
2019-09-19 15:28:47 - [MESSAGE][PASSED] - Send request successfully&#xD;
&#xD;
2019-09-19 15:28:48 - [TEST_STEP][PASSED] - slurper = new groovy.json.JsonSlurper(): null&#xD;
&#xD;
2019-09-19 15:28:48 - [TEST_STEP][PASSED] - parsingResponse = slurper.parseText(response.getResponseText()): null&#xD;
&#xD;
2019-09-19 15:28:48 - [TEST_STEP][PASSED] - println(parsingResponse): null&#xD;
&#xD;
2019-09-19 15:28:48 - [TEST_STEP][PASSED] - evidenceCode = evidenceCode: null&#xD;
&#xD;
2019-09-19 15:28:48 - [TEST_STEP][PASSED] - println(evidenceCode): null&#xD;
&#xD;
2019-09-19 15:28:48 - [TEST_STEP][PASSED] - println(expectedEvidenceCode): null&#xD;
&#xD;
2019-09-19 15:28:48 - [TEST_STEP][FAILED] - if (expectedEvidenceCode != "STD"): null&#xD;
&#xD;
2019-09-19 15:28:48 - [TEST_STEP][PASSED] - actual = description == expectedDescription: null&#xD;
&#xD;
2019-09-19 15:28:48 - [TEST_STEP][FAILED] - verifyEqual(actual, true, CONTINUE_ON_FAILURE): Unable to verify equal between actual object 'false' and expected object 'true' (Root cause: com.kms.katalon.core.exception.StepFailedException: Actual object 'false' and expected object 'true' are not equal&#xD;
	at com.kms.katalon.core.keyword.builtin.VerifyEqualKeyword$_verifyEqual_closure1.doCall(VerifyEqualKeyword.groovy:58)&#xD;
	at com.kms.katalon.core.keyword.builtin.VerifyEqualKeyword$_verifyEqual_closure1.call(VerifyEqualKeyword.groovy)&#xD;
	at com.kms.katalon.core.keyword.internal.KeywordMain.runKeyword(KeywordMain.groovy:68)&#xD;
	at com.kms.katalon.core.keyword.builtin.VerifyEqualKeyword.verifyEqual(VerifyEqualKeyword.groovy:63)&#xD;
	at com.kms.katalon.core.keyword.builtin.VerifyEqualKeyword.execute(VerifyEqualKeyword.groovy:44)&#xD;
	at com.kms.katalon.core.keyword.internal.KeywordExecutor.executeKeywordForPlatform(KeywordExecutor.groovy:56)&#xD;
	at com.kms.katalon.core.keyword.BuiltinKeywords.verifyEqual(BuiltinKeywords.groovy:126)&#xD;
	at PRUmed Benefit Limitation.run(PRUmed Benefit Limitation:29)&#xD;
	at com.kms.katalon.core.main.ScriptEngine.run(ScriptEngine.java:194)&#xD;
	at com.kms.katalon.core.main.ScriptEngine.runScriptAsRawText(ScriptEngine.java:119)&#xD;
	at com.kms.katalon.core.main.TestCaseExecutor.runScript(TestCaseExecutor.java:337)&#xD;
	at com.kms.katalon.core.main.TestCaseExecutor.doExecute(TestCaseExecutor.java:328)&#xD;
	at com.kms.katalon.core.main.TestCaseExecutor.processExecutionPhase(TestCaseExecutor.java:307)&#xD;
	at com.kms.katalon.core.main.TestCaseExecutor.accessMainPhase(TestCaseExecutor.java:299)&#xD;
	at com.kms.katalon.core.main.TestCaseExecutor.execute(TestCaseExecutor.java:233)&#xD;
	at com.kms.katalon.core.main.TestSuiteExecutor.accessTestCaseMainPhase(TestSuiteExecutor.java:133)&#xD;
	at com.kms.katalon.core.main.TestSuiteExecutor.accessTestSuiteMainPhase(TestSuiteExecutor.java:116)&#xD;
	at com.kms.katalon.core.main.TestSuiteExecutor.execute(TestSuiteExecutor.java:83)&#xD;
	at com.kms.katalon.core.main.TestCaseMain.startTestSuite(TestCaseMain.java:157)&#xD;
	at com.kms.katalon.core.main.TestCaseMain$startTestSuite$0.call(Unknown Source)&#xD;
	at TempTestSuite1568881703577.run(TempTestSuite1568881703577.groovy:35)&#xD;
)&#xD;
&#xD;
2019-09-19 15:28:48 - [MESSAGE][FAILED] - Unable to verify equal between actual object 'false' and expected object 'true' (Root cause: com.kms.katalon.core.exception.StepFailedException: Actual object 'false' and expected object 'true' are not equal&#xD;
	at com.kms.katalon.core.keyword.builtin.VerifyEqualKeyword$_verifyEqual_closure1.doCall(VerifyEqualKeyword.groovy:58)&#xD;
	at com.kms.katalon.core.keyword.builtin.VerifyEqualKeyword$_verifyEqual_closure1.call(VerifyEqualKeyword.groovy)&#xD;
	at com.kms.katalon.core.keyword.internal.KeywordMain.runKeyword(KeywordMain.groovy:68)&#xD;
	at com.kms.katalon.core.keyword.builtin.VerifyEqualKeyword.verifyEqual(VerifyEqualKeyword.groovy:63)&#xD;
	at com.kms.katalon.core.keyword.builtin.VerifyEqualKeyword.execute(VerifyEqualKeyword.groovy:44)&#xD;
	at com.kms.katalon.core.keyword.internal.KeywordExecutor.executeKeywordForPlatform(KeywordExecutor.groovy:56)&#xD;
	at com.kms.katalon.core.keyword.BuiltinKeywords.verifyEqual(BuiltinKeywords.groovy:126)&#xD;
	at PRUmed Benefit Limitation.run(PRUmed Benefit Limitation:29)&#xD;
	at com.kms.katalon.core.main.ScriptEngine.run(ScriptEngine.java:194)&#xD;
	at com.kms.katalon.core.main.ScriptEngine.runScriptAsRawText(ScriptEngine.java:119)&#xD;
	at com.kms.katalon.core.main.TestCaseExecutor.runScript(TestCaseExecutor.java:337)&#xD;
	at com.kms.katalon.core.main.TestCaseExecutor.doExecute(TestCaseExecutor.java:328)&#xD;
	at com.kms.katalon.core.main.TestCaseExecutor.processExecutionPhase(TestCaseExecutor.java:307)&#xD;
	at com.kms.katalon.core.main.TestCaseExecutor.accessMainPhase(TestCaseExecutor.java:299)&#xD;
	at com.kms.katalon.core.main.TestCaseExecutor.execute(TestCaseExecutor.java:233)&#xD;
	at com.kms.katalon.core.main.TestSuiteExecutor.accessTestCaseMainPhase(TestSuiteExecutor.java:133)&#xD;
	at com.kms.katalon.core.main.TestSuiteExecutor.accessTestSuiteMainPhase(TestSuiteExecutor.java:116)&#xD;
	at com.kms.katalon.core.main.TestSuiteExecutor.execute(TestSuiteExecutor.java:83)&#xD;
	at com.kms.katalon.core.main.TestCaseMain.startTestSuite(TestCaseMain.java:157)&#xD;
	at com.kms.katalon.core.main.TestCaseMain$startTestSuite$0.call(Unknown Source)&#xD;
	at TempTestSuite1568881703577.run(TempTestSuite1568881703577.groovy:35)&#xD;
)&#xD;
&#xD;
2019-09-19 15:28:48 - [TEST_STEP][PASSED] - if (actual == false): null&#xD;
&#xD;
2019-09-19 15:28:48 - [TEST_STEP][PASSED] - println("Evidence code tidak sesuai dengan expected evidence code"): null&#xD;
&#xD;
2019-09-19 15:28:48 - [TEST_STEP][PASSED] - verifyResponseStatusCode(response, 200): Verify response status code successfully&#xD;
&#xD;
2019-09-19 15:28:48 - [MESSAGE][PASSED] - Verify response status code successfully</system-out>
            <system-err>2019-09-19 15:28:47 - [TEST_CASE][FAILED] - Test Cases/AlterationScoringNBMajor/PRUmed Benefit Limitation/PRUmed Benefit Limitation: Test Cases/AlterationScoringNBMajor/PRUmed Benefit Limitation/PRUmed Benefit Limitation FAILED.
Reason:
com.kms.katalon.core.exception.StepFailedException: Unable to verify equal between actual object 'false' and expected object 'true' (Root cause: com.kms.katalon.core.exception.StepFailedException: Actual object 'false' and expected object 'true' are not equal&#xD;
	at com.kms.katalon.core.keyword.builtin.VerifyEqualKeyword$_verifyEqual_closure1.doCall(VerifyEqualKeyword.groovy:58)&#xD;
	at com.kms.katalon.core.keyword.builtin.VerifyEqualKeyword$_verifyEqual_closure1.call(VerifyEqualKeyword.groovy)&#xD;
	at com.kms.katalon.core.keyword.internal.KeywordMain.runKeyword(KeywordMain.groovy:68)&#xD;
	at com.kms.katalon.core.keyword.builtin.VerifyEqualKeyword.verifyEqual(VerifyEqualKeyword.groovy:63)&#xD;
	at com.kms.katalon.core.keyword.builtin.VerifyEqualKeyword.execute(VerifyEqualKeyword.groovy:44)&#xD;
	at com.kms.katalon.core.keyword.internal.KeywordExecutor.executeKeywordForPlatform(KeywordExecutor.groovy:56)&#xD;
	at com.kms.katalon.core.keyword.BuiltinKeywords.verifyEqual(BuiltinKeywords.groovy:126)&#xD;
	at PRUmed Benefit Limitation.run(PRUmed Benefit Limitation:29)&#xD;
	at com.kms.katalon.core.main.ScriptEngine.run(ScriptEngine.java:194)&#xD;
	at com.kms.katalon.core.main.ScriptEngine.runScriptAsRawText(ScriptEngine.java:119)&#xD;
	at com.kms.katalon.core.main.TestCaseExecutor.runScript(TestCaseExecutor.java:337)&#xD;
	at com.kms.katalon.core.main.TestCaseExecutor.doExecute(TestCaseExecutor.java:328)&#xD;
	at com.kms.katalon.core.main.TestCaseExecutor.processExecutionPhase(TestCaseExecutor.java:307)&#xD;
	at com.kms.katalon.core.main.TestCaseExecutor.accessMainPhase(TestCaseExecutor.java:299)&#xD;
	at com.kms.katalon.core.main.TestCaseExecutor.execute(TestCaseExecutor.java:233)&#xD;
	at com.kms.katalon.core.main.TestSuiteExecutor.accessTestCaseMainPhase(TestSuiteExecutor.java:133)&#xD;
	at com.kms.katalon.core.main.TestSuiteExecutor.accessTestSuiteMainPhase(TestSuiteExecutor.java:116)&#xD;
	at com.kms.katalon.core.main.TestSuiteExecutor.execute(TestSuiteExecutor.java:83)&#xD;
	at com.kms.katalon.core.main.TestCaseMain.startTestSuite(TestCaseMain.java:157)&#xD;
	at com.kms.katalon.core.main.TestCaseMain$startTestSuite$0.call(Unknown Source)&#xD;
	at TempTestSuite1568881703577.run(TempTestSuite1568881703577.groovy:35)&#xD;
)&#xD;
	at com.kms.katalon.core.keyword.internal.KeywordMain.stepFailed(KeywordMain.groovy:39)&#xD;
	at com.kms.katalon.core.keyword.internal.KeywordMain.stepFailed(KeywordMain.groovy)&#xD;
	at com.kms.katalon.core.keyword.internal.KeywordMain.runKeyword(KeywordMain.groovy:70)&#xD;
	at com.kms.katalon.core.keyword.builtin.VerifyEqualKeyword.verifyEqual(VerifyEqualKeyword.groovy:63)&#xD;
	at com.kms.katalon.core.keyword.builtin.VerifyEqualKeyword.execute(VerifyEqualKeyword.groovy:44)&#xD;
	at com.kms.katalon.core.keyword.internal.KeywordExecutor.executeKeywordForPlatform(KeywordExecutor.groovy:56)&#xD;
	at com.kms.katalon.core.keyword.BuiltinKeywords.verifyEqual(BuiltinKeywords.groovy:126)&#xD;
	at PRUmed Benefit Limitation.run(PRUmed Benefit Limitation:29)&#xD;
	at com.kms.katalon.core.main.ScriptEngine.run(ScriptEngine.java:194)&#xD;
	at com.kms.katalon.core.main.ScriptEngine.runScriptAsRawText(ScriptEngine.java:119)&#xD;
	at com.kms.katalon.core.main.TestCaseExecutor.runScript(TestCaseExecutor.java:337)&#xD;
	at com.kms.katalon.core.main.TestCaseExecutor.doExecute(TestCaseExecutor.java:328)&#xD;
	at com.kms.katalon.core.main.TestCaseExecutor.processExecutionPhase(TestCaseExecutor.java:307)&#xD;
	at com.kms.katalon.core.main.TestCaseExecutor.accessMainPhase(TestCaseExecutor.java:299)&#xD;
	at com.kms.katalon.core.main.TestCaseExecutor.execute(TestCaseExecutor.java:233)&#xD;
	at com.kms.katalon.core.main.TestSuiteExecutor.accessTestCaseMainPhase(TestSuiteExecutor.java:133)&#xD;
	at com.kms.katalon.core.main.TestSuiteExecutor.accessTestSuiteMainPhase(TestSuiteExecutor.java:116)&#xD;
	at com.kms.katalon.core.main.TestSuiteExecutor.execute(TestSuiteExecutor.java:83)&#xD;
	at com.kms.katalon.core.main.TestCaseMain.startTestSuite(TestCaseMain.java:157)&#xD;
	at com.kms.katalon.core.main.TestCaseMain$startTestSuite$0.call(Unknown Source)&#xD;
	at TempTestSuite1568881703577.run(TempTestSuite1568881703577.groovy:35)&#xD;
Caused by: com.kms.katalon.core.exception.StepFailedException: Actual object 'false' and expected object 'true' are not equal&#xD;
	at com.kms.katalon.core.keyword.builtin.VerifyEqualKeyword$_verifyEqual_closure1.doCall(VerifyEqualKeyword.groovy:58)&#xD;
	at com.kms.katalon.core.keyword.builtin.VerifyEqualKeyword$_verifyEqual_closure1.call(VerifyEqualKeyword.groovy)&#xD;
	at com.kms.katalon.core.keyword.internal.KeywordMain.runKeyword(KeywordMain.groovy:68)&#xD;
	... 18 more</system-err>
        </testcase>
        <testcase name="Test Cases/AlterationScoringNBMajor/PRUmed Benefit Limitation/PRUmed Benefit Limitation" classname="Test Cases/AlterationScoringNBMajor/PRUmed Benefit Limitation/PRUmed Benefit Limitation" status="FAILED">
            <failure type="FAILED" message="Test Cases/AlterationScoringNBMajor/PRUmed Benefit Limitation/PRUmed Benefit Limitation FAILED.&#xA;Reason:&#xA;com.kms.katalon.core.exception.StepFailedException: Unable to verify equal between actual object 'false' and expected object 'true' (Root cause: com.kms.katalon.core.exception.StepFailedException: Actual object 'false' and expected object 'true' are not equal&#xD;&#xA;&#x9;at com.kms.katalon.core.keyword.builtin.VerifyEqualKeyword$_verifyEqual_closure1.doCall(VerifyEqualKeyword.groovy:58)&#xD;&#xA;&#x9;at com.kms.katalon.core.keyword.builtin.VerifyEqualKeyword$_verifyEqual_closure1.call(VerifyEqualKeyword.groovy)&#xD;&#xA;&#x9;at com.kms.katalon.core.keyword.internal.KeywordMain.runKeyword(KeywordMain.groovy:68)&#xD;&#xA;&#x9;at com.kms.katalon.core.keyword.builtin.VerifyEqualKeyword.verifyEqual(VerifyEqualKeyword.groovy:63)&#xD;&#xA;&#x9;at com.kms.katalon.core.keyword.builtin.VerifyEqualKeyword.execute(VerifyEqualKeyword.groovy:44)&#xD;&#xA;&#x9;at com.kms.katalon.core.keyword.internal.KeywordExecutor.executeKeywordForPlatform(KeywordExecutor.groovy:56)&#xD;&#xA;&#x9;at com.kms.katalon.core.keyword.BuiltinKeywords.verifyEqual(BuiltinKeywords.groovy:126)&#xD;&#xA;&#x9;at PRUmed Benefit Limitation.run(PRUmed Benefit Limitation:29)&#xD;&#xA;&#x9;at com.kms.katalon.core.main.ScriptEngine.run(ScriptEngine.java:194)&#xD;&#xA;&#x9;at com.kms.katalon.core.main.ScriptEngine.runScriptAsRawText(ScriptEngine.java:119)&#xD;&#xA;&#x9;at com.kms.katalon.core.main.TestCaseExecutor.runScript(TestCaseExecutor.java:337)&#xD;&#xA;&#x9;at com.kms.katalon.core.main.TestCaseExecutor.doExecute(TestCaseExecutor.java:328)&#xD;&#xA;&#x9;at com.kms.katalon.core.main.TestCaseExecutor.processExecutionPhase(TestCaseExecutor.java:307)&#xD;&#xA;&#x9;at com.kms.katalon.core.main.TestCaseExecutor.accessMainPhase(TestCaseExecutor.java:299)&#xD;&#xA;&#x9;at com.kms.katalon.core.main.TestCaseExecutor.execute(TestCaseExecutor.java:233)&#xD;&#xA;&#x9;at com.kms.katalon.core.main.TestSuiteExecutor.accessTestCaseMainPhase(TestSuiteExecutor.java:133)&#xD;&#xA;&#x9;at com.kms.katalon.core.main.TestSuiteExecutor.accessTestSuiteMainPhase(TestSuiteExecutor.java:116)&#xD;&#xA;&#x9;at com.kms.katalon.core.main.TestSuiteExecutor.execute(TestSuiteExecutor.java:83)&#xD;&#xA;&#x9;at com.kms.katalon.core.main.TestCaseMain.startTestSuite(TestCaseMain.java:157)&#xD;&#xA;&#x9;at com.kms.katalon.core.main.TestCaseMain$startTestSuite$0.call(Unknown Source)&#xD;&#xA;&#x9;at TempTestSuite1568881703577.run(TempTestSuite1568881703577.groovy:35)&#xD;&#xA;)&#xD;&#xA;&#x9;at com.kms.katalon.core.keyword.internal.KeywordMain.stepFailed(KeywordMain.groovy:39)&#xD;&#xA;&#x9;at com.kms.katalon.core.keyword.internal.KeywordMain.stepFailed(KeywordMain.groovy)&#xD;&#xA;&#x9;at com.kms.katalon.core.keyword.internal.KeywordMain.runKeyword(KeywordMain.groovy:70)&#xD;&#xA;&#x9;at com.kms.katalon.core.keyword.builtin.VerifyEqualKeyword.verifyEqual(VerifyEqualKeyword.groovy:63)&#xD;&#xA;&#x9;at com.kms.katalon.core.keyword.builtin.VerifyEqualKeyword.execute(VerifyEqualKeyword.groovy:44)&#xD;&#xA;&#x9;at com.kms.katalon.core.keyword.internal.KeywordExecutor.executeKeywordForPlatform(KeywordExecutor.groovy:56)&#xD;&#xA;&#x9;at com.kms.katalon.core.keyword.BuiltinKeywords.verifyEqual(BuiltinKeywords.groovy:126)&#xD;&#xA;&#x9;at PRUmed Benefit Limitation.run(PRUmed Benefit Limitation:29)&#xD;&#xA;&#x9;at com.kms.katalon.core.main.ScriptEngine.run(ScriptEngine.java:194)&#xD;&#xA;&#x9;at com.kms.katalon.core.main.ScriptEngine.runScriptAsRawText(ScriptEngine.java:119)&#xD;&#xA;&#x9;at com.kms.katalon.core.main.TestCaseExecutor.runScript(TestCaseExecutor.java:337)&#xD;&#xA;&#x9;at com.kms.katalon.core.main.TestCaseExecutor.doExecute(TestCaseExecutor.java:328)&#xD;&#xA;&#x9;at com.kms.katalon.core.main.TestCaseExecutor.processExecutionPhase(TestCaseExecutor.java:307)&#xD;&#xA;&#x9;at com.kms.katalon.core.main.TestCaseExecutor.accessMainPhase(TestCaseExecutor.java:299)&#xD;&#xA;&#x9;at com.kms.katalon.core.main.TestCaseExecutor.execute(TestCaseExecutor.java:233)&#xD;&#xA;&#x9;at com.kms.katalon.core.main.TestSuiteExecutor.accessTestCaseMainPhase(TestSuiteExecutor.java:133)&#xD;&#xA;&#x9;at com.kms.katalon.core.main.TestSuiteExecutor.accessTestSuiteMainPhase(TestSuiteExecutor.java:116)&#xD;&#xA;&#x9;at com.kms.katalon.core.main.TestSuiteExecutor.execute(TestSuiteExecutor.java:83)&#xD;&#xA;&#x9;at com.kms.katalon.core.main.TestCaseMain.startTestSuite(TestCaseMain.java:157)&#xD;&#xA;&#x9;at com.kms.katalon.core.main.TestCaseMain$startTestSuite$0.call(Unknown Source)&#xD;&#xA;&#x9;at TempTestSuite1568881703577.run(TempTestSuite1568881703577.groovy:35)&#xD;&#xA;Caused by: com.kms.katalon.core.exception.StepFailedException: Actual object 'false' and expected object 'true' are not equal&#xD;&#xA;&#x9;at com.kms.katalon.core.keyword.builtin.VerifyEqualKeyword$_verifyEqual_closure1.doCall(VerifyEqualKeyword.groovy:58)&#xD;&#xA;&#x9;at com.kms.katalon.core.keyword.builtin.VerifyEqualKeyword$_verifyEqual_closure1.call(VerifyEqualKeyword.groovy)&#xD;&#xA;&#x9;at com.kms.katalon.core.keyword.internal.KeywordMain.runKeyword(KeywordMain.groovy:68)&#xD;&#xA;&#x9;... 18 more&#xD;&#xA;"/>
            <system-out>2019-09-19 15:28:48 - [TEST_CASE][FAILED] - Test Cases/AlterationScoringNBMajor/PRUmed Benefit Limitation/PRUmed Benefit Limitation: Test Cases/AlterationScoringNBMajor/PRUmed Benefit Limitation/PRUmed Benefit Limitation FAILED.
Reason:
com.kms.katalon.core.exception.StepFailedException: Unable to verify equal between actual object 'false' and expected object 'true' (Root cause: com.kms.katalon.core.exception.StepFailedException: Actual object 'false' and expected object 'true' are not equal&#xD;
	at com.kms.katalon.core.keyword.builtin.VerifyEqualKeyword$_verifyEqual_closure1.doCall(VerifyEqualKeyword.groovy:58)&#xD;
	at com.kms.katalon.core.keyword.builtin.VerifyEqualKeyword$_verifyEqual_closure1.call(VerifyEqualKeyword.groovy)&#xD;
	at com.kms.katalon.core.keyword.internal.KeywordMain.runKeyword(KeywordMain.groovy:68)&#xD;
	at com.kms.katalon.core.keyword.builtin.VerifyEqualKeyword.verifyEqual(VerifyEqualKeyword.groovy:63)&#xD;
	at com.kms.katalon.core.keyword.builtin.VerifyEqualKeyword.execute(VerifyEqualKeyword.groovy:44)&#xD;
	at com.kms.katalon.core.keyword.internal.KeywordExecutor.executeKeywordForPlatform(KeywordExecutor.groovy:56)&#xD;
	at com.kms.katalon.core.keyword.BuiltinKeywords.verifyEqual(BuiltinKeywords.groovy:126)&#xD;
	at PRUmed Benefit Limitation.run(PRUmed Benefit Limitation:29)&#xD;
	at com.kms.katalon.core.main.ScriptEngine.run(ScriptEngine.java:194)&#xD;
	at com.kms.katalon.core.main.ScriptEngine.runScriptAsRawText(ScriptEngine.java:119)&#xD;
	at com.kms.katalon.core.main.TestCaseExecutor.runScript(TestCaseExecutor.java:337)&#xD;
	at com.kms.katalon.core.main.TestCaseExecutor.doExecute(TestCaseExecutor.java:328)&#xD;
	at com.kms.katalon.core.main.TestCaseExecutor.processExecutionPhase(TestCaseExecutor.java:307)&#xD;
	at com.kms.katalon.core.main.TestCaseExecutor.accessMainPhase(TestCaseExecutor.java:299)&#xD;
	at com.kms.katalon.core.main.TestCaseExecutor.execute(TestCaseExecutor.java:233)&#xD;
	at com.kms.katalon.core.main.TestSuiteExecutor.accessTestCaseMainPhase(TestSuiteExecutor.java:133)&#xD;
	at com.kms.katalon.core.main.TestSuiteExecutor.accessTestSuiteMainPhase(TestSuiteExecutor.java:116)&#xD;
	at com.kms.katalon.core.main.TestSuiteExecutor.execute(TestSuiteExecutor.java:83)&#xD;
	at com.kms.katalon.core.main.TestCaseMain.startTestSuite(TestCaseMain.java:157)&#xD;
	at com.kms.katalon.core.main.TestCaseMain$startTestSuite$0.call(Unknown Source)&#xD;
	at TempTestSuite1568881703577.run(TempTestSuite1568881703577.groovy:35)&#xD;
)&#xD;
	at com.kms.katalon.core.keyword.internal.KeywordMain.stepFailed(KeywordMain.groovy:39)&#xD;
	at com.kms.katalon.core.keyword.internal.KeywordMain.stepFailed(KeywordMain.groovy)&#xD;
	at com.kms.katalon.core.keyword.internal.KeywordMain.runKeyword(KeywordMain.groovy:70)&#xD;
	at com.kms.katalon.core.keyword.builtin.VerifyEqualKeyword.verifyEqual(VerifyEqualKeyword.groovy:63)&#xD;
	at com.kms.katalon.core.keyword.builtin.VerifyEqualKeyword.execute(VerifyEqualKeyword.groovy:44)&#xD;
	at com.kms.katalon.core.keyword.internal.KeywordExecutor.executeKeywordForPlatform(KeywordExecutor.groovy:56)&#xD;
	at com.kms.katalon.core.keyword.BuiltinKeywords.verifyEqual(BuiltinKeywords.groovy:126)&#xD;
	at PRUmed Benefit Limitation.run(PRUmed Benefit Limitation:29)&#xD;
	at com.kms.katalon.core.main.ScriptEngine.run(ScriptEngine.java:194)&#xD;
	at com.kms.katalon.core.main.ScriptEngine.runScriptAsRawText(ScriptEngine.java:119)&#xD;
	at com.kms.katalon.core.main.TestCaseExecutor.runScript(TestCaseExecutor.java:337)&#xD;
	at com.kms.katalon.core.main.TestCaseExecutor.doExecute(TestCaseExecutor.java:328)&#xD;
	at com.kms.katalon.core.main.TestCaseExecutor.processExecutionPhase(TestCaseExecutor.java:307)&#xD;
	at com.kms.katalon.core.main.TestCaseExecutor.accessMainPhase(TestCaseExecutor.java:299)&#xD;
	at com.kms.katalon.core.main.TestCaseExecutor.execute(TestCaseExecutor.java:233)&#xD;
	at com.kms.katalon.core.main.TestSuiteExecutor.accessTestCaseMainPhase(TestSuiteExecutor.java:133)&#xD;
	at com.kms.katalon.core.main.TestSuiteExecutor.accessTestSuiteMainPhase(TestSuiteExecutor.java:116)&#xD;
	at com.kms.katalon.core.main.TestSuiteExecutor.execute(TestSuiteExecutor.java:83)&#xD;
	at com.kms.katalon.core.main.TestCaseMain.startTestSuite(TestCaseMain.java:157)&#xD;
	at com.kms.katalon.core.main.TestCaseMain$startTestSuite$0.call(Unknown Source)&#xD;
	at TempTestSuite1568881703577.run(TempTestSuite1568881703577.groovy:35)&#xD;
Caused by: com.kms.katalon.core.exception.StepFailedException: Actual object 'false' and expected object 'true' are not equal&#xD;
	at com.kms.katalon.core.keyword.builtin.VerifyEqualKeyword$_verifyEqual_closure1.doCall(VerifyEqualKeyword.groovy:58)&#xD;
	at com.kms.katalon.core.keyword.builtin.VerifyEqualKeyword$_verifyEqual_closure1.call(VerifyEqualKeyword.groovy)&#xD;
	at com.kms.katalon.core.keyword.internal.KeywordMain.runKeyword(KeywordMain.groovy:68)&#xD;
	... 18 more&#xD;
&#xD;
&#xD;
2019-09-19 15:28:49 - [TEST_STEP][PASSED] - response = sendRequest(findTestObject("AlterationScroingNBMajor/PRUmed Benefit Limitation/Version 1.0_Check_1.391/Request Object", ["transactionType":transactionType, "clientType":clientType, "role":role, "subAlter":subAlter, "eviCode":eviCode, "riderCode":riderCode, ... ])): Send request successfully&#xD;
&#xD;
2019-09-19 15:28:49 - [MESSAGE][INFO] - HAR: C:\SURYAPURBA\PHS\PHS-BRMS\Reports\AlterationScoringNBMajor\PRUmed Benefit Limitation\20190919_152823\requests\main\27.har&#xD;
&#xD;
2019-09-19 15:28:49 - [MESSAGE][PASSED] - Send request successfully&#xD;
&#xD;
2019-09-19 15:28:49 - [TEST_STEP][PASSED] - slurper = new groovy.json.JsonSlurper(): null&#xD;
&#xD;
2019-09-19 15:28:49 - [TEST_STEP][PASSED] - parsingResponse = slurper.parseText(response.getResponseText()): null&#xD;
&#xD;
2019-09-19 15:28:49 - [TEST_STEP][PASSED] - println(parsingResponse): null&#xD;
&#xD;
2019-09-19 15:28:49 - [TEST_STEP][PASSED] - evidenceCode = evidenceCode: null&#xD;
&#xD;
2019-09-19 15:28:49 - [TEST_STEP][PASSED] - println(evidenceCode): null&#xD;
&#xD;
2019-09-19 15:28:49 - [TEST_STEP][PASSED] - println(expectedEvidenceCode): null&#xD;
&#xD;
2019-09-19 15:28:49 - [TEST_STEP][FAILED] - if (expectedEvidenceCode != "STD"): null&#xD;
&#xD;
2019-09-19 15:28:49 - [TEST_STEP][PASSED] - actual = description == expectedDescription: null&#xD;
&#xD;
2019-09-19 15:28:49 - [TEST_STEP][FAILED] - verifyEqual(actual, true, CONTINUE_ON_FAILURE): Unable to verify equal between actual object 'false' and expected object 'true' (Root cause: com.kms.katalon.core.exception.StepFailedException: Actual object 'false' and expected object 'true' are not equal&#xD;
	at com.kms.katalon.core.keyword.builtin.VerifyEqualKeyword$_verifyEqual_closure1.doCall(VerifyEqualKeyword.groovy:58)&#xD;
	at com.kms.katalon.core.keyword.builtin.VerifyEqualKeyword$_verifyEqual_closure1.call(VerifyEqualKeyword.groovy)&#xD;
	at com.kms.katalon.core.keyword.internal.KeywordMain.runKeyword(KeywordMain.groovy:68)&#xD;
	at com.kms.katalon.core.keyword.builtin.VerifyEqualKeyword.verifyEqual(VerifyEqualKeyword.groovy:63)&#xD;
	at com.kms.katalon.core.keyword.builtin.VerifyEqualKeyword.execute(VerifyEqualKeyword.groovy:44)&#xD;
	at com.kms.katalon.core.keyword.internal.KeywordExecutor.executeKeywordForPlatform(KeywordExecutor.groovy:56)&#xD;
	at com.kms.katalon.core.keyword.BuiltinKeywords.verifyEqual(BuiltinKeywords.groovy:126)&#xD;
	at PRUmed Benefit Limitation.run(PRUmed Benefit Limitation:29)&#xD;
	at com.kms.katalon.core.main.ScriptEngine.run(ScriptEngine.java:194)&#xD;
	at com.kms.katalon.core.main.ScriptEngine.runScriptAsRawText(ScriptEngine.java:119)&#xD;
	at com.kms.katalon.core.main.TestCaseExecutor.runScript(TestCaseExecutor.java:337)&#xD;
	at com.kms.katalon.core.main.TestCaseExecutor.doExecute(TestCaseExecutor.java:328)&#xD;
	at com.kms.katalon.core.main.TestCaseExecutor.processExecutionPhase(TestCaseExecutor.java:307)&#xD;
	at com.kms.katalon.core.main.TestCaseExecutor.accessMainPhase(TestCaseExecutor.java:299)&#xD;
	at com.kms.katalon.core.main.TestCaseExecutor.execute(TestCaseExecutor.java:233)&#xD;
	at com.kms.katalon.core.main.TestSuiteExecutor.accessTestCaseMainPhase(TestSuiteExecutor.java:133)&#xD;
	at com.kms.katalon.core.main.TestSuiteExecutor.accessTestSuiteMainPhase(TestSuiteExecutor.java:116)&#xD;
	at com.kms.katalon.core.main.TestSuiteExecutor.execute(TestSuiteExecutor.java:83)&#xD;
	at com.kms.katalon.core.main.TestCaseMain.startTestSuite(TestCaseMain.java:157)&#xD;
	at com.kms.katalon.core.main.TestCaseMain$startTestSuite$0.call(Unknown Source)&#xD;
	at TempTestSuite1568881703577.run(TempTestSuite1568881703577.groovy:35)&#xD;
)&#xD;
&#xD;
2019-09-19 15:28:49 - [MESSAGE][FAILED] - Unable to verify equal between actual object 'false' and expected object 'true' (Root cause: com.kms.katalon.core.exception.StepFailedException: Actual object 'false' and expected object 'true' are not equal&#xD;
	at com.kms.katalon.core.keyword.builtin.VerifyEqualKeyword$_verifyEqual_closure1.doCall(VerifyEqualKeyword.groovy:58)&#xD;
	at com.kms.katalon.core.keyword.builtin.VerifyEqualKeyword$_verifyEqual_closure1.call(VerifyEqualKeyword.groovy)&#xD;
	at com.kms.katalon.core.keyword.internal.KeywordMain.runKeyword(KeywordMain.groovy:68)&#xD;
	at com.kms.katalon.core.keyword.builtin.VerifyEqualKeyword.verifyEqual(VerifyEqualKeyword.groovy:63)&#xD;
	at com.kms.katalon.core.keyword.builtin.VerifyEqualKeyword.execute(VerifyEqualKeyword.groovy:44)&#xD;
	at com.kms.katalon.core.keyword.internal.KeywordExecutor.executeKeywordForPlatform(KeywordExecutor.groovy:56)&#xD;
	at com.kms.katalon.core.keyword.BuiltinKeywords.verifyEqual(BuiltinKeywords.groovy:126)&#xD;
	at PRUmed Benefit Limitation.run(PRUmed Benefit Limitation:29)&#xD;
	at com.kms.katalon.core.main.ScriptEngine.run(ScriptEngine.java:194)&#xD;
	at com.kms.katalon.core.main.ScriptEngine.runScriptAsRawText(ScriptEngine.java:119)&#xD;
	at com.kms.katalon.core.main.TestCaseExecutor.runScript(TestCaseExecutor.java:337)&#xD;
	at com.kms.katalon.core.main.TestCaseExecutor.doExecute(TestCaseExecutor.java:328)&#xD;
	at com.kms.katalon.core.main.TestCaseExecutor.processExecutionPhase(TestCaseExecutor.java:307)&#xD;
	at com.kms.katalon.core.main.TestCaseExecutor.accessMainPhase(TestCaseExecutor.java:299)&#xD;
	at com.kms.katalon.core.main.TestCaseExecutor.execute(TestCaseExecutor.java:233)&#xD;
	at com.kms.katalon.core.main.TestSuiteExecutor.accessTestCaseMainPhase(TestSuiteExecutor.java:133)&#xD;
	at com.kms.katalon.core.main.TestSuiteExecutor.accessTestSuiteMainPhase(TestSuiteExecutor.java:116)&#xD;
	at com.kms.katalon.core.main.TestSuiteExecutor.execute(TestSuiteExecutor.java:83)&#xD;
	at com.kms.katalon.core.main.TestCaseMain.startTestSuite(TestCaseMain.java:157)&#xD;
	at com.kms.katalon.core.main.TestCaseMain$startTestSuite$0.call(Unknown Source)&#xD;
	at TempTestSuite1568881703577.run(TempTestSuite1568881703577.groovy:35)&#xD;
)&#xD;
&#xD;
2019-09-19 15:28:49 - [TEST_STEP][PASSED] - if (actual == false): null&#xD;
&#xD;
2019-09-19 15:28:49 - [TEST_STEP][PASSED] - println("Evidence code tidak sesuai dengan expected evidence code"): null&#xD;
&#xD;
2019-09-19 15:28:49 - [TEST_STEP][PASSED] - verifyResponseStatusCode(response, 200): Verify response status code successfully&#xD;
&#xD;
2019-09-19 15:28:49 - [MESSAGE][PASSED] - Verify response status code successfully</system-out>
            <system-err>2019-09-19 15:28:48 - [TEST_CASE][FAILED] - Test Cases/AlterationScoringNBMajor/PRUmed Benefit Limitation/PRUmed Benefit Limitation: Test Cases/AlterationScoringNBMajor/PRUmed Benefit Limitation/PRUmed Benefit Limitation FAILED.
Reason:
com.kms.katalon.core.exception.StepFailedException: Unable to verify equal between actual object 'false' and expected object 'true' (Root cause: com.kms.katalon.core.exception.StepFailedException: Actual object 'false' and expected object 'true' are not equal&#xD;
	at com.kms.katalon.core.keyword.builtin.VerifyEqualKeyword$_verifyEqual_closure1.doCall(VerifyEqualKeyword.groovy:58)&#xD;
	at com.kms.katalon.core.keyword.builtin.VerifyEqualKeyword$_verifyEqual_closure1.call(VerifyEqualKeyword.groovy)&#xD;
	at com.kms.katalon.core.keyword.internal.KeywordMain.runKeyword(KeywordMain.groovy:68)&#xD;
	at com.kms.katalon.core.keyword.builtin.VerifyEqualKeyword.verifyEqual(VerifyEqualKeyword.groovy:63)&#xD;
	at com.kms.katalon.core.keyword.builtin.VerifyEqualKeyword.execute(VerifyEqualKeyword.groovy:44)&#xD;
	at com.kms.katalon.core.keyword.internal.KeywordExecutor.executeKeywordForPlatform(KeywordExecutor.groovy:56)&#xD;
	at com.kms.katalon.core.keyword.BuiltinKeywords.verifyEqual(BuiltinKeywords.groovy:126)&#xD;
	at PRUmed Benefit Limitation.run(PRUmed Benefit Limitation:29)&#xD;
	at com.kms.katalon.core.main.ScriptEngine.run(ScriptEngine.java:194)&#xD;
	at com.kms.katalon.core.main.ScriptEngine.runScriptAsRawText(ScriptEngine.java:119)&#xD;
	at com.kms.katalon.core.main.TestCaseExecutor.runScript(TestCaseExecutor.java:337)&#xD;
	at com.kms.katalon.core.main.TestCaseExecutor.doExecute(TestCaseExecutor.java:328)&#xD;
	at com.kms.katalon.core.main.TestCaseExecutor.processExecutionPhase(TestCaseExecutor.java:307)&#xD;
	at com.kms.katalon.core.main.TestCaseExecutor.accessMainPhase(TestCaseExecutor.java:299)&#xD;
	at com.kms.katalon.core.main.TestCaseExecutor.execute(TestCaseExecutor.java:233)&#xD;
	at com.kms.katalon.core.main.TestSuiteExecutor.accessTestCaseMainPhase(TestSuiteExecutor.java:133)&#xD;
	at com.kms.katalon.core.main.TestSuiteExecutor.accessTestSuiteMainPhase(TestSuiteExecutor.java:116)&#xD;
	at com.kms.katalon.core.main.TestSuiteExecutor.execute(TestSuiteExecutor.java:83)&#xD;
	at com.kms.katalon.core.main.TestCaseMain.startTestSuite(TestCaseMain.java:157)&#xD;
	at com.kms.katalon.core.main.TestCaseMain$startTestSuite$0.call(Unknown Source)&#xD;
	at TempTestSuite1568881703577.run(TempTestSuite1568881703577.groovy:35)&#xD;
)&#xD;
	at com.kms.katalon.core.keyword.internal.KeywordMain.stepFailed(KeywordMain.groovy:39)&#xD;
	at com.kms.katalon.core.keyword.internal.KeywordMain.stepFailed(KeywordMain.groovy)&#xD;
	at com.kms.katalon.core.keyword.internal.KeywordMain.runKeyword(KeywordMain.groovy:70)&#xD;
	at com.kms.katalon.core.keyword.builtin.VerifyEqualKeyword.verifyEqual(VerifyEqualKeyword.groovy:63)&#xD;
	at com.kms.katalon.core.keyword.builtin.VerifyEqualKeyword.execute(VerifyEqualKeyword.groovy:44)&#xD;
	at com.kms.katalon.core.keyword.internal.KeywordExecutor.executeKeywordForPlatform(KeywordExecutor.groovy:56)&#xD;
	at com.kms.katalon.core.keyword.BuiltinKeywords.verifyEqual(BuiltinKeywords.groovy:126)&#xD;
	at PRUmed Benefit Limitation.run(PRUmed Benefit Limitation:29)&#xD;
	at com.kms.katalon.core.main.ScriptEngine.run(ScriptEngine.java:194)&#xD;
	at com.kms.katalon.core.main.ScriptEngine.runScriptAsRawText(ScriptEngine.java:119)&#xD;
	at com.kms.katalon.core.main.TestCaseExecutor.runScript(TestCaseExecutor.java:337)&#xD;
	at com.kms.katalon.core.main.TestCaseExecutor.doExecute(TestCaseExecutor.java:328)&#xD;
	at com.kms.katalon.core.main.TestCaseExecutor.processExecutionPhase(TestCaseExecutor.java:307)&#xD;
	at com.kms.katalon.core.main.TestCaseExecutor.accessMainPhase(TestCaseExecutor.java:299)&#xD;
	at com.kms.katalon.core.main.TestCaseExecutor.execute(TestCaseExecutor.java:233)&#xD;
	at com.kms.katalon.core.main.TestSuiteExecutor.accessTestCaseMainPhase(TestSuiteExecutor.java:133)&#xD;
	at com.kms.katalon.core.main.TestSuiteExecutor.accessTestSuiteMainPhase(TestSuiteExecutor.java:116)&#xD;
	at com.kms.katalon.core.main.TestSuiteExecutor.execute(TestSuiteExecutor.java:83)&#xD;
	at com.kms.katalon.core.main.TestCaseMain.startTestSuite(TestCaseMain.java:157)&#xD;
	at com.kms.katalon.core.main.TestCaseMain$startTestSuite$0.call(Unknown Source)&#xD;
	at TempTestSuite1568881703577.run(TempTestSuite1568881703577.groovy:35)&#xD;
Caused by: com.kms.katalon.core.exception.StepFailedException: Actual object 'false' and expected object 'true' are not equal&#xD;
	at com.kms.katalon.core.keyword.builtin.VerifyEqualKeyword$_verifyEqual_closure1.doCall(VerifyEqualKeyword.groovy:58)&#xD;
	at com.kms.katalon.core.keyword.builtin.VerifyEqualKeyword$_verifyEqual_closure1.call(VerifyEqualKeyword.groovy)&#xD;
	at com.kms.katalon.core.keyword.internal.KeywordMain.runKeyword(KeywordMain.groovy:68)&#xD;
	... 18 more</system-err>
        </testcase>
        <testcase name="Test Cases/AlterationScoringNBMajor/PRUmed Benefit Limitation/PRUmed Benefit Limitation" classname="Test Cases/AlterationScoringNBMajor/PRUmed Benefit Limitation/PRUmed Benefit Limitation" status="FAILED">
            <failure type="FAILED" message="Test Cases/AlterationScoringNBMajor/PRUmed Benefit Limitation/PRUmed Benefit Limitation FAILED.&#xA;Reason:&#xA;com.kms.katalon.core.exception.StepFailedException: Unable to verify equal between actual object 'false' and expected object 'true' (Root cause: com.kms.katalon.core.exception.StepFailedException: Actual object 'false' and expected object 'true' are not equal&#xD;&#xA;&#x9;at com.kms.katalon.core.keyword.builtin.VerifyEqualKeyword$_verifyEqual_closure1.doCall(VerifyEqualKeyword.groovy:58)&#xD;&#xA;&#x9;at com.kms.katalon.core.keyword.builtin.VerifyEqualKeyword$_verifyEqual_closure1.call(VerifyEqualKeyword.groovy)&#xD;&#xA;&#x9;at com.kms.katalon.core.keyword.internal.KeywordMain.runKeyword(KeywordMain.groovy:68)&#xD;&#xA;&#x9;at com.kms.katalon.core.keyword.builtin.VerifyEqualKeyword.verifyEqual(VerifyEqualKeyword.groovy:63)&#xD;&#xA;&#x9;at com.kms.katalon.core.keyword.builtin.VerifyEqualKeyword.execute(VerifyEqualKeyword.groovy:44)&#xD;&#xA;&#x9;at com.kms.katalon.core.keyword.internal.KeywordExecutor.executeKeywordForPlatform(KeywordExecutor.groovy:56)&#xD;&#xA;&#x9;at com.kms.katalon.core.keyword.BuiltinKeywords.verifyEqual(BuiltinKeywords.groovy:126)&#xD;&#xA;&#x9;at PRUmed Benefit Limitation.run(PRUmed Benefit Limitation:29)&#xD;&#xA;&#x9;at com.kms.katalon.core.main.ScriptEngine.run(ScriptEngine.java:194)&#xD;&#xA;&#x9;at com.kms.katalon.core.main.ScriptEngine.runScriptAsRawText(ScriptEngine.java:119)&#xD;&#xA;&#x9;at com.kms.katalon.core.main.TestCaseExecutor.runScript(TestCaseExecutor.java:337)&#xD;&#xA;&#x9;at com.kms.katalon.core.main.TestCaseExecutor.doExecute(TestCaseExecutor.java:328)&#xD;&#xA;&#x9;at com.kms.katalon.core.main.TestCaseExecutor.processExecutionPhase(TestCaseExecutor.java:307)&#xD;&#xA;&#x9;at com.kms.katalon.core.main.TestCaseExecutor.accessMainPhase(TestCaseExecutor.java:299)&#xD;&#xA;&#x9;at com.kms.katalon.core.main.TestCaseExecutor.execute(TestCaseExecutor.java:233)&#xD;&#xA;&#x9;at com.kms.katalon.core.main.TestSuiteExecutor.accessTestCaseMainPhase(TestSuiteExecutor.java:133)&#xD;&#xA;&#x9;at com.kms.katalon.core.main.TestSuiteExecutor.accessTestSuiteMainPhase(TestSuiteExecutor.java:116)&#xD;&#xA;&#x9;at com.kms.katalon.core.main.TestSuiteExecutor.execute(TestSuiteExecutor.java:83)&#xD;&#xA;&#x9;at com.kms.katalon.core.main.TestCaseMain.startTestSuite(TestCaseMain.java:157)&#xD;&#xA;&#x9;at com.kms.katalon.core.main.TestCaseMain$startTestSuite$0.call(Unknown Source)&#xD;&#xA;&#x9;at TempTestSuite1568881703577.run(TempTestSuite1568881703577.groovy:35)&#xD;&#xA;)&#xD;&#xA;&#x9;at com.kms.katalon.core.keyword.internal.KeywordMain.stepFailed(KeywordMain.groovy:39)&#xD;&#xA;&#x9;at com.kms.katalon.core.keyword.internal.KeywordMain.stepFailed(KeywordMain.groovy)&#xD;&#xA;&#x9;at com.kms.katalon.core.keyword.internal.KeywordMain.runKeyword(KeywordMain.groovy:70)&#xD;&#xA;&#x9;at com.kms.katalon.core.keyword.builtin.VerifyEqualKeyword.verifyEqual(VerifyEqualKeyword.groovy:63)&#xD;&#xA;&#x9;at com.kms.katalon.core.keyword.builtin.VerifyEqualKeyword.execute(VerifyEqualKeyword.groovy:44)&#xD;&#xA;&#x9;at com.kms.katalon.core.keyword.internal.KeywordExecutor.executeKeywordForPlatform(KeywordExecutor.groovy:56)&#xD;&#xA;&#x9;at com.kms.katalon.core.keyword.BuiltinKeywords.verifyEqual(BuiltinKeywords.groovy:126)&#xD;&#xA;&#x9;at PRUmed Benefit Limitation.run(PRUmed Benefit Limitation:29)&#xD;&#xA;&#x9;at com.kms.katalon.core.main.ScriptEngine.run(ScriptEngine.java:194)&#xD;&#xA;&#x9;at com.kms.katalon.core.main.ScriptEngine.runScriptAsRawText(ScriptEngine.java:119)&#xD;&#xA;&#x9;at com.kms.katalon.core.main.TestCaseExecutor.runScript(TestCaseExecutor.java:337)&#xD;&#xA;&#x9;at com.kms.katalon.core.main.TestCaseExecutor.doExecute(TestCaseExecutor.java:328)&#xD;&#xA;&#x9;at com.kms.katalon.core.main.TestCaseExecutor.processExecutionPhase(TestCaseExecutor.java:307)&#xD;&#xA;&#x9;at com.kms.katalon.core.main.TestCaseExecutor.accessMainPhase(TestCaseExecutor.java:299)&#xD;&#xA;&#x9;at com.kms.katalon.core.main.TestCaseExecutor.execute(TestCaseExecutor.java:233)&#xD;&#xA;&#x9;at com.kms.katalon.core.main.TestSuiteExecutor.accessTestCaseMainPhase(TestSuiteExecutor.java:133)&#xD;&#xA;&#x9;at com.kms.katalon.core.main.TestSuiteExecutor.accessTestSuiteMainPhase(TestSuiteExecutor.java:116)&#xD;&#xA;&#x9;at com.kms.katalon.core.main.TestSuiteExecutor.execute(TestSuiteExecutor.java:83)&#xD;&#xA;&#x9;at com.kms.katalon.core.main.TestCaseMain.startTestSuite(TestCaseMain.java:157)&#xD;&#xA;&#x9;at com.kms.katalon.core.main.TestCaseMain$startTestSuite$0.call(Unknown Source)&#xD;&#xA;&#x9;at TempTestSuite1568881703577.run(TempTestSuite1568881703577.groovy:35)&#xD;&#xA;Caused by: com.kms.katalon.core.exception.StepFailedException: Actual object 'false' and expected object 'true' are not equal&#xD;&#xA;&#x9;at com.kms.katalon.core.keyword.builtin.VerifyEqualKeyword$_verifyEqual_closure1.doCall(VerifyEqualKeyword.groovy:58)&#xD;&#xA;&#x9;at com.kms.katalon.core.keyword.builtin.VerifyEqualKeyword$_verifyEqual_closure1.call(VerifyEqualKeyword.groovy)&#xD;&#xA;&#x9;at com.kms.katalon.core.keyword.internal.KeywordMain.runKeyword(KeywordMain.groovy:68)&#xD;&#xA;&#x9;... 18 more&#xD;&#xA;"/>
            <system-out>2019-09-19 15:28:49 - [TEST_CASE][FAILED] - Test Cases/AlterationScoringNBMajor/PRUmed Benefit Limitation/PRUmed Benefit Limitation: Test Cases/AlterationScoringNBMajor/PRUmed Benefit Limitation/PRUmed Benefit Limitation FAILED.
Reason:
com.kms.katalon.core.exception.StepFailedException: Unable to verify equal between actual object 'false' and expected object 'true' (Root cause: com.kms.katalon.core.exception.StepFailedException: Actual object 'false' and expected object 'true' are not equal&#xD;
	at com.kms.katalon.core.keyword.builtin.VerifyEqualKeyword$_verifyEqual_closure1.doCall(VerifyEqualKeyword.groovy:58)&#xD;
	at com.kms.katalon.core.keyword.builtin.VerifyEqualKeyword$_verifyEqual_closure1.call(VerifyEqualKeyword.groovy)&#xD;
	at com.kms.katalon.core.keyword.internal.KeywordMain.runKeyword(KeywordMain.groovy:68)&#xD;
	at com.kms.katalon.core.keyword.builtin.VerifyEqualKeyword.verifyEqual(VerifyEqualKeyword.groovy:63)&#xD;
	at com.kms.katalon.core.keyword.builtin.VerifyEqualKeyword.execute(VerifyEqualKeyword.groovy:44)&#xD;
	at com.kms.katalon.core.keyword.internal.KeywordExecutor.executeKeywordForPlatform(KeywordExecutor.groovy:56)&#xD;
	at com.kms.katalon.core.keyword.BuiltinKeywords.verifyEqual(BuiltinKeywords.groovy:126)&#xD;
	at PRUmed Benefit Limitation.run(PRUmed Benefit Limitation:29)&#xD;
	at com.kms.katalon.core.main.ScriptEngine.run(ScriptEngine.java:194)&#xD;
	at com.kms.katalon.core.main.ScriptEngine.runScriptAsRawText(ScriptEngine.java:119)&#xD;
	at com.kms.katalon.core.main.TestCaseExecutor.runScript(TestCaseExecutor.java:337)&#xD;
	at com.kms.katalon.core.main.TestCaseExecutor.doExecute(TestCaseExecutor.java:328)&#xD;
	at com.kms.katalon.core.main.TestCaseExecutor.processExecutionPhase(TestCaseExecutor.java:307)&#xD;
	at com.kms.katalon.core.main.TestCaseExecutor.accessMainPhase(TestCaseExecutor.java:299)&#xD;
	at com.kms.katalon.core.main.TestCaseExecutor.execute(TestCaseExecutor.java:233)&#xD;
	at com.kms.katalon.core.main.TestSuiteExecutor.accessTestCaseMainPhase(TestSuiteExecutor.java:133)&#xD;
	at com.kms.katalon.core.main.TestSuiteExecutor.accessTestSuiteMainPhase(TestSuiteExecutor.java:116)&#xD;
	at com.kms.katalon.core.main.TestSuiteExecutor.execute(TestSuiteExecutor.java:83)&#xD;
	at com.kms.katalon.core.main.TestCaseMain.startTestSuite(TestCaseMain.java:157)&#xD;
	at com.kms.katalon.core.main.TestCaseMain$startTestSuite$0.call(Unknown Source)&#xD;
	at TempTestSuite1568881703577.run(TempTestSuite1568881703577.groovy:35)&#xD;
)&#xD;
	at com.kms.katalon.core.keyword.internal.KeywordMain.stepFailed(KeywordMain.groovy:39)&#xD;
	at com.kms.katalon.core.keyword.internal.KeywordMain.stepFailed(KeywordMain.groovy)&#xD;
	at com.kms.katalon.core.keyword.internal.KeywordMain.runKeyword(KeywordMain.groovy:70)&#xD;
	at com.kms.katalon.core.keyword.builtin.VerifyEqualKeyword.verifyEqual(VerifyEqualKeyword.groovy:63)&#xD;
	at com.kms.katalon.core.keyword.builtin.VerifyEqualKeyword.execute(VerifyEqualKeyword.groovy:44)&#xD;
	at com.kms.katalon.core.keyword.internal.KeywordExecutor.executeKeywordForPlatform(KeywordExecutor.groovy:56)&#xD;
	at com.kms.katalon.core.keyword.BuiltinKeywords.verifyEqual(BuiltinKeywords.groovy:126)&#xD;
	at PRUmed Benefit Limitation.run(PRUmed Benefit Limitation:29)&#xD;
	at com.kms.katalon.core.main.ScriptEngine.run(ScriptEngine.java:194)&#xD;
	at com.kms.katalon.core.main.ScriptEngine.runScriptAsRawText(ScriptEngine.java:119)&#xD;
	at com.kms.katalon.core.main.TestCaseExecutor.runScript(TestCaseExecutor.java:337)&#xD;
	at com.kms.katalon.core.main.TestCaseExecutor.doExecute(TestCaseExecutor.java:328)&#xD;
	at com.kms.katalon.core.main.TestCaseExecutor.processExecutionPhase(TestCaseExecutor.java:307)&#xD;
	at com.kms.katalon.core.main.TestCaseExecutor.accessMainPhase(TestCaseExecutor.java:299)&#xD;
	at com.kms.katalon.core.main.TestCaseExecutor.execute(TestCaseExecutor.java:233)&#xD;
	at com.kms.katalon.core.main.TestSuiteExecutor.accessTestCaseMainPhase(TestSuiteExecutor.java:133)&#xD;
	at com.kms.katalon.core.main.TestSuiteExecutor.accessTestSuiteMainPhase(TestSuiteExecutor.java:116)&#xD;
	at com.kms.katalon.core.main.TestSuiteExecutor.execute(TestSuiteExecutor.java:83)&#xD;
	at com.kms.katalon.core.main.TestCaseMain.startTestSuite(TestCaseMain.java:157)&#xD;
	at com.kms.katalon.core.main.TestCaseMain$startTestSuite$0.call(Unknown Source)&#xD;
	at TempTestSuite1568881703577.run(TempTestSuite1568881703577.groovy:35)&#xD;
Caused by: com.kms.katalon.core.exception.StepFailedException: Actual object 'false' and expected object 'true' are not equal&#xD;
	at com.kms.katalon.core.keyword.builtin.VerifyEqualKeyword$_verifyEqual_closure1.doCall(VerifyEqualKeyword.groovy:58)&#xD;
	at com.kms.katalon.core.keyword.builtin.VerifyEqualKeyword$_verifyEqual_closure1.call(VerifyEqualKeyword.groovy)&#xD;
	at com.kms.katalon.core.keyword.internal.KeywordMain.runKeyword(KeywordMain.groovy:68)&#xD;
	... 18 more&#xD;
&#xD;
&#xD;
2019-09-19 15:28:49 - [TEST_STEP][PASSED] - response = sendRequest(findTestObject("AlterationScroingNBMajor/PRUmed Benefit Limitation/Version 1.0_Check_1.391/Request Object", ["transactionType":transactionType, "clientType":clientType, "role":role, "subAlter":subAlter, "eviCode":eviCode, "riderCode":riderCode, ... ])): Send request successfully&#xD;
&#xD;
2019-09-19 15:28:49 - [MESSAGE][INFO] - HAR: C:\SURYAPURBA\PHS\PHS-BRMS\Reports\AlterationScoringNBMajor\PRUmed Benefit Limitation\20190919_152823\requests\main\28.har&#xD;
&#xD;
2019-09-19 15:28:49 - [MESSAGE][PASSED] - Send request successfully&#xD;
&#xD;
2019-09-19 15:28:50 - [TEST_STEP][PASSED] - slurper = new groovy.json.JsonSlurper(): null&#xD;
&#xD;
2019-09-19 15:28:50 - [TEST_STEP][PASSED] - parsingResponse = slurper.parseText(response.getResponseText()): null&#xD;
&#xD;
2019-09-19 15:28:50 - [TEST_STEP][PASSED] - println(parsingResponse): null&#xD;
&#xD;
2019-09-19 15:28:50 - [TEST_STEP][PASSED] - evidenceCode = evidenceCode: null&#xD;
&#xD;
2019-09-19 15:28:50 - [TEST_STEP][PASSED] - println(evidenceCode): null&#xD;
&#xD;
2019-09-19 15:28:50 - [TEST_STEP][PASSED] - println(expectedEvidenceCode): null&#xD;
&#xD;
2019-09-19 15:28:50 - [TEST_STEP][FAILED] - if (expectedEvidenceCode != "STD"): null&#xD;
&#xD;
2019-09-19 15:28:50 - [TEST_STEP][PASSED] - actual = description == expectedDescription: null&#xD;
&#xD;
2019-09-19 15:28:50 - [TEST_STEP][FAILED] - verifyEqual(actual, true, CONTINUE_ON_FAILURE): Unable to verify equal between actual object 'false' and expected object 'true' (Root cause: com.kms.katalon.core.exception.StepFailedException: Actual object 'false' and expected object 'true' are not equal&#xD;
	at com.kms.katalon.core.keyword.builtin.VerifyEqualKeyword$_verifyEqual_closure1.doCall(VerifyEqualKeyword.groovy:58)&#xD;
	at com.kms.katalon.core.keyword.builtin.VerifyEqualKeyword$_verifyEqual_closure1.call(VerifyEqualKeyword.groovy)&#xD;
	at com.kms.katalon.core.keyword.internal.KeywordMain.runKeyword(KeywordMain.groovy:68)&#xD;
	at com.kms.katalon.core.keyword.builtin.VerifyEqualKeyword.verifyEqual(VerifyEqualKeyword.groovy:63)&#xD;
	at com.kms.katalon.core.keyword.builtin.VerifyEqualKeyword.execute(VerifyEqualKeyword.groovy:44)&#xD;
	at com.kms.katalon.core.keyword.internal.KeywordExecutor.executeKeywordForPlatform(KeywordExecutor.groovy:56)&#xD;
	at com.kms.katalon.core.keyword.BuiltinKeywords.verifyEqual(BuiltinKeywords.groovy:126)&#xD;
	at PRUmed Benefit Limitation.run(PRUmed Benefit Limitation:29)&#xD;
	at com.kms.katalon.core.main.ScriptEngine.run(ScriptEngine.java:194)&#xD;
	at com.kms.katalon.core.main.ScriptEngine.runScriptAsRawText(ScriptEngine.java:119)&#xD;
	at com.kms.katalon.core.main.TestCaseExecutor.runScript(TestCaseExecutor.java:337)&#xD;
	at com.kms.katalon.core.main.TestCaseExecutor.doExecute(TestCaseExecutor.java:328)&#xD;
	at com.kms.katalon.core.main.TestCaseExecutor.processExecutionPhase(TestCaseExecutor.java:307)&#xD;
	at com.kms.katalon.core.main.TestCaseExecutor.accessMainPhase(TestCaseExecutor.java:299)&#xD;
	at com.kms.katalon.core.main.TestCaseExecutor.execute(TestCaseExecutor.java:233)&#xD;
	at com.kms.katalon.core.main.TestSuiteExecutor.accessTestCaseMainPhase(TestSuiteExecutor.java:133)&#xD;
	at com.kms.katalon.core.main.TestSuiteExecutor.accessTestSuiteMainPhase(TestSuiteExecutor.java:116)&#xD;
	at com.kms.katalon.core.main.TestSuiteExecutor.execute(TestSuiteExecutor.java:83)&#xD;
	at com.kms.katalon.core.main.TestCaseMain.startTestSuite(TestCaseMain.java:157)&#xD;
	at com.kms.katalon.core.main.TestCaseMain$startTestSuite$0.call(Unknown Source)&#xD;
	at TempTestSuite1568881703577.run(TempTestSuite1568881703577.groovy:35)&#xD;
)&#xD;
&#xD;
2019-09-19 15:28:50 - [MESSAGE][FAILED] - Unable to verify equal between actual object 'false' and expected object 'true' (Root cause: com.kms.katalon.core.exception.StepFailedException: Actual object 'false' and expected object 'true' are not equal&#xD;
	at com.kms.katalon.core.keyword.builtin.VerifyEqualKeyword$_verifyEqual_closure1.doCall(VerifyEqualKeyword.groovy:58)&#xD;
	at com.kms.katalon.core.keyword.builtin.VerifyEqualKeyword$_verifyEqual_closure1.call(VerifyEqualKeyword.groovy)&#xD;
	at com.kms.katalon.core.keyword.internal.KeywordMain.runKeyword(KeywordMain.groovy:68)&#xD;
	at com.kms.katalon.core.keyword.builtin.VerifyEqualKeyword.verifyEqual(VerifyEqualKeyword.groovy:63)&#xD;
	at com.kms.katalon.core.keyword.builtin.VerifyEqualKeyword.execute(VerifyEqualKeyword.groovy:44)&#xD;
	at com.kms.katalon.core.keyword.internal.KeywordExecutor.executeKeywordForPlatform(KeywordExecutor.groovy:56)&#xD;
	at com.kms.katalon.core.keyword.BuiltinKeywords.verifyEqual(BuiltinKeywords.groovy:126)&#xD;
	at PRUmed Benefit Limitation.run(PRUmed Benefit Limitation:29)&#xD;
	at com.kms.katalon.core.main.ScriptEngine.run(ScriptEngine.java:194)&#xD;
	at com.kms.katalon.core.main.ScriptEngine.runScriptAsRawText(ScriptEngine.java:119)&#xD;
	at com.kms.katalon.core.main.TestCaseExecutor.runScript(TestCaseExecutor.java:337)&#xD;
	at com.kms.katalon.core.main.TestCaseExecutor.doExecute(TestCaseExecutor.java:328)&#xD;
	at com.kms.katalon.core.main.TestCaseExecutor.processExecutionPhase(TestCaseExecutor.java:307)&#xD;
	at com.kms.katalon.core.main.TestCaseExecutor.accessMainPhase(TestCaseExecutor.java:299)&#xD;
	at com.kms.katalon.core.main.TestCaseExecutor.execute(TestCaseExecutor.java:233)&#xD;
	at com.kms.katalon.core.main.TestSuiteExecutor.accessTestCaseMainPhase(TestSuiteExecutor.java:133)&#xD;
	at com.kms.katalon.core.main.TestSuiteExecutor.accessTestSuiteMainPhase(TestSuiteExecutor.java:116)&#xD;
	at com.kms.katalon.core.main.TestSuiteExecutor.execute(TestSuiteExecutor.java:83)&#xD;
	at com.kms.katalon.core.main.TestCaseMain.startTestSuite(TestCaseMain.java:157)&#xD;
	at com.kms.katalon.core.main.TestCaseMain$startTestSuite$0.call(Unknown Source)&#xD;
	at TempTestSuite1568881703577.run(TempTestSuite1568881703577.groovy:35)&#xD;
)&#xD;
&#xD;
2019-09-19 15:28:50 - [TEST_STEP][PASSED] - if (actual == false): null&#xD;
&#xD;
2019-09-19 15:28:50 - [TEST_STEP][PASSED] - println("Evidence code tidak sesuai dengan expected evidence code"): null&#xD;
&#xD;
2019-09-19 15:28:50 - [TEST_STEP][PASSED] - verifyResponseStatusCode(response, 200): Verify response status code successfully&#xD;
&#xD;
2019-09-19 15:28:50 - [MESSAGE][PASSED] - Verify response status code successfully</system-out>
            <system-err>2019-09-19 15:28:49 - [TEST_CASE][FAILED] - Test Cases/AlterationScoringNBMajor/PRUmed Benefit Limitation/PRUmed Benefit Limitation: Test Cases/AlterationScoringNBMajor/PRUmed Benefit Limitation/PRUmed Benefit Limitation FAILED.
Reason:
com.kms.katalon.core.exception.StepFailedException: Unable to verify equal between actual object 'false' and expected object 'true' (Root cause: com.kms.katalon.core.exception.StepFailedException: Actual object 'false' and expected object 'true' are not equal&#xD;
	at com.kms.katalon.core.keyword.builtin.VerifyEqualKeyword$_verifyEqual_closure1.doCall(VerifyEqualKeyword.groovy:58)&#xD;
	at com.kms.katalon.core.keyword.builtin.VerifyEqualKeyword$_verifyEqual_closure1.call(VerifyEqualKeyword.groovy)&#xD;
	at com.kms.katalon.core.keyword.internal.KeywordMain.runKeyword(KeywordMain.groovy:68)&#xD;
	at com.kms.katalon.core.keyword.builtin.VerifyEqualKeyword.verifyEqual(VerifyEqualKeyword.groovy:63)&#xD;
	at com.kms.katalon.core.keyword.builtin.VerifyEqualKeyword.execute(VerifyEqualKeyword.groovy:44)&#xD;
	at com.kms.katalon.core.keyword.internal.KeywordExecutor.executeKeywordForPlatform(KeywordExecutor.groovy:56)&#xD;
	at com.kms.katalon.core.keyword.BuiltinKeywords.verifyEqual(BuiltinKeywords.groovy:126)&#xD;
	at PRUmed Benefit Limitation.run(PRUmed Benefit Limitation:29)&#xD;
	at com.kms.katalon.core.main.ScriptEngine.run(ScriptEngine.java:194)&#xD;
	at com.kms.katalon.core.main.ScriptEngine.runScriptAsRawText(ScriptEngine.java:119)&#xD;
	at com.kms.katalon.core.main.TestCaseExecutor.runScript(TestCaseExecutor.java:337)&#xD;
	at com.kms.katalon.core.main.TestCaseExecutor.doExecute(TestCaseExecutor.java:328)&#xD;
	at com.kms.katalon.core.main.TestCaseExecutor.processExecutionPhase(TestCaseExecutor.java:307)&#xD;
	at com.kms.katalon.core.main.TestCaseExecutor.accessMainPhase(TestCaseExecutor.java:299)&#xD;
	at com.kms.katalon.core.main.TestCaseExecutor.execute(TestCaseExecutor.java:233)&#xD;
	at com.kms.katalon.core.main.TestSuiteExecutor.accessTestCaseMainPhase(TestSuiteExecutor.java:133)&#xD;
	at com.kms.katalon.core.main.TestSuiteExecutor.accessTestSuiteMainPhase(TestSuiteExecutor.java:116)&#xD;
	at com.kms.katalon.core.main.TestSuiteExecutor.execute(TestSuiteExecutor.java:83)&#xD;
	at com.kms.katalon.core.main.TestCaseMain.startTestSuite(TestCaseMain.java:157)&#xD;
	at com.kms.katalon.core.main.TestCaseMain$startTestSuite$0.call(Unknown Source)&#xD;
	at TempTestSuite1568881703577.run(TempTestSuite1568881703577.groovy:35)&#xD;
)&#xD;
	at com.kms.katalon.core.keyword.internal.KeywordMain.stepFailed(KeywordMain.groovy:39)&#xD;
	at com.kms.katalon.core.keyword.internal.KeywordMain.stepFailed(KeywordMain.groovy)&#xD;
	at com.kms.katalon.core.keyword.internal.KeywordMain.runKeyword(KeywordMain.groovy:70)&#xD;
	at com.kms.katalon.core.keyword.builtin.VerifyEqualKeyword.verifyEqual(VerifyEqualKeyword.groovy:63)&#xD;
	at com.kms.katalon.core.keyword.builtin.VerifyEqualKeyword.execute(VerifyEqualKeyword.groovy:44)&#xD;
	at com.kms.katalon.core.keyword.internal.KeywordExecutor.executeKeywordForPlatform(KeywordExecutor.groovy:56)&#xD;
	at com.kms.katalon.core.keyword.BuiltinKeywords.verifyEqual(BuiltinKeywords.groovy:126)&#xD;
	at PRUmed Benefit Limitation.run(PRUmed Benefit Limitation:29)&#xD;
	at com.kms.katalon.core.main.ScriptEngine.run(ScriptEngine.java:194)&#xD;
	at com.kms.katalon.core.main.ScriptEngine.runScriptAsRawText(ScriptEngine.java:119)&#xD;
	at com.kms.katalon.core.main.TestCaseExecutor.runScript(TestCaseExecutor.java:337)&#xD;
	at com.kms.katalon.core.main.TestCaseExecutor.doExecute(TestCaseExecutor.java:328)&#xD;
	at com.kms.katalon.core.main.TestCaseExecutor.processExecutionPhase(TestCaseExecutor.java:307)&#xD;
	at com.kms.katalon.core.main.TestCaseExecutor.accessMainPhase(TestCaseExecutor.java:299)&#xD;
	at com.kms.katalon.core.main.TestCaseExecutor.execute(TestCaseExecutor.java:233)&#xD;
	at com.kms.katalon.core.main.TestSuiteExecutor.accessTestCaseMainPhase(TestSuiteExecutor.java:133)&#xD;
	at com.kms.katalon.core.main.TestSuiteExecutor.accessTestSuiteMainPhase(TestSuiteExecutor.java:116)&#xD;
	at com.kms.katalon.core.main.TestSuiteExecutor.execute(TestSuiteExecutor.java:83)&#xD;
	at com.kms.katalon.core.main.TestCaseMain.startTestSuite(TestCaseMain.java:157)&#xD;
	at com.kms.katalon.core.main.TestCaseMain$startTestSuite$0.call(Unknown Source)&#xD;
	at TempTestSuite1568881703577.run(TempTestSuite1568881703577.groovy:35)&#xD;
Caused by: com.kms.katalon.core.exception.StepFailedException: Actual object 'false' and expected object 'true' are not equal&#xD;
	at com.kms.katalon.core.keyword.builtin.VerifyEqualKeyword$_verifyEqual_closure1.doCall(VerifyEqualKeyword.groovy:58)&#xD;
	at com.kms.katalon.core.keyword.builtin.VerifyEqualKeyword$_verifyEqual_closure1.call(VerifyEqualKeyword.groovy)&#xD;
	at com.kms.katalon.core.keyword.internal.KeywordMain.runKeyword(KeywordMain.groovy:68)&#xD;
	... 18 more</system-err>
        </testcase>
        <testcase name="Test Cases/AlterationScoringNBMajor/PRUmed Benefit Limitation/PRUmed Benefit Limitation" classname="Test Cases/AlterationScoringNBMajor/PRUmed Benefit Limitation/PRUmed Benefit Limitation" status="FAILED">
            <failure type="FAILED" message="Test Cases/AlterationScoringNBMajor/PRUmed Benefit Limitation/PRUmed Benefit Limitation FAILED.&#xA;Reason:&#xA;com.kms.katalon.core.exception.StepFailedException: Unable to verify equal between actual object 'false' and expected object 'true' (Root cause: com.kms.katalon.core.exception.StepFailedException: Actual object 'false' and expected object 'true' are not equal&#xD;&#xA;&#x9;at com.kms.katalon.core.keyword.builtin.VerifyEqualKeyword$_verifyEqual_closure1.doCall(VerifyEqualKeyword.groovy:58)&#xD;&#xA;&#x9;at com.kms.katalon.core.keyword.builtin.VerifyEqualKeyword$_verifyEqual_closure1.call(VerifyEqualKeyword.groovy)&#xD;&#xA;&#x9;at com.kms.katalon.core.keyword.internal.KeywordMain.runKeyword(KeywordMain.groovy:68)&#xD;&#xA;&#x9;at com.kms.katalon.core.keyword.builtin.VerifyEqualKeyword.verifyEqual(VerifyEqualKeyword.groovy:63)&#xD;&#xA;&#x9;at com.kms.katalon.core.keyword.builtin.VerifyEqualKeyword.execute(VerifyEqualKeyword.groovy:44)&#xD;&#xA;&#x9;at com.kms.katalon.core.keyword.internal.KeywordExecutor.executeKeywordForPlatform(KeywordExecutor.groovy:56)&#xD;&#xA;&#x9;at com.kms.katalon.core.keyword.BuiltinKeywords.verifyEqual(BuiltinKeywords.groovy:126)&#xD;&#xA;&#x9;at PRUmed Benefit Limitation.run(PRUmed Benefit Limitation:29)&#xD;&#xA;&#x9;at com.kms.katalon.core.main.ScriptEngine.run(ScriptEngine.java:194)&#xD;&#xA;&#x9;at com.kms.katalon.core.main.ScriptEngine.runScriptAsRawText(ScriptEngine.java:119)&#xD;&#xA;&#x9;at com.kms.katalon.core.main.TestCaseExecutor.runScript(TestCaseExecutor.java:337)&#xD;&#xA;&#x9;at com.kms.katalon.core.main.TestCaseExecutor.doExecute(TestCaseExecutor.java:328)&#xD;&#xA;&#x9;at com.kms.katalon.core.main.TestCaseExecutor.processExecutionPhase(TestCaseExecutor.java:307)&#xD;&#xA;&#x9;at com.kms.katalon.core.main.TestCaseExecutor.accessMainPhase(TestCaseExecutor.java:299)&#xD;&#xA;&#x9;at com.kms.katalon.core.main.TestCaseExecutor.execute(TestCaseExecutor.java:233)&#xD;&#xA;&#x9;at com.kms.katalon.core.main.TestSuiteExecutor.accessTestCaseMainPhase(TestSuiteExecutor.java:133)&#xD;&#xA;&#x9;at com.kms.katalon.core.main.TestSuiteExecutor.accessTestSuiteMainPhase(TestSuiteExecutor.java:116)&#xD;&#xA;&#x9;at com.kms.katalon.core.main.TestSuiteExecutor.execute(TestSuiteExecutor.java:83)&#xD;&#xA;&#x9;at com.kms.katalon.core.main.TestCaseMain.startTestSuite(TestCaseMain.java:157)&#xD;&#xA;&#x9;at com.kms.katalon.core.main.TestCaseMain$startTestSuite$0.call(Unknown Source)&#xD;&#xA;&#x9;at TempTestSuite1568881703577.run(TempTestSuite1568881703577.groovy:35)&#xD;&#xA;)&#xD;&#xA;&#x9;at com.kms.katalon.core.keyword.internal.KeywordMain.stepFailed(KeywordMain.groovy:39)&#xD;&#xA;&#x9;at com.kms.katalon.core.keyword.internal.KeywordMain.stepFailed(KeywordMain.groovy)&#xD;&#xA;&#x9;at com.kms.katalon.core.keyword.internal.KeywordMain.runKeyword(KeywordMain.groovy:70)&#xD;&#xA;&#x9;at com.kms.katalon.core.keyword.builtin.VerifyEqualKeyword.verifyEqual(VerifyEqualKeyword.groovy:63)&#xD;&#xA;&#x9;at com.kms.katalon.core.keyword.builtin.VerifyEqualKeyword.execute(VerifyEqualKeyword.groovy:44)&#xD;&#xA;&#x9;at com.kms.katalon.core.keyword.internal.KeywordExecutor.executeKeywordForPlatform(KeywordExecutor.groovy:56)&#xD;&#xA;&#x9;at com.kms.katalon.core.keyword.BuiltinKeywords.verifyEqual(BuiltinKeywords.groovy:126)&#xD;&#xA;&#x9;at PRUmed Benefit Limitation.run(PRUmed Benefit Limitation:29)&#xD;&#xA;&#x9;at com.kms.katalon.core.main.ScriptEngine.run(ScriptEngine.java:194)&#xD;&#xA;&#x9;at com.kms.katalon.core.main.ScriptEngine.runScriptAsRawText(ScriptEngine.java:119)&#xD;&#xA;&#x9;at com.kms.katalon.core.main.TestCaseExecutor.runScript(TestCaseExecutor.java:337)&#xD;&#xA;&#x9;at com.kms.katalon.core.main.TestCaseExecutor.doExecute(TestCaseExecutor.java:328)&#xD;&#xA;&#x9;at com.kms.katalon.core.main.TestCaseExecutor.processExecutionPhase(TestCaseExecutor.java:307)&#xD;&#xA;&#x9;at com.kms.katalon.core.main.TestCaseExecutor.accessMainPhase(TestCaseExecutor.java:299)&#xD;&#xA;&#x9;at com.kms.katalon.core.main.TestCaseExecutor.execute(TestCaseExecutor.java:233)&#xD;&#xA;&#x9;at com.kms.katalon.core.main.TestSuiteExecutor.accessTestCaseMainPhase(TestSuiteExecutor.java:133)&#xD;&#xA;&#x9;at com.kms.katalon.core.main.TestSuiteExecutor.accessTestSuiteMainPhase(TestSuiteExecutor.java:116)&#xD;&#xA;&#x9;at com.kms.katalon.core.main.TestSuiteExecutor.execute(TestSuiteExecutor.java:83)&#xD;&#xA;&#x9;at com.kms.katalon.core.main.TestCaseMain.startTestSuite(TestCaseMain.java:157)&#xD;&#xA;&#x9;at com.kms.katalon.core.main.TestCaseMain$startTestSuite$0.call(Unknown Source)&#xD;&#xA;&#x9;at TempTestSuite1568881703577.run(TempTestSuite1568881703577.groovy:35)&#xD;&#xA;Caused by: com.kms.katalon.core.exception.StepFailedException: Actual object 'false' and expected object 'true' are not equal&#xD;&#xA;&#x9;at com.kms.katalon.core.keyword.builtin.VerifyEqualKeyword$_verifyEqual_closure1.doCall(VerifyEqualKeyword.groovy:58)&#xD;&#xA;&#x9;at com.kms.katalon.core.keyword.builtin.VerifyEqualKeyword$_verifyEqual_closure1.call(VerifyEqualKeyword.groovy)&#xD;&#xA;&#x9;at com.kms.katalon.core.keyword.internal.KeywordMain.runKeyword(KeywordMain.groovy:68)&#xD;&#xA;&#x9;... 18 more&#xD;&#xA;"/>
            <system-out>2019-09-19 15:28:51 - [TEST_CASE][FAILED] - Test Cases/AlterationScoringNBMajor/PRUmed Benefit Limitation/PRUmed Benefit Limitation: Test Cases/AlterationScoringNBMajor/PRUmed Benefit Limitation/PRUmed Benefit Limitation FAILED.
Reason:
com.kms.katalon.core.exception.StepFailedException: Unable to verify equal between actual object 'false' and expected object 'true' (Root cause: com.kms.katalon.core.exception.StepFailedException: Actual object 'false' and expected object 'true' are not equal&#xD;
	at com.kms.katalon.core.keyword.builtin.VerifyEqualKeyword$_verifyEqual_closure1.doCall(VerifyEqualKeyword.groovy:58)&#xD;
	at com.kms.katalon.core.keyword.builtin.VerifyEqualKeyword$_verifyEqual_closure1.call(VerifyEqualKeyword.groovy)&#xD;
	at com.kms.katalon.core.keyword.internal.KeywordMain.runKeyword(KeywordMain.groovy:68)&#xD;
	at com.kms.katalon.core.keyword.builtin.VerifyEqualKeyword.verifyEqual(VerifyEqualKeyword.groovy:63)&#xD;
	at com.kms.katalon.core.keyword.builtin.VerifyEqualKeyword.execute(VerifyEqualKeyword.groovy:44)&#xD;
	at com.kms.katalon.core.keyword.internal.KeywordExecutor.executeKeywordForPlatform(KeywordExecutor.groovy:56)&#xD;
	at com.kms.katalon.core.keyword.BuiltinKeywords.verifyEqual(BuiltinKeywords.groovy:126)&#xD;
	at PRUmed Benefit Limitation.run(PRUmed Benefit Limitation:29)&#xD;
	at com.kms.katalon.core.main.ScriptEngine.run(ScriptEngine.java:194)&#xD;
	at com.kms.katalon.core.main.ScriptEngine.runScriptAsRawText(ScriptEngine.java:119)&#xD;
	at com.kms.katalon.core.main.TestCaseExecutor.runScript(TestCaseExecutor.java:337)&#xD;
	at com.kms.katalon.core.main.TestCaseExecutor.doExecute(TestCaseExecutor.java:328)&#xD;
	at com.kms.katalon.core.main.TestCaseExecutor.processExecutionPhase(TestCaseExecutor.java:307)&#xD;
	at com.kms.katalon.core.main.TestCaseExecutor.accessMainPhase(TestCaseExecutor.java:299)&#xD;
	at com.kms.katalon.core.main.TestCaseExecutor.execute(TestCaseExecutor.java:233)&#xD;
	at com.kms.katalon.core.main.TestSuiteExecutor.accessTestCaseMainPhase(TestSuiteExecutor.java:133)&#xD;
	at com.kms.katalon.core.main.TestSuiteExecutor.accessTestSuiteMainPhase(TestSuiteExecutor.java:116)&#xD;
	at com.kms.katalon.core.main.TestSuiteExecutor.execute(TestSuiteExecutor.java:83)&#xD;
	at com.kms.katalon.core.main.TestCaseMain.startTestSuite(TestCaseMain.java:157)&#xD;
	at com.kms.katalon.core.main.TestCaseMain$startTestSuite$0.call(Unknown Source)&#xD;
	at TempTestSuite1568881703577.run(TempTestSuite1568881703577.groovy:35)&#xD;
)&#xD;
	at com.kms.katalon.core.keyword.internal.KeywordMain.stepFailed(KeywordMain.groovy:39)&#xD;
	at com.kms.katalon.core.keyword.internal.KeywordMain.stepFailed(KeywordMain.groovy)&#xD;
	at com.kms.katalon.core.keyword.internal.KeywordMain.runKeyword(KeywordMain.groovy:70)&#xD;
	at com.kms.katalon.core.keyword.builtin.VerifyEqualKeyword.verifyEqual(VerifyEqualKeyword.groovy:63)&#xD;
	at com.kms.katalon.core.keyword.builtin.VerifyEqualKeyword.execute(VerifyEqualKeyword.groovy:44)&#xD;
	at com.kms.katalon.core.keyword.internal.KeywordExecutor.executeKeywordForPlatform(KeywordExecutor.groovy:56)&#xD;
	at com.kms.katalon.core.keyword.BuiltinKeywords.verifyEqual(BuiltinKeywords.groovy:126)&#xD;
	at PRUmed Benefit Limitation.run(PRUmed Benefit Limitation:29)&#xD;
	at com.kms.katalon.core.main.ScriptEngine.run(ScriptEngine.java:194)&#xD;
	at com.kms.katalon.core.main.ScriptEngine.runScriptAsRawText(ScriptEngine.java:119)&#xD;
	at com.kms.katalon.core.main.TestCaseExecutor.runScript(TestCaseExecutor.java:337)&#xD;
	at com.kms.katalon.core.main.TestCaseExecutor.doExecute(TestCaseExecutor.java:328)&#xD;
	at com.kms.katalon.core.main.TestCaseExecutor.processExecutionPhase(TestCaseExecutor.java:307)&#xD;
	at com.kms.katalon.core.main.TestCaseExecutor.accessMainPhase(TestCaseExecutor.java:299)&#xD;
	at com.kms.katalon.core.main.TestCaseExecutor.execute(TestCaseExecutor.java:233)&#xD;
	at com.kms.katalon.core.main.TestSuiteExecutor.accessTestCaseMainPhase(TestSuiteExecutor.java:133)&#xD;
	at com.kms.katalon.core.main.TestSuiteExecutor.accessTestSuiteMainPhase(TestSuiteExecutor.java:116)&#xD;
	at com.kms.katalon.core.main.TestSuiteExecutor.execute(TestSuiteExecutor.java:83)&#xD;
	at com.kms.katalon.core.main.TestCaseMain.startTestSuite(TestCaseMain.java:157)&#xD;
	at com.kms.katalon.core.main.TestCaseMain$startTestSuite$0.call(Unknown Source)&#xD;
	at TempTestSuite1568881703577.run(TempTestSuite1568881703577.groovy:35)&#xD;
Caused by: com.kms.katalon.core.exception.StepFailedException: Actual object 'false' and expected object 'true' are not equal&#xD;
	at com.kms.katalon.core.keyword.builtin.VerifyEqualKeyword$_verifyEqual_closure1.doCall(VerifyEqualKeyword.groovy:58)&#xD;
	at com.kms.katalon.core.keyword.builtin.VerifyEqualKeyword$_verifyEqual_closure1.call(VerifyEqualKeyword.groovy)&#xD;
	at com.kms.katalon.core.keyword.internal.KeywordMain.runKeyword(KeywordMain.groovy:68)&#xD;
	... 18 more&#xD;
&#xD;
&#xD;
2019-09-19 15:28:51 - [TEST_STEP][PASSED] - response = sendRequest(findTestObject("AlterationScroingNBMajor/PRUmed Benefit Limitation/Version 1.0_Check_1.391/Request Object", ["transactionType":transactionType, "clientType":clientType, "role":role, "subAlter":subAlter, "eviCode":eviCode, "riderCode":riderCode, ... ])): Send request successfully&#xD;
&#xD;
2019-09-19 15:28:51 - [MESSAGE][INFO] - HAR: C:\SURYAPURBA\PHS\PHS-BRMS\Reports\AlterationScoringNBMajor\PRUmed Benefit Limitation\20190919_152823\requests\main\29.har&#xD;
&#xD;
2019-09-19 15:28:51 - [MESSAGE][PASSED] - Send request successfully&#xD;
&#xD;
2019-09-19 15:28:51 - [TEST_STEP][PASSED] - slurper = new groovy.json.JsonSlurper(): null&#xD;
&#xD;
2019-09-19 15:28:51 - [TEST_STEP][PASSED] - parsingResponse = slurper.parseText(response.getResponseText()): null&#xD;
&#xD;
2019-09-19 15:28:51 - [TEST_STEP][PASSED] - println(parsingResponse): null&#xD;
&#xD;
2019-09-19 15:28:51 - [TEST_STEP][PASSED] - evidenceCode = evidenceCode: null&#xD;
&#xD;
2019-09-19 15:28:51 - [TEST_STEP][PASSED] - println(evidenceCode): null&#xD;
&#xD;
2019-09-19 15:28:51 - [TEST_STEP][PASSED] - println(expectedEvidenceCode): null&#xD;
&#xD;
2019-09-19 15:28:51 - [TEST_STEP][FAILED] - if (expectedEvidenceCode != "STD"): null&#xD;
&#xD;
2019-09-19 15:28:51 - [TEST_STEP][PASSED] - actual = description == expectedDescription: null&#xD;
&#xD;
2019-09-19 15:28:51 - [TEST_STEP][FAILED] - verifyEqual(actual, true, CONTINUE_ON_FAILURE): Unable to verify equal between actual object 'false' and expected object 'true' (Root cause: com.kms.katalon.core.exception.StepFailedException: Actual object 'false' and expected object 'true' are not equal&#xD;
	at com.kms.katalon.core.keyword.builtin.VerifyEqualKeyword$_verifyEqual_closure1.doCall(VerifyEqualKeyword.groovy:58)&#xD;
	at com.kms.katalon.core.keyword.builtin.VerifyEqualKeyword$_verifyEqual_closure1.call(VerifyEqualKeyword.groovy)&#xD;
	at com.kms.katalon.core.keyword.internal.KeywordMain.runKeyword(KeywordMain.groovy:68)&#xD;
	at com.kms.katalon.core.keyword.builtin.VerifyEqualKeyword.verifyEqual(VerifyEqualKeyword.groovy:63)&#xD;
	at com.kms.katalon.core.keyword.builtin.VerifyEqualKeyword.execute(VerifyEqualKeyword.groovy:44)&#xD;
	at com.kms.katalon.core.keyword.internal.KeywordExecutor.executeKeywordForPlatform(KeywordExecutor.groovy:56)&#xD;
	at com.kms.katalon.core.keyword.BuiltinKeywords.verifyEqual(BuiltinKeywords.groovy:126)&#xD;
	at PRUmed Benefit Limitation.run(PRUmed Benefit Limitation:29)&#xD;
	at com.kms.katalon.core.main.ScriptEngine.run(ScriptEngine.java:194)&#xD;
	at com.kms.katalon.core.main.ScriptEngine.runScriptAsRawText(ScriptEngine.java:119)&#xD;
	at com.kms.katalon.core.main.TestCaseExecutor.runScript(TestCaseExecutor.java:337)&#xD;
	at com.kms.katalon.core.main.TestCaseExecutor.doExecute(TestCaseExecutor.java:328)&#xD;
	at com.kms.katalon.core.main.TestCaseExecutor.processExecutionPhase(TestCaseExecutor.java:307)&#xD;
	at com.kms.katalon.core.main.TestCaseExecutor.accessMainPhase(TestCaseExecutor.java:299)&#xD;
	at com.kms.katalon.core.main.TestCaseExecutor.execute(TestCaseExecutor.java:233)&#xD;
	at com.kms.katalon.core.main.TestSuiteExecutor.accessTestCaseMainPhase(TestSuiteExecutor.java:133)&#xD;
	at com.kms.katalon.core.main.TestSuiteExecutor.accessTestSuiteMainPhase(TestSuiteExecutor.java:116)&#xD;
	at com.kms.katalon.core.main.TestSuiteExecutor.execute(TestSuiteExecutor.java:83)&#xD;
	at com.kms.katalon.core.main.TestCaseMain.startTestSuite(TestCaseMain.java:157)&#xD;
	at com.kms.katalon.core.main.TestCaseMain$startTestSuite$0.call(Unknown Source)&#xD;
	at TempTestSuite1568881703577.run(TempTestSuite1568881703577.groovy:35)&#xD;
)&#xD;
&#xD;
2019-09-19 15:28:51 - [MESSAGE][FAILED] - Unable to verify equal between actual object 'false' and expected object 'true' (Root cause: com.kms.katalon.core.exception.StepFailedException: Actual object 'false' and expected object 'true' are not equal&#xD;
	at com.kms.katalon.core.keyword.builtin.VerifyEqualKeyword$_verifyEqual_closure1.doCall(VerifyEqualKeyword.groovy:58)&#xD;
	at com.kms.katalon.core.keyword.builtin.VerifyEqualKeyword$_verifyEqual_closure1.call(VerifyEqualKeyword.groovy)&#xD;
	at com.kms.katalon.core.keyword.internal.KeywordMain.runKeyword(KeywordMain.groovy:68)&#xD;
	at com.kms.katalon.core.keyword.builtin.VerifyEqualKeyword.verifyEqual(VerifyEqualKeyword.groovy:63)&#xD;
	at com.kms.katalon.core.keyword.builtin.VerifyEqualKeyword.execute(VerifyEqualKeyword.groovy:44)&#xD;
	at com.kms.katalon.core.keyword.internal.KeywordExecutor.executeKeywordForPlatform(KeywordExecutor.groovy:56)&#xD;
	at com.kms.katalon.core.keyword.BuiltinKeywords.verifyEqual(BuiltinKeywords.groovy:126)&#xD;
	at PRUmed Benefit Limitation.run(PRUmed Benefit Limitation:29)&#xD;
	at com.kms.katalon.core.main.ScriptEngine.run(ScriptEngine.java:194)&#xD;
	at com.kms.katalon.core.main.ScriptEngine.runScriptAsRawText(ScriptEngine.java:119)&#xD;
	at com.kms.katalon.core.main.TestCaseExecutor.runScript(TestCaseExecutor.java:337)&#xD;
	at com.kms.katalon.core.main.TestCaseExecutor.doExecute(TestCaseExecutor.java:328)&#xD;
	at com.kms.katalon.core.main.TestCaseExecutor.processExecutionPhase(TestCaseExecutor.java:307)&#xD;
	at com.kms.katalon.core.main.TestCaseExecutor.accessMainPhase(TestCaseExecutor.java:299)&#xD;
	at com.kms.katalon.core.main.TestCaseExecutor.execute(TestCaseExecutor.java:233)&#xD;
	at com.kms.katalon.core.main.TestSuiteExecutor.accessTestCaseMainPhase(TestSuiteExecutor.java:133)&#xD;
	at com.kms.katalon.core.main.TestSuiteExecutor.accessTestSuiteMainPhase(TestSuiteExecutor.java:116)&#xD;
	at com.kms.katalon.core.main.TestSuiteExecutor.execute(TestSuiteExecutor.java:83)&#xD;
	at com.kms.katalon.core.main.TestCaseMain.startTestSuite(TestCaseMain.java:157)&#xD;
	at com.kms.katalon.core.main.TestCaseMain$startTestSuite$0.call(Unknown Source)&#xD;
	at TempTestSuite1568881703577.run(TempTestSuite1568881703577.groovy:35)&#xD;
)&#xD;
&#xD;
2019-09-19 15:28:51 - [TEST_STEP][PASSED] - if (actual == false): null&#xD;
&#xD;
2019-09-19 15:28:51 - [TEST_STEP][PASSED] - println("Evidence code tidak sesuai dengan expected evidence code"): null&#xD;
&#xD;
2019-09-19 15:28:51 - [TEST_STEP][PASSED] - verifyResponseStatusCode(response, 200): Verify response status code successfully&#xD;
&#xD;
2019-09-19 15:28:51 - [MESSAGE][PASSED] - Verify response status code successfully</system-out>
            <system-err>2019-09-19 15:28:51 - [TEST_CASE][FAILED] - Test Cases/AlterationScoringNBMajor/PRUmed Benefit Limitation/PRUmed Benefit Limitation: Test Cases/AlterationScoringNBMajor/PRUmed Benefit Limitation/PRUmed Benefit Limitation FAILED.
Reason:
com.kms.katalon.core.exception.StepFailedException: Unable to verify equal between actual object 'false' and expected object 'true' (Root cause: com.kms.katalon.core.exception.StepFailedException: Actual object 'false' and expected object 'true' are not equal&#xD;
	at com.kms.katalon.core.keyword.builtin.VerifyEqualKeyword$_verifyEqual_closure1.doCall(VerifyEqualKeyword.groovy:58)&#xD;
	at com.kms.katalon.core.keyword.builtin.VerifyEqualKeyword$_verifyEqual_closure1.call(VerifyEqualKeyword.groovy)&#xD;
	at com.kms.katalon.core.keyword.internal.KeywordMain.runKeyword(KeywordMain.groovy:68)&#xD;
	at com.kms.katalon.core.keyword.builtin.VerifyEqualKeyword.verifyEqual(VerifyEqualKeyword.groovy:63)&#xD;
	at com.kms.katalon.core.keyword.builtin.VerifyEqualKeyword.execute(VerifyEqualKeyword.groovy:44)&#xD;
	at com.kms.katalon.core.keyword.internal.KeywordExecutor.executeKeywordForPlatform(KeywordExecutor.groovy:56)&#xD;
	at com.kms.katalon.core.keyword.BuiltinKeywords.verifyEqual(BuiltinKeywords.groovy:126)&#xD;
	at PRUmed Benefit Limitation.run(PRUmed Benefit Limitation:29)&#xD;
	at com.kms.katalon.core.main.ScriptEngine.run(ScriptEngine.java:194)&#xD;
	at com.kms.katalon.core.main.ScriptEngine.runScriptAsRawText(ScriptEngine.java:119)&#xD;
	at com.kms.katalon.core.main.TestCaseExecutor.runScript(TestCaseExecutor.java:337)&#xD;
	at com.kms.katalon.core.main.TestCaseExecutor.doExecute(TestCaseExecutor.java:328)&#xD;
	at com.kms.katalon.core.main.TestCaseExecutor.processExecutionPhase(TestCaseExecutor.java:307)&#xD;
	at com.kms.katalon.core.main.TestCaseExecutor.accessMainPhase(TestCaseExecutor.java:299)&#xD;
	at com.kms.katalon.core.main.TestCaseExecutor.execute(TestCaseExecutor.java:233)&#xD;
	at com.kms.katalon.core.main.TestSuiteExecutor.accessTestCaseMainPhase(TestSuiteExecutor.java:133)&#xD;
	at com.kms.katalon.core.main.TestSuiteExecutor.accessTestSuiteMainPhase(TestSuiteExecutor.java:116)&#xD;
	at com.kms.katalon.core.main.TestSuiteExecutor.execute(TestSuiteExecutor.java:83)&#xD;
	at com.kms.katalon.core.main.TestCaseMain.startTestSuite(TestCaseMain.java:157)&#xD;
	at com.kms.katalon.core.main.TestCaseMain$startTestSuite$0.call(Unknown Source)&#xD;
	at TempTestSuite1568881703577.run(TempTestSuite1568881703577.groovy:35)&#xD;
)&#xD;
	at com.kms.katalon.core.keyword.internal.KeywordMain.stepFailed(KeywordMain.groovy:39)&#xD;
	at com.kms.katalon.core.keyword.internal.KeywordMain.stepFailed(KeywordMain.groovy)&#xD;
	at com.kms.katalon.core.keyword.internal.KeywordMain.runKeyword(KeywordMain.groovy:70)&#xD;
	at com.kms.katalon.core.keyword.builtin.VerifyEqualKeyword.verifyEqual(VerifyEqualKeyword.groovy:63)&#xD;
	at com.kms.katalon.core.keyword.builtin.VerifyEqualKeyword.execute(VerifyEqualKeyword.groovy:44)&#xD;
	at com.kms.katalon.core.keyword.internal.KeywordExecutor.executeKeywordForPlatform(KeywordExecutor.groovy:56)&#xD;
	at com.kms.katalon.core.keyword.BuiltinKeywords.verifyEqual(BuiltinKeywords.groovy:126)&#xD;
	at PRUmed Benefit Limitation.run(PRUmed Benefit Limitation:29)&#xD;
	at com.kms.katalon.core.main.ScriptEngine.run(ScriptEngine.java:194)&#xD;
	at com.kms.katalon.core.main.ScriptEngine.runScriptAsRawText(ScriptEngine.java:119)&#xD;
	at com.kms.katalon.core.main.TestCaseExecutor.runScript(TestCaseExecutor.java:337)&#xD;
	at com.kms.katalon.core.main.TestCaseExecutor.doExecute(TestCaseExecutor.java:328)&#xD;
	at com.kms.katalon.core.main.TestCaseExecutor.processExecutionPhase(TestCaseExecutor.java:307)&#xD;
	at com.kms.katalon.core.main.TestCaseExecutor.accessMainPhase(TestCaseExecutor.java:299)&#xD;
	at com.kms.katalon.core.main.TestCaseExecutor.execute(TestCaseExecutor.java:233)&#xD;
	at com.kms.katalon.core.main.TestSuiteExecutor.accessTestCaseMainPhase(TestSuiteExecutor.java:133)&#xD;
	at com.kms.katalon.core.main.TestSuiteExecutor.accessTestSuiteMainPhase(TestSuiteExecutor.java:116)&#xD;
	at com.kms.katalon.core.main.TestSuiteExecutor.execute(TestSuiteExecutor.java:83)&#xD;
	at com.kms.katalon.core.main.TestCaseMain.startTestSuite(TestCaseMain.java:157)&#xD;
	at com.kms.katalon.core.main.TestCaseMain$startTestSuite$0.call(Unknown Source)&#xD;
	at TempTestSuite1568881703577.run(TempTestSuite1568881703577.groovy:35)&#xD;
Caused by: com.kms.katalon.core.exception.StepFailedException: Actual object 'false' and expected object 'true' are not equal&#xD;
	at com.kms.katalon.core.keyword.builtin.VerifyEqualKeyword$_verifyEqual_closure1.doCall(VerifyEqualKeyword.groovy:58)&#xD;
	at com.kms.katalon.core.keyword.builtin.VerifyEqualKeyword$_verifyEqual_closure1.call(VerifyEqualKeyword.groovy)&#xD;
	at com.kms.katalon.core.keyword.internal.KeywordMain.runKeyword(KeywordMain.groovy:68)&#xD;
	... 18 more</system-err>
        </testcase>
        <testcase name="Test Cases/AlterationScoringNBMajor/PRUmed Benefit Limitation/PRUmed Benefit Limitation" classname="Test Cases/AlterationScoringNBMajor/PRUmed Benefit Limitation/PRUmed Benefit Limitation" status="FAILED">
            <failure type="FAILED" message="Test Cases/AlterationScoringNBMajor/PRUmed Benefit Limitation/PRUmed Benefit Limitation FAILED.&#xA;Reason:&#xA;com.kms.katalon.core.exception.StepFailedException: Unable to verify equal between actual object 'false' and expected object 'true' (Root cause: com.kms.katalon.core.exception.StepFailedException: Actual object 'false' and expected object 'true' are not equal&#xD;&#xA;&#x9;at com.kms.katalon.core.keyword.builtin.VerifyEqualKeyword$_verifyEqual_closure1.doCall(VerifyEqualKeyword.groovy:58)&#xD;&#xA;&#x9;at com.kms.katalon.core.keyword.builtin.VerifyEqualKeyword$_verifyEqual_closure1.call(VerifyEqualKeyword.groovy)&#xD;&#xA;&#x9;at com.kms.katalon.core.keyword.internal.KeywordMain.runKeyword(KeywordMain.groovy:68)&#xD;&#xA;&#x9;at com.kms.katalon.core.keyword.builtin.VerifyEqualKeyword.verifyEqual(VerifyEqualKeyword.groovy:63)&#xD;&#xA;&#x9;at com.kms.katalon.core.keyword.builtin.VerifyEqualKeyword.execute(VerifyEqualKeyword.groovy:44)&#xD;&#xA;&#x9;at com.kms.katalon.core.keyword.internal.KeywordExecutor.executeKeywordForPlatform(KeywordExecutor.groovy:56)&#xD;&#xA;&#x9;at com.kms.katalon.core.keyword.BuiltinKeywords.verifyEqual(BuiltinKeywords.groovy:126)&#xD;&#xA;&#x9;at PRUmed Benefit Limitation.run(PRUmed Benefit Limitation:29)&#xD;&#xA;&#x9;at com.kms.katalon.core.main.ScriptEngine.run(ScriptEngine.java:194)&#xD;&#xA;&#x9;at com.kms.katalon.core.main.ScriptEngine.runScriptAsRawText(ScriptEngine.java:119)&#xD;&#xA;&#x9;at com.kms.katalon.core.main.TestCaseExecutor.runScript(TestCaseExecutor.java:337)&#xD;&#xA;&#x9;at com.kms.katalon.core.main.TestCaseExecutor.doExecute(TestCaseExecutor.java:328)&#xD;&#xA;&#x9;at com.kms.katalon.core.main.TestCaseExecutor.processExecutionPhase(TestCaseExecutor.java:307)&#xD;&#xA;&#x9;at com.kms.katalon.core.main.TestCaseExecutor.accessMainPhase(TestCaseExecutor.java:299)&#xD;&#xA;&#x9;at com.kms.katalon.core.main.TestCaseExecutor.execute(TestCaseExecutor.java:233)&#xD;&#xA;&#x9;at com.kms.katalon.core.main.TestSuiteExecutor.accessTestCaseMainPhase(TestSuiteExecutor.java:133)&#xD;&#xA;&#x9;at com.kms.katalon.core.main.TestSuiteExecutor.accessTestSuiteMainPhase(TestSuiteExecutor.java:116)&#xD;&#xA;&#x9;at com.kms.katalon.core.main.TestSuiteExecutor.execute(TestSuiteExecutor.java:83)&#xD;&#xA;&#x9;at com.kms.katalon.core.main.TestCaseMain.startTestSuite(TestCaseMain.java:157)&#xD;&#xA;&#x9;at com.kms.katalon.core.main.TestCaseMain$startTestSuite$0.call(Unknown Source)&#xD;&#xA;&#x9;at TempTestSuite1568881703577.run(TempTestSuite1568881703577.groovy:35)&#xD;&#xA;)&#xD;&#xA;&#x9;at com.kms.katalon.core.keyword.internal.KeywordMain.stepFailed(KeywordMain.groovy:39)&#xD;&#xA;&#x9;at com.kms.katalon.core.keyword.internal.KeywordMain.stepFailed(KeywordMain.groovy)&#xD;&#xA;&#x9;at com.kms.katalon.core.keyword.internal.KeywordMain.runKeyword(KeywordMain.groovy:70)&#xD;&#xA;&#x9;at com.kms.katalon.core.keyword.builtin.VerifyEqualKeyword.verifyEqual(VerifyEqualKeyword.groovy:63)&#xD;&#xA;&#x9;at com.kms.katalon.core.keyword.builtin.VerifyEqualKeyword.execute(VerifyEqualKeyword.groovy:44)&#xD;&#xA;&#x9;at com.kms.katalon.core.keyword.internal.KeywordExecutor.executeKeywordForPlatform(KeywordExecutor.groovy:56)&#xD;&#xA;&#x9;at com.kms.katalon.core.keyword.BuiltinKeywords.verifyEqual(BuiltinKeywords.groovy:126)&#xD;&#xA;&#x9;at PRUmed Benefit Limitation.run(PRUmed Benefit Limitation:29)&#xD;&#xA;&#x9;at com.kms.katalon.core.main.ScriptEngine.run(ScriptEngine.java:194)&#xD;&#xA;&#x9;at com.kms.katalon.core.main.ScriptEngine.runScriptAsRawText(ScriptEngine.java:119)&#xD;&#xA;&#x9;at com.kms.katalon.core.main.TestCaseExecutor.runScript(TestCaseExecutor.java:337)&#xD;&#xA;&#x9;at com.kms.katalon.core.main.TestCaseExecutor.doExecute(TestCaseExecutor.java:328)&#xD;&#xA;&#x9;at com.kms.katalon.core.main.TestCaseExecutor.processExecutionPhase(TestCaseExecutor.java:307)&#xD;&#xA;&#x9;at com.kms.katalon.core.main.TestCaseExecutor.accessMainPhase(TestCaseExecutor.java:299)&#xD;&#xA;&#x9;at com.kms.katalon.core.main.TestCaseExecutor.execute(TestCaseExecutor.java:233)&#xD;&#xA;&#x9;at com.kms.katalon.core.main.TestSuiteExecutor.accessTestCaseMainPhase(TestSuiteExecutor.java:133)&#xD;&#xA;&#x9;at com.kms.katalon.core.main.TestSuiteExecutor.accessTestSuiteMainPhase(TestSuiteExecutor.java:116)&#xD;&#xA;&#x9;at com.kms.katalon.core.main.TestSuiteExecutor.execute(TestSuiteExecutor.java:83)&#xD;&#xA;&#x9;at com.kms.katalon.core.main.TestCaseMain.startTestSuite(TestCaseMain.java:157)&#xD;&#xA;&#x9;at com.kms.katalon.core.main.TestCaseMain$startTestSuite$0.call(Unknown Source)&#xD;&#xA;&#x9;at TempTestSuite1568881703577.run(TempTestSuite1568881703577.groovy:35)&#xD;&#xA;Caused by: com.kms.katalon.core.exception.StepFailedException: Actual object 'false' and expected object 'true' are not equal&#xD;&#xA;&#x9;at com.kms.katalon.core.keyword.builtin.VerifyEqualKeyword$_verifyEqual_closure1.doCall(VerifyEqualKeyword.groovy:58)&#xD;&#xA;&#x9;at com.kms.katalon.core.keyword.builtin.VerifyEqualKeyword$_verifyEqual_closure1.call(VerifyEqualKeyword.groovy)&#xD;&#xA;&#x9;at com.kms.katalon.core.keyword.internal.KeywordMain.runKeyword(KeywordMain.groovy:68)&#xD;&#xA;&#x9;... 18 more&#xD;&#xA;"/>
            <system-out>2019-09-19 15:28:51 - [TEST_CASE][FAILED] - Test Cases/AlterationScoringNBMajor/PRUmed Benefit Limitation/PRUmed Benefit Limitation: Test Cases/AlterationScoringNBMajor/PRUmed Benefit Limitation/PRUmed Benefit Limitation FAILED.
Reason:
com.kms.katalon.core.exception.StepFailedException: Unable to verify equal between actual object 'false' and expected object 'true' (Root cause: com.kms.katalon.core.exception.StepFailedException: Actual object 'false' and expected object 'true' are not equal&#xD;
	at com.kms.katalon.core.keyword.builtin.VerifyEqualKeyword$_verifyEqual_closure1.doCall(VerifyEqualKeyword.groovy:58)&#xD;
	at com.kms.katalon.core.keyword.builtin.VerifyEqualKeyword$_verifyEqual_closure1.call(VerifyEqualKeyword.groovy)&#xD;
	at com.kms.katalon.core.keyword.internal.KeywordMain.runKeyword(KeywordMain.groovy:68)&#xD;
	at com.kms.katalon.core.keyword.builtin.VerifyEqualKeyword.verifyEqual(VerifyEqualKeyword.groovy:63)&#xD;
	at com.kms.katalon.core.keyword.builtin.VerifyEqualKeyword.execute(VerifyEqualKeyword.groovy:44)&#xD;
	at com.kms.katalon.core.keyword.internal.KeywordExecutor.executeKeywordForPlatform(KeywordExecutor.groovy:56)&#xD;
	at com.kms.katalon.core.keyword.BuiltinKeywords.verifyEqual(BuiltinKeywords.groovy:126)&#xD;
	at PRUmed Benefit Limitation.run(PRUmed Benefit Limitation:29)&#xD;
	at com.kms.katalon.core.main.ScriptEngine.run(ScriptEngine.java:194)&#xD;
	at com.kms.katalon.core.main.ScriptEngine.runScriptAsRawText(ScriptEngine.java:119)&#xD;
	at com.kms.katalon.core.main.TestCaseExecutor.runScript(TestCaseExecutor.java:337)&#xD;
	at com.kms.katalon.core.main.TestCaseExecutor.doExecute(TestCaseExecutor.java:328)&#xD;
	at com.kms.katalon.core.main.TestCaseExecutor.processExecutionPhase(TestCaseExecutor.java:307)&#xD;
	at com.kms.katalon.core.main.TestCaseExecutor.accessMainPhase(TestCaseExecutor.java:299)&#xD;
	at com.kms.katalon.core.main.TestCaseExecutor.execute(TestCaseExecutor.java:233)&#xD;
	at com.kms.katalon.core.main.TestSuiteExecutor.accessTestCaseMainPhase(TestSuiteExecutor.java:133)&#xD;
	at com.kms.katalon.core.main.TestSuiteExecutor.accessTestSuiteMainPhase(TestSuiteExecutor.java:116)&#xD;
	at com.kms.katalon.core.main.TestSuiteExecutor.execute(TestSuiteExecutor.java:83)&#xD;
	at com.kms.katalon.core.main.TestCaseMain.startTestSuite(TestCaseMain.java:157)&#xD;
	at com.kms.katalon.core.main.TestCaseMain$startTestSuite$0.call(Unknown Source)&#xD;
	at TempTestSuite1568881703577.run(TempTestSuite1568881703577.groovy:35)&#xD;
)&#xD;
	at com.kms.katalon.core.keyword.internal.KeywordMain.stepFailed(KeywordMain.groovy:39)&#xD;
	at com.kms.katalon.core.keyword.internal.KeywordMain.stepFailed(KeywordMain.groovy)&#xD;
	at com.kms.katalon.core.keyword.internal.KeywordMain.runKeyword(KeywordMain.groovy:70)&#xD;
	at com.kms.katalon.core.keyword.builtin.VerifyEqualKeyword.verifyEqual(VerifyEqualKeyword.groovy:63)&#xD;
	at com.kms.katalon.core.keyword.builtin.VerifyEqualKeyword.execute(VerifyEqualKeyword.groovy:44)&#xD;
	at com.kms.katalon.core.keyword.internal.KeywordExecutor.executeKeywordForPlatform(KeywordExecutor.groovy:56)&#xD;
	at com.kms.katalon.core.keyword.BuiltinKeywords.verifyEqual(BuiltinKeywords.groovy:126)&#xD;
	at PRUmed Benefit Limitation.run(PRUmed Benefit Limitation:29)&#xD;
	at com.kms.katalon.core.main.ScriptEngine.run(ScriptEngine.java:194)&#xD;
	at com.kms.katalon.core.main.ScriptEngine.runScriptAsRawText(ScriptEngine.java:119)&#xD;
	at com.kms.katalon.core.main.TestCaseExecutor.runScript(TestCaseExecutor.java:337)&#xD;
	at com.kms.katalon.core.main.TestCaseExecutor.doExecute(TestCaseExecutor.java:328)&#xD;
	at com.kms.katalon.core.main.TestCaseExecutor.processExecutionPhase(TestCaseExecutor.java:307)&#xD;
	at com.kms.katalon.core.main.TestCaseExecutor.accessMainPhase(TestCaseExecutor.java:299)&#xD;
	at com.kms.katalon.core.main.TestCaseExecutor.execute(TestCaseExecutor.java:233)&#xD;
	at com.kms.katalon.core.main.TestSuiteExecutor.accessTestCaseMainPhase(TestSuiteExecutor.java:133)&#xD;
	at com.kms.katalon.core.main.TestSuiteExecutor.accessTestSuiteMainPhase(TestSuiteExecutor.java:116)&#xD;
	at com.kms.katalon.core.main.TestSuiteExecutor.execute(TestSuiteExecutor.java:83)&#xD;
	at com.kms.katalon.core.main.TestCaseMain.startTestSuite(TestCaseMain.java:157)&#xD;
	at com.kms.katalon.core.main.TestCaseMain$startTestSuite$0.call(Unknown Source)&#xD;
	at TempTestSuite1568881703577.run(TempTestSuite1568881703577.groovy:35)&#xD;
Caused by: com.kms.katalon.core.exception.StepFailedException: Actual object 'false' and expected object 'true' are not equal&#xD;
	at com.kms.katalon.core.keyword.builtin.VerifyEqualKeyword$_verifyEqual_closure1.doCall(VerifyEqualKeyword.groovy:58)&#xD;
	at com.kms.katalon.core.keyword.builtin.VerifyEqualKeyword$_verifyEqual_closure1.call(VerifyEqualKeyword.groovy)&#xD;
	at com.kms.katalon.core.keyword.internal.KeywordMain.runKeyword(KeywordMain.groovy:68)&#xD;
	... 18 more&#xD;
&#xD;
&#xD;
2019-09-19 15:28:51 - [TEST_STEP][PASSED] - response = sendRequest(findTestObject("AlterationScroingNBMajor/PRUmed Benefit Limitation/Version 1.0_Check_1.391/Request Object", ["transactionType":transactionType, "clientType":clientType, "role":role, "subAlter":subAlter, "eviCode":eviCode, "riderCode":riderCode, ... ])): Send request successfully&#xD;
&#xD;
2019-09-19 15:28:52 - [MESSAGE][INFO] - HAR: C:\SURYAPURBA\PHS\PHS-BRMS\Reports\AlterationScoringNBMajor\PRUmed Benefit Limitation\20190919_152823\requests\main\30.har&#xD;
&#xD;
2019-09-19 15:28:52 - [MESSAGE][PASSED] - Send request successfully&#xD;
&#xD;
2019-09-19 15:28:52 - [TEST_STEP][PASSED] - slurper = new groovy.json.JsonSlurper(): null&#xD;
&#xD;
2019-09-19 15:28:52 - [TEST_STEP][PASSED] - parsingResponse = slurper.parseText(response.getResponseText()): null&#xD;
&#xD;
2019-09-19 15:28:52 - [TEST_STEP][PASSED] - println(parsingResponse): null&#xD;
&#xD;
2019-09-19 15:28:52 - [TEST_STEP][PASSED] - evidenceCode = evidenceCode: null&#xD;
&#xD;
2019-09-19 15:28:52 - [TEST_STEP][PASSED] - println(evidenceCode): null&#xD;
&#xD;
2019-09-19 15:28:52 - [TEST_STEP][PASSED] - println(expectedEvidenceCode): null&#xD;
&#xD;
2019-09-19 15:28:52 - [TEST_STEP][FAILED] - if (expectedEvidenceCode != "STD"): null&#xD;
&#xD;
2019-09-19 15:28:52 - [TEST_STEP][PASSED] - actual = description == expectedDescription: null&#xD;
&#xD;
2019-09-19 15:28:52 - [TEST_STEP][FAILED] - verifyEqual(actual, true, CONTINUE_ON_FAILURE): Unable to verify equal between actual object 'false' and expected object 'true' (Root cause: com.kms.katalon.core.exception.StepFailedException: Actual object 'false' and expected object 'true' are not equal&#xD;
	at com.kms.katalon.core.keyword.builtin.VerifyEqualKeyword$_verifyEqual_closure1.doCall(VerifyEqualKeyword.groovy:58)&#xD;
	at com.kms.katalon.core.keyword.builtin.VerifyEqualKeyword$_verifyEqual_closure1.call(VerifyEqualKeyword.groovy)&#xD;
	at com.kms.katalon.core.keyword.internal.KeywordMain.runKeyword(KeywordMain.groovy:68)&#xD;
	at com.kms.katalon.core.keyword.builtin.VerifyEqualKeyword.verifyEqual(VerifyEqualKeyword.groovy:63)&#xD;
	at com.kms.katalon.core.keyword.builtin.VerifyEqualKeyword.execute(VerifyEqualKeyword.groovy:44)&#xD;
	at com.kms.katalon.core.keyword.internal.KeywordExecutor.executeKeywordForPlatform(KeywordExecutor.groovy:56)&#xD;
	at com.kms.katalon.core.keyword.BuiltinKeywords.verifyEqual(BuiltinKeywords.groovy:126)&#xD;
	at PRUmed Benefit Limitation.run(PRUmed Benefit Limitation:29)&#xD;
	at com.kms.katalon.core.main.ScriptEngine.run(ScriptEngine.java:194)&#xD;
	at com.kms.katalon.core.main.ScriptEngine.runScriptAsRawText(ScriptEngine.java:119)&#xD;
	at com.kms.katalon.core.main.TestCaseExecutor.runScript(TestCaseExecutor.java:337)&#xD;
	at com.kms.katalon.core.main.TestCaseExecutor.doExecute(TestCaseExecutor.java:328)&#xD;
	at com.kms.katalon.core.main.TestCaseExecutor.processExecutionPhase(TestCaseExecutor.java:307)&#xD;
	at com.kms.katalon.core.main.TestCaseExecutor.accessMainPhase(TestCaseExecutor.java:299)&#xD;
	at com.kms.katalon.core.main.TestCaseExecutor.execute(TestCaseExecutor.java:233)&#xD;
	at com.kms.katalon.core.main.TestSuiteExecutor.accessTestCaseMainPhase(TestSuiteExecutor.java:133)&#xD;
	at com.kms.katalon.core.main.TestSuiteExecutor.accessTestSuiteMainPhase(TestSuiteExecutor.java:116)&#xD;
	at com.kms.katalon.core.main.TestSuiteExecutor.execute(TestSuiteExecutor.java:83)&#xD;
	at com.kms.katalon.core.main.TestCaseMain.startTestSuite(TestCaseMain.java:157)&#xD;
	at com.kms.katalon.core.main.TestCaseMain$startTestSuite$0.call(Unknown Source)&#xD;
	at TempTestSuite1568881703577.run(TempTestSuite1568881703577.groovy:35)&#xD;
)&#xD;
&#xD;
2019-09-19 15:28:52 - [MESSAGE][FAILED] - Unable to verify equal between actual object 'false' and expected object 'true' (Root cause: com.kms.katalon.core.exception.StepFailedException: Actual object 'false' and expected object 'true' are not equal&#xD;
	at com.kms.katalon.core.keyword.builtin.VerifyEqualKeyword$_verifyEqual_closure1.doCall(VerifyEqualKeyword.groovy:58)&#xD;
	at com.kms.katalon.core.keyword.builtin.VerifyEqualKeyword$_verifyEqual_closure1.call(VerifyEqualKeyword.groovy)&#xD;
	at com.kms.katalon.core.keyword.internal.KeywordMain.runKeyword(KeywordMain.groovy:68)&#xD;
	at com.kms.katalon.core.keyword.builtin.VerifyEqualKeyword.verifyEqual(VerifyEqualKeyword.groovy:63)&#xD;
	at com.kms.katalon.core.keyword.builtin.VerifyEqualKeyword.execute(VerifyEqualKeyword.groovy:44)&#xD;
	at com.kms.katalon.core.keyword.internal.KeywordExecutor.executeKeywordForPlatform(KeywordExecutor.groovy:56)&#xD;
	at com.kms.katalon.core.keyword.BuiltinKeywords.verifyEqual(BuiltinKeywords.groovy:126)&#xD;
	at PRUmed Benefit Limitation.run(PRUmed Benefit Limitation:29)&#xD;
	at com.kms.katalon.core.main.ScriptEngine.run(ScriptEngine.java:194)&#xD;
	at com.kms.katalon.core.main.ScriptEngine.runScriptAsRawText(ScriptEngine.java:119)&#xD;
	at com.kms.katalon.core.main.TestCaseExecutor.runScript(TestCaseExecutor.java:337)&#xD;
	at com.kms.katalon.core.main.TestCaseExecutor.doExecute(TestCaseExecutor.java:328)&#xD;
	at com.kms.katalon.core.main.TestCaseExecutor.processExecutionPhase(TestCaseExecutor.java:307)&#xD;
	at com.kms.katalon.core.main.TestCaseExecutor.accessMainPhase(TestCaseExecutor.java:299)&#xD;
	at com.kms.katalon.core.main.TestCaseExecutor.execute(TestCaseExecutor.java:233)&#xD;
	at com.kms.katalon.core.main.TestSuiteExecutor.accessTestCaseMainPhase(TestSuiteExecutor.java:133)&#xD;
	at com.kms.katalon.core.main.TestSuiteExecutor.accessTestSuiteMainPhase(TestSuiteExecutor.java:116)&#xD;
	at com.kms.katalon.core.main.TestSuiteExecutor.execute(TestSuiteExecutor.java:83)&#xD;
	at com.kms.katalon.core.main.TestCaseMain.startTestSuite(TestCaseMain.java:157)&#xD;
	at com.kms.katalon.core.main.TestCaseMain$startTestSuite$0.call(Unknown Source)&#xD;
	at TempTestSuite1568881703577.run(TempTestSuite1568881703577.groovy:35)&#xD;
)&#xD;
&#xD;
2019-09-19 15:28:52 - [TEST_STEP][PASSED] - if (actual == false): null&#xD;
&#xD;
2019-09-19 15:28:52 - [TEST_STEP][PASSED] - println("Evidence code tidak sesuai dengan expected evidence code"): null&#xD;
&#xD;
2019-09-19 15:28:52 - [TEST_STEP][PASSED] - verifyResponseStatusCode(response, 200): Verify response status code successfully&#xD;
&#xD;
2019-09-19 15:28:52 - [MESSAGE][PASSED] - Verify response status code successfully</system-out>
            <system-err>2019-09-19 15:28:51 - [TEST_CASE][FAILED] - Test Cases/AlterationScoringNBMajor/PRUmed Benefit Limitation/PRUmed Benefit Limitation: Test Cases/AlterationScoringNBMajor/PRUmed Benefit Limitation/PRUmed Benefit Limitation FAILED.
Reason:
com.kms.katalon.core.exception.StepFailedException: Unable to verify equal between actual object 'false' and expected object 'true' (Root cause: com.kms.katalon.core.exception.StepFailedException: Actual object 'false' and expected object 'true' are not equal&#xD;
	at com.kms.katalon.core.keyword.builtin.VerifyEqualKeyword$_verifyEqual_closure1.doCall(VerifyEqualKeyword.groovy:58)&#xD;
	at com.kms.katalon.core.keyword.builtin.VerifyEqualKeyword$_verifyEqual_closure1.call(VerifyEqualKeyword.groovy)&#xD;
	at com.kms.katalon.core.keyword.internal.KeywordMain.runKeyword(KeywordMain.groovy:68)&#xD;
	at com.kms.katalon.core.keyword.builtin.VerifyEqualKeyword.verifyEqual(VerifyEqualKeyword.groovy:63)&#xD;
	at com.kms.katalon.core.keyword.builtin.VerifyEqualKeyword.execute(VerifyEqualKeyword.groovy:44)&#xD;
	at com.kms.katalon.core.keyword.internal.KeywordExecutor.executeKeywordForPlatform(KeywordExecutor.groovy:56)&#xD;
	at com.kms.katalon.core.keyword.BuiltinKeywords.verifyEqual(BuiltinKeywords.groovy:126)&#xD;
	at PRUmed Benefit Limitation.run(PRUmed Benefit Limitation:29)&#xD;
	at com.kms.katalon.core.main.ScriptEngine.run(ScriptEngine.java:194)&#xD;
	at com.kms.katalon.core.main.ScriptEngine.runScriptAsRawText(ScriptEngine.java:119)&#xD;
	at com.kms.katalon.core.main.TestCaseExecutor.runScript(TestCaseExecutor.java:337)&#xD;
	at com.kms.katalon.core.main.TestCaseExecutor.doExecute(TestCaseExecutor.java:328)&#xD;
	at com.kms.katalon.core.main.TestCaseExecutor.processExecutionPhase(TestCaseExecutor.java:307)&#xD;
	at com.kms.katalon.core.main.TestCaseExecutor.accessMainPhase(TestCaseExecutor.java:299)&#xD;
	at com.kms.katalon.core.main.TestCaseExecutor.execute(TestCaseExecutor.java:233)&#xD;
	at com.kms.katalon.core.main.TestSuiteExecutor.accessTestCaseMainPhase(TestSuiteExecutor.java:133)&#xD;
	at com.kms.katalon.core.main.TestSuiteExecutor.accessTestSuiteMainPhase(TestSuiteExecutor.java:116)&#xD;
	at com.kms.katalon.core.main.TestSuiteExecutor.execute(TestSuiteExecutor.java:83)&#xD;
	at com.kms.katalon.core.main.TestCaseMain.startTestSuite(TestCaseMain.java:157)&#xD;
	at com.kms.katalon.core.main.TestCaseMain$startTestSuite$0.call(Unknown Source)&#xD;
	at TempTestSuite1568881703577.run(TempTestSuite1568881703577.groovy:35)&#xD;
)&#xD;
	at com.kms.katalon.core.keyword.internal.KeywordMain.stepFailed(KeywordMain.groovy:39)&#xD;
	at com.kms.katalon.core.keyword.internal.KeywordMain.stepFailed(KeywordMain.groovy)&#xD;
	at com.kms.katalon.core.keyword.internal.KeywordMain.runKeyword(KeywordMain.groovy:70)&#xD;
	at com.kms.katalon.core.keyword.builtin.VerifyEqualKeyword.verifyEqual(VerifyEqualKeyword.groovy:63)&#xD;
	at com.kms.katalon.core.keyword.builtin.VerifyEqualKeyword.execute(VerifyEqualKeyword.groovy:44)&#xD;
	at com.kms.katalon.core.keyword.internal.KeywordExecutor.executeKeywordForPlatform(KeywordExecutor.groovy:56)&#xD;
	at com.kms.katalon.core.keyword.BuiltinKeywords.verifyEqual(BuiltinKeywords.groovy:126)&#xD;
	at PRUmed Benefit Limitation.run(PRUmed Benefit Limitation:29)&#xD;
	at com.kms.katalon.core.main.ScriptEngine.run(ScriptEngine.java:194)&#xD;
	at com.kms.katalon.core.main.ScriptEngine.runScriptAsRawText(ScriptEngine.java:119)&#xD;
	at com.kms.katalon.core.main.TestCaseExecutor.runScript(TestCaseExecutor.java:337)&#xD;
	at com.kms.katalon.core.main.TestCaseExecutor.doExecute(TestCaseExecutor.java:328)&#xD;
	at com.kms.katalon.core.main.TestCaseExecutor.processExecutionPhase(TestCaseExecutor.java:307)&#xD;
	at com.kms.katalon.core.main.TestCaseExecutor.accessMainPhase(TestCaseExecutor.java:299)&#xD;
	at com.kms.katalon.core.main.TestCaseExecutor.execute(TestCaseExecutor.java:233)&#xD;
	at com.kms.katalon.core.main.TestSuiteExecutor.accessTestCaseMainPhase(TestSuiteExecutor.java:133)&#xD;
	at com.kms.katalon.core.main.TestSuiteExecutor.accessTestSuiteMainPhase(TestSuiteExecutor.java:116)&#xD;
	at com.kms.katalon.core.main.TestSuiteExecutor.execute(TestSuiteExecutor.java:83)&#xD;
	at com.kms.katalon.core.main.TestCaseMain.startTestSuite(TestCaseMain.java:157)&#xD;
	at com.kms.katalon.core.main.TestCaseMain$startTestSuite$0.call(Unknown Source)&#xD;
	at TempTestSuite1568881703577.run(TempTestSuite1568881703577.groovy:35)&#xD;
Caused by: com.kms.katalon.core.exception.StepFailedException: Actual object 'false' and expected object 'true' are not equal&#xD;
	at com.kms.katalon.core.keyword.builtin.VerifyEqualKeyword$_verifyEqual_closure1.doCall(VerifyEqualKeyword.groovy:58)&#xD;
	at com.kms.katalon.core.keyword.builtin.VerifyEqualKeyword$_verifyEqual_closure1.call(VerifyEqualKeyword.groovy)&#xD;
	at com.kms.katalon.core.keyword.internal.KeywordMain.runKeyword(KeywordMain.groovy:68)&#xD;
	... 18 more</system-err>
        </testcase>
        <testcase name="Test Cases/AlterationScoringNBMajor/PRUmed Benefit Limitation/PRUmed Benefit Limitation" classname="Test Cases/AlterationScoringNBMajor/PRUmed Benefit Limitation/PRUmed Benefit Limitation" status="FAILED">
            <failure type="FAILED" message="Test Cases/AlterationScoringNBMajor/PRUmed Benefit Limitation/PRUmed Benefit Limitation FAILED.&#xA;Reason:&#xA;com.kms.katalon.core.exception.StepFailedException: Unable to verify equal between actual object 'false' and expected object 'true' (Root cause: com.kms.katalon.core.exception.StepFailedException: Actual object 'false' and expected object 'true' are not equal&#xD;&#xA;&#x9;at com.kms.katalon.core.keyword.builtin.VerifyEqualKeyword$_verifyEqual_closure1.doCall(VerifyEqualKeyword.groovy:58)&#xD;&#xA;&#x9;at com.kms.katalon.core.keyword.builtin.VerifyEqualKeyword$_verifyEqual_closure1.call(VerifyEqualKeyword.groovy)&#xD;&#xA;&#x9;at com.kms.katalon.core.keyword.internal.KeywordMain.runKeyword(KeywordMain.groovy:68)&#xD;&#xA;&#x9;at com.kms.katalon.core.keyword.builtin.VerifyEqualKeyword.verifyEqual(VerifyEqualKeyword.groovy:63)&#xD;&#xA;&#x9;at com.kms.katalon.core.keyword.builtin.VerifyEqualKeyword.execute(VerifyEqualKeyword.groovy:44)&#xD;&#xA;&#x9;at com.kms.katalon.core.keyword.internal.KeywordExecutor.executeKeywordForPlatform(KeywordExecutor.groovy:56)&#xD;&#xA;&#x9;at com.kms.katalon.core.keyword.BuiltinKeywords.verifyEqual(BuiltinKeywords.groovy:126)&#xD;&#xA;&#x9;at PRUmed Benefit Limitation.run(PRUmed Benefit Limitation:29)&#xD;&#xA;&#x9;at com.kms.katalon.core.main.ScriptEngine.run(ScriptEngine.java:194)&#xD;&#xA;&#x9;at com.kms.katalon.core.main.ScriptEngine.runScriptAsRawText(ScriptEngine.java:119)&#xD;&#xA;&#x9;at com.kms.katalon.core.main.TestCaseExecutor.runScript(TestCaseExecutor.java:337)&#xD;&#xA;&#x9;at com.kms.katalon.core.main.TestCaseExecutor.doExecute(TestCaseExecutor.java:328)&#xD;&#xA;&#x9;at com.kms.katalon.core.main.TestCaseExecutor.processExecutionPhase(TestCaseExecutor.java:307)&#xD;&#xA;&#x9;at com.kms.katalon.core.main.TestCaseExecutor.accessMainPhase(TestCaseExecutor.java:299)&#xD;&#xA;&#x9;at com.kms.katalon.core.main.TestCaseExecutor.execute(TestCaseExecutor.java:233)&#xD;&#xA;&#x9;at com.kms.katalon.core.main.TestSuiteExecutor.accessTestCaseMainPhase(TestSuiteExecutor.java:133)&#xD;&#xA;&#x9;at com.kms.katalon.core.main.TestSuiteExecutor.accessTestSuiteMainPhase(TestSuiteExecutor.java:116)&#xD;&#xA;&#x9;at com.kms.katalon.core.main.TestSuiteExecutor.execute(TestSuiteExecutor.java:83)&#xD;&#xA;&#x9;at com.kms.katalon.core.main.TestCaseMain.startTestSuite(TestCaseMain.java:157)&#xD;&#xA;&#x9;at com.kms.katalon.core.main.TestCaseMain$startTestSuite$0.call(Unknown Source)&#xD;&#xA;&#x9;at TempTestSuite1568881703577.run(TempTestSuite1568881703577.groovy:35)&#xD;&#xA;)&#xD;&#xA;&#x9;at com.kms.katalon.core.keyword.internal.KeywordMain.stepFailed(KeywordMain.groovy:39)&#xD;&#xA;&#x9;at com.kms.katalon.core.keyword.internal.KeywordMain.stepFailed(KeywordMain.groovy)&#xD;&#xA;&#x9;at com.kms.katalon.core.keyword.internal.KeywordMain.runKeyword(KeywordMain.groovy:70)&#xD;&#xA;&#x9;at com.kms.katalon.core.keyword.builtin.VerifyEqualKeyword.verifyEqual(VerifyEqualKeyword.groovy:63)&#xD;&#xA;&#x9;at com.kms.katalon.core.keyword.builtin.VerifyEqualKeyword.execute(VerifyEqualKeyword.groovy:44)&#xD;&#xA;&#x9;at com.kms.katalon.core.keyword.internal.KeywordExecutor.executeKeywordForPlatform(KeywordExecutor.groovy:56)&#xD;&#xA;&#x9;at com.kms.katalon.core.keyword.BuiltinKeywords.verifyEqual(BuiltinKeywords.groovy:126)&#xD;&#xA;&#x9;at PRUmed Benefit Limitation.run(PRUmed Benefit Limitation:29)&#xD;&#xA;&#x9;at com.kms.katalon.core.main.ScriptEngine.run(ScriptEngine.java:194)&#xD;&#xA;&#x9;at com.kms.katalon.core.main.ScriptEngine.runScriptAsRawText(ScriptEngine.java:119)&#xD;&#xA;&#x9;at com.kms.katalon.core.main.TestCaseExecutor.runScript(TestCaseExecutor.java:337)&#xD;&#xA;&#x9;at com.kms.katalon.core.main.TestCaseExecutor.doExecute(TestCaseExecutor.java:328)&#xD;&#xA;&#x9;at com.kms.katalon.core.main.TestCaseExecutor.processExecutionPhase(TestCaseExecutor.java:307)&#xD;&#xA;&#x9;at com.kms.katalon.core.main.TestCaseExecutor.accessMainPhase(TestCaseExecutor.java:299)&#xD;&#xA;&#x9;at com.kms.katalon.core.main.TestCaseExecutor.execute(TestCaseExecutor.java:233)&#xD;&#xA;&#x9;at com.kms.katalon.core.main.TestSuiteExecutor.accessTestCaseMainPhase(TestSuiteExecutor.java:133)&#xD;&#xA;&#x9;at com.kms.katalon.core.main.TestSuiteExecutor.accessTestSuiteMainPhase(TestSuiteExecutor.java:116)&#xD;&#xA;&#x9;at com.kms.katalon.core.main.TestSuiteExecutor.execute(TestSuiteExecutor.java:83)&#xD;&#xA;&#x9;at com.kms.katalon.core.main.TestCaseMain.startTestSuite(TestCaseMain.java:157)&#xD;&#xA;&#x9;at com.kms.katalon.core.main.TestCaseMain$startTestSuite$0.call(Unknown Source)&#xD;&#xA;&#x9;at TempTestSuite1568881703577.run(TempTestSuite1568881703577.groovy:35)&#xD;&#xA;Caused by: com.kms.katalon.core.exception.StepFailedException: Actual object 'false' and expected object 'true' are not equal&#xD;&#xA;&#x9;at com.kms.katalon.core.keyword.builtin.VerifyEqualKeyword$_verifyEqual_closure1.doCall(VerifyEqualKeyword.groovy:58)&#xD;&#xA;&#x9;at com.kms.katalon.core.keyword.builtin.VerifyEqualKeyword$_verifyEqual_closure1.call(VerifyEqualKeyword.groovy)&#xD;&#xA;&#x9;at com.kms.katalon.core.keyword.internal.KeywordMain.runKeyword(KeywordMain.groovy:68)&#xD;&#xA;&#x9;... 18 more&#xD;&#xA;"/>
            <system-out>2019-09-19 15:28:53 - [TEST_CASE][FAILED] - Test Cases/AlterationScoringNBMajor/PRUmed Benefit Limitation/PRUmed Benefit Limitation: Test Cases/AlterationScoringNBMajor/PRUmed Benefit Limitation/PRUmed Benefit Limitation FAILED.
Reason:
com.kms.katalon.core.exception.StepFailedException: Unable to verify equal between actual object 'false' and expected object 'true' (Root cause: com.kms.katalon.core.exception.StepFailedException: Actual object 'false' and expected object 'true' are not equal&#xD;
	at com.kms.katalon.core.keyword.builtin.VerifyEqualKeyword$_verifyEqual_closure1.doCall(VerifyEqualKeyword.groovy:58)&#xD;
	at com.kms.katalon.core.keyword.builtin.VerifyEqualKeyword$_verifyEqual_closure1.call(VerifyEqualKeyword.groovy)&#xD;
	at com.kms.katalon.core.keyword.internal.KeywordMain.runKeyword(KeywordMain.groovy:68)&#xD;
	at com.kms.katalon.core.keyword.builtin.VerifyEqualKeyword.verifyEqual(VerifyEqualKeyword.groovy:63)&#xD;
	at com.kms.katalon.core.keyword.builtin.VerifyEqualKeyword.execute(VerifyEqualKeyword.groovy:44)&#xD;
	at com.kms.katalon.core.keyword.internal.KeywordExecutor.executeKeywordForPlatform(KeywordExecutor.groovy:56)&#xD;
	at com.kms.katalon.core.keyword.BuiltinKeywords.verifyEqual(BuiltinKeywords.groovy:126)&#xD;
	at PRUmed Benefit Limitation.run(PRUmed Benefit Limitation:29)&#xD;
	at com.kms.katalon.core.main.ScriptEngine.run(ScriptEngine.java:194)&#xD;
	at com.kms.katalon.core.main.ScriptEngine.runScriptAsRawText(ScriptEngine.java:119)&#xD;
	at com.kms.katalon.core.main.TestCaseExecutor.runScript(TestCaseExecutor.java:337)&#xD;
	at com.kms.katalon.core.main.TestCaseExecutor.doExecute(TestCaseExecutor.java:328)&#xD;
	at com.kms.katalon.core.main.TestCaseExecutor.processExecutionPhase(TestCaseExecutor.java:307)&#xD;
	at com.kms.katalon.core.main.TestCaseExecutor.accessMainPhase(TestCaseExecutor.java:299)&#xD;
	at com.kms.katalon.core.main.TestCaseExecutor.execute(TestCaseExecutor.java:233)&#xD;
	at com.kms.katalon.core.main.TestSuiteExecutor.accessTestCaseMainPhase(TestSuiteExecutor.java:133)&#xD;
	at com.kms.katalon.core.main.TestSuiteExecutor.accessTestSuiteMainPhase(TestSuiteExecutor.java:116)&#xD;
	at com.kms.katalon.core.main.TestSuiteExecutor.execute(TestSuiteExecutor.java:83)&#xD;
	at com.kms.katalon.core.main.TestCaseMain.startTestSuite(TestCaseMain.java:157)&#xD;
	at com.kms.katalon.core.main.TestCaseMain$startTestSuite$0.call(Unknown Source)&#xD;
	at TempTestSuite1568881703577.run(TempTestSuite1568881703577.groovy:35)&#xD;
)&#xD;
	at com.kms.katalon.core.keyword.internal.KeywordMain.stepFailed(KeywordMain.groovy:39)&#xD;
	at com.kms.katalon.core.keyword.internal.KeywordMain.stepFailed(KeywordMain.groovy)&#xD;
	at com.kms.katalon.core.keyword.internal.KeywordMain.runKeyword(KeywordMain.groovy:70)&#xD;
	at com.kms.katalon.core.keyword.builtin.VerifyEqualKeyword.verifyEqual(VerifyEqualKeyword.groovy:63)&#xD;
	at com.kms.katalon.core.keyword.builtin.VerifyEqualKeyword.execute(VerifyEqualKeyword.groovy:44)&#xD;
	at com.kms.katalon.core.keyword.internal.KeywordExecutor.executeKeywordForPlatform(KeywordExecutor.groovy:56)&#xD;
	at com.kms.katalon.core.keyword.BuiltinKeywords.verifyEqual(BuiltinKeywords.groovy:126)&#xD;
	at PRUmed Benefit Limitation.run(PRUmed Benefit Limitation:29)&#xD;
	at com.kms.katalon.core.main.ScriptEngine.run(ScriptEngine.java:194)&#xD;
	at com.kms.katalon.core.main.ScriptEngine.runScriptAsRawText(ScriptEngine.java:119)&#xD;
	at com.kms.katalon.core.main.TestCaseExecutor.runScript(TestCaseExecutor.java:337)&#xD;
	at com.kms.katalon.core.main.TestCaseExecutor.doExecute(TestCaseExecutor.java:328)&#xD;
	at com.kms.katalon.core.main.TestCaseExecutor.processExecutionPhase(TestCaseExecutor.java:307)&#xD;
	at com.kms.katalon.core.main.TestCaseExecutor.accessMainPhase(TestCaseExecutor.java:299)&#xD;
	at com.kms.katalon.core.main.TestCaseExecutor.execute(TestCaseExecutor.java:233)&#xD;
	at com.kms.katalon.core.main.TestSuiteExecutor.accessTestCaseMainPhase(TestSuiteExecutor.java:133)&#xD;
	at com.kms.katalon.core.main.TestSuiteExecutor.accessTestSuiteMainPhase(TestSuiteExecutor.java:116)&#xD;
	at com.kms.katalon.core.main.TestSuiteExecutor.execute(TestSuiteExecutor.java:83)&#xD;
	at com.kms.katalon.core.main.TestCaseMain.startTestSuite(TestCaseMain.java:157)&#xD;
	at com.kms.katalon.core.main.TestCaseMain$startTestSuite$0.call(Unknown Source)&#xD;
	at TempTestSuite1568881703577.run(TempTestSuite1568881703577.groovy:35)&#xD;
Caused by: com.kms.katalon.core.exception.StepFailedException: Actual object 'false' and expected object 'true' are not equal&#xD;
	at com.kms.katalon.core.keyword.builtin.VerifyEqualKeyword$_verifyEqual_closure1.doCall(VerifyEqualKeyword.groovy:58)&#xD;
	at com.kms.katalon.core.keyword.builtin.VerifyEqualKeyword$_verifyEqual_closure1.call(VerifyEqualKeyword.groovy)&#xD;
	at com.kms.katalon.core.keyword.internal.KeywordMain.runKeyword(KeywordMain.groovy:68)&#xD;
	... 18 more&#xD;
&#xD;
&#xD;
2019-09-19 15:28:53 - [TEST_STEP][PASSED] - response = sendRequest(findTestObject("AlterationScroingNBMajor/PRUmed Benefit Limitation/Version 1.0_Check_1.391/Request Object", ["transactionType":transactionType, "clientType":clientType, "role":role, "subAlter":subAlter, "eviCode":eviCode, "riderCode":riderCode, ... ])): Send request successfully&#xD;
&#xD;
2019-09-19 15:28:53 - [MESSAGE][INFO] - HAR: C:\SURYAPURBA\PHS\PHS-BRMS\Reports\AlterationScoringNBMajor\PRUmed Benefit Limitation\20190919_152823\requests\main\31.har&#xD;
&#xD;
2019-09-19 15:28:53 - [MESSAGE][PASSED] - Send request successfully&#xD;
&#xD;
2019-09-19 15:28:53 - [TEST_STEP][PASSED] - slurper = new groovy.json.JsonSlurper(): null&#xD;
&#xD;
2019-09-19 15:28:53 - [TEST_STEP][PASSED] - parsingResponse = slurper.parseText(response.getResponseText()): null&#xD;
&#xD;
2019-09-19 15:28:53 - [TEST_STEP][PASSED] - println(parsingResponse): null&#xD;
&#xD;
2019-09-19 15:28:53 - [TEST_STEP][PASSED] - evidenceCode = evidenceCode: null&#xD;
&#xD;
2019-09-19 15:28:53 - [TEST_STEP][PASSED] - println(evidenceCode): null&#xD;
&#xD;
2019-09-19 15:28:53 - [TEST_STEP][PASSED] - println(expectedEvidenceCode): null&#xD;
&#xD;
2019-09-19 15:28:53 - [TEST_STEP][FAILED] - if (expectedEvidenceCode != "STD"): null&#xD;
&#xD;
2019-09-19 15:28:53 - [TEST_STEP][PASSED] - actual = description == expectedDescription: null&#xD;
&#xD;
2019-09-19 15:28:53 - [TEST_STEP][FAILED] - verifyEqual(actual, true, CONTINUE_ON_FAILURE): Unable to verify equal between actual object 'false' and expected object 'true' (Root cause: com.kms.katalon.core.exception.StepFailedException: Actual object 'false' and expected object 'true' are not equal&#xD;
	at com.kms.katalon.core.keyword.builtin.VerifyEqualKeyword$_verifyEqual_closure1.doCall(VerifyEqualKeyword.groovy:58)&#xD;
	at com.kms.katalon.core.keyword.builtin.VerifyEqualKeyword$_verifyEqual_closure1.call(VerifyEqualKeyword.groovy)&#xD;
	at com.kms.katalon.core.keyword.internal.KeywordMain.runKeyword(KeywordMain.groovy:68)&#xD;
	at com.kms.katalon.core.keyword.builtin.VerifyEqualKeyword.verifyEqual(VerifyEqualKeyword.groovy:63)&#xD;
	at com.kms.katalon.core.keyword.builtin.VerifyEqualKeyword.execute(VerifyEqualKeyword.groovy:44)&#xD;
	at com.kms.katalon.core.keyword.internal.KeywordExecutor.executeKeywordForPlatform(KeywordExecutor.groovy:56)&#xD;
	at com.kms.katalon.core.keyword.BuiltinKeywords.verifyEqual(BuiltinKeywords.groovy:126)&#xD;
	at PRUmed Benefit Limitation.run(PRUmed Benefit Limitation:29)&#xD;
	at com.kms.katalon.core.main.ScriptEngine.run(ScriptEngine.java:194)&#xD;
	at com.kms.katalon.core.main.ScriptEngine.runScriptAsRawText(ScriptEngine.java:119)&#xD;
	at com.kms.katalon.core.main.TestCaseExecutor.runScript(TestCaseExecutor.java:337)&#xD;
	at com.kms.katalon.core.main.TestCaseExecutor.doExecute(TestCaseExecutor.java:328)&#xD;
	at com.kms.katalon.core.main.TestCaseExecutor.processExecutionPhase(TestCaseExecutor.java:307)&#xD;
	at com.kms.katalon.core.main.TestCaseExecutor.accessMainPhase(TestCaseExecutor.java:299)&#xD;
	at com.kms.katalon.core.main.TestCaseExecutor.execute(TestCaseExecutor.java:233)&#xD;
	at com.kms.katalon.core.main.TestSuiteExecutor.accessTestCaseMainPhase(TestSuiteExecutor.java:133)&#xD;
	at com.kms.katalon.core.main.TestSuiteExecutor.accessTestSuiteMainPhase(TestSuiteExecutor.java:116)&#xD;
	at com.kms.katalon.core.main.TestSuiteExecutor.execute(TestSuiteExecutor.java:83)&#xD;
	at com.kms.katalon.core.main.TestCaseMain.startTestSuite(TestCaseMain.java:157)&#xD;
	at com.kms.katalon.core.main.TestCaseMain$startTestSuite$0.call(Unknown Source)&#xD;
	at TempTestSuite1568881703577.run(TempTestSuite1568881703577.groovy:35)&#xD;
)&#xD;
&#xD;
2019-09-19 15:28:53 - [MESSAGE][FAILED] - Unable to verify equal between actual object 'false' and expected object 'true' (Root cause: com.kms.katalon.core.exception.StepFailedException: Actual object 'false' and expected object 'true' are not equal&#xD;
	at com.kms.katalon.core.keyword.builtin.VerifyEqualKeyword$_verifyEqual_closure1.doCall(VerifyEqualKeyword.groovy:58)&#xD;
	at com.kms.katalon.core.keyword.builtin.VerifyEqualKeyword$_verifyEqual_closure1.call(VerifyEqualKeyword.groovy)&#xD;
	at com.kms.katalon.core.keyword.internal.KeywordMain.runKeyword(KeywordMain.groovy:68)&#xD;
	at com.kms.katalon.core.keyword.builtin.VerifyEqualKeyword.verifyEqual(VerifyEqualKeyword.groovy:63)&#xD;
	at com.kms.katalon.core.keyword.builtin.VerifyEqualKeyword.execute(VerifyEqualKeyword.groovy:44)&#xD;
	at com.kms.katalon.core.keyword.internal.KeywordExecutor.executeKeywordForPlatform(KeywordExecutor.groovy:56)&#xD;
	at com.kms.katalon.core.keyword.BuiltinKeywords.verifyEqual(BuiltinKeywords.groovy:126)&#xD;
	at PRUmed Benefit Limitation.run(PRUmed Benefit Limitation:29)&#xD;
	at com.kms.katalon.core.main.ScriptEngine.run(ScriptEngine.java:194)&#xD;
	at com.kms.katalon.core.main.ScriptEngine.runScriptAsRawText(ScriptEngine.java:119)&#xD;
	at com.kms.katalon.core.main.TestCaseExecutor.runScript(TestCaseExecutor.java:337)&#xD;
	at com.kms.katalon.core.main.TestCaseExecutor.doExecute(TestCaseExecutor.java:328)&#xD;
	at com.kms.katalon.core.main.TestCaseExecutor.processExecutionPhase(TestCaseExecutor.java:307)&#xD;
	at com.kms.katalon.core.main.TestCaseExecutor.accessMainPhase(TestCaseExecutor.java:299)&#xD;
	at com.kms.katalon.core.main.TestCaseExecutor.execute(TestCaseExecutor.java:233)&#xD;
	at com.kms.katalon.core.main.TestSuiteExecutor.accessTestCaseMainPhase(TestSuiteExecutor.java:133)&#xD;
	at com.kms.katalon.core.main.TestSuiteExecutor.accessTestSuiteMainPhase(TestSuiteExecutor.java:116)&#xD;
	at com.kms.katalon.core.main.TestSuiteExecutor.execute(TestSuiteExecutor.java:83)&#xD;
	at com.kms.katalon.core.main.TestCaseMain.startTestSuite(TestCaseMain.java:157)&#xD;
	at com.kms.katalon.core.main.TestCaseMain$startTestSuite$0.call(Unknown Source)&#xD;
	at TempTestSuite1568881703577.run(TempTestSuite1568881703577.groovy:35)&#xD;
)&#xD;
&#xD;
2019-09-19 15:28:53 - [TEST_STEP][PASSED] - if (actual == false): null&#xD;
&#xD;
2019-09-19 15:28:53 - [TEST_STEP][PASSED] - println("Evidence code tidak sesuai dengan expected evidence code"): null&#xD;
&#xD;
2019-09-19 15:28:53 - [TEST_STEP][PASSED] - verifyResponseStatusCode(response, 200): Verify response status code successfully&#xD;
&#xD;
2019-09-19 15:28:53 - [MESSAGE][PASSED] - Verify response status code successfully</system-out>
            <system-err>2019-09-19 15:28:53 - [TEST_CASE][FAILED] - Test Cases/AlterationScoringNBMajor/PRUmed Benefit Limitation/PRUmed Benefit Limitation: Test Cases/AlterationScoringNBMajor/PRUmed Benefit Limitation/PRUmed Benefit Limitation FAILED.
Reason:
com.kms.katalon.core.exception.StepFailedException: Unable to verify equal between actual object 'false' and expected object 'true' (Root cause: com.kms.katalon.core.exception.StepFailedException: Actual object 'false' and expected object 'true' are not equal&#xD;
	at com.kms.katalon.core.keyword.builtin.VerifyEqualKeyword$_verifyEqual_closure1.doCall(VerifyEqualKeyword.groovy:58)&#xD;
	at com.kms.katalon.core.keyword.builtin.VerifyEqualKeyword$_verifyEqual_closure1.call(VerifyEqualKeyword.groovy)&#xD;
	at com.kms.katalon.core.keyword.internal.KeywordMain.runKeyword(KeywordMain.groovy:68)&#xD;
	at com.kms.katalon.core.keyword.builtin.VerifyEqualKeyword.verifyEqual(VerifyEqualKeyword.groovy:63)&#xD;
	at com.kms.katalon.core.keyword.builtin.VerifyEqualKeyword.execute(VerifyEqualKeyword.groovy:44)&#xD;
	at com.kms.katalon.core.keyword.internal.KeywordExecutor.executeKeywordForPlatform(KeywordExecutor.groovy:56)&#xD;
	at com.kms.katalon.core.keyword.BuiltinKeywords.verifyEqual(BuiltinKeywords.groovy:126)&#xD;
	at PRUmed Benefit Limitation.run(PRUmed Benefit Limitation:29)&#xD;
	at com.kms.katalon.core.main.ScriptEngine.run(ScriptEngine.java:194)&#xD;
	at com.kms.katalon.core.main.ScriptEngine.runScriptAsRawText(ScriptEngine.java:119)&#xD;
	at com.kms.katalon.core.main.TestCaseExecutor.runScript(TestCaseExecutor.java:337)&#xD;
	at com.kms.katalon.core.main.TestCaseExecutor.doExecute(TestCaseExecutor.java:328)&#xD;
	at com.kms.katalon.core.main.TestCaseExecutor.processExecutionPhase(TestCaseExecutor.java:307)&#xD;
	at com.kms.katalon.core.main.TestCaseExecutor.accessMainPhase(TestCaseExecutor.java:299)&#xD;
	at com.kms.katalon.core.main.TestCaseExecutor.execute(TestCaseExecutor.java:233)&#xD;
	at com.kms.katalon.core.main.TestSuiteExecutor.accessTestCaseMainPhase(TestSuiteExecutor.java:133)&#xD;
	at com.kms.katalon.core.main.TestSuiteExecutor.accessTestSuiteMainPhase(TestSuiteExecutor.java:116)&#xD;
	at com.kms.katalon.core.main.TestSuiteExecutor.execute(TestSuiteExecutor.java:83)&#xD;
	at com.kms.katalon.core.main.TestCaseMain.startTestSuite(TestCaseMain.java:157)&#xD;
	at com.kms.katalon.core.main.TestCaseMain$startTestSuite$0.call(Unknown Source)&#xD;
	at TempTestSuite1568881703577.run(TempTestSuite1568881703577.groovy:35)&#xD;
)&#xD;
	at com.kms.katalon.core.keyword.internal.KeywordMain.stepFailed(KeywordMain.groovy:39)&#xD;
	at com.kms.katalon.core.keyword.internal.KeywordMain.stepFailed(KeywordMain.groovy)&#xD;
	at com.kms.katalon.core.keyword.internal.KeywordMain.runKeyword(KeywordMain.groovy:70)&#xD;
	at com.kms.katalon.core.keyword.builtin.VerifyEqualKeyword.verifyEqual(VerifyEqualKeyword.groovy:63)&#xD;
	at com.kms.katalon.core.keyword.builtin.VerifyEqualKeyword.execute(VerifyEqualKeyword.groovy:44)&#xD;
	at com.kms.katalon.core.keyword.internal.KeywordExecutor.executeKeywordForPlatform(KeywordExecutor.groovy:56)&#xD;
	at com.kms.katalon.core.keyword.BuiltinKeywords.verifyEqual(BuiltinKeywords.groovy:126)&#xD;
	at PRUmed Benefit Limitation.run(PRUmed Benefit Limitation:29)&#xD;
	at com.kms.katalon.core.main.ScriptEngine.run(ScriptEngine.java:194)&#xD;
	at com.kms.katalon.core.main.ScriptEngine.runScriptAsRawText(ScriptEngine.java:119)&#xD;
	at com.kms.katalon.core.main.TestCaseExecutor.runScript(TestCaseExecutor.java:337)&#xD;
	at com.kms.katalon.core.main.TestCaseExecutor.doExecute(TestCaseExecutor.java:328)&#xD;
	at com.kms.katalon.core.main.TestCaseExecutor.processExecutionPhase(TestCaseExecutor.java:307)&#xD;
	at com.kms.katalon.core.main.TestCaseExecutor.accessMainPhase(TestCaseExecutor.java:299)&#xD;
	at com.kms.katalon.core.main.TestCaseExecutor.execute(TestCaseExecutor.java:233)&#xD;
	at com.kms.katalon.core.main.TestSuiteExecutor.accessTestCaseMainPhase(TestSuiteExecutor.java:133)&#xD;
	at com.kms.katalon.core.main.TestSuiteExecutor.accessTestSuiteMainPhase(TestSuiteExecutor.java:116)&#xD;
	at com.kms.katalon.core.main.TestSuiteExecutor.execute(TestSuiteExecutor.java:83)&#xD;
	at com.kms.katalon.core.main.TestCaseMain.startTestSuite(TestCaseMain.java:157)&#xD;
	at com.kms.katalon.core.main.TestCaseMain$startTestSuite$0.call(Unknown Source)&#xD;
	at TempTestSuite1568881703577.run(TempTestSuite1568881703577.groovy:35)&#xD;
Caused by: com.kms.katalon.core.exception.StepFailedException: Actual object 'false' and expected object 'true' are not equal&#xD;
	at com.kms.katalon.core.keyword.builtin.VerifyEqualKeyword$_verifyEqual_closure1.doCall(VerifyEqualKeyword.groovy:58)&#xD;
	at com.kms.katalon.core.keyword.builtin.VerifyEqualKeyword$_verifyEqual_closure1.call(VerifyEqualKeyword.groovy)&#xD;
	at com.kms.katalon.core.keyword.internal.KeywordMain.runKeyword(KeywordMain.groovy:68)&#xD;
	... 18 more</system-err>
        </testcase>
        <testcase name="Test Cases/AlterationScoringNBMajor/PRUmed Benefit Limitation/PRUmed Benefit Limitation" classname="Test Cases/AlterationScoringNBMajor/PRUmed Benefit Limitation/PRUmed Benefit Limitation" status="FAILED">
            <failure type="FAILED" message="Test Cases/AlterationScoringNBMajor/PRUmed Benefit Limitation/PRUmed Benefit Limitation FAILED.&#xA;Reason:&#xA;com.kms.katalon.core.exception.StepFailedException: Unable to verify equal between actual object 'false' and expected object 'true' (Root cause: com.kms.katalon.core.exception.StepFailedException: Actual object 'false' and expected object 'true' are not equal&#xD;&#xA;&#x9;at com.kms.katalon.core.keyword.builtin.VerifyEqualKeyword$_verifyEqual_closure1.doCall(VerifyEqualKeyword.groovy:58)&#xD;&#xA;&#x9;at com.kms.katalon.core.keyword.builtin.VerifyEqualKeyword$_verifyEqual_closure1.call(VerifyEqualKeyword.groovy)&#xD;&#xA;&#x9;at com.kms.katalon.core.keyword.internal.KeywordMain.runKeyword(KeywordMain.groovy:68)&#xD;&#xA;&#x9;at com.kms.katalon.core.keyword.builtin.VerifyEqualKeyword.verifyEqual(VerifyEqualKeyword.groovy:63)&#xD;&#xA;&#x9;at com.kms.katalon.core.keyword.builtin.VerifyEqualKeyword.execute(VerifyEqualKeyword.groovy:44)&#xD;&#xA;&#x9;at com.kms.katalon.core.keyword.internal.KeywordExecutor.executeKeywordForPlatform(KeywordExecutor.groovy:56)&#xD;&#xA;&#x9;at com.kms.katalon.core.keyword.BuiltinKeywords.verifyEqual(BuiltinKeywords.groovy:126)&#xD;&#xA;&#x9;at PRUmed Benefit Limitation.run(PRUmed Benefit Limitation:29)&#xD;&#xA;&#x9;at com.kms.katalon.core.main.ScriptEngine.run(ScriptEngine.java:194)&#xD;&#xA;&#x9;at com.kms.katalon.core.main.ScriptEngine.runScriptAsRawText(ScriptEngine.java:119)&#xD;&#xA;&#x9;at com.kms.katalon.core.main.TestCaseExecutor.runScript(TestCaseExecutor.java:337)&#xD;&#xA;&#x9;at com.kms.katalon.core.main.TestCaseExecutor.doExecute(TestCaseExecutor.java:328)&#xD;&#xA;&#x9;at com.kms.katalon.core.main.TestCaseExecutor.processExecutionPhase(TestCaseExecutor.java:307)&#xD;&#xA;&#x9;at com.kms.katalon.core.main.TestCaseExecutor.accessMainPhase(TestCaseExecutor.java:299)&#xD;&#xA;&#x9;at com.kms.katalon.core.main.TestCaseExecutor.execute(TestCaseExecutor.java:233)&#xD;&#xA;&#x9;at com.kms.katalon.core.main.TestSuiteExecutor.accessTestCaseMainPhase(TestSuiteExecutor.java:133)&#xD;&#xA;&#x9;at com.kms.katalon.core.main.TestSuiteExecutor.accessTestSuiteMainPhase(TestSuiteExecutor.java:116)&#xD;&#xA;&#x9;at com.kms.katalon.core.main.TestSuiteExecutor.execute(TestSuiteExecutor.java:83)&#xD;&#xA;&#x9;at com.kms.katalon.core.main.TestCaseMain.startTestSuite(TestCaseMain.java:157)&#xD;&#xA;&#x9;at com.kms.katalon.core.main.TestCaseMain$startTestSuite$0.call(Unknown Source)&#xD;&#xA;&#x9;at TempTestSuite1568881703577.run(TempTestSuite1568881703577.groovy:35)&#xD;&#xA;)&#xD;&#xA;&#x9;at com.kms.katalon.core.keyword.internal.KeywordMain.stepFailed(KeywordMain.groovy:39)&#xD;&#xA;&#x9;at com.kms.katalon.core.keyword.internal.KeywordMain.stepFailed(KeywordMain.groovy)&#xD;&#xA;&#x9;at com.kms.katalon.core.keyword.internal.KeywordMain.runKeyword(KeywordMain.groovy:70)&#xD;&#xA;&#x9;at com.kms.katalon.core.keyword.builtin.VerifyEqualKeyword.verifyEqual(VerifyEqualKeyword.groovy:63)&#xD;&#xA;&#x9;at com.kms.katalon.core.keyword.builtin.VerifyEqualKeyword.execute(VerifyEqualKeyword.groovy:44)&#xD;&#xA;&#x9;at com.kms.katalon.core.keyword.internal.KeywordExecutor.executeKeywordForPlatform(KeywordExecutor.groovy:56)&#xD;&#xA;&#x9;at com.kms.katalon.core.keyword.BuiltinKeywords.verifyEqual(BuiltinKeywords.groovy:126)&#xD;&#xA;&#x9;at PRUmed Benefit Limitation.run(PRUmed Benefit Limitation:29)&#xD;&#xA;&#x9;at com.kms.katalon.core.main.ScriptEngine.run(ScriptEngine.java:194)&#xD;&#xA;&#x9;at com.kms.katalon.core.main.ScriptEngine.runScriptAsRawText(ScriptEngine.java:119)&#xD;&#xA;&#x9;at com.kms.katalon.core.main.TestCaseExecutor.runScript(TestCaseExecutor.java:337)&#xD;&#xA;&#x9;at com.kms.katalon.core.main.TestCaseExecutor.doExecute(TestCaseExecutor.java:328)&#xD;&#xA;&#x9;at com.kms.katalon.core.main.TestCaseExecutor.processExecutionPhase(TestCaseExecutor.java:307)&#xD;&#xA;&#x9;at com.kms.katalon.core.main.TestCaseExecutor.accessMainPhase(TestCaseExecutor.java:299)&#xD;&#xA;&#x9;at com.kms.katalon.core.main.TestCaseExecutor.execute(TestCaseExecutor.java:233)&#xD;&#xA;&#x9;at com.kms.katalon.core.main.TestSuiteExecutor.accessTestCaseMainPhase(TestSuiteExecutor.java:133)&#xD;&#xA;&#x9;at com.kms.katalon.core.main.TestSuiteExecutor.accessTestSuiteMainPhase(TestSuiteExecutor.java:116)&#xD;&#xA;&#x9;at com.kms.katalon.core.main.TestSuiteExecutor.execute(TestSuiteExecutor.java:83)&#xD;&#xA;&#x9;at com.kms.katalon.core.main.TestCaseMain.startTestSuite(TestCaseMain.java:157)&#xD;&#xA;&#x9;at com.kms.katalon.core.main.TestCaseMain$startTestSuite$0.call(Unknown Source)&#xD;&#xA;&#x9;at TempTestSuite1568881703577.run(TempTestSuite1568881703577.groovy:35)&#xD;&#xA;Caused by: com.kms.katalon.core.exception.StepFailedException: Actual object 'false' and expected object 'true' are not equal&#xD;&#xA;&#x9;at com.kms.katalon.core.keyword.builtin.VerifyEqualKeyword$_verifyEqual_closure1.doCall(VerifyEqualKeyword.groovy:58)&#xD;&#xA;&#x9;at com.kms.katalon.core.keyword.builtin.VerifyEqualKeyword$_verifyEqual_closure1.call(VerifyEqualKeyword.groovy)&#xD;&#xA;&#x9;at com.kms.katalon.core.keyword.internal.KeywordMain.runKeyword(KeywordMain.groovy:68)&#xD;&#xA;&#x9;... 18 more&#xD;&#xA;"/>
            <system-out>2019-09-19 15:28:54 - [TEST_CASE][FAILED] - Test Cases/AlterationScoringNBMajor/PRUmed Benefit Limitation/PRUmed Benefit Limitation: Test Cases/AlterationScoringNBMajor/PRUmed Benefit Limitation/PRUmed Benefit Limitation FAILED.
Reason:
com.kms.katalon.core.exception.StepFailedException: Unable to verify equal between actual object 'false' and expected object 'true' (Root cause: com.kms.katalon.core.exception.StepFailedException: Actual object 'false' and expected object 'true' are not equal&#xD;
	at com.kms.katalon.core.keyword.builtin.VerifyEqualKeyword$_verifyEqual_closure1.doCall(VerifyEqualKeyword.groovy:58)&#xD;
	at com.kms.katalon.core.keyword.builtin.VerifyEqualKeyword$_verifyEqual_closure1.call(VerifyEqualKeyword.groovy)&#xD;
	at com.kms.katalon.core.keyword.internal.KeywordMain.runKeyword(KeywordMain.groovy:68)&#xD;
	at com.kms.katalon.core.keyword.builtin.VerifyEqualKeyword.verifyEqual(VerifyEqualKeyword.groovy:63)&#xD;
	at com.kms.katalon.core.keyword.builtin.VerifyEqualKeyword.execute(VerifyEqualKeyword.groovy:44)&#xD;
	at com.kms.katalon.core.keyword.internal.KeywordExecutor.executeKeywordForPlatform(KeywordExecutor.groovy:56)&#xD;
	at com.kms.katalon.core.keyword.BuiltinKeywords.verifyEqual(BuiltinKeywords.groovy:126)&#xD;
	at PRUmed Benefit Limitation.run(PRUmed Benefit Limitation:29)&#xD;
	at com.kms.katalon.core.main.ScriptEngine.run(ScriptEngine.java:194)&#xD;
	at com.kms.katalon.core.main.ScriptEngine.runScriptAsRawText(ScriptEngine.java:119)&#xD;
	at com.kms.katalon.core.main.TestCaseExecutor.runScript(TestCaseExecutor.java:337)&#xD;
	at com.kms.katalon.core.main.TestCaseExecutor.doExecute(TestCaseExecutor.java:328)&#xD;
	at com.kms.katalon.core.main.TestCaseExecutor.processExecutionPhase(TestCaseExecutor.java:307)&#xD;
	at com.kms.katalon.core.main.TestCaseExecutor.accessMainPhase(TestCaseExecutor.java:299)&#xD;
	at com.kms.katalon.core.main.TestCaseExecutor.execute(TestCaseExecutor.java:233)&#xD;
	at com.kms.katalon.core.main.TestSuiteExecutor.accessTestCaseMainPhase(TestSuiteExecutor.java:133)&#xD;
	at com.kms.katalon.core.main.TestSuiteExecutor.accessTestSuiteMainPhase(TestSuiteExecutor.java:116)&#xD;
	at com.kms.katalon.core.main.TestSuiteExecutor.execute(TestSuiteExecutor.java:83)&#xD;
	at com.kms.katalon.core.main.TestCaseMain.startTestSuite(TestCaseMain.java:157)&#xD;
	at com.kms.katalon.core.main.TestCaseMain$startTestSuite$0.call(Unknown Source)&#xD;
	at TempTestSuite1568881703577.run(TempTestSuite1568881703577.groovy:35)&#xD;
)&#xD;
	at com.kms.katalon.core.keyword.internal.KeywordMain.stepFailed(KeywordMain.groovy:39)&#xD;
	at com.kms.katalon.core.keyword.internal.KeywordMain.stepFailed(KeywordMain.groovy)&#xD;
	at com.kms.katalon.core.keyword.internal.KeywordMain.runKeyword(KeywordMain.groovy:70)&#xD;
	at com.kms.katalon.core.keyword.builtin.VerifyEqualKeyword.verifyEqual(VerifyEqualKeyword.groovy:63)&#xD;
	at com.kms.katalon.core.keyword.builtin.VerifyEqualKeyword.execute(VerifyEqualKeyword.groovy:44)&#xD;
	at com.kms.katalon.core.keyword.internal.KeywordExecutor.executeKeywordForPlatform(KeywordExecutor.groovy:56)&#xD;
	at com.kms.katalon.core.keyword.BuiltinKeywords.verifyEqual(BuiltinKeywords.groovy:126)&#xD;
	at PRUmed Benefit Limitation.run(PRUmed Benefit Limitation:29)&#xD;
	at com.kms.katalon.core.main.ScriptEngine.run(ScriptEngine.java:194)&#xD;
	at com.kms.katalon.core.main.ScriptEngine.runScriptAsRawText(ScriptEngine.java:119)&#xD;
	at com.kms.katalon.core.main.TestCaseExecutor.runScript(TestCaseExecutor.java:337)&#xD;
	at com.kms.katalon.core.main.TestCaseExecutor.doExecute(TestCaseExecutor.java:328)&#xD;
	at com.kms.katalon.core.main.TestCaseExecutor.processExecutionPhase(TestCaseExecutor.java:307)&#xD;
	at com.kms.katalon.core.main.TestCaseExecutor.accessMainPhase(TestCaseExecutor.java:299)&#xD;
	at com.kms.katalon.core.main.TestCaseExecutor.execute(TestCaseExecutor.java:233)&#xD;
	at com.kms.katalon.core.main.TestSuiteExecutor.accessTestCaseMainPhase(TestSuiteExecutor.java:133)&#xD;
	at com.kms.katalon.core.main.TestSuiteExecutor.accessTestSuiteMainPhase(TestSuiteExecutor.java:116)&#xD;
	at com.kms.katalon.core.main.TestSuiteExecutor.execute(TestSuiteExecutor.java:83)&#xD;
	at com.kms.katalon.core.main.TestCaseMain.startTestSuite(TestCaseMain.java:157)&#xD;
	at com.kms.katalon.core.main.TestCaseMain$startTestSuite$0.call(Unknown Source)&#xD;
	at TempTestSuite1568881703577.run(TempTestSuite1568881703577.groovy:35)&#xD;
Caused by: com.kms.katalon.core.exception.StepFailedException: Actual object 'false' and expected object 'true' are not equal&#xD;
	at com.kms.katalon.core.keyword.builtin.VerifyEqualKeyword$_verifyEqual_closure1.doCall(VerifyEqualKeyword.groovy:58)&#xD;
	at com.kms.katalon.core.keyword.builtin.VerifyEqualKeyword$_verifyEqual_closure1.call(VerifyEqualKeyword.groovy)&#xD;
	at com.kms.katalon.core.keyword.internal.KeywordMain.runKeyword(KeywordMain.groovy:68)&#xD;
	... 18 more&#xD;
&#xD;
&#xD;
2019-09-19 15:28:54 - [TEST_STEP][PASSED] - response = sendRequest(findTestObject("AlterationScroingNBMajor/PRUmed Benefit Limitation/Version 1.0_Check_1.391/Request Object", ["transactionType":transactionType, "clientType":clientType, "role":role, "subAlter":subAlter, "eviCode":eviCode, "riderCode":riderCode, ... ])): Send request successfully&#xD;
&#xD;
2019-09-19 15:28:54 - [MESSAGE][INFO] - HAR: C:\SURYAPURBA\PHS\PHS-BRMS\Reports\AlterationScoringNBMajor\PRUmed Benefit Limitation\20190919_152823\requests\main\32.har&#xD;
&#xD;
2019-09-19 15:28:54 - [MESSAGE][PASSED] - Send request successfully&#xD;
&#xD;
2019-09-19 15:28:54 - [TEST_STEP][PASSED] - slurper = new groovy.json.JsonSlurper(): null&#xD;
&#xD;
2019-09-19 15:28:54 - [TEST_STEP][PASSED] - parsingResponse = slurper.parseText(response.getResponseText()): null&#xD;
&#xD;
2019-09-19 15:28:54 - [TEST_STEP][PASSED] - println(parsingResponse): null&#xD;
&#xD;
2019-09-19 15:28:54 - [TEST_STEP][PASSED] - evidenceCode = evidenceCode: null&#xD;
&#xD;
2019-09-19 15:28:54 - [TEST_STEP][PASSED] - println(evidenceCode): null&#xD;
&#xD;
2019-09-19 15:28:54 - [TEST_STEP][PASSED] - println(expectedEvidenceCode): null&#xD;
&#xD;
2019-09-19 15:28:54 - [TEST_STEP][FAILED] - if (expectedEvidenceCode != "STD"): null&#xD;
&#xD;
2019-09-19 15:28:54 - [TEST_STEP][PASSED] - actual = description == expectedDescription: null&#xD;
&#xD;
2019-09-19 15:28:54 - [TEST_STEP][FAILED] - verifyEqual(actual, true, CONTINUE_ON_FAILURE): Unable to verify equal between actual object 'false' and expected object 'true' (Root cause: com.kms.katalon.core.exception.StepFailedException: Actual object 'false' and expected object 'true' are not equal&#xD;
	at com.kms.katalon.core.keyword.builtin.VerifyEqualKeyword$_verifyEqual_closure1.doCall(VerifyEqualKeyword.groovy:58)&#xD;
	at com.kms.katalon.core.keyword.builtin.VerifyEqualKeyword$_verifyEqual_closure1.call(VerifyEqualKeyword.groovy)&#xD;
	at com.kms.katalon.core.keyword.internal.KeywordMain.runKeyword(KeywordMain.groovy:68)&#xD;
	at com.kms.katalon.core.keyword.builtin.VerifyEqualKeyword.verifyEqual(VerifyEqualKeyword.groovy:63)&#xD;
	at com.kms.katalon.core.keyword.builtin.VerifyEqualKeyword.execute(VerifyEqualKeyword.groovy:44)&#xD;
	at com.kms.katalon.core.keyword.internal.KeywordExecutor.executeKeywordForPlatform(KeywordExecutor.groovy:56)&#xD;
	at com.kms.katalon.core.keyword.BuiltinKeywords.verifyEqual(BuiltinKeywords.groovy:126)&#xD;
	at PRUmed Benefit Limitation.run(PRUmed Benefit Limitation:29)&#xD;
	at com.kms.katalon.core.main.ScriptEngine.run(ScriptEngine.java:194)&#xD;
	at com.kms.katalon.core.main.ScriptEngine.runScriptAsRawText(ScriptEngine.java:119)&#xD;
	at com.kms.katalon.core.main.TestCaseExecutor.runScript(TestCaseExecutor.java:337)&#xD;
	at com.kms.katalon.core.main.TestCaseExecutor.doExecute(TestCaseExecutor.java:328)&#xD;
	at com.kms.katalon.core.main.TestCaseExecutor.processExecutionPhase(TestCaseExecutor.java:307)&#xD;
	at com.kms.katalon.core.main.TestCaseExecutor.accessMainPhase(TestCaseExecutor.java:299)&#xD;
	at com.kms.katalon.core.main.TestCaseExecutor.execute(TestCaseExecutor.java:233)&#xD;
	at com.kms.katalon.core.main.TestSuiteExecutor.accessTestCaseMainPhase(TestSuiteExecutor.java:133)&#xD;
	at com.kms.katalon.core.main.TestSuiteExecutor.accessTestSuiteMainPhase(TestSuiteExecutor.java:116)&#xD;
	at com.kms.katalon.core.main.TestSuiteExecutor.execute(TestSuiteExecutor.java:83)&#xD;
	at com.kms.katalon.core.main.TestCaseMain.startTestSuite(TestCaseMain.java:157)&#xD;
	at com.kms.katalon.core.main.TestCaseMain$startTestSuite$0.call(Unknown Source)&#xD;
	at TempTestSuite1568881703577.run(TempTestSuite1568881703577.groovy:35)&#xD;
)&#xD;
&#xD;
2019-09-19 15:28:54 - [MESSAGE][FAILED] - Unable to verify equal between actual object 'false' and expected object 'true' (Root cause: com.kms.katalon.core.exception.StepFailedException: Actual object 'false' and expected object 'true' are not equal&#xD;
	at com.kms.katalon.core.keyword.builtin.VerifyEqualKeyword$_verifyEqual_closure1.doCall(VerifyEqualKeyword.groovy:58)&#xD;
	at com.kms.katalon.core.keyword.builtin.VerifyEqualKeyword$_verifyEqual_closure1.call(VerifyEqualKeyword.groovy)&#xD;
	at com.kms.katalon.core.keyword.internal.KeywordMain.runKeyword(KeywordMain.groovy:68)&#xD;
	at com.kms.katalon.core.keyword.builtin.VerifyEqualKeyword.verifyEqual(VerifyEqualKeyword.groovy:63)&#xD;
	at com.kms.katalon.core.keyword.builtin.VerifyEqualKeyword.execute(VerifyEqualKeyword.groovy:44)&#xD;
	at com.kms.katalon.core.keyword.internal.KeywordExecutor.executeKeywordForPlatform(KeywordExecutor.groovy:56)&#xD;
	at com.kms.katalon.core.keyword.BuiltinKeywords.verifyEqual(BuiltinKeywords.groovy:126)&#xD;
	at PRUmed Benefit Limitation.run(PRUmed Benefit Limitation:29)&#xD;
	at com.kms.katalon.core.main.ScriptEngine.run(ScriptEngine.java:194)&#xD;
	at com.kms.katalon.core.main.ScriptEngine.runScriptAsRawText(ScriptEngine.java:119)&#xD;
	at com.kms.katalon.core.main.TestCaseExecutor.runScript(TestCaseExecutor.java:337)&#xD;
	at com.kms.katalon.core.main.TestCaseExecutor.doExecute(TestCaseExecutor.java:328)&#xD;
	at com.kms.katalon.core.main.TestCaseExecutor.processExecutionPhase(TestCaseExecutor.java:307)&#xD;
	at com.kms.katalon.core.main.TestCaseExecutor.accessMainPhase(TestCaseExecutor.java:299)&#xD;
	at com.kms.katalon.core.main.TestCaseExecutor.execute(TestCaseExecutor.java:233)&#xD;
	at com.kms.katalon.core.main.TestSuiteExecutor.accessTestCaseMainPhase(TestSuiteExecutor.java:133)&#xD;
	at com.kms.katalon.core.main.TestSuiteExecutor.accessTestSuiteMainPhase(TestSuiteExecutor.java:116)&#xD;
	at com.kms.katalon.core.main.TestSuiteExecutor.execute(TestSuiteExecutor.java:83)&#xD;
	at com.kms.katalon.core.main.TestCaseMain.startTestSuite(TestCaseMain.java:157)&#xD;
	at com.kms.katalon.core.main.TestCaseMain$startTestSuite$0.call(Unknown Source)&#xD;
	at TempTestSuite1568881703577.run(TempTestSuite1568881703577.groovy:35)&#xD;
)&#xD;
&#xD;
2019-09-19 15:28:54 - [TEST_STEP][PASSED] - if (actual == false): null&#xD;
&#xD;
2019-09-19 15:28:54 - [TEST_STEP][PASSED] - println("Evidence code tidak sesuai dengan expected evidence code"): null&#xD;
&#xD;
2019-09-19 15:28:54 - [TEST_STEP][PASSED] - verifyResponseStatusCode(response, 200): Verify response status code successfully&#xD;
&#xD;
2019-09-19 15:28:54 - [MESSAGE][PASSED] - Verify response status code successfully</system-out>
            <system-err>2019-09-19 15:28:54 - [TEST_CASE][FAILED] - Test Cases/AlterationScoringNBMajor/PRUmed Benefit Limitation/PRUmed Benefit Limitation: Test Cases/AlterationScoringNBMajor/PRUmed Benefit Limitation/PRUmed Benefit Limitation FAILED.
Reason:
com.kms.katalon.core.exception.StepFailedException: Unable to verify equal between actual object 'false' and expected object 'true' (Root cause: com.kms.katalon.core.exception.StepFailedException: Actual object 'false' and expected object 'true' are not equal&#xD;
	at com.kms.katalon.core.keyword.builtin.VerifyEqualKeyword$_verifyEqual_closure1.doCall(VerifyEqualKeyword.groovy:58)&#xD;
	at com.kms.katalon.core.keyword.builtin.VerifyEqualKeyword$_verifyEqual_closure1.call(VerifyEqualKeyword.groovy)&#xD;
	at com.kms.katalon.core.keyword.internal.KeywordMain.runKeyword(KeywordMain.groovy:68)&#xD;
	at com.kms.katalon.core.keyword.builtin.VerifyEqualKeyword.verifyEqual(VerifyEqualKeyword.groovy:63)&#xD;
	at com.kms.katalon.core.keyword.builtin.VerifyEqualKeyword.execute(VerifyEqualKeyword.groovy:44)&#xD;
	at com.kms.katalon.core.keyword.internal.KeywordExecutor.executeKeywordForPlatform(KeywordExecutor.groovy:56)&#xD;
	at com.kms.katalon.core.keyword.BuiltinKeywords.verifyEqual(BuiltinKeywords.groovy:126)&#xD;
	at PRUmed Benefit Limitation.run(PRUmed Benefit Limitation:29)&#xD;
	at com.kms.katalon.core.main.ScriptEngine.run(ScriptEngine.java:194)&#xD;
	at com.kms.katalon.core.main.ScriptEngine.runScriptAsRawText(ScriptEngine.java:119)&#xD;
	at com.kms.katalon.core.main.TestCaseExecutor.runScript(TestCaseExecutor.java:337)&#xD;
	at com.kms.katalon.core.main.TestCaseExecutor.doExecute(TestCaseExecutor.java:328)&#xD;
	at com.kms.katalon.core.main.TestCaseExecutor.processExecutionPhase(TestCaseExecutor.java:307)&#xD;
	at com.kms.katalon.core.main.TestCaseExecutor.accessMainPhase(TestCaseExecutor.java:299)&#xD;
	at com.kms.katalon.core.main.TestCaseExecutor.execute(TestCaseExecutor.java:233)&#xD;
	at com.kms.katalon.core.main.TestSuiteExecutor.accessTestCaseMainPhase(TestSuiteExecutor.java:133)&#xD;
	at com.kms.katalon.core.main.TestSuiteExecutor.accessTestSuiteMainPhase(TestSuiteExecutor.java:116)&#xD;
	at com.kms.katalon.core.main.TestSuiteExecutor.execute(TestSuiteExecutor.java:83)&#xD;
	at com.kms.katalon.core.main.TestCaseMain.startTestSuite(TestCaseMain.java:157)&#xD;
	at com.kms.katalon.core.main.TestCaseMain$startTestSuite$0.call(Unknown Source)&#xD;
	at TempTestSuite1568881703577.run(TempTestSuite1568881703577.groovy:35)&#xD;
)&#xD;
	at com.kms.katalon.core.keyword.internal.KeywordMain.stepFailed(KeywordMain.groovy:39)&#xD;
	at com.kms.katalon.core.keyword.internal.KeywordMain.stepFailed(KeywordMain.groovy)&#xD;
	at com.kms.katalon.core.keyword.internal.KeywordMain.runKeyword(KeywordMain.groovy:70)&#xD;
	at com.kms.katalon.core.keyword.builtin.VerifyEqualKeyword.verifyEqual(VerifyEqualKeyword.groovy:63)&#xD;
	at com.kms.katalon.core.keyword.builtin.VerifyEqualKeyword.execute(VerifyEqualKeyword.groovy:44)&#xD;
	at com.kms.katalon.core.keyword.internal.KeywordExecutor.executeKeywordForPlatform(KeywordExecutor.groovy:56)&#xD;
	at com.kms.katalon.core.keyword.BuiltinKeywords.verifyEqual(BuiltinKeywords.groovy:126)&#xD;
	at PRUmed Benefit Limitation.run(PRUmed Benefit Limitation:29)&#xD;
	at com.kms.katalon.core.main.ScriptEngine.run(ScriptEngine.java:194)&#xD;
	at com.kms.katalon.core.main.ScriptEngine.runScriptAsRawText(ScriptEngine.java:119)&#xD;
	at com.kms.katalon.core.main.TestCaseExecutor.runScript(TestCaseExecutor.java:337)&#xD;
	at com.kms.katalon.core.main.TestCaseExecutor.doExecute(TestCaseExecutor.java:328)&#xD;
	at com.kms.katalon.core.main.TestCaseExecutor.processExecutionPhase(TestCaseExecutor.java:307)&#xD;
	at com.kms.katalon.core.main.TestCaseExecutor.accessMainPhase(TestCaseExecutor.java:299)&#xD;
	at com.kms.katalon.core.main.TestCaseExecutor.execute(TestCaseExecutor.java:233)&#xD;
	at com.kms.katalon.core.main.TestSuiteExecutor.accessTestCaseMainPhase(TestSuiteExecutor.java:133)&#xD;
	at com.kms.katalon.core.main.TestSuiteExecutor.accessTestSuiteMainPhase(TestSuiteExecutor.java:116)&#xD;
	at com.kms.katalon.core.main.TestSuiteExecutor.execute(TestSuiteExecutor.java:83)&#xD;
	at com.kms.katalon.core.main.TestCaseMain.startTestSuite(TestCaseMain.java:157)&#xD;
	at com.kms.katalon.core.main.TestCaseMain$startTestSuite$0.call(Unknown Source)&#xD;
	at TempTestSuite1568881703577.run(TempTestSuite1568881703577.groovy:35)&#xD;
Caused by: com.kms.katalon.core.exception.StepFailedException: Actual object 'false' and expected object 'true' are not equal&#xD;
	at com.kms.katalon.core.keyword.builtin.VerifyEqualKeyword$_verifyEqual_closure1.doCall(VerifyEqualKeyword.groovy:58)&#xD;
	at com.kms.katalon.core.keyword.builtin.VerifyEqualKeyword$_verifyEqual_closure1.call(VerifyEqualKeyword.groovy)&#xD;
	at com.kms.katalon.core.keyword.internal.KeywordMain.runKeyword(KeywordMain.groovy:68)&#xD;
	... 18 more</system-err>
        </testcase>
        <testcase name="Test Cases/AlterationScoringNBMajor/PRUmed Benefit Limitation/PRUmed Benefit Limitation" classname="Test Cases/AlterationScoringNBMajor/PRUmed Benefit Limitation/PRUmed Benefit Limitation" status="FAILED">
            <failure type="FAILED" message="Test Cases/AlterationScoringNBMajor/PRUmed Benefit Limitation/PRUmed Benefit Limitation FAILED.&#xA;Reason:&#xA;com.kms.katalon.core.exception.StepFailedException: Unable to verify equal between actual object 'false' and expected object 'true' (Root cause: com.kms.katalon.core.exception.StepFailedException: Actual object 'false' and expected object 'true' are not equal&#xD;&#xA;&#x9;at com.kms.katalon.core.keyword.builtin.VerifyEqualKeyword$_verifyEqual_closure1.doCall(VerifyEqualKeyword.groovy:58)&#xD;&#xA;&#x9;at com.kms.katalon.core.keyword.builtin.VerifyEqualKeyword$_verifyEqual_closure1.call(VerifyEqualKeyword.groovy)&#xD;&#xA;&#x9;at com.kms.katalon.core.keyword.internal.KeywordMain.runKeyword(KeywordMain.groovy:68)&#xD;&#xA;&#x9;at com.kms.katalon.core.keyword.builtin.VerifyEqualKeyword.verifyEqual(VerifyEqualKeyword.groovy:63)&#xD;&#xA;&#x9;at com.kms.katalon.core.keyword.builtin.VerifyEqualKeyword.execute(VerifyEqualKeyword.groovy:44)&#xD;&#xA;&#x9;at com.kms.katalon.core.keyword.internal.KeywordExecutor.executeKeywordForPlatform(KeywordExecutor.groovy:56)&#xD;&#xA;&#x9;at com.kms.katalon.core.keyword.BuiltinKeywords.verifyEqual(BuiltinKeywords.groovy:126)&#xD;&#xA;&#x9;at PRUmed Benefit Limitation.run(PRUmed Benefit Limitation:29)&#xD;&#xA;&#x9;at com.kms.katalon.core.main.ScriptEngine.run(ScriptEngine.java:194)&#xD;&#xA;&#x9;at com.kms.katalon.core.main.ScriptEngine.runScriptAsRawText(ScriptEngine.java:119)&#xD;&#xA;&#x9;at com.kms.katalon.core.main.TestCaseExecutor.runScript(TestCaseExecutor.java:337)&#xD;&#xA;&#x9;at com.kms.katalon.core.main.TestCaseExecutor.doExecute(TestCaseExecutor.java:328)&#xD;&#xA;&#x9;at com.kms.katalon.core.main.TestCaseExecutor.processExecutionPhase(TestCaseExecutor.java:307)&#xD;&#xA;&#x9;at com.kms.katalon.core.main.TestCaseExecutor.accessMainPhase(TestCaseExecutor.java:299)&#xD;&#xA;&#x9;at com.kms.katalon.core.main.TestCaseExecutor.execute(TestCaseExecutor.java:233)&#xD;&#xA;&#x9;at com.kms.katalon.core.main.TestSuiteExecutor.accessTestCaseMainPhase(TestSuiteExecutor.java:133)&#xD;&#xA;&#x9;at com.kms.katalon.core.main.TestSuiteExecutor.accessTestSuiteMainPhase(TestSuiteExecutor.java:116)&#xD;&#xA;&#x9;at com.kms.katalon.core.main.TestSuiteExecutor.execute(TestSuiteExecutor.java:83)&#xD;&#xA;&#x9;at com.kms.katalon.core.main.TestCaseMain.startTestSuite(TestCaseMain.java:157)&#xD;&#xA;&#x9;at com.kms.katalon.core.main.TestCaseMain$startTestSuite$0.call(Unknown Source)&#xD;&#xA;&#x9;at TempTestSuite1568881703577.run(TempTestSuite1568881703577.groovy:35)&#xD;&#xA;)&#xD;&#xA;&#x9;at com.kms.katalon.core.keyword.internal.KeywordMain.stepFailed(KeywordMain.groovy:39)&#xD;&#xA;&#x9;at com.kms.katalon.core.keyword.internal.KeywordMain.stepFailed(KeywordMain.groovy)&#xD;&#xA;&#x9;at com.kms.katalon.core.keyword.internal.KeywordMain.runKeyword(KeywordMain.groovy:70)&#xD;&#xA;&#x9;at com.kms.katalon.core.keyword.builtin.VerifyEqualKeyword.verifyEqual(VerifyEqualKeyword.groovy:63)&#xD;&#xA;&#x9;at com.kms.katalon.core.keyword.builtin.VerifyEqualKeyword.execute(VerifyEqualKeyword.groovy:44)&#xD;&#xA;&#x9;at com.kms.katalon.core.keyword.internal.KeywordExecutor.executeKeywordForPlatform(KeywordExecutor.groovy:56)&#xD;&#xA;&#x9;at com.kms.katalon.core.keyword.BuiltinKeywords.verifyEqual(BuiltinKeywords.groovy:126)&#xD;&#xA;&#x9;at PRUmed Benefit Limitation.run(PRUmed Benefit Limitation:29)&#xD;&#xA;&#x9;at com.kms.katalon.core.main.ScriptEngine.run(ScriptEngine.java:194)&#xD;&#xA;&#x9;at com.kms.katalon.core.main.ScriptEngine.runScriptAsRawText(ScriptEngine.java:119)&#xD;&#xA;&#x9;at com.kms.katalon.core.main.TestCaseExecutor.runScript(TestCaseExecutor.java:337)&#xD;&#xA;&#x9;at com.kms.katalon.core.main.TestCaseExecutor.doExecute(TestCaseExecutor.java:328)&#xD;&#xA;&#x9;at com.kms.katalon.core.main.TestCaseExecutor.processExecutionPhase(TestCaseExecutor.java:307)&#xD;&#xA;&#x9;at com.kms.katalon.core.main.TestCaseExecutor.accessMainPhase(TestCaseExecutor.java:299)&#xD;&#xA;&#x9;at com.kms.katalon.core.main.TestCaseExecutor.execute(TestCaseExecutor.java:233)&#xD;&#xA;&#x9;at com.kms.katalon.core.main.TestSuiteExecutor.accessTestCaseMainPhase(TestSuiteExecutor.java:133)&#xD;&#xA;&#x9;at com.kms.katalon.core.main.TestSuiteExecutor.accessTestSuiteMainPhase(TestSuiteExecutor.java:116)&#xD;&#xA;&#x9;at com.kms.katalon.core.main.TestSuiteExecutor.execute(TestSuiteExecutor.java:83)&#xD;&#xA;&#x9;at com.kms.katalon.core.main.TestCaseMain.startTestSuite(TestCaseMain.java:157)&#xD;&#xA;&#x9;at com.kms.katalon.core.main.TestCaseMain$startTestSuite$0.call(Unknown Source)&#xD;&#xA;&#x9;at TempTestSuite1568881703577.run(TempTestSuite1568881703577.groovy:35)&#xD;&#xA;Caused by: com.kms.katalon.core.exception.StepFailedException: Actual object 'false' and expected object 'true' are not equal&#xD;&#xA;&#x9;at com.kms.katalon.core.keyword.builtin.VerifyEqualKeyword$_verifyEqual_closure1.doCall(VerifyEqualKeyword.groovy:58)&#xD;&#xA;&#x9;at com.kms.katalon.core.keyword.builtin.VerifyEqualKeyword$_verifyEqual_closure1.call(VerifyEqualKeyword.groovy)&#xD;&#xA;&#x9;at com.kms.katalon.core.keyword.internal.KeywordMain.runKeyword(KeywordMain.groovy:68)&#xD;&#xA;&#x9;... 18 more&#xD;&#xA;"/>
            <system-out>2019-09-19 15:28:55 - [TEST_CASE][FAILED] - Test Cases/AlterationScoringNBMajor/PRUmed Benefit Limitation/PRUmed Benefit Limitation: Test Cases/AlterationScoringNBMajor/PRUmed Benefit Limitation/PRUmed Benefit Limitation FAILED.
Reason:
com.kms.katalon.core.exception.StepFailedException: Unable to verify equal between actual object 'false' and expected object 'true' (Root cause: com.kms.katalon.core.exception.StepFailedException: Actual object 'false' and expected object 'true' are not equal&#xD;
	at com.kms.katalon.core.keyword.builtin.VerifyEqualKeyword$_verifyEqual_closure1.doCall(VerifyEqualKeyword.groovy:58)&#xD;
	at com.kms.katalon.core.keyword.builtin.VerifyEqualKeyword$_verifyEqual_closure1.call(VerifyEqualKeyword.groovy)&#xD;
	at com.kms.katalon.core.keyword.internal.KeywordMain.runKeyword(KeywordMain.groovy:68)&#xD;
	at com.kms.katalon.core.keyword.builtin.VerifyEqualKeyword.verifyEqual(VerifyEqualKeyword.groovy:63)&#xD;
	at com.kms.katalon.core.keyword.builtin.VerifyEqualKeyword.execute(VerifyEqualKeyword.groovy:44)&#xD;
	at com.kms.katalon.core.keyword.internal.KeywordExecutor.executeKeywordForPlatform(KeywordExecutor.groovy:56)&#xD;
	at com.kms.katalon.core.keyword.BuiltinKeywords.verifyEqual(BuiltinKeywords.groovy:126)&#xD;
	at PRUmed Benefit Limitation.run(PRUmed Benefit Limitation:29)&#xD;
	at com.kms.katalon.core.main.ScriptEngine.run(ScriptEngine.java:194)&#xD;
	at com.kms.katalon.core.main.ScriptEngine.runScriptAsRawText(ScriptEngine.java:119)&#xD;
	at com.kms.katalon.core.main.TestCaseExecutor.runScript(TestCaseExecutor.java:337)&#xD;
	at com.kms.katalon.core.main.TestCaseExecutor.doExecute(TestCaseExecutor.java:328)&#xD;
	at com.kms.katalon.core.main.TestCaseExecutor.processExecutionPhase(TestCaseExecutor.java:307)&#xD;
	at com.kms.katalon.core.main.TestCaseExecutor.accessMainPhase(TestCaseExecutor.java:299)&#xD;
	at com.kms.katalon.core.main.TestCaseExecutor.execute(TestCaseExecutor.java:233)&#xD;
	at com.kms.katalon.core.main.TestSuiteExecutor.accessTestCaseMainPhase(TestSuiteExecutor.java:133)&#xD;
	at com.kms.katalon.core.main.TestSuiteExecutor.accessTestSuiteMainPhase(TestSuiteExecutor.java:116)&#xD;
	at com.kms.katalon.core.main.TestSuiteExecutor.execute(TestSuiteExecutor.java:83)&#xD;
	at com.kms.katalon.core.main.TestCaseMain.startTestSuite(TestCaseMain.java:157)&#xD;
	at com.kms.katalon.core.main.TestCaseMain$startTestSuite$0.call(Unknown Source)&#xD;
	at TempTestSuite1568881703577.run(TempTestSuite1568881703577.groovy:35)&#xD;
)&#xD;
	at com.kms.katalon.core.keyword.internal.KeywordMain.stepFailed(KeywordMain.groovy:39)&#xD;
	at com.kms.katalon.core.keyword.internal.KeywordMain.stepFailed(KeywordMain.groovy)&#xD;
	at com.kms.katalon.core.keyword.internal.KeywordMain.runKeyword(KeywordMain.groovy:70)&#xD;
	at com.kms.katalon.core.keyword.builtin.VerifyEqualKeyword.verifyEqual(VerifyEqualKeyword.groovy:63)&#xD;
	at com.kms.katalon.core.keyword.builtin.VerifyEqualKeyword.execute(VerifyEqualKeyword.groovy:44)&#xD;
	at com.kms.katalon.core.keyword.internal.KeywordExecutor.executeKeywordForPlatform(KeywordExecutor.groovy:56)&#xD;
	at com.kms.katalon.core.keyword.BuiltinKeywords.verifyEqual(BuiltinKeywords.groovy:126)&#xD;
	at PRUmed Benefit Limitation.run(PRUmed Benefit Limitation:29)&#xD;
	at com.kms.katalon.core.main.ScriptEngine.run(ScriptEngine.java:194)&#xD;
	at com.kms.katalon.core.main.ScriptEngine.runScriptAsRawText(ScriptEngine.java:119)&#xD;
	at com.kms.katalon.core.main.TestCaseExecutor.runScript(TestCaseExecutor.java:337)&#xD;
	at com.kms.katalon.core.main.TestCaseExecutor.doExecute(TestCaseExecutor.java:328)&#xD;
	at com.kms.katalon.core.main.TestCaseExecutor.processExecutionPhase(TestCaseExecutor.java:307)&#xD;
	at com.kms.katalon.core.main.TestCaseExecutor.accessMainPhase(TestCaseExecutor.java:299)&#xD;
	at com.kms.katalon.core.main.TestCaseExecutor.execute(TestCaseExecutor.java:233)&#xD;
	at com.kms.katalon.core.main.TestSuiteExecutor.accessTestCaseMainPhase(TestSuiteExecutor.java:133)&#xD;
	at com.kms.katalon.core.main.TestSuiteExecutor.accessTestSuiteMainPhase(TestSuiteExecutor.java:116)&#xD;
	at com.kms.katalon.core.main.TestSuiteExecutor.execute(TestSuiteExecutor.java:83)&#xD;
	at com.kms.katalon.core.main.TestCaseMain.startTestSuite(TestCaseMain.java:157)&#xD;
	at com.kms.katalon.core.main.TestCaseMain$startTestSuite$0.call(Unknown Source)&#xD;
	at TempTestSuite1568881703577.run(TempTestSuite1568881703577.groovy:35)&#xD;
Caused by: com.kms.katalon.core.exception.StepFailedException: Actual object 'false' and expected object 'true' are not equal&#xD;
	at com.kms.katalon.core.keyword.builtin.VerifyEqualKeyword$_verifyEqual_closure1.doCall(VerifyEqualKeyword.groovy:58)&#xD;
	at com.kms.katalon.core.keyword.builtin.VerifyEqualKeyword$_verifyEqual_closure1.call(VerifyEqualKeyword.groovy)&#xD;
	at com.kms.katalon.core.keyword.internal.KeywordMain.runKeyword(KeywordMain.groovy:68)&#xD;
	... 18 more&#xD;
&#xD;
&#xD;
2019-09-19 15:28:55 - [TEST_STEP][PASSED] - response = sendRequest(findTestObject("AlterationScroingNBMajor/PRUmed Benefit Limitation/Version 1.0_Check_1.391/Request Object", ["transactionType":transactionType, "clientType":clientType, "role":role, "subAlter":subAlter, "eviCode":eviCode, "riderCode":riderCode, ... ])): Send request successfully&#xD;
&#xD;
2019-09-19 15:28:55 - [MESSAGE][INFO] - HAR: C:\SURYAPURBA\PHS\PHS-BRMS\Reports\AlterationScoringNBMajor\PRUmed Benefit Limitation\20190919_152823\requests\main\33.har&#xD;
&#xD;
2019-09-19 15:28:55 - [MESSAGE][PASSED] - Send request successfully&#xD;
&#xD;
2019-09-19 15:28:55 - [TEST_STEP][PASSED] - slurper = new groovy.json.JsonSlurper(): null&#xD;
&#xD;
2019-09-19 15:28:55 - [TEST_STEP][PASSED] - parsingResponse = slurper.parseText(response.getResponseText()): null&#xD;
&#xD;
2019-09-19 15:28:55 - [TEST_STEP][PASSED] - println(parsingResponse): null&#xD;
&#xD;
2019-09-19 15:28:56 - [TEST_STEP][PASSED] - evidenceCode = evidenceCode: null&#xD;
&#xD;
2019-09-19 15:28:56 - [TEST_STEP][PASSED] - println(evidenceCode): null&#xD;
&#xD;
2019-09-19 15:28:56 - [TEST_STEP][PASSED] - println(expectedEvidenceCode): null&#xD;
&#xD;
2019-09-19 15:28:56 - [TEST_STEP][FAILED] - if (expectedEvidenceCode != "STD"): null&#xD;
&#xD;
2019-09-19 15:28:56 - [TEST_STEP][PASSED] - actual = description == expectedDescription: null&#xD;
&#xD;
2019-09-19 15:28:56 - [TEST_STEP][FAILED] - verifyEqual(actual, true, CONTINUE_ON_FAILURE): Unable to verify equal between actual object 'false' and expected object 'true' (Root cause: com.kms.katalon.core.exception.StepFailedException: Actual object 'false' and expected object 'true' are not equal&#xD;
	at com.kms.katalon.core.keyword.builtin.VerifyEqualKeyword$_verifyEqual_closure1.doCall(VerifyEqualKeyword.groovy:58)&#xD;
	at com.kms.katalon.core.keyword.builtin.VerifyEqualKeyword$_verifyEqual_closure1.call(VerifyEqualKeyword.groovy)&#xD;
	at com.kms.katalon.core.keyword.internal.KeywordMain.runKeyword(KeywordMain.groovy:68)&#xD;
	at com.kms.katalon.core.keyword.builtin.VerifyEqualKeyword.verifyEqual(VerifyEqualKeyword.groovy:63)&#xD;
	at com.kms.katalon.core.keyword.builtin.VerifyEqualKeyword.execute(VerifyEqualKeyword.groovy:44)&#xD;
	at com.kms.katalon.core.keyword.internal.KeywordExecutor.executeKeywordForPlatform(KeywordExecutor.groovy:56)&#xD;
	at com.kms.katalon.core.keyword.BuiltinKeywords.verifyEqual(BuiltinKeywords.groovy:126)&#xD;
	at PRUmed Benefit Limitation.run(PRUmed Benefit Limitation:29)&#xD;
	at com.kms.katalon.core.main.ScriptEngine.run(ScriptEngine.java:194)&#xD;
	at com.kms.katalon.core.main.ScriptEngine.runScriptAsRawText(ScriptEngine.java:119)&#xD;
	at com.kms.katalon.core.main.TestCaseExecutor.runScript(TestCaseExecutor.java:337)&#xD;
	at com.kms.katalon.core.main.TestCaseExecutor.doExecute(TestCaseExecutor.java:328)&#xD;
	at com.kms.katalon.core.main.TestCaseExecutor.processExecutionPhase(TestCaseExecutor.java:307)&#xD;
	at com.kms.katalon.core.main.TestCaseExecutor.accessMainPhase(TestCaseExecutor.java:299)&#xD;
	at com.kms.katalon.core.main.TestCaseExecutor.execute(TestCaseExecutor.java:233)&#xD;
	at com.kms.katalon.core.main.TestSuiteExecutor.accessTestCaseMainPhase(TestSuiteExecutor.java:133)&#xD;
	at com.kms.katalon.core.main.TestSuiteExecutor.accessTestSuiteMainPhase(TestSuiteExecutor.java:116)&#xD;
	at com.kms.katalon.core.main.TestSuiteExecutor.execute(TestSuiteExecutor.java:83)&#xD;
	at com.kms.katalon.core.main.TestCaseMain.startTestSuite(TestCaseMain.java:157)&#xD;
	at com.kms.katalon.core.main.TestCaseMain$startTestSuite$0.call(Unknown Source)&#xD;
	at TempTestSuite1568881703577.run(TempTestSuite1568881703577.groovy:35)&#xD;
)&#xD;
&#xD;
2019-09-19 15:28:56 - [MESSAGE][FAILED] - Unable to verify equal between actual object 'false' and expected object 'true' (Root cause: com.kms.katalon.core.exception.StepFailedException: Actual object 'false' and expected object 'true' are not equal&#xD;
	at com.kms.katalon.core.keyword.builtin.VerifyEqualKeyword$_verifyEqual_closure1.doCall(VerifyEqualKeyword.groovy:58)&#xD;
	at com.kms.katalon.core.keyword.builtin.VerifyEqualKeyword$_verifyEqual_closure1.call(VerifyEqualKeyword.groovy)&#xD;
	at com.kms.katalon.core.keyword.internal.KeywordMain.runKeyword(KeywordMain.groovy:68)&#xD;
	at com.kms.katalon.core.keyword.builtin.VerifyEqualKeyword.verifyEqual(VerifyEqualKeyword.groovy:63)&#xD;
	at com.kms.katalon.core.keyword.builtin.VerifyEqualKeyword.execute(VerifyEqualKeyword.groovy:44)&#xD;
	at com.kms.katalon.core.keyword.internal.KeywordExecutor.executeKeywordForPlatform(KeywordExecutor.groovy:56)&#xD;
	at com.kms.katalon.core.keyword.BuiltinKeywords.verifyEqual(BuiltinKeywords.groovy:126)&#xD;
	at PRUmed Benefit Limitation.run(PRUmed Benefit Limitation:29)&#xD;
	at com.kms.katalon.core.main.ScriptEngine.run(ScriptEngine.java:194)&#xD;
	at com.kms.katalon.core.main.ScriptEngine.runScriptAsRawText(ScriptEngine.java:119)&#xD;
	at com.kms.katalon.core.main.TestCaseExecutor.runScript(TestCaseExecutor.java:337)&#xD;
	at com.kms.katalon.core.main.TestCaseExecutor.doExecute(TestCaseExecutor.java:328)&#xD;
	at com.kms.katalon.core.main.TestCaseExecutor.processExecutionPhase(TestCaseExecutor.java:307)&#xD;
	at com.kms.katalon.core.main.TestCaseExecutor.accessMainPhase(TestCaseExecutor.java:299)&#xD;
	at com.kms.katalon.core.main.TestCaseExecutor.execute(TestCaseExecutor.java:233)&#xD;
	at com.kms.katalon.core.main.TestSuiteExecutor.accessTestCaseMainPhase(TestSuiteExecutor.java:133)&#xD;
	at com.kms.katalon.core.main.TestSuiteExecutor.accessTestSuiteMainPhase(TestSuiteExecutor.java:116)&#xD;
	at com.kms.katalon.core.main.TestSuiteExecutor.execute(TestSuiteExecutor.java:83)&#xD;
	at com.kms.katalon.core.main.TestCaseMain.startTestSuite(TestCaseMain.java:157)&#xD;
	at com.kms.katalon.core.main.TestCaseMain$startTestSuite$0.call(Unknown Source)&#xD;
	at TempTestSuite1568881703577.run(TempTestSuite1568881703577.groovy:35)&#xD;
)&#xD;
&#xD;
2019-09-19 15:28:56 - [TEST_STEP][PASSED] - if (actual == false): null&#xD;
&#xD;
2019-09-19 15:28:56 - [TEST_STEP][PASSED] - println("Evidence code tidak sesuai dengan expected evidence code"): null&#xD;
&#xD;
2019-09-19 15:28:56 - [TEST_STEP][PASSED] - verifyResponseStatusCode(response, 200): Verify response status code successfully&#xD;
&#xD;
2019-09-19 15:28:56 - [MESSAGE][PASSED] - Verify response status code successfully</system-out>
            <system-err>2019-09-19 15:28:55 - [TEST_CASE][FAILED] - Test Cases/AlterationScoringNBMajor/PRUmed Benefit Limitation/PRUmed Benefit Limitation: Test Cases/AlterationScoringNBMajor/PRUmed Benefit Limitation/PRUmed Benefit Limitation FAILED.
Reason:
com.kms.katalon.core.exception.StepFailedException: Unable to verify equal between actual object 'false' and expected object 'true' (Root cause: com.kms.katalon.core.exception.StepFailedException: Actual object 'false' and expected object 'true' are not equal&#xD;
	at com.kms.katalon.core.keyword.builtin.VerifyEqualKeyword$_verifyEqual_closure1.doCall(VerifyEqualKeyword.groovy:58)&#xD;
	at com.kms.katalon.core.keyword.builtin.VerifyEqualKeyword$_verifyEqual_closure1.call(VerifyEqualKeyword.groovy)&#xD;
	at com.kms.katalon.core.keyword.internal.KeywordMain.runKeyword(KeywordMain.groovy:68)&#xD;
	at com.kms.katalon.core.keyword.builtin.VerifyEqualKeyword.verifyEqual(VerifyEqualKeyword.groovy:63)&#xD;
	at com.kms.katalon.core.keyword.builtin.VerifyEqualKeyword.execute(VerifyEqualKeyword.groovy:44)&#xD;
	at com.kms.katalon.core.keyword.internal.KeywordExecutor.executeKeywordForPlatform(KeywordExecutor.groovy:56)&#xD;
	at com.kms.katalon.core.keyword.BuiltinKeywords.verifyEqual(BuiltinKeywords.groovy:126)&#xD;
	at PRUmed Benefit Limitation.run(PRUmed Benefit Limitation:29)&#xD;
	at com.kms.katalon.core.main.ScriptEngine.run(ScriptEngine.java:194)&#xD;
	at com.kms.katalon.core.main.ScriptEngine.runScriptAsRawText(ScriptEngine.java:119)&#xD;
	at com.kms.katalon.core.main.TestCaseExecutor.runScript(TestCaseExecutor.java:337)&#xD;
	at com.kms.katalon.core.main.TestCaseExecutor.doExecute(TestCaseExecutor.java:328)&#xD;
	at com.kms.katalon.core.main.TestCaseExecutor.processExecutionPhase(TestCaseExecutor.java:307)&#xD;
	at com.kms.katalon.core.main.TestCaseExecutor.accessMainPhase(TestCaseExecutor.java:299)&#xD;
	at com.kms.katalon.core.main.TestCaseExecutor.execute(TestCaseExecutor.java:233)&#xD;
	at com.kms.katalon.core.main.TestSuiteExecutor.accessTestCaseMainPhase(TestSuiteExecutor.java:133)&#xD;
	at com.kms.katalon.core.main.TestSuiteExecutor.accessTestSuiteMainPhase(TestSuiteExecutor.java:116)&#xD;
	at com.kms.katalon.core.main.TestSuiteExecutor.execute(TestSuiteExecutor.java:83)&#xD;
	at com.kms.katalon.core.main.TestCaseMain.startTestSuite(TestCaseMain.java:157)&#xD;
	at com.kms.katalon.core.main.TestCaseMain$startTestSuite$0.call(Unknown Source)&#xD;
	at TempTestSuite1568881703577.run(TempTestSuite1568881703577.groovy:35)&#xD;
)&#xD;
	at com.kms.katalon.core.keyword.internal.KeywordMain.stepFailed(KeywordMain.groovy:39)&#xD;
	at com.kms.katalon.core.keyword.internal.KeywordMain.stepFailed(KeywordMain.groovy)&#xD;
	at com.kms.katalon.core.keyword.internal.KeywordMain.runKeyword(KeywordMain.groovy:70)&#xD;
	at com.kms.katalon.core.keyword.builtin.VerifyEqualKeyword.verifyEqual(VerifyEqualKeyword.groovy:63)&#xD;
	at com.kms.katalon.core.keyword.builtin.VerifyEqualKeyword.execute(VerifyEqualKeyword.groovy:44)&#xD;
	at com.kms.katalon.core.keyword.internal.KeywordExecutor.executeKeywordForPlatform(KeywordExecutor.groovy:56)&#xD;
	at com.kms.katalon.core.keyword.BuiltinKeywords.verifyEqual(BuiltinKeywords.groovy:126)&#xD;
	at PRUmed Benefit Limitation.run(PRUmed Benefit Limitation:29)&#xD;
	at com.kms.katalon.core.main.ScriptEngine.run(ScriptEngine.java:194)&#xD;
	at com.kms.katalon.core.main.ScriptEngine.runScriptAsRawText(ScriptEngine.java:119)&#xD;
	at com.kms.katalon.core.main.TestCaseExecutor.runScript(TestCaseExecutor.java:337)&#xD;
	at com.kms.katalon.core.main.TestCaseExecutor.doExecute(TestCaseExecutor.java:328)&#xD;
	at com.kms.katalon.core.main.TestCaseExecutor.processExecutionPhase(TestCaseExecutor.java:307)&#xD;
	at com.kms.katalon.core.main.TestCaseExecutor.accessMainPhase(TestCaseExecutor.java:299)&#xD;
	at com.kms.katalon.core.main.TestCaseExecutor.execute(TestCaseExecutor.java:233)&#xD;
	at com.kms.katalon.core.main.TestSuiteExecutor.accessTestCaseMainPhase(TestSuiteExecutor.java:133)&#xD;
	at com.kms.katalon.core.main.TestSuiteExecutor.accessTestSuiteMainPhase(TestSuiteExecutor.java:116)&#xD;
	at com.kms.katalon.core.main.TestSuiteExecutor.execute(TestSuiteExecutor.java:83)&#xD;
	at com.kms.katalon.core.main.TestCaseMain.startTestSuite(TestCaseMain.java:157)&#xD;
	at com.kms.katalon.core.main.TestCaseMain$startTestSuite$0.call(Unknown Source)&#xD;
	at TempTestSuite1568881703577.run(TempTestSuite1568881703577.groovy:35)&#xD;
Caused by: com.kms.katalon.core.exception.StepFailedException: Actual object 'false' and expected object 'true' are not equal&#xD;
	at com.kms.katalon.core.keyword.builtin.VerifyEqualKeyword$_verifyEqual_closure1.doCall(VerifyEqualKeyword.groovy:58)&#xD;
	at com.kms.katalon.core.keyword.builtin.VerifyEqualKeyword$_verifyEqual_closure1.call(VerifyEqualKeyword.groovy)&#xD;
	at com.kms.katalon.core.keyword.internal.KeywordMain.runKeyword(KeywordMain.groovy:68)&#xD;
	... 18 more</system-err>
        </testcase>
        <testcase name="Test Cases/AlterationScoringNBMajor/PRUmed Benefit Limitation/PRUmed Benefit Limitation" classname="Test Cases/AlterationScoringNBMajor/PRUmed Benefit Limitation/PRUmed Benefit Limitation" status="FAILED">
            <failure type="FAILED" message="Test Cases/AlterationScoringNBMajor/PRUmed Benefit Limitation/PRUmed Benefit Limitation FAILED.&#xA;Reason:&#xA;com.kms.katalon.core.exception.StepFailedException: Unable to verify equal between actual object 'false' and expected object 'true' (Root cause: com.kms.katalon.core.exception.StepFailedException: Actual object 'false' and expected object 'true' are not equal&#xD;&#xA;&#x9;at com.kms.katalon.core.keyword.builtin.VerifyEqualKeyword$_verifyEqual_closure1.doCall(VerifyEqualKeyword.groovy:58)&#xD;&#xA;&#x9;at com.kms.katalon.core.keyword.builtin.VerifyEqualKeyword$_verifyEqual_closure1.call(VerifyEqualKeyword.groovy)&#xD;&#xA;&#x9;at com.kms.katalon.core.keyword.internal.KeywordMain.runKeyword(KeywordMain.groovy:68)&#xD;&#xA;&#x9;at com.kms.katalon.core.keyword.builtin.VerifyEqualKeyword.verifyEqual(VerifyEqualKeyword.groovy:63)&#xD;&#xA;&#x9;at com.kms.katalon.core.keyword.builtin.VerifyEqualKeyword.execute(VerifyEqualKeyword.groovy:44)&#xD;&#xA;&#x9;at com.kms.katalon.core.keyword.internal.KeywordExecutor.executeKeywordForPlatform(KeywordExecutor.groovy:56)&#xD;&#xA;&#x9;at com.kms.katalon.core.keyword.BuiltinKeywords.verifyEqual(BuiltinKeywords.groovy:126)&#xD;&#xA;&#x9;at PRUmed Benefit Limitation.run(PRUmed Benefit Limitation:29)&#xD;&#xA;&#x9;at com.kms.katalon.core.main.ScriptEngine.run(ScriptEngine.java:194)&#xD;&#xA;&#x9;at com.kms.katalon.core.main.ScriptEngine.runScriptAsRawText(ScriptEngine.java:119)&#xD;&#xA;&#x9;at com.kms.katalon.core.main.TestCaseExecutor.runScript(TestCaseExecutor.java:337)&#xD;&#xA;&#x9;at com.kms.katalon.core.main.TestCaseExecutor.doExecute(TestCaseExecutor.java:328)&#xD;&#xA;&#x9;at com.kms.katalon.core.main.TestCaseExecutor.processExecutionPhase(TestCaseExecutor.java:307)&#xD;&#xA;&#x9;at com.kms.katalon.core.main.TestCaseExecutor.accessMainPhase(TestCaseExecutor.java:299)&#xD;&#xA;&#x9;at com.kms.katalon.core.main.TestCaseExecutor.execute(TestCaseExecutor.java:233)&#xD;&#xA;&#x9;at com.kms.katalon.core.main.TestSuiteExecutor.accessTestCaseMainPhase(TestSuiteExecutor.java:133)&#xD;&#xA;&#x9;at com.kms.katalon.core.main.TestSuiteExecutor.accessTestSuiteMainPhase(TestSuiteExecutor.java:116)&#xD;&#xA;&#x9;at com.kms.katalon.core.main.TestSuiteExecutor.execute(TestSuiteExecutor.java:83)&#xD;&#xA;&#x9;at com.kms.katalon.core.main.TestCaseMain.startTestSuite(TestCaseMain.java:157)&#xD;&#xA;&#x9;at com.kms.katalon.core.main.TestCaseMain$startTestSuite$0.call(Unknown Source)&#xD;&#xA;&#x9;at TempTestSuite1568881703577.run(TempTestSuite1568881703577.groovy:35)&#xD;&#xA;)&#xD;&#xA;&#x9;at com.kms.katalon.core.keyword.internal.KeywordMain.stepFailed(KeywordMain.groovy:39)&#xD;&#xA;&#x9;at com.kms.katalon.core.keyword.internal.KeywordMain.stepFailed(KeywordMain.groovy)&#xD;&#xA;&#x9;at com.kms.katalon.core.keyword.internal.KeywordMain.runKeyword(KeywordMain.groovy:70)&#xD;&#xA;&#x9;at com.kms.katalon.core.keyword.builtin.VerifyEqualKeyword.verifyEqual(VerifyEqualKeyword.groovy:63)&#xD;&#xA;&#x9;at com.kms.katalon.core.keyword.builtin.VerifyEqualKeyword.execute(VerifyEqualKeyword.groovy:44)&#xD;&#xA;&#x9;at com.kms.katalon.core.keyword.internal.KeywordExecutor.executeKeywordForPlatform(KeywordExecutor.groovy:56)&#xD;&#xA;&#x9;at com.kms.katalon.core.keyword.BuiltinKeywords.verifyEqual(BuiltinKeywords.groovy:126)&#xD;&#xA;&#x9;at PRUmed Benefit Limitation.run(PRUmed Benefit Limitation:29)&#xD;&#xA;&#x9;at com.kms.katalon.core.main.ScriptEngine.run(ScriptEngine.java:194)&#xD;&#xA;&#x9;at com.kms.katalon.core.main.ScriptEngine.runScriptAsRawText(ScriptEngine.java:119)&#xD;&#xA;&#x9;at com.kms.katalon.core.main.TestCaseExecutor.runScript(TestCaseExecutor.java:337)&#xD;&#xA;&#x9;at com.kms.katalon.core.main.TestCaseExecutor.doExecute(TestCaseExecutor.java:328)&#xD;&#xA;&#x9;at com.kms.katalon.core.main.TestCaseExecutor.processExecutionPhase(TestCaseExecutor.java:307)&#xD;&#xA;&#x9;at com.kms.katalon.core.main.TestCaseExecutor.accessMainPhase(TestCaseExecutor.java:299)&#xD;&#xA;&#x9;at com.kms.katalon.core.main.TestCaseExecutor.execute(TestCaseExecutor.java:233)&#xD;&#xA;&#x9;at com.kms.katalon.core.main.TestSuiteExecutor.accessTestCaseMainPhase(TestSuiteExecutor.java:133)&#xD;&#xA;&#x9;at com.kms.katalon.core.main.TestSuiteExecutor.accessTestSuiteMainPhase(TestSuiteExecutor.java:116)&#xD;&#xA;&#x9;at com.kms.katalon.core.main.TestSuiteExecutor.execute(TestSuiteExecutor.java:83)&#xD;&#xA;&#x9;at com.kms.katalon.core.main.TestCaseMain.startTestSuite(TestCaseMain.java:157)&#xD;&#xA;&#x9;at com.kms.katalon.core.main.TestCaseMain$startTestSuite$0.call(Unknown Source)&#xD;&#xA;&#x9;at TempTestSuite1568881703577.run(TempTestSuite1568881703577.groovy:35)&#xD;&#xA;Caused by: com.kms.katalon.core.exception.StepFailedException: Actual object 'false' and expected object 'true' are not equal&#xD;&#xA;&#x9;at com.kms.katalon.core.keyword.builtin.VerifyEqualKeyword$_verifyEqual_closure1.doCall(VerifyEqualKeyword.groovy:58)&#xD;&#xA;&#x9;at com.kms.katalon.core.keyword.builtin.VerifyEqualKeyword$_verifyEqual_closure1.call(VerifyEqualKeyword.groovy)&#xD;&#xA;&#x9;at com.kms.katalon.core.keyword.internal.KeywordMain.runKeyword(KeywordMain.groovy:68)&#xD;&#xA;&#x9;... 18 more&#xD;&#xA;"/>
            <system-out>2019-09-19 15:28:56 - [TEST_CASE][FAILED] - Test Cases/AlterationScoringNBMajor/PRUmed Benefit Limitation/PRUmed Benefit Limitation: Test Cases/AlterationScoringNBMajor/PRUmed Benefit Limitation/PRUmed Benefit Limitation FAILED.
Reason:
com.kms.katalon.core.exception.StepFailedException: Unable to verify equal between actual object 'false' and expected object 'true' (Root cause: com.kms.katalon.core.exception.StepFailedException: Actual object 'false' and expected object 'true' are not equal&#xD;
	at com.kms.katalon.core.keyword.builtin.VerifyEqualKeyword$_verifyEqual_closure1.doCall(VerifyEqualKeyword.groovy:58)&#xD;
	at com.kms.katalon.core.keyword.builtin.VerifyEqualKeyword$_verifyEqual_closure1.call(VerifyEqualKeyword.groovy)&#xD;
	at com.kms.katalon.core.keyword.internal.KeywordMain.runKeyword(KeywordMain.groovy:68)&#xD;
	at com.kms.katalon.core.keyword.builtin.VerifyEqualKeyword.verifyEqual(VerifyEqualKeyword.groovy:63)&#xD;
	at com.kms.katalon.core.keyword.builtin.VerifyEqualKeyword.execute(VerifyEqualKeyword.groovy:44)&#xD;
	at com.kms.katalon.core.keyword.internal.KeywordExecutor.executeKeywordForPlatform(KeywordExecutor.groovy:56)&#xD;
	at com.kms.katalon.core.keyword.BuiltinKeywords.verifyEqual(BuiltinKeywords.groovy:126)&#xD;
	at PRUmed Benefit Limitation.run(PRUmed Benefit Limitation:29)&#xD;
	at com.kms.katalon.core.main.ScriptEngine.run(ScriptEngine.java:194)&#xD;
	at com.kms.katalon.core.main.ScriptEngine.runScriptAsRawText(ScriptEngine.java:119)&#xD;
	at com.kms.katalon.core.main.TestCaseExecutor.runScript(TestCaseExecutor.java:337)&#xD;
	at com.kms.katalon.core.main.TestCaseExecutor.doExecute(TestCaseExecutor.java:328)&#xD;
	at com.kms.katalon.core.main.TestCaseExecutor.processExecutionPhase(TestCaseExecutor.java:307)&#xD;
	at com.kms.katalon.core.main.TestCaseExecutor.accessMainPhase(TestCaseExecutor.java:299)&#xD;
	at com.kms.katalon.core.main.TestCaseExecutor.execute(TestCaseExecutor.java:233)&#xD;
	at com.kms.katalon.core.main.TestSuiteExecutor.accessTestCaseMainPhase(TestSuiteExecutor.java:133)&#xD;
	at com.kms.katalon.core.main.TestSuiteExecutor.accessTestSuiteMainPhase(TestSuiteExecutor.java:116)&#xD;
	at com.kms.katalon.core.main.TestSuiteExecutor.execute(TestSuiteExecutor.java:83)&#xD;
	at com.kms.katalon.core.main.TestCaseMain.startTestSuite(TestCaseMain.java:157)&#xD;
	at com.kms.katalon.core.main.TestCaseMain$startTestSuite$0.call(Unknown Source)&#xD;
	at TempTestSuite1568881703577.run(TempTestSuite1568881703577.groovy:35)&#xD;
)&#xD;
	at com.kms.katalon.core.keyword.internal.KeywordMain.stepFailed(KeywordMain.groovy:39)&#xD;
	at com.kms.katalon.core.keyword.internal.KeywordMain.stepFailed(KeywordMain.groovy)&#xD;
	at com.kms.katalon.core.keyword.internal.KeywordMain.runKeyword(KeywordMain.groovy:70)&#xD;
	at com.kms.katalon.core.keyword.builtin.VerifyEqualKeyword.verifyEqual(VerifyEqualKeyword.groovy:63)&#xD;
	at com.kms.katalon.core.keyword.builtin.VerifyEqualKeyword.execute(VerifyEqualKeyword.groovy:44)&#xD;
	at com.kms.katalon.core.keyword.internal.KeywordExecutor.executeKeywordForPlatform(KeywordExecutor.groovy:56)&#xD;
	at com.kms.katalon.core.keyword.BuiltinKeywords.verifyEqual(BuiltinKeywords.groovy:126)&#xD;
	at PRUmed Benefit Limitation.run(PRUmed Benefit Limitation:29)&#xD;
	at com.kms.katalon.core.main.ScriptEngine.run(ScriptEngine.java:194)&#xD;
	at com.kms.katalon.core.main.ScriptEngine.runScriptAsRawText(ScriptEngine.java:119)&#xD;
	at com.kms.katalon.core.main.TestCaseExecutor.runScript(TestCaseExecutor.java:337)&#xD;
	at com.kms.katalon.core.main.TestCaseExecutor.doExecute(TestCaseExecutor.java:328)&#xD;
	at com.kms.katalon.core.main.TestCaseExecutor.processExecutionPhase(TestCaseExecutor.java:307)&#xD;
	at com.kms.katalon.core.main.TestCaseExecutor.accessMainPhase(TestCaseExecutor.java:299)&#xD;
	at com.kms.katalon.core.main.TestCaseExecutor.execute(TestCaseExecutor.java:233)&#xD;
	at com.kms.katalon.core.main.TestSuiteExecutor.accessTestCaseMainPhase(TestSuiteExecutor.java:133)&#xD;
	at com.kms.katalon.core.main.TestSuiteExecutor.accessTestSuiteMainPhase(TestSuiteExecutor.java:116)&#xD;
	at com.kms.katalon.core.main.TestSuiteExecutor.execute(TestSuiteExecutor.java:83)&#xD;
	at com.kms.katalon.core.main.TestCaseMain.startTestSuite(TestCaseMain.java:157)&#xD;
	at com.kms.katalon.core.main.TestCaseMain$startTestSuite$0.call(Unknown Source)&#xD;
	at TempTestSuite1568881703577.run(TempTestSuite1568881703577.groovy:35)&#xD;
Caused by: com.kms.katalon.core.exception.StepFailedException: Actual object 'false' and expected object 'true' are not equal&#xD;
	at com.kms.katalon.core.keyword.builtin.VerifyEqualKeyword$_verifyEqual_closure1.doCall(VerifyEqualKeyword.groovy:58)&#xD;
	at com.kms.katalon.core.keyword.builtin.VerifyEqualKeyword$_verifyEqual_closure1.call(VerifyEqualKeyword.groovy)&#xD;
	at com.kms.katalon.core.keyword.internal.KeywordMain.runKeyword(KeywordMain.groovy:68)&#xD;
	... 18 more&#xD;
&#xD;
&#xD;
2019-09-19 15:28:57 - [TEST_STEP][PASSED] - response = sendRequest(findTestObject("AlterationScroingNBMajor/PRUmed Benefit Limitation/Version 1.0_Check_1.391/Request Object", ["transactionType":transactionType, "clientType":clientType, "role":role, "subAlter":subAlter, "eviCode":eviCode, "riderCode":riderCode, ... ])): Send request successfully&#xD;
&#xD;
2019-09-19 15:28:57 - [MESSAGE][INFO] - HAR: C:\SURYAPURBA\PHS\PHS-BRMS\Reports\AlterationScoringNBMajor\PRUmed Benefit Limitation\20190919_152823\requests\main\34.har&#xD;
&#xD;
2019-09-19 15:28:57 - [MESSAGE][PASSED] - Send request successfully&#xD;
&#xD;
2019-09-19 15:28:57 - [TEST_STEP][PASSED] - slurper = new groovy.json.JsonSlurper(): null&#xD;
&#xD;
2019-09-19 15:28:57 - [TEST_STEP][PASSED] - parsingResponse = slurper.parseText(response.getResponseText()): null&#xD;
&#xD;
2019-09-19 15:28:57 - [TEST_STEP][PASSED] - println(parsingResponse): null&#xD;
&#xD;
2019-09-19 15:28:57 - [TEST_STEP][PASSED] - evidenceCode = evidenceCode: null&#xD;
&#xD;
2019-09-19 15:28:57 - [TEST_STEP][PASSED] - println(evidenceCode): null&#xD;
&#xD;
2019-09-19 15:28:57 - [TEST_STEP][PASSED] - println(expectedEvidenceCode): null&#xD;
&#xD;
2019-09-19 15:28:57 - [TEST_STEP][FAILED] - if (expectedEvidenceCode != "STD"): null&#xD;
&#xD;
2019-09-19 15:28:57 - [TEST_STEP][PASSED] - actual = description == expectedDescription: null&#xD;
&#xD;
2019-09-19 15:28:57 - [TEST_STEP][FAILED] - verifyEqual(actual, true, CONTINUE_ON_FAILURE): Unable to verify equal between actual object 'false' and expected object 'true' (Root cause: com.kms.katalon.core.exception.StepFailedException: Actual object 'false' and expected object 'true' are not equal&#xD;
	at com.kms.katalon.core.keyword.builtin.VerifyEqualKeyword$_verifyEqual_closure1.doCall(VerifyEqualKeyword.groovy:58)&#xD;
	at com.kms.katalon.core.keyword.builtin.VerifyEqualKeyword$_verifyEqual_closure1.call(VerifyEqualKeyword.groovy)&#xD;
	at com.kms.katalon.core.keyword.internal.KeywordMain.runKeyword(KeywordMain.groovy:68)&#xD;
	at com.kms.katalon.core.keyword.builtin.VerifyEqualKeyword.verifyEqual(VerifyEqualKeyword.groovy:63)&#xD;
	at com.kms.katalon.core.keyword.builtin.VerifyEqualKeyword.execute(VerifyEqualKeyword.groovy:44)&#xD;
	at com.kms.katalon.core.keyword.internal.KeywordExecutor.executeKeywordForPlatform(KeywordExecutor.groovy:56)&#xD;
	at com.kms.katalon.core.keyword.BuiltinKeywords.verifyEqual(BuiltinKeywords.groovy:126)&#xD;
	at PRUmed Benefit Limitation.run(PRUmed Benefit Limitation:29)&#xD;
	at com.kms.katalon.core.main.ScriptEngine.run(ScriptEngine.java:194)&#xD;
	at com.kms.katalon.core.main.ScriptEngine.runScriptAsRawText(ScriptEngine.java:119)&#xD;
	at com.kms.katalon.core.main.TestCaseExecutor.runScript(TestCaseExecutor.java:337)&#xD;
	at com.kms.katalon.core.main.TestCaseExecutor.doExecute(TestCaseExecutor.java:328)&#xD;
	at com.kms.katalon.core.main.TestCaseExecutor.processExecutionPhase(TestCaseExecutor.java:307)&#xD;
	at com.kms.katalon.core.main.TestCaseExecutor.accessMainPhase(TestCaseExecutor.java:299)&#xD;
	at com.kms.katalon.core.main.TestCaseExecutor.execute(TestCaseExecutor.java:233)&#xD;
	at com.kms.katalon.core.main.TestSuiteExecutor.accessTestCaseMainPhase(TestSuiteExecutor.java:133)&#xD;
	at com.kms.katalon.core.main.TestSuiteExecutor.accessTestSuiteMainPhase(TestSuiteExecutor.java:116)&#xD;
	at com.kms.katalon.core.main.TestSuiteExecutor.execute(TestSuiteExecutor.java:83)&#xD;
	at com.kms.katalon.core.main.TestCaseMain.startTestSuite(TestCaseMain.java:157)&#xD;
	at com.kms.katalon.core.main.TestCaseMain$startTestSuite$0.call(Unknown Source)&#xD;
	at TempTestSuite1568881703577.run(TempTestSuite1568881703577.groovy:35)&#xD;
)&#xD;
&#xD;
2019-09-19 15:28:57 - [MESSAGE][FAILED] - Unable to verify equal between actual object 'false' and expected object 'true' (Root cause: com.kms.katalon.core.exception.StepFailedException: Actual object 'false' and expected object 'true' are not equal&#xD;
	at com.kms.katalon.core.keyword.builtin.VerifyEqualKeyword$_verifyEqual_closure1.doCall(VerifyEqualKeyword.groovy:58)&#xD;
	at com.kms.katalon.core.keyword.builtin.VerifyEqualKeyword$_verifyEqual_closure1.call(VerifyEqualKeyword.groovy)&#xD;
	at com.kms.katalon.core.keyword.internal.KeywordMain.runKeyword(KeywordMain.groovy:68)&#xD;
	at com.kms.katalon.core.keyword.builtin.VerifyEqualKeyword.verifyEqual(VerifyEqualKeyword.groovy:63)&#xD;
	at com.kms.katalon.core.keyword.builtin.VerifyEqualKeyword.execute(VerifyEqualKeyword.groovy:44)&#xD;
	at com.kms.katalon.core.keyword.internal.KeywordExecutor.executeKeywordForPlatform(KeywordExecutor.groovy:56)&#xD;
	at com.kms.katalon.core.keyword.BuiltinKeywords.verifyEqual(BuiltinKeywords.groovy:126)&#xD;
	at PRUmed Benefit Limitation.run(PRUmed Benefit Limitation:29)&#xD;
	at com.kms.katalon.core.main.ScriptEngine.run(ScriptEngine.java:194)&#xD;
	at com.kms.katalon.core.main.ScriptEngine.runScriptAsRawText(ScriptEngine.java:119)&#xD;
	at com.kms.katalon.core.main.TestCaseExecutor.runScript(TestCaseExecutor.java:337)&#xD;
	at com.kms.katalon.core.main.TestCaseExecutor.doExecute(TestCaseExecutor.java:328)&#xD;
	at com.kms.katalon.core.main.TestCaseExecutor.processExecutionPhase(TestCaseExecutor.java:307)&#xD;
	at com.kms.katalon.core.main.TestCaseExecutor.accessMainPhase(TestCaseExecutor.java:299)&#xD;
	at com.kms.katalon.core.main.TestCaseExecutor.execute(TestCaseExecutor.java:233)&#xD;
	at com.kms.katalon.core.main.TestSuiteExecutor.accessTestCaseMainPhase(TestSuiteExecutor.java:133)&#xD;
	at com.kms.katalon.core.main.TestSuiteExecutor.accessTestSuiteMainPhase(TestSuiteExecutor.java:116)&#xD;
	at com.kms.katalon.core.main.TestSuiteExecutor.execute(TestSuiteExecutor.java:83)&#xD;
	at com.kms.katalon.core.main.TestCaseMain.startTestSuite(TestCaseMain.java:157)&#xD;
	at com.kms.katalon.core.main.TestCaseMain$startTestSuite$0.call(Unknown Source)&#xD;
	at TempTestSuite1568881703577.run(TempTestSuite1568881703577.groovy:35)&#xD;
)&#xD;
&#xD;
2019-09-19 15:28:57 - [TEST_STEP][PASSED] - if (actual == false): null&#xD;
&#xD;
2019-09-19 15:28:57 - [TEST_STEP][PASSED] - println("Evidence code tidak sesuai dengan expected evidence code"): null&#xD;
&#xD;
2019-09-19 15:28:57 - [TEST_STEP][PASSED] - verifyResponseStatusCode(response, 200): Verify response status code successfully&#xD;
&#xD;
2019-09-19 15:28:57 - [MESSAGE][PASSED] - Verify response status code successfully</system-out>
            <system-err>2019-09-19 15:28:56 - [TEST_CASE][FAILED] - Test Cases/AlterationScoringNBMajor/PRUmed Benefit Limitation/PRUmed Benefit Limitation: Test Cases/AlterationScoringNBMajor/PRUmed Benefit Limitation/PRUmed Benefit Limitation FAILED.
Reason:
com.kms.katalon.core.exception.StepFailedException: Unable to verify equal between actual object 'false' and expected object 'true' (Root cause: com.kms.katalon.core.exception.StepFailedException: Actual object 'false' and expected object 'true' are not equal&#xD;
	at com.kms.katalon.core.keyword.builtin.VerifyEqualKeyword$_verifyEqual_closure1.doCall(VerifyEqualKeyword.groovy:58)&#xD;
	at com.kms.katalon.core.keyword.builtin.VerifyEqualKeyword$_verifyEqual_closure1.call(VerifyEqualKeyword.groovy)&#xD;
	at com.kms.katalon.core.keyword.internal.KeywordMain.runKeyword(KeywordMain.groovy:68)&#xD;
	at com.kms.katalon.core.keyword.builtin.VerifyEqualKeyword.verifyEqual(VerifyEqualKeyword.groovy:63)&#xD;
	at com.kms.katalon.core.keyword.builtin.VerifyEqualKeyword.execute(VerifyEqualKeyword.groovy:44)&#xD;
	at com.kms.katalon.core.keyword.internal.KeywordExecutor.executeKeywordForPlatform(KeywordExecutor.groovy:56)&#xD;
	at com.kms.katalon.core.keyword.BuiltinKeywords.verifyEqual(BuiltinKeywords.groovy:126)&#xD;
	at PRUmed Benefit Limitation.run(PRUmed Benefit Limitation:29)&#xD;
	at com.kms.katalon.core.main.ScriptEngine.run(ScriptEngine.java:194)&#xD;
	at com.kms.katalon.core.main.ScriptEngine.runScriptAsRawText(ScriptEngine.java:119)&#xD;
	at com.kms.katalon.core.main.TestCaseExecutor.runScript(TestCaseExecutor.java:337)&#xD;
	at com.kms.katalon.core.main.TestCaseExecutor.doExecute(TestCaseExecutor.java:328)&#xD;
	at com.kms.katalon.core.main.TestCaseExecutor.processExecutionPhase(TestCaseExecutor.java:307)&#xD;
	at com.kms.katalon.core.main.TestCaseExecutor.accessMainPhase(TestCaseExecutor.java:299)&#xD;
	at com.kms.katalon.core.main.TestCaseExecutor.execute(TestCaseExecutor.java:233)&#xD;
	at com.kms.katalon.core.main.TestSuiteExecutor.accessTestCaseMainPhase(TestSuiteExecutor.java:133)&#xD;
	at com.kms.katalon.core.main.TestSuiteExecutor.accessTestSuiteMainPhase(TestSuiteExecutor.java:116)&#xD;
	at com.kms.katalon.core.main.TestSuiteExecutor.execute(TestSuiteExecutor.java:83)&#xD;
	at com.kms.katalon.core.main.TestCaseMain.startTestSuite(TestCaseMain.java:157)&#xD;
	at com.kms.katalon.core.main.TestCaseMain$startTestSuite$0.call(Unknown Source)&#xD;
	at TempTestSuite1568881703577.run(TempTestSuite1568881703577.groovy:35)&#xD;
)&#xD;
	at com.kms.katalon.core.keyword.internal.KeywordMain.stepFailed(KeywordMain.groovy:39)&#xD;
	at com.kms.katalon.core.keyword.internal.KeywordMain.stepFailed(KeywordMain.groovy)&#xD;
	at com.kms.katalon.core.keyword.internal.KeywordMain.runKeyword(KeywordMain.groovy:70)&#xD;
	at com.kms.katalon.core.keyword.builtin.VerifyEqualKeyword.verifyEqual(VerifyEqualKeyword.groovy:63)&#xD;
	at com.kms.katalon.core.keyword.builtin.VerifyEqualKeyword.execute(VerifyEqualKeyword.groovy:44)&#xD;
	at com.kms.katalon.core.keyword.internal.KeywordExecutor.executeKeywordForPlatform(KeywordExecutor.groovy:56)&#xD;
	at com.kms.katalon.core.keyword.BuiltinKeywords.verifyEqual(BuiltinKeywords.groovy:126)&#xD;
	at PRUmed Benefit Limitation.run(PRUmed Benefit Limitation:29)&#xD;
	at com.kms.katalon.core.main.ScriptEngine.run(ScriptEngine.java:194)&#xD;
	at com.kms.katalon.core.main.ScriptEngine.runScriptAsRawText(ScriptEngine.java:119)&#xD;
	at com.kms.katalon.core.main.TestCaseExecutor.runScript(TestCaseExecutor.java:337)&#xD;
	at com.kms.katalon.core.main.TestCaseExecutor.doExecute(TestCaseExecutor.java:328)&#xD;
	at com.kms.katalon.core.main.TestCaseExecutor.processExecutionPhase(TestCaseExecutor.java:307)&#xD;
	at com.kms.katalon.core.main.TestCaseExecutor.accessMainPhase(TestCaseExecutor.java:299)&#xD;
	at com.kms.katalon.core.main.TestCaseExecutor.execute(TestCaseExecutor.java:233)&#xD;
	at com.kms.katalon.core.main.TestSuiteExecutor.accessTestCaseMainPhase(TestSuiteExecutor.java:133)&#xD;
	at com.kms.katalon.core.main.TestSuiteExecutor.accessTestSuiteMainPhase(TestSuiteExecutor.java:116)&#xD;
	at com.kms.katalon.core.main.TestSuiteExecutor.execute(TestSuiteExecutor.java:83)&#xD;
	at com.kms.katalon.core.main.TestCaseMain.startTestSuite(TestCaseMain.java:157)&#xD;
	at com.kms.katalon.core.main.TestCaseMain$startTestSuite$0.call(Unknown Source)&#xD;
	at TempTestSuite1568881703577.run(TempTestSuite1568881703577.groovy:35)&#xD;
Caused by: com.kms.katalon.core.exception.StepFailedException: Actual object 'false' and expected object 'true' are not equal&#xD;
	at com.kms.katalon.core.keyword.builtin.VerifyEqualKeyword$_verifyEqual_closure1.doCall(VerifyEqualKeyword.groovy:58)&#xD;
	at com.kms.katalon.core.keyword.builtin.VerifyEqualKeyword$_verifyEqual_closure1.call(VerifyEqualKeyword.groovy)&#xD;
	at com.kms.katalon.core.keyword.internal.KeywordMain.runKeyword(KeywordMain.groovy:68)&#xD;
	... 18 more</system-err>
        </testcase>
        <testcase name="Test Cases/AlterationScoringNBMajor/PRUmed Benefit Limitation/PRUmed Benefit Limitation" classname="Test Cases/AlterationScoringNBMajor/PRUmed Benefit Limitation/PRUmed Benefit Limitation" status="FAILED">
            <failure type="FAILED" message="Test Cases/AlterationScoringNBMajor/PRUmed Benefit Limitation/PRUmed Benefit Limitation FAILED.&#xA;Reason:&#xA;com.kms.katalon.core.exception.StepFailedException: Unable to verify equal between actual object 'false' and expected object 'true' (Root cause: com.kms.katalon.core.exception.StepFailedException: Actual object 'false' and expected object 'true' are not equal&#xD;&#xA;&#x9;at com.kms.katalon.core.keyword.builtin.VerifyEqualKeyword$_verifyEqual_closure1.doCall(VerifyEqualKeyword.groovy:58)&#xD;&#xA;&#x9;at com.kms.katalon.core.keyword.builtin.VerifyEqualKeyword$_verifyEqual_closure1.call(VerifyEqualKeyword.groovy)&#xD;&#xA;&#x9;at com.kms.katalon.core.keyword.internal.KeywordMain.runKeyword(KeywordMain.groovy:68)&#xD;&#xA;&#x9;at com.kms.katalon.core.keyword.builtin.VerifyEqualKeyword.verifyEqual(VerifyEqualKeyword.groovy:63)&#xD;&#xA;&#x9;at com.kms.katalon.core.keyword.builtin.VerifyEqualKeyword.execute(VerifyEqualKeyword.groovy:44)&#xD;&#xA;&#x9;at com.kms.katalon.core.keyword.internal.KeywordExecutor.executeKeywordForPlatform(KeywordExecutor.groovy:56)&#xD;&#xA;&#x9;at com.kms.katalon.core.keyword.BuiltinKeywords.verifyEqual(BuiltinKeywords.groovy:126)&#xD;&#xA;&#x9;at PRUmed Benefit Limitation.run(PRUmed Benefit Limitation:29)&#xD;&#xA;&#x9;at com.kms.katalon.core.main.ScriptEngine.run(ScriptEngine.java:194)&#xD;&#xA;&#x9;at com.kms.katalon.core.main.ScriptEngine.runScriptAsRawText(ScriptEngine.java:119)&#xD;&#xA;&#x9;at com.kms.katalon.core.main.TestCaseExecutor.runScript(TestCaseExecutor.java:337)&#xD;&#xA;&#x9;at com.kms.katalon.core.main.TestCaseExecutor.doExecute(TestCaseExecutor.java:328)&#xD;&#xA;&#x9;at com.kms.katalon.core.main.TestCaseExecutor.processExecutionPhase(TestCaseExecutor.java:307)&#xD;&#xA;&#x9;at com.kms.katalon.core.main.TestCaseExecutor.accessMainPhase(TestCaseExecutor.java:299)&#xD;&#xA;&#x9;at com.kms.katalon.core.main.TestCaseExecutor.execute(TestCaseExecutor.java:233)&#xD;&#xA;&#x9;at com.kms.katalon.core.main.TestSuiteExecutor.accessTestCaseMainPhase(TestSuiteExecutor.java:133)&#xD;&#xA;&#x9;at com.kms.katalon.core.main.TestSuiteExecutor.accessTestSuiteMainPhase(TestSuiteExecutor.java:116)&#xD;&#xA;&#x9;at com.kms.katalon.core.main.TestSuiteExecutor.execute(TestSuiteExecutor.java:83)&#xD;&#xA;&#x9;at com.kms.katalon.core.main.TestCaseMain.startTestSuite(TestCaseMain.java:157)&#xD;&#xA;&#x9;at com.kms.katalon.core.main.TestCaseMain$startTestSuite$0.call(Unknown Source)&#xD;&#xA;&#x9;at TempTestSuite1568881703577.run(TempTestSuite1568881703577.groovy:35)&#xD;&#xA;)&#xD;&#xA;&#x9;at com.kms.katalon.core.keyword.internal.KeywordMain.stepFailed(KeywordMain.groovy:39)&#xD;&#xA;&#x9;at com.kms.katalon.core.keyword.internal.KeywordMain.stepFailed(KeywordMain.groovy)&#xD;&#xA;&#x9;at com.kms.katalon.core.keyword.internal.KeywordMain.runKeyword(KeywordMain.groovy:70)&#xD;&#xA;&#x9;at com.kms.katalon.core.keyword.builtin.VerifyEqualKeyword.verifyEqual(VerifyEqualKeyword.groovy:63)&#xD;&#xA;&#x9;at com.kms.katalon.core.keyword.builtin.VerifyEqualKeyword.execute(VerifyEqualKeyword.groovy:44)&#xD;&#xA;&#x9;at com.kms.katalon.core.keyword.internal.KeywordExecutor.executeKeywordForPlatform(KeywordExecutor.groovy:56)&#xD;&#xA;&#x9;at com.kms.katalon.core.keyword.BuiltinKeywords.verifyEqual(BuiltinKeywords.groovy:126)&#xD;&#xA;&#x9;at PRUmed Benefit Limitation.run(PRUmed Benefit Limitation:29)&#xD;&#xA;&#x9;at com.kms.katalon.core.main.ScriptEngine.run(ScriptEngine.java:194)&#xD;&#xA;&#x9;at com.kms.katalon.core.main.ScriptEngine.runScriptAsRawText(ScriptEngine.java:119)&#xD;&#xA;&#x9;at com.kms.katalon.core.main.TestCaseExecutor.runScript(TestCaseExecutor.java:337)&#xD;&#xA;&#x9;at com.kms.katalon.core.main.TestCaseExecutor.doExecute(TestCaseExecutor.java:328)&#xD;&#xA;&#x9;at com.kms.katalon.core.main.TestCaseExecutor.processExecutionPhase(TestCaseExecutor.java:307)&#xD;&#xA;&#x9;at com.kms.katalon.core.main.TestCaseExecutor.accessMainPhase(TestCaseExecutor.java:299)&#xD;&#xA;&#x9;at com.kms.katalon.core.main.TestCaseExecutor.execute(TestCaseExecutor.java:233)&#xD;&#xA;&#x9;at com.kms.katalon.core.main.TestSuiteExecutor.accessTestCaseMainPhase(TestSuiteExecutor.java:133)&#xD;&#xA;&#x9;at com.kms.katalon.core.main.TestSuiteExecutor.accessTestSuiteMainPhase(TestSuiteExecutor.java:116)&#xD;&#xA;&#x9;at com.kms.katalon.core.main.TestSuiteExecutor.execute(TestSuiteExecutor.java:83)&#xD;&#xA;&#x9;at com.kms.katalon.core.main.TestCaseMain.startTestSuite(TestCaseMain.java:157)&#xD;&#xA;&#x9;at com.kms.katalon.core.main.TestCaseMain$startTestSuite$0.call(Unknown Source)&#xD;&#xA;&#x9;at TempTestSuite1568881703577.run(TempTestSuite1568881703577.groovy:35)&#xD;&#xA;Caused by: com.kms.katalon.core.exception.StepFailedException: Actual object 'false' and expected object 'true' are not equal&#xD;&#xA;&#x9;at com.kms.katalon.core.keyword.builtin.VerifyEqualKeyword$_verifyEqual_closure1.doCall(VerifyEqualKeyword.groovy:58)&#xD;&#xA;&#x9;at com.kms.katalon.core.keyword.builtin.VerifyEqualKeyword$_verifyEqual_closure1.call(VerifyEqualKeyword.groovy)&#xD;&#xA;&#x9;at com.kms.katalon.core.keyword.internal.KeywordMain.runKeyword(KeywordMain.groovy:68)&#xD;&#xA;&#x9;... 18 more&#xD;&#xA;"/>
            <system-out>2019-09-19 15:28:58 - [TEST_CASE][FAILED] - Test Cases/AlterationScoringNBMajor/PRUmed Benefit Limitation/PRUmed Benefit Limitation: Test Cases/AlterationScoringNBMajor/PRUmed Benefit Limitation/PRUmed Benefit Limitation FAILED.
Reason:
com.kms.katalon.core.exception.StepFailedException: Unable to verify equal between actual object 'false' and expected object 'true' (Root cause: com.kms.katalon.core.exception.StepFailedException: Actual object 'false' and expected object 'true' are not equal&#xD;
	at com.kms.katalon.core.keyword.builtin.VerifyEqualKeyword$_verifyEqual_closure1.doCall(VerifyEqualKeyword.groovy:58)&#xD;
	at com.kms.katalon.core.keyword.builtin.VerifyEqualKeyword$_verifyEqual_closure1.call(VerifyEqualKeyword.groovy)&#xD;
	at com.kms.katalon.core.keyword.internal.KeywordMain.runKeyword(KeywordMain.groovy:68)&#xD;
	at com.kms.katalon.core.keyword.builtin.VerifyEqualKeyword.verifyEqual(VerifyEqualKeyword.groovy:63)&#xD;
	at com.kms.katalon.core.keyword.builtin.VerifyEqualKeyword.execute(VerifyEqualKeyword.groovy:44)&#xD;
	at com.kms.katalon.core.keyword.internal.KeywordExecutor.executeKeywordForPlatform(KeywordExecutor.groovy:56)&#xD;
	at com.kms.katalon.core.keyword.BuiltinKeywords.verifyEqual(BuiltinKeywords.groovy:126)&#xD;
	at PRUmed Benefit Limitation.run(PRUmed Benefit Limitation:29)&#xD;
	at com.kms.katalon.core.main.ScriptEngine.run(ScriptEngine.java:194)&#xD;
	at com.kms.katalon.core.main.ScriptEngine.runScriptAsRawText(ScriptEngine.java:119)&#xD;
	at com.kms.katalon.core.main.TestCaseExecutor.runScript(TestCaseExecutor.java:337)&#xD;
	at com.kms.katalon.core.main.TestCaseExecutor.doExecute(TestCaseExecutor.java:328)&#xD;
	at com.kms.katalon.core.main.TestCaseExecutor.processExecutionPhase(TestCaseExecutor.java:307)&#xD;
	at com.kms.katalon.core.main.TestCaseExecutor.accessMainPhase(TestCaseExecutor.java:299)&#xD;
	at com.kms.katalon.core.main.TestCaseExecutor.execute(TestCaseExecutor.java:233)&#xD;
	at com.kms.katalon.core.main.TestSuiteExecutor.accessTestCaseMainPhase(TestSuiteExecutor.java:133)&#xD;
	at com.kms.katalon.core.main.TestSuiteExecutor.accessTestSuiteMainPhase(TestSuiteExecutor.java:116)&#xD;
	at com.kms.katalon.core.main.TestSuiteExecutor.execute(TestSuiteExecutor.java:83)&#xD;
	at com.kms.katalon.core.main.TestCaseMain.startTestSuite(TestCaseMain.java:157)&#xD;
	at com.kms.katalon.core.main.TestCaseMain$startTestSuite$0.call(Unknown Source)&#xD;
	at TempTestSuite1568881703577.run(TempTestSuite1568881703577.groovy:35)&#xD;
)&#xD;
	at com.kms.katalon.core.keyword.internal.KeywordMain.stepFailed(KeywordMain.groovy:39)&#xD;
	at com.kms.katalon.core.keyword.internal.KeywordMain.stepFailed(KeywordMain.groovy)&#xD;
	at com.kms.katalon.core.keyword.internal.KeywordMain.runKeyword(KeywordMain.groovy:70)&#xD;
	at com.kms.katalon.core.keyword.builtin.VerifyEqualKeyword.verifyEqual(VerifyEqualKeyword.groovy:63)&#xD;
	at com.kms.katalon.core.keyword.builtin.VerifyEqualKeyword.execute(VerifyEqualKeyword.groovy:44)&#xD;
	at com.kms.katalon.core.keyword.internal.KeywordExecutor.executeKeywordForPlatform(KeywordExecutor.groovy:56)&#xD;
	at com.kms.katalon.core.keyword.BuiltinKeywords.verifyEqual(BuiltinKeywords.groovy:126)&#xD;
	at PRUmed Benefit Limitation.run(PRUmed Benefit Limitation:29)&#xD;
	at com.kms.katalon.core.main.ScriptEngine.run(ScriptEngine.java:194)&#xD;
	at com.kms.katalon.core.main.ScriptEngine.runScriptAsRawText(ScriptEngine.java:119)&#xD;
	at com.kms.katalon.core.main.TestCaseExecutor.runScript(TestCaseExecutor.java:337)&#xD;
	at com.kms.katalon.core.main.TestCaseExecutor.doExecute(TestCaseExecutor.java:328)&#xD;
	at com.kms.katalon.core.main.TestCaseExecutor.processExecutionPhase(TestCaseExecutor.java:307)&#xD;
	at com.kms.katalon.core.main.TestCaseExecutor.accessMainPhase(TestCaseExecutor.java:299)&#xD;
	at com.kms.katalon.core.main.TestCaseExecutor.execute(TestCaseExecutor.java:233)&#xD;
	at com.kms.katalon.core.main.TestSuiteExecutor.accessTestCaseMainPhase(TestSuiteExecutor.java:133)&#xD;
	at com.kms.katalon.core.main.TestSuiteExecutor.accessTestSuiteMainPhase(TestSuiteExecutor.java:116)&#xD;
	at com.kms.katalon.core.main.TestSuiteExecutor.execute(TestSuiteExecutor.java:83)&#xD;
	at com.kms.katalon.core.main.TestCaseMain.startTestSuite(TestCaseMain.java:157)&#xD;
	at com.kms.katalon.core.main.TestCaseMain$startTestSuite$0.call(Unknown Source)&#xD;
	at TempTestSuite1568881703577.run(TempTestSuite1568881703577.groovy:35)&#xD;
Caused by: com.kms.katalon.core.exception.StepFailedException: Actual object 'false' and expected object 'true' are not equal&#xD;
	at com.kms.katalon.core.keyword.builtin.VerifyEqualKeyword$_verifyEqual_closure1.doCall(VerifyEqualKeyword.groovy:58)&#xD;
	at com.kms.katalon.core.keyword.builtin.VerifyEqualKeyword$_verifyEqual_closure1.call(VerifyEqualKeyword.groovy)&#xD;
	at com.kms.katalon.core.keyword.internal.KeywordMain.runKeyword(KeywordMain.groovy:68)&#xD;
	... 18 more&#xD;
&#xD;
&#xD;
2019-09-19 15:28:58 - [TEST_STEP][PASSED] - response = sendRequest(findTestObject("AlterationScroingNBMajor/PRUmed Benefit Limitation/Version 1.0_Check_1.391/Request Object", ["transactionType":transactionType, "clientType":clientType, "role":role, "subAlter":subAlter, "eviCode":eviCode, "riderCode":riderCode, ... ])): Send request successfully&#xD;
&#xD;
2019-09-19 15:28:58 - [MESSAGE][INFO] - HAR: C:\SURYAPURBA\PHS\PHS-BRMS\Reports\AlterationScoringNBMajor\PRUmed Benefit Limitation\20190919_152823\requests\main\35.har&#xD;
&#xD;
2019-09-19 15:28:58 - [MESSAGE][PASSED] - Send request successfully&#xD;
&#xD;
2019-09-19 15:28:58 - [TEST_STEP][PASSED] - slurper = new groovy.json.JsonSlurper(): null&#xD;
&#xD;
2019-09-19 15:28:58 - [TEST_STEP][PASSED] - parsingResponse = slurper.parseText(response.getResponseText()): null&#xD;
&#xD;
2019-09-19 15:28:58 - [TEST_STEP][PASSED] - println(parsingResponse): null&#xD;
&#xD;
2019-09-19 15:28:58 - [TEST_STEP][PASSED] - evidenceCode = evidenceCode: null&#xD;
&#xD;
2019-09-19 15:28:58 - [TEST_STEP][PASSED] - println(evidenceCode): null&#xD;
&#xD;
2019-09-19 15:28:58 - [TEST_STEP][PASSED] - println(expectedEvidenceCode): null&#xD;
&#xD;
2019-09-19 15:28:58 - [TEST_STEP][FAILED] - if (expectedEvidenceCode != "STD"): null&#xD;
&#xD;
2019-09-19 15:28:58 - [TEST_STEP][PASSED] - actual = description == expectedDescription: null&#xD;
&#xD;
2019-09-19 15:28:58 - [TEST_STEP][FAILED] - verifyEqual(actual, true, CONTINUE_ON_FAILURE): Unable to verify equal between actual object 'false' and expected object 'true' (Root cause: com.kms.katalon.core.exception.StepFailedException: Actual object 'false' and expected object 'true' are not equal&#xD;
	at com.kms.katalon.core.keyword.builtin.VerifyEqualKeyword$_verifyEqual_closure1.doCall(VerifyEqualKeyword.groovy:58)&#xD;
	at com.kms.katalon.core.keyword.builtin.VerifyEqualKeyword$_verifyEqual_closure1.call(VerifyEqualKeyword.groovy)&#xD;
	at com.kms.katalon.core.keyword.internal.KeywordMain.runKeyword(KeywordMain.groovy:68)&#xD;
	at com.kms.katalon.core.keyword.builtin.VerifyEqualKeyword.verifyEqual(VerifyEqualKeyword.groovy:63)&#xD;
	at com.kms.katalon.core.keyword.builtin.VerifyEqualKeyword.execute(VerifyEqualKeyword.groovy:44)&#xD;
	at com.kms.katalon.core.keyword.internal.KeywordExecutor.executeKeywordForPlatform(KeywordExecutor.groovy:56)&#xD;
	at com.kms.katalon.core.keyword.BuiltinKeywords.verifyEqual(BuiltinKeywords.groovy:126)&#xD;
	at PRUmed Benefit Limitation.run(PRUmed Benefit Limitation:29)&#xD;
	at com.kms.katalon.core.main.ScriptEngine.run(ScriptEngine.java:194)&#xD;
	at com.kms.katalon.core.main.ScriptEngine.runScriptAsRawText(ScriptEngine.java:119)&#xD;
	at com.kms.katalon.core.main.TestCaseExecutor.runScript(TestCaseExecutor.java:337)&#xD;
	at com.kms.katalon.core.main.TestCaseExecutor.doExecute(TestCaseExecutor.java:328)&#xD;
	at com.kms.katalon.core.main.TestCaseExecutor.processExecutionPhase(TestCaseExecutor.java:307)&#xD;
	at com.kms.katalon.core.main.TestCaseExecutor.accessMainPhase(TestCaseExecutor.java:299)&#xD;
	at com.kms.katalon.core.main.TestCaseExecutor.execute(TestCaseExecutor.java:233)&#xD;
	at com.kms.katalon.core.main.TestSuiteExecutor.accessTestCaseMainPhase(TestSuiteExecutor.java:133)&#xD;
	at com.kms.katalon.core.main.TestSuiteExecutor.accessTestSuiteMainPhase(TestSuiteExecutor.java:116)&#xD;
	at com.kms.katalon.core.main.TestSuiteExecutor.execute(TestSuiteExecutor.java:83)&#xD;
	at com.kms.katalon.core.main.TestCaseMain.startTestSuite(TestCaseMain.java:157)&#xD;
	at com.kms.katalon.core.main.TestCaseMain$startTestSuite$0.call(Unknown Source)&#xD;
	at TempTestSuite1568881703577.run(TempTestSuite1568881703577.groovy:35)&#xD;
)&#xD;
&#xD;
2019-09-19 15:28:58 - [MESSAGE][FAILED] - Unable to verify equal between actual object 'false' and expected object 'true' (Root cause: com.kms.katalon.core.exception.StepFailedException: Actual object 'false' and expected object 'true' are not equal&#xD;
	at com.kms.katalon.core.keyword.builtin.VerifyEqualKeyword$_verifyEqual_closure1.doCall(VerifyEqualKeyword.groovy:58)&#xD;
	at com.kms.katalon.core.keyword.builtin.VerifyEqualKeyword$_verifyEqual_closure1.call(VerifyEqualKeyword.groovy)&#xD;
	at com.kms.katalon.core.keyword.internal.KeywordMain.runKeyword(KeywordMain.groovy:68)&#xD;
	at com.kms.katalon.core.keyword.builtin.VerifyEqualKeyword.verifyEqual(VerifyEqualKeyword.groovy:63)&#xD;
	at com.kms.katalon.core.keyword.builtin.VerifyEqualKeyword.execute(VerifyEqualKeyword.groovy:44)&#xD;
	at com.kms.katalon.core.keyword.internal.KeywordExecutor.executeKeywordForPlatform(KeywordExecutor.groovy:56)&#xD;
	at com.kms.katalon.core.keyword.BuiltinKeywords.verifyEqual(BuiltinKeywords.groovy:126)&#xD;
	at PRUmed Benefit Limitation.run(PRUmed Benefit Limitation:29)&#xD;
	at com.kms.katalon.core.main.ScriptEngine.run(ScriptEngine.java:194)&#xD;
	at com.kms.katalon.core.main.ScriptEngine.runScriptAsRawText(ScriptEngine.java:119)&#xD;
	at com.kms.katalon.core.main.TestCaseExecutor.runScript(TestCaseExecutor.java:337)&#xD;
	at com.kms.katalon.core.main.TestCaseExecutor.doExecute(TestCaseExecutor.java:328)&#xD;
	at com.kms.katalon.core.main.TestCaseExecutor.processExecutionPhase(TestCaseExecutor.java:307)&#xD;
	at com.kms.katalon.core.main.TestCaseExecutor.accessMainPhase(TestCaseExecutor.java:299)&#xD;
	at com.kms.katalon.core.main.TestCaseExecutor.execute(TestCaseExecutor.java:233)&#xD;
	at com.kms.katalon.core.main.TestSuiteExecutor.accessTestCaseMainPhase(TestSuiteExecutor.java:133)&#xD;
	at com.kms.katalon.core.main.TestSuiteExecutor.accessTestSuiteMainPhase(TestSuiteExecutor.java:116)&#xD;
	at com.kms.katalon.core.main.TestSuiteExecutor.execute(TestSuiteExecutor.java:83)&#xD;
	at com.kms.katalon.core.main.TestCaseMain.startTestSuite(TestCaseMain.java:157)&#xD;
	at com.kms.katalon.core.main.TestCaseMain$startTestSuite$0.call(Unknown Source)&#xD;
	at TempTestSuite1568881703577.run(TempTestSuite1568881703577.groovy:35)&#xD;
)&#xD;
&#xD;
2019-09-19 15:28:58 - [TEST_STEP][PASSED] - if (actual == false): null&#xD;
&#xD;
2019-09-19 15:28:58 - [TEST_STEP][PASSED] - println("Evidence code tidak sesuai dengan expected evidence code"): null&#xD;
&#xD;
2019-09-19 15:28:58 - [TEST_STEP][PASSED] - verifyResponseStatusCode(response, 200): Verify response status code successfully&#xD;
&#xD;
2019-09-19 15:28:58 - [MESSAGE][PASSED] - Verify response status code successfully</system-out>
            <system-err>2019-09-19 15:28:58 - [TEST_CASE][FAILED] - Test Cases/AlterationScoringNBMajor/PRUmed Benefit Limitation/PRUmed Benefit Limitation: Test Cases/AlterationScoringNBMajor/PRUmed Benefit Limitation/PRUmed Benefit Limitation FAILED.
Reason:
com.kms.katalon.core.exception.StepFailedException: Unable to verify equal between actual object 'false' and expected object 'true' (Root cause: com.kms.katalon.core.exception.StepFailedException: Actual object 'false' and expected object 'true' are not equal&#xD;
	at com.kms.katalon.core.keyword.builtin.VerifyEqualKeyword$_verifyEqual_closure1.doCall(VerifyEqualKeyword.groovy:58)&#xD;
	at com.kms.katalon.core.keyword.builtin.VerifyEqualKeyword$_verifyEqual_closure1.call(VerifyEqualKeyword.groovy)&#xD;
	at com.kms.katalon.core.keyword.internal.KeywordMain.runKeyword(KeywordMain.groovy:68)&#xD;
	at com.kms.katalon.core.keyword.builtin.VerifyEqualKeyword.verifyEqual(VerifyEqualKeyword.groovy:63)&#xD;
	at com.kms.katalon.core.keyword.builtin.VerifyEqualKeyword.execute(VerifyEqualKeyword.groovy:44)&#xD;
	at com.kms.katalon.core.keyword.internal.KeywordExecutor.executeKeywordForPlatform(KeywordExecutor.groovy:56)&#xD;
	at com.kms.katalon.core.keyword.BuiltinKeywords.verifyEqual(BuiltinKeywords.groovy:126)&#xD;
	at PRUmed Benefit Limitation.run(PRUmed Benefit Limitation:29)&#xD;
	at com.kms.katalon.core.main.ScriptEngine.run(ScriptEngine.java:194)&#xD;
	at com.kms.katalon.core.main.ScriptEngine.runScriptAsRawText(ScriptEngine.java:119)&#xD;
	at com.kms.katalon.core.main.TestCaseExecutor.runScript(TestCaseExecutor.java:337)&#xD;
	at com.kms.katalon.core.main.TestCaseExecutor.doExecute(TestCaseExecutor.java:328)&#xD;
	at com.kms.katalon.core.main.TestCaseExecutor.processExecutionPhase(TestCaseExecutor.java:307)&#xD;
	at com.kms.katalon.core.main.TestCaseExecutor.accessMainPhase(TestCaseExecutor.java:299)&#xD;
	at com.kms.katalon.core.main.TestCaseExecutor.execute(TestCaseExecutor.java:233)&#xD;
	at com.kms.katalon.core.main.TestSuiteExecutor.accessTestCaseMainPhase(TestSuiteExecutor.java:133)&#xD;
	at com.kms.katalon.core.main.TestSuiteExecutor.accessTestSuiteMainPhase(TestSuiteExecutor.java:116)&#xD;
	at com.kms.katalon.core.main.TestSuiteExecutor.execute(TestSuiteExecutor.java:83)&#xD;
	at com.kms.katalon.core.main.TestCaseMain.startTestSuite(TestCaseMain.java:157)&#xD;
	at com.kms.katalon.core.main.TestCaseMain$startTestSuite$0.call(Unknown Source)&#xD;
	at TempTestSuite1568881703577.run(TempTestSuite1568881703577.groovy:35)&#xD;
)&#xD;
	at com.kms.katalon.core.keyword.internal.KeywordMain.stepFailed(KeywordMain.groovy:39)&#xD;
	at com.kms.katalon.core.keyword.internal.KeywordMain.stepFailed(KeywordMain.groovy)&#xD;
	at com.kms.katalon.core.keyword.internal.KeywordMain.runKeyword(KeywordMain.groovy:70)&#xD;
	at com.kms.katalon.core.keyword.builtin.VerifyEqualKeyword.verifyEqual(VerifyEqualKeyword.groovy:63)&#xD;
	at com.kms.katalon.core.keyword.builtin.VerifyEqualKeyword.execute(VerifyEqualKeyword.groovy:44)&#xD;
	at com.kms.katalon.core.keyword.internal.KeywordExecutor.executeKeywordForPlatform(KeywordExecutor.groovy:56)&#xD;
	at com.kms.katalon.core.keyword.BuiltinKeywords.verifyEqual(BuiltinKeywords.groovy:126)&#xD;
	at PRUmed Benefit Limitation.run(PRUmed Benefit Limitation:29)&#xD;
	at com.kms.katalon.core.main.ScriptEngine.run(ScriptEngine.java:194)&#xD;
	at com.kms.katalon.core.main.ScriptEngine.runScriptAsRawText(ScriptEngine.java:119)&#xD;
	at com.kms.katalon.core.main.TestCaseExecutor.runScript(TestCaseExecutor.java:337)&#xD;
	at com.kms.katalon.core.main.TestCaseExecutor.doExecute(TestCaseExecutor.java:328)&#xD;
	at com.kms.katalon.core.main.TestCaseExecutor.processExecutionPhase(TestCaseExecutor.java:307)&#xD;
	at com.kms.katalon.core.main.TestCaseExecutor.accessMainPhase(TestCaseExecutor.java:299)&#xD;
	at com.kms.katalon.core.main.TestCaseExecutor.execute(TestCaseExecutor.java:233)&#xD;
	at com.kms.katalon.core.main.TestSuiteExecutor.accessTestCaseMainPhase(TestSuiteExecutor.java:133)&#xD;
	at com.kms.katalon.core.main.TestSuiteExecutor.accessTestSuiteMainPhase(TestSuiteExecutor.java:116)&#xD;
	at com.kms.katalon.core.main.TestSuiteExecutor.execute(TestSuiteExecutor.java:83)&#xD;
	at com.kms.katalon.core.main.TestCaseMain.startTestSuite(TestCaseMain.java:157)&#xD;
	at com.kms.katalon.core.main.TestCaseMain$startTestSuite$0.call(Unknown Source)&#xD;
	at TempTestSuite1568881703577.run(TempTestSuite1568881703577.groovy:35)&#xD;
Caused by: com.kms.katalon.core.exception.StepFailedException: Actual object 'false' and expected object 'true' are not equal&#xD;
	at com.kms.katalon.core.keyword.builtin.VerifyEqualKeyword$_verifyEqual_closure1.doCall(VerifyEqualKeyword.groovy:58)&#xD;
	at com.kms.katalon.core.keyword.builtin.VerifyEqualKeyword$_verifyEqual_closure1.call(VerifyEqualKeyword.groovy)&#xD;
	at com.kms.katalon.core.keyword.internal.KeywordMain.runKeyword(KeywordMain.groovy:68)&#xD;
	... 18 more</system-err>
        </testcase>
        <testcase name="Test Cases/AlterationScoringNBMajor/PRUmed Benefit Limitation/PRUmed Benefit Limitation" classname="Test Cases/AlterationScoringNBMajor/PRUmed Benefit Limitation/PRUmed Benefit Limitation" status="PASSED">
            <system-out>2019-09-19 15:28:59 - [TEST_CASE][PASSED] - Test Cases/AlterationScoringNBMajor/PRUmed Benefit Limitation/PRUmed Benefit Limitation: Test Cases/AlterationScoringNBMajor/PRUmed Benefit Limitation/PRUmed Benefit Limitation&#xD;
&#xD;
2019-09-19 15:29:00 - [TEST_STEP][PASSED] - response = sendRequest(findTestObject("AlterationScroingNBMajor/PRUmed Benefit Limitation/Version 1.0_Check_1.391/Request Object", ["transactionType":transactionType, "clientType":clientType, "role":role, "subAlter":subAlter, "eviCode":eviCode, "riderCode":riderCode, ... ])): Send request successfully&#xD;
&#xD;
2019-09-19 15:29:00 - [MESSAGE][INFO] - HAR: C:\SURYAPURBA\PHS\PHS-BRMS\Reports\AlterationScoringNBMajor\PRUmed Benefit Limitation\20190919_152823\requests\main\36.har&#xD;
&#xD;
2019-09-19 15:29:00 - [MESSAGE][PASSED] - Send request successfully&#xD;
&#xD;
2019-09-19 15:29:00 - [TEST_STEP][PASSED] - slurper = new groovy.json.JsonSlurper(): null&#xD;
&#xD;
2019-09-19 15:29:00 - [TEST_STEP][PASSED] - parsingResponse = slurper.parseText(response.getResponseText()): null&#xD;
&#xD;
2019-09-19 15:29:00 - [TEST_STEP][PASSED] - println(parsingResponse): null&#xD;
&#xD;
2019-09-19 15:29:00 - [TEST_STEP][PASSED] - evidenceCode = evidenceCode: null&#xD;
&#xD;
2019-09-19 15:29:00 - [TEST_STEP][PASSED] - println(evidenceCode): null&#xD;
&#xD;
2019-09-19 15:29:00 - [TEST_STEP][PASSED] - println(expectedEvidenceCode): null&#xD;
&#xD;
2019-09-19 15:29:00 - [TEST_STEP][PASSED] - if (expectedEvidenceCode != "STD"): null&#xD;
&#xD;
2019-09-19 15:29:00 - [TEST_STEP][PASSED] - actual = description == expectedDescription: null&#xD;
&#xD;
2019-09-19 15:29:00 - [TEST_STEP][PASSED] - verifyEqual(actual, true, CONTINUE_ON_FAILURE): Actual object 'true' and expected object 'true' are equal&#xD;
&#xD;
2019-09-19 15:29:00 - [MESSAGE][PASSED] - Actual object 'true' and expected object 'true' are equal&#xD;
&#xD;
2019-09-19 15:29:00 - [TEST_STEP][PASSED] - if (actual == false): null&#xD;
&#xD;
2019-09-19 15:29:00 - [TEST_STEP][PASSED] - verifyResponseStatusCode(response, 200): Verify response status code successfully&#xD;
&#xD;
2019-09-19 15:29:00 - [MESSAGE][PASSED] - Verify response status code successfully</system-out>
            <system-err></system-err>
        </testcase>
        <testcase name="Test Cases/AlterationScoringNBMajor/PRUmed Benefit Limitation/PRUmed Benefit Limitation" classname="Test Cases/AlterationScoringNBMajor/PRUmed Benefit Limitation/PRUmed Benefit Limitation" status="PASSED">
            <system-out>2019-09-19 15:29:00 - [TEST_CASE][PASSED] - Test Cases/AlterationScoringNBMajor/PRUmed Benefit Limitation/PRUmed Benefit Limitation: Test Cases/AlterationScoringNBMajor/PRUmed Benefit Limitation/PRUmed Benefit Limitation&#xD;
&#xD;
2019-09-19 15:29:00 - [TEST_STEP][PASSED] - response = sendRequest(findTestObject("AlterationScroingNBMajor/PRUmed Benefit Limitation/Version 1.0_Check_1.391/Request Object", ["transactionType":transactionType, "clientType":clientType, "role":role, "subAlter":subAlter, "eviCode":eviCode, "riderCode":riderCode, ... ])): Send request successfully&#xD;
&#xD;
2019-09-19 15:29:00 - [MESSAGE][INFO] - HAR: C:\SURYAPURBA\PHS\PHS-BRMS\Reports\AlterationScoringNBMajor\PRUmed Benefit Limitation\20190919_152823\requests\main\37.har&#xD;
&#xD;
2019-09-19 15:29:00 - [MESSAGE][PASSED] - Send request successfully&#xD;
&#xD;
2019-09-19 15:29:00 - [TEST_STEP][PASSED] - slurper = new groovy.json.JsonSlurper(): null&#xD;
&#xD;
2019-09-19 15:29:00 - [TEST_STEP][PASSED] - parsingResponse = slurper.parseText(response.getResponseText()): null&#xD;
&#xD;
2019-09-19 15:29:00 - [TEST_STEP][PASSED] - println(parsingResponse): null&#xD;
&#xD;
2019-09-19 15:29:00 - [TEST_STEP][PASSED] - evidenceCode = evidenceCode: null&#xD;
&#xD;
2019-09-19 15:29:00 - [TEST_STEP][PASSED] - println(evidenceCode): null&#xD;
&#xD;
2019-09-19 15:29:00 - [TEST_STEP][PASSED] - println(expectedEvidenceCode): null&#xD;
&#xD;
2019-09-19 15:29:00 - [TEST_STEP][PASSED] - if (expectedEvidenceCode != "STD"): null&#xD;
&#xD;
2019-09-19 15:29:00 - [TEST_STEP][PASSED] - actual = description == expectedDescription: null&#xD;
&#xD;
2019-09-19 15:29:00 - [TEST_STEP][PASSED] - verifyEqual(actual, true, CONTINUE_ON_FAILURE): Actual object 'true' and expected object 'true' are equal&#xD;
&#xD;
2019-09-19 15:29:00 - [MESSAGE][PASSED] - Actual object 'true' and expected object 'true' are equal&#xD;
&#xD;
2019-09-19 15:29:00 - [TEST_STEP][PASSED] - if (actual == false): null&#xD;
&#xD;
2019-09-19 15:29:00 - [TEST_STEP][PASSED] - verifyResponseStatusCode(response, 200): Verify response status code successfully&#xD;
&#xD;
2019-09-19 15:29:00 - [MESSAGE][PASSED] - Verify response status code successfully</system-out>
            <system-err></system-err>
        </testcase>
        <testcase name="Test Cases/AlterationScoringNBMajor/PRUmed Benefit Limitation/PRUmed Benefit Limitation" classname="Test Cases/AlterationScoringNBMajor/PRUmed Benefit Limitation/PRUmed Benefit Limitation" status="PASSED">
            <system-out>2019-09-19 15:29:01 - [TEST_CASE][PASSED] - Test Cases/AlterationScoringNBMajor/PRUmed Benefit Limitation/PRUmed Benefit Limitation: Test Cases/AlterationScoringNBMajor/PRUmed Benefit Limitation/PRUmed Benefit Limitation&#xD;
&#xD;
2019-09-19 15:29:01 - [TEST_STEP][PASSED] - response = sendRequest(findTestObject("AlterationScroingNBMajor/PRUmed Benefit Limitation/Version 1.0_Check_1.391/Request Object", ["transactionType":transactionType, "clientType":clientType, "role":role, "subAlter":subAlter, "eviCode":eviCode, "riderCode":riderCode, ... ])): Send request successfully&#xD;
&#xD;
2019-09-19 15:29:01 - [MESSAGE][INFO] - HAR: C:\SURYAPURBA\PHS\PHS-BRMS\Reports\AlterationScoringNBMajor\PRUmed Benefit Limitation\20190919_152823\requests\main\38.har&#xD;
&#xD;
2019-09-19 15:29:01 - [MESSAGE][PASSED] - Send request successfully&#xD;
&#xD;
2019-09-19 15:29:01 - [TEST_STEP][PASSED] - slurper = new groovy.json.JsonSlurper(): null&#xD;
&#xD;
2019-09-19 15:29:01 - [TEST_STEP][PASSED] - parsingResponse = slurper.parseText(response.getResponseText()): null&#xD;
&#xD;
2019-09-19 15:29:01 - [TEST_STEP][PASSED] - println(parsingResponse): null&#xD;
&#xD;
2019-09-19 15:29:01 - [TEST_STEP][PASSED] - evidenceCode = evidenceCode: null&#xD;
&#xD;
2019-09-19 15:29:02 - [TEST_STEP][PASSED] - println(evidenceCode): null&#xD;
&#xD;
2019-09-19 15:29:02 - [TEST_STEP][PASSED] - println(expectedEvidenceCode): null&#xD;
&#xD;
2019-09-19 15:29:02 - [TEST_STEP][PASSED] - if (expectedEvidenceCode != "STD"): null&#xD;
&#xD;
2019-09-19 15:29:02 - [TEST_STEP][PASSED] - actual = description == expectedDescription: null&#xD;
&#xD;
2019-09-19 15:29:02 - [TEST_STEP][PASSED] - verifyEqual(actual, true, CONTINUE_ON_FAILURE): Actual object 'true' and expected object 'true' are equal&#xD;
&#xD;
2019-09-19 15:29:02 - [MESSAGE][PASSED] - Actual object 'true' and expected object 'true' are equal&#xD;
&#xD;
2019-09-19 15:29:02 - [TEST_STEP][PASSED] - if (actual == false): null&#xD;
&#xD;
2019-09-19 15:29:02 - [TEST_STEP][PASSED] - verifyResponseStatusCode(response, 200): Verify response status code successfully&#xD;
&#xD;
2019-09-19 15:29:02 - [MESSAGE][PASSED] - Verify response status code successfully</system-out>
            <system-err></system-err>
        </testcase>
        <testcase name="Test Cases/AlterationScoringNBMajor/PRUmed Benefit Limitation/PRUmed Benefit Limitation" classname="Test Cases/AlterationScoringNBMajor/PRUmed Benefit Limitation/PRUmed Benefit Limitation" status="PASSED">
            <system-out>2019-09-19 15:29:02 - [TEST_CASE][PASSED] - Test Cases/AlterationScoringNBMajor/PRUmed Benefit Limitation/PRUmed Benefit Limitation: Test Cases/AlterationScoringNBMajor/PRUmed Benefit Limitation/PRUmed Benefit Limitation&#xD;
&#xD;
2019-09-19 15:29:02 - [TEST_STEP][PASSED] - response = sendRequest(findTestObject("AlterationScroingNBMajor/PRUmed Benefit Limitation/Version 1.0_Check_1.391/Request Object", ["transactionType":transactionType, "clientType":clientType, "role":role, "subAlter":subAlter, "eviCode":eviCode, "riderCode":riderCode, ... ])): Send request successfully&#xD;
&#xD;
2019-09-19 15:29:02 - [MESSAGE][INFO] - HAR: C:\SURYAPURBA\PHS\PHS-BRMS\Reports\AlterationScoringNBMajor\PRUmed Benefit Limitation\20190919_152823\requests\main\39.har&#xD;
&#xD;
2019-09-19 15:29:02 - [MESSAGE][PASSED] - Send request successfully&#xD;
&#xD;
2019-09-19 15:29:02 - [TEST_STEP][PASSED] - slurper = new groovy.json.JsonSlurper(): null&#xD;
&#xD;
2019-09-19 15:29:02 - [TEST_STEP][PASSED] - parsingResponse = slurper.parseText(response.getResponseText()): null&#xD;
&#xD;
2019-09-19 15:29:02 - [TEST_STEP][PASSED] - println(parsingResponse): null&#xD;
&#xD;
2019-09-19 15:29:02 - [TEST_STEP][PASSED] - evidenceCode = evidenceCode: null&#xD;
&#xD;
2019-09-19 15:29:02 - [TEST_STEP][PASSED] - println(evidenceCode): null&#xD;
&#xD;
2019-09-19 15:29:02 - [TEST_STEP][PASSED] - println(expectedEvidenceCode): null&#xD;
&#xD;
2019-09-19 15:29:02 - [TEST_STEP][PASSED] - if (expectedEvidenceCode != "STD"): null&#xD;
&#xD;
2019-09-19 15:29:02 - [TEST_STEP][PASSED] - actual = description == expectedDescription: null&#xD;
&#xD;
2019-09-19 15:29:02 - [TEST_STEP][PASSED] - verifyEqual(actual, true, CONTINUE_ON_FAILURE): Actual object 'true' and expected object 'true' are equal&#xD;
&#xD;
2019-09-19 15:29:02 - [MESSAGE][PASSED] - Actual object 'true' and expected object 'true' are equal&#xD;
&#xD;
2019-09-19 15:29:02 - [TEST_STEP][PASSED] - if (actual == false): null&#xD;
&#xD;
2019-09-19 15:29:02 - [TEST_STEP][PASSED] - verifyResponseStatusCode(response, 200): Verify response status code successfully&#xD;
&#xD;
2019-09-19 15:29:02 - [MESSAGE][PASSED] - Verify response status code successfully</system-out>
            <system-err></system-err>
        </testcase>
        <testcase name="Test Cases/AlterationScoringNBMajor/PRUmed Benefit Limitation/PRUmed Benefit Limitation" classname="Test Cases/AlterationScoringNBMajor/PRUmed Benefit Limitation/PRUmed Benefit Limitation" status="PASSED">
            <system-out>2019-09-19 15:29:03 - [TEST_CASE][PASSED] - Test Cases/AlterationScoringNBMajor/PRUmed Benefit Limitation/PRUmed Benefit Limitation: Test Cases/AlterationScoringNBMajor/PRUmed Benefit Limitation/PRUmed Benefit Limitation&#xD;
&#xD;
2019-09-19 15:29:03 - [TEST_STEP][PASSED] - response = sendRequest(findTestObject("AlterationScroingNBMajor/PRUmed Benefit Limitation/Version 1.0_Check_1.391/Request Object", ["transactionType":transactionType, "clientType":clientType, "role":role, "subAlter":subAlter, "eviCode":eviCode, "riderCode":riderCode, ... ])): Send request successfully&#xD;
&#xD;
2019-09-19 15:29:03 - [MESSAGE][INFO] - HAR: C:\SURYAPURBA\PHS\PHS-BRMS\Reports\AlterationScoringNBMajor\PRUmed Benefit Limitation\20190919_152823\requests\main\40.har&#xD;
&#xD;
2019-09-19 15:29:03 - [MESSAGE][PASSED] - Send request successfully&#xD;
&#xD;
2019-09-19 15:29:03 - [TEST_STEP][PASSED] - slurper = new groovy.json.JsonSlurper(): null&#xD;
&#xD;
2019-09-19 15:29:04 - [TEST_STEP][PASSED] - parsingResponse = slurper.parseText(response.getResponseText()): null&#xD;
&#xD;
2019-09-19 15:29:04 - [TEST_STEP][PASSED] - println(parsingResponse): null&#xD;
&#xD;
2019-09-19 15:29:04 - [TEST_STEP][PASSED] - evidenceCode = evidenceCode: null&#xD;
&#xD;
2019-09-19 15:29:04 - [TEST_STEP][PASSED] - println(evidenceCode): null&#xD;
&#xD;
2019-09-19 15:29:04 - [TEST_STEP][PASSED] - println(expectedEvidenceCode): null&#xD;
&#xD;
2019-09-19 15:29:04 - [TEST_STEP][PASSED] - if (expectedEvidenceCode != "STD"): null&#xD;
&#xD;
2019-09-19 15:29:04 - [TEST_STEP][PASSED] - actual = description == expectedDescription: null&#xD;
&#xD;
2019-09-19 15:29:04 - [TEST_STEP][PASSED] - verifyEqual(actual, true, CONTINUE_ON_FAILURE): Actual object 'true' and expected object 'true' are equal&#xD;
&#xD;
2019-09-19 15:29:04 - [MESSAGE][PASSED] - Actual object 'true' and expected object 'true' are equal&#xD;
&#xD;
2019-09-19 15:29:04 - [TEST_STEP][PASSED] - if (actual == false): null&#xD;
&#xD;
2019-09-19 15:29:04 - [TEST_STEP][PASSED] - verifyResponseStatusCode(response, 200): Verify response status code successfully&#xD;
&#xD;
2019-09-19 15:29:04 - [MESSAGE][PASSED] - Verify response status code successfully</system-out>
            <system-err></system-err>
        </testcase>
        <testcase name="Test Cases/AlterationScoringNBMajor/PRUmed Benefit Limitation/PRUmed Benefit Limitation" classname="Test Cases/AlterationScoringNBMajor/PRUmed Benefit Limitation/PRUmed Benefit Limitation" status="PASSED">
            <system-out>2019-09-19 15:29:04 - [TEST_CASE][PASSED] - Test Cases/AlterationScoringNBMajor/PRUmed Benefit Limitation/PRUmed Benefit Limitation: Test Cases/AlterationScoringNBMajor/PRUmed Benefit Limitation/PRUmed Benefit Limitation&#xD;
&#xD;
2019-09-19 15:29:04 - [TEST_STEP][PASSED] - response = sendRequest(findTestObject("AlterationScroingNBMajor/PRUmed Benefit Limitation/Version 1.0_Check_1.391/Request Object", ["transactionType":transactionType, "clientType":clientType, "role":role, "subAlter":subAlter, "eviCode":eviCode, "riderCode":riderCode, ... ])): Send request successfully&#xD;
&#xD;
2019-09-19 15:29:04 - [MESSAGE][INFO] - HAR: C:\SURYAPURBA\PHS\PHS-BRMS\Reports\AlterationScoringNBMajor\PRUmed Benefit Limitation\20190919_152823\requests\main\41.har&#xD;
&#xD;
2019-09-19 15:29:04 - [MESSAGE][PASSED] - Send request successfully&#xD;
&#xD;
2019-09-19 15:29:05 - [TEST_STEP][PASSED] - slurper = new groovy.json.JsonSlurper(): null&#xD;
&#xD;
2019-09-19 15:29:05 - [TEST_STEP][PASSED] - parsingResponse = slurper.parseText(response.getResponseText()): null&#xD;
&#xD;
2019-09-19 15:29:05 - [TEST_STEP][PASSED] - println(parsingResponse): null&#xD;
&#xD;
2019-09-19 15:29:05 - [TEST_STEP][PASSED] - evidenceCode = evidenceCode: null&#xD;
&#xD;
2019-09-19 15:29:05 - [TEST_STEP][PASSED] - println(evidenceCode): null&#xD;
&#xD;
2019-09-19 15:29:05 - [TEST_STEP][PASSED] - println(expectedEvidenceCode): null&#xD;
&#xD;
2019-09-19 15:29:05 - [TEST_STEP][PASSED] - if (expectedEvidenceCode != "STD"): null&#xD;
&#xD;
2019-09-19 15:29:05 - [TEST_STEP][PASSED] - actual = description == expectedDescription: null&#xD;
&#xD;
2019-09-19 15:29:05 - [TEST_STEP][PASSED] - verifyEqual(actual, true, CONTINUE_ON_FAILURE): Actual object 'true' and expected object 'true' are equal&#xD;
&#xD;
2019-09-19 15:29:05 - [MESSAGE][PASSED] - Actual object 'true' and expected object 'true' are equal&#xD;
&#xD;
2019-09-19 15:29:05 - [TEST_STEP][PASSED] - if (actual == false): null&#xD;
&#xD;
2019-09-19 15:29:05 - [TEST_STEP][PASSED] - verifyResponseStatusCode(response, 200): Verify response status code successfully&#xD;
&#xD;
2019-09-19 15:29:05 - [MESSAGE][PASSED] - Verify response status code successfully</system-out>
            <system-err></system-err>
        </testcase>
        <testcase name="Test Cases/AlterationScoringNBMajor/PRUmed Benefit Limitation/PRUmed Benefit Limitation" classname="Test Cases/AlterationScoringNBMajor/PRUmed Benefit Limitation/PRUmed Benefit Limitation" status="PASSED">
            <system-out>2019-09-19 15:29:05 - [TEST_CASE][PASSED] - Test Cases/AlterationScoringNBMajor/PRUmed Benefit Limitation/PRUmed Benefit Limitation: Test Cases/AlterationScoringNBMajor/PRUmed Benefit Limitation/PRUmed Benefit Limitation&#xD;
&#xD;
2019-09-19 15:29:05 - [TEST_STEP][PASSED] - response = sendRequest(findTestObject("AlterationScroingNBMajor/PRUmed Benefit Limitation/Version 1.0_Check_1.391/Request Object", ["transactionType":transactionType, "clientType":clientType, "role":role, "subAlter":subAlter, "eviCode":eviCode, "riderCode":riderCode, ... ])): Send request successfully&#xD;
&#xD;
2019-09-19 15:29:05 - [MESSAGE][INFO] - HAR: C:\SURYAPURBA\PHS\PHS-BRMS\Reports\AlterationScoringNBMajor\PRUmed Benefit Limitation\20190919_152823\requests\main\42.har&#xD;
&#xD;
2019-09-19 15:29:06 - [MESSAGE][PASSED] - Send request successfully&#xD;
&#xD;
2019-09-19 15:29:06 - [TEST_STEP][PASSED] - slurper = new groovy.json.JsonSlurper(): null&#xD;
&#xD;
2019-09-19 15:29:06 - [TEST_STEP][PASSED] - parsingResponse = slurper.parseText(response.getResponseText()): null&#xD;
&#xD;
2019-09-19 15:29:06 - [TEST_STEP][PASSED] - println(parsingResponse): null&#xD;
&#xD;
2019-09-19 15:29:06 - [TEST_STEP][PASSED] - evidenceCode = evidenceCode: null&#xD;
&#xD;
2019-09-19 15:29:06 - [TEST_STEP][PASSED] - println(evidenceCode): null&#xD;
&#xD;
2019-09-19 15:29:06 - [TEST_STEP][PASSED] - println(expectedEvidenceCode): null&#xD;
&#xD;
2019-09-19 15:29:06 - [TEST_STEP][PASSED] - if (expectedEvidenceCode != "STD"): null&#xD;
&#xD;
2019-09-19 15:29:06 - [TEST_STEP][PASSED] - actual = description == expectedDescription: null&#xD;
&#xD;
2019-09-19 15:29:06 - [TEST_STEP][PASSED] - verifyEqual(actual, true, CONTINUE_ON_FAILURE): Actual object 'true' and expected object 'true' are equal&#xD;
&#xD;
2019-09-19 15:29:07 - [MESSAGE][PASSED] - Actual object 'true' and expected object 'true' are equal&#xD;
&#xD;
2019-09-19 15:29:07 - [TEST_STEP][PASSED] - if (actual == false): null&#xD;
&#xD;
2019-09-19 15:29:07 - [TEST_STEP][PASSED] - verifyResponseStatusCode(response, 200): Verify response status code successfully&#xD;
&#xD;
2019-09-19 15:29:07 - [MESSAGE][PASSED] - Verify response status code successfully</system-out>
            <system-err></system-err>
        </testcase>
        <testcase name="Test Cases/AlterationScoringNBMajor/PRUmed Benefit Limitation/PRUmed Benefit Limitation" classname="Test Cases/AlterationScoringNBMajor/PRUmed Benefit Limitation/PRUmed Benefit Limitation" status="PASSED">
            <system-out>2019-09-19 15:29:07 - [TEST_CASE][PASSED] - Test Cases/AlterationScoringNBMajor/PRUmed Benefit Limitation/PRUmed Benefit Limitation: Test Cases/AlterationScoringNBMajor/PRUmed Benefit Limitation/PRUmed Benefit Limitation&#xD;
&#xD;
2019-09-19 15:29:07 - [TEST_STEP][PASSED] - response = sendRequest(findTestObject("AlterationScroingNBMajor/PRUmed Benefit Limitation/Version 1.0_Check_1.391/Request Object", ["transactionType":transactionType, "clientType":clientType, "role":role, "subAlter":subAlter, "eviCode":eviCode, "riderCode":riderCode, ... ])): Send request successfully&#xD;
&#xD;
2019-09-19 15:29:07 - [MESSAGE][INFO] - HAR: C:\SURYAPURBA\PHS\PHS-BRMS\Reports\AlterationScoringNBMajor\PRUmed Benefit Limitation\20190919_152823\requests\main\43.har&#xD;
&#xD;
2019-09-19 15:29:07 - [MESSAGE][PASSED] - Send request successfully&#xD;
&#xD;
2019-09-19 15:29:07 - [TEST_STEP][PASSED] - slurper = new groovy.json.JsonSlurper(): null&#xD;
&#xD;
2019-09-19 15:29:07 - [TEST_STEP][PASSED] - parsingResponse = slurper.parseText(response.getResponseText()): null&#xD;
&#xD;
2019-09-19 15:29:07 - [TEST_STEP][PASSED] - println(parsingResponse): null&#xD;
&#xD;
2019-09-19 15:29:07 - [TEST_STEP][PASSED] - evidenceCode = evidenceCode: null&#xD;
&#xD;
2019-09-19 15:29:07 - [TEST_STEP][PASSED] - println(evidenceCode): null&#xD;
&#xD;
2019-09-19 15:29:07 - [TEST_STEP][PASSED] - println(expectedEvidenceCode): null&#xD;
&#xD;
2019-09-19 15:29:07 - [TEST_STEP][PASSED] - if (expectedEvidenceCode != "STD"): null&#xD;
&#xD;
2019-09-19 15:29:08 - [TEST_STEP][PASSED] - actual = description == expectedDescription: null&#xD;
&#xD;
2019-09-19 15:29:08 - [TEST_STEP][PASSED] - verifyEqual(actual, true, CONTINUE_ON_FAILURE): Actual object 'true' and expected object 'true' are equal&#xD;
&#xD;
2019-09-19 15:29:08 - [MESSAGE][PASSED] - Actual object 'true' and expected object 'true' are equal&#xD;
&#xD;
2019-09-19 15:29:08 - [TEST_STEP][PASSED] - if (actual == false): null&#xD;
&#xD;
2019-09-19 15:29:08 - [TEST_STEP][PASSED] - verifyResponseStatusCode(response, 200): Verify response status code successfully&#xD;
&#xD;
2019-09-19 15:29:08 - [MESSAGE][PASSED] - Verify response status code successfully</system-out>
            <system-err></system-err>
        </testcase>
        <testcase name="Test Cases/AlterationScoringNBMajor/PRUmed Benefit Limitation/PRUmed Benefit Limitation" classname="Test Cases/AlterationScoringNBMajor/PRUmed Benefit Limitation/PRUmed Benefit Limitation" status="PASSED">
            <system-out>2019-09-19 15:29:08 - [TEST_CASE][PASSED] - Test Cases/AlterationScoringNBMajor/PRUmed Benefit Limitation/PRUmed Benefit Limitation: Test Cases/AlterationScoringNBMajor/PRUmed Benefit Limitation/PRUmed Benefit Limitation&#xD;
&#xD;
2019-09-19 15:29:09 - [TEST_STEP][PASSED] - response = sendRequest(findTestObject("AlterationScroingNBMajor/PRUmed Benefit Limitation/Version 1.0_Check_1.391/Request Object", ["transactionType":transactionType, "clientType":clientType, "role":role, "subAlter":subAlter, "eviCode":eviCode, "riderCode":riderCode, ... ])): Send request successfully&#xD;
&#xD;
2019-09-19 15:29:09 - [MESSAGE][INFO] - HAR: C:\SURYAPURBA\PHS\PHS-BRMS\Reports\AlterationScoringNBMajor\PRUmed Benefit Limitation\20190919_152823\requests\main\44.har&#xD;
&#xD;
2019-09-19 15:29:09 - [MESSAGE][PASSED] - Send request successfully&#xD;
&#xD;
2019-09-19 15:29:09 - [TEST_STEP][PASSED] - slurper = new groovy.json.JsonSlurper(): null&#xD;
&#xD;
2019-09-19 15:29:09 - [TEST_STEP][PASSED] - parsingResponse = slurper.parseText(response.getResponseText()): null&#xD;
&#xD;
2019-09-19 15:29:09 - [TEST_STEP][PASSED] - println(parsingResponse): null&#xD;
&#xD;
2019-09-19 15:29:09 - [TEST_STEP][PASSED] - evidenceCode = evidenceCode: null&#xD;
&#xD;
2019-09-19 15:29:09 - [TEST_STEP][PASSED] - println(evidenceCode): null&#xD;
&#xD;
2019-09-19 15:29:09 - [TEST_STEP][PASSED] - println(expectedEvidenceCode): null&#xD;
&#xD;
2019-09-19 15:29:09 - [TEST_STEP][PASSED] - if (expectedEvidenceCode != "STD"): null&#xD;
&#xD;
2019-09-19 15:29:09 - [TEST_STEP][PASSED] - actual = description == expectedDescription: null&#xD;
&#xD;
2019-09-19 15:29:09 - [TEST_STEP][PASSED] - verifyEqual(actual, true, CONTINUE_ON_FAILURE): Actual object 'true' and expected object 'true' are equal&#xD;
&#xD;
2019-09-19 15:29:09 - [MESSAGE][PASSED] - Actual object 'true' and expected object 'true' are equal&#xD;
&#xD;
2019-09-19 15:29:09 - [TEST_STEP][PASSED] - if (actual == false): null&#xD;
&#xD;
2019-09-19 15:29:09 - [TEST_STEP][PASSED] - verifyResponseStatusCode(response, 200): Verify response status code successfully&#xD;
&#xD;
2019-09-19 15:29:09 - [MESSAGE][PASSED] - Verify response status code successfully</system-out>
            <system-err></system-err>
        </testcase>
        <testcase name="Test Cases/AlterationScoringNBMajor/PRUmed Benefit Limitation/PRUmed Benefit Limitation" classname="Test Cases/AlterationScoringNBMajor/PRUmed Benefit Limitation/PRUmed Benefit Limitation" status="PASSED">
            <system-out>2019-09-19 15:29:09 - [TEST_CASE][PASSED] - Test Cases/AlterationScoringNBMajor/PRUmed Benefit Limitation/PRUmed Benefit Limitation: Test Cases/AlterationScoringNBMajor/PRUmed Benefit Limitation/PRUmed Benefit Limitation&#xD;
&#xD;
2019-09-19 15:29:10 - [TEST_STEP][PASSED] - response = sendRequest(findTestObject("AlterationScroingNBMajor/PRUmed Benefit Limitation/Version 1.0_Check_1.391/Request Object", ["transactionType":transactionType, "clientType":clientType, "role":role, "subAlter":subAlter, "eviCode":eviCode, "riderCode":riderCode, ... ])): Send request successfully&#xD;
&#xD;
2019-09-19 15:29:10 - [MESSAGE][INFO] - HAR: C:\SURYAPURBA\PHS\PHS-BRMS\Reports\AlterationScoringNBMajor\PRUmed Benefit Limitation\20190919_152823\requests\main\45.har&#xD;
&#xD;
2019-09-19 15:29:10 - [MESSAGE][PASSED] - Send request successfully&#xD;
&#xD;
2019-09-19 15:29:10 - [TEST_STEP][PASSED] - slurper = new groovy.json.JsonSlurper(): null&#xD;
&#xD;
2019-09-19 15:29:10 - [TEST_STEP][PASSED] - parsingResponse = slurper.parseText(response.getResponseText()): null&#xD;
&#xD;
2019-09-19 15:29:10 - [TEST_STEP][PASSED] - println(parsingResponse): null&#xD;
&#xD;
2019-09-19 15:29:10 - [TEST_STEP][PASSED] - evidenceCode = evidenceCode: null&#xD;
&#xD;
2019-09-19 15:29:11 - [TEST_STEP][PASSED] - println(evidenceCode): null&#xD;
&#xD;
2019-09-19 15:29:11 - [TEST_STEP][PASSED] - println(expectedEvidenceCode): null&#xD;
&#xD;
2019-09-19 15:29:11 - [TEST_STEP][PASSED] - if (expectedEvidenceCode != "STD"): null&#xD;
&#xD;
2019-09-19 15:29:11 - [TEST_STEP][PASSED] - actual = description == expectedDescription: null&#xD;
&#xD;
2019-09-19 15:29:11 - [TEST_STEP][PASSED] - verifyEqual(actual, true, CONTINUE_ON_FAILURE): Actual object 'true' and expected object 'true' are equal&#xD;
&#xD;
2019-09-19 15:29:11 - [MESSAGE][PASSED] - Actual object 'true' and expected object 'true' are equal&#xD;
&#xD;
2019-09-19 15:29:11 - [TEST_STEP][PASSED] - if (actual == false): null&#xD;
&#xD;
2019-09-19 15:29:11 - [TEST_STEP][PASSED] - verifyResponseStatusCode(response, 200): Verify response status code successfully&#xD;
&#xD;
2019-09-19 15:29:11 - [MESSAGE][PASSED] - Verify response status code successfully</system-out>
            <system-err></system-err>
        </testcase>
        <testcase name="Test Cases/AlterationScoringNBMajor/PRUmed Benefit Limitation/PRUmed Benefit Limitation" classname="Test Cases/AlterationScoringNBMajor/PRUmed Benefit Limitation/PRUmed Benefit Limitation" status="PASSED">
            <system-out>2019-09-19 15:29:11 - [TEST_CASE][PASSED] - Test Cases/AlterationScoringNBMajor/PRUmed Benefit Limitation/PRUmed Benefit Limitation: Test Cases/AlterationScoringNBMajor/PRUmed Benefit Limitation/PRUmed Benefit Limitation&#xD;
&#xD;
2019-09-19 15:29:11 - [TEST_STEP][PASSED] - response = sendRequest(findTestObject("AlterationScroingNBMajor/PRUmed Benefit Limitation/Version 1.0_Check_1.391/Request Object", ["transactionType":transactionType, "clientType":clientType, "role":role, "subAlter":subAlter, "eviCode":eviCode, "riderCode":riderCode, ... ])): Send request successfully&#xD;
&#xD;
2019-09-19 15:29:11 - [MESSAGE][INFO] - HAR: C:\SURYAPURBA\PHS\PHS-BRMS\Reports\AlterationScoringNBMajor\PRUmed Benefit Limitation\20190919_152823\requests\main\46.har&#xD;
&#xD;
2019-09-19 15:29:11 - [MESSAGE][PASSED] - Send request successfully&#xD;
&#xD;
2019-09-19 15:29:11 - [TEST_STEP][PASSED] - slurper = new groovy.json.JsonSlurper(): null&#xD;
&#xD;
2019-09-19 15:29:11 - [TEST_STEP][PASSED] - parsingResponse = slurper.parseText(response.getResponseText()): null&#xD;
&#xD;
2019-09-19 15:29:12 - [TEST_STEP][PASSED] - println(parsingResponse): null&#xD;
&#xD;
2019-09-19 15:29:12 - [TEST_STEP][PASSED] - evidenceCode = evidenceCode: null&#xD;
&#xD;
2019-09-19 15:29:12 - [TEST_STEP][PASSED] - println(evidenceCode): null&#xD;
&#xD;
2019-09-19 15:29:12 - [TEST_STEP][PASSED] - println(expectedEvidenceCode): null&#xD;
&#xD;
2019-09-19 15:29:12 - [TEST_STEP][PASSED] - if (expectedEvidenceCode != "STD"): null&#xD;
&#xD;
2019-09-19 15:29:12 - [TEST_STEP][PASSED] - actual = description == expectedDescription: null&#xD;
&#xD;
2019-09-19 15:29:12 - [TEST_STEP][PASSED] - verifyEqual(actual, true, CONTINUE_ON_FAILURE): Actual object 'true' and expected object 'true' are equal&#xD;
&#xD;
2019-09-19 15:29:12 - [MESSAGE][PASSED] - Actual object 'true' and expected object 'true' are equal&#xD;
&#xD;
2019-09-19 15:29:12 - [TEST_STEP][PASSED] - if (actual == false): null&#xD;
&#xD;
2019-09-19 15:29:12 - [TEST_STEP][PASSED] - verifyResponseStatusCode(response, 200): Verify response status code successfully&#xD;
&#xD;
2019-09-19 15:29:12 - [MESSAGE][PASSED] - Verify response status code successfully</system-out>
            <system-err></system-err>
        </testcase>
        <testcase name="Test Cases/AlterationScoringNBMajor/PRUmed Benefit Limitation/PRUmed Benefit Limitation" classname="Test Cases/AlterationScoringNBMajor/PRUmed Benefit Limitation/PRUmed Benefit Limitation" status="PASSED">
            <system-out>2019-09-19 15:29:12 - [TEST_CASE][PASSED] - Test Cases/AlterationScoringNBMajor/PRUmed Benefit Limitation/PRUmed Benefit Limitation: Test Cases/AlterationScoringNBMajor/PRUmed Benefit Limitation/PRUmed Benefit Limitation&#xD;
&#xD;
2019-09-19 15:29:12 - [TEST_STEP][PASSED] - response = sendRequest(findTestObject("AlterationScroingNBMajor/PRUmed Benefit Limitation/Version 1.0_Check_1.391/Request Object", ["transactionType":transactionType, "clientType":clientType, "role":role, "subAlter":subAlter, "eviCode":eviCode, "riderCode":riderCode, ... ])): Send request successfully&#xD;
&#xD;
2019-09-19 15:29:12 - [MESSAGE][INFO] - HAR: C:\SURYAPURBA\PHS\PHS-BRMS\Reports\AlterationScoringNBMajor\PRUmed Benefit Limitation\20190919_152823\requests\main\47.har&#xD;
&#xD;
2019-09-19 15:29:12 - [MESSAGE][PASSED] - Send request successfully&#xD;
&#xD;
2019-09-19 15:29:12 - [TEST_STEP][PASSED] - slurper = new groovy.json.JsonSlurper(): null&#xD;
&#xD;
2019-09-19 15:29:13 - [TEST_STEP][PASSED] - parsingResponse = slurper.parseText(response.getResponseText()): null&#xD;
&#xD;
2019-09-19 15:29:13 - [TEST_STEP][PASSED] - println(parsingResponse): null&#xD;
&#xD;
2019-09-19 15:29:13 - [TEST_STEP][PASSED] - evidenceCode = evidenceCode: null&#xD;
&#xD;
2019-09-19 15:29:13 - [TEST_STEP][PASSED] - println(evidenceCode): null&#xD;
&#xD;
2019-09-19 15:29:13 - [TEST_STEP][PASSED] - println(expectedEvidenceCode): null&#xD;
&#xD;
2019-09-19 15:29:13 - [TEST_STEP][PASSED] - if (expectedEvidenceCode != "STD"): null&#xD;
&#xD;
2019-09-19 15:29:13 - [TEST_STEP][PASSED] - actual = description == expectedDescription: null&#xD;
&#xD;
2019-09-19 15:29:13 - [TEST_STEP][PASSED] - verifyEqual(actual, true, CONTINUE_ON_FAILURE): Actual object 'true' and expected object 'true' are equal&#xD;
&#xD;
2019-09-19 15:29:13 - [MESSAGE][PASSED] - Actual object 'true' and expected object 'true' are equal&#xD;
&#xD;
2019-09-19 15:29:13 - [TEST_STEP][PASSED] - if (actual == false): null&#xD;
&#xD;
2019-09-19 15:29:14 - [TEST_STEP][PASSED] - verifyResponseStatusCode(response, 200): Verify response status code successfully&#xD;
&#xD;
2019-09-19 15:29:14 - [MESSAGE][PASSED] - Verify response status code successfully</system-out>
            <system-err></system-err>
        </testcase>
        <testcase name="Test Cases/AlterationScoringNBMajor/PRUmed Benefit Limitation/PRUmed Benefit Limitation" classname="Test Cases/AlterationScoringNBMajor/PRUmed Benefit Limitation/PRUmed Benefit Limitation" status="PASSED">
            <system-out>2019-09-19 15:29:14 - [TEST_CASE][PASSED] - Test Cases/AlterationScoringNBMajor/PRUmed Benefit Limitation/PRUmed Benefit Limitation: Test Cases/AlterationScoringNBMajor/PRUmed Benefit Limitation/PRUmed Benefit Limitation&#xD;
&#xD;
2019-09-19 15:29:14 - [TEST_STEP][PASSED] - response = sendRequest(findTestObject("AlterationScroingNBMajor/PRUmed Benefit Limitation/Version 1.0_Check_1.391/Request Object", ["transactionType":transactionType, "clientType":clientType, "role":role, "subAlter":subAlter, "eviCode":eviCode, "riderCode":riderCode, ... ])): Send request successfully&#xD;
&#xD;
2019-09-19 15:29:14 - [MESSAGE][INFO] - HAR: C:\SURYAPURBA\PHS\PHS-BRMS\Reports\AlterationScoringNBMajor\PRUmed Benefit Limitation\20190919_152823\requests\main\48.har&#xD;
&#xD;
2019-09-19 15:29:14 - [MESSAGE][PASSED] - Send request successfully&#xD;
&#xD;
2019-09-19 15:29:14 - [TEST_STEP][PASSED] - slurper = new groovy.json.JsonSlurper(): null&#xD;
&#xD;
2019-09-19 15:29:14 - [TEST_STEP][PASSED] - parsingResponse = slurper.parseText(response.getResponseText()): null&#xD;
&#xD;
2019-09-19 15:29:14 - [TEST_STEP][PASSED] - println(parsingResponse): null&#xD;
&#xD;
2019-09-19 15:29:14 - [TEST_STEP][PASSED] - evidenceCode = evidenceCode: null&#xD;
&#xD;
2019-09-19 15:29:14 - [TEST_STEP][PASSED] - println(evidenceCode): null&#xD;
&#xD;
2019-09-19 15:29:14 - [TEST_STEP][PASSED] - println(expectedEvidenceCode): null&#xD;
&#xD;
2019-09-19 15:29:14 - [TEST_STEP][PASSED] - if (expectedEvidenceCode != "STD"): null&#xD;
&#xD;
2019-09-19 15:29:14 - [TEST_STEP][PASSED] - verifyResponseStatusCode(response, 200): Verify response status code successfully&#xD;
&#xD;
2019-09-19 15:29:14 - [MESSAGE][PASSED] - Verify response status code successfully</system-out>
            <system-err></system-err>
        </testcase>
        <testcase name="Test Cases/AlterationScoringNBMajor/PRUmed Benefit Limitation/PRUmed Benefit Limitation" classname="Test Cases/AlterationScoringNBMajor/PRUmed Benefit Limitation/PRUmed Benefit Limitation" status="PASSED">
            <system-out>2019-09-19 15:29:15 - [TEST_CASE][PASSED] - Test Cases/AlterationScoringNBMajor/PRUmed Benefit Limitation/PRUmed Benefit Limitation: Test Cases/AlterationScoringNBMajor/PRUmed Benefit Limitation/PRUmed Benefit Limitation&#xD;
&#xD;
2019-09-19 15:29:15 - [TEST_STEP][PASSED] - response = sendRequest(findTestObject("AlterationScroingNBMajor/PRUmed Benefit Limitation/Version 1.0_Check_1.391/Request Object", ["transactionType":transactionType, "clientType":clientType, "role":role, "subAlter":subAlter, "eviCode":eviCode, "riderCode":riderCode, ... ])): Send request successfully&#xD;
&#xD;
2019-09-19 15:29:15 - [MESSAGE][INFO] - HAR: C:\SURYAPURBA\PHS\PHS-BRMS\Reports\AlterationScoringNBMajor\PRUmed Benefit Limitation\20190919_152823\requests\main\49.har&#xD;
&#xD;
2019-09-19 15:29:15 - [MESSAGE][PASSED] - Send request successfully&#xD;
&#xD;
2019-09-19 15:29:15 - [TEST_STEP][PASSED] - slurper = new groovy.json.JsonSlurper(): null&#xD;
&#xD;
2019-09-19 15:29:16 - [TEST_STEP][PASSED] - parsingResponse = slurper.parseText(response.getResponseText()): null&#xD;
&#xD;
2019-09-19 15:29:16 - [TEST_STEP][PASSED] - println(parsingResponse): null&#xD;
&#xD;
2019-09-19 15:29:16 - [TEST_STEP][PASSED] - evidenceCode = evidenceCode: null&#xD;
&#xD;
2019-09-19 15:29:16 - [TEST_STEP][PASSED] - println(evidenceCode): null&#xD;
&#xD;
2019-09-19 15:29:16 - [TEST_STEP][PASSED] - println(expectedEvidenceCode): null&#xD;
&#xD;
2019-09-19 15:29:16 - [TEST_STEP][PASSED] - if (expectedEvidenceCode != "STD"): null&#xD;
&#xD;
2019-09-19 15:29:16 - [TEST_STEP][PASSED] - verifyResponseStatusCode(response, 200): Verify response status code successfully&#xD;
&#xD;
2019-09-19 15:29:16 - [MESSAGE][PASSED] - Verify response status code successfully</system-out>
            <system-err></system-err>
        </testcase>
        <testcase name="Test Cases/AlterationScoringNBMajor/PRUmed Benefit Limitation/PRUmed Benefit Limitation" classname="Test Cases/AlterationScoringNBMajor/PRUmed Benefit Limitation/PRUmed Benefit Limitation" status="PASSED">
            <system-out>2019-09-19 15:29:16 - [TEST_CASE][PASSED] - Test Cases/AlterationScoringNBMajor/PRUmed Benefit Limitation/PRUmed Benefit Limitation: Test Cases/AlterationScoringNBMajor/PRUmed Benefit Limitation/PRUmed Benefit Limitation&#xD;
&#xD;
2019-09-19 15:29:16 - [TEST_STEP][PASSED] - response = sendRequest(findTestObject("AlterationScroingNBMajor/PRUmed Benefit Limitation/Version 1.0_Check_1.391/Request Object", ["transactionType":transactionType, "clientType":clientType, "role":role, "subAlter":subAlter, "eviCode":eviCode, "riderCode":riderCode, ... ])): Send request successfully&#xD;
&#xD;
2019-09-19 15:29:16 - [MESSAGE][INFO] - HAR: C:\SURYAPURBA\PHS\PHS-BRMS\Reports\AlterationScoringNBMajor\PRUmed Benefit Limitation\20190919_152823\requests\main\50.har&#xD;
&#xD;
2019-09-19 15:29:16 - [MESSAGE][PASSED] - Send request successfully&#xD;
&#xD;
2019-09-19 15:29:16 - [TEST_STEP][PASSED] - slurper = new groovy.json.JsonSlurper(): null&#xD;
&#xD;
2019-09-19 15:29:16 - [TEST_STEP][PASSED] - parsingResponse = slurper.parseText(response.getResponseText()): null&#xD;
&#xD;
2019-09-19 15:29:16 - [TEST_STEP][PASSED] - println(parsingResponse): null&#xD;
&#xD;
2019-09-19 15:29:17 - [TEST_STEP][PASSED] - evidenceCode = evidenceCode: null&#xD;
&#xD;
2019-09-19 15:29:17 - [TEST_STEP][PASSED] - println(evidenceCode): null&#xD;
&#xD;
2019-09-19 15:29:17 - [TEST_STEP][PASSED] - println(expectedEvidenceCode): null&#xD;
&#xD;
2019-09-19 15:29:17 - [TEST_STEP][PASSED] - if (expectedEvidenceCode != "STD"): null&#xD;
&#xD;
2019-09-19 15:29:17 - [TEST_STEP][PASSED] - verifyResponseStatusCode(response, 200): Verify response status code successfully&#xD;
&#xD;
2019-09-19 15:29:17 - [MESSAGE][PASSED] - Verify response status code successfully</system-out>
            <system-err></system-err>
        </testcase>
        <testcase name="Test Cases/AlterationScoringNBMajor/PRUmed Benefit Limitation/PRUmed Benefit Limitation" classname="Test Cases/AlterationScoringNBMajor/PRUmed Benefit Limitation/PRUmed Benefit Limitation" status="PASSED">
            <system-out>2019-09-19 15:29:17 - [TEST_CASE][PASSED] - Test Cases/AlterationScoringNBMajor/PRUmed Benefit Limitation/PRUmed Benefit Limitation: Test Cases/AlterationScoringNBMajor/PRUmed Benefit Limitation/PRUmed Benefit Limitation&#xD;
&#xD;
2019-09-19 15:29:17 - [TEST_STEP][PASSED] - response = sendRequest(findTestObject("AlterationScroingNBMajor/PRUmed Benefit Limitation/Version 1.0_Check_1.391/Request Object", ["transactionType":transactionType, "clientType":clientType, "role":role, "subAlter":subAlter, "eviCode":eviCode, "riderCode":riderCode, ... ])): Send request successfully&#xD;
&#xD;
2019-09-19 15:29:17 - [MESSAGE][INFO] - HAR: C:\SURYAPURBA\PHS\PHS-BRMS\Reports\AlterationScoringNBMajor\PRUmed Benefit Limitation\20190919_152823\requests\main\51.har&#xD;
&#xD;
2019-09-19 15:29:17 - [MESSAGE][PASSED] - Send request successfully&#xD;
&#xD;
2019-09-19 15:29:17 - [TEST_STEP][PASSED] - slurper = new groovy.json.JsonSlurper(): null&#xD;
&#xD;
2019-09-19 15:29:17 - [TEST_STEP][PASSED] - parsingResponse = slurper.parseText(response.getResponseText()): null&#xD;
&#xD;
2019-09-19 15:29:17 - [TEST_STEP][PASSED] - println(parsingResponse): null&#xD;
&#xD;
2019-09-19 15:29:17 - [TEST_STEP][PASSED] - evidenceCode = evidenceCode: null&#xD;
&#xD;
2019-09-19 15:29:17 - [TEST_STEP][PASSED] - println(evidenceCode): null&#xD;
&#xD;
2019-09-19 15:29:18 - [TEST_STEP][PASSED] - println(expectedEvidenceCode): null&#xD;
&#xD;
2019-09-19 15:29:18 - [TEST_STEP][PASSED] - if (expectedEvidenceCode != "STD"): null&#xD;
&#xD;
2019-09-19 15:29:18 - [TEST_STEP][PASSED] - verifyResponseStatusCode(response, 200): Verify response status code successfully&#xD;
&#xD;
2019-09-19 15:29:18 - [MESSAGE][PASSED] - Verify response status code successfully</system-out>
            <system-err></system-err>
        </testcase>
        <testcase name="Test Cases/AlterationScoringNBMajor/PRUmed Benefit Limitation/PRUmed Benefit Limitation" classname="Test Cases/AlterationScoringNBMajor/PRUmed Benefit Limitation/PRUmed Benefit Limitation" status="PASSED">
            <system-out>2019-09-19 15:29:18 - [TEST_CASE][PASSED] - Test Cases/AlterationScoringNBMajor/PRUmed Benefit Limitation/PRUmed Benefit Limitation: Test Cases/AlterationScoringNBMajor/PRUmed Benefit Limitation/PRUmed Benefit Limitation&#xD;
&#xD;
2019-09-19 15:29:18 - [TEST_STEP][PASSED] - response = sendRequest(findTestObject("AlterationScroingNBMajor/PRUmed Benefit Limitation/Version 1.0_Check_1.391/Request Object", ["transactionType":transactionType, "clientType":clientType, "role":role, "subAlter":subAlter, "eviCode":eviCode, "riderCode":riderCode, ... ])): Send request successfully&#xD;
&#xD;
2019-09-19 15:29:18 - [MESSAGE][INFO] - HAR: C:\SURYAPURBA\PHS\PHS-BRMS\Reports\AlterationScoringNBMajor\PRUmed Benefit Limitation\20190919_152823\requests\main\52.har&#xD;
&#xD;
2019-09-19 15:29:18 - [MESSAGE][PASSED] - Send request successfully&#xD;
&#xD;
2019-09-19 15:29:18 - [TEST_STEP][PASSED] - slurper = new groovy.json.JsonSlurper(): null&#xD;
&#xD;
2019-09-19 15:29:18 - [TEST_STEP][PASSED] - parsingResponse = slurper.parseText(response.getResponseText()): null&#xD;
&#xD;
2019-09-19 15:29:18 - [TEST_STEP][PASSED] - println(parsingResponse): null&#xD;
&#xD;
2019-09-19 15:29:18 - [TEST_STEP][PASSED] - evidenceCode = evidenceCode: null&#xD;
&#xD;
2019-09-19 15:29:18 - [TEST_STEP][PASSED] - println(evidenceCode): null&#xD;
&#xD;
2019-09-19 15:29:18 - [TEST_STEP][PASSED] - println(expectedEvidenceCode): null&#xD;
&#xD;
2019-09-19 15:29:18 - [TEST_STEP][PASSED] - if (expectedEvidenceCode != "STD"): null&#xD;
&#xD;
2019-09-19 15:29:18 - [TEST_STEP][PASSED] - verifyResponseStatusCode(response, 200): Verify response status code successfully&#xD;
&#xD;
2019-09-19 15:29:18 - [MESSAGE][PASSED] - Verify response status code successfully</system-out>
            <system-err></system-err>
        </testcase>
        <testcase name="Test Cases/AlterationScoringNBMajor/PRUmed Benefit Limitation/PRUmed Benefit Limitation" classname="Test Cases/AlterationScoringNBMajor/PRUmed Benefit Limitation/PRUmed Benefit Limitation" status="PASSED">
            <system-out>2019-09-19 15:29:18 - [TEST_CASE][PASSED] - Test Cases/AlterationScoringNBMajor/PRUmed Benefit Limitation/PRUmed Benefit Limitation: Test Cases/AlterationScoringNBMajor/PRUmed Benefit Limitation/PRUmed Benefit Limitation&#xD;
&#xD;
2019-09-19 15:29:18 - [TEST_STEP][PASSED] - response = sendRequest(findTestObject("AlterationScroingNBMajor/PRUmed Benefit Limitation/Version 1.0_Check_1.391/Request Object", ["transactionType":transactionType, "clientType":clientType, "role":role, "subAlter":subAlter, "eviCode":eviCode, "riderCode":riderCode, ... ])): Send request successfully&#xD;
&#xD;
2019-09-19 15:29:19 - [MESSAGE][INFO] - HAR: C:\SURYAPURBA\PHS\PHS-BRMS\Reports\AlterationScoringNBMajor\PRUmed Benefit Limitation\20190919_152823\requests\main\53.har&#xD;
&#xD;
2019-09-19 15:29:19 - [MESSAGE][PASSED] - Send request successfully&#xD;
&#xD;
2019-09-19 15:29:19 - [TEST_STEP][PASSED] - slurper = new groovy.json.JsonSlurper(): null&#xD;
&#xD;
2019-09-19 15:29:19 - [TEST_STEP][PASSED] - parsingResponse = slurper.parseText(response.getResponseText()): null&#xD;
&#xD;
2019-09-19 15:29:19 - [TEST_STEP][PASSED] - println(parsingResponse): null&#xD;
&#xD;
2019-09-19 15:29:19 - [TEST_STEP][PASSED] - evidenceCode = evidenceCode: null&#xD;
&#xD;
2019-09-19 15:29:19 - [TEST_STEP][PASSED] - println(evidenceCode): null&#xD;
&#xD;
2019-09-19 15:29:19 - [TEST_STEP][PASSED] - println(expectedEvidenceCode): null&#xD;
&#xD;
2019-09-19 15:29:19 - [TEST_STEP][PASSED] - if (expectedEvidenceCode != "STD"): null&#xD;
&#xD;
2019-09-19 15:29:19 - [TEST_STEP][PASSED] - verifyResponseStatusCode(response, 200): Verify response status code successfully&#xD;
&#xD;
2019-09-19 15:29:19 - [MESSAGE][PASSED] - Verify response status code successfully</system-out>
            <system-err></system-err>
        </testcase>
        <testcase name="Test Cases/AlterationScoringNBMajor/PRUmed Benefit Limitation/PRUmed Benefit Limitation" classname="Test Cases/AlterationScoringNBMajor/PRUmed Benefit Limitation/PRUmed Benefit Limitation" status="PASSED">
            <system-out>2019-09-19 15:29:19 - [TEST_CASE][PASSED] - Test Cases/AlterationScoringNBMajor/PRUmed Benefit Limitation/PRUmed Benefit Limitation: Test Cases/AlterationScoringNBMajor/PRUmed Benefit Limitation/PRUmed Benefit Limitation&#xD;
&#xD;
2019-09-19 15:29:19 - [TEST_STEP][PASSED] - response = sendRequest(findTestObject("AlterationScroingNBMajor/PRUmed Benefit Limitation/Version 1.0_Check_1.391/Request Object", ["transactionType":transactionType, "clientType":clientType, "role":role, "subAlter":subAlter, "eviCode":eviCode, "riderCode":riderCode, ... ])): Send request successfully&#xD;
&#xD;
2019-09-19 15:29:19 - [MESSAGE][INFO] - HAR: C:\SURYAPURBA\PHS\PHS-BRMS\Reports\AlterationScoringNBMajor\PRUmed Benefit Limitation\20190919_152823\requests\main\54.har&#xD;
&#xD;
2019-09-19 15:29:19 - [MESSAGE][PASSED] - Send request successfully&#xD;
&#xD;
2019-09-19 15:29:19 - [TEST_STEP][PASSED] - slurper = new groovy.json.JsonSlurper(): null&#xD;
&#xD;
2019-09-19 15:29:20 - [TEST_STEP][PASSED] - parsingResponse = slurper.parseText(response.getResponseText()): null&#xD;
&#xD;
2019-09-19 15:29:20 - [TEST_STEP][PASSED] - println(parsingResponse): null&#xD;
&#xD;
2019-09-19 15:29:20 - [TEST_STEP][PASSED] - evidenceCode = evidenceCode: null&#xD;
&#xD;
2019-09-19 15:29:20 - [TEST_STEP][PASSED] - println(evidenceCode): null&#xD;
&#xD;
2019-09-19 15:29:20 - [TEST_STEP][PASSED] - println(expectedEvidenceCode): null&#xD;
&#xD;
2019-09-19 15:29:20 - [TEST_STEP][PASSED] - if (expectedEvidenceCode != "STD"): null&#xD;
&#xD;
2019-09-19 15:29:20 - [TEST_STEP][PASSED] - verifyResponseStatusCode(response, 200): Verify response status code successfully&#xD;
&#xD;
2019-09-19 15:29:20 - [MESSAGE][PASSED] - Verify response status code successfully</system-out>
            <system-err></system-err>
        </testcase>
        <testcase name="Test Cases/AlterationScoringNBMajor/PRUmed Benefit Limitation/PRUmed Benefit Limitation" classname="Test Cases/AlterationScoringNBMajor/PRUmed Benefit Limitation/PRUmed Benefit Limitation" status="PASSED">
            <system-out>2019-09-19 15:29:20 - [TEST_CASE][PASSED] - Test Cases/AlterationScoringNBMajor/PRUmed Benefit Limitation/PRUmed Benefit Limitation: Test Cases/AlterationScoringNBMajor/PRUmed Benefit Limitation/PRUmed Benefit Limitation&#xD;
&#xD;
2019-09-19 15:29:21 - [TEST_STEP][PASSED] - response = sendRequest(findTestObject("AlterationScroingNBMajor/PRUmed Benefit Limitation/Version 1.0_Check_1.391/Request Object", ["transactionType":transactionType, "clientType":clientType, "role":role, "subAlter":subAlter, "eviCode":eviCode, "riderCode":riderCode, ... ])): Send request successfully&#xD;
&#xD;
2019-09-19 15:29:21 - [MESSAGE][INFO] - HAR: C:\SURYAPURBA\PHS\PHS-BRMS\Reports\AlterationScoringNBMajor\PRUmed Benefit Limitation\20190919_152823\requests\main\55.har&#xD;
&#xD;
2019-09-19 15:29:21 - [MESSAGE][PASSED] - Send request successfully&#xD;
&#xD;
2019-09-19 15:29:21 - [TEST_STEP][PASSED] - slurper = new groovy.json.JsonSlurper(): null&#xD;
&#xD;
2019-09-19 15:29:21 - [TEST_STEP][PASSED] - parsingResponse = slurper.parseText(response.getResponseText()): null&#xD;
&#xD;
2019-09-19 15:29:21 - [TEST_STEP][PASSED] - println(parsingResponse): null&#xD;
&#xD;
2019-09-19 15:29:21 - [TEST_STEP][PASSED] - evidenceCode = evidenceCode: null&#xD;
&#xD;
2019-09-19 15:29:21 - [TEST_STEP][PASSED] - println(evidenceCode): null&#xD;
&#xD;
2019-09-19 15:29:21 - [TEST_STEP][PASSED] - println(expectedEvidenceCode): null&#xD;
&#xD;
2019-09-19 15:29:21 - [TEST_STEP][PASSED] - if (expectedEvidenceCode != "STD"): null&#xD;
&#xD;
2019-09-19 15:29:21 - [TEST_STEP][PASSED] - verifyResponseStatusCode(response, 200): Verify response status code successfully&#xD;
&#xD;
2019-09-19 15:29:21 - [MESSAGE][PASSED] - Verify response status code successfully</system-out>
            <system-err></system-err>
        </testcase>
        <testcase name="Test Cases/AlterationScoringNBMajor/PRUmed Benefit Limitation/PRUmed Benefit Limitation" classname="Test Cases/AlterationScoringNBMajor/PRUmed Benefit Limitation/PRUmed Benefit Limitation" status="PASSED">
            <system-out>2019-09-19 15:29:21 - [TEST_CASE][PASSED] - Test Cases/AlterationScoringNBMajor/PRUmed Benefit Limitation/PRUmed Benefit Limitation: Test Cases/AlterationScoringNBMajor/PRUmed Benefit Limitation/PRUmed Benefit Limitation&#xD;
&#xD;
2019-09-19 15:29:22 - [TEST_STEP][PASSED] - response = sendRequest(findTestObject("AlterationScroingNBMajor/PRUmed Benefit Limitation/Version 1.0_Check_1.391/Request Object", ["transactionType":transactionType, "clientType":clientType, "role":role, "subAlter":subAlter, "eviCode":eviCode, "riderCode":riderCode, ... ])): Send request successfully&#xD;
&#xD;
2019-09-19 15:29:22 - [MESSAGE][INFO] - HAR: C:\SURYAPURBA\PHS\PHS-BRMS\Reports\AlterationScoringNBMajor\PRUmed Benefit Limitation\20190919_152823\requests\main\56.har&#xD;
&#xD;
2019-09-19 15:29:22 - [MESSAGE][PASSED] - Send request successfully&#xD;
&#xD;
2019-09-19 15:29:22 - [TEST_STEP][PASSED] - slurper = new groovy.json.JsonSlurper(): null&#xD;
&#xD;
2019-09-19 15:29:22 - [TEST_STEP][PASSED] - parsingResponse = slurper.parseText(response.getResponseText()): null&#xD;
&#xD;
2019-09-19 15:29:22 - [TEST_STEP][PASSED] - println(parsingResponse): null&#xD;
&#xD;
2019-09-19 15:29:22 - [TEST_STEP][PASSED] - evidenceCode = evidenceCode: null&#xD;
&#xD;
2019-09-19 15:29:22 - [TEST_STEP][PASSED] - println(evidenceCode): null&#xD;
&#xD;
2019-09-19 15:29:23 - [TEST_STEP][PASSED] - println(expectedEvidenceCode): null&#xD;
&#xD;
2019-09-19 15:29:23 - [TEST_STEP][PASSED] - if (expectedEvidenceCode != "STD"): null&#xD;
&#xD;
2019-09-19 15:29:23 - [TEST_STEP][PASSED] - verifyResponseStatusCode(response, 200): Verify response status code successfully&#xD;
&#xD;
2019-09-19 15:29:23 - [MESSAGE][PASSED] - Verify response status code successfully</system-out>
            <system-err></system-err>
        </testcase>
        <testcase name="Test Cases/AlterationScoringNBMajor/PRUmed Benefit Limitation/PRUmed Benefit Limitation" classname="Test Cases/AlterationScoringNBMajor/PRUmed Benefit Limitation/PRUmed Benefit Limitation" status="PASSED">
            <system-out>2019-09-19 15:29:23 - [TEST_CASE][PASSED] - Test Cases/AlterationScoringNBMajor/PRUmed Benefit Limitation/PRUmed Benefit Limitation: Test Cases/AlterationScoringNBMajor/PRUmed Benefit Limitation/PRUmed Benefit Limitation&#xD;
&#xD;
2019-09-19 15:29:23 - [TEST_STEP][PASSED] - response = sendRequest(findTestObject("AlterationScroingNBMajor/PRUmed Benefit Limitation/Version 1.0_Check_1.391/Request Object", ["transactionType":transactionType, "clientType":clientType, "role":role, "subAlter":subAlter, "eviCode":eviCode, "riderCode":riderCode, ... ])): Send request successfully&#xD;
&#xD;
2019-09-19 15:29:23 - [MESSAGE][INFO] - HAR: C:\SURYAPURBA\PHS\PHS-BRMS\Reports\AlterationScoringNBMajor\PRUmed Benefit Limitation\20190919_152823\requests\main\57.har&#xD;
&#xD;
2019-09-19 15:29:23 - [MESSAGE][PASSED] - Send request successfully&#xD;
&#xD;
2019-09-19 15:29:23 - [TEST_STEP][PASSED] - slurper = new groovy.json.JsonSlurper(): null&#xD;
&#xD;
2019-09-19 15:29:23 - [TEST_STEP][PASSED] - parsingResponse = slurper.parseText(response.getResponseText()): null&#xD;
&#xD;
2019-09-19 15:29:23 - [TEST_STEP][PASSED] - println(parsingResponse): null&#xD;
&#xD;
2019-09-19 15:29:23 - [TEST_STEP][PASSED] - evidenceCode = evidenceCode: null&#xD;
&#xD;
2019-09-19 15:29:23 - [TEST_STEP][PASSED] - println(evidenceCode): null&#xD;
&#xD;
2019-09-19 15:29:23 - [TEST_STEP][PASSED] - println(expectedEvidenceCode): null&#xD;
&#xD;
2019-09-19 15:29:23 - [TEST_STEP][PASSED] - if (expectedEvidenceCode != "STD"): null&#xD;
&#xD;
2019-09-19 15:29:24 - [TEST_STEP][PASSED] - verifyResponseStatusCode(response, 200): Verify response status code successfully&#xD;
&#xD;
2019-09-19 15:29:24 - [MESSAGE][PASSED] - Verify response status code successfully</system-out>
            <system-err></system-err>
        </testcase>
        <testcase name="Test Cases/AlterationScoringNBMajor/PRUmed Benefit Limitation/PRUmed Benefit Limitation" classname="Test Cases/AlterationScoringNBMajor/PRUmed Benefit Limitation/PRUmed Benefit Limitation" status="PASSED">
            <system-out>2019-09-19 15:29:24 - [TEST_CASE][PASSED] - Test Cases/AlterationScoringNBMajor/PRUmed Benefit Limitation/PRUmed Benefit Limitation: Test Cases/AlterationScoringNBMajor/PRUmed Benefit Limitation/PRUmed Benefit Limitation&#xD;
&#xD;
2019-09-19 15:29:24 - [TEST_STEP][PASSED] - response = sendRequest(findTestObject("AlterationScroingNBMajor/PRUmed Benefit Limitation/Version 1.0_Check_1.391/Request Object", ["transactionType":transactionType, "clientType":clientType, "role":role, "subAlter":subAlter, "eviCode":eviCode, "riderCode":riderCode, ... ])): Send request successfully&#xD;
&#xD;
2019-09-19 15:29:24 - [MESSAGE][INFO] - HAR: C:\SURYAPURBA\PHS\PHS-BRMS\Reports\AlterationScoringNBMajor\PRUmed Benefit Limitation\20190919_152823\requests\main\58.har&#xD;
&#xD;
2019-09-19 15:29:24 - [MESSAGE][PASSED] - Send request successfully&#xD;
&#xD;
2019-09-19 15:29:24 - [TEST_STEP][PASSED] - slurper = new groovy.json.JsonSlurper(): null&#xD;
&#xD;
2019-09-19 15:29:24 - [TEST_STEP][PASSED] - parsingResponse = slurper.parseText(response.getResponseText()): null&#xD;
&#xD;
2019-09-19 15:29:24 - [TEST_STEP][PASSED] - println(parsingResponse): null&#xD;
&#xD;
2019-09-19 15:29:24 - [TEST_STEP][PASSED] - evidenceCode = evidenceCode: null&#xD;
&#xD;
2019-09-19 15:29:24 - [TEST_STEP][PASSED] - println(evidenceCode): null&#xD;
&#xD;
2019-09-19 15:29:24 - [TEST_STEP][PASSED] - println(expectedEvidenceCode): null&#xD;
&#xD;
2019-09-19 15:29:24 - [TEST_STEP][PASSED] - if (expectedEvidenceCode != "STD"): null&#xD;
&#xD;
2019-09-19 15:29:24 - [TEST_STEP][PASSED] - verifyResponseStatusCode(response, 200): Verify response status code successfully&#xD;
&#xD;
2019-09-19 15:29:24 - [MESSAGE][PASSED] - Verify response status code successfully</system-out>
            <system-err></system-err>
        </testcase>
        <testcase name="Test Cases/AlterationScoringNBMajor/PRUmed Benefit Limitation/PRUmed Benefit Limitation" classname="Test Cases/AlterationScoringNBMajor/PRUmed Benefit Limitation/PRUmed Benefit Limitation" status="PASSED">
            <system-out>2019-09-19 15:29:25 - [TEST_CASE][PASSED] - Test Cases/AlterationScoringNBMajor/PRUmed Benefit Limitation/PRUmed Benefit Limitation: Test Cases/AlterationScoringNBMajor/PRUmed Benefit Limitation/PRUmed Benefit Limitation&#xD;
&#xD;
2019-09-19 15:29:25 - [TEST_STEP][PASSED] - response = sendRequest(findTestObject("AlterationScroingNBMajor/PRUmed Benefit Limitation/Version 1.0_Check_1.391/Request Object", ["transactionType":transactionType, "clientType":clientType, "role":role, "subAlter":subAlter, "eviCode":eviCode, "riderCode":riderCode, ... ])): Send request successfully&#xD;
&#xD;
2019-09-19 15:29:25 - [MESSAGE][INFO] - HAR: C:\SURYAPURBA\PHS\PHS-BRMS\Reports\AlterationScoringNBMajor\PRUmed Benefit Limitation\20190919_152823\requests\main\59.har&#xD;
&#xD;
2019-09-19 15:29:25 - [MESSAGE][PASSED] - Send request successfully&#xD;
&#xD;
2019-09-19 15:29:25 - [TEST_STEP][PASSED] - slurper = new groovy.json.JsonSlurper(): null&#xD;
&#xD;
2019-09-19 15:29:26 - [TEST_STEP][PASSED] - parsingResponse = slurper.parseText(response.getResponseText()): null&#xD;
&#xD;
2019-09-19 15:29:26 - [TEST_STEP][PASSED] - println(parsingResponse): null&#xD;
&#xD;
2019-09-19 15:29:26 - [TEST_STEP][PASSED] - evidenceCode = evidenceCode: null&#xD;
&#xD;
2019-09-19 15:29:26 - [TEST_STEP][PASSED] - println(evidenceCode): null&#xD;
&#xD;
2019-09-19 15:29:26 - [TEST_STEP][PASSED] - println(expectedEvidenceCode): null&#xD;
&#xD;
2019-09-19 15:29:26 - [TEST_STEP][PASSED] - if (expectedEvidenceCode != "STD"): null&#xD;
&#xD;
2019-09-19 15:29:26 - [TEST_STEP][PASSED] - verifyResponseStatusCode(response, 200): Verify response status code successfully&#xD;
&#xD;
2019-09-19 15:29:26 - [MESSAGE][PASSED] - Verify response status code successfully</system-out>
            <system-err></system-err>
        </testcase>
        <testcase name="Test Cases/AlterationScoringNBMajor/PRUmed Benefit Limitation/PRUmed Benefit Limitation" classname="Test Cases/AlterationScoringNBMajor/PRUmed Benefit Limitation/PRUmed Benefit Limitation" status="FAILED">
            <failure type="FAILED" message="Test Cases/AlterationScoringNBMajor/PRUmed Benefit Limitation/PRUmed Benefit Limitation FAILED.&#xA;Reason:&#xA;com.kms.katalon.core.exception.StepFailedException: Unable to verify equal between actual object 'false' and expected object 'true' (Root cause: com.kms.katalon.core.exception.StepFailedException: Actual object 'false' and expected object 'true' are not equal&#xD;&#xA;&#x9;at com.kms.katalon.core.keyword.builtin.VerifyEqualKeyword$_verifyEqual_closure1.doCall(VerifyEqualKeyword.groovy:58)&#xD;&#xA;&#x9;at com.kms.katalon.core.keyword.builtin.VerifyEqualKeyword$_verifyEqual_closure1.call(VerifyEqualKeyword.groovy)&#xD;&#xA;&#x9;at com.kms.katalon.core.keyword.internal.KeywordMain.runKeyword(KeywordMain.groovy:68)&#xD;&#xA;&#x9;at com.kms.katalon.core.keyword.builtin.VerifyEqualKeyword.verifyEqual(VerifyEqualKeyword.groovy:63)&#xD;&#xA;&#x9;at com.kms.katalon.core.keyword.builtin.VerifyEqualKeyword.execute(VerifyEqualKeyword.groovy:44)&#xD;&#xA;&#x9;at com.kms.katalon.core.keyword.internal.KeywordExecutor.executeKeywordForPlatform(KeywordExecutor.groovy:56)&#xD;&#xA;&#x9;at com.kms.katalon.core.keyword.BuiltinKeywords.verifyEqual(BuiltinKeywords.groovy:126)&#xD;&#xA;&#x9;at PRUmed Benefit Limitation.run(PRUmed Benefit Limitation:29)&#xD;&#xA;&#x9;at com.kms.katalon.core.main.ScriptEngine.run(ScriptEngine.java:194)&#xD;&#xA;&#x9;at com.kms.katalon.core.main.ScriptEngine.runScriptAsRawText(ScriptEngine.java:119)&#xD;&#xA;&#x9;at com.kms.katalon.core.main.TestCaseExecutor.runScript(TestCaseExecutor.java:337)&#xD;&#xA;&#x9;at com.kms.katalon.core.main.TestCaseExecutor.doExecute(TestCaseExecutor.java:328)&#xD;&#xA;&#x9;at com.kms.katalon.core.main.TestCaseExecutor.processExecutionPhase(TestCaseExecutor.java:307)&#xD;&#xA;&#x9;at com.kms.katalon.core.main.TestCaseExecutor.accessMainPhase(TestCaseExecutor.java:299)&#xD;&#xA;&#x9;at com.kms.katalon.core.main.TestCaseExecutor.execute(TestCaseExecutor.java:233)&#xD;&#xA;&#x9;at com.kms.katalon.core.main.TestSuiteExecutor.accessTestCaseMainPhase(TestSuiteExecutor.java:133)&#xD;&#xA;&#x9;at com.kms.katalon.core.main.TestSuiteExecutor.accessTestSuiteMainPhase(TestSuiteExecutor.java:116)&#xD;&#xA;&#x9;at com.kms.katalon.core.main.TestSuiteExecutor.execute(TestSuiteExecutor.java:83)&#xD;&#xA;&#x9;at com.kms.katalon.core.main.TestCaseMain.startTestSuite(TestCaseMain.java:157)&#xD;&#xA;&#x9;at com.kms.katalon.core.main.TestCaseMain$startTestSuite$0.call(Unknown Source)&#xD;&#xA;&#x9;at TempTestSuite1568881703577.run(TempTestSuite1568881703577.groovy:35)&#xD;&#xA;)&#xD;&#xA;&#x9;at com.kms.katalon.core.keyword.internal.KeywordMain.stepFailed(KeywordMain.groovy:39)&#xD;&#xA;&#x9;at com.kms.katalon.core.keyword.internal.KeywordMain.stepFailed(KeywordMain.groovy)&#xD;&#xA;&#x9;at com.kms.katalon.core.keyword.internal.KeywordMain.runKeyword(KeywordMain.groovy:70)&#xD;&#xA;&#x9;at com.kms.katalon.core.keyword.builtin.VerifyEqualKeyword.verifyEqual(VerifyEqualKeyword.groovy:63)&#xD;&#xA;&#x9;at com.kms.katalon.core.keyword.builtin.VerifyEqualKeyword.execute(VerifyEqualKeyword.groovy:44)&#xD;&#xA;&#x9;at com.kms.katalon.core.keyword.internal.KeywordExecutor.executeKeywordForPlatform(KeywordExecutor.groovy:56)&#xD;&#xA;&#x9;at com.kms.katalon.core.keyword.BuiltinKeywords.verifyEqual(BuiltinKeywords.groovy:126)&#xD;&#xA;&#x9;at PRUmed Benefit Limitation.run(PRUmed Benefit Limitation:29)&#xD;&#xA;&#x9;at com.kms.katalon.core.main.ScriptEngine.run(ScriptEngine.java:194)&#xD;&#xA;&#x9;at com.kms.katalon.core.main.ScriptEngine.runScriptAsRawText(ScriptEngine.java:119)&#xD;&#xA;&#x9;at com.kms.katalon.core.main.TestCaseExecutor.runScript(TestCaseExecutor.java:337)&#xD;&#xA;&#x9;at com.kms.katalon.core.main.TestCaseExecutor.doExecute(TestCaseExecutor.java:328)&#xD;&#xA;&#x9;at com.kms.katalon.core.main.TestCaseExecutor.processExecutionPhase(TestCaseExecutor.java:307)&#xD;&#xA;&#x9;at com.kms.katalon.core.main.TestCaseExecutor.accessMainPhase(TestCaseExecutor.java:299)&#xD;&#xA;&#x9;at com.kms.katalon.core.main.TestCaseExecutor.execute(TestCaseExecutor.java:233)&#xD;&#xA;&#x9;at com.kms.katalon.core.main.TestSuiteExecutor.accessTestCaseMainPhase(TestSuiteExecutor.java:133)&#xD;&#xA;&#x9;at com.kms.katalon.core.main.TestSuiteExecutor.accessTestSuiteMainPhase(TestSuiteExecutor.java:116)&#xD;&#xA;&#x9;at com.kms.katalon.core.main.TestSuiteExecutor.execute(TestSuiteExecutor.java:83)&#xD;&#xA;&#x9;at com.kms.katalon.core.main.TestCaseMain.startTestSuite(TestCaseMain.java:157)&#xD;&#xA;&#x9;at com.kms.katalon.core.main.TestCaseMain$startTestSuite$0.call(Unknown Source)&#xD;&#xA;&#x9;at TempTestSuite1568881703577.run(TempTestSuite1568881703577.groovy:35)&#xD;&#xA;Caused by: com.kms.katalon.core.exception.StepFailedException: Actual object 'false' and expected object 'true' are not equal&#xD;&#xA;&#x9;at com.kms.katalon.core.keyword.builtin.VerifyEqualKeyword$_verifyEqual_closure1.doCall(VerifyEqualKeyword.groovy:58)&#xD;&#xA;&#x9;at com.kms.katalon.core.keyword.builtin.VerifyEqualKeyword$_verifyEqual_closure1.call(VerifyEqualKeyword.groovy)&#xD;&#xA;&#x9;at com.kms.katalon.core.keyword.internal.KeywordMain.runKeyword(KeywordMain.groovy:68)&#xD;&#xA;&#x9;... 18 more&#xD;&#xA;"/>
            <system-out>2019-09-19 15:29:26 - [TEST_CASE][FAILED] - Test Cases/AlterationScoringNBMajor/PRUmed Benefit Limitation/PRUmed Benefit Limitation: Test Cases/AlterationScoringNBMajor/PRUmed Benefit Limitation/PRUmed Benefit Limitation FAILED.
Reason:
com.kms.katalon.core.exception.StepFailedException: Unable to verify equal between actual object 'false' and expected object 'true' (Root cause: com.kms.katalon.core.exception.StepFailedException: Actual object 'false' and expected object 'true' are not equal&#xD;
	at com.kms.katalon.core.keyword.builtin.VerifyEqualKeyword$_verifyEqual_closure1.doCall(VerifyEqualKeyword.groovy:58)&#xD;
	at com.kms.katalon.core.keyword.builtin.VerifyEqualKeyword$_verifyEqual_closure1.call(VerifyEqualKeyword.groovy)&#xD;
	at com.kms.katalon.core.keyword.internal.KeywordMain.runKeyword(KeywordMain.groovy:68)&#xD;
	at com.kms.katalon.core.keyword.builtin.VerifyEqualKeyword.verifyEqual(VerifyEqualKeyword.groovy:63)&#xD;
	at com.kms.katalon.core.keyword.builtin.VerifyEqualKeyword.execute(VerifyEqualKeyword.groovy:44)&#xD;
	at com.kms.katalon.core.keyword.internal.KeywordExecutor.executeKeywordForPlatform(KeywordExecutor.groovy:56)&#xD;
	at com.kms.katalon.core.keyword.BuiltinKeywords.verifyEqual(BuiltinKeywords.groovy:126)&#xD;
	at PRUmed Benefit Limitation.run(PRUmed Benefit Limitation:29)&#xD;
	at com.kms.katalon.core.main.ScriptEngine.run(ScriptEngine.java:194)&#xD;
	at com.kms.katalon.core.main.ScriptEngine.runScriptAsRawText(ScriptEngine.java:119)&#xD;
	at com.kms.katalon.core.main.TestCaseExecutor.runScript(TestCaseExecutor.java:337)&#xD;
	at com.kms.katalon.core.main.TestCaseExecutor.doExecute(TestCaseExecutor.java:328)&#xD;
	at com.kms.katalon.core.main.TestCaseExecutor.processExecutionPhase(TestCaseExecutor.java:307)&#xD;
	at com.kms.katalon.core.main.TestCaseExecutor.accessMainPhase(TestCaseExecutor.java:299)&#xD;
	at com.kms.katalon.core.main.TestCaseExecutor.execute(TestCaseExecutor.java:233)&#xD;
	at com.kms.katalon.core.main.TestSuiteExecutor.accessTestCaseMainPhase(TestSuiteExecutor.java:133)&#xD;
	at com.kms.katalon.core.main.TestSuiteExecutor.accessTestSuiteMainPhase(TestSuiteExecutor.java:116)&#xD;
	at com.kms.katalon.core.main.TestSuiteExecutor.execute(TestSuiteExecutor.java:83)&#xD;
	at com.kms.katalon.core.main.TestCaseMain.startTestSuite(TestCaseMain.java:157)&#xD;
	at com.kms.katalon.core.main.TestCaseMain$startTestSuite$0.call(Unknown Source)&#xD;
	at TempTestSuite1568881703577.run(TempTestSuite1568881703577.groovy:35)&#xD;
)&#xD;
	at com.kms.katalon.core.keyword.internal.KeywordMain.stepFailed(KeywordMain.groovy:39)&#xD;
	at com.kms.katalon.core.keyword.internal.KeywordMain.stepFailed(KeywordMain.groovy)&#xD;
	at com.kms.katalon.core.keyword.internal.KeywordMain.runKeyword(KeywordMain.groovy:70)&#xD;
	at com.kms.katalon.core.keyword.builtin.VerifyEqualKeyword.verifyEqual(VerifyEqualKeyword.groovy:63)&#xD;
	at com.kms.katalon.core.keyword.builtin.VerifyEqualKeyword.execute(VerifyEqualKeyword.groovy:44)&#xD;
	at com.kms.katalon.core.keyword.internal.KeywordExecutor.executeKeywordForPlatform(KeywordExecutor.groovy:56)&#xD;
	at com.kms.katalon.core.keyword.BuiltinKeywords.verifyEqual(BuiltinKeywords.groovy:126)&#xD;
	at PRUmed Benefit Limitation.run(PRUmed Benefit Limitation:29)&#xD;
	at com.kms.katalon.core.main.ScriptEngine.run(ScriptEngine.java:194)&#xD;
	at com.kms.katalon.core.main.ScriptEngine.runScriptAsRawText(ScriptEngine.java:119)&#xD;
	at com.kms.katalon.core.main.TestCaseExecutor.runScript(TestCaseExecutor.java:337)&#xD;
	at com.kms.katalon.core.main.TestCaseExecutor.doExecute(TestCaseExecutor.java:328)&#xD;
	at com.kms.katalon.core.main.TestCaseExecutor.processExecutionPhase(TestCaseExecutor.java:307)&#xD;
	at com.kms.katalon.core.main.TestCaseExecutor.accessMainPhase(TestCaseExecutor.java:299)&#xD;
	at com.kms.katalon.core.main.TestCaseExecutor.execute(TestCaseExecutor.java:233)&#xD;
	at com.kms.katalon.core.main.TestSuiteExecutor.accessTestCaseMainPhase(TestSuiteExecutor.java:133)&#xD;
	at com.kms.katalon.core.main.TestSuiteExecutor.accessTestSuiteMainPhase(TestSuiteExecutor.java:116)&#xD;
	at com.kms.katalon.core.main.TestSuiteExecutor.execute(TestSuiteExecutor.java:83)&#xD;
	at com.kms.katalon.core.main.TestCaseMain.startTestSuite(TestCaseMain.java:157)&#xD;
	at com.kms.katalon.core.main.TestCaseMain$startTestSuite$0.call(Unknown Source)&#xD;
	at TempTestSuite1568881703577.run(TempTestSuite1568881703577.groovy:35)&#xD;
Caused by: com.kms.katalon.core.exception.StepFailedException: Actual object 'false' and expected object 'true' are not equal&#xD;
	at com.kms.katalon.core.keyword.builtin.VerifyEqualKeyword$_verifyEqual_closure1.doCall(VerifyEqualKeyword.groovy:58)&#xD;
	at com.kms.katalon.core.keyword.builtin.VerifyEqualKeyword$_verifyEqual_closure1.call(VerifyEqualKeyword.groovy)&#xD;
	at com.kms.katalon.core.keyword.internal.KeywordMain.runKeyword(KeywordMain.groovy:68)&#xD;
	... 18 more&#xD;
&#xD;
&#xD;
2019-09-19 15:29:26 - [TEST_STEP][PASSED] - response = sendRequest(findTestObject("AlterationScroingNBMajor/PRUmed Benefit Limitation/Version 1.0_Check_1.391/Request Object", ["transactionType":transactionType, "clientType":clientType, "role":role, "subAlter":subAlter, "eviCode":eviCode, "riderCode":riderCode, ... ])): Send request successfully&#xD;
&#xD;
2019-09-19 15:29:26 - [MESSAGE][INFO] - HAR: C:\SURYAPURBA\PHS\PHS-BRMS\Reports\AlterationScoringNBMajor\PRUmed Benefit Limitation\20190919_152823\requests\main\60.har&#xD;
&#xD;
2019-09-19 15:29:26 - [MESSAGE][PASSED] - Send request successfully&#xD;
&#xD;
2019-09-19 15:29:26 - [TEST_STEP][PASSED] - slurper = new groovy.json.JsonSlurper(): null&#xD;
&#xD;
2019-09-19 15:29:26 - [TEST_STEP][PASSED] - parsingResponse = slurper.parseText(response.getResponseText()): null&#xD;
&#xD;
2019-09-19 15:29:26 - [TEST_STEP][PASSED] - println(parsingResponse): null&#xD;
&#xD;
2019-09-19 15:29:27 - [TEST_STEP][PASSED] - evidenceCode = evidenceCode: null&#xD;
&#xD;
2019-09-19 15:29:27 - [TEST_STEP][PASSED] - println(evidenceCode): null&#xD;
&#xD;
2019-09-19 15:29:27 - [TEST_STEP][PASSED] - println(expectedEvidenceCode): null&#xD;
&#xD;
2019-09-19 15:29:27 - [TEST_STEP][FAILED] - if (expectedEvidenceCode != "STD"): null&#xD;
&#xD;
2019-09-19 15:29:27 - [TEST_STEP][PASSED] - actual = description == expectedDescription: null&#xD;
&#xD;
2019-09-19 15:29:27 - [TEST_STEP][FAILED] - verifyEqual(actual, true, CONTINUE_ON_FAILURE): Unable to verify equal between actual object 'false' and expected object 'true' (Root cause: com.kms.katalon.core.exception.StepFailedException: Actual object 'false' and expected object 'true' are not equal&#xD;
	at com.kms.katalon.core.keyword.builtin.VerifyEqualKeyword$_verifyEqual_closure1.doCall(VerifyEqualKeyword.groovy:58)&#xD;
	at com.kms.katalon.core.keyword.builtin.VerifyEqualKeyword$_verifyEqual_closure1.call(VerifyEqualKeyword.groovy)&#xD;
	at com.kms.katalon.core.keyword.internal.KeywordMain.runKeyword(KeywordMain.groovy:68)&#xD;
	at com.kms.katalon.core.keyword.builtin.VerifyEqualKeyword.verifyEqual(VerifyEqualKeyword.groovy:63)&#xD;
	at com.kms.katalon.core.keyword.builtin.VerifyEqualKeyword.execute(VerifyEqualKeyword.groovy:44)&#xD;
	at com.kms.katalon.core.keyword.internal.KeywordExecutor.executeKeywordForPlatform(KeywordExecutor.groovy:56)&#xD;
	at com.kms.katalon.core.keyword.BuiltinKeywords.verifyEqual(BuiltinKeywords.groovy:126)&#xD;
	at PRUmed Benefit Limitation.run(PRUmed Benefit Limitation:29)&#xD;
	at com.kms.katalon.core.main.ScriptEngine.run(ScriptEngine.java:194)&#xD;
	at com.kms.katalon.core.main.ScriptEngine.runScriptAsRawText(ScriptEngine.java:119)&#xD;
	at com.kms.katalon.core.main.TestCaseExecutor.runScript(TestCaseExecutor.java:337)&#xD;
	at com.kms.katalon.core.main.TestCaseExecutor.doExecute(TestCaseExecutor.java:328)&#xD;
	at com.kms.katalon.core.main.TestCaseExecutor.processExecutionPhase(TestCaseExecutor.java:307)&#xD;
	at com.kms.katalon.core.main.TestCaseExecutor.accessMainPhase(TestCaseExecutor.java:299)&#xD;
	at com.kms.katalon.core.main.TestCaseExecutor.execute(TestCaseExecutor.java:233)&#xD;
	at com.kms.katalon.core.main.TestSuiteExecutor.accessTestCaseMainPhase(TestSuiteExecutor.java:133)&#xD;
	at com.kms.katalon.core.main.TestSuiteExecutor.accessTestSuiteMainPhase(TestSuiteExecutor.java:116)&#xD;
	at com.kms.katalon.core.main.TestSuiteExecutor.execute(TestSuiteExecutor.java:83)&#xD;
	at com.kms.katalon.core.main.TestCaseMain.startTestSuite(TestCaseMain.java:157)&#xD;
	at com.kms.katalon.core.main.TestCaseMain$startTestSuite$0.call(Unknown Source)&#xD;
	at TempTestSuite1568881703577.run(TempTestSuite1568881703577.groovy:35)&#xD;
)&#xD;
&#xD;
2019-09-19 15:29:27 - [MESSAGE][FAILED] - Unable to verify equal between actual object 'false' and expected object 'true' (Root cause: com.kms.katalon.core.exception.StepFailedException: Actual object 'false' and expected object 'true' are not equal&#xD;
	at com.kms.katalon.core.keyword.builtin.VerifyEqualKeyword$_verifyEqual_closure1.doCall(VerifyEqualKeyword.groovy:58)&#xD;
	at com.kms.katalon.core.keyword.builtin.VerifyEqualKeyword$_verifyEqual_closure1.call(VerifyEqualKeyword.groovy)&#xD;
	at com.kms.katalon.core.keyword.internal.KeywordMain.runKeyword(KeywordMain.groovy:68)&#xD;
	at com.kms.katalon.core.keyword.builtin.VerifyEqualKeyword.verifyEqual(VerifyEqualKeyword.groovy:63)&#xD;
	at com.kms.katalon.core.keyword.builtin.VerifyEqualKeyword.execute(VerifyEqualKeyword.groovy:44)&#xD;
	at com.kms.katalon.core.keyword.internal.KeywordExecutor.executeKeywordForPlatform(KeywordExecutor.groovy:56)&#xD;
	at com.kms.katalon.core.keyword.BuiltinKeywords.verifyEqual(BuiltinKeywords.groovy:126)&#xD;
	at PRUmed Benefit Limitation.run(PRUmed Benefit Limitation:29)&#xD;
	at com.kms.katalon.core.main.ScriptEngine.run(ScriptEngine.java:194)&#xD;
	at com.kms.katalon.core.main.ScriptEngine.runScriptAsRawText(ScriptEngine.java:119)&#xD;
	at com.kms.katalon.core.main.TestCaseExecutor.runScript(TestCaseExecutor.java:337)&#xD;
	at com.kms.katalon.core.main.TestCaseExecutor.doExecute(TestCaseExecutor.java:328)&#xD;
	at com.kms.katalon.core.main.TestCaseExecutor.processExecutionPhase(TestCaseExecutor.java:307)&#xD;
	at com.kms.katalon.core.main.TestCaseExecutor.accessMainPhase(TestCaseExecutor.java:299)&#xD;
	at com.kms.katalon.core.main.TestCaseExecutor.execute(TestCaseExecutor.java:233)&#xD;
	at com.kms.katalon.core.main.TestSuiteExecutor.accessTestCaseMainPhase(TestSuiteExecutor.java:133)&#xD;
	at com.kms.katalon.core.main.TestSuiteExecutor.accessTestSuiteMainPhase(TestSuiteExecutor.java:116)&#xD;
	at com.kms.katalon.core.main.TestSuiteExecutor.execute(TestSuiteExecutor.java:83)&#xD;
	at com.kms.katalon.core.main.TestCaseMain.startTestSuite(TestCaseMain.java:157)&#xD;
	at com.kms.katalon.core.main.TestCaseMain$startTestSuite$0.call(Unknown Source)&#xD;
	at TempTestSuite1568881703577.run(TempTestSuite1568881703577.groovy:35)&#xD;
)&#xD;
&#xD;
2019-09-19 15:29:27 - [TEST_STEP][PASSED] - if (actual == false): null&#xD;
&#xD;
2019-09-19 15:29:27 - [TEST_STEP][PASSED] - println("Evidence code tidak sesuai dengan expected evidence code"): null&#xD;
&#xD;
2019-09-19 15:29:27 - [TEST_STEP][PASSED] - verifyResponseStatusCode(response, 200): Verify response status code successfully&#xD;
&#xD;
2019-09-19 15:29:27 - [MESSAGE][PASSED] - Verify response status code successfully</system-out>
            <system-err>2019-09-19 15:29:26 - [TEST_CASE][FAILED] - Test Cases/AlterationScoringNBMajor/PRUmed Benefit Limitation/PRUmed Benefit Limitation: Test Cases/AlterationScoringNBMajor/PRUmed Benefit Limitation/PRUmed Benefit Limitation FAILED.
Reason:
com.kms.katalon.core.exception.StepFailedException: Unable to verify equal between actual object 'false' and expected object 'true' (Root cause: com.kms.katalon.core.exception.StepFailedException: Actual object 'false' and expected object 'true' are not equal&#xD;
	at com.kms.katalon.core.keyword.builtin.VerifyEqualKeyword$_verifyEqual_closure1.doCall(VerifyEqualKeyword.groovy:58)&#xD;
	at com.kms.katalon.core.keyword.builtin.VerifyEqualKeyword$_verifyEqual_closure1.call(VerifyEqualKeyword.groovy)&#xD;
	at com.kms.katalon.core.keyword.internal.KeywordMain.runKeyword(KeywordMain.groovy:68)&#xD;
	at com.kms.katalon.core.keyword.builtin.VerifyEqualKeyword.verifyEqual(VerifyEqualKeyword.groovy:63)&#xD;
	at com.kms.katalon.core.keyword.builtin.VerifyEqualKeyword.execute(VerifyEqualKeyword.groovy:44)&#xD;
	at com.kms.katalon.core.keyword.internal.KeywordExecutor.executeKeywordForPlatform(KeywordExecutor.groovy:56)&#xD;
	at com.kms.katalon.core.keyword.BuiltinKeywords.verifyEqual(BuiltinKeywords.groovy:126)&#xD;
	at PRUmed Benefit Limitation.run(PRUmed Benefit Limitation:29)&#xD;
	at com.kms.katalon.core.main.ScriptEngine.run(ScriptEngine.java:194)&#xD;
	at com.kms.katalon.core.main.ScriptEngine.runScriptAsRawText(ScriptEngine.java:119)&#xD;
	at com.kms.katalon.core.main.TestCaseExecutor.runScript(TestCaseExecutor.java:337)&#xD;
	at com.kms.katalon.core.main.TestCaseExecutor.doExecute(TestCaseExecutor.java:328)&#xD;
	at com.kms.katalon.core.main.TestCaseExecutor.processExecutionPhase(TestCaseExecutor.java:307)&#xD;
	at com.kms.katalon.core.main.TestCaseExecutor.accessMainPhase(TestCaseExecutor.java:299)&#xD;
	at com.kms.katalon.core.main.TestCaseExecutor.execute(TestCaseExecutor.java:233)&#xD;
	at com.kms.katalon.core.main.TestSuiteExecutor.accessTestCaseMainPhase(TestSuiteExecutor.java:133)&#xD;
	at com.kms.katalon.core.main.TestSuiteExecutor.accessTestSuiteMainPhase(TestSuiteExecutor.java:116)&#xD;
	at com.kms.katalon.core.main.TestSuiteExecutor.execute(TestSuiteExecutor.java:83)&#xD;
	at com.kms.katalon.core.main.TestCaseMain.startTestSuite(TestCaseMain.java:157)&#xD;
	at com.kms.katalon.core.main.TestCaseMain$startTestSuite$0.call(Unknown Source)&#xD;
	at TempTestSuite1568881703577.run(TempTestSuite1568881703577.groovy:35)&#xD;
)&#xD;
	at com.kms.katalon.core.keyword.internal.KeywordMain.stepFailed(KeywordMain.groovy:39)&#xD;
	at com.kms.katalon.core.keyword.internal.KeywordMain.stepFailed(KeywordMain.groovy)&#xD;
	at com.kms.katalon.core.keyword.internal.KeywordMain.runKeyword(KeywordMain.groovy:70)&#xD;
	at com.kms.katalon.core.keyword.builtin.VerifyEqualKeyword.verifyEqual(VerifyEqualKeyword.groovy:63)&#xD;
	at com.kms.katalon.core.keyword.builtin.VerifyEqualKeyword.execute(VerifyEqualKeyword.groovy:44)&#xD;
	at com.kms.katalon.core.keyword.internal.KeywordExecutor.executeKeywordForPlatform(KeywordExecutor.groovy:56)&#xD;
	at com.kms.katalon.core.keyword.BuiltinKeywords.verifyEqual(BuiltinKeywords.groovy:126)&#xD;
	at PRUmed Benefit Limitation.run(PRUmed Benefit Limitation:29)&#xD;
	at com.kms.katalon.core.main.ScriptEngine.run(ScriptEngine.java:194)&#xD;
	at com.kms.katalon.core.main.ScriptEngine.runScriptAsRawText(ScriptEngine.java:119)&#xD;
	at com.kms.katalon.core.main.TestCaseExecutor.runScript(TestCaseExecutor.java:337)&#xD;
	at com.kms.katalon.core.main.TestCaseExecutor.doExecute(TestCaseExecutor.java:328)&#xD;
	at com.kms.katalon.core.main.TestCaseExecutor.processExecutionPhase(TestCaseExecutor.java:307)&#xD;
	at com.kms.katalon.core.main.TestCaseExecutor.accessMainPhase(TestCaseExecutor.java:299)&#xD;
	at com.kms.katalon.core.main.TestCaseExecutor.execute(TestCaseExecutor.java:233)&#xD;
	at com.kms.katalon.core.main.TestSuiteExecutor.accessTestCaseMainPhase(TestSuiteExecutor.java:133)&#xD;
	at com.kms.katalon.core.main.TestSuiteExecutor.accessTestSuiteMainPhase(TestSuiteExecutor.java:116)&#xD;
	at com.kms.katalon.core.main.TestSuiteExecutor.execute(TestSuiteExecutor.java:83)&#xD;
	at com.kms.katalon.core.main.TestCaseMain.startTestSuite(TestCaseMain.java:157)&#xD;
	at com.kms.katalon.core.main.TestCaseMain$startTestSuite$0.call(Unknown Source)&#xD;
	at TempTestSuite1568881703577.run(TempTestSuite1568881703577.groovy:35)&#xD;
Caused by: com.kms.katalon.core.exception.StepFailedException: Actual object 'false' and expected object 'true' are not equal&#xD;
	at com.kms.katalon.core.keyword.builtin.VerifyEqualKeyword$_verifyEqual_closure1.doCall(VerifyEqualKeyword.groovy:58)&#xD;
	at com.kms.katalon.core.keyword.builtin.VerifyEqualKeyword$_verifyEqual_closure1.call(VerifyEqualKeyword.groovy)&#xD;
	at com.kms.katalon.core.keyword.internal.KeywordMain.runKeyword(KeywordMain.groovy:68)&#xD;
	... 18 more</system-err>
        </testcase>
        <testcase name="Test Cases/AlterationScoringNBMajor/PRUmed Benefit Limitation/PRUmed Benefit Limitation" classname="Test Cases/AlterationScoringNBMajor/PRUmed Benefit Limitation/PRUmed Benefit Limitation" status="FAILED">
            <failure type="FAILED" message="Test Cases/AlterationScoringNBMajor/PRUmed Benefit Limitation/PRUmed Benefit Limitation FAILED.&#xA;Reason:&#xA;com.kms.katalon.core.exception.StepFailedException: Unable to verify equal between actual object 'false' and expected object 'true' (Root cause: com.kms.katalon.core.exception.StepFailedException: Actual object 'false' and expected object 'true' are not equal&#xD;&#xA;&#x9;at com.kms.katalon.core.keyword.builtin.VerifyEqualKeyword$_verifyEqual_closure1.doCall(VerifyEqualKeyword.groovy:58)&#xD;&#xA;&#x9;at com.kms.katalon.core.keyword.builtin.VerifyEqualKeyword$_verifyEqual_closure1.call(VerifyEqualKeyword.groovy)&#xD;&#xA;&#x9;at com.kms.katalon.core.keyword.internal.KeywordMain.runKeyword(KeywordMain.groovy:68)&#xD;&#xA;&#x9;at com.kms.katalon.core.keyword.builtin.VerifyEqualKeyword.verifyEqual(VerifyEqualKeyword.groovy:63)&#xD;&#xA;&#x9;at com.kms.katalon.core.keyword.builtin.VerifyEqualKeyword.execute(VerifyEqualKeyword.groovy:44)&#xD;&#xA;&#x9;at com.kms.katalon.core.keyword.internal.KeywordExecutor.executeKeywordForPlatform(KeywordExecutor.groovy:56)&#xD;&#xA;&#x9;at com.kms.katalon.core.keyword.BuiltinKeywords.verifyEqual(BuiltinKeywords.groovy:126)&#xD;&#xA;&#x9;at PRUmed Benefit Limitation.run(PRUmed Benefit Limitation:29)&#xD;&#xA;&#x9;at com.kms.katalon.core.main.ScriptEngine.run(ScriptEngine.java:194)&#xD;&#xA;&#x9;at com.kms.katalon.core.main.ScriptEngine.runScriptAsRawText(ScriptEngine.java:119)&#xD;&#xA;&#x9;at com.kms.katalon.core.main.TestCaseExecutor.runScript(TestCaseExecutor.java:337)&#xD;&#xA;&#x9;at com.kms.katalon.core.main.TestCaseExecutor.doExecute(TestCaseExecutor.java:328)&#xD;&#xA;&#x9;at com.kms.katalon.core.main.TestCaseExecutor.processExecutionPhase(TestCaseExecutor.java:307)&#xD;&#xA;&#x9;at com.kms.katalon.core.main.TestCaseExecutor.accessMainPhase(TestCaseExecutor.java:299)&#xD;&#xA;&#x9;at com.kms.katalon.core.main.TestCaseExecutor.execute(TestCaseExecutor.java:233)&#xD;&#xA;&#x9;at com.kms.katalon.core.main.TestSuiteExecutor.accessTestCaseMainPhase(TestSuiteExecutor.java:133)&#xD;&#xA;&#x9;at com.kms.katalon.core.main.TestSuiteExecutor.accessTestSuiteMainPhase(TestSuiteExecutor.java:116)&#xD;&#xA;&#x9;at com.kms.katalon.core.main.TestSuiteExecutor.execute(TestSuiteExecutor.java:83)&#xD;&#xA;&#x9;at com.kms.katalon.core.main.TestCaseMain.startTestSuite(TestCaseMain.java:157)&#xD;&#xA;&#x9;at com.kms.katalon.core.main.TestCaseMain$startTestSuite$0.call(Unknown Source)&#xD;&#xA;&#x9;at TempTestSuite1568881703577.run(TempTestSuite1568881703577.groovy:35)&#xD;&#xA;)&#xD;&#xA;&#x9;at com.kms.katalon.core.keyword.internal.KeywordMain.stepFailed(KeywordMain.groovy:39)&#xD;&#xA;&#x9;at com.kms.katalon.core.keyword.internal.KeywordMain.stepFailed(KeywordMain.groovy)&#xD;&#xA;&#x9;at com.kms.katalon.core.keyword.internal.KeywordMain.runKeyword(KeywordMain.groovy:70)&#xD;&#xA;&#x9;at com.kms.katalon.core.keyword.builtin.VerifyEqualKeyword.verifyEqual(VerifyEqualKeyword.groovy:63)&#xD;&#xA;&#x9;at com.kms.katalon.core.keyword.builtin.VerifyEqualKeyword.execute(VerifyEqualKeyword.groovy:44)&#xD;&#xA;&#x9;at com.kms.katalon.core.keyword.internal.KeywordExecutor.executeKeywordForPlatform(KeywordExecutor.groovy:56)&#xD;&#xA;&#x9;at com.kms.katalon.core.keyword.BuiltinKeywords.verifyEqual(BuiltinKeywords.groovy:126)&#xD;&#xA;&#x9;at PRUmed Benefit Limitation.run(PRUmed Benefit Limitation:29)&#xD;&#xA;&#x9;at com.kms.katalon.core.main.ScriptEngine.run(ScriptEngine.java:194)&#xD;&#xA;&#x9;at com.kms.katalon.core.main.ScriptEngine.runScriptAsRawText(ScriptEngine.java:119)&#xD;&#xA;&#x9;at com.kms.katalon.core.main.TestCaseExecutor.runScript(TestCaseExecutor.java:337)&#xD;&#xA;&#x9;at com.kms.katalon.core.main.TestCaseExecutor.doExecute(TestCaseExecutor.java:328)&#xD;&#xA;&#x9;at com.kms.katalon.core.main.TestCaseExecutor.processExecutionPhase(TestCaseExecutor.java:307)&#xD;&#xA;&#x9;at com.kms.katalon.core.main.TestCaseExecutor.accessMainPhase(TestCaseExecutor.java:299)&#xD;&#xA;&#x9;at com.kms.katalon.core.main.TestCaseExecutor.execute(TestCaseExecutor.java:233)&#xD;&#xA;&#x9;at com.kms.katalon.core.main.TestSuiteExecutor.accessTestCaseMainPhase(TestSuiteExecutor.java:133)&#xD;&#xA;&#x9;at com.kms.katalon.core.main.TestSuiteExecutor.accessTestSuiteMainPhase(TestSuiteExecutor.java:116)&#xD;&#xA;&#x9;at com.kms.katalon.core.main.TestSuiteExecutor.execute(TestSuiteExecutor.java:83)&#xD;&#xA;&#x9;at com.kms.katalon.core.main.TestCaseMain.startTestSuite(TestCaseMain.java:157)&#xD;&#xA;&#x9;at com.kms.katalon.core.main.TestCaseMain$startTestSuite$0.call(Unknown Source)&#xD;&#xA;&#x9;at TempTestSuite1568881703577.run(TempTestSuite1568881703577.groovy:35)&#xD;&#xA;Caused by: com.kms.katalon.core.exception.StepFailedException: Actual object 'false' and expected object 'true' are not equal&#xD;&#xA;&#x9;at com.kms.katalon.core.keyword.builtin.VerifyEqualKeyword$_verifyEqual_closure1.doCall(VerifyEqualKeyword.groovy:58)&#xD;&#xA;&#x9;at com.kms.katalon.core.keyword.builtin.VerifyEqualKeyword$_verifyEqual_closure1.call(VerifyEqualKeyword.groovy)&#xD;&#xA;&#x9;at com.kms.katalon.core.keyword.internal.KeywordMain.runKeyword(KeywordMain.groovy:68)&#xD;&#xA;&#x9;... 18 more&#xD;&#xA;"/>
            <system-out>2019-09-19 15:29:30 - [TEST_CASE][FAILED] - Test Cases/AlterationScoringNBMajor/PRUmed Benefit Limitation/PRUmed Benefit Limitation: Test Cases/AlterationScoringNBMajor/PRUmed Benefit Limitation/PRUmed Benefit Limitation FAILED.
Reason:
com.kms.katalon.core.exception.StepFailedException: Unable to verify equal between actual object 'false' and expected object 'true' (Root cause: com.kms.katalon.core.exception.StepFailedException: Actual object 'false' and expected object 'true' are not equal&#xD;
	at com.kms.katalon.core.keyword.builtin.VerifyEqualKeyword$_verifyEqual_closure1.doCall(VerifyEqualKeyword.groovy:58)&#xD;
	at com.kms.katalon.core.keyword.builtin.VerifyEqualKeyword$_verifyEqual_closure1.call(VerifyEqualKeyword.groovy)&#xD;
	at com.kms.katalon.core.keyword.internal.KeywordMain.runKeyword(KeywordMain.groovy:68)&#xD;
	at com.kms.katalon.core.keyword.builtin.VerifyEqualKeyword.verifyEqual(VerifyEqualKeyword.groovy:63)&#xD;
	at com.kms.katalon.core.keyword.builtin.VerifyEqualKeyword.execute(VerifyEqualKeyword.groovy:44)&#xD;
	at com.kms.katalon.core.keyword.internal.KeywordExecutor.executeKeywordForPlatform(KeywordExecutor.groovy:56)&#xD;
	at com.kms.katalon.core.keyword.BuiltinKeywords.verifyEqual(BuiltinKeywords.groovy:126)&#xD;
	at PRUmed Benefit Limitation.run(PRUmed Benefit Limitation:29)&#xD;
	at com.kms.katalon.core.main.ScriptEngine.run(ScriptEngine.java:194)&#xD;
	at com.kms.katalon.core.main.ScriptEngine.runScriptAsRawText(ScriptEngine.java:119)&#xD;
	at com.kms.katalon.core.main.TestCaseExecutor.runScript(TestCaseExecutor.java:337)&#xD;
	at com.kms.katalon.core.main.TestCaseExecutor.doExecute(TestCaseExecutor.java:328)&#xD;
	at com.kms.katalon.core.main.TestCaseExecutor.processExecutionPhase(TestCaseExecutor.java:307)&#xD;
	at com.kms.katalon.core.main.TestCaseExecutor.accessMainPhase(TestCaseExecutor.java:299)&#xD;
	at com.kms.katalon.core.main.TestCaseExecutor.execute(TestCaseExecutor.java:233)&#xD;
	at com.kms.katalon.core.main.TestSuiteExecutor.accessTestCaseMainPhase(TestSuiteExecutor.java:133)&#xD;
	at com.kms.katalon.core.main.TestSuiteExecutor.accessTestSuiteMainPhase(TestSuiteExecutor.java:116)&#xD;
	at com.kms.katalon.core.main.TestSuiteExecutor.execute(TestSuiteExecutor.java:83)&#xD;
	at com.kms.katalon.core.main.TestCaseMain.startTestSuite(TestCaseMain.java:157)&#xD;
	at com.kms.katalon.core.main.TestCaseMain$startTestSuite$0.call(Unknown Source)&#xD;
	at TempTestSuite1568881703577.run(TempTestSuite1568881703577.groovy:35)&#xD;
)&#xD;
	at com.kms.katalon.core.keyword.internal.KeywordMain.stepFailed(KeywordMain.groovy:39)&#xD;
	at com.kms.katalon.core.keyword.internal.KeywordMain.stepFailed(KeywordMain.groovy)&#xD;
	at com.kms.katalon.core.keyword.internal.KeywordMain.runKeyword(KeywordMain.groovy:70)&#xD;
	at com.kms.katalon.core.keyword.builtin.VerifyEqualKeyword.verifyEqual(VerifyEqualKeyword.groovy:63)&#xD;
	at com.kms.katalon.core.keyword.builtin.VerifyEqualKeyword.execute(VerifyEqualKeyword.groovy:44)&#xD;
	at com.kms.katalon.core.keyword.internal.KeywordExecutor.executeKeywordForPlatform(KeywordExecutor.groovy:56)&#xD;
	at com.kms.katalon.core.keyword.BuiltinKeywords.verifyEqual(BuiltinKeywords.groovy:126)&#xD;
	at PRUmed Benefit Limitation.run(PRUmed Benefit Limitation:29)&#xD;
	at com.kms.katalon.core.main.ScriptEngine.run(ScriptEngine.java:194)&#xD;
	at com.kms.katalon.core.main.ScriptEngine.runScriptAsRawText(ScriptEngine.java:119)&#xD;
	at com.kms.katalon.core.main.TestCaseExecutor.runScript(TestCaseExecutor.java:337)&#xD;
	at com.kms.katalon.core.main.TestCaseExecutor.doExecute(TestCaseExecutor.java:328)&#xD;
	at com.kms.katalon.core.main.TestCaseExecutor.processExecutionPhase(TestCaseExecutor.java:307)&#xD;
	at com.kms.katalon.core.main.TestCaseExecutor.accessMainPhase(TestCaseExecutor.java:299)&#xD;
	at com.kms.katalon.core.main.TestCaseExecutor.execute(TestCaseExecutor.java:233)&#xD;
	at com.kms.katalon.core.main.TestSuiteExecutor.accessTestCaseMainPhase(TestSuiteExecutor.java:133)&#xD;
	at com.kms.katalon.core.main.TestSuiteExecutor.accessTestSuiteMainPhase(TestSuiteExecutor.java:116)&#xD;
	at com.kms.katalon.core.main.TestSuiteExecutor.execute(TestSuiteExecutor.java:83)&#xD;
	at com.kms.katalon.core.main.TestCaseMain.startTestSuite(TestCaseMain.java:157)&#xD;
	at com.kms.katalon.core.main.TestCaseMain$startTestSuite$0.call(Unknown Source)&#xD;
	at TempTestSuite1568881703577.run(TempTestSuite1568881703577.groovy:35)&#xD;
Caused by: com.kms.katalon.core.exception.StepFailedException: Actual object 'false' and expected object 'true' are not equal&#xD;
	at com.kms.katalon.core.keyword.builtin.VerifyEqualKeyword$_verifyEqual_closure1.doCall(VerifyEqualKeyword.groovy:58)&#xD;
	at com.kms.katalon.core.keyword.builtin.VerifyEqualKeyword$_verifyEqual_closure1.call(VerifyEqualKeyword.groovy)&#xD;
	at com.kms.katalon.core.keyword.internal.KeywordMain.runKeyword(KeywordMain.groovy:68)&#xD;
	... 18 more&#xD;
&#xD;
&#xD;
2019-09-19 15:29:30 - [TEST_STEP][PASSED] - response = sendRequest(findTestObject("AlterationScroingNBMajor/PRUmed Benefit Limitation/Version 1.0_Check_1.391/Request Object", ["transactionType":transactionType, "clientType":clientType, "role":role, "subAlter":subAlter, "eviCode":eviCode, "riderCode":riderCode, ... ])): Send request successfully&#xD;
&#xD;
2019-09-19 15:29:30 - [MESSAGE][INFO] - HAR: C:\SURYAPURBA\PHS\PHS-BRMS\Reports\AlterationScoringNBMajor\PRUmed Benefit Limitation\20190919_152823\requests\main\61.har&#xD;
&#xD;
2019-09-19 15:29:30 - [MESSAGE][PASSED] - Send request successfully&#xD;
&#xD;
2019-09-19 15:29:30 - [TEST_STEP][PASSED] - slurper = new groovy.json.JsonSlurper(): null&#xD;
&#xD;
2019-09-19 15:29:30 - [TEST_STEP][PASSED] - parsingResponse = slurper.parseText(response.getResponseText()): null&#xD;
&#xD;
2019-09-19 15:29:30 - [TEST_STEP][PASSED] - println(parsingResponse): null&#xD;
&#xD;
2019-09-19 15:29:30 - [TEST_STEP][PASSED] - evidenceCode = evidenceCode: null&#xD;
&#xD;
2019-09-19 15:29:30 - [TEST_STEP][PASSED] - println(evidenceCode): null&#xD;
&#xD;
2019-09-19 15:29:30 - [TEST_STEP][PASSED] - println(expectedEvidenceCode): null&#xD;
&#xD;
2019-09-19 15:29:30 - [TEST_STEP][FAILED] - if (expectedEvidenceCode != "STD"): null&#xD;
&#xD;
2019-09-19 15:29:30 - [TEST_STEP][PASSED] - actual = description == expectedDescription: null&#xD;
&#xD;
2019-09-19 15:29:30 - [TEST_STEP][FAILED] - verifyEqual(actual, true, CONTINUE_ON_FAILURE): Unable to verify equal between actual object 'false' and expected object 'true' (Root cause: com.kms.katalon.core.exception.StepFailedException: Actual object 'false' and expected object 'true' are not equal&#xD;
	at com.kms.katalon.core.keyword.builtin.VerifyEqualKeyword$_verifyEqual_closure1.doCall(VerifyEqualKeyword.groovy:58)&#xD;
	at com.kms.katalon.core.keyword.builtin.VerifyEqualKeyword$_verifyEqual_closure1.call(VerifyEqualKeyword.groovy)&#xD;
	at com.kms.katalon.core.keyword.internal.KeywordMain.runKeyword(KeywordMain.groovy:68)&#xD;
	at com.kms.katalon.core.keyword.builtin.VerifyEqualKeyword.verifyEqual(VerifyEqualKeyword.groovy:63)&#xD;
	at com.kms.katalon.core.keyword.builtin.VerifyEqualKeyword.execute(VerifyEqualKeyword.groovy:44)&#xD;
	at com.kms.katalon.core.keyword.internal.KeywordExecutor.executeKeywordForPlatform(KeywordExecutor.groovy:56)&#xD;
	at com.kms.katalon.core.keyword.BuiltinKeywords.verifyEqual(BuiltinKeywords.groovy:126)&#xD;
	at PRUmed Benefit Limitation.run(PRUmed Benefit Limitation:29)&#xD;
	at com.kms.katalon.core.main.ScriptEngine.run(ScriptEngine.java:194)&#xD;
	at com.kms.katalon.core.main.ScriptEngine.runScriptAsRawText(ScriptEngine.java:119)&#xD;
	at com.kms.katalon.core.main.TestCaseExecutor.runScript(TestCaseExecutor.java:337)&#xD;
	at com.kms.katalon.core.main.TestCaseExecutor.doExecute(TestCaseExecutor.java:328)&#xD;
	at com.kms.katalon.core.main.TestCaseExecutor.processExecutionPhase(TestCaseExecutor.java:307)&#xD;
	at com.kms.katalon.core.main.TestCaseExecutor.accessMainPhase(TestCaseExecutor.java:299)&#xD;
	at com.kms.katalon.core.main.TestCaseExecutor.execute(TestCaseExecutor.java:233)&#xD;
	at com.kms.katalon.core.main.TestSuiteExecutor.accessTestCaseMainPhase(TestSuiteExecutor.java:133)&#xD;
	at com.kms.katalon.core.main.TestSuiteExecutor.accessTestSuiteMainPhase(TestSuiteExecutor.java:116)&#xD;
	at com.kms.katalon.core.main.TestSuiteExecutor.execute(TestSuiteExecutor.java:83)&#xD;
	at com.kms.katalon.core.main.TestCaseMain.startTestSuite(TestCaseMain.java:157)&#xD;
	at com.kms.katalon.core.main.TestCaseMain$startTestSuite$0.call(Unknown Source)&#xD;
	at TempTestSuite1568881703577.run(TempTestSuite1568881703577.groovy:35)&#xD;
)&#xD;
&#xD;
2019-09-19 15:29:30 - [MESSAGE][FAILED] - Unable to verify equal between actual object 'false' and expected object 'true' (Root cause: com.kms.katalon.core.exception.StepFailedException: Actual object 'false' and expected object 'true' are not equal&#xD;
	at com.kms.katalon.core.keyword.builtin.VerifyEqualKeyword$_verifyEqual_closure1.doCall(VerifyEqualKeyword.groovy:58)&#xD;
	at com.kms.katalon.core.keyword.builtin.VerifyEqualKeyword$_verifyEqual_closure1.call(VerifyEqualKeyword.groovy)&#xD;
	at com.kms.katalon.core.keyword.internal.KeywordMain.runKeyword(KeywordMain.groovy:68)&#xD;
	at com.kms.katalon.core.keyword.builtin.VerifyEqualKeyword.verifyEqual(VerifyEqualKeyword.groovy:63)&#xD;
	at com.kms.katalon.core.keyword.builtin.VerifyEqualKeyword.execute(VerifyEqualKeyword.groovy:44)&#xD;
	at com.kms.katalon.core.keyword.internal.KeywordExecutor.executeKeywordForPlatform(KeywordExecutor.groovy:56)&#xD;
	at com.kms.katalon.core.keyword.BuiltinKeywords.verifyEqual(BuiltinKeywords.groovy:126)&#xD;
	at PRUmed Benefit Limitation.run(PRUmed Benefit Limitation:29)&#xD;
	at com.kms.katalon.core.main.ScriptEngine.run(ScriptEngine.java:194)&#xD;
	at com.kms.katalon.core.main.ScriptEngine.runScriptAsRawText(ScriptEngine.java:119)&#xD;
	at com.kms.katalon.core.main.TestCaseExecutor.runScript(TestCaseExecutor.java:337)&#xD;
	at com.kms.katalon.core.main.TestCaseExecutor.doExecute(TestCaseExecutor.java:328)&#xD;
	at com.kms.katalon.core.main.TestCaseExecutor.processExecutionPhase(TestCaseExecutor.java:307)&#xD;
	at com.kms.katalon.core.main.TestCaseExecutor.accessMainPhase(TestCaseExecutor.java:299)&#xD;
	at com.kms.katalon.core.main.TestCaseExecutor.execute(TestCaseExecutor.java:233)&#xD;
	at com.kms.katalon.core.main.TestSuiteExecutor.accessTestCaseMainPhase(TestSuiteExecutor.java:133)&#xD;
	at com.kms.katalon.core.main.TestSuiteExecutor.accessTestSuiteMainPhase(TestSuiteExecutor.java:116)&#xD;
	at com.kms.katalon.core.main.TestSuiteExecutor.execute(TestSuiteExecutor.java:83)&#xD;
	at com.kms.katalon.core.main.TestCaseMain.startTestSuite(TestCaseMain.java:157)&#xD;
	at com.kms.katalon.core.main.TestCaseMain$startTestSuite$0.call(Unknown Source)&#xD;
	at TempTestSuite1568881703577.run(TempTestSuite1568881703577.groovy:35)&#xD;
)&#xD;
&#xD;
2019-09-19 15:29:30 - [TEST_STEP][PASSED] - if (actual == false): null&#xD;
&#xD;
2019-09-19 15:29:30 - [TEST_STEP][PASSED] - println("Evidence code tidak sesuai dengan expected evidence code"): null&#xD;
&#xD;
2019-09-19 15:29:30 - [TEST_STEP][PASSED] - verifyResponseStatusCode(response, 200): Verify response status code successfully&#xD;
&#xD;
2019-09-19 15:29:30 - [MESSAGE][PASSED] - Verify response status code successfully</system-out>
            <system-err>2019-09-19 15:29:30 - [TEST_CASE][FAILED] - Test Cases/AlterationScoringNBMajor/PRUmed Benefit Limitation/PRUmed Benefit Limitation: Test Cases/AlterationScoringNBMajor/PRUmed Benefit Limitation/PRUmed Benefit Limitation FAILED.
Reason:
com.kms.katalon.core.exception.StepFailedException: Unable to verify equal between actual object 'false' and expected object 'true' (Root cause: com.kms.katalon.core.exception.StepFailedException: Actual object 'false' and expected object 'true' are not equal&#xD;
	at com.kms.katalon.core.keyword.builtin.VerifyEqualKeyword$_verifyEqual_closure1.doCall(VerifyEqualKeyword.groovy:58)&#xD;
	at com.kms.katalon.core.keyword.builtin.VerifyEqualKeyword$_verifyEqual_closure1.call(VerifyEqualKeyword.groovy)&#xD;
	at com.kms.katalon.core.keyword.internal.KeywordMain.runKeyword(KeywordMain.groovy:68)&#xD;
	at com.kms.katalon.core.keyword.builtin.VerifyEqualKeyword.verifyEqual(VerifyEqualKeyword.groovy:63)&#xD;
	at com.kms.katalon.core.keyword.builtin.VerifyEqualKeyword.execute(VerifyEqualKeyword.groovy:44)&#xD;
	at com.kms.katalon.core.keyword.internal.KeywordExecutor.executeKeywordForPlatform(KeywordExecutor.groovy:56)&#xD;
	at com.kms.katalon.core.keyword.BuiltinKeywords.verifyEqual(BuiltinKeywords.groovy:126)&#xD;
	at PRUmed Benefit Limitation.run(PRUmed Benefit Limitation:29)&#xD;
	at com.kms.katalon.core.main.ScriptEngine.run(ScriptEngine.java:194)&#xD;
	at com.kms.katalon.core.main.ScriptEngine.runScriptAsRawText(ScriptEngine.java:119)&#xD;
	at com.kms.katalon.core.main.TestCaseExecutor.runScript(TestCaseExecutor.java:337)&#xD;
	at com.kms.katalon.core.main.TestCaseExecutor.doExecute(TestCaseExecutor.java:328)&#xD;
	at com.kms.katalon.core.main.TestCaseExecutor.processExecutionPhase(TestCaseExecutor.java:307)&#xD;
	at com.kms.katalon.core.main.TestCaseExecutor.accessMainPhase(TestCaseExecutor.java:299)&#xD;
	at com.kms.katalon.core.main.TestCaseExecutor.execute(TestCaseExecutor.java:233)&#xD;
	at com.kms.katalon.core.main.TestSuiteExecutor.accessTestCaseMainPhase(TestSuiteExecutor.java:133)&#xD;
	at com.kms.katalon.core.main.TestSuiteExecutor.accessTestSuiteMainPhase(TestSuiteExecutor.java:116)&#xD;
	at com.kms.katalon.core.main.TestSuiteExecutor.execute(TestSuiteExecutor.java:83)&#xD;
	at com.kms.katalon.core.main.TestCaseMain.startTestSuite(TestCaseMain.java:157)&#xD;
	at com.kms.katalon.core.main.TestCaseMain$startTestSuite$0.call(Unknown Source)&#xD;
	at TempTestSuite1568881703577.run(TempTestSuite1568881703577.groovy:35)&#xD;
)&#xD;
	at com.kms.katalon.core.keyword.internal.KeywordMain.stepFailed(KeywordMain.groovy:39)&#xD;
	at com.kms.katalon.core.keyword.internal.KeywordMain.stepFailed(KeywordMain.groovy)&#xD;
	at com.kms.katalon.core.keyword.internal.KeywordMain.runKeyword(KeywordMain.groovy:70)&#xD;
	at com.kms.katalon.core.keyword.builtin.VerifyEqualKeyword.verifyEqual(VerifyEqualKeyword.groovy:63)&#xD;
	at com.kms.katalon.core.keyword.builtin.VerifyEqualKeyword.execute(VerifyEqualKeyword.groovy:44)&#xD;
	at com.kms.katalon.core.keyword.internal.KeywordExecutor.executeKeywordForPlatform(KeywordExecutor.groovy:56)&#xD;
	at com.kms.katalon.core.keyword.BuiltinKeywords.verifyEqual(BuiltinKeywords.groovy:126)&#xD;
	at PRUmed Benefit Limitation.run(PRUmed Benefit Limitation:29)&#xD;
	at com.kms.katalon.core.main.ScriptEngine.run(ScriptEngine.java:194)&#xD;
	at com.kms.katalon.core.main.ScriptEngine.runScriptAsRawText(ScriptEngine.java:119)&#xD;
	at com.kms.katalon.core.main.TestCaseExecutor.runScript(TestCaseExecutor.java:337)&#xD;
	at com.kms.katalon.core.main.TestCaseExecutor.doExecute(TestCaseExecutor.java:328)&#xD;
	at com.kms.katalon.core.main.TestCaseExecutor.processExecutionPhase(TestCaseExecutor.java:307)&#xD;
	at com.kms.katalon.core.main.TestCaseExecutor.accessMainPhase(TestCaseExecutor.java:299)&#xD;
	at com.kms.katalon.core.main.TestCaseExecutor.execute(TestCaseExecutor.java:233)&#xD;
	at com.kms.katalon.core.main.TestSuiteExecutor.accessTestCaseMainPhase(TestSuiteExecutor.java:133)&#xD;
	at com.kms.katalon.core.main.TestSuiteExecutor.accessTestSuiteMainPhase(TestSuiteExecutor.java:116)&#xD;
	at com.kms.katalon.core.main.TestSuiteExecutor.execute(TestSuiteExecutor.java:83)&#xD;
	at com.kms.katalon.core.main.TestCaseMain.startTestSuite(TestCaseMain.java:157)&#xD;
	at com.kms.katalon.core.main.TestCaseMain$startTestSuite$0.call(Unknown Source)&#xD;
	at TempTestSuite1568881703577.run(TempTestSuite1568881703577.groovy:35)&#xD;
Caused by: com.kms.katalon.core.exception.StepFailedException: Actual object 'false' and expected object 'true' are not equal&#xD;
	at com.kms.katalon.core.keyword.builtin.VerifyEqualKeyword$_verifyEqual_closure1.doCall(VerifyEqualKeyword.groovy:58)&#xD;
	at com.kms.katalon.core.keyword.builtin.VerifyEqualKeyword$_verifyEqual_closure1.call(VerifyEqualKeyword.groovy)&#xD;
	at com.kms.katalon.core.keyword.internal.KeywordMain.runKeyword(KeywordMain.groovy:68)&#xD;
	... 18 more</system-err>
        </testcase>
        <testcase name="Test Cases/AlterationScoringNBMajor/PRUmed Benefit Limitation/PRUmed Benefit Limitation" classname="Test Cases/AlterationScoringNBMajor/PRUmed Benefit Limitation/PRUmed Benefit Limitation" status="FAILED">
            <failure type="FAILED" message="Test Cases/AlterationScoringNBMajor/PRUmed Benefit Limitation/PRUmed Benefit Limitation FAILED.&#xA;Reason:&#xA;com.kms.katalon.core.exception.StepFailedException: Unable to verify equal between actual object 'false' and expected object 'true' (Root cause: com.kms.katalon.core.exception.StepFailedException: Actual object 'false' and expected object 'true' are not equal&#xD;&#xA;&#x9;at com.kms.katalon.core.keyword.builtin.VerifyEqualKeyword$_verifyEqual_closure1.doCall(VerifyEqualKeyword.groovy:58)&#xD;&#xA;&#x9;at com.kms.katalon.core.keyword.builtin.VerifyEqualKeyword$_verifyEqual_closure1.call(VerifyEqualKeyword.groovy)&#xD;&#xA;&#x9;at com.kms.katalon.core.keyword.internal.KeywordMain.runKeyword(KeywordMain.groovy:68)&#xD;&#xA;&#x9;at com.kms.katalon.core.keyword.builtin.VerifyEqualKeyword.verifyEqual(VerifyEqualKeyword.groovy:63)&#xD;&#xA;&#x9;at com.kms.katalon.core.keyword.builtin.VerifyEqualKeyword.execute(VerifyEqualKeyword.groovy:44)&#xD;&#xA;&#x9;at com.kms.katalon.core.keyword.internal.KeywordExecutor.executeKeywordForPlatform(KeywordExecutor.groovy:56)&#xD;&#xA;&#x9;at com.kms.katalon.core.keyword.BuiltinKeywords.verifyEqual(BuiltinKeywords.groovy:126)&#xD;&#xA;&#x9;at PRUmed Benefit Limitation.run(PRUmed Benefit Limitation:29)&#xD;&#xA;&#x9;at com.kms.katalon.core.main.ScriptEngine.run(ScriptEngine.java:194)&#xD;&#xA;&#x9;at com.kms.katalon.core.main.ScriptEngine.runScriptAsRawText(ScriptEngine.java:119)&#xD;&#xA;&#x9;at com.kms.katalon.core.main.TestCaseExecutor.runScript(TestCaseExecutor.java:337)&#xD;&#xA;&#x9;at com.kms.katalon.core.main.TestCaseExecutor.doExecute(TestCaseExecutor.java:328)&#xD;&#xA;&#x9;at com.kms.katalon.core.main.TestCaseExecutor.processExecutionPhase(TestCaseExecutor.java:307)&#xD;&#xA;&#x9;at com.kms.katalon.core.main.TestCaseExecutor.accessMainPhase(TestCaseExecutor.java:299)&#xD;&#xA;&#x9;at com.kms.katalon.core.main.TestCaseExecutor.execute(TestCaseExecutor.java:233)&#xD;&#xA;&#x9;at com.kms.katalon.core.main.TestSuiteExecutor.accessTestCaseMainPhase(TestSuiteExecutor.java:133)&#xD;&#xA;&#x9;at com.kms.katalon.core.main.TestSuiteExecutor.accessTestSuiteMainPhase(TestSuiteExecutor.java:116)&#xD;&#xA;&#x9;at com.kms.katalon.core.main.TestSuiteExecutor.execute(TestSuiteExecutor.java:83)&#xD;&#xA;&#x9;at com.kms.katalon.core.main.TestCaseMain.startTestSuite(TestCaseMain.java:157)&#xD;&#xA;&#x9;at com.kms.katalon.core.main.TestCaseMain$startTestSuite$0.call(Unknown Source)&#xD;&#xA;&#x9;at TempTestSuite1568881703577.run(TempTestSuite1568881703577.groovy:35)&#xD;&#xA;)&#xD;&#xA;&#x9;at com.kms.katalon.core.keyword.internal.KeywordMain.stepFailed(KeywordMain.groovy:39)&#xD;&#xA;&#x9;at com.kms.katalon.core.keyword.internal.KeywordMain.stepFailed(KeywordMain.groovy)&#xD;&#xA;&#x9;at com.kms.katalon.core.keyword.internal.KeywordMain.runKeyword(KeywordMain.groovy:70)&#xD;&#xA;&#x9;at com.kms.katalon.core.keyword.builtin.VerifyEqualKeyword.verifyEqual(VerifyEqualKeyword.groovy:63)&#xD;&#xA;&#x9;at com.kms.katalon.core.keyword.builtin.VerifyEqualKeyword.execute(VerifyEqualKeyword.groovy:44)&#xD;&#xA;&#x9;at com.kms.katalon.core.keyword.internal.KeywordExecutor.executeKeywordForPlatform(KeywordExecutor.groovy:56)&#xD;&#xA;&#x9;at com.kms.katalon.core.keyword.BuiltinKeywords.verifyEqual(BuiltinKeywords.groovy:126)&#xD;&#xA;&#x9;at PRUmed Benefit Limitation.run(PRUmed Benefit Limitation:29)&#xD;&#xA;&#x9;at com.kms.katalon.core.main.ScriptEngine.run(ScriptEngine.java:194)&#xD;&#xA;&#x9;at com.kms.katalon.core.main.ScriptEngine.runScriptAsRawText(ScriptEngine.java:119)&#xD;&#xA;&#x9;at com.kms.katalon.core.main.TestCaseExecutor.runScript(TestCaseExecutor.java:337)&#xD;&#xA;&#x9;at com.kms.katalon.core.main.TestCaseExecutor.doExecute(TestCaseExecutor.java:328)&#xD;&#xA;&#x9;at com.kms.katalon.core.main.TestCaseExecutor.processExecutionPhase(TestCaseExecutor.java:307)&#xD;&#xA;&#x9;at com.kms.katalon.core.main.TestCaseExecutor.accessMainPhase(TestCaseExecutor.java:299)&#xD;&#xA;&#x9;at com.kms.katalon.core.main.TestCaseExecutor.execute(TestCaseExecutor.java:233)&#xD;&#xA;&#x9;at com.kms.katalon.core.main.TestSuiteExecutor.accessTestCaseMainPhase(TestSuiteExecutor.java:133)&#xD;&#xA;&#x9;at com.kms.katalon.core.main.TestSuiteExecutor.accessTestSuiteMainPhase(TestSuiteExecutor.java:116)&#xD;&#xA;&#x9;at com.kms.katalon.core.main.TestSuiteExecutor.execute(TestSuiteExecutor.java:83)&#xD;&#xA;&#x9;at com.kms.katalon.core.main.TestCaseMain.startTestSuite(TestCaseMain.java:157)&#xD;&#xA;&#x9;at com.kms.katalon.core.main.TestCaseMain$startTestSuite$0.call(Unknown Source)&#xD;&#xA;&#x9;at TempTestSuite1568881703577.run(TempTestSuite1568881703577.groovy:35)&#xD;&#xA;Caused by: com.kms.katalon.core.exception.StepFailedException: Actual object 'false' and expected object 'true' are not equal&#xD;&#xA;&#x9;at com.kms.katalon.core.keyword.builtin.VerifyEqualKeyword$_verifyEqual_closure1.doCall(VerifyEqualKeyword.groovy:58)&#xD;&#xA;&#x9;at com.kms.katalon.core.keyword.builtin.VerifyEqualKeyword$_verifyEqual_closure1.call(VerifyEqualKeyword.groovy)&#xD;&#xA;&#x9;at com.kms.katalon.core.keyword.internal.KeywordMain.runKeyword(KeywordMain.groovy:68)&#xD;&#xA;&#x9;... 18 more&#xD;&#xA;"/>
            <system-out>2019-09-19 15:29:31 - [TEST_CASE][FAILED] - Test Cases/AlterationScoringNBMajor/PRUmed Benefit Limitation/PRUmed Benefit Limitation: Test Cases/AlterationScoringNBMajor/PRUmed Benefit Limitation/PRUmed Benefit Limitation FAILED.
Reason:
com.kms.katalon.core.exception.StepFailedException: Unable to verify equal between actual object 'false' and expected object 'true' (Root cause: com.kms.katalon.core.exception.StepFailedException: Actual object 'false' and expected object 'true' are not equal&#xD;
	at com.kms.katalon.core.keyword.builtin.VerifyEqualKeyword$_verifyEqual_closure1.doCall(VerifyEqualKeyword.groovy:58)&#xD;
	at com.kms.katalon.core.keyword.builtin.VerifyEqualKeyword$_verifyEqual_closure1.call(VerifyEqualKeyword.groovy)&#xD;
	at com.kms.katalon.core.keyword.internal.KeywordMain.runKeyword(KeywordMain.groovy:68)&#xD;
	at com.kms.katalon.core.keyword.builtin.VerifyEqualKeyword.verifyEqual(VerifyEqualKeyword.groovy:63)&#xD;
	at com.kms.katalon.core.keyword.builtin.VerifyEqualKeyword.execute(VerifyEqualKeyword.groovy:44)&#xD;
	at com.kms.katalon.core.keyword.internal.KeywordExecutor.executeKeywordForPlatform(KeywordExecutor.groovy:56)&#xD;
	at com.kms.katalon.core.keyword.BuiltinKeywords.verifyEqual(BuiltinKeywords.groovy:126)&#xD;
	at PRUmed Benefit Limitation.run(PRUmed Benefit Limitation:29)&#xD;
	at com.kms.katalon.core.main.ScriptEngine.run(ScriptEngine.java:194)&#xD;
	at com.kms.katalon.core.main.ScriptEngine.runScriptAsRawText(ScriptEngine.java:119)&#xD;
	at com.kms.katalon.core.main.TestCaseExecutor.runScript(TestCaseExecutor.java:337)&#xD;
	at com.kms.katalon.core.main.TestCaseExecutor.doExecute(TestCaseExecutor.java:328)&#xD;
	at com.kms.katalon.core.main.TestCaseExecutor.processExecutionPhase(TestCaseExecutor.java:307)&#xD;
	at com.kms.katalon.core.main.TestCaseExecutor.accessMainPhase(TestCaseExecutor.java:299)&#xD;
	at com.kms.katalon.core.main.TestCaseExecutor.execute(TestCaseExecutor.java:233)&#xD;
	at com.kms.katalon.core.main.TestSuiteExecutor.accessTestCaseMainPhase(TestSuiteExecutor.java:133)&#xD;
	at com.kms.katalon.core.main.TestSuiteExecutor.accessTestSuiteMainPhase(TestSuiteExecutor.java:116)&#xD;
	at com.kms.katalon.core.main.TestSuiteExecutor.execute(TestSuiteExecutor.java:83)&#xD;
	at com.kms.katalon.core.main.TestCaseMain.startTestSuite(TestCaseMain.java:157)&#xD;
	at com.kms.katalon.core.main.TestCaseMain$startTestSuite$0.call(Unknown Source)&#xD;
	at TempTestSuite1568881703577.run(TempTestSuite1568881703577.groovy:35)&#xD;
)&#xD;
	at com.kms.katalon.core.keyword.internal.KeywordMain.stepFailed(KeywordMain.groovy:39)&#xD;
	at com.kms.katalon.core.keyword.internal.KeywordMain.stepFailed(KeywordMain.groovy)&#xD;
	at com.kms.katalon.core.keyword.internal.KeywordMain.runKeyword(KeywordMain.groovy:70)&#xD;
	at com.kms.katalon.core.keyword.builtin.VerifyEqualKeyword.verifyEqual(VerifyEqualKeyword.groovy:63)&#xD;
	at com.kms.katalon.core.keyword.builtin.VerifyEqualKeyword.execute(VerifyEqualKeyword.groovy:44)&#xD;
	at com.kms.katalon.core.keyword.internal.KeywordExecutor.executeKeywordForPlatform(KeywordExecutor.groovy:56)&#xD;
	at com.kms.katalon.core.keyword.BuiltinKeywords.verifyEqual(BuiltinKeywords.groovy:126)&#xD;
	at PRUmed Benefit Limitation.run(PRUmed Benefit Limitation:29)&#xD;
	at com.kms.katalon.core.main.ScriptEngine.run(ScriptEngine.java:194)&#xD;
	at com.kms.katalon.core.main.ScriptEngine.runScriptAsRawText(ScriptEngine.java:119)&#xD;
	at com.kms.katalon.core.main.TestCaseExecutor.runScript(TestCaseExecutor.java:337)&#xD;
	at com.kms.katalon.core.main.TestCaseExecutor.doExecute(TestCaseExecutor.java:328)&#xD;
	at com.kms.katalon.core.main.TestCaseExecutor.processExecutionPhase(TestCaseExecutor.java:307)&#xD;
	at com.kms.katalon.core.main.TestCaseExecutor.accessMainPhase(TestCaseExecutor.java:299)&#xD;
	at com.kms.katalon.core.main.TestCaseExecutor.execute(TestCaseExecutor.java:233)&#xD;
	at com.kms.katalon.core.main.TestSuiteExecutor.accessTestCaseMainPhase(TestSuiteExecutor.java:133)&#xD;
	at com.kms.katalon.core.main.TestSuiteExecutor.accessTestSuiteMainPhase(TestSuiteExecutor.java:116)&#xD;
	at com.kms.katalon.core.main.TestSuiteExecutor.execute(TestSuiteExecutor.java:83)&#xD;
	at com.kms.katalon.core.main.TestCaseMain.startTestSuite(TestCaseMain.java:157)&#xD;
	at com.kms.katalon.core.main.TestCaseMain$startTestSuite$0.call(Unknown Source)&#xD;
	at TempTestSuite1568881703577.run(TempTestSuite1568881703577.groovy:35)&#xD;
Caused by: com.kms.katalon.core.exception.StepFailedException: Actual object 'false' and expected object 'true' are not equal&#xD;
	at com.kms.katalon.core.keyword.builtin.VerifyEqualKeyword$_verifyEqual_closure1.doCall(VerifyEqualKeyword.groovy:58)&#xD;
	at com.kms.katalon.core.keyword.builtin.VerifyEqualKeyword$_verifyEqual_closure1.call(VerifyEqualKeyword.groovy)&#xD;
	at com.kms.katalon.core.keyword.internal.KeywordMain.runKeyword(KeywordMain.groovy:68)&#xD;
	... 18 more&#xD;
&#xD;
&#xD;
2019-09-19 15:29:31 - [TEST_STEP][PASSED] - response = sendRequest(findTestObject("AlterationScroingNBMajor/PRUmed Benefit Limitation/Version 1.0_Check_1.391/Request Object", ["transactionType":transactionType, "clientType":clientType, "role":role, "subAlter":subAlter, "eviCode":eviCode, "riderCode":riderCode, ... ])): Send request successfully&#xD;
&#xD;
2019-09-19 15:29:31 - [MESSAGE][INFO] - HAR: C:\SURYAPURBA\PHS\PHS-BRMS\Reports\AlterationScoringNBMajor\PRUmed Benefit Limitation\20190919_152823\requests\main\62.har&#xD;
&#xD;
2019-09-19 15:29:31 - [MESSAGE][PASSED] - Send request successfully&#xD;
&#xD;
2019-09-19 15:29:31 - [TEST_STEP][PASSED] - slurper = new groovy.json.JsonSlurper(): null&#xD;
&#xD;
2019-09-19 15:29:31 - [TEST_STEP][PASSED] - parsingResponse = slurper.parseText(response.getResponseText()): null&#xD;
&#xD;
2019-09-19 15:29:31 - [TEST_STEP][PASSED] - println(parsingResponse): null&#xD;
&#xD;
2019-09-19 15:29:31 - [TEST_STEP][PASSED] - evidenceCode = evidenceCode: null&#xD;
&#xD;
2019-09-19 15:29:31 - [TEST_STEP][PASSED] - println(evidenceCode): null&#xD;
&#xD;
2019-09-19 15:29:31 - [TEST_STEP][PASSED] - println(expectedEvidenceCode): null&#xD;
&#xD;
2019-09-19 15:29:31 - [TEST_STEP][FAILED] - if (expectedEvidenceCode != "STD"): null&#xD;
&#xD;
2019-09-19 15:29:31 - [TEST_STEP][PASSED] - actual = description == expectedDescription: null&#xD;
&#xD;
2019-09-19 15:29:31 - [TEST_STEP][FAILED] - verifyEqual(actual, true, CONTINUE_ON_FAILURE): Unable to verify equal between actual object 'false' and expected object 'true' (Root cause: com.kms.katalon.core.exception.StepFailedException: Actual object 'false' and expected object 'true' are not equal&#xD;
	at com.kms.katalon.core.keyword.builtin.VerifyEqualKeyword$_verifyEqual_closure1.doCall(VerifyEqualKeyword.groovy:58)&#xD;
	at com.kms.katalon.core.keyword.builtin.VerifyEqualKeyword$_verifyEqual_closure1.call(VerifyEqualKeyword.groovy)&#xD;
	at com.kms.katalon.core.keyword.internal.KeywordMain.runKeyword(KeywordMain.groovy:68)&#xD;
	at com.kms.katalon.core.keyword.builtin.VerifyEqualKeyword.verifyEqual(VerifyEqualKeyword.groovy:63)&#xD;
	at com.kms.katalon.core.keyword.builtin.VerifyEqualKeyword.execute(VerifyEqualKeyword.groovy:44)&#xD;
	at com.kms.katalon.core.keyword.internal.KeywordExecutor.executeKeywordForPlatform(KeywordExecutor.groovy:56)&#xD;
	at com.kms.katalon.core.keyword.BuiltinKeywords.verifyEqual(BuiltinKeywords.groovy:126)&#xD;
	at PRUmed Benefit Limitation.run(PRUmed Benefit Limitation:29)&#xD;
	at com.kms.katalon.core.main.ScriptEngine.run(ScriptEngine.java:194)&#xD;
	at com.kms.katalon.core.main.ScriptEngine.runScriptAsRawText(ScriptEngine.java:119)&#xD;
	at com.kms.katalon.core.main.TestCaseExecutor.runScript(TestCaseExecutor.java:337)&#xD;
	at com.kms.katalon.core.main.TestCaseExecutor.doExecute(TestCaseExecutor.java:328)&#xD;
	at com.kms.katalon.core.main.TestCaseExecutor.processExecutionPhase(TestCaseExecutor.java:307)&#xD;
	at com.kms.katalon.core.main.TestCaseExecutor.accessMainPhase(TestCaseExecutor.java:299)&#xD;
	at com.kms.katalon.core.main.TestCaseExecutor.execute(TestCaseExecutor.java:233)&#xD;
	at com.kms.katalon.core.main.TestSuiteExecutor.accessTestCaseMainPhase(TestSuiteExecutor.java:133)&#xD;
	at com.kms.katalon.core.main.TestSuiteExecutor.accessTestSuiteMainPhase(TestSuiteExecutor.java:116)&#xD;
	at com.kms.katalon.core.main.TestSuiteExecutor.execute(TestSuiteExecutor.java:83)&#xD;
	at com.kms.katalon.core.main.TestCaseMain.startTestSuite(TestCaseMain.java:157)&#xD;
	at com.kms.katalon.core.main.TestCaseMain$startTestSuite$0.call(Unknown Source)&#xD;
	at TempTestSuite1568881703577.run(TempTestSuite1568881703577.groovy:35)&#xD;
)&#xD;
&#xD;
2019-09-19 15:29:31 - [MESSAGE][FAILED] - Unable to verify equal between actual object 'false' and expected object 'true' (Root cause: com.kms.katalon.core.exception.StepFailedException: Actual object 'false' and expected object 'true' are not equal&#xD;
	at com.kms.katalon.core.keyword.builtin.VerifyEqualKeyword$_verifyEqual_closure1.doCall(VerifyEqualKeyword.groovy:58)&#xD;
	at com.kms.katalon.core.keyword.builtin.VerifyEqualKeyword$_verifyEqual_closure1.call(VerifyEqualKeyword.groovy)&#xD;
	at com.kms.katalon.core.keyword.internal.KeywordMain.runKeyword(KeywordMain.groovy:68)&#xD;
	at com.kms.katalon.core.keyword.builtin.VerifyEqualKeyword.verifyEqual(VerifyEqualKeyword.groovy:63)&#xD;
	at com.kms.katalon.core.keyword.builtin.VerifyEqualKeyword.execute(VerifyEqualKeyword.groovy:44)&#xD;
	at com.kms.katalon.core.keyword.internal.KeywordExecutor.executeKeywordForPlatform(KeywordExecutor.groovy:56)&#xD;
	at com.kms.katalon.core.keyword.BuiltinKeywords.verifyEqual(BuiltinKeywords.groovy:126)&#xD;
	at PRUmed Benefit Limitation.run(PRUmed Benefit Limitation:29)&#xD;
	at com.kms.katalon.core.main.ScriptEngine.run(ScriptEngine.java:194)&#xD;
	at com.kms.katalon.core.main.ScriptEngine.runScriptAsRawText(ScriptEngine.java:119)&#xD;
	at com.kms.katalon.core.main.TestCaseExecutor.runScript(TestCaseExecutor.java:337)&#xD;
	at com.kms.katalon.core.main.TestCaseExecutor.doExecute(TestCaseExecutor.java:328)&#xD;
	at com.kms.katalon.core.main.TestCaseExecutor.processExecutionPhase(TestCaseExecutor.java:307)&#xD;
	at com.kms.katalon.core.main.TestCaseExecutor.accessMainPhase(TestCaseExecutor.java:299)&#xD;
	at com.kms.katalon.core.main.TestCaseExecutor.execute(TestCaseExecutor.java:233)&#xD;
	at com.kms.katalon.core.main.TestSuiteExecutor.accessTestCaseMainPhase(TestSuiteExecutor.java:133)&#xD;
	at com.kms.katalon.core.main.TestSuiteExecutor.accessTestSuiteMainPhase(TestSuiteExecutor.java:116)&#xD;
	at com.kms.katalon.core.main.TestSuiteExecutor.execute(TestSuiteExecutor.java:83)&#xD;
	at com.kms.katalon.core.main.TestCaseMain.startTestSuite(TestCaseMain.java:157)&#xD;
	at com.kms.katalon.core.main.TestCaseMain$startTestSuite$0.call(Unknown Source)&#xD;
	at TempTestSuite1568881703577.run(TempTestSuite1568881703577.groovy:35)&#xD;
)&#xD;
&#xD;
2019-09-19 15:29:31 - [TEST_STEP][PASSED] - if (actual == false): null&#xD;
&#xD;
2019-09-19 15:29:31 - [TEST_STEP][PASSED] - println("Evidence code tidak sesuai dengan expected evidence code"): null&#xD;
&#xD;
2019-09-19 15:29:31 - [TEST_STEP][PASSED] - verifyResponseStatusCode(response, 200): Verify response status code successfully&#xD;
&#xD;
2019-09-19 15:29:31 - [MESSAGE][PASSED] - Verify response status code successfully</system-out>
            <system-err>2019-09-19 15:29:31 - [TEST_CASE][FAILED] - Test Cases/AlterationScoringNBMajor/PRUmed Benefit Limitation/PRUmed Benefit Limitation: Test Cases/AlterationScoringNBMajor/PRUmed Benefit Limitation/PRUmed Benefit Limitation FAILED.
Reason:
com.kms.katalon.core.exception.StepFailedException: Unable to verify equal between actual object 'false' and expected object 'true' (Root cause: com.kms.katalon.core.exception.StepFailedException: Actual object 'false' and expected object 'true' are not equal&#xD;
	at com.kms.katalon.core.keyword.builtin.VerifyEqualKeyword$_verifyEqual_closure1.doCall(VerifyEqualKeyword.groovy:58)&#xD;
	at com.kms.katalon.core.keyword.builtin.VerifyEqualKeyword$_verifyEqual_closure1.call(VerifyEqualKeyword.groovy)&#xD;
	at com.kms.katalon.core.keyword.internal.KeywordMain.runKeyword(KeywordMain.groovy:68)&#xD;
	at com.kms.katalon.core.keyword.builtin.VerifyEqualKeyword.verifyEqual(VerifyEqualKeyword.groovy:63)&#xD;
	at com.kms.katalon.core.keyword.builtin.VerifyEqualKeyword.execute(VerifyEqualKeyword.groovy:44)&#xD;
	at com.kms.katalon.core.keyword.internal.KeywordExecutor.executeKeywordForPlatform(KeywordExecutor.groovy:56)&#xD;
	at com.kms.katalon.core.keyword.BuiltinKeywords.verifyEqual(BuiltinKeywords.groovy:126)&#xD;
	at PRUmed Benefit Limitation.run(PRUmed Benefit Limitation:29)&#xD;
	at com.kms.katalon.core.main.ScriptEngine.run(ScriptEngine.java:194)&#xD;
	at com.kms.katalon.core.main.ScriptEngine.runScriptAsRawText(ScriptEngine.java:119)&#xD;
	at com.kms.katalon.core.main.TestCaseExecutor.runScript(TestCaseExecutor.java:337)&#xD;
	at com.kms.katalon.core.main.TestCaseExecutor.doExecute(TestCaseExecutor.java:328)&#xD;
	at com.kms.katalon.core.main.TestCaseExecutor.processExecutionPhase(TestCaseExecutor.java:307)&#xD;
	at com.kms.katalon.core.main.TestCaseExecutor.accessMainPhase(TestCaseExecutor.java:299)&#xD;
	at com.kms.katalon.core.main.TestCaseExecutor.execute(TestCaseExecutor.java:233)&#xD;
	at com.kms.katalon.core.main.TestSuiteExecutor.accessTestCaseMainPhase(TestSuiteExecutor.java:133)&#xD;
	at com.kms.katalon.core.main.TestSuiteExecutor.accessTestSuiteMainPhase(TestSuiteExecutor.java:116)&#xD;
	at com.kms.katalon.core.main.TestSuiteExecutor.execute(TestSuiteExecutor.java:83)&#xD;
	at com.kms.katalon.core.main.TestCaseMain.startTestSuite(TestCaseMain.java:157)&#xD;
	at com.kms.katalon.core.main.TestCaseMain$startTestSuite$0.call(Unknown Source)&#xD;
	at TempTestSuite1568881703577.run(TempTestSuite1568881703577.groovy:35)&#xD;
)&#xD;
	at com.kms.katalon.core.keyword.internal.KeywordMain.stepFailed(KeywordMain.groovy:39)&#xD;
	at com.kms.katalon.core.keyword.internal.KeywordMain.stepFailed(KeywordMain.groovy)&#xD;
	at com.kms.katalon.core.keyword.internal.KeywordMain.runKeyword(KeywordMain.groovy:70)&#xD;
	at com.kms.katalon.core.keyword.builtin.VerifyEqualKeyword.verifyEqual(VerifyEqualKeyword.groovy:63)&#xD;
	at com.kms.katalon.core.keyword.builtin.VerifyEqualKeyword.execute(VerifyEqualKeyword.groovy:44)&#xD;
	at com.kms.katalon.core.keyword.internal.KeywordExecutor.executeKeywordForPlatform(KeywordExecutor.groovy:56)&#xD;
	at com.kms.katalon.core.keyword.BuiltinKeywords.verifyEqual(BuiltinKeywords.groovy:126)&#xD;
	at PRUmed Benefit Limitation.run(PRUmed Benefit Limitation:29)&#xD;
	at com.kms.katalon.core.main.ScriptEngine.run(ScriptEngine.java:194)&#xD;
	at com.kms.katalon.core.main.ScriptEngine.runScriptAsRawText(ScriptEngine.java:119)&#xD;
	at com.kms.katalon.core.main.TestCaseExecutor.runScript(TestCaseExecutor.java:337)&#xD;
	at com.kms.katalon.core.main.TestCaseExecutor.doExecute(TestCaseExecutor.java:328)&#xD;
	at com.kms.katalon.core.main.TestCaseExecutor.processExecutionPhase(TestCaseExecutor.java:307)&#xD;
	at com.kms.katalon.core.main.TestCaseExecutor.accessMainPhase(TestCaseExecutor.java:299)&#xD;
	at com.kms.katalon.core.main.TestCaseExecutor.execute(TestCaseExecutor.java:233)&#xD;
	at com.kms.katalon.core.main.TestSuiteExecutor.accessTestCaseMainPhase(TestSuiteExecutor.java:133)&#xD;
	at com.kms.katalon.core.main.TestSuiteExecutor.accessTestSuiteMainPhase(TestSuiteExecutor.java:116)&#xD;
	at com.kms.katalon.core.main.TestSuiteExecutor.execute(TestSuiteExecutor.java:83)&#xD;
	at com.kms.katalon.core.main.TestCaseMain.startTestSuite(TestCaseMain.java:157)&#xD;
	at com.kms.katalon.core.main.TestCaseMain$startTestSuite$0.call(Unknown Source)&#xD;
	at TempTestSuite1568881703577.run(TempTestSuite1568881703577.groovy:35)&#xD;
Caused by: com.kms.katalon.core.exception.StepFailedException: Actual object 'false' and expected object 'true' are not equal&#xD;
	at com.kms.katalon.core.keyword.builtin.VerifyEqualKeyword$_verifyEqual_closure1.doCall(VerifyEqualKeyword.groovy:58)&#xD;
	at com.kms.katalon.core.keyword.builtin.VerifyEqualKeyword$_verifyEqual_closure1.call(VerifyEqualKeyword.groovy)&#xD;
	at com.kms.katalon.core.keyword.internal.KeywordMain.runKeyword(KeywordMain.groovy:68)&#xD;
	... 18 more</system-err>
        </testcase>
        <testcase name="Test Cases/AlterationScoringNBMajor/PRUmed Benefit Limitation/PRUmed Benefit Limitation" classname="Test Cases/AlterationScoringNBMajor/PRUmed Benefit Limitation/PRUmed Benefit Limitation" status="FAILED">
            <failure type="FAILED" message="Test Cases/AlterationScoringNBMajor/PRUmed Benefit Limitation/PRUmed Benefit Limitation FAILED.&#xA;Reason:&#xA;com.kms.katalon.core.exception.StepFailedException: Unable to verify equal between actual object 'false' and expected object 'true' (Root cause: com.kms.katalon.core.exception.StepFailedException: Actual object 'false' and expected object 'true' are not equal&#xD;&#xA;&#x9;at com.kms.katalon.core.keyword.builtin.VerifyEqualKeyword$_verifyEqual_closure1.doCall(VerifyEqualKeyword.groovy:58)&#xD;&#xA;&#x9;at com.kms.katalon.core.keyword.builtin.VerifyEqualKeyword$_verifyEqual_closure1.call(VerifyEqualKeyword.groovy)&#xD;&#xA;&#x9;at com.kms.katalon.core.keyword.internal.KeywordMain.runKeyword(KeywordMain.groovy:68)&#xD;&#xA;&#x9;at com.kms.katalon.core.keyword.builtin.VerifyEqualKeyword.verifyEqual(VerifyEqualKeyword.groovy:63)&#xD;&#xA;&#x9;at com.kms.katalon.core.keyword.builtin.VerifyEqualKeyword.execute(VerifyEqualKeyword.groovy:44)&#xD;&#xA;&#x9;at com.kms.katalon.core.keyword.internal.KeywordExecutor.executeKeywordForPlatform(KeywordExecutor.groovy:56)&#xD;&#xA;&#x9;at com.kms.katalon.core.keyword.BuiltinKeywords.verifyEqual(BuiltinKeywords.groovy:126)&#xD;&#xA;&#x9;at PRUmed Benefit Limitation.run(PRUmed Benefit Limitation:29)&#xD;&#xA;&#x9;at com.kms.katalon.core.main.ScriptEngine.run(ScriptEngine.java:194)&#xD;&#xA;&#x9;at com.kms.katalon.core.main.ScriptEngine.runScriptAsRawText(ScriptEngine.java:119)&#xD;&#xA;&#x9;at com.kms.katalon.core.main.TestCaseExecutor.runScript(TestCaseExecutor.java:337)&#xD;&#xA;&#x9;at com.kms.katalon.core.main.TestCaseExecutor.doExecute(TestCaseExecutor.java:328)&#xD;&#xA;&#x9;at com.kms.katalon.core.main.TestCaseExecutor.processExecutionPhase(TestCaseExecutor.java:307)&#xD;&#xA;&#x9;at com.kms.katalon.core.main.TestCaseExecutor.accessMainPhase(TestCaseExecutor.java:299)&#xD;&#xA;&#x9;at com.kms.katalon.core.main.TestCaseExecutor.execute(TestCaseExecutor.java:233)&#xD;&#xA;&#x9;at com.kms.katalon.core.main.TestSuiteExecutor.accessTestCaseMainPhase(TestSuiteExecutor.java:133)&#xD;&#xA;&#x9;at com.kms.katalon.core.main.TestSuiteExecutor.accessTestSuiteMainPhase(TestSuiteExecutor.java:116)&#xD;&#xA;&#x9;at com.kms.katalon.core.main.TestSuiteExecutor.execute(TestSuiteExecutor.java:83)&#xD;&#xA;&#x9;at com.kms.katalon.core.main.TestCaseMain.startTestSuite(TestCaseMain.java:157)&#xD;&#xA;&#x9;at com.kms.katalon.core.main.TestCaseMain$startTestSuite$0.call(Unknown Source)&#xD;&#xA;&#x9;at TempTestSuite1568881703577.run(TempTestSuite1568881703577.groovy:35)&#xD;&#xA;)&#xD;&#xA;&#x9;at com.kms.katalon.core.keyword.internal.KeywordMain.stepFailed(KeywordMain.groovy:39)&#xD;&#xA;&#x9;at com.kms.katalon.core.keyword.internal.KeywordMain.stepFailed(KeywordMain.groovy)&#xD;&#xA;&#x9;at com.kms.katalon.core.keyword.internal.KeywordMain.runKeyword(KeywordMain.groovy:70)&#xD;&#xA;&#x9;at com.kms.katalon.core.keyword.builtin.VerifyEqualKeyword.verifyEqual(VerifyEqualKeyword.groovy:63)&#xD;&#xA;&#x9;at com.kms.katalon.core.keyword.builtin.VerifyEqualKeyword.execute(VerifyEqualKeyword.groovy:44)&#xD;&#xA;&#x9;at com.kms.katalon.core.keyword.internal.KeywordExecutor.executeKeywordForPlatform(KeywordExecutor.groovy:56)&#xD;&#xA;&#x9;at com.kms.katalon.core.keyword.BuiltinKeywords.verifyEqual(BuiltinKeywords.groovy:126)&#xD;&#xA;&#x9;at PRUmed Benefit Limitation.run(PRUmed Benefit Limitation:29)&#xD;&#xA;&#x9;at com.kms.katalon.core.main.ScriptEngine.run(ScriptEngine.java:194)&#xD;&#xA;&#x9;at com.kms.katalon.core.main.ScriptEngine.runScriptAsRawText(ScriptEngine.java:119)&#xD;&#xA;&#x9;at com.kms.katalon.core.main.TestCaseExecutor.runScript(TestCaseExecutor.java:337)&#xD;&#xA;&#x9;at com.kms.katalon.core.main.TestCaseExecutor.doExecute(TestCaseExecutor.java:328)&#xD;&#xA;&#x9;at com.kms.katalon.core.main.TestCaseExecutor.processExecutionPhase(TestCaseExecutor.java:307)&#xD;&#xA;&#x9;at com.kms.katalon.core.main.TestCaseExecutor.accessMainPhase(TestCaseExecutor.java:299)&#xD;&#xA;&#x9;at com.kms.katalon.core.main.TestCaseExecutor.execute(TestCaseExecutor.java:233)&#xD;&#xA;&#x9;at com.kms.katalon.core.main.TestSuiteExecutor.accessTestCaseMainPhase(TestSuiteExecutor.java:133)&#xD;&#xA;&#x9;at com.kms.katalon.core.main.TestSuiteExecutor.accessTestSuiteMainPhase(TestSuiteExecutor.java:116)&#xD;&#xA;&#x9;at com.kms.katalon.core.main.TestSuiteExecutor.execute(TestSuiteExecutor.java:83)&#xD;&#xA;&#x9;at com.kms.katalon.core.main.TestCaseMain.startTestSuite(TestCaseMain.java:157)&#xD;&#xA;&#x9;at com.kms.katalon.core.main.TestCaseMain$startTestSuite$0.call(Unknown Source)&#xD;&#xA;&#x9;at TempTestSuite1568881703577.run(TempTestSuite1568881703577.groovy:35)&#xD;&#xA;Caused by: com.kms.katalon.core.exception.StepFailedException: Actual object 'false' and expected object 'true' are not equal&#xD;&#xA;&#x9;at com.kms.katalon.core.keyword.builtin.VerifyEqualKeyword$_verifyEqual_closure1.doCall(VerifyEqualKeyword.groovy:58)&#xD;&#xA;&#x9;at com.kms.katalon.core.keyword.builtin.VerifyEqualKeyword$_verifyEqual_closure1.call(VerifyEqualKeyword.groovy)&#xD;&#xA;&#x9;at com.kms.katalon.core.keyword.internal.KeywordMain.runKeyword(KeywordMain.groovy:68)&#xD;&#xA;&#x9;... 18 more&#xD;&#xA;"/>
            <system-out>2019-09-19 15:29:32 - [TEST_CASE][FAILED] - Test Cases/AlterationScoringNBMajor/PRUmed Benefit Limitation/PRUmed Benefit Limitation: Test Cases/AlterationScoringNBMajor/PRUmed Benefit Limitation/PRUmed Benefit Limitation FAILED.
Reason:
com.kms.katalon.core.exception.StepFailedException: Unable to verify equal between actual object 'false' and expected object 'true' (Root cause: com.kms.katalon.core.exception.StepFailedException: Actual object 'false' and expected object 'true' are not equal&#xD;
	at com.kms.katalon.core.keyword.builtin.VerifyEqualKeyword$_verifyEqual_closure1.doCall(VerifyEqualKeyword.groovy:58)&#xD;
	at com.kms.katalon.core.keyword.builtin.VerifyEqualKeyword$_verifyEqual_closure1.call(VerifyEqualKeyword.groovy)&#xD;
	at com.kms.katalon.core.keyword.internal.KeywordMain.runKeyword(KeywordMain.groovy:68)&#xD;
	at com.kms.katalon.core.keyword.builtin.VerifyEqualKeyword.verifyEqual(VerifyEqualKeyword.groovy:63)&#xD;
	at com.kms.katalon.core.keyword.builtin.VerifyEqualKeyword.execute(VerifyEqualKeyword.groovy:44)&#xD;
	at com.kms.katalon.core.keyword.internal.KeywordExecutor.executeKeywordForPlatform(KeywordExecutor.groovy:56)&#xD;
	at com.kms.katalon.core.keyword.BuiltinKeywords.verifyEqual(BuiltinKeywords.groovy:126)&#xD;
	at PRUmed Benefit Limitation.run(PRUmed Benefit Limitation:29)&#xD;
	at com.kms.katalon.core.main.ScriptEngine.run(ScriptEngine.java:194)&#xD;
	at com.kms.katalon.core.main.ScriptEngine.runScriptAsRawText(ScriptEngine.java:119)&#xD;
	at com.kms.katalon.core.main.TestCaseExecutor.runScript(TestCaseExecutor.java:337)&#xD;
	at com.kms.katalon.core.main.TestCaseExecutor.doExecute(TestCaseExecutor.java:328)&#xD;
	at com.kms.katalon.core.main.TestCaseExecutor.processExecutionPhase(TestCaseExecutor.java:307)&#xD;
	at com.kms.katalon.core.main.TestCaseExecutor.accessMainPhase(TestCaseExecutor.java:299)&#xD;
	at com.kms.katalon.core.main.TestCaseExecutor.execute(TestCaseExecutor.java:233)&#xD;
	at com.kms.katalon.core.main.TestSuiteExecutor.accessTestCaseMainPhase(TestSuiteExecutor.java:133)&#xD;
	at com.kms.katalon.core.main.TestSuiteExecutor.accessTestSuiteMainPhase(TestSuiteExecutor.java:116)&#xD;
	at com.kms.katalon.core.main.TestSuiteExecutor.execute(TestSuiteExecutor.java:83)&#xD;
	at com.kms.katalon.core.main.TestCaseMain.startTestSuite(TestCaseMain.java:157)&#xD;
	at com.kms.katalon.core.main.TestCaseMain$startTestSuite$0.call(Unknown Source)&#xD;
	at TempTestSuite1568881703577.run(TempTestSuite1568881703577.groovy:35)&#xD;
)&#xD;
	at com.kms.katalon.core.keyword.internal.KeywordMain.stepFailed(KeywordMain.groovy:39)&#xD;
	at com.kms.katalon.core.keyword.internal.KeywordMain.stepFailed(KeywordMain.groovy)&#xD;
	at com.kms.katalon.core.keyword.internal.KeywordMain.runKeyword(KeywordMain.groovy:70)&#xD;
	at com.kms.katalon.core.keyword.builtin.VerifyEqualKeyword.verifyEqual(VerifyEqualKeyword.groovy:63)&#xD;
	at com.kms.katalon.core.keyword.builtin.VerifyEqualKeyword.execute(VerifyEqualKeyword.groovy:44)&#xD;
	at com.kms.katalon.core.keyword.internal.KeywordExecutor.executeKeywordForPlatform(KeywordExecutor.groovy:56)&#xD;
	at com.kms.katalon.core.keyword.BuiltinKeywords.verifyEqual(BuiltinKeywords.groovy:126)&#xD;
	at PRUmed Benefit Limitation.run(PRUmed Benefit Limitation:29)&#xD;
	at com.kms.katalon.core.main.ScriptEngine.run(ScriptEngine.java:194)&#xD;
	at com.kms.katalon.core.main.ScriptEngine.runScriptAsRawText(ScriptEngine.java:119)&#xD;
	at com.kms.katalon.core.main.TestCaseExecutor.runScript(TestCaseExecutor.java:337)&#xD;
	at com.kms.katalon.core.main.TestCaseExecutor.doExecute(TestCaseExecutor.java:328)&#xD;
	at com.kms.katalon.core.main.TestCaseExecutor.processExecutionPhase(TestCaseExecutor.java:307)&#xD;
	at com.kms.katalon.core.main.TestCaseExecutor.accessMainPhase(TestCaseExecutor.java:299)&#xD;
	at com.kms.katalon.core.main.TestCaseExecutor.execute(TestCaseExecutor.java:233)&#xD;
	at com.kms.katalon.core.main.TestSuiteExecutor.accessTestCaseMainPhase(TestSuiteExecutor.java:133)&#xD;
	at com.kms.katalon.core.main.TestSuiteExecutor.accessTestSuiteMainPhase(TestSuiteExecutor.java:116)&#xD;
	at com.kms.katalon.core.main.TestSuiteExecutor.execute(TestSuiteExecutor.java:83)&#xD;
	at com.kms.katalon.core.main.TestCaseMain.startTestSuite(TestCaseMain.java:157)&#xD;
	at com.kms.katalon.core.main.TestCaseMain$startTestSuite$0.call(Unknown Source)&#xD;
	at TempTestSuite1568881703577.run(TempTestSuite1568881703577.groovy:35)&#xD;
Caused by: com.kms.katalon.core.exception.StepFailedException: Actual object 'false' and expected object 'true' are not equal&#xD;
	at com.kms.katalon.core.keyword.builtin.VerifyEqualKeyword$_verifyEqual_closure1.doCall(VerifyEqualKeyword.groovy:58)&#xD;
	at com.kms.katalon.core.keyword.builtin.VerifyEqualKeyword$_verifyEqual_closure1.call(VerifyEqualKeyword.groovy)&#xD;
	at com.kms.katalon.core.keyword.internal.KeywordMain.runKeyword(KeywordMain.groovy:68)&#xD;
	... 18 more&#xD;
&#xD;
&#xD;
2019-09-19 15:29:32 - [TEST_STEP][PASSED] - response = sendRequest(findTestObject("AlterationScroingNBMajor/PRUmed Benefit Limitation/Version 1.0_Check_1.391/Request Object", ["transactionType":transactionType, "clientType":clientType, "role":role, "subAlter":subAlter, "eviCode":eviCode, "riderCode":riderCode, ... ])): Send request successfully&#xD;
&#xD;
2019-09-19 15:29:32 - [MESSAGE][INFO] - HAR: C:\SURYAPURBA\PHS\PHS-BRMS\Reports\AlterationScoringNBMajor\PRUmed Benefit Limitation\20190919_152823\requests\main\63.har&#xD;
&#xD;
2019-09-19 15:29:32 - [MESSAGE][PASSED] - Send request successfully&#xD;
&#xD;
2019-09-19 15:29:32 - [TEST_STEP][PASSED] - slurper = new groovy.json.JsonSlurper(): null&#xD;
&#xD;
2019-09-19 15:29:32 - [TEST_STEP][PASSED] - parsingResponse = slurper.parseText(response.getResponseText()): null&#xD;
&#xD;
2019-09-19 15:29:32 - [TEST_STEP][PASSED] - println(parsingResponse): null&#xD;
&#xD;
2019-09-19 15:29:33 - [TEST_STEP][PASSED] - evidenceCode = evidenceCode: null&#xD;
&#xD;
2019-09-19 15:29:33 - [TEST_STEP][PASSED] - println(evidenceCode): null&#xD;
&#xD;
2019-09-19 15:29:33 - [TEST_STEP][PASSED] - println(expectedEvidenceCode): null&#xD;
&#xD;
2019-09-19 15:29:33 - [TEST_STEP][FAILED] - if (expectedEvidenceCode != "STD"): null&#xD;
&#xD;
2019-09-19 15:29:33 - [TEST_STEP][PASSED] - actual = description == expectedDescription: null&#xD;
&#xD;
2019-09-19 15:29:33 - [TEST_STEP][FAILED] - verifyEqual(actual, true, CONTINUE_ON_FAILURE): Unable to verify equal between actual object 'false' and expected object 'true' (Root cause: com.kms.katalon.core.exception.StepFailedException: Actual object 'false' and expected object 'true' are not equal&#xD;
	at com.kms.katalon.core.keyword.builtin.VerifyEqualKeyword$_verifyEqual_closure1.doCall(VerifyEqualKeyword.groovy:58)&#xD;
	at com.kms.katalon.core.keyword.builtin.VerifyEqualKeyword$_verifyEqual_closure1.call(VerifyEqualKeyword.groovy)&#xD;
	at com.kms.katalon.core.keyword.internal.KeywordMain.runKeyword(KeywordMain.groovy:68)&#xD;
	at com.kms.katalon.core.keyword.builtin.VerifyEqualKeyword.verifyEqual(VerifyEqualKeyword.groovy:63)&#xD;
	at com.kms.katalon.core.keyword.builtin.VerifyEqualKeyword.execute(VerifyEqualKeyword.groovy:44)&#xD;
	at com.kms.katalon.core.keyword.internal.KeywordExecutor.executeKeywordForPlatform(KeywordExecutor.groovy:56)&#xD;
	at com.kms.katalon.core.keyword.BuiltinKeywords.verifyEqual(BuiltinKeywords.groovy:126)&#xD;
	at PRUmed Benefit Limitation.run(PRUmed Benefit Limitation:29)&#xD;
	at com.kms.katalon.core.main.ScriptEngine.run(ScriptEngine.java:194)&#xD;
	at com.kms.katalon.core.main.ScriptEngine.runScriptAsRawText(ScriptEngine.java:119)&#xD;
	at com.kms.katalon.core.main.TestCaseExecutor.runScript(TestCaseExecutor.java:337)&#xD;
	at com.kms.katalon.core.main.TestCaseExecutor.doExecute(TestCaseExecutor.java:328)&#xD;
	at com.kms.katalon.core.main.TestCaseExecutor.processExecutionPhase(TestCaseExecutor.java:307)&#xD;
	at com.kms.katalon.core.main.TestCaseExecutor.accessMainPhase(TestCaseExecutor.java:299)&#xD;
	at com.kms.katalon.core.main.TestCaseExecutor.execute(TestCaseExecutor.java:233)&#xD;
	at com.kms.katalon.core.main.TestSuiteExecutor.accessTestCaseMainPhase(TestSuiteExecutor.java:133)&#xD;
	at com.kms.katalon.core.main.TestSuiteExecutor.accessTestSuiteMainPhase(TestSuiteExecutor.java:116)&#xD;
	at com.kms.katalon.core.main.TestSuiteExecutor.execute(TestSuiteExecutor.java:83)&#xD;
	at com.kms.katalon.core.main.TestCaseMain.startTestSuite(TestCaseMain.java:157)&#xD;
	at com.kms.katalon.core.main.TestCaseMain$startTestSuite$0.call(Unknown Source)&#xD;
	at TempTestSuite1568881703577.run(TempTestSuite1568881703577.groovy:35)&#xD;
)&#xD;
&#xD;
2019-09-19 15:29:33 - [MESSAGE][FAILED] - Unable to verify equal between actual object 'false' and expected object 'true' (Root cause: com.kms.katalon.core.exception.StepFailedException: Actual object 'false' and expected object 'true' are not equal&#xD;
	at com.kms.katalon.core.keyword.builtin.VerifyEqualKeyword$_verifyEqual_closure1.doCall(VerifyEqualKeyword.groovy:58)&#xD;
	at com.kms.katalon.core.keyword.builtin.VerifyEqualKeyword$_verifyEqual_closure1.call(VerifyEqualKeyword.groovy)&#xD;
	at com.kms.katalon.core.keyword.internal.KeywordMain.runKeyword(KeywordMain.groovy:68)&#xD;
	at com.kms.katalon.core.keyword.builtin.VerifyEqualKeyword.verifyEqual(VerifyEqualKeyword.groovy:63)&#xD;
	at com.kms.katalon.core.keyword.builtin.VerifyEqualKeyword.execute(VerifyEqualKeyword.groovy:44)&#xD;
	at com.kms.katalon.core.keyword.internal.KeywordExecutor.executeKeywordForPlatform(KeywordExecutor.groovy:56)&#xD;
	at com.kms.katalon.core.keyword.BuiltinKeywords.verifyEqual(BuiltinKeywords.groovy:126)&#xD;
	at PRUmed Benefit Limitation.run(PRUmed Benefit Limitation:29)&#xD;
	at com.kms.katalon.core.main.ScriptEngine.run(ScriptEngine.java:194)&#xD;
	at com.kms.katalon.core.main.ScriptEngine.runScriptAsRawText(ScriptEngine.java:119)&#xD;
	at com.kms.katalon.core.main.TestCaseExecutor.runScript(TestCaseExecutor.java:337)&#xD;
	at com.kms.katalon.core.main.TestCaseExecutor.doExecute(TestCaseExecutor.java:328)&#xD;
	at com.kms.katalon.core.main.TestCaseExecutor.processExecutionPhase(TestCaseExecutor.java:307)&#xD;
	at com.kms.katalon.core.main.TestCaseExecutor.accessMainPhase(TestCaseExecutor.java:299)&#xD;
	at com.kms.katalon.core.main.TestCaseExecutor.execute(TestCaseExecutor.java:233)&#xD;
	at com.kms.katalon.core.main.TestSuiteExecutor.accessTestCaseMainPhase(TestSuiteExecutor.java:133)&#xD;
	at com.kms.katalon.core.main.TestSuiteExecutor.accessTestSuiteMainPhase(TestSuiteExecutor.java:116)&#xD;
	at com.kms.katalon.core.main.TestSuiteExecutor.execute(TestSuiteExecutor.java:83)&#xD;
	at com.kms.katalon.core.main.TestCaseMain.startTestSuite(TestCaseMain.java:157)&#xD;
	at com.kms.katalon.core.main.TestCaseMain$startTestSuite$0.call(Unknown Source)&#xD;
	at TempTestSuite1568881703577.run(TempTestSuite1568881703577.groovy:35)&#xD;
)&#xD;
&#xD;
2019-09-19 15:29:33 - [TEST_STEP][PASSED] - if (actual == false): null&#xD;
&#xD;
2019-09-19 15:29:33 - [TEST_STEP][PASSED] - println("Evidence code tidak sesuai dengan expected evidence code"): null&#xD;
&#xD;
2019-09-19 15:29:33 - [TEST_STEP][PASSED] - verifyResponseStatusCode(response, 200): Verify response status code successfully&#xD;
&#xD;
2019-09-19 15:29:33 - [MESSAGE][PASSED] - Verify response status code successfully</system-out>
            <system-err>2019-09-19 15:29:32 - [TEST_CASE][FAILED] - Test Cases/AlterationScoringNBMajor/PRUmed Benefit Limitation/PRUmed Benefit Limitation: Test Cases/AlterationScoringNBMajor/PRUmed Benefit Limitation/PRUmed Benefit Limitation FAILED.
Reason:
com.kms.katalon.core.exception.StepFailedException: Unable to verify equal between actual object 'false' and expected object 'true' (Root cause: com.kms.katalon.core.exception.StepFailedException: Actual object 'false' and expected object 'true' are not equal&#xD;
	at com.kms.katalon.core.keyword.builtin.VerifyEqualKeyword$_verifyEqual_closure1.doCall(VerifyEqualKeyword.groovy:58)&#xD;
	at com.kms.katalon.core.keyword.builtin.VerifyEqualKeyword$_verifyEqual_closure1.call(VerifyEqualKeyword.groovy)&#xD;
	at com.kms.katalon.core.keyword.internal.KeywordMain.runKeyword(KeywordMain.groovy:68)&#xD;
	at com.kms.katalon.core.keyword.builtin.VerifyEqualKeyword.verifyEqual(VerifyEqualKeyword.groovy:63)&#xD;
	at com.kms.katalon.core.keyword.builtin.VerifyEqualKeyword.execute(VerifyEqualKeyword.groovy:44)&#xD;
	at com.kms.katalon.core.keyword.internal.KeywordExecutor.executeKeywordForPlatform(KeywordExecutor.groovy:56)&#xD;
	at com.kms.katalon.core.keyword.BuiltinKeywords.verifyEqual(BuiltinKeywords.groovy:126)&#xD;
	at PRUmed Benefit Limitation.run(PRUmed Benefit Limitation:29)&#xD;
	at com.kms.katalon.core.main.ScriptEngine.run(ScriptEngine.java:194)&#xD;
	at com.kms.katalon.core.main.ScriptEngine.runScriptAsRawText(ScriptEngine.java:119)&#xD;
	at com.kms.katalon.core.main.TestCaseExecutor.runScript(TestCaseExecutor.java:337)&#xD;
	at com.kms.katalon.core.main.TestCaseExecutor.doExecute(TestCaseExecutor.java:328)&#xD;
	at com.kms.katalon.core.main.TestCaseExecutor.processExecutionPhase(TestCaseExecutor.java:307)&#xD;
	at com.kms.katalon.core.main.TestCaseExecutor.accessMainPhase(TestCaseExecutor.java:299)&#xD;
	at com.kms.katalon.core.main.TestCaseExecutor.execute(TestCaseExecutor.java:233)&#xD;
	at com.kms.katalon.core.main.TestSuiteExecutor.accessTestCaseMainPhase(TestSuiteExecutor.java:133)&#xD;
	at com.kms.katalon.core.main.TestSuiteExecutor.accessTestSuiteMainPhase(TestSuiteExecutor.java:116)&#xD;
	at com.kms.katalon.core.main.TestSuiteExecutor.execute(TestSuiteExecutor.java:83)&#xD;
	at com.kms.katalon.core.main.TestCaseMain.startTestSuite(TestCaseMain.java:157)&#xD;
	at com.kms.katalon.core.main.TestCaseMain$startTestSuite$0.call(Unknown Source)&#xD;
	at TempTestSuite1568881703577.run(TempTestSuite1568881703577.groovy:35)&#xD;
)&#xD;
	at com.kms.katalon.core.keyword.internal.KeywordMain.stepFailed(KeywordMain.groovy:39)&#xD;
	at com.kms.katalon.core.keyword.internal.KeywordMain.stepFailed(KeywordMain.groovy)&#xD;
	at com.kms.katalon.core.keyword.internal.KeywordMain.runKeyword(KeywordMain.groovy:70)&#xD;
	at com.kms.katalon.core.keyword.builtin.VerifyEqualKeyword.verifyEqual(VerifyEqualKeyword.groovy:63)&#xD;
	at com.kms.katalon.core.keyword.builtin.VerifyEqualKeyword.execute(VerifyEqualKeyword.groovy:44)&#xD;
	at com.kms.katalon.core.keyword.internal.KeywordExecutor.executeKeywordForPlatform(KeywordExecutor.groovy:56)&#xD;
	at com.kms.katalon.core.keyword.BuiltinKeywords.verifyEqual(BuiltinKeywords.groovy:126)&#xD;
	at PRUmed Benefit Limitation.run(PRUmed Benefit Limitation:29)&#xD;
	at com.kms.katalon.core.main.ScriptEngine.run(ScriptEngine.java:194)&#xD;
	at com.kms.katalon.core.main.ScriptEngine.runScriptAsRawText(ScriptEngine.java:119)&#xD;
	at com.kms.katalon.core.main.TestCaseExecutor.runScript(TestCaseExecutor.java:337)&#xD;
	at com.kms.katalon.core.main.TestCaseExecutor.doExecute(TestCaseExecutor.java:328)&#xD;
	at com.kms.katalon.core.main.TestCaseExecutor.processExecutionPhase(TestCaseExecutor.java:307)&#xD;
	at com.kms.katalon.core.main.TestCaseExecutor.accessMainPhase(TestCaseExecutor.java:299)&#xD;
	at com.kms.katalon.core.main.TestCaseExecutor.execute(TestCaseExecutor.java:233)&#xD;
	at com.kms.katalon.core.main.TestSuiteExecutor.accessTestCaseMainPhase(TestSuiteExecutor.java:133)&#xD;
	at com.kms.katalon.core.main.TestSuiteExecutor.accessTestSuiteMainPhase(TestSuiteExecutor.java:116)&#xD;
	at com.kms.katalon.core.main.TestSuiteExecutor.execute(TestSuiteExecutor.java:83)&#xD;
	at com.kms.katalon.core.main.TestCaseMain.startTestSuite(TestCaseMain.java:157)&#xD;
	at com.kms.katalon.core.main.TestCaseMain$startTestSuite$0.call(Unknown Source)&#xD;
	at TempTestSuite1568881703577.run(TempTestSuite1568881703577.groovy:35)&#xD;
Caused by: com.kms.katalon.core.exception.StepFailedException: Actual object 'false' and expected object 'true' are not equal&#xD;
	at com.kms.katalon.core.keyword.builtin.VerifyEqualKeyword$_verifyEqual_closure1.doCall(VerifyEqualKeyword.groovy:58)&#xD;
	at com.kms.katalon.core.keyword.builtin.VerifyEqualKeyword$_verifyEqual_closure1.call(VerifyEqualKeyword.groovy)&#xD;
	at com.kms.katalon.core.keyword.internal.KeywordMain.runKeyword(KeywordMain.groovy:68)&#xD;
	... 18 more</system-err>
        </testcase>
        <testcase name="Test Cases/AlterationScoringNBMajor/PRUmed Benefit Limitation/PRUmed Benefit Limitation" classname="Test Cases/AlterationScoringNBMajor/PRUmed Benefit Limitation/PRUmed Benefit Limitation" status="FAILED">
            <failure type="FAILED" message="Test Cases/AlterationScoringNBMajor/PRUmed Benefit Limitation/PRUmed Benefit Limitation FAILED.&#xA;Reason:&#xA;com.kms.katalon.core.exception.StepFailedException: Unable to verify equal between actual object 'false' and expected object 'true' (Root cause: com.kms.katalon.core.exception.StepFailedException: Actual object 'false' and expected object 'true' are not equal&#xD;&#xA;&#x9;at com.kms.katalon.core.keyword.builtin.VerifyEqualKeyword$_verifyEqual_closure1.doCall(VerifyEqualKeyword.groovy:58)&#xD;&#xA;&#x9;at com.kms.katalon.core.keyword.builtin.VerifyEqualKeyword$_verifyEqual_closure1.call(VerifyEqualKeyword.groovy)&#xD;&#xA;&#x9;at com.kms.katalon.core.keyword.internal.KeywordMain.runKeyword(KeywordMain.groovy:68)&#xD;&#xA;&#x9;at com.kms.katalon.core.keyword.builtin.VerifyEqualKeyword.verifyEqual(VerifyEqualKeyword.groovy:63)&#xD;&#xA;&#x9;at com.kms.katalon.core.keyword.builtin.VerifyEqualKeyword.execute(VerifyEqualKeyword.groovy:44)&#xD;&#xA;&#x9;at com.kms.katalon.core.keyword.internal.KeywordExecutor.executeKeywordForPlatform(KeywordExecutor.groovy:56)&#xD;&#xA;&#x9;at com.kms.katalon.core.keyword.BuiltinKeywords.verifyEqual(BuiltinKeywords.groovy:126)&#xD;&#xA;&#x9;at PRUmed Benefit Limitation.run(PRUmed Benefit Limitation:29)&#xD;&#xA;&#x9;at com.kms.katalon.core.main.ScriptEngine.run(ScriptEngine.java:194)&#xD;&#xA;&#x9;at com.kms.katalon.core.main.ScriptEngine.runScriptAsRawText(ScriptEngine.java:119)&#xD;&#xA;&#x9;at com.kms.katalon.core.main.TestCaseExecutor.runScript(TestCaseExecutor.java:337)&#xD;&#xA;&#x9;at com.kms.katalon.core.main.TestCaseExecutor.doExecute(TestCaseExecutor.java:328)&#xD;&#xA;&#x9;at com.kms.katalon.core.main.TestCaseExecutor.processExecutionPhase(TestCaseExecutor.java:307)&#xD;&#xA;&#x9;at com.kms.katalon.core.main.TestCaseExecutor.accessMainPhase(TestCaseExecutor.java:299)&#xD;&#xA;&#x9;at com.kms.katalon.core.main.TestCaseExecutor.execute(TestCaseExecutor.java:233)&#xD;&#xA;&#x9;at com.kms.katalon.core.main.TestSuiteExecutor.accessTestCaseMainPhase(TestSuiteExecutor.java:133)&#xD;&#xA;&#x9;at com.kms.katalon.core.main.TestSuiteExecutor.accessTestSuiteMainPhase(TestSuiteExecutor.java:116)&#xD;&#xA;&#x9;at com.kms.katalon.core.main.TestSuiteExecutor.execute(TestSuiteExecutor.java:83)&#xD;&#xA;&#x9;at com.kms.katalon.core.main.TestCaseMain.startTestSuite(TestCaseMain.java:157)&#xD;&#xA;&#x9;at com.kms.katalon.core.main.TestCaseMain$startTestSuite$0.call(Unknown Source)&#xD;&#xA;&#x9;at TempTestSuite1568881703577.run(TempTestSuite1568881703577.groovy:35)&#xD;&#xA;)&#xD;&#xA;&#x9;at com.kms.katalon.core.keyword.internal.KeywordMain.stepFailed(KeywordMain.groovy:39)&#xD;&#xA;&#x9;at com.kms.katalon.core.keyword.internal.KeywordMain.stepFailed(KeywordMain.groovy)&#xD;&#xA;&#x9;at com.kms.katalon.core.keyword.internal.KeywordMain.runKeyword(KeywordMain.groovy:70)&#xD;&#xA;&#x9;at com.kms.katalon.core.keyword.builtin.VerifyEqualKeyword.verifyEqual(VerifyEqualKeyword.groovy:63)&#xD;&#xA;&#x9;at com.kms.katalon.core.keyword.builtin.VerifyEqualKeyword.execute(VerifyEqualKeyword.groovy:44)&#xD;&#xA;&#x9;at com.kms.katalon.core.keyword.internal.KeywordExecutor.executeKeywordForPlatform(KeywordExecutor.groovy:56)&#xD;&#xA;&#x9;at com.kms.katalon.core.keyword.BuiltinKeywords.verifyEqual(BuiltinKeywords.groovy:126)&#xD;&#xA;&#x9;at PRUmed Benefit Limitation.run(PRUmed Benefit Limitation:29)&#xD;&#xA;&#x9;at com.kms.katalon.core.main.ScriptEngine.run(ScriptEngine.java:194)&#xD;&#xA;&#x9;at com.kms.katalon.core.main.ScriptEngine.runScriptAsRawText(ScriptEngine.java:119)&#xD;&#xA;&#x9;at com.kms.katalon.core.main.TestCaseExecutor.runScript(TestCaseExecutor.java:337)&#xD;&#xA;&#x9;at com.kms.katalon.core.main.TestCaseExecutor.doExecute(TestCaseExecutor.java:328)&#xD;&#xA;&#x9;at com.kms.katalon.core.main.TestCaseExecutor.processExecutionPhase(TestCaseExecutor.java:307)&#xD;&#xA;&#x9;at com.kms.katalon.core.main.TestCaseExecutor.accessMainPhase(TestCaseExecutor.java:299)&#xD;&#xA;&#x9;at com.kms.katalon.core.main.TestCaseExecutor.execute(TestCaseExecutor.java:233)&#xD;&#xA;&#x9;at com.kms.katalon.core.main.TestSuiteExecutor.accessTestCaseMainPhase(TestSuiteExecutor.java:133)&#xD;&#xA;&#x9;at com.kms.katalon.core.main.TestSuiteExecutor.accessTestSuiteMainPhase(TestSuiteExecutor.java:116)&#xD;&#xA;&#x9;at com.kms.katalon.core.main.TestSuiteExecutor.execute(TestSuiteExecutor.java:83)&#xD;&#xA;&#x9;at com.kms.katalon.core.main.TestCaseMain.startTestSuite(TestCaseMain.java:157)&#xD;&#xA;&#x9;at com.kms.katalon.core.main.TestCaseMain$startTestSuite$0.call(Unknown Source)&#xD;&#xA;&#x9;at TempTestSuite1568881703577.run(TempTestSuite1568881703577.groovy:35)&#xD;&#xA;Caused by: com.kms.katalon.core.exception.StepFailedException: Actual object 'false' and expected object 'true' are not equal&#xD;&#xA;&#x9;at com.kms.katalon.core.keyword.builtin.VerifyEqualKeyword$_verifyEqual_closure1.doCall(VerifyEqualKeyword.groovy:58)&#xD;&#xA;&#x9;at com.kms.katalon.core.keyword.builtin.VerifyEqualKeyword$_verifyEqual_closure1.call(VerifyEqualKeyword.groovy)&#xD;&#xA;&#x9;at com.kms.katalon.core.keyword.internal.KeywordMain.runKeyword(KeywordMain.groovy:68)&#xD;&#xA;&#x9;... 18 more&#xD;&#xA;"/>
            <system-out>2019-09-19 15:29:34 - [TEST_CASE][FAILED] - Test Cases/AlterationScoringNBMajor/PRUmed Benefit Limitation/PRUmed Benefit Limitation: Test Cases/AlterationScoringNBMajor/PRUmed Benefit Limitation/PRUmed Benefit Limitation FAILED.
Reason:
com.kms.katalon.core.exception.StepFailedException: Unable to verify equal between actual object 'false' and expected object 'true' (Root cause: com.kms.katalon.core.exception.StepFailedException: Actual object 'false' and expected object 'true' are not equal&#xD;
	at com.kms.katalon.core.keyword.builtin.VerifyEqualKeyword$_verifyEqual_closure1.doCall(VerifyEqualKeyword.groovy:58)&#xD;
	at com.kms.katalon.core.keyword.builtin.VerifyEqualKeyword$_verifyEqual_closure1.call(VerifyEqualKeyword.groovy)&#xD;
	at com.kms.katalon.core.keyword.internal.KeywordMain.runKeyword(KeywordMain.groovy:68)&#xD;
	at com.kms.katalon.core.keyword.builtin.VerifyEqualKeyword.verifyEqual(VerifyEqualKeyword.groovy:63)&#xD;
	at com.kms.katalon.core.keyword.builtin.VerifyEqualKeyword.execute(VerifyEqualKeyword.groovy:44)&#xD;
	at com.kms.katalon.core.keyword.internal.KeywordExecutor.executeKeywordForPlatform(KeywordExecutor.groovy:56)&#xD;
	at com.kms.katalon.core.keyword.BuiltinKeywords.verifyEqual(BuiltinKeywords.groovy:126)&#xD;
	at PRUmed Benefit Limitation.run(PRUmed Benefit Limitation:29)&#xD;
	at com.kms.katalon.core.main.ScriptEngine.run(ScriptEngine.java:194)&#xD;
	at com.kms.katalon.core.main.ScriptEngine.runScriptAsRawText(ScriptEngine.java:119)&#xD;
	at com.kms.katalon.core.main.TestCaseExecutor.runScript(TestCaseExecutor.java:337)&#xD;
	at com.kms.katalon.core.main.TestCaseExecutor.doExecute(TestCaseExecutor.java:328)&#xD;
	at com.kms.katalon.core.main.TestCaseExecutor.processExecutionPhase(TestCaseExecutor.java:307)&#xD;
	at com.kms.katalon.core.main.TestCaseExecutor.accessMainPhase(TestCaseExecutor.java:299)&#xD;
	at com.kms.katalon.core.main.TestCaseExecutor.execute(TestCaseExecutor.java:233)&#xD;
	at com.kms.katalon.core.main.TestSuiteExecutor.accessTestCaseMainPhase(TestSuiteExecutor.java:133)&#xD;
	at com.kms.katalon.core.main.TestSuiteExecutor.accessTestSuiteMainPhase(TestSuiteExecutor.java:116)&#xD;
	at com.kms.katalon.core.main.TestSuiteExecutor.execute(TestSuiteExecutor.java:83)&#xD;
	at com.kms.katalon.core.main.TestCaseMain.startTestSuite(TestCaseMain.java:157)&#xD;
	at com.kms.katalon.core.main.TestCaseMain$startTestSuite$0.call(Unknown Source)&#xD;
	at TempTestSuite1568881703577.run(TempTestSuite1568881703577.groovy:35)&#xD;
)&#xD;
	at com.kms.katalon.core.keyword.internal.KeywordMain.stepFailed(KeywordMain.groovy:39)&#xD;
	at com.kms.katalon.core.keyword.internal.KeywordMain.stepFailed(KeywordMain.groovy)&#xD;
	at com.kms.katalon.core.keyword.internal.KeywordMain.runKeyword(KeywordMain.groovy:70)&#xD;
	at com.kms.katalon.core.keyword.builtin.VerifyEqualKeyword.verifyEqual(VerifyEqualKeyword.groovy:63)&#xD;
	at com.kms.katalon.core.keyword.builtin.VerifyEqualKeyword.execute(VerifyEqualKeyword.groovy:44)&#xD;
	at com.kms.katalon.core.keyword.internal.KeywordExecutor.executeKeywordForPlatform(KeywordExecutor.groovy:56)&#xD;
	at com.kms.katalon.core.keyword.BuiltinKeywords.verifyEqual(BuiltinKeywords.groovy:126)&#xD;
	at PRUmed Benefit Limitation.run(PRUmed Benefit Limitation:29)&#xD;
	at com.kms.katalon.core.main.ScriptEngine.run(ScriptEngine.java:194)&#xD;
	at com.kms.katalon.core.main.ScriptEngine.runScriptAsRawText(ScriptEngine.java:119)&#xD;
	at com.kms.katalon.core.main.TestCaseExecutor.runScript(TestCaseExecutor.java:337)&#xD;
	at com.kms.katalon.core.main.TestCaseExecutor.doExecute(TestCaseExecutor.java:328)&#xD;
	at com.kms.katalon.core.main.TestCaseExecutor.processExecutionPhase(TestCaseExecutor.java:307)&#xD;
	at com.kms.katalon.core.main.TestCaseExecutor.accessMainPhase(TestCaseExecutor.java:299)&#xD;
	at com.kms.katalon.core.main.TestCaseExecutor.execute(TestCaseExecutor.java:233)&#xD;
	at com.kms.katalon.core.main.TestSuiteExecutor.accessTestCaseMainPhase(TestSuiteExecutor.java:133)&#xD;
	at com.kms.katalon.core.main.TestSuiteExecutor.accessTestSuiteMainPhase(TestSuiteExecutor.java:116)&#xD;
	at com.kms.katalon.core.main.TestSuiteExecutor.execute(TestSuiteExecutor.java:83)&#xD;
	at com.kms.katalon.core.main.TestCaseMain.startTestSuite(TestCaseMain.java:157)&#xD;
	at com.kms.katalon.core.main.TestCaseMain$startTestSuite$0.call(Unknown Source)&#xD;
	at TempTestSuite1568881703577.run(TempTestSuite1568881703577.groovy:35)&#xD;
Caused by: com.kms.katalon.core.exception.StepFailedException: Actual object 'false' and expected object 'true' are not equal&#xD;
	at com.kms.katalon.core.keyword.builtin.VerifyEqualKeyword$_verifyEqual_closure1.doCall(VerifyEqualKeyword.groovy:58)&#xD;
	at com.kms.katalon.core.keyword.builtin.VerifyEqualKeyword$_verifyEqual_closure1.call(VerifyEqualKeyword.groovy)&#xD;
	at com.kms.katalon.core.keyword.internal.KeywordMain.runKeyword(KeywordMain.groovy:68)&#xD;
	... 18 more&#xD;
&#xD;
&#xD;
2019-09-19 15:29:35 - [TEST_STEP][PASSED] - response = sendRequest(findTestObject("AlterationScroingNBMajor/PRUmed Benefit Limitation/Version 1.0_Check_1.391/Request Object", ["transactionType":transactionType, "clientType":clientType, "role":role, "subAlter":subAlter, "eviCode":eviCode, "riderCode":riderCode, ... ])): Send request successfully&#xD;
&#xD;
2019-09-19 15:29:35 - [MESSAGE][INFO] - HAR: C:\SURYAPURBA\PHS\PHS-BRMS\Reports\AlterationScoringNBMajor\PRUmed Benefit Limitation\20190919_152823\requests\main\64.har&#xD;
&#xD;
2019-09-19 15:29:35 - [MESSAGE][PASSED] - Send request successfully&#xD;
&#xD;
2019-09-19 15:29:35 - [TEST_STEP][PASSED] - slurper = new groovy.json.JsonSlurper(): null&#xD;
&#xD;
2019-09-19 15:29:35 - [TEST_STEP][PASSED] - parsingResponse = slurper.parseText(response.getResponseText()): null&#xD;
&#xD;
2019-09-19 15:29:35 - [TEST_STEP][PASSED] - println(parsingResponse): null&#xD;
&#xD;
2019-09-19 15:29:35 - [TEST_STEP][PASSED] - evidenceCode = evidenceCode: null&#xD;
&#xD;
2019-09-19 15:29:35 - [TEST_STEP][PASSED] - println(evidenceCode): null&#xD;
&#xD;
2019-09-19 15:29:35 - [TEST_STEP][PASSED] - println(expectedEvidenceCode): null&#xD;
&#xD;
2019-09-19 15:29:35 - [TEST_STEP][FAILED] - if (expectedEvidenceCode != "STD"): null&#xD;
&#xD;
2019-09-19 15:29:35 - [TEST_STEP][PASSED] - actual = description == expectedDescription: null&#xD;
&#xD;
2019-09-19 15:29:35 - [TEST_STEP][FAILED] - verifyEqual(actual, true, CONTINUE_ON_FAILURE): Unable to verify equal between actual object 'false' and expected object 'true' (Root cause: com.kms.katalon.core.exception.StepFailedException: Actual object 'false' and expected object 'true' are not equal&#xD;
	at com.kms.katalon.core.keyword.builtin.VerifyEqualKeyword$_verifyEqual_closure1.doCall(VerifyEqualKeyword.groovy:58)&#xD;
	at com.kms.katalon.core.keyword.builtin.VerifyEqualKeyword$_verifyEqual_closure1.call(VerifyEqualKeyword.groovy)&#xD;
	at com.kms.katalon.core.keyword.internal.KeywordMain.runKeyword(KeywordMain.groovy:68)&#xD;
	at com.kms.katalon.core.keyword.builtin.VerifyEqualKeyword.verifyEqual(VerifyEqualKeyword.groovy:63)&#xD;
	at com.kms.katalon.core.keyword.builtin.VerifyEqualKeyword.execute(VerifyEqualKeyword.groovy:44)&#xD;
	at com.kms.katalon.core.keyword.internal.KeywordExecutor.executeKeywordForPlatform(KeywordExecutor.groovy:56)&#xD;
	at com.kms.katalon.core.keyword.BuiltinKeywords.verifyEqual(BuiltinKeywords.groovy:126)&#xD;
	at PRUmed Benefit Limitation.run(PRUmed Benefit Limitation:29)&#xD;
	at com.kms.katalon.core.main.ScriptEngine.run(ScriptEngine.java:194)&#xD;
	at com.kms.katalon.core.main.ScriptEngine.runScriptAsRawText(ScriptEngine.java:119)&#xD;
	at com.kms.katalon.core.main.TestCaseExecutor.runScript(TestCaseExecutor.java:337)&#xD;
	at com.kms.katalon.core.main.TestCaseExecutor.doExecute(TestCaseExecutor.java:328)&#xD;
	at com.kms.katalon.core.main.TestCaseExecutor.processExecutionPhase(TestCaseExecutor.java:307)&#xD;
	at com.kms.katalon.core.main.TestCaseExecutor.accessMainPhase(TestCaseExecutor.java:299)&#xD;
	at com.kms.katalon.core.main.TestCaseExecutor.execute(TestCaseExecutor.java:233)&#xD;
	at com.kms.katalon.core.main.TestSuiteExecutor.accessTestCaseMainPhase(TestSuiteExecutor.java:133)&#xD;
	at com.kms.katalon.core.main.TestSuiteExecutor.accessTestSuiteMainPhase(TestSuiteExecutor.java:116)&#xD;
	at com.kms.katalon.core.main.TestSuiteExecutor.execute(TestSuiteExecutor.java:83)&#xD;
	at com.kms.katalon.core.main.TestCaseMain.startTestSuite(TestCaseMain.java:157)&#xD;
	at com.kms.katalon.core.main.TestCaseMain$startTestSuite$0.call(Unknown Source)&#xD;
	at TempTestSuite1568881703577.run(TempTestSuite1568881703577.groovy:35)&#xD;
)&#xD;
&#xD;
2019-09-19 15:29:35 - [MESSAGE][FAILED] - Unable to verify equal between actual object 'false' and expected object 'true' (Root cause: com.kms.katalon.core.exception.StepFailedException: Actual object 'false' and expected object 'true' are not equal&#xD;
	at com.kms.katalon.core.keyword.builtin.VerifyEqualKeyword$_verifyEqual_closure1.doCall(VerifyEqualKeyword.groovy:58)&#xD;
	at com.kms.katalon.core.keyword.builtin.VerifyEqualKeyword$_verifyEqual_closure1.call(VerifyEqualKeyword.groovy)&#xD;
	at com.kms.katalon.core.keyword.internal.KeywordMain.runKeyword(KeywordMain.groovy:68)&#xD;
	at com.kms.katalon.core.keyword.builtin.VerifyEqualKeyword.verifyEqual(VerifyEqualKeyword.groovy:63)&#xD;
	at com.kms.katalon.core.keyword.builtin.VerifyEqualKeyword.execute(VerifyEqualKeyword.groovy:44)&#xD;
	at com.kms.katalon.core.keyword.internal.KeywordExecutor.executeKeywordForPlatform(KeywordExecutor.groovy:56)&#xD;
	at com.kms.katalon.core.keyword.BuiltinKeywords.verifyEqual(BuiltinKeywords.groovy:126)&#xD;
	at PRUmed Benefit Limitation.run(PRUmed Benefit Limitation:29)&#xD;
	at com.kms.katalon.core.main.ScriptEngine.run(ScriptEngine.java:194)&#xD;
	at com.kms.katalon.core.main.ScriptEngine.runScriptAsRawText(ScriptEngine.java:119)&#xD;
	at com.kms.katalon.core.main.TestCaseExecutor.runScript(TestCaseExecutor.java:337)&#xD;
	at com.kms.katalon.core.main.TestCaseExecutor.doExecute(TestCaseExecutor.java:328)&#xD;
	at com.kms.katalon.core.main.TestCaseExecutor.processExecutionPhase(TestCaseExecutor.java:307)&#xD;
	at com.kms.katalon.core.main.TestCaseExecutor.accessMainPhase(TestCaseExecutor.java:299)&#xD;
	at com.kms.katalon.core.main.TestCaseExecutor.execute(TestCaseExecutor.java:233)&#xD;
	at com.kms.katalon.core.main.TestSuiteExecutor.accessTestCaseMainPhase(TestSuiteExecutor.java:133)&#xD;
	at com.kms.katalon.core.main.TestSuiteExecutor.accessTestSuiteMainPhase(TestSuiteExecutor.java:116)&#xD;
	at com.kms.katalon.core.main.TestSuiteExecutor.execute(TestSuiteExecutor.java:83)&#xD;
	at com.kms.katalon.core.main.TestCaseMain.startTestSuite(TestCaseMain.java:157)&#xD;
	at com.kms.katalon.core.main.TestCaseMain$startTestSuite$0.call(Unknown Source)&#xD;
	at TempTestSuite1568881703577.run(TempTestSuite1568881703577.groovy:35)&#xD;
)&#xD;
&#xD;
2019-09-19 15:29:35 - [TEST_STEP][PASSED] - if (actual == false): null&#xD;
&#xD;
2019-09-19 15:29:35 - [TEST_STEP][PASSED] - println("Evidence code tidak sesuai dengan expected evidence code"): null&#xD;
&#xD;
2019-09-19 15:29:35 - [TEST_STEP][PASSED] - verifyResponseStatusCode(response, 200): Verify response status code successfully&#xD;
&#xD;
2019-09-19 15:29:35 - [MESSAGE][PASSED] - Verify response status code successfully</system-out>
            <system-err>2019-09-19 15:29:34 - [TEST_CASE][FAILED] - Test Cases/AlterationScoringNBMajor/PRUmed Benefit Limitation/PRUmed Benefit Limitation: Test Cases/AlterationScoringNBMajor/PRUmed Benefit Limitation/PRUmed Benefit Limitation FAILED.
Reason:
com.kms.katalon.core.exception.StepFailedException: Unable to verify equal between actual object 'false' and expected object 'true' (Root cause: com.kms.katalon.core.exception.StepFailedException: Actual object 'false' and expected object 'true' are not equal&#xD;
	at com.kms.katalon.core.keyword.builtin.VerifyEqualKeyword$_verifyEqual_closure1.doCall(VerifyEqualKeyword.groovy:58)&#xD;
	at com.kms.katalon.core.keyword.builtin.VerifyEqualKeyword$_verifyEqual_closure1.call(VerifyEqualKeyword.groovy)&#xD;
	at com.kms.katalon.core.keyword.internal.KeywordMain.runKeyword(KeywordMain.groovy:68)&#xD;
	at com.kms.katalon.core.keyword.builtin.VerifyEqualKeyword.verifyEqual(VerifyEqualKeyword.groovy:63)&#xD;
	at com.kms.katalon.core.keyword.builtin.VerifyEqualKeyword.execute(VerifyEqualKeyword.groovy:44)&#xD;
	at com.kms.katalon.core.keyword.internal.KeywordExecutor.executeKeywordForPlatform(KeywordExecutor.groovy:56)&#xD;
	at com.kms.katalon.core.keyword.BuiltinKeywords.verifyEqual(BuiltinKeywords.groovy:126)&#xD;
	at PRUmed Benefit Limitation.run(PRUmed Benefit Limitation:29)&#xD;
	at com.kms.katalon.core.main.ScriptEngine.run(ScriptEngine.java:194)&#xD;
	at com.kms.katalon.core.main.ScriptEngine.runScriptAsRawText(ScriptEngine.java:119)&#xD;
	at com.kms.katalon.core.main.TestCaseExecutor.runScript(TestCaseExecutor.java:337)&#xD;
	at com.kms.katalon.core.main.TestCaseExecutor.doExecute(TestCaseExecutor.java:328)&#xD;
	at com.kms.katalon.core.main.TestCaseExecutor.processExecutionPhase(TestCaseExecutor.java:307)&#xD;
	at com.kms.katalon.core.main.TestCaseExecutor.accessMainPhase(TestCaseExecutor.java:299)&#xD;
	at com.kms.katalon.core.main.TestCaseExecutor.execute(TestCaseExecutor.java:233)&#xD;
	at com.kms.katalon.core.main.TestSuiteExecutor.accessTestCaseMainPhase(TestSuiteExecutor.java:133)&#xD;
	at com.kms.katalon.core.main.TestSuiteExecutor.accessTestSuiteMainPhase(TestSuiteExecutor.java:116)&#xD;
	at com.kms.katalon.core.main.TestSuiteExecutor.execute(TestSuiteExecutor.java:83)&#xD;
	at com.kms.katalon.core.main.TestCaseMain.startTestSuite(TestCaseMain.java:157)&#xD;
	at com.kms.katalon.core.main.TestCaseMain$startTestSuite$0.call(Unknown Source)&#xD;
	at TempTestSuite1568881703577.run(TempTestSuite1568881703577.groovy:35)&#xD;
)&#xD;
	at com.kms.katalon.core.keyword.internal.KeywordMain.stepFailed(KeywordMain.groovy:39)&#xD;
	at com.kms.katalon.core.keyword.internal.KeywordMain.stepFailed(KeywordMain.groovy)&#xD;
	at com.kms.katalon.core.keyword.internal.KeywordMain.runKeyword(KeywordMain.groovy:70)&#xD;
	at com.kms.katalon.core.keyword.builtin.VerifyEqualKeyword.verifyEqual(VerifyEqualKeyword.groovy:63)&#xD;
	at com.kms.katalon.core.keyword.builtin.VerifyEqualKeyword.execute(VerifyEqualKeyword.groovy:44)&#xD;
	at com.kms.katalon.core.keyword.internal.KeywordExecutor.executeKeywordForPlatform(KeywordExecutor.groovy:56)&#xD;
	at com.kms.katalon.core.keyword.BuiltinKeywords.verifyEqual(BuiltinKeywords.groovy:126)&#xD;
	at PRUmed Benefit Limitation.run(PRUmed Benefit Limitation:29)&#xD;
	at com.kms.katalon.core.main.ScriptEngine.run(ScriptEngine.java:194)&#xD;
	at com.kms.katalon.core.main.ScriptEngine.runScriptAsRawText(ScriptEngine.java:119)&#xD;
	at com.kms.katalon.core.main.TestCaseExecutor.runScript(TestCaseExecutor.java:337)&#xD;
	at com.kms.katalon.core.main.TestCaseExecutor.doExecute(TestCaseExecutor.java:328)&#xD;
	at com.kms.katalon.core.main.TestCaseExecutor.processExecutionPhase(TestCaseExecutor.java:307)&#xD;
	at com.kms.katalon.core.main.TestCaseExecutor.accessMainPhase(TestCaseExecutor.java:299)&#xD;
	at com.kms.katalon.core.main.TestCaseExecutor.execute(TestCaseExecutor.java:233)&#xD;
	at com.kms.katalon.core.main.TestSuiteExecutor.accessTestCaseMainPhase(TestSuiteExecutor.java:133)&#xD;
	at com.kms.katalon.core.main.TestSuiteExecutor.accessTestSuiteMainPhase(TestSuiteExecutor.java:116)&#xD;
	at com.kms.katalon.core.main.TestSuiteExecutor.execute(TestSuiteExecutor.java:83)&#xD;
	at com.kms.katalon.core.main.TestCaseMain.startTestSuite(TestCaseMain.java:157)&#xD;
	at com.kms.katalon.core.main.TestCaseMain$startTestSuite$0.call(Unknown Source)&#xD;
	at TempTestSuite1568881703577.run(TempTestSuite1568881703577.groovy:35)&#xD;
Caused by: com.kms.katalon.core.exception.StepFailedException: Actual object 'false' and expected object 'true' are not equal&#xD;
	at com.kms.katalon.core.keyword.builtin.VerifyEqualKeyword$_verifyEqual_closure1.doCall(VerifyEqualKeyword.groovy:58)&#xD;
	at com.kms.katalon.core.keyword.builtin.VerifyEqualKeyword$_verifyEqual_closure1.call(VerifyEqualKeyword.groovy)&#xD;
	at com.kms.katalon.core.keyword.internal.KeywordMain.runKeyword(KeywordMain.groovy:68)&#xD;
	... 18 more</system-err>
        </testcase>
        <testcase name="Test Cases/AlterationScoringNBMajor/PRUmed Benefit Limitation/PRUmed Benefit Limitation" classname="Test Cases/AlterationScoringNBMajor/PRUmed Benefit Limitation/PRUmed Benefit Limitation" status="FAILED">
            <failure type="FAILED" message="Test Cases/AlterationScoringNBMajor/PRUmed Benefit Limitation/PRUmed Benefit Limitation FAILED.&#xA;Reason:&#xA;com.kms.katalon.core.exception.StepFailedException: Unable to verify equal between actual object 'false' and expected object 'true' (Root cause: com.kms.katalon.core.exception.StepFailedException: Actual object 'false' and expected object 'true' are not equal&#xD;&#xA;&#x9;at com.kms.katalon.core.keyword.builtin.VerifyEqualKeyword$_verifyEqual_closure1.doCall(VerifyEqualKeyword.groovy:58)&#xD;&#xA;&#x9;at com.kms.katalon.core.keyword.builtin.VerifyEqualKeyword$_verifyEqual_closure1.call(VerifyEqualKeyword.groovy)&#xD;&#xA;&#x9;at com.kms.katalon.core.keyword.internal.KeywordMain.runKeyword(KeywordMain.groovy:68)&#xD;&#xA;&#x9;at com.kms.katalon.core.keyword.builtin.VerifyEqualKeyword.verifyEqual(VerifyEqualKeyword.groovy:63)&#xD;&#xA;&#x9;at com.kms.katalon.core.keyword.builtin.VerifyEqualKeyword.execute(VerifyEqualKeyword.groovy:44)&#xD;&#xA;&#x9;at com.kms.katalon.core.keyword.internal.KeywordExecutor.executeKeywordForPlatform(KeywordExecutor.groovy:56)&#xD;&#xA;&#x9;at com.kms.katalon.core.keyword.BuiltinKeywords.verifyEqual(BuiltinKeywords.groovy:126)&#xD;&#xA;&#x9;at PRUmed Benefit Limitation.run(PRUmed Benefit Limitation:29)&#xD;&#xA;&#x9;at com.kms.katalon.core.main.ScriptEngine.run(ScriptEngine.java:194)&#xD;&#xA;&#x9;at com.kms.katalon.core.main.ScriptEngine.runScriptAsRawText(ScriptEngine.java:119)&#xD;&#xA;&#x9;at com.kms.katalon.core.main.TestCaseExecutor.runScript(TestCaseExecutor.java:337)&#xD;&#xA;&#x9;at com.kms.katalon.core.main.TestCaseExecutor.doExecute(TestCaseExecutor.java:328)&#xD;&#xA;&#x9;at com.kms.katalon.core.main.TestCaseExecutor.processExecutionPhase(TestCaseExecutor.java:307)&#xD;&#xA;&#x9;at com.kms.katalon.core.main.TestCaseExecutor.accessMainPhase(TestCaseExecutor.java:299)&#xD;&#xA;&#x9;at com.kms.katalon.core.main.TestCaseExecutor.execute(TestCaseExecutor.java:233)&#xD;&#xA;&#x9;at com.kms.katalon.core.main.TestSuiteExecutor.accessTestCaseMainPhase(TestSuiteExecutor.java:133)&#xD;&#xA;&#x9;at com.kms.katalon.core.main.TestSuiteExecutor.accessTestSuiteMainPhase(TestSuiteExecutor.java:116)&#xD;&#xA;&#x9;at com.kms.katalon.core.main.TestSuiteExecutor.execute(TestSuiteExecutor.java:83)&#xD;&#xA;&#x9;at com.kms.katalon.core.main.TestCaseMain.startTestSuite(TestCaseMain.java:157)&#xD;&#xA;&#x9;at com.kms.katalon.core.main.TestCaseMain$startTestSuite$0.call(Unknown Source)&#xD;&#xA;&#x9;at TempTestSuite1568881703577.run(TempTestSuite1568881703577.groovy:35)&#xD;&#xA;)&#xD;&#xA;&#x9;at com.kms.katalon.core.keyword.internal.KeywordMain.stepFailed(KeywordMain.groovy:39)&#xD;&#xA;&#x9;at com.kms.katalon.core.keyword.internal.KeywordMain.stepFailed(KeywordMain.groovy)&#xD;&#xA;&#x9;at com.kms.katalon.core.keyword.internal.KeywordMain.runKeyword(KeywordMain.groovy:70)&#xD;&#xA;&#x9;at com.kms.katalon.core.keyword.builtin.VerifyEqualKeyword.verifyEqual(VerifyEqualKeyword.groovy:63)&#xD;&#xA;&#x9;at com.kms.katalon.core.keyword.builtin.VerifyEqualKeyword.execute(VerifyEqualKeyword.groovy:44)&#xD;&#xA;&#x9;at com.kms.katalon.core.keyword.internal.KeywordExecutor.executeKeywordForPlatform(KeywordExecutor.groovy:56)&#xD;&#xA;&#x9;at com.kms.katalon.core.keyword.BuiltinKeywords.verifyEqual(BuiltinKeywords.groovy:126)&#xD;&#xA;&#x9;at PRUmed Benefit Limitation.run(PRUmed Benefit Limitation:29)&#xD;&#xA;&#x9;at com.kms.katalon.core.main.ScriptEngine.run(ScriptEngine.java:194)&#xD;&#xA;&#x9;at com.kms.katalon.core.main.ScriptEngine.runScriptAsRawText(ScriptEngine.java:119)&#xD;&#xA;&#x9;at com.kms.katalon.core.main.TestCaseExecutor.runScript(TestCaseExecutor.java:337)&#xD;&#xA;&#x9;at com.kms.katalon.core.main.TestCaseExecutor.doExecute(TestCaseExecutor.java:328)&#xD;&#xA;&#x9;at com.kms.katalon.core.main.TestCaseExecutor.processExecutionPhase(TestCaseExecutor.java:307)&#xD;&#xA;&#x9;at com.kms.katalon.core.main.TestCaseExecutor.accessMainPhase(TestCaseExecutor.java:299)&#xD;&#xA;&#x9;at com.kms.katalon.core.main.TestCaseExecutor.execute(TestCaseExecutor.java:233)&#xD;&#xA;&#x9;at com.kms.katalon.core.main.TestSuiteExecutor.accessTestCaseMainPhase(TestSuiteExecutor.java:133)&#xD;&#xA;&#x9;at com.kms.katalon.core.main.TestSuiteExecutor.accessTestSuiteMainPhase(TestSuiteExecutor.java:116)&#xD;&#xA;&#x9;at com.kms.katalon.core.main.TestSuiteExecutor.execute(TestSuiteExecutor.java:83)&#xD;&#xA;&#x9;at com.kms.katalon.core.main.TestCaseMain.startTestSuite(TestCaseMain.java:157)&#xD;&#xA;&#x9;at com.kms.katalon.core.main.TestCaseMain$startTestSuite$0.call(Unknown Source)&#xD;&#xA;&#x9;at TempTestSuite1568881703577.run(TempTestSuite1568881703577.groovy:35)&#xD;&#xA;Caused by: com.kms.katalon.core.exception.StepFailedException: Actual object 'false' and expected object 'true' are not equal&#xD;&#xA;&#x9;at com.kms.katalon.core.keyword.builtin.VerifyEqualKeyword$_verifyEqual_closure1.doCall(VerifyEqualKeyword.groovy:58)&#xD;&#xA;&#x9;at com.kms.katalon.core.keyword.builtin.VerifyEqualKeyword$_verifyEqual_closure1.call(VerifyEqualKeyword.groovy)&#xD;&#xA;&#x9;at com.kms.katalon.core.keyword.internal.KeywordMain.runKeyword(KeywordMain.groovy:68)&#xD;&#xA;&#x9;... 18 more&#xD;&#xA;"/>
            <system-out>2019-09-19 15:29:36 - [TEST_CASE][FAILED] - Test Cases/AlterationScoringNBMajor/PRUmed Benefit Limitation/PRUmed Benefit Limitation: Test Cases/AlterationScoringNBMajor/PRUmed Benefit Limitation/PRUmed Benefit Limitation FAILED.
Reason:
com.kms.katalon.core.exception.StepFailedException: Unable to verify equal between actual object 'false' and expected object 'true' (Root cause: com.kms.katalon.core.exception.StepFailedException: Actual object 'false' and expected object 'true' are not equal&#xD;
	at com.kms.katalon.core.keyword.builtin.VerifyEqualKeyword$_verifyEqual_closure1.doCall(VerifyEqualKeyword.groovy:58)&#xD;
	at com.kms.katalon.core.keyword.builtin.VerifyEqualKeyword$_verifyEqual_closure1.call(VerifyEqualKeyword.groovy)&#xD;
	at com.kms.katalon.core.keyword.internal.KeywordMain.runKeyword(KeywordMain.groovy:68)&#xD;
	at com.kms.katalon.core.keyword.builtin.VerifyEqualKeyword.verifyEqual(VerifyEqualKeyword.groovy:63)&#xD;
	at com.kms.katalon.core.keyword.builtin.VerifyEqualKeyword.execute(VerifyEqualKeyword.groovy:44)&#xD;
	at com.kms.katalon.core.keyword.internal.KeywordExecutor.executeKeywordForPlatform(KeywordExecutor.groovy:56)&#xD;
	at com.kms.katalon.core.keyword.BuiltinKeywords.verifyEqual(BuiltinKeywords.groovy:126)&#xD;
	at PRUmed Benefit Limitation.run(PRUmed Benefit Limitation:29)&#xD;
	at com.kms.katalon.core.main.ScriptEngine.run(ScriptEngine.java:194)&#xD;
	at com.kms.katalon.core.main.ScriptEngine.runScriptAsRawText(ScriptEngine.java:119)&#xD;
	at com.kms.katalon.core.main.TestCaseExecutor.runScript(TestCaseExecutor.java:337)&#xD;
	at com.kms.katalon.core.main.TestCaseExecutor.doExecute(TestCaseExecutor.java:328)&#xD;
	at com.kms.katalon.core.main.TestCaseExecutor.processExecutionPhase(TestCaseExecutor.java:307)&#xD;
	at com.kms.katalon.core.main.TestCaseExecutor.accessMainPhase(TestCaseExecutor.java:299)&#xD;
	at com.kms.katalon.core.main.TestCaseExecutor.execute(TestCaseExecutor.java:233)&#xD;
	at com.kms.katalon.core.main.TestSuiteExecutor.accessTestCaseMainPhase(TestSuiteExecutor.java:133)&#xD;
	at com.kms.katalon.core.main.TestSuiteExecutor.accessTestSuiteMainPhase(TestSuiteExecutor.java:116)&#xD;
	at com.kms.katalon.core.main.TestSuiteExecutor.execute(TestSuiteExecutor.java:83)&#xD;
	at com.kms.katalon.core.main.TestCaseMain.startTestSuite(TestCaseMain.java:157)&#xD;
	at com.kms.katalon.core.main.TestCaseMain$startTestSuite$0.call(Unknown Source)&#xD;
	at TempTestSuite1568881703577.run(TempTestSuite1568881703577.groovy:35)&#xD;
)&#xD;
	at com.kms.katalon.core.keyword.internal.KeywordMain.stepFailed(KeywordMain.groovy:39)&#xD;
	at com.kms.katalon.core.keyword.internal.KeywordMain.stepFailed(KeywordMain.groovy)&#xD;
	at com.kms.katalon.core.keyword.internal.KeywordMain.runKeyword(KeywordMain.groovy:70)&#xD;
	at com.kms.katalon.core.keyword.builtin.VerifyEqualKeyword.verifyEqual(VerifyEqualKeyword.groovy:63)&#xD;
	at com.kms.katalon.core.keyword.builtin.VerifyEqualKeyword.execute(VerifyEqualKeyword.groovy:44)&#xD;
	at com.kms.katalon.core.keyword.internal.KeywordExecutor.executeKeywordForPlatform(KeywordExecutor.groovy:56)&#xD;
	at com.kms.katalon.core.keyword.BuiltinKeywords.verifyEqual(BuiltinKeywords.groovy:126)&#xD;
	at PRUmed Benefit Limitation.run(PRUmed Benefit Limitation:29)&#xD;
	at com.kms.katalon.core.main.ScriptEngine.run(ScriptEngine.java:194)&#xD;
	at com.kms.katalon.core.main.ScriptEngine.runScriptAsRawText(ScriptEngine.java:119)&#xD;
	at com.kms.katalon.core.main.TestCaseExecutor.runScript(TestCaseExecutor.java:337)&#xD;
	at com.kms.katalon.core.main.TestCaseExecutor.doExecute(TestCaseExecutor.java:328)&#xD;
	at com.kms.katalon.core.main.TestCaseExecutor.processExecutionPhase(TestCaseExecutor.java:307)&#xD;
	at com.kms.katalon.core.main.TestCaseExecutor.accessMainPhase(TestCaseExecutor.java:299)&#xD;
	at com.kms.katalon.core.main.TestCaseExecutor.execute(TestCaseExecutor.java:233)&#xD;
	at com.kms.katalon.core.main.TestSuiteExecutor.accessTestCaseMainPhase(TestSuiteExecutor.java:133)&#xD;
	at com.kms.katalon.core.main.TestSuiteExecutor.accessTestSuiteMainPhase(TestSuiteExecutor.java:116)&#xD;
	at com.kms.katalon.core.main.TestSuiteExecutor.execute(TestSuiteExecutor.java:83)&#xD;
	at com.kms.katalon.core.main.TestCaseMain.startTestSuite(TestCaseMain.java:157)&#xD;
	at com.kms.katalon.core.main.TestCaseMain$startTestSuite$0.call(Unknown Source)&#xD;
	at TempTestSuite1568881703577.run(TempTestSuite1568881703577.groovy:35)&#xD;
Caused by: com.kms.katalon.core.exception.StepFailedException: Actual object 'false' and expected object 'true' are not equal&#xD;
	at com.kms.katalon.core.keyword.builtin.VerifyEqualKeyword$_verifyEqual_closure1.doCall(VerifyEqualKeyword.groovy:58)&#xD;
	at com.kms.katalon.core.keyword.builtin.VerifyEqualKeyword$_verifyEqual_closure1.call(VerifyEqualKeyword.groovy)&#xD;
	at com.kms.katalon.core.keyword.internal.KeywordMain.runKeyword(KeywordMain.groovy:68)&#xD;
	... 18 more&#xD;
&#xD;
&#xD;
2019-09-19 15:29:36 - [TEST_STEP][PASSED] - response = sendRequest(findTestObject("AlterationScroingNBMajor/PRUmed Benefit Limitation/Version 1.0_Check_1.391/Request Object", ["transactionType":transactionType, "clientType":clientType, "role":role, "subAlter":subAlter, "eviCode":eviCode, "riderCode":riderCode, ... ])): Send request successfully&#xD;
&#xD;
2019-09-19 15:29:36 - [MESSAGE][INFO] - HAR: C:\SURYAPURBA\PHS\PHS-BRMS\Reports\AlterationScoringNBMajor\PRUmed Benefit Limitation\20190919_152823\requests\main\65.har&#xD;
&#xD;
2019-09-19 15:29:36 - [MESSAGE][PASSED] - Send request successfully&#xD;
&#xD;
2019-09-19 15:29:36 - [TEST_STEP][PASSED] - slurper = new groovy.json.JsonSlurper(): null&#xD;
&#xD;
2019-09-19 15:29:36 - [TEST_STEP][PASSED] - parsingResponse = slurper.parseText(response.getResponseText()): null&#xD;
&#xD;
2019-09-19 15:29:36 - [TEST_STEP][PASSED] - println(parsingResponse): null&#xD;
&#xD;
2019-09-19 15:29:36 - [TEST_STEP][PASSED] - evidenceCode = evidenceCode: null&#xD;
&#xD;
2019-09-19 15:29:36 - [TEST_STEP][PASSED] - println(evidenceCode): null&#xD;
&#xD;
2019-09-19 15:29:36 - [TEST_STEP][PASSED] - println(expectedEvidenceCode): null&#xD;
&#xD;
2019-09-19 15:29:36 - [TEST_STEP][FAILED] - if (expectedEvidenceCode != "STD"): null&#xD;
&#xD;
2019-09-19 15:29:36 - [TEST_STEP][PASSED] - actual = description == expectedDescription: null&#xD;
&#xD;
2019-09-19 15:29:36 - [TEST_STEP][FAILED] - verifyEqual(actual, true, CONTINUE_ON_FAILURE): Unable to verify equal between actual object 'false' and expected object 'true' (Root cause: com.kms.katalon.core.exception.StepFailedException: Actual object 'false' and expected object 'true' are not equal&#xD;
	at com.kms.katalon.core.keyword.builtin.VerifyEqualKeyword$_verifyEqual_closure1.doCall(VerifyEqualKeyword.groovy:58)&#xD;
	at com.kms.katalon.core.keyword.builtin.VerifyEqualKeyword$_verifyEqual_closure1.call(VerifyEqualKeyword.groovy)&#xD;
	at com.kms.katalon.core.keyword.internal.KeywordMain.runKeyword(KeywordMain.groovy:68)&#xD;
	at com.kms.katalon.core.keyword.builtin.VerifyEqualKeyword.verifyEqual(VerifyEqualKeyword.groovy:63)&#xD;
	at com.kms.katalon.core.keyword.builtin.VerifyEqualKeyword.execute(VerifyEqualKeyword.groovy:44)&#xD;
	at com.kms.katalon.core.keyword.internal.KeywordExecutor.executeKeywordForPlatform(KeywordExecutor.groovy:56)&#xD;
	at com.kms.katalon.core.keyword.BuiltinKeywords.verifyEqual(BuiltinKeywords.groovy:126)&#xD;
	at PRUmed Benefit Limitation.run(PRUmed Benefit Limitation:29)&#xD;
	at com.kms.katalon.core.main.ScriptEngine.run(ScriptEngine.java:194)&#xD;
	at com.kms.katalon.core.main.ScriptEngine.runScriptAsRawText(ScriptEngine.java:119)&#xD;
	at com.kms.katalon.core.main.TestCaseExecutor.runScript(TestCaseExecutor.java:337)&#xD;
	at com.kms.katalon.core.main.TestCaseExecutor.doExecute(TestCaseExecutor.java:328)&#xD;
	at com.kms.katalon.core.main.TestCaseExecutor.processExecutionPhase(TestCaseExecutor.java:307)&#xD;
	at com.kms.katalon.core.main.TestCaseExecutor.accessMainPhase(TestCaseExecutor.java:299)&#xD;
	at com.kms.katalon.core.main.TestCaseExecutor.execute(TestCaseExecutor.java:233)&#xD;
	at com.kms.katalon.core.main.TestSuiteExecutor.accessTestCaseMainPhase(TestSuiteExecutor.java:133)&#xD;
	at com.kms.katalon.core.main.TestSuiteExecutor.accessTestSuiteMainPhase(TestSuiteExecutor.java:116)&#xD;
	at com.kms.katalon.core.main.TestSuiteExecutor.execute(TestSuiteExecutor.java:83)&#xD;
	at com.kms.katalon.core.main.TestCaseMain.startTestSuite(TestCaseMain.java:157)&#xD;
	at com.kms.katalon.core.main.TestCaseMain$startTestSuite$0.call(Unknown Source)&#xD;
	at TempTestSuite1568881703577.run(TempTestSuite1568881703577.groovy:35)&#xD;
)&#xD;
&#xD;
2019-09-19 15:29:36 - [MESSAGE][FAILED] - Unable to verify equal between actual object 'false' and expected object 'true' (Root cause: com.kms.katalon.core.exception.StepFailedException: Actual object 'false' and expected object 'true' are not equal&#xD;
	at com.kms.katalon.core.keyword.builtin.VerifyEqualKeyword$_verifyEqual_closure1.doCall(VerifyEqualKeyword.groovy:58)&#xD;
	at com.kms.katalon.core.keyword.builtin.VerifyEqualKeyword$_verifyEqual_closure1.call(VerifyEqualKeyword.groovy)&#xD;
	at com.kms.katalon.core.keyword.internal.KeywordMain.runKeyword(KeywordMain.groovy:68)&#xD;
	at com.kms.katalon.core.keyword.builtin.VerifyEqualKeyword.verifyEqual(VerifyEqualKeyword.groovy:63)&#xD;
	at com.kms.katalon.core.keyword.builtin.VerifyEqualKeyword.execute(VerifyEqualKeyword.groovy:44)&#xD;
	at com.kms.katalon.core.keyword.internal.KeywordExecutor.executeKeywordForPlatform(KeywordExecutor.groovy:56)&#xD;
	at com.kms.katalon.core.keyword.BuiltinKeywords.verifyEqual(BuiltinKeywords.groovy:126)&#xD;
	at PRUmed Benefit Limitation.run(PRUmed Benefit Limitation:29)&#xD;
	at com.kms.katalon.core.main.ScriptEngine.run(ScriptEngine.java:194)&#xD;
	at com.kms.katalon.core.main.ScriptEngine.runScriptAsRawText(ScriptEngine.java:119)&#xD;
	at com.kms.katalon.core.main.TestCaseExecutor.runScript(TestCaseExecutor.java:337)&#xD;
	at com.kms.katalon.core.main.TestCaseExecutor.doExecute(TestCaseExecutor.java:328)&#xD;
	at com.kms.katalon.core.main.TestCaseExecutor.processExecutionPhase(TestCaseExecutor.java:307)&#xD;
	at com.kms.katalon.core.main.TestCaseExecutor.accessMainPhase(TestCaseExecutor.java:299)&#xD;
	at com.kms.katalon.core.main.TestCaseExecutor.execute(TestCaseExecutor.java:233)&#xD;
	at com.kms.katalon.core.main.TestSuiteExecutor.accessTestCaseMainPhase(TestSuiteExecutor.java:133)&#xD;
	at com.kms.katalon.core.main.TestSuiteExecutor.accessTestSuiteMainPhase(TestSuiteExecutor.java:116)&#xD;
	at com.kms.katalon.core.main.TestSuiteExecutor.execute(TestSuiteExecutor.java:83)&#xD;
	at com.kms.katalon.core.main.TestCaseMain.startTestSuite(TestCaseMain.java:157)&#xD;
	at com.kms.katalon.core.main.TestCaseMain$startTestSuite$0.call(Unknown Source)&#xD;
	at TempTestSuite1568881703577.run(TempTestSuite1568881703577.groovy:35)&#xD;
)&#xD;
&#xD;
2019-09-19 15:29:36 - [TEST_STEP][PASSED] - if (actual == false): null&#xD;
&#xD;
2019-09-19 15:29:36 - [TEST_STEP][PASSED] - println("Evidence code tidak sesuai dengan expected evidence code"): null&#xD;
&#xD;
2019-09-19 15:29:36 - [TEST_STEP][PASSED] - verifyResponseStatusCode(response, 200): Verify response status code successfully&#xD;
&#xD;
2019-09-19 15:29:36 - [MESSAGE][PASSED] - Verify response status code successfully</system-out>
            <system-err>2019-09-19 15:29:36 - [TEST_CASE][FAILED] - Test Cases/AlterationScoringNBMajor/PRUmed Benefit Limitation/PRUmed Benefit Limitation: Test Cases/AlterationScoringNBMajor/PRUmed Benefit Limitation/PRUmed Benefit Limitation FAILED.
Reason:
com.kms.katalon.core.exception.StepFailedException: Unable to verify equal between actual object 'false' and expected object 'true' (Root cause: com.kms.katalon.core.exception.StepFailedException: Actual object 'false' and expected object 'true' are not equal&#xD;
	at com.kms.katalon.core.keyword.builtin.VerifyEqualKeyword$_verifyEqual_closure1.doCall(VerifyEqualKeyword.groovy:58)&#xD;
	at com.kms.katalon.core.keyword.builtin.VerifyEqualKeyword$_verifyEqual_closure1.call(VerifyEqualKeyword.groovy)&#xD;
	at com.kms.katalon.core.keyword.internal.KeywordMain.runKeyword(KeywordMain.groovy:68)&#xD;
	at com.kms.katalon.core.keyword.builtin.VerifyEqualKeyword.verifyEqual(VerifyEqualKeyword.groovy:63)&#xD;
	at com.kms.katalon.core.keyword.builtin.VerifyEqualKeyword.execute(VerifyEqualKeyword.groovy:44)&#xD;
	at com.kms.katalon.core.keyword.internal.KeywordExecutor.executeKeywordForPlatform(KeywordExecutor.groovy:56)&#xD;
	at com.kms.katalon.core.keyword.BuiltinKeywords.verifyEqual(BuiltinKeywords.groovy:126)&#xD;
	at PRUmed Benefit Limitation.run(PRUmed Benefit Limitation:29)&#xD;
	at com.kms.katalon.core.main.ScriptEngine.run(ScriptEngine.java:194)&#xD;
	at com.kms.katalon.core.main.ScriptEngine.runScriptAsRawText(ScriptEngine.java:119)&#xD;
	at com.kms.katalon.core.main.TestCaseExecutor.runScript(TestCaseExecutor.java:337)&#xD;
	at com.kms.katalon.core.main.TestCaseExecutor.doExecute(TestCaseExecutor.java:328)&#xD;
	at com.kms.katalon.core.main.TestCaseExecutor.processExecutionPhase(TestCaseExecutor.java:307)&#xD;
	at com.kms.katalon.core.main.TestCaseExecutor.accessMainPhase(TestCaseExecutor.java:299)&#xD;
	at com.kms.katalon.core.main.TestCaseExecutor.execute(TestCaseExecutor.java:233)&#xD;
	at com.kms.katalon.core.main.TestSuiteExecutor.accessTestCaseMainPhase(TestSuiteExecutor.java:133)&#xD;
	at com.kms.katalon.core.main.TestSuiteExecutor.accessTestSuiteMainPhase(TestSuiteExecutor.java:116)&#xD;
	at com.kms.katalon.core.main.TestSuiteExecutor.execute(TestSuiteExecutor.java:83)&#xD;
	at com.kms.katalon.core.main.TestCaseMain.startTestSuite(TestCaseMain.java:157)&#xD;
	at com.kms.katalon.core.main.TestCaseMain$startTestSuite$0.call(Unknown Source)&#xD;
	at TempTestSuite1568881703577.run(TempTestSuite1568881703577.groovy:35)&#xD;
)&#xD;
	at com.kms.katalon.core.keyword.internal.KeywordMain.stepFailed(KeywordMain.groovy:39)&#xD;
	at com.kms.katalon.core.keyword.internal.KeywordMain.stepFailed(KeywordMain.groovy)&#xD;
	at com.kms.katalon.core.keyword.internal.KeywordMain.runKeyword(KeywordMain.groovy:70)&#xD;
	at com.kms.katalon.core.keyword.builtin.VerifyEqualKeyword.verifyEqual(VerifyEqualKeyword.groovy:63)&#xD;
	at com.kms.katalon.core.keyword.builtin.VerifyEqualKeyword.execute(VerifyEqualKeyword.groovy:44)&#xD;
	at com.kms.katalon.core.keyword.internal.KeywordExecutor.executeKeywordForPlatform(KeywordExecutor.groovy:56)&#xD;
	at com.kms.katalon.core.keyword.BuiltinKeywords.verifyEqual(BuiltinKeywords.groovy:126)&#xD;
	at PRUmed Benefit Limitation.run(PRUmed Benefit Limitation:29)&#xD;
	at com.kms.katalon.core.main.ScriptEngine.run(ScriptEngine.java:194)&#xD;
	at com.kms.katalon.core.main.ScriptEngine.runScriptAsRawText(ScriptEngine.java:119)&#xD;
	at com.kms.katalon.core.main.TestCaseExecutor.runScript(TestCaseExecutor.java:337)&#xD;
	at com.kms.katalon.core.main.TestCaseExecutor.doExecute(TestCaseExecutor.java:328)&#xD;
	at com.kms.katalon.core.main.TestCaseExecutor.processExecutionPhase(TestCaseExecutor.java:307)&#xD;
	at com.kms.katalon.core.main.TestCaseExecutor.accessMainPhase(TestCaseExecutor.java:299)&#xD;
	at com.kms.katalon.core.main.TestCaseExecutor.execute(TestCaseExecutor.java:233)&#xD;
	at com.kms.katalon.core.main.TestSuiteExecutor.accessTestCaseMainPhase(TestSuiteExecutor.java:133)&#xD;
	at com.kms.katalon.core.main.TestSuiteExecutor.accessTestSuiteMainPhase(TestSuiteExecutor.java:116)&#xD;
	at com.kms.katalon.core.main.TestSuiteExecutor.execute(TestSuiteExecutor.java:83)&#xD;
	at com.kms.katalon.core.main.TestCaseMain.startTestSuite(TestCaseMain.java:157)&#xD;
	at com.kms.katalon.core.main.TestCaseMain$startTestSuite$0.call(Unknown Source)&#xD;
	at TempTestSuite1568881703577.run(TempTestSuite1568881703577.groovy:35)&#xD;
Caused by: com.kms.katalon.core.exception.StepFailedException: Actual object 'false' and expected object 'true' are not equal&#xD;
	at com.kms.katalon.core.keyword.builtin.VerifyEqualKeyword$_verifyEqual_closure1.doCall(VerifyEqualKeyword.groovy:58)&#xD;
	at com.kms.katalon.core.keyword.builtin.VerifyEqualKeyword$_verifyEqual_closure1.call(VerifyEqualKeyword.groovy)&#xD;
	at com.kms.katalon.core.keyword.internal.KeywordMain.runKeyword(KeywordMain.groovy:68)&#xD;
	... 18 more</system-err>
        </testcase>
        <testcase name="Test Cases/AlterationScoringNBMajor/PRUmed Benefit Limitation/PRUmed Benefit Limitation" classname="Test Cases/AlterationScoringNBMajor/PRUmed Benefit Limitation/PRUmed Benefit Limitation" status="FAILED">
            <failure type="FAILED" message="Test Cases/AlterationScoringNBMajor/PRUmed Benefit Limitation/PRUmed Benefit Limitation FAILED.&#xA;Reason:&#xA;com.kms.katalon.core.exception.StepFailedException: Unable to verify equal between actual object 'false' and expected object 'true' (Root cause: com.kms.katalon.core.exception.StepFailedException: Actual object 'false' and expected object 'true' are not equal&#xD;&#xA;&#x9;at com.kms.katalon.core.keyword.builtin.VerifyEqualKeyword$_verifyEqual_closure1.doCall(VerifyEqualKeyword.groovy:58)&#xD;&#xA;&#x9;at com.kms.katalon.core.keyword.builtin.VerifyEqualKeyword$_verifyEqual_closure1.call(VerifyEqualKeyword.groovy)&#xD;&#xA;&#x9;at com.kms.katalon.core.keyword.internal.KeywordMain.runKeyword(KeywordMain.groovy:68)&#xD;&#xA;&#x9;at com.kms.katalon.core.keyword.builtin.VerifyEqualKeyword.verifyEqual(VerifyEqualKeyword.groovy:63)&#xD;&#xA;&#x9;at com.kms.katalon.core.keyword.builtin.VerifyEqualKeyword.execute(VerifyEqualKeyword.groovy:44)&#xD;&#xA;&#x9;at com.kms.katalon.core.keyword.internal.KeywordExecutor.executeKeywordForPlatform(KeywordExecutor.groovy:56)&#xD;&#xA;&#x9;at com.kms.katalon.core.keyword.BuiltinKeywords.verifyEqual(BuiltinKeywords.groovy:126)&#xD;&#xA;&#x9;at PRUmed Benefit Limitation.run(PRUmed Benefit Limitation:29)&#xD;&#xA;&#x9;at com.kms.katalon.core.main.ScriptEngine.run(ScriptEngine.java:194)&#xD;&#xA;&#x9;at com.kms.katalon.core.main.ScriptEngine.runScriptAsRawText(ScriptEngine.java:119)&#xD;&#xA;&#x9;at com.kms.katalon.core.main.TestCaseExecutor.runScript(TestCaseExecutor.java:337)&#xD;&#xA;&#x9;at com.kms.katalon.core.main.TestCaseExecutor.doExecute(TestCaseExecutor.java:328)&#xD;&#xA;&#x9;at com.kms.katalon.core.main.TestCaseExecutor.processExecutionPhase(TestCaseExecutor.java:307)&#xD;&#xA;&#x9;at com.kms.katalon.core.main.TestCaseExecutor.accessMainPhase(TestCaseExecutor.java:299)&#xD;&#xA;&#x9;at com.kms.katalon.core.main.TestCaseExecutor.execute(TestCaseExecutor.java:233)&#xD;&#xA;&#x9;at com.kms.katalon.core.main.TestSuiteExecutor.accessTestCaseMainPhase(TestSuiteExecutor.java:133)&#xD;&#xA;&#x9;at com.kms.katalon.core.main.TestSuiteExecutor.accessTestSuiteMainPhase(TestSuiteExecutor.java:116)&#xD;&#xA;&#x9;at com.kms.katalon.core.main.TestSuiteExecutor.execute(TestSuiteExecutor.java:83)&#xD;&#xA;&#x9;at com.kms.katalon.core.main.TestCaseMain.startTestSuite(TestCaseMain.java:157)&#xD;&#xA;&#x9;at com.kms.katalon.core.main.TestCaseMain$startTestSuite$0.call(Unknown Source)&#xD;&#xA;&#x9;at TempTestSuite1568881703577.run(TempTestSuite1568881703577.groovy:35)&#xD;&#xA;)&#xD;&#xA;&#x9;at com.kms.katalon.core.keyword.internal.KeywordMain.stepFailed(KeywordMain.groovy:39)&#xD;&#xA;&#x9;at com.kms.katalon.core.keyword.internal.KeywordMain.stepFailed(KeywordMain.groovy)&#xD;&#xA;&#x9;at com.kms.katalon.core.keyword.internal.KeywordMain.runKeyword(KeywordMain.groovy:70)&#xD;&#xA;&#x9;at com.kms.katalon.core.keyword.builtin.VerifyEqualKeyword.verifyEqual(VerifyEqualKeyword.groovy:63)&#xD;&#xA;&#x9;at com.kms.katalon.core.keyword.builtin.VerifyEqualKeyword.execute(VerifyEqualKeyword.groovy:44)&#xD;&#xA;&#x9;at com.kms.katalon.core.keyword.internal.KeywordExecutor.executeKeywordForPlatform(KeywordExecutor.groovy:56)&#xD;&#xA;&#x9;at com.kms.katalon.core.keyword.BuiltinKeywords.verifyEqual(BuiltinKeywords.groovy:126)&#xD;&#xA;&#x9;at PRUmed Benefit Limitation.run(PRUmed Benefit Limitation:29)&#xD;&#xA;&#x9;at com.kms.katalon.core.main.ScriptEngine.run(ScriptEngine.java:194)&#xD;&#xA;&#x9;at com.kms.katalon.core.main.ScriptEngine.runScriptAsRawText(ScriptEngine.java:119)&#xD;&#xA;&#x9;at com.kms.katalon.core.main.TestCaseExecutor.runScript(TestCaseExecutor.java:337)&#xD;&#xA;&#x9;at com.kms.katalon.core.main.TestCaseExecutor.doExecute(TestCaseExecutor.java:328)&#xD;&#xA;&#x9;at com.kms.katalon.core.main.TestCaseExecutor.processExecutionPhase(TestCaseExecutor.java:307)&#xD;&#xA;&#x9;at com.kms.katalon.core.main.TestCaseExecutor.accessMainPhase(TestCaseExecutor.java:299)&#xD;&#xA;&#x9;at com.kms.katalon.core.main.TestCaseExecutor.execute(TestCaseExecutor.java:233)&#xD;&#xA;&#x9;at com.kms.katalon.core.main.TestSuiteExecutor.accessTestCaseMainPhase(TestSuiteExecutor.java:133)&#xD;&#xA;&#x9;at com.kms.katalon.core.main.TestSuiteExecutor.accessTestSuiteMainPhase(TestSuiteExecutor.java:116)&#xD;&#xA;&#x9;at com.kms.katalon.core.main.TestSuiteExecutor.execute(TestSuiteExecutor.java:83)&#xD;&#xA;&#x9;at com.kms.katalon.core.main.TestCaseMain.startTestSuite(TestCaseMain.java:157)&#xD;&#xA;&#x9;at com.kms.katalon.core.main.TestCaseMain$startTestSuite$0.call(Unknown Source)&#xD;&#xA;&#x9;at TempTestSuite1568881703577.run(TempTestSuite1568881703577.groovy:35)&#xD;&#xA;Caused by: com.kms.katalon.core.exception.StepFailedException: Actual object 'false' and expected object 'true' are not equal&#xD;&#xA;&#x9;at com.kms.katalon.core.keyword.builtin.VerifyEqualKeyword$_verifyEqual_closure1.doCall(VerifyEqualKeyword.groovy:58)&#xD;&#xA;&#x9;at com.kms.katalon.core.keyword.builtin.VerifyEqualKeyword$_verifyEqual_closure1.call(VerifyEqualKeyword.groovy)&#xD;&#xA;&#x9;at com.kms.katalon.core.keyword.internal.KeywordMain.runKeyword(KeywordMain.groovy:68)&#xD;&#xA;&#x9;... 18 more&#xD;&#xA;"/>
            <system-out>2019-09-19 15:29:38 - [TEST_CASE][FAILED] - Test Cases/AlterationScoringNBMajor/PRUmed Benefit Limitation/PRUmed Benefit Limitation: Test Cases/AlterationScoringNBMajor/PRUmed Benefit Limitation/PRUmed Benefit Limitation FAILED.
Reason:
com.kms.katalon.core.exception.StepFailedException: Unable to verify equal between actual object 'false' and expected object 'true' (Root cause: com.kms.katalon.core.exception.StepFailedException: Actual object 'false' and expected object 'true' are not equal&#xD;
	at com.kms.katalon.core.keyword.builtin.VerifyEqualKeyword$_verifyEqual_closure1.doCall(VerifyEqualKeyword.groovy:58)&#xD;
	at com.kms.katalon.core.keyword.builtin.VerifyEqualKeyword$_verifyEqual_closure1.call(VerifyEqualKeyword.groovy)&#xD;
	at com.kms.katalon.core.keyword.internal.KeywordMain.runKeyword(KeywordMain.groovy:68)&#xD;
	at com.kms.katalon.core.keyword.builtin.VerifyEqualKeyword.verifyEqual(VerifyEqualKeyword.groovy:63)&#xD;
	at com.kms.katalon.core.keyword.builtin.VerifyEqualKeyword.execute(VerifyEqualKeyword.groovy:44)&#xD;
	at com.kms.katalon.core.keyword.internal.KeywordExecutor.executeKeywordForPlatform(KeywordExecutor.groovy:56)&#xD;
	at com.kms.katalon.core.keyword.BuiltinKeywords.verifyEqual(BuiltinKeywords.groovy:126)&#xD;
	at PRUmed Benefit Limitation.run(PRUmed Benefit Limitation:29)&#xD;
	at com.kms.katalon.core.main.ScriptEngine.run(ScriptEngine.java:194)&#xD;
	at com.kms.katalon.core.main.ScriptEngine.runScriptAsRawText(ScriptEngine.java:119)&#xD;
	at com.kms.katalon.core.main.TestCaseExecutor.runScript(TestCaseExecutor.java:337)&#xD;
	at com.kms.katalon.core.main.TestCaseExecutor.doExecute(TestCaseExecutor.java:328)&#xD;
	at com.kms.katalon.core.main.TestCaseExecutor.processExecutionPhase(TestCaseExecutor.java:307)&#xD;
	at com.kms.katalon.core.main.TestCaseExecutor.accessMainPhase(TestCaseExecutor.java:299)&#xD;
	at com.kms.katalon.core.main.TestCaseExecutor.execute(TestCaseExecutor.java:233)&#xD;
	at com.kms.katalon.core.main.TestSuiteExecutor.accessTestCaseMainPhase(TestSuiteExecutor.java:133)&#xD;
	at com.kms.katalon.core.main.TestSuiteExecutor.accessTestSuiteMainPhase(TestSuiteExecutor.java:116)&#xD;
	at com.kms.katalon.core.main.TestSuiteExecutor.execute(TestSuiteExecutor.java:83)&#xD;
	at com.kms.katalon.core.main.TestCaseMain.startTestSuite(TestCaseMain.java:157)&#xD;
	at com.kms.katalon.core.main.TestCaseMain$startTestSuite$0.call(Unknown Source)&#xD;
	at TempTestSuite1568881703577.run(TempTestSuite1568881703577.groovy:35)&#xD;
)&#xD;
	at com.kms.katalon.core.keyword.internal.KeywordMain.stepFailed(KeywordMain.groovy:39)&#xD;
	at com.kms.katalon.core.keyword.internal.KeywordMain.stepFailed(KeywordMain.groovy)&#xD;
	at com.kms.katalon.core.keyword.internal.KeywordMain.runKeyword(KeywordMain.groovy:70)&#xD;
	at com.kms.katalon.core.keyword.builtin.VerifyEqualKeyword.verifyEqual(VerifyEqualKeyword.groovy:63)&#xD;
	at com.kms.katalon.core.keyword.builtin.VerifyEqualKeyword.execute(VerifyEqualKeyword.groovy:44)&#xD;
	at com.kms.katalon.core.keyword.internal.KeywordExecutor.executeKeywordForPlatform(KeywordExecutor.groovy:56)&#xD;
	at com.kms.katalon.core.keyword.BuiltinKeywords.verifyEqual(BuiltinKeywords.groovy:126)&#xD;
	at PRUmed Benefit Limitation.run(PRUmed Benefit Limitation:29)&#xD;
	at com.kms.katalon.core.main.ScriptEngine.run(ScriptEngine.java:194)&#xD;
	at com.kms.katalon.core.main.ScriptEngine.runScriptAsRawText(ScriptEngine.java:119)&#xD;
	at com.kms.katalon.core.main.TestCaseExecutor.runScript(TestCaseExecutor.java:337)&#xD;
	at com.kms.katalon.core.main.TestCaseExecutor.doExecute(TestCaseExecutor.java:328)&#xD;
	at com.kms.katalon.core.main.TestCaseExecutor.processExecutionPhase(TestCaseExecutor.java:307)&#xD;
	at com.kms.katalon.core.main.TestCaseExecutor.accessMainPhase(TestCaseExecutor.java:299)&#xD;
	at com.kms.katalon.core.main.TestCaseExecutor.execute(TestCaseExecutor.java:233)&#xD;
	at com.kms.katalon.core.main.TestSuiteExecutor.accessTestCaseMainPhase(TestSuiteExecutor.java:133)&#xD;
	at com.kms.katalon.core.main.TestSuiteExecutor.accessTestSuiteMainPhase(TestSuiteExecutor.java:116)&#xD;
	at com.kms.katalon.core.main.TestSuiteExecutor.execute(TestSuiteExecutor.java:83)&#xD;
	at com.kms.katalon.core.main.TestCaseMain.startTestSuite(TestCaseMain.java:157)&#xD;
	at com.kms.katalon.core.main.TestCaseMain$startTestSuite$0.call(Unknown Source)&#xD;
	at TempTestSuite1568881703577.run(TempTestSuite1568881703577.groovy:35)&#xD;
Caused by: com.kms.katalon.core.exception.StepFailedException: Actual object 'false' and expected object 'true' are not equal&#xD;
	at com.kms.katalon.core.keyword.builtin.VerifyEqualKeyword$_verifyEqual_closure1.doCall(VerifyEqualKeyword.groovy:58)&#xD;
	at com.kms.katalon.core.keyword.builtin.VerifyEqualKeyword$_verifyEqual_closure1.call(VerifyEqualKeyword.groovy)&#xD;
	at com.kms.katalon.core.keyword.internal.KeywordMain.runKeyword(KeywordMain.groovy:68)&#xD;
	... 18 more&#xD;
&#xD;
&#xD;
2019-09-19 15:29:38 - [TEST_STEP][PASSED] - response = sendRequest(findTestObject("AlterationScroingNBMajor/PRUmed Benefit Limitation/Version 1.0_Check_1.391/Request Object", ["transactionType":transactionType, "clientType":clientType, "role":role, "subAlter":subAlter, "eviCode":eviCode, "riderCode":riderCode, ... ])): Send request successfully&#xD;
&#xD;
2019-09-19 15:29:38 - [MESSAGE][INFO] - HAR: C:\SURYAPURBA\PHS\PHS-BRMS\Reports\AlterationScoringNBMajor\PRUmed Benefit Limitation\20190919_152823\requests\main\66.har&#xD;
&#xD;
2019-09-19 15:29:38 - [MESSAGE][PASSED] - Send request successfully&#xD;
&#xD;
2019-09-19 15:29:38 - [TEST_STEP][PASSED] - slurper = new groovy.json.JsonSlurper(): null&#xD;
&#xD;
2019-09-19 15:29:38 - [TEST_STEP][PASSED] - parsingResponse = slurper.parseText(response.getResponseText()): null&#xD;
&#xD;
2019-09-19 15:29:38 - [TEST_STEP][PASSED] - println(parsingResponse): null&#xD;
&#xD;
2019-09-19 15:29:38 - [TEST_STEP][PASSED] - evidenceCode = evidenceCode: null&#xD;
&#xD;
2019-09-19 15:29:38 - [TEST_STEP][PASSED] - println(evidenceCode): null&#xD;
&#xD;
2019-09-19 15:29:38 - [TEST_STEP][PASSED] - println(expectedEvidenceCode): null&#xD;
&#xD;
2019-09-19 15:29:38 - [TEST_STEP][FAILED] - if (expectedEvidenceCode != "STD"): null&#xD;
&#xD;
2019-09-19 15:29:38 - [TEST_STEP][PASSED] - actual = description == expectedDescription: null&#xD;
&#xD;
2019-09-19 15:29:38 - [TEST_STEP][FAILED] - verifyEqual(actual, true, CONTINUE_ON_FAILURE): Unable to verify equal between actual object 'false' and expected object 'true' (Root cause: com.kms.katalon.core.exception.StepFailedException: Actual object 'false' and expected object 'true' are not equal&#xD;
	at com.kms.katalon.core.keyword.builtin.VerifyEqualKeyword$_verifyEqual_closure1.doCall(VerifyEqualKeyword.groovy:58)&#xD;
	at com.kms.katalon.core.keyword.builtin.VerifyEqualKeyword$_verifyEqual_closure1.call(VerifyEqualKeyword.groovy)&#xD;
	at com.kms.katalon.core.keyword.internal.KeywordMain.runKeyword(KeywordMain.groovy:68)&#xD;
	at com.kms.katalon.core.keyword.builtin.VerifyEqualKeyword.verifyEqual(VerifyEqualKeyword.groovy:63)&#xD;
	at com.kms.katalon.core.keyword.builtin.VerifyEqualKeyword.execute(VerifyEqualKeyword.groovy:44)&#xD;
	at com.kms.katalon.core.keyword.internal.KeywordExecutor.executeKeywordForPlatform(KeywordExecutor.groovy:56)&#xD;
	at com.kms.katalon.core.keyword.BuiltinKeywords.verifyEqual(BuiltinKeywords.groovy:126)&#xD;
	at PRUmed Benefit Limitation.run(PRUmed Benefit Limitation:29)&#xD;
	at com.kms.katalon.core.main.ScriptEngine.run(ScriptEngine.java:194)&#xD;
	at com.kms.katalon.core.main.ScriptEngine.runScriptAsRawText(ScriptEngine.java:119)&#xD;
	at com.kms.katalon.core.main.TestCaseExecutor.runScript(TestCaseExecutor.java:337)&#xD;
	at com.kms.katalon.core.main.TestCaseExecutor.doExecute(TestCaseExecutor.java:328)&#xD;
	at com.kms.katalon.core.main.TestCaseExecutor.processExecutionPhase(TestCaseExecutor.java:307)&#xD;
	at com.kms.katalon.core.main.TestCaseExecutor.accessMainPhase(TestCaseExecutor.java:299)&#xD;
	at com.kms.katalon.core.main.TestCaseExecutor.execute(TestCaseExecutor.java:233)&#xD;
	at com.kms.katalon.core.main.TestSuiteExecutor.accessTestCaseMainPhase(TestSuiteExecutor.java:133)&#xD;
	at com.kms.katalon.core.main.TestSuiteExecutor.accessTestSuiteMainPhase(TestSuiteExecutor.java:116)&#xD;
	at com.kms.katalon.core.main.TestSuiteExecutor.execute(TestSuiteExecutor.java:83)&#xD;
	at com.kms.katalon.core.main.TestCaseMain.startTestSuite(TestCaseMain.java:157)&#xD;
	at com.kms.katalon.core.main.TestCaseMain$startTestSuite$0.call(Unknown Source)&#xD;
	at TempTestSuite1568881703577.run(TempTestSuite1568881703577.groovy:35)&#xD;
)&#xD;
&#xD;
2019-09-19 15:29:38 - [MESSAGE][FAILED] - Unable to verify equal between actual object 'false' and expected object 'true' (Root cause: com.kms.katalon.core.exception.StepFailedException: Actual object 'false' and expected object 'true' are not equal&#xD;
	at com.kms.katalon.core.keyword.builtin.VerifyEqualKeyword$_verifyEqual_closure1.doCall(VerifyEqualKeyword.groovy:58)&#xD;
	at com.kms.katalon.core.keyword.builtin.VerifyEqualKeyword$_verifyEqual_closure1.call(VerifyEqualKeyword.groovy)&#xD;
	at com.kms.katalon.core.keyword.internal.KeywordMain.runKeyword(KeywordMain.groovy:68)&#xD;
	at com.kms.katalon.core.keyword.builtin.VerifyEqualKeyword.verifyEqual(VerifyEqualKeyword.groovy:63)&#xD;
	at com.kms.katalon.core.keyword.builtin.VerifyEqualKeyword.execute(VerifyEqualKeyword.groovy:44)&#xD;
	at com.kms.katalon.core.keyword.internal.KeywordExecutor.executeKeywordForPlatform(KeywordExecutor.groovy:56)&#xD;
	at com.kms.katalon.core.keyword.BuiltinKeywords.verifyEqual(BuiltinKeywords.groovy:126)&#xD;
	at PRUmed Benefit Limitation.run(PRUmed Benefit Limitation:29)&#xD;
	at com.kms.katalon.core.main.ScriptEngine.run(ScriptEngine.java:194)&#xD;
	at com.kms.katalon.core.main.ScriptEngine.runScriptAsRawText(ScriptEngine.java:119)&#xD;
	at com.kms.katalon.core.main.TestCaseExecutor.runScript(TestCaseExecutor.java:337)&#xD;
	at com.kms.katalon.core.main.TestCaseExecutor.doExecute(TestCaseExecutor.java:328)&#xD;
	at com.kms.katalon.core.main.TestCaseExecutor.processExecutionPhase(TestCaseExecutor.java:307)&#xD;
	at com.kms.katalon.core.main.TestCaseExecutor.accessMainPhase(TestCaseExecutor.java:299)&#xD;
	at com.kms.katalon.core.main.TestCaseExecutor.execute(TestCaseExecutor.java:233)&#xD;
	at com.kms.katalon.core.main.TestSuiteExecutor.accessTestCaseMainPhase(TestSuiteExecutor.java:133)&#xD;
	at com.kms.katalon.core.main.TestSuiteExecutor.accessTestSuiteMainPhase(TestSuiteExecutor.java:116)&#xD;
	at com.kms.katalon.core.main.TestSuiteExecutor.execute(TestSuiteExecutor.java:83)&#xD;
	at com.kms.katalon.core.main.TestCaseMain.startTestSuite(TestCaseMain.java:157)&#xD;
	at com.kms.katalon.core.main.TestCaseMain$startTestSuite$0.call(Unknown Source)&#xD;
	at TempTestSuite1568881703577.run(TempTestSuite1568881703577.groovy:35)&#xD;
)&#xD;
&#xD;
2019-09-19 15:29:39 - [TEST_STEP][PASSED] - if (actual == false): null&#xD;
&#xD;
2019-09-19 15:29:39 - [TEST_STEP][PASSED] - println("Evidence code tidak sesuai dengan expected evidence code"): null&#xD;
&#xD;
2019-09-19 15:29:39 - [TEST_STEP][PASSED] - verifyResponseStatusCode(response, 200): Verify response status code successfully&#xD;
&#xD;
2019-09-19 15:29:39 - [MESSAGE][PASSED] - Verify response status code successfully</system-out>
            <system-err>2019-09-19 15:29:38 - [TEST_CASE][FAILED] - Test Cases/AlterationScoringNBMajor/PRUmed Benefit Limitation/PRUmed Benefit Limitation: Test Cases/AlterationScoringNBMajor/PRUmed Benefit Limitation/PRUmed Benefit Limitation FAILED.
Reason:
com.kms.katalon.core.exception.StepFailedException: Unable to verify equal between actual object 'false' and expected object 'true' (Root cause: com.kms.katalon.core.exception.StepFailedException: Actual object 'false' and expected object 'true' are not equal&#xD;
	at com.kms.katalon.core.keyword.builtin.VerifyEqualKeyword$_verifyEqual_closure1.doCall(VerifyEqualKeyword.groovy:58)&#xD;
	at com.kms.katalon.core.keyword.builtin.VerifyEqualKeyword$_verifyEqual_closure1.call(VerifyEqualKeyword.groovy)&#xD;
	at com.kms.katalon.core.keyword.internal.KeywordMain.runKeyword(KeywordMain.groovy:68)&#xD;
	at com.kms.katalon.core.keyword.builtin.VerifyEqualKeyword.verifyEqual(VerifyEqualKeyword.groovy:63)&#xD;
	at com.kms.katalon.core.keyword.builtin.VerifyEqualKeyword.execute(VerifyEqualKeyword.groovy:44)&#xD;
	at com.kms.katalon.core.keyword.internal.KeywordExecutor.executeKeywordForPlatform(KeywordExecutor.groovy:56)&#xD;
	at com.kms.katalon.core.keyword.BuiltinKeywords.verifyEqual(BuiltinKeywords.groovy:126)&#xD;
	at PRUmed Benefit Limitation.run(PRUmed Benefit Limitation:29)&#xD;
	at com.kms.katalon.core.main.ScriptEngine.run(ScriptEngine.java:194)&#xD;
	at com.kms.katalon.core.main.ScriptEngine.runScriptAsRawText(ScriptEngine.java:119)&#xD;
	at com.kms.katalon.core.main.TestCaseExecutor.runScript(TestCaseExecutor.java:337)&#xD;
	at com.kms.katalon.core.main.TestCaseExecutor.doExecute(TestCaseExecutor.java:328)&#xD;
	at com.kms.katalon.core.main.TestCaseExecutor.processExecutionPhase(TestCaseExecutor.java:307)&#xD;
	at com.kms.katalon.core.main.TestCaseExecutor.accessMainPhase(TestCaseExecutor.java:299)&#xD;
	at com.kms.katalon.core.main.TestCaseExecutor.execute(TestCaseExecutor.java:233)&#xD;
	at com.kms.katalon.core.main.TestSuiteExecutor.accessTestCaseMainPhase(TestSuiteExecutor.java:133)&#xD;
	at com.kms.katalon.core.main.TestSuiteExecutor.accessTestSuiteMainPhase(TestSuiteExecutor.java:116)&#xD;
	at com.kms.katalon.core.main.TestSuiteExecutor.execute(TestSuiteExecutor.java:83)&#xD;
	at com.kms.katalon.core.main.TestCaseMain.startTestSuite(TestCaseMain.java:157)&#xD;
	at com.kms.katalon.core.main.TestCaseMain$startTestSuite$0.call(Unknown Source)&#xD;
	at TempTestSuite1568881703577.run(TempTestSuite1568881703577.groovy:35)&#xD;
)&#xD;
	at com.kms.katalon.core.keyword.internal.KeywordMain.stepFailed(KeywordMain.groovy:39)&#xD;
	at com.kms.katalon.core.keyword.internal.KeywordMain.stepFailed(KeywordMain.groovy)&#xD;
	at com.kms.katalon.core.keyword.internal.KeywordMain.runKeyword(KeywordMain.groovy:70)&#xD;
	at com.kms.katalon.core.keyword.builtin.VerifyEqualKeyword.verifyEqual(VerifyEqualKeyword.groovy:63)&#xD;
	at com.kms.katalon.core.keyword.builtin.VerifyEqualKeyword.execute(VerifyEqualKeyword.groovy:44)&#xD;
	at com.kms.katalon.core.keyword.internal.KeywordExecutor.executeKeywordForPlatform(KeywordExecutor.groovy:56)&#xD;
	at com.kms.katalon.core.keyword.BuiltinKeywords.verifyEqual(BuiltinKeywords.groovy:126)&#xD;
	at PRUmed Benefit Limitation.run(PRUmed Benefit Limitation:29)&#xD;
	at com.kms.katalon.core.main.ScriptEngine.run(ScriptEngine.java:194)&#xD;
	at com.kms.katalon.core.main.ScriptEngine.runScriptAsRawText(ScriptEngine.java:119)&#xD;
	at com.kms.katalon.core.main.TestCaseExecutor.runScript(TestCaseExecutor.java:337)&#xD;
	at com.kms.katalon.core.main.TestCaseExecutor.doExecute(TestCaseExecutor.java:328)&#xD;
	at com.kms.katalon.core.main.TestCaseExecutor.processExecutionPhase(TestCaseExecutor.java:307)&#xD;
	at com.kms.katalon.core.main.TestCaseExecutor.accessMainPhase(TestCaseExecutor.java:299)&#xD;
	at com.kms.katalon.core.main.TestCaseExecutor.execute(TestCaseExecutor.java:233)&#xD;
	at com.kms.katalon.core.main.TestSuiteExecutor.accessTestCaseMainPhase(TestSuiteExecutor.java:133)&#xD;
	at com.kms.katalon.core.main.TestSuiteExecutor.accessTestSuiteMainPhase(TestSuiteExecutor.java:116)&#xD;
	at com.kms.katalon.core.main.TestSuiteExecutor.execute(TestSuiteExecutor.java:83)&#xD;
	at com.kms.katalon.core.main.TestCaseMain.startTestSuite(TestCaseMain.java:157)&#xD;
	at com.kms.katalon.core.main.TestCaseMain$startTestSuite$0.call(Unknown Source)&#xD;
	at TempTestSuite1568881703577.run(TempTestSuite1568881703577.groovy:35)&#xD;
Caused by: com.kms.katalon.core.exception.StepFailedException: Actual object 'false' and expected object 'true' are not equal&#xD;
	at com.kms.katalon.core.keyword.builtin.VerifyEqualKeyword$_verifyEqual_closure1.doCall(VerifyEqualKeyword.groovy:58)&#xD;
	at com.kms.katalon.core.keyword.builtin.VerifyEqualKeyword$_verifyEqual_closure1.call(VerifyEqualKeyword.groovy)&#xD;
	at com.kms.katalon.core.keyword.internal.KeywordMain.runKeyword(KeywordMain.groovy:68)&#xD;
	... 18 more</system-err>
        </testcase>
        <testcase name="Test Cases/AlterationScoringNBMajor/PRUmed Benefit Limitation/PRUmed Benefit Limitation" classname="Test Cases/AlterationScoringNBMajor/PRUmed Benefit Limitation/PRUmed Benefit Limitation" status="FAILED">
            <failure type="FAILED" message="Test Cases/AlterationScoringNBMajor/PRUmed Benefit Limitation/PRUmed Benefit Limitation FAILED.&#xA;Reason:&#xA;com.kms.katalon.core.exception.StepFailedException: Unable to verify equal between actual object 'false' and expected object 'true' (Root cause: com.kms.katalon.core.exception.StepFailedException: Actual object 'false' and expected object 'true' are not equal&#xD;&#xA;&#x9;at com.kms.katalon.core.keyword.builtin.VerifyEqualKeyword$_verifyEqual_closure1.doCall(VerifyEqualKeyword.groovy:58)&#xD;&#xA;&#x9;at com.kms.katalon.core.keyword.builtin.VerifyEqualKeyword$_verifyEqual_closure1.call(VerifyEqualKeyword.groovy)&#xD;&#xA;&#x9;at com.kms.katalon.core.keyword.internal.KeywordMain.runKeyword(KeywordMain.groovy:68)&#xD;&#xA;&#x9;at com.kms.katalon.core.keyword.builtin.VerifyEqualKeyword.verifyEqual(VerifyEqualKeyword.groovy:63)&#xD;&#xA;&#x9;at com.kms.katalon.core.keyword.builtin.VerifyEqualKeyword.execute(VerifyEqualKeyword.groovy:44)&#xD;&#xA;&#x9;at com.kms.katalon.core.keyword.internal.KeywordExecutor.executeKeywordForPlatform(KeywordExecutor.groovy:56)&#xD;&#xA;&#x9;at com.kms.katalon.core.keyword.BuiltinKeywords.verifyEqual(BuiltinKeywords.groovy:126)&#xD;&#xA;&#x9;at PRUmed Benefit Limitation.run(PRUmed Benefit Limitation:29)&#xD;&#xA;&#x9;at com.kms.katalon.core.main.ScriptEngine.run(ScriptEngine.java:194)&#xD;&#xA;&#x9;at com.kms.katalon.core.main.ScriptEngine.runScriptAsRawText(ScriptEngine.java:119)&#xD;&#xA;&#x9;at com.kms.katalon.core.main.TestCaseExecutor.runScript(TestCaseExecutor.java:337)&#xD;&#xA;&#x9;at com.kms.katalon.core.main.TestCaseExecutor.doExecute(TestCaseExecutor.java:328)&#xD;&#xA;&#x9;at com.kms.katalon.core.main.TestCaseExecutor.processExecutionPhase(TestCaseExecutor.java:307)&#xD;&#xA;&#x9;at com.kms.katalon.core.main.TestCaseExecutor.accessMainPhase(TestCaseExecutor.java:299)&#xD;&#xA;&#x9;at com.kms.katalon.core.main.TestCaseExecutor.execute(TestCaseExecutor.java:233)&#xD;&#xA;&#x9;at com.kms.katalon.core.main.TestSuiteExecutor.accessTestCaseMainPhase(TestSuiteExecutor.java:133)&#xD;&#xA;&#x9;at com.kms.katalon.core.main.TestSuiteExecutor.accessTestSuiteMainPhase(TestSuiteExecutor.java:116)&#xD;&#xA;&#x9;at com.kms.katalon.core.main.TestSuiteExecutor.execute(TestSuiteExecutor.java:83)&#xD;&#xA;&#x9;at com.kms.katalon.core.main.TestCaseMain.startTestSuite(TestCaseMain.java:157)&#xD;&#xA;&#x9;at com.kms.katalon.core.main.TestCaseMain$startTestSuite$0.call(Unknown Source)&#xD;&#xA;&#x9;at TempTestSuite1568881703577.run(TempTestSuite1568881703577.groovy:35)&#xD;&#xA;)&#xD;&#xA;&#x9;at com.kms.katalon.core.keyword.internal.KeywordMain.stepFailed(KeywordMain.groovy:39)&#xD;&#xA;&#x9;at com.kms.katalon.core.keyword.internal.KeywordMain.stepFailed(KeywordMain.groovy)&#xD;&#xA;&#x9;at com.kms.katalon.core.keyword.internal.KeywordMain.runKeyword(KeywordMain.groovy:70)&#xD;&#xA;&#x9;at com.kms.katalon.core.keyword.builtin.VerifyEqualKeyword.verifyEqual(VerifyEqualKeyword.groovy:63)&#xD;&#xA;&#x9;at com.kms.katalon.core.keyword.builtin.VerifyEqualKeyword.execute(VerifyEqualKeyword.groovy:44)&#xD;&#xA;&#x9;at com.kms.katalon.core.keyword.internal.KeywordExecutor.executeKeywordForPlatform(KeywordExecutor.groovy:56)&#xD;&#xA;&#x9;at com.kms.katalon.core.keyword.BuiltinKeywords.verifyEqual(BuiltinKeywords.groovy:126)&#xD;&#xA;&#x9;at PRUmed Benefit Limitation.run(PRUmed Benefit Limitation:29)&#xD;&#xA;&#x9;at com.kms.katalon.core.main.ScriptEngine.run(ScriptEngine.java:194)&#xD;&#xA;&#x9;at com.kms.katalon.core.main.ScriptEngine.runScriptAsRawText(ScriptEngine.java:119)&#xD;&#xA;&#x9;at com.kms.katalon.core.main.TestCaseExecutor.runScript(TestCaseExecutor.java:337)&#xD;&#xA;&#x9;at com.kms.katalon.core.main.TestCaseExecutor.doExecute(TestCaseExecutor.java:328)&#xD;&#xA;&#x9;at com.kms.katalon.core.main.TestCaseExecutor.processExecutionPhase(TestCaseExecutor.java:307)&#xD;&#xA;&#x9;at com.kms.katalon.core.main.TestCaseExecutor.accessMainPhase(TestCaseExecutor.java:299)&#xD;&#xA;&#x9;at com.kms.katalon.core.main.TestCaseExecutor.execute(TestCaseExecutor.java:233)&#xD;&#xA;&#x9;at com.kms.katalon.core.main.TestSuiteExecutor.accessTestCaseMainPhase(TestSuiteExecutor.java:133)&#xD;&#xA;&#x9;at com.kms.katalon.core.main.TestSuiteExecutor.accessTestSuiteMainPhase(TestSuiteExecutor.java:116)&#xD;&#xA;&#x9;at com.kms.katalon.core.main.TestSuiteExecutor.execute(TestSuiteExecutor.java:83)&#xD;&#xA;&#x9;at com.kms.katalon.core.main.TestCaseMain.startTestSuite(TestCaseMain.java:157)&#xD;&#xA;&#x9;at com.kms.katalon.core.main.TestCaseMain$startTestSuite$0.call(Unknown Source)&#xD;&#xA;&#x9;at TempTestSuite1568881703577.run(TempTestSuite1568881703577.groovy:35)&#xD;&#xA;Caused by: com.kms.katalon.core.exception.StepFailedException: Actual object 'false' and expected object 'true' are not equal&#xD;&#xA;&#x9;at com.kms.katalon.core.keyword.builtin.VerifyEqualKeyword$_verifyEqual_closure1.doCall(VerifyEqualKeyword.groovy:58)&#xD;&#xA;&#x9;at com.kms.katalon.core.keyword.builtin.VerifyEqualKeyword$_verifyEqual_closure1.call(VerifyEqualKeyword.groovy)&#xD;&#xA;&#x9;at com.kms.katalon.core.keyword.internal.KeywordMain.runKeyword(KeywordMain.groovy:68)&#xD;&#xA;&#x9;... 18 more&#xD;&#xA;"/>
            <system-out>2019-09-19 15:29:39 - [TEST_CASE][FAILED] - Test Cases/AlterationScoringNBMajor/PRUmed Benefit Limitation/PRUmed Benefit Limitation: Test Cases/AlterationScoringNBMajor/PRUmed Benefit Limitation/PRUmed Benefit Limitation FAILED.
Reason:
com.kms.katalon.core.exception.StepFailedException: Unable to verify equal between actual object 'false' and expected object 'true' (Root cause: com.kms.katalon.core.exception.StepFailedException: Actual object 'false' and expected object 'true' are not equal&#xD;
	at com.kms.katalon.core.keyword.builtin.VerifyEqualKeyword$_verifyEqual_closure1.doCall(VerifyEqualKeyword.groovy:58)&#xD;
	at com.kms.katalon.core.keyword.builtin.VerifyEqualKeyword$_verifyEqual_closure1.call(VerifyEqualKeyword.groovy)&#xD;
	at com.kms.katalon.core.keyword.internal.KeywordMain.runKeyword(KeywordMain.groovy:68)&#xD;
	at com.kms.katalon.core.keyword.builtin.VerifyEqualKeyword.verifyEqual(VerifyEqualKeyword.groovy:63)&#xD;
	at com.kms.katalon.core.keyword.builtin.VerifyEqualKeyword.execute(VerifyEqualKeyword.groovy:44)&#xD;
	at com.kms.katalon.core.keyword.internal.KeywordExecutor.executeKeywordForPlatform(KeywordExecutor.groovy:56)&#xD;
	at com.kms.katalon.core.keyword.BuiltinKeywords.verifyEqual(BuiltinKeywords.groovy:126)&#xD;
	at PRUmed Benefit Limitation.run(PRUmed Benefit Limitation:29)&#xD;
	at com.kms.katalon.core.main.ScriptEngine.run(ScriptEngine.java:194)&#xD;
	at com.kms.katalon.core.main.ScriptEngine.runScriptAsRawText(ScriptEngine.java:119)&#xD;
	at com.kms.katalon.core.main.TestCaseExecutor.runScript(TestCaseExecutor.java:337)&#xD;
	at com.kms.katalon.core.main.TestCaseExecutor.doExecute(TestCaseExecutor.java:328)&#xD;
	at com.kms.katalon.core.main.TestCaseExecutor.processExecutionPhase(TestCaseExecutor.java:307)&#xD;
	at com.kms.katalon.core.main.TestCaseExecutor.accessMainPhase(TestCaseExecutor.java:299)&#xD;
	at com.kms.katalon.core.main.TestCaseExecutor.execute(TestCaseExecutor.java:233)&#xD;
	at com.kms.katalon.core.main.TestSuiteExecutor.accessTestCaseMainPhase(TestSuiteExecutor.java:133)&#xD;
	at com.kms.katalon.core.main.TestSuiteExecutor.accessTestSuiteMainPhase(TestSuiteExecutor.java:116)&#xD;
	at com.kms.katalon.core.main.TestSuiteExecutor.execute(TestSuiteExecutor.java:83)&#xD;
	at com.kms.katalon.core.main.TestCaseMain.startTestSuite(TestCaseMain.java:157)&#xD;
	at com.kms.katalon.core.main.TestCaseMain$startTestSuite$0.call(Unknown Source)&#xD;
	at TempTestSuite1568881703577.run(TempTestSuite1568881703577.groovy:35)&#xD;
)&#xD;
	at com.kms.katalon.core.keyword.internal.KeywordMain.stepFailed(KeywordMain.groovy:39)&#xD;
	at com.kms.katalon.core.keyword.internal.KeywordMain.stepFailed(KeywordMain.groovy)&#xD;
	at com.kms.katalon.core.keyword.internal.KeywordMain.runKeyword(KeywordMain.groovy:70)&#xD;
	at com.kms.katalon.core.keyword.builtin.VerifyEqualKeyword.verifyEqual(VerifyEqualKeyword.groovy:63)&#xD;
	at com.kms.katalon.core.keyword.builtin.VerifyEqualKeyword.execute(VerifyEqualKeyword.groovy:44)&#xD;
	at com.kms.katalon.core.keyword.internal.KeywordExecutor.executeKeywordForPlatform(KeywordExecutor.groovy:56)&#xD;
	at com.kms.katalon.core.keyword.BuiltinKeywords.verifyEqual(BuiltinKeywords.groovy:126)&#xD;
	at PRUmed Benefit Limitation.run(PRUmed Benefit Limitation:29)&#xD;
	at com.kms.katalon.core.main.ScriptEngine.run(ScriptEngine.java:194)&#xD;
	at com.kms.katalon.core.main.ScriptEngine.runScriptAsRawText(ScriptEngine.java:119)&#xD;
	at com.kms.katalon.core.main.TestCaseExecutor.runScript(TestCaseExecutor.java:337)&#xD;
	at com.kms.katalon.core.main.TestCaseExecutor.doExecute(TestCaseExecutor.java:328)&#xD;
	at com.kms.katalon.core.main.TestCaseExecutor.processExecutionPhase(TestCaseExecutor.java:307)&#xD;
	at com.kms.katalon.core.main.TestCaseExecutor.accessMainPhase(TestCaseExecutor.java:299)&#xD;
	at com.kms.katalon.core.main.TestCaseExecutor.execute(TestCaseExecutor.java:233)&#xD;
	at com.kms.katalon.core.main.TestSuiteExecutor.accessTestCaseMainPhase(TestSuiteExecutor.java:133)&#xD;
	at com.kms.katalon.core.main.TestSuiteExecutor.accessTestSuiteMainPhase(TestSuiteExecutor.java:116)&#xD;
	at com.kms.katalon.core.main.TestSuiteExecutor.execute(TestSuiteExecutor.java:83)&#xD;
	at com.kms.katalon.core.main.TestCaseMain.startTestSuite(TestCaseMain.java:157)&#xD;
	at com.kms.katalon.core.main.TestCaseMain$startTestSuite$0.call(Unknown Source)&#xD;
	at TempTestSuite1568881703577.run(TempTestSuite1568881703577.groovy:35)&#xD;
Caused by: com.kms.katalon.core.exception.StepFailedException: Actual object 'false' and expected object 'true' are not equal&#xD;
	at com.kms.katalon.core.keyword.builtin.VerifyEqualKeyword$_verifyEqual_closure1.doCall(VerifyEqualKeyword.groovy:58)&#xD;
	at com.kms.katalon.core.keyword.builtin.VerifyEqualKeyword$_verifyEqual_closure1.call(VerifyEqualKeyword.groovy)&#xD;
	at com.kms.katalon.core.keyword.internal.KeywordMain.runKeyword(KeywordMain.groovy:68)&#xD;
	... 18 more&#xD;
&#xD;
&#xD;
2019-09-19 15:29:39 - [TEST_STEP][PASSED] - response = sendRequest(findTestObject("AlterationScroingNBMajor/PRUmed Benefit Limitation/Version 1.0_Check_1.391/Request Object", ["transactionType":transactionType, "clientType":clientType, "role":role, "subAlter":subAlter, "eviCode":eviCode, "riderCode":riderCode, ... ])): Send request successfully&#xD;
&#xD;
2019-09-19 15:29:39 - [MESSAGE][INFO] - HAR: C:\SURYAPURBA\PHS\PHS-BRMS\Reports\AlterationScoringNBMajor\PRUmed Benefit Limitation\20190919_152823\requests\main\67.har&#xD;
&#xD;
2019-09-19 15:29:39 - [MESSAGE][PASSED] - Send request successfully&#xD;
&#xD;
2019-09-19 15:29:39 - [TEST_STEP][PASSED] - slurper = new groovy.json.JsonSlurper(): null&#xD;
&#xD;
2019-09-19 15:29:39 - [TEST_STEP][PASSED] - parsingResponse = slurper.parseText(response.getResponseText()): null&#xD;
&#xD;
2019-09-19 15:29:40 - [TEST_STEP][PASSED] - println(parsingResponse): null&#xD;
&#xD;
2019-09-19 15:29:40 - [TEST_STEP][PASSED] - evidenceCode = evidenceCode: null&#xD;
&#xD;
2019-09-19 15:29:40 - [TEST_STEP][PASSED] - println(evidenceCode): null&#xD;
&#xD;
2019-09-19 15:29:40 - [TEST_STEP][PASSED] - println(expectedEvidenceCode): null&#xD;
&#xD;
2019-09-19 15:29:40 - [TEST_STEP][FAILED] - if (expectedEvidenceCode != "STD"): null&#xD;
&#xD;
2019-09-19 15:29:40 - [TEST_STEP][PASSED] - actual = description == expectedDescription: null&#xD;
&#xD;
2019-09-19 15:29:40 - [TEST_STEP][FAILED] - verifyEqual(actual, true, CONTINUE_ON_FAILURE): Unable to verify equal between actual object 'false' and expected object 'true' (Root cause: com.kms.katalon.core.exception.StepFailedException: Actual object 'false' and expected object 'true' are not equal&#xD;
	at com.kms.katalon.core.keyword.builtin.VerifyEqualKeyword$_verifyEqual_closure1.doCall(VerifyEqualKeyword.groovy:58)&#xD;
	at com.kms.katalon.core.keyword.builtin.VerifyEqualKeyword$_verifyEqual_closure1.call(VerifyEqualKeyword.groovy)&#xD;
	at com.kms.katalon.core.keyword.internal.KeywordMain.runKeyword(KeywordMain.groovy:68)&#xD;
	at com.kms.katalon.core.keyword.builtin.VerifyEqualKeyword.verifyEqual(VerifyEqualKeyword.groovy:63)&#xD;
	at com.kms.katalon.core.keyword.builtin.VerifyEqualKeyword.execute(VerifyEqualKeyword.groovy:44)&#xD;
	at com.kms.katalon.core.keyword.internal.KeywordExecutor.executeKeywordForPlatform(KeywordExecutor.groovy:56)&#xD;
	at com.kms.katalon.core.keyword.BuiltinKeywords.verifyEqual(BuiltinKeywords.groovy:126)&#xD;
	at PRUmed Benefit Limitation.run(PRUmed Benefit Limitation:29)&#xD;
	at com.kms.katalon.core.main.ScriptEngine.run(ScriptEngine.java:194)&#xD;
	at com.kms.katalon.core.main.ScriptEngine.runScriptAsRawText(ScriptEngine.java:119)&#xD;
	at com.kms.katalon.core.main.TestCaseExecutor.runScript(TestCaseExecutor.java:337)&#xD;
	at com.kms.katalon.core.main.TestCaseExecutor.doExecute(TestCaseExecutor.java:328)&#xD;
	at com.kms.katalon.core.main.TestCaseExecutor.processExecutionPhase(TestCaseExecutor.java:307)&#xD;
	at com.kms.katalon.core.main.TestCaseExecutor.accessMainPhase(TestCaseExecutor.java:299)&#xD;
	at com.kms.katalon.core.main.TestCaseExecutor.execute(TestCaseExecutor.java:233)&#xD;
	at com.kms.katalon.core.main.TestSuiteExecutor.accessTestCaseMainPhase(TestSuiteExecutor.java:133)&#xD;
	at com.kms.katalon.core.main.TestSuiteExecutor.accessTestSuiteMainPhase(TestSuiteExecutor.java:116)&#xD;
	at com.kms.katalon.core.main.TestSuiteExecutor.execute(TestSuiteExecutor.java:83)&#xD;
	at com.kms.katalon.core.main.TestCaseMain.startTestSuite(TestCaseMain.java:157)&#xD;
	at com.kms.katalon.core.main.TestCaseMain$startTestSuite$0.call(Unknown Source)&#xD;
	at TempTestSuite1568881703577.run(TempTestSuite1568881703577.groovy:35)&#xD;
)&#xD;
&#xD;
2019-09-19 15:29:40 - [MESSAGE][FAILED] - Unable to verify equal between actual object 'false' and expected object 'true' (Root cause: com.kms.katalon.core.exception.StepFailedException: Actual object 'false' and expected object 'true' are not equal&#xD;
	at com.kms.katalon.core.keyword.builtin.VerifyEqualKeyword$_verifyEqual_closure1.doCall(VerifyEqualKeyword.groovy:58)&#xD;
	at com.kms.katalon.core.keyword.builtin.VerifyEqualKeyword$_verifyEqual_closure1.call(VerifyEqualKeyword.groovy)&#xD;
	at com.kms.katalon.core.keyword.internal.KeywordMain.runKeyword(KeywordMain.groovy:68)&#xD;
	at com.kms.katalon.core.keyword.builtin.VerifyEqualKeyword.verifyEqual(VerifyEqualKeyword.groovy:63)&#xD;
	at com.kms.katalon.core.keyword.builtin.VerifyEqualKeyword.execute(VerifyEqualKeyword.groovy:44)&#xD;
	at com.kms.katalon.core.keyword.internal.KeywordExecutor.executeKeywordForPlatform(KeywordExecutor.groovy:56)&#xD;
	at com.kms.katalon.core.keyword.BuiltinKeywords.verifyEqual(BuiltinKeywords.groovy:126)&#xD;
	at PRUmed Benefit Limitation.run(PRUmed Benefit Limitation:29)&#xD;
	at com.kms.katalon.core.main.ScriptEngine.run(ScriptEngine.java:194)&#xD;
	at com.kms.katalon.core.main.ScriptEngine.runScriptAsRawText(ScriptEngine.java:119)&#xD;
	at com.kms.katalon.core.main.TestCaseExecutor.runScript(TestCaseExecutor.java:337)&#xD;
	at com.kms.katalon.core.main.TestCaseExecutor.doExecute(TestCaseExecutor.java:328)&#xD;
	at com.kms.katalon.core.main.TestCaseExecutor.processExecutionPhase(TestCaseExecutor.java:307)&#xD;
	at com.kms.katalon.core.main.TestCaseExecutor.accessMainPhase(TestCaseExecutor.java:299)&#xD;
	at com.kms.katalon.core.main.TestCaseExecutor.execute(TestCaseExecutor.java:233)&#xD;
	at com.kms.katalon.core.main.TestSuiteExecutor.accessTestCaseMainPhase(TestSuiteExecutor.java:133)&#xD;
	at com.kms.katalon.core.main.TestSuiteExecutor.accessTestSuiteMainPhase(TestSuiteExecutor.java:116)&#xD;
	at com.kms.katalon.core.main.TestSuiteExecutor.execute(TestSuiteExecutor.java:83)&#xD;
	at com.kms.katalon.core.main.TestCaseMain.startTestSuite(TestCaseMain.java:157)&#xD;
	at com.kms.katalon.core.main.TestCaseMain$startTestSuite$0.call(Unknown Source)&#xD;
	at TempTestSuite1568881703577.run(TempTestSuite1568881703577.groovy:35)&#xD;
)&#xD;
&#xD;
2019-09-19 15:29:40 - [TEST_STEP][PASSED] - if (actual == false): null&#xD;
&#xD;
2019-09-19 15:29:40 - [TEST_STEP][PASSED] - println("Evidence code tidak sesuai dengan expected evidence code"): null&#xD;
&#xD;
2019-09-19 15:29:40 - [TEST_STEP][PASSED] - verifyResponseStatusCode(response, 200): Verify response status code successfully&#xD;
&#xD;
2019-09-19 15:29:40 - [MESSAGE][PASSED] - Verify response status code successfully</system-out>
            <system-err>2019-09-19 15:29:39 - [TEST_CASE][FAILED] - Test Cases/AlterationScoringNBMajor/PRUmed Benefit Limitation/PRUmed Benefit Limitation: Test Cases/AlterationScoringNBMajor/PRUmed Benefit Limitation/PRUmed Benefit Limitation FAILED.
Reason:
com.kms.katalon.core.exception.StepFailedException: Unable to verify equal between actual object 'false' and expected object 'true' (Root cause: com.kms.katalon.core.exception.StepFailedException: Actual object 'false' and expected object 'true' are not equal&#xD;
	at com.kms.katalon.core.keyword.builtin.VerifyEqualKeyword$_verifyEqual_closure1.doCall(VerifyEqualKeyword.groovy:58)&#xD;
	at com.kms.katalon.core.keyword.builtin.VerifyEqualKeyword$_verifyEqual_closure1.call(VerifyEqualKeyword.groovy)&#xD;
	at com.kms.katalon.core.keyword.internal.KeywordMain.runKeyword(KeywordMain.groovy:68)&#xD;
	at com.kms.katalon.core.keyword.builtin.VerifyEqualKeyword.verifyEqual(VerifyEqualKeyword.groovy:63)&#xD;
	at com.kms.katalon.core.keyword.builtin.VerifyEqualKeyword.execute(VerifyEqualKeyword.groovy:44)&#xD;
	at com.kms.katalon.core.keyword.internal.KeywordExecutor.executeKeywordForPlatform(KeywordExecutor.groovy:56)&#xD;
	at com.kms.katalon.core.keyword.BuiltinKeywords.verifyEqual(BuiltinKeywords.groovy:126)&#xD;
	at PRUmed Benefit Limitation.run(PRUmed Benefit Limitation:29)&#xD;
	at com.kms.katalon.core.main.ScriptEngine.run(ScriptEngine.java:194)&#xD;
	at com.kms.katalon.core.main.ScriptEngine.runScriptAsRawText(ScriptEngine.java:119)&#xD;
	at com.kms.katalon.core.main.TestCaseExecutor.runScript(TestCaseExecutor.java:337)&#xD;
	at com.kms.katalon.core.main.TestCaseExecutor.doExecute(TestCaseExecutor.java:328)&#xD;
	at com.kms.katalon.core.main.TestCaseExecutor.processExecutionPhase(TestCaseExecutor.java:307)&#xD;
	at com.kms.katalon.core.main.TestCaseExecutor.accessMainPhase(TestCaseExecutor.java:299)&#xD;
	at com.kms.katalon.core.main.TestCaseExecutor.execute(TestCaseExecutor.java:233)&#xD;
	at com.kms.katalon.core.main.TestSuiteExecutor.accessTestCaseMainPhase(TestSuiteExecutor.java:133)&#xD;
	at com.kms.katalon.core.main.TestSuiteExecutor.accessTestSuiteMainPhase(TestSuiteExecutor.java:116)&#xD;
	at com.kms.katalon.core.main.TestSuiteExecutor.execute(TestSuiteExecutor.java:83)&#xD;
	at com.kms.katalon.core.main.TestCaseMain.startTestSuite(TestCaseMain.java:157)&#xD;
	at com.kms.katalon.core.main.TestCaseMain$startTestSuite$0.call(Unknown Source)&#xD;
	at TempTestSuite1568881703577.run(TempTestSuite1568881703577.groovy:35)&#xD;
)&#xD;
	at com.kms.katalon.core.keyword.internal.KeywordMain.stepFailed(KeywordMain.groovy:39)&#xD;
	at com.kms.katalon.core.keyword.internal.KeywordMain.stepFailed(KeywordMain.groovy)&#xD;
	at com.kms.katalon.core.keyword.internal.KeywordMain.runKeyword(KeywordMain.groovy:70)&#xD;
	at com.kms.katalon.core.keyword.builtin.VerifyEqualKeyword.verifyEqual(VerifyEqualKeyword.groovy:63)&#xD;
	at com.kms.katalon.core.keyword.builtin.VerifyEqualKeyword.execute(VerifyEqualKeyword.groovy:44)&#xD;
	at com.kms.katalon.core.keyword.internal.KeywordExecutor.executeKeywordForPlatform(KeywordExecutor.groovy:56)&#xD;
	at com.kms.katalon.core.keyword.BuiltinKeywords.verifyEqual(BuiltinKeywords.groovy:126)&#xD;
	at PRUmed Benefit Limitation.run(PRUmed Benefit Limitation:29)&#xD;
	at com.kms.katalon.core.main.ScriptEngine.run(ScriptEngine.java:194)&#xD;
	at com.kms.katalon.core.main.ScriptEngine.runScriptAsRawText(ScriptEngine.java:119)&#xD;
	at com.kms.katalon.core.main.TestCaseExecutor.runScript(TestCaseExecutor.java:337)&#xD;
	at com.kms.katalon.core.main.TestCaseExecutor.doExecute(TestCaseExecutor.java:328)&#xD;
	at com.kms.katalon.core.main.TestCaseExecutor.processExecutionPhase(TestCaseExecutor.java:307)&#xD;
	at com.kms.katalon.core.main.TestCaseExecutor.accessMainPhase(TestCaseExecutor.java:299)&#xD;
	at com.kms.katalon.core.main.TestCaseExecutor.execute(TestCaseExecutor.java:233)&#xD;
	at com.kms.katalon.core.main.TestSuiteExecutor.accessTestCaseMainPhase(TestSuiteExecutor.java:133)&#xD;
	at com.kms.katalon.core.main.TestSuiteExecutor.accessTestSuiteMainPhase(TestSuiteExecutor.java:116)&#xD;
	at com.kms.katalon.core.main.TestSuiteExecutor.execute(TestSuiteExecutor.java:83)&#xD;
	at com.kms.katalon.core.main.TestCaseMain.startTestSuite(TestCaseMain.java:157)&#xD;
	at com.kms.katalon.core.main.TestCaseMain$startTestSuite$0.call(Unknown Source)&#xD;
	at TempTestSuite1568881703577.run(TempTestSuite1568881703577.groovy:35)&#xD;
Caused by: com.kms.katalon.core.exception.StepFailedException: Actual object 'false' and expected object 'true' are not equal&#xD;
	at com.kms.katalon.core.keyword.builtin.VerifyEqualKeyword$_verifyEqual_closure1.doCall(VerifyEqualKeyword.groovy:58)&#xD;
	at com.kms.katalon.core.keyword.builtin.VerifyEqualKeyword$_verifyEqual_closure1.call(VerifyEqualKeyword.groovy)&#xD;
	at com.kms.katalon.core.keyword.internal.KeywordMain.runKeyword(KeywordMain.groovy:68)&#xD;
	... 18 more</system-err>
        </testcase>
        <testcase name="Test Cases/AlterationScoringNBMajor/PRUmed Benefit Limitation/PRUmed Benefit Limitation" classname="Test Cases/AlterationScoringNBMajor/PRUmed Benefit Limitation/PRUmed Benefit Limitation" status="FAILED">
            <failure type="FAILED" message="Test Cases/AlterationScoringNBMajor/PRUmed Benefit Limitation/PRUmed Benefit Limitation FAILED.&#xA;Reason:&#xA;com.kms.katalon.core.exception.StepFailedException: Unable to verify equal between actual object 'false' and expected object 'true' (Root cause: com.kms.katalon.core.exception.StepFailedException: Actual object 'false' and expected object 'true' are not equal&#xD;&#xA;&#x9;at com.kms.katalon.core.keyword.builtin.VerifyEqualKeyword$_verifyEqual_closure1.doCall(VerifyEqualKeyword.groovy:58)&#xD;&#xA;&#x9;at com.kms.katalon.core.keyword.builtin.VerifyEqualKeyword$_verifyEqual_closure1.call(VerifyEqualKeyword.groovy)&#xD;&#xA;&#x9;at com.kms.katalon.core.keyword.internal.KeywordMain.runKeyword(KeywordMain.groovy:68)&#xD;&#xA;&#x9;at com.kms.katalon.core.keyword.builtin.VerifyEqualKeyword.verifyEqual(VerifyEqualKeyword.groovy:63)&#xD;&#xA;&#x9;at com.kms.katalon.core.keyword.builtin.VerifyEqualKeyword.execute(VerifyEqualKeyword.groovy:44)&#xD;&#xA;&#x9;at com.kms.katalon.core.keyword.internal.KeywordExecutor.executeKeywordForPlatform(KeywordExecutor.groovy:56)&#xD;&#xA;&#x9;at com.kms.katalon.core.keyword.BuiltinKeywords.verifyEqual(BuiltinKeywords.groovy:126)&#xD;&#xA;&#x9;at PRUmed Benefit Limitation.run(PRUmed Benefit Limitation:29)&#xD;&#xA;&#x9;at com.kms.katalon.core.main.ScriptEngine.run(ScriptEngine.java:194)&#xD;&#xA;&#x9;at com.kms.katalon.core.main.ScriptEngine.runScriptAsRawText(ScriptEngine.java:119)&#xD;&#xA;&#x9;at com.kms.katalon.core.main.TestCaseExecutor.runScript(TestCaseExecutor.java:337)&#xD;&#xA;&#x9;at com.kms.katalon.core.main.TestCaseExecutor.doExecute(TestCaseExecutor.java:328)&#xD;&#xA;&#x9;at com.kms.katalon.core.main.TestCaseExecutor.processExecutionPhase(TestCaseExecutor.java:307)&#xD;&#xA;&#x9;at com.kms.katalon.core.main.TestCaseExecutor.accessMainPhase(TestCaseExecutor.java:299)&#xD;&#xA;&#x9;at com.kms.katalon.core.main.TestCaseExecutor.execute(TestCaseExecutor.java:233)&#xD;&#xA;&#x9;at com.kms.katalon.core.main.TestSuiteExecutor.accessTestCaseMainPhase(TestSuiteExecutor.java:133)&#xD;&#xA;&#x9;at com.kms.katalon.core.main.TestSuiteExecutor.accessTestSuiteMainPhase(TestSuiteExecutor.java:116)&#xD;&#xA;&#x9;at com.kms.katalon.core.main.TestSuiteExecutor.execute(TestSuiteExecutor.java:83)&#xD;&#xA;&#x9;at com.kms.katalon.core.main.TestCaseMain.startTestSuite(TestCaseMain.java:157)&#xD;&#xA;&#x9;at com.kms.katalon.core.main.TestCaseMain$startTestSuite$0.call(Unknown Source)&#xD;&#xA;&#x9;at TempTestSuite1568881703577.run(TempTestSuite1568881703577.groovy:35)&#xD;&#xA;)&#xD;&#xA;&#x9;at com.kms.katalon.core.keyword.internal.KeywordMain.stepFailed(KeywordMain.groovy:39)&#xD;&#xA;&#x9;at com.kms.katalon.core.keyword.internal.KeywordMain.stepFailed(KeywordMain.groovy)&#xD;&#xA;&#x9;at com.kms.katalon.core.keyword.internal.KeywordMain.runKeyword(KeywordMain.groovy:70)&#xD;&#xA;&#x9;at com.kms.katalon.core.keyword.builtin.VerifyEqualKeyword.verifyEqual(VerifyEqualKeyword.groovy:63)&#xD;&#xA;&#x9;at com.kms.katalon.core.keyword.builtin.VerifyEqualKeyword.execute(VerifyEqualKeyword.groovy:44)&#xD;&#xA;&#x9;at com.kms.katalon.core.keyword.internal.KeywordExecutor.executeKeywordForPlatform(KeywordExecutor.groovy:56)&#xD;&#xA;&#x9;at com.kms.katalon.core.keyword.BuiltinKeywords.verifyEqual(BuiltinKeywords.groovy:126)&#xD;&#xA;&#x9;at PRUmed Benefit Limitation.run(PRUmed Benefit Limitation:29)&#xD;&#xA;&#x9;at com.kms.katalon.core.main.ScriptEngine.run(ScriptEngine.java:194)&#xD;&#xA;&#x9;at com.kms.katalon.core.main.ScriptEngine.runScriptAsRawText(ScriptEngine.java:119)&#xD;&#xA;&#x9;at com.kms.katalon.core.main.TestCaseExecutor.runScript(TestCaseExecutor.java:337)&#xD;&#xA;&#x9;at com.kms.katalon.core.main.TestCaseExecutor.doExecute(TestCaseExecutor.java:328)&#xD;&#xA;&#x9;at com.kms.katalon.core.main.TestCaseExecutor.processExecutionPhase(TestCaseExecutor.java:307)&#xD;&#xA;&#x9;at com.kms.katalon.core.main.TestCaseExecutor.accessMainPhase(TestCaseExecutor.java:299)&#xD;&#xA;&#x9;at com.kms.katalon.core.main.TestCaseExecutor.execute(TestCaseExecutor.java:233)&#xD;&#xA;&#x9;at com.kms.katalon.core.main.TestSuiteExecutor.accessTestCaseMainPhase(TestSuiteExecutor.java:133)&#xD;&#xA;&#x9;at com.kms.katalon.core.main.TestSuiteExecutor.accessTestSuiteMainPhase(TestSuiteExecutor.java:116)&#xD;&#xA;&#x9;at com.kms.katalon.core.main.TestSuiteExecutor.execute(TestSuiteExecutor.java:83)&#xD;&#xA;&#x9;at com.kms.katalon.core.main.TestCaseMain.startTestSuite(TestCaseMain.java:157)&#xD;&#xA;&#x9;at com.kms.katalon.core.main.TestCaseMain$startTestSuite$0.call(Unknown Source)&#xD;&#xA;&#x9;at TempTestSuite1568881703577.run(TempTestSuite1568881703577.groovy:35)&#xD;&#xA;Caused by: com.kms.katalon.core.exception.StepFailedException: Actual object 'false' and expected object 'true' are not equal&#xD;&#xA;&#x9;at com.kms.katalon.core.keyword.builtin.VerifyEqualKeyword$_verifyEqual_closure1.doCall(VerifyEqualKeyword.groovy:58)&#xD;&#xA;&#x9;at com.kms.katalon.core.keyword.builtin.VerifyEqualKeyword$_verifyEqual_closure1.call(VerifyEqualKeyword.groovy)&#xD;&#xA;&#x9;at com.kms.katalon.core.keyword.internal.KeywordMain.runKeyword(KeywordMain.groovy:68)&#xD;&#xA;&#x9;... 18 more&#xD;&#xA;"/>
            <system-out>2019-09-19 15:29:41 - [TEST_CASE][FAILED] - Test Cases/AlterationScoringNBMajor/PRUmed Benefit Limitation/PRUmed Benefit Limitation: Test Cases/AlterationScoringNBMajor/PRUmed Benefit Limitation/PRUmed Benefit Limitation FAILED.
Reason:
com.kms.katalon.core.exception.StepFailedException: Unable to verify equal between actual object 'false' and expected object 'true' (Root cause: com.kms.katalon.core.exception.StepFailedException: Actual object 'false' and expected object 'true' are not equal&#xD;
	at com.kms.katalon.core.keyword.builtin.VerifyEqualKeyword$_verifyEqual_closure1.doCall(VerifyEqualKeyword.groovy:58)&#xD;
	at com.kms.katalon.core.keyword.builtin.VerifyEqualKeyword$_verifyEqual_closure1.call(VerifyEqualKeyword.groovy)&#xD;
	at com.kms.katalon.core.keyword.internal.KeywordMain.runKeyword(KeywordMain.groovy:68)&#xD;
	at com.kms.katalon.core.keyword.builtin.VerifyEqualKeyword.verifyEqual(VerifyEqualKeyword.groovy:63)&#xD;
	at com.kms.katalon.core.keyword.builtin.VerifyEqualKeyword.execute(VerifyEqualKeyword.groovy:44)&#xD;
	at com.kms.katalon.core.keyword.internal.KeywordExecutor.executeKeywordForPlatform(KeywordExecutor.groovy:56)&#xD;
	at com.kms.katalon.core.keyword.BuiltinKeywords.verifyEqual(BuiltinKeywords.groovy:126)&#xD;
	at PRUmed Benefit Limitation.run(PRUmed Benefit Limitation:29)&#xD;
	at com.kms.katalon.core.main.ScriptEngine.run(ScriptEngine.java:194)&#xD;
	at com.kms.katalon.core.main.ScriptEngine.runScriptAsRawText(ScriptEngine.java:119)&#xD;
	at com.kms.katalon.core.main.TestCaseExecutor.runScript(TestCaseExecutor.java:337)&#xD;
	at com.kms.katalon.core.main.TestCaseExecutor.doExecute(TestCaseExecutor.java:328)&#xD;
	at com.kms.katalon.core.main.TestCaseExecutor.processExecutionPhase(TestCaseExecutor.java:307)&#xD;
	at com.kms.katalon.core.main.TestCaseExecutor.accessMainPhase(TestCaseExecutor.java:299)&#xD;
	at com.kms.katalon.core.main.TestCaseExecutor.execute(TestCaseExecutor.java:233)&#xD;
	at com.kms.katalon.core.main.TestSuiteExecutor.accessTestCaseMainPhase(TestSuiteExecutor.java:133)&#xD;
	at com.kms.katalon.core.main.TestSuiteExecutor.accessTestSuiteMainPhase(TestSuiteExecutor.java:116)&#xD;
	at com.kms.katalon.core.main.TestSuiteExecutor.execute(TestSuiteExecutor.java:83)&#xD;
	at com.kms.katalon.core.main.TestCaseMain.startTestSuite(TestCaseMain.java:157)&#xD;
	at com.kms.katalon.core.main.TestCaseMain$startTestSuite$0.call(Unknown Source)&#xD;
	at TempTestSuite1568881703577.run(TempTestSuite1568881703577.groovy:35)&#xD;
)&#xD;
	at com.kms.katalon.core.keyword.internal.KeywordMain.stepFailed(KeywordMain.groovy:39)&#xD;
	at com.kms.katalon.core.keyword.internal.KeywordMain.stepFailed(KeywordMain.groovy)&#xD;
	at com.kms.katalon.core.keyword.internal.KeywordMain.runKeyword(KeywordMain.groovy:70)&#xD;
	at com.kms.katalon.core.keyword.builtin.VerifyEqualKeyword.verifyEqual(VerifyEqualKeyword.groovy:63)&#xD;
	at com.kms.katalon.core.keyword.builtin.VerifyEqualKeyword.execute(VerifyEqualKeyword.groovy:44)&#xD;
	at com.kms.katalon.core.keyword.internal.KeywordExecutor.executeKeywordForPlatform(KeywordExecutor.groovy:56)&#xD;
	at com.kms.katalon.core.keyword.BuiltinKeywords.verifyEqual(BuiltinKeywords.groovy:126)&#xD;
	at PRUmed Benefit Limitation.run(PRUmed Benefit Limitation:29)&#xD;
	at com.kms.katalon.core.main.ScriptEngine.run(ScriptEngine.java:194)&#xD;
	at com.kms.katalon.core.main.ScriptEngine.runScriptAsRawText(ScriptEngine.java:119)&#xD;
	at com.kms.katalon.core.main.TestCaseExecutor.runScript(TestCaseExecutor.java:337)&#xD;
	at com.kms.katalon.core.main.TestCaseExecutor.doExecute(TestCaseExecutor.java:328)&#xD;
	at com.kms.katalon.core.main.TestCaseExecutor.processExecutionPhase(TestCaseExecutor.java:307)&#xD;
	at com.kms.katalon.core.main.TestCaseExecutor.accessMainPhase(TestCaseExecutor.java:299)&#xD;
	at com.kms.katalon.core.main.TestCaseExecutor.execute(TestCaseExecutor.java:233)&#xD;
	at com.kms.katalon.core.main.TestSuiteExecutor.accessTestCaseMainPhase(TestSuiteExecutor.java:133)&#xD;
	at com.kms.katalon.core.main.TestSuiteExecutor.accessTestSuiteMainPhase(TestSuiteExecutor.java:116)&#xD;
	at com.kms.katalon.core.main.TestSuiteExecutor.execute(TestSuiteExecutor.java:83)&#xD;
	at com.kms.katalon.core.main.TestCaseMain.startTestSuite(TestCaseMain.java:157)&#xD;
	at com.kms.katalon.core.main.TestCaseMain$startTestSuite$0.call(Unknown Source)&#xD;
	at TempTestSuite1568881703577.run(TempTestSuite1568881703577.groovy:35)&#xD;
Caused by: com.kms.katalon.core.exception.StepFailedException: Actual object 'false' and expected object 'true' are not equal&#xD;
	at com.kms.katalon.core.keyword.builtin.VerifyEqualKeyword$_verifyEqual_closure1.doCall(VerifyEqualKeyword.groovy:58)&#xD;
	at com.kms.katalon.core.keyword.builtin.VerifyEqualKeyword$_verifyEqual_closure1.call(VerifyEqualKeyword.groovy)&#xD;
	at com.kms.katalon.core.keyword.internal.KeywordMain.runKeyword(KeywordMain.groovy:68)&#xD;
	... 18 more&#xD;
&#xD;
&#xD;
2019-09-19 15:29:41 - [TEST_STEP][PASSED] - response = sendRequest(findTestObject("AlterationScroingNBMajor/PRUmed Benefit Limitation/Version 1.0_Check_1.391/Request Object", ["transactionType":transactionType, "clientType":clientType, "role":role, "subAlter":subAlter, "eviCode":eviCode, "riderCode":riderCode, ... ])): Send request successfully&#xD;
&#xD;
2019-09-19 15:29:41 - [MESSAGE][INFO] - HAR: C:\SURYAPURBA\PHS\PHS-BRMS\Reports\AlterationScoringNBMajor\PRUmed Benefit Limitation\20190919_152823\requests\main\68.har&#xD;
&#xD;
2019-09-19 15:29:41 - [MESSAGE][PASSED] - Send request successfully&#xD;
&#xD;
2019-09-19 15:29:42 - [TEST_STEP][PASSED] - slurper = new groovy.json.JsonSlurper(): null&#xD;
&#xD;
2019-09-19 15:29:42 - [TEST_STEP][PASSED] - parsingResponse = slurper.parseText(response.getResponseText()): null&#xD;
&#xD;
2019-09-19 15:29:42 - [TEST_STEP][PASSED] - println(parsingResponse): null&#xD;
&#xD;
2019-09-19 15:29:42 - [TEST_STEP][PASSED] - evidenceCode = evidenceCode: null&#xD;
&#xD;
2019-09-19 15:29:42 - [TEST_STEP][PASSED] - println(evidenceCode): null&#xD;
&#xD;
2019-09-19 15:29:42 - [TEST_STEP][PASSED] - println(expectedEvidenceCode): null&#xD;
&#xD;
2019-09-19 15:29:42 - [TEST_STEP][FAILED] - if (expectedEvidenceCode != "STD"): null&#xD;
&#xD;
2019-09-19 15:29:42 - [TEST_STEP][PASSED] - actual = description == expectedDescription: null&#xD;
&#xD;
2019-09-19 15:29:42 - [TEST_STEP][FAILED] - verifyEqual(actual, true, CONTINUE_ON_FAILURE): Unable to verify equal between actual object 'false' and expected object 'true' (Root cause: com.kms.katalon.core.exception.StepFailedException: Actual object 'false' and expected object 'true' are not equal&#xD;
	at com.kms.katalon.core.keyword.builtin.VerifyEqualKeyword$_verifyEqual_closure1.doCall(VerifyEqualKeyword.groovy:58)&#xD;
	at com.kms.katalon.core.keyword.builtin.VerifyEqualKeyword$_verifyEqual_closure1.call(VerifyEqualKeyword.groovy)&#xD;
	at com.kms.katalon.core.keyword.internal.KeywordMain.runKeyword(KeywordMain.groovy:68)&#xD;
	at com.kms.katalon.core.keyword.builtin.VerifyEqualKeyword.verifyEqual(VerifyEqualKeyword.groovy:63)&#xD;
	at com.kms.katalon.core.keyword.builtin.VerifyEqualKeyword.execute(VerifyEqualKeyword.groovy:44)&#xD;
	at com.kms.katalon.core.keyword.internal.KeywordExecutor.executeKeywordForPlatform(KeywordExecutor.groovy:56)&#xD;
	at com.kms.katalon.core.keyword.BuiltinKeywords.verifyEqual(BuiltinKeywords.groovy:126)&#xD;
	at PRUmed Benefit Limitation.run(PRUmed Benefit Limitation:29)&#xD;
	at com.kms.katalon.core.main.ScriptEngine.run(ScriptEngine.java:194)&#xD;
	at com.kms.katalon.core.main.ScriptEngine.runScriptAsRawText(ScriptEngine.java:119)&#xD;
	at com.kms.katalon.core.main.TestCaseExecutor.runScript(TestCaseExecutor.java:337)&#xD;
	at com.kms.katalon.core.main.TestCaseExecutor.doExecute(TestCaseExecutor.java:328)&#xD;
	at com.kms.katalon.core.main.TestCaseExecutor.processExecutionPhase(TestCaseExecutor.java:307)&#xD;
	at com.kms.katalon.core.main.TestCaseExecutor.accessMainPhase(TestCaseExecutor.java:299)&#xD;
	at com.kms.katalon.core.main.TestCaseExecutor.execute(TestCaseExecutor.java:233)&#xD;
	at com.kms.katalon.core.main.TestSuiteExecutor.accessTestCaseMainPhase(TestSuiteExecutor.java:133)&#xD;
	at com.kms.katalon.core.main.TestSuiteExecutor.accessTestSuiteMainPhase(TestSuiteExecutor.java:116)&#xD;
	at com.kms.katalon.core.main.TestSuiteExecutor.execute(TestSuiteExecutor.java:83)&#xD;
	at com.kms.katalon.core.main.TestCaseMain.startTestSuite(TestCaseMain.java:157)&#xD;
	at com.kms.katalon.core.main.TestCaseMain$startTestSuite$0.call(Unknown Source)&#xD;
	at TempTestSuite1568881703577.run(TempTestSuite1568881703577.groovy:35)&#xD;
)&#xD;
&#xD;
2019-09-19 15:29:42 - [MESSAGE][FAILED] - Unable to verify equal between actual object 'false' and expected object 'true' (Root cause: com.kms.katalon.core.exception.StepFailedException: Actual object 'false' and expected object 'true' are not equal&#xD;
	at com.kms.katalon.core.keyword.builtin.VerifyEqualKeyword$_verifyEqual_closure1.doCall(VerifyEqualKeyword.groovy:58)&#xD;
	at com.kms.katalon.core.keyword.builtin.VerifyEqualKeyword$_verifyEqual_closure1.call(VerifyEqualKeyword.groovy)&#xD;
	at com.kms.katalon.core.keyword.internal.KeywordMain.runKeyword(KeywordMain.groovy:68)&#xD;
	at com.kms.katalon.core.keyword.builtin.VerifyEqualKeyword.verifyEqual(VerifyEqualKeyword.groovy:63)&#xD;
	at com.kms.katalon.core.keyword.builtin.VerifyEqualKeyword.execute(VerifyEqualKeyword.groovy:44)&#xD;
	at com.kms.katalon.core.keyword.internal.KeywordExecutor.executeKeywordForPlatform(KeywordExecutor.groovy:56)&#xD;
	at com.kms.katalon.core.keyword.BuiltinKeywords.verifyEqual(BuiltinKeywords.groovy:126)&#xD;
	at PRUmed Benefit Limitation.run(PRUmed Benefit Limitation:29)&#xD;
	at com.kms.katalon.core.main.ScriptEngine.run(ScriptEngine.java:194)&#xD;
	at com.kms.katalon.core.main.ScriptEngine.runScriptAsRawText(ScriptEngine.java:119)&#xD;
	at com.kms.katalon.core.main.TestCaseExecutor.runScript(TestCaseExecutor.java:337)&#xD;
	at com.kms.katalon.core.main.TestCaseExecutor.doExecute(TestCaseExecutor.java:328)&#xD;
	at com.kms.katalon.core.main.TestCaseExecutor.processExecutionPhase(TestCaseExecutor.java:307)&#xD;
	at com.kms.katalon.core.main.TestCaseExecutor.accessMainPhase(TestCaseExecutor.java:299)&#xD;
	at com.kms.katalon.core.main.TestCaseExecutor.execute(TestCaseExecutor.java:233)&#xD;
	at com.kms.katalon.core.main.TestSuiteExecutor.accessTestCaseMainPhase(TestSuiteExecutor.java:133)&#xD;
	at com.kms.katalon.core.main.TestSuiteExecutor.accessTestSuiteMainPhase(TestSuiteExecutor.java:116)&#xD;
	at com.kms.katalon.core.main.TestSuiteExecutor.execute(TestSuiteExecutor.java:83)&#xD;
	at com.kms.katalon.core.main.TestCaseMain.startTestSuite(TestCaseMain.java:157)&#xD;
	at com.kms.katalon.core.main.TestCaseMain$startTestSuite$0.call(Unknown Source)&#xD;
	at TempTestSuite1568881703577.run(TempTestSuite1568881703577.groovy:35)&#xD;
)&#xD;
&#xD;
2019-09-19 15:29:42 - [TEST_STEP][PASSED] - if (actual == false): null&#xD;
&#xD;
2019-09-19 15:29:42 - [TEST_STEP][PASSED] - println("Evidence code tidak sesuai dengan expected evidence code"): null&#xD;
&#xD;
2019-09-19 15:29:42 - [TEST_STEP][PASSED] - verifyResponseStatusCode(response, 200): Verify response status code successfully&#xD;
&#xD;
2019-09-19 15:29:42 - [MESSAGE][PASSED] - Verify response status code successfully</system-out>
            <system-err>2019-09-19 15:29:41 - [TEST_CASE][FAILED] - Test Cases/AlterationScoringNBMajor/PRUmed Benefit Limitation/PRUmed Benefit Limitation: Test Cases/AlterationScoringNBMajor/PRUmed Benefit Limitation/PRUmed Benefit Limitation FAILED.
Reason:
com.kms.katalon.core.exception.StepFailedException: Unable to verify equal between actual object 'false' and expected object 'true' (Root cause: com.kms.katalon.core.exception.StepFailedException: Actual object 'false' and expected object 'true' are not equal&#xD;
	at com.kms.katalon.core.keyword.builtin.VerifyEqualKeyword$_verifyEqual_closure1.doCall(VerifyEqualKeyword.groovy:58)&#xD;
	at com.kms.katalon.core.keyword.builtin.VerifyEqualKeyword$_verifyEqual_closure1.call(VerifyEqualKeyword.groovy)&#xD;
	at com.kms.katalon.core.keyword.internal.KeywordMain.runKeyword(KeywordMain.groovy:68)&#xD;
	at com.kms.katalon.core.keyword.builtin.VerifyEqualKeyword.verifyEqual(VerifyEqualKeyword.groovy:63)&#xD;
	at com.kms.katalon.core.keyword.builtin.VerifyEqualKeyword.execute(VerifyEqualKeyword.groovy:44)&#xD;
	at com.kms.katalon.core.keyword.internal.KeywordExecutor.executeKeywordForPlatform(KeywordExecutor.groovy:56)&#xD;
	at com.kms.katalon.core.keyword.BuiltinKeywords.verifyEqual(BuiltinKeywords.groovy:126)&#xD;
	at PRUmed Benefit Limitation.run(PRUmed Benefit Limitation:29)&#xD;
	at com.kms.katalon.core.main.ScriptEngine.run(ScriptEngine.java:194)&#xD;
	at com.kms.katalon.core.main.ScriptEngine.runScriptAsRawText(ScriptEngine.java:119)&#xD;
	at com.kms.katalon.core.main.TestCaseExecutor.runScript(TestCaseExecutor.java:337)&#xD;
	at com.kms.katalon.core.main.TestCaseExecutor.doExecute(TestCaseExecutor.java:328)&#xD;
	at com.kms.katalon.core.main.TestCaseExecutor.processExecutionPhase(TestCaseExecutor.java:307)&#xD;
	at com.kms.katalon.core.main.TestCaseExecutor.accessMainPhase(TestCaseExecutor.java:299)&#xD;
	at com.kms.katalon.core.main.TestCaseExecutor.execute(TestCaseExecutor.java:233)&#xD;
	at com.kms.katalon.core.main.TestSuiteExecutor.accessTestCaseMainPhase(TestSuiteExecutor.java:133)&#xD;
	at com.kms.katalon.core.main.TestSuiteExecutor.accessTestSuiteMainPhase(TestSuiteExecutor.java:116)&#xD;
	at com.kms.katalon.core.main.TestSuiteExecutor.execute(TestSuiteExecutor.java:83)&#xD;
	at com.kms.katalon.core.main.TestCaseMain.startTestSuite(TestCaseMain.java:157)&#xD;
	at com.kms.katalon.core.main.TestCaseMain$startTestSuite$0.call(Unknown Source)&#xD;
	at TempTestSuite1568881703577.run(TempTestSuite1568881703577.groovy:35)&#xD;
)&#xD;
	at com.kms.katalon.core.keyword.internal.KeywordMain.stepFailed(KeywordMain.groovy:39)&#xD;
	at com.kms.katalon.core.keyword.internal.KeywordMain.stepFailed(KeywordMain.groovy)&#xD;
	at com.kms.katalon.core.keyword.internal.KeywordMain.runKeyword(KeywordMain.groovy:70)&#xD;
	at com.kms.katalon.core.keyword.builtin.VerifyEqualKeyword.verifyEqual(VerifyEqualKeyword.groovy:63)&#xD;
	at com.kms.katalon.core.keyword.builtin.VerifyEqualKeyword.execute(VerifyEqualKeyword.groovy:44)&#xD;
	at com.kms.katalon.core.keyword.internal.KeywordExecutor.executeKeywordForPlatform(KeywordExecutor.groovy:56)&#xD;
	at com.kms.katalon.core.keyword.BuiltinKeywords.verifyEqual(BuiltinKeywords.groovy:126)&#xD;
	at PRUmed Benefit Limitation.run(PRUmed Benefit Limitation:29)&#xD;
	at com.kms.katalon.core.main.ScriptEngine.run(ScriptEngine.java:194)&#xD;
	at com.kms.katalon.core.main.ScriptEngine.runScriptAsRawText(ScriptEngine.java:119)&#xD;
	at com.kms.katalon.core.main.TestCaseExecutor.runScript(TestCaseExecutor.java:337)&#xD;
	at com.kms.katalon.core.main.TestCaseExecutor.doExecute(TestCaseExecutor.java:328)&#xD;
	at com.kms.katalon.core.main.TestCaseExecutor.processExecutionPhase(TestCaseExecutor.java:307)&#xD;
	at com.kms.katalon.core.main.TestCaseExecutor.accessMainPhase(TestCaseExecutor.java:299)&#xD;
	at com.kms.katalon.core.main.TestCaseExecutor.execute(TestCaseExecutor.java:233)&#xD;
	at com.kms.katalon.core.main.TestSuiteExecutor.accessTestCaseMainPhase(TestSuiteExecutor.java:133)&#xD;
	at com.kms.katalon.core.main.TestSuiteExecutor.accessTestSuiteMainPhase(TestSuiteExecutor.java:116)&#xD;
	at com.kms.katalon.core.main.TestSuiteExecutor.execute(TestSuiteExecutor.java:83)&#xD;
	at com.kms.katalon.core.main.TestCaseMain.startTestSuite(TestCaseMain.java:157)&#xD;
	at com.kms.katalon.core.main.TestCaseMain$startTestSuite$0.call(Unknown Source)&#xD;
	at TempTestSuite1568881703577.run(TempTestSuite1568881703577.groovy:35)&#xD;
Caused by: com.kms.katalon.core.exception.StepFailedException: Actual object 'false' and expected object 'true' are not equal&#xD;
	at com.kms.katalon.core.keyword.builtin.VerifyEqualKeyword$_verifyEqual_closure1.doCall(VerifyEqualKeyword.groovy:58)&#xD;
	at com.kms.katalon.core.keyword.builtin.VerifyEqualKeyword$_verifyEqual_closure1.call(VerifyEqualKeyword.groovy)&#xD;
	at com.kms.katalon.core.keyword.internal.KeywordMain.runKeyword(KeywordMain.groovy:68)&#xD;
	... 18 more</system-err>
        </testcase>
        <testcase name="Test Cases/AlterationScoringNBMajor/PRUmed Benefit Limitation/PRUmed Benefit Limitation" classname="Test Cases/AlterationScoringNBMajor/PRUmed Benefit Limitation/PRUmed Benefit Limitation" status="FAILED">
            <failure type="FAILED" message="Test Cases/AlterationScoringNBMajor/PRUmed Benefit Limitation/PRUmed Benefit Limitation FAILED.&#xA;Reason:&#xA;com.kms.katalon.core.exception.StepFailedException: Unable to verify equal between actual object 'false' and expected object 'true' (Root cause: com.kms.katalon.core.exception.StepFailedException: Actual object 'false' and expected object 'true' are not equal&#xD;&#xA;&#x9;at com.kms.katalon.core.keyword.builtin.VerifyEqualKeyword$_verifyEqual_closure1.doCall(VerifyEqualKeyword.groovy:58)&#xD;&#xA;&#x9;at com.kms.katalon.core.keyword.builtin.VerifyEqualKeyword$_verifyEqual_closure1.call(VerifyEqualKeyword.groovy)&#xD;&#xA;&#x9;at com.kms.katalon.core.keyword.internal.KeywordMain.runKeyword(KeywordMain.groovy:68)&#xD;&#xA;&#x9;at com.kms.katalon.core.keyword.builtin.VerifyEqualKeyword.verifyEqual(VerifyEqualKeyword.groovy:63)&#xD;&#xA;&#x9;at com.kms.katalon.core.keyword.builtin.VerifyEqualKeyword.execute(VerifyEqualKeyword.groovy:44)&#xD;&#xA;&#x9;at com.kms.katalon.core.keyword.internal.KeywordExecutor.executeKeywordForPlatform(KeywordExecutor.groovy:56)&#xD;&#xA;&#x9;at com.kms.katalon.core.keyword.BuiltinKeywords.verifyEqual(BuiltinKeywords.groovy:126)&#xD;&#xA;&#x9;at PRUmed Benefit Limitation.run(PRUmed Benefit Limitation:29)&#xD;&#xA;&#x9;at com.kms.katalon.core.main.ScriptEngine.run(ScriptEngine.java:194)&#xD;&#xA;&#x9;at com.kms.katalon.core.main.ScriptEngine.runScriptAsRawText(ScriptEngine.java:119)&#xD;&#xA;&#x9;at com.kms.katalon.core.main.TestCaseExecutor.runScript(TestCaseExecutor.java:337)&#xD;&#xA;&#x9;at com.kms.katalon.core.main.TestCaseExecutor.doExecute(TestCaseExecutor.java:328)&#xD;&#xA;&#x9;at com.kms.katalon.core.main.TestCaseExecutor.processExecutionPhase(TestCaseExecutor.java:307)&#xD;&#xA;&#x9;at com.kms.katalon.core.main.TestCaseExecutor.accessMainPhase(TestCaseExecutor.java:299)&#xD;&#xA;&#x9;at com.kms.katalon.core.main.TestCaseExecutor.execute(TestCaseExecutor.java:233)&#xD;&#xA;&#x9;at com.kms.katalon.core.main.TestSuiteExecutor.accessTestCaseMainPhase(TestSuiteExecutor.java:133)&#xD;&#xA;&#x9;at com.kms.katalon.core.main.TestSuiteExecutor.accessTestSuiteMainPhase(TestSuiteExecutor.java:116)&#xD;&#xA;&#x9;at com.kms.katalon.core.main.TestSuiteExecutor.execute(TestSuiteExecutor.java:83)&#xD;&#xA;&#x9;at com.kms.katalon.core.main.TestCaseMain.startTestSuite(TestCaseMain.java:157)&#xD;&#xA;&#x9;at com.kms.katalon.core.main.TestCaseMain$startTestSuite$0.call(Unknown Source)&#xD;&#xA;&#x9;at TempTestSuite1568881703577.run(TempTestSuite1568881703577.groovy:35)&#xD;&#xA;)&#xD;&#xA;&#x9;at com.kms.katalon.core.keyword.internal.KeywordMain.stepFailed(KeywordMain.groovy:39)&#xD;&#xA;&#x9;at com.kms.katalon.core.keyword.internal.KeywordMain.stepFailed(KeywordMain.groovy)&#xD;&#xA;&#x9;at com.kms.katalon.core.keyword.internal.KeywordMain.runKeyword(KeywordMain.groovy:70)&#xD;&#xA;&#x9;at com.kms.katalon.core.keyword.builtin.VerifyEqualKeyword.verifyEqual(VerifyEqualKeyword.groovy:63)&#xD;&#xA;&#x9;at com.kms.katalon.core.keyword.builtin.VerifyEqualKeyword.execute(VerifyEqualKeyword.groovy:44)&#xD;&#xA;&#x9;at com.kms.katalon.core.keyword.internal.KeywordExecutor.executeKeywordForPlatform(KeywordExecutor.groovy:56)&#xD;&#xA;&#x9;at com.kms.katalon.core.keyword.BuiltinKeywords.verifyEqual(BuiltinKeywords.groovy:126)&#xD;&#xA;&#x9;at PRUmed Benefit Limitation.run(PRUmed Benefit Limitation:29)&#xD;&#xA;&#x9;at com.kms.katalon.core.main.ScriptEngine.run(ScriptEngine.java:194)&#xD;&#xA;&#x9;at com.kms.katalon.core.main.ScriptEngine.runScriptAsRawText(ScriptEngine.java:119)&#xD;&#xA;&#x9;at com.kms.katalon.core.main.TestCaseExecutor.runScript(TestCaseExecutor.java:337)&#xD;&#xA;&#x9;at com.kms.katalon.core.main.TestCaseExecutor.doExecute(TestCaseExecutor.java:328)&#xD;&#xA;&#x9;at com.kms.katalon.core.main.TestCaseExecutor.processExecutionPhase(TestCaseExecutor.java:307)&#xD;&#xA;&#x9;at com.kms.katalon.core.main.TestCaseExecutor.accessMainPhase(TestCaseExecutor.java:299)&#xD;&#xA;&#x9;at com.kms.katalon.core.main.TestCaseExecutor.execute(TestCaseExecutor.java:233)&#xD;&#xA;&#x9;at com.kms.katalon.core.main.TestSuiteExecutor.accessTestCaseMainPhase(TestSuiteExecutor.java:133)&#xD;&#xA;&#x9;at com.kms.katalon.core.main.TestSuiteExecutor.accessTestSuiteMainPhase(TestSuiteExecutor.java:116)&#xD;&#xA;&#x9;at com.kms.katalon.core.main.TestSuiteExecutor.execute(TestSuiteExecutor.java:83)&#xD;&#xA;&#x9;at com.kms.katalon.core.main.TestCaseMain.startTestSuite(TestCaseMain.java:157)&#xD;&#xA;&#x9;at com.kms.katalon.core.main.TestCaseMain$startTestSuite$0.call(Unknown Source)&#xD;&#xA;&#x9;at TempTestSuite1568881703577.run(TempTestSuite1568881703577.groovy:35)&#xD;&#xA;Caused by: com.kms.katalon.core.exception.StepFailedException: Actual object 'false' and expected object 'true' are not equal&#xD;&#xA;&#x9;at com.kms.katalon.core.keyword.builtin.VerifyEqualKeyword$_verifyEqual_closure1.doCall(VerifyEqualKeyword.groovy:58)&#xD;&#xA;&#x9;at com.kms.katalon.core.keyword.builtin.VerifyEqualKeyword$_verifyEqual_closure1.call(VerifyEqualKeyword.groovy)&#xD;&#xA;&#x9;at com.kms.katalon.core.keyword.internal.KeywordMain.runKeyword(KeywordMain.groovy:68)&#xD;&#xA;&#x9;... 18 more&#xD;&#xA;"/>
            <system-out>2019-09-19 15:29:44 - [TEST_CASE][FAILED] - Test Cases/AlterationScoringNBMajor/PRUmed Benefit Limitation/PRUmed Benefit Limitation: Test Cases/AlterationScoringNBMajor/PRUmed Benefit Limitation/PRUmed Benefit Limitation FAILED.
Reason:
com.kms.katalon.core.exception.StepFailedException: Unable to verify equal between actual object 'false' and expected object 'true' (Root cause: com.kms.katalon.core.exception.StepFailedException: Actual object 'false' and expected object 'true' are not equal&#xD;
	at com.kms.katalon.core.keyword.builtin.VerifyEqualKeyword$_verifyEqual_closure1.doCall(VerifyEqualKeyword.groovy:58)&#xD;
	at com.kms.katalon.core.keyword.builtin.VerifyEqualKeyword$_verifyEqual_closure1.call(VerifyEqualKeyword.groovy)&#xD;
	at com.kms.katalon.core.keyword.internal.KeywordMain.runKeyword(KeywordMain.groovy:68)&#xD;
	at com.kms.katalon.core.keyword.builtin.VerifyEqualKeyword.verifyEqual(VerifyEqualKeyword.groovy:63)&#xD;
	at com.kms.katalon.core.keyword.builtin.VerifyEqualKeyword.execute(VerifyEqualKeyword.groovy:44)&#xD;
	at com.kms.katalon.core.keyword.internal.KeywordExecutor.executeKeywordForPlatform(KeywordExecutor.groovy:56)&#xD;
	at com.kms.katalon.core.keyword.BuiltinKeywords.verifyEqual(BuiltinKeywords.groovy:126)&#xD;
	at PRUmed Benefit Limitation.run(PRUmed Benefit Limitation:29)&#xD;
	at com.kms.katalon.core.main.ScriptEngine.run(ScriptEngine.java:194)&#xD;
	at com.kms.katalon.core.main.ScriptEngine.runScriptAsRawText(ScriptEngine.java:119)&#xD;
	at com.kms.katalon.core.main.TestCaseExecutor.runScript(TestCaseExecutor.java:337)&#xD;
	at com.kms.katalon.core.main.TestCaseExecutor.doExecute(TestCaseExecutor.java:328)&#xD;
	at com.kms.katalon.core.main.TestCaseExecutor.processExecutionPhase(TestCaseExecutor.java:307)&#xD;
	at com.kms.katalon.core.main.TestCaseExecutor.accessMainPhase(TestCaseExecutor.java:299)&#xD;
	at com.kms.katalon.core.main.TestCaseExecutor.execute(TestCaseExecutor.java:233)&#xD;
	at com.kms.katalon.core.main.TestSuiteExecutor.accessTestCaseMainPhase(TestSuiteExecutor.java:133)&#xD;
	at com.kms.katalon.core.main.TestSuiteExecutor.accessTestSuiteMainPhase(TestSuiteExecutor.java:116)&#xD;
	at com.kms.katalon.core.main.TestSuiteExecutor.execute(TestSuiteExecutor.java:83)&#xD;
	at com.kms.katalon.core.main.TestCaseMain.startTestSuite(TestCaseMain.java:157)&#xD;
	at com.kms.katalon.core.main.TestCaseMain$startTestSuite$0.call(Unknown Source)&#xD;
	at TempTestSuite1568881703577.run(TempTestSuite1568881703577.groovy:35)&#xD;
)&#xD;
	at com.kms.katalon.core.keyword.internal.KeywordMain.stepFailed(KeywordMain.groovy:39)&#xD;
	at com.kms.katalon.core.keyword.internal.KeywordMain.stepFailed(KeywordMain.groovy)&#xD;
	at com.kms.katalon.core.keyword.internal.KeywordMain.runKeyword(KeywordMain.groovy:70)&#xD;
	at com.kms.katalon.core.keyword.builtin.VerifyEqualKeyword.verifyEqual(VerifyEqualKeyword.groovy:63)&#xD;
	at com.kms.katalon.core.keyword.builtin.VerifyEqualKeyword.execute(VerifyEqualKeyword.groovy:44)&#xD;
	at com.kms.katalon.core.keyword.internal.KeywordExecutor.executeKeywordForPlatform(KeywordExecutor.groovy:56)&#xD;
	at com.kms.katalon.core.keyword.BuiltinKeywords.verifyEqual(BuiltinKeywords.groovy:126)&#xD;
	at PRUmed Benefit Limitation.run(PRUmed Benefit Limitation:29)&#xD;
	at com.kms.katalon.core.main.ScriptEngine.run(ScriptEngine.java:194)&#xD;
	at com.kms.katalon.core.main.ScriptEngine.runScriptAsRawText(ScriptEngine.java:119)&#xD;
	at com.kms.katalon.core.main.TestCaseExecutor.runScript(TestCaseExecutor.java:337)&#xD;
	at com.kms.katalon.core.main.TestCaseExecutor.doExecute(TestCaseExecutor.java:328)&#xD;
	at com.kms.katalon.core.main.TestCaseExecutor.processExecutionPhase(TestCaseExecutor.java:307)&#xD;
	at com.kms.katalon.core.main.TestCaseExecutor.accessMainPhase(TestCaseExecutor.java:299)&#xD;
	at com.kms.katalon.core.main.TestCaseExecutor.execute(TestCaseExecutor.java:233)&#xD;
	at com.kms.katalon.core.main.TestSuiteExecutor.accessTestCaseMainPhase(TestSuiteExecutor.java:133)&#xD;
	at com.kms.katalon.core.main.TestSuiteExecutor.accessTestSuiteMainPhase(TestSuiteExecutor.java:116)&#xD;
	at com.kms.katalon.core.main.TestSuiteExecutor.execute(TestSuiteExecutor.java:83)&#xD;
	at com.kms.katalon.core.main.TestCaseMain.startTestSuite(TestCaseMain.java:157)&#xD;
	at com.kms.katalon.core.main.TestCaseMain$startTestSuite$0.call(Unknown Source)&#xD;
	at TempTestSuite1568881703577.run(TempTestSuite1568881703577.groovy:35)&#xD;
Caused by: com.kms.katalon.core.exception.StepFailedException: Actual object 'false' and expected object 'true' are not equal&#xD;
	at com.kms.katalon.core.keyword.builtin.VerifyEqualKeyword$_verifyEqual_closure1.doCall(VerifyEqualKeyword.groovy:58)&#xD;
	at com.kms.katalon.core.keyword.builtin.VerifyEqualKeyword$_verifyEqual_closure1.call(VerifyEqualKeyword.groovy)&#xD;
	at com.kms.katalon.core.keyword.internal.KeywordMain.runKeyword(KeywordMain.groovy:68)&#xD;
	... 18 more&#xD;
&#xD;
&#xD;
2019-09-19 15:29:44 - [TEST_STEP][PASSED] - response = sendRequest(findTestObject("AlterationScroingNBMajor/PRUmed Benefit Limitation/Version 1.0_Check_1.391/Request Object", ["transactionType":transactionType, "clientType":clientType, "role":role, "subAlter":subAlter, "eviCode":eviCode, "riderCode":riderCode, ... ])): Send request successfully&#xD;
&#xD;
2019-09-19 15:29:44 - [MESSAGE][INFO] - HAR: C:\SURYAPURBA\PHS\PHS-BRMS\Reports\AlterationScoringNBMajor\PRUmed Benefit Limitation\20190919_152823\requests\main\69.har&#xD;
&#xD;
2019-09-19 15:29:44 - [MESSAGE][PASSED] - Send request successfully&#xD;
&#xD;
2019-09-19 15:29:44 - [TEST_STEP][PASSED] - slurper = new groovy.json.JsonSlurper(): null&#xD;
&#xD;
2019-09-19 15:29:44 - [TEST_STEP][PASSED] - parsingResponse = slurper.parseText(response.getResponseText()): null&#xD;
&#xD;
2019-09-19 15:29:44 - [TEST_STEP][PASSED] - println(parsingResponse): null&#xD;
&#xD;
2019-09-19 15:29:44 - [TEST_STEP][PASSED] - evidenceCode = evidenceCode: null&#xD;
&#xD;
2019-09-19 15:29:44 - [TEST_STEP][PASSED] - println(evidenceCode): null&#xD;
&#xD;
2019-09-19 15:29:44 - [TEST_STEP][PASSED] - println(expectedEvidenceCode): null&#xD;
&#xD;
2019-09-19 15:29:44 - [TEST_STEP][FAILED] - if (expectedEvidenceCode != "STD"): null&#xD;
&#xD;
2019-09-19 15:29:44 - [TEST_STEP][PASSED] - actual = description == expectedDescription: null&#xD;
&#xD;
2019-09-19 15:29:44 - [TEST_STEP][FAILED] - verifyEqual(actual, true, CONTINUE_ON_FAILURE): Unable to verify equal between actual object 'false' and expected object 'true' (Root cause: com.kms.katalon.core.exception.StepFailedException: Actual object 'false' and expected object 'true' are not equal&#xD;
	at com.kms.katalon.core.keyword.builtin.VerifyEqualKeyword$_verifyEqual_closure1.doCall(VerifyEqualKeyword.groovy:58)&#xD;
	at com.kms.katalon.core.keyword.builtin.VerifyEqualKeyword$_verifyEqual_closure1.call(VerifyEqualKeyword.groovy)&#xD;
	at com.kms.katalon.core.keyword.internal.KeywordMain.runKeyword(KeywordMain.groovy:68)&#xD;
	at com.kms.katalon.core.keyword.builtin.VerifyEqualKeyword.verifyEqual(VerifyEqualKeyword.groovy:63)&#xD;
	at com.kms.katalon.core.keyword.builtin.VerifyEqualKeyword.execute(VerifyEqualKeyword.groovy:44)&#xD;
	at com.kms.katalon.core.keyword.internal.KeywordExecutor.executeKeywordForPlatform(KeywordExecutor.groovy:56)&#xD;
	at com.kms.katalon.core.keyword.BuiltinKeywords.verifyEqual(BuiltinKeywords.groovy:126)&#xD;
	at PRUmed Benefit Limitation.run(PRUmed Benefit Limitation:29)&#xD;
	at com.kms.katalon.core.main.ScriptEngine.run(ScriptEngine.java:194)&#xD;
	at com.kms.katalon.core.main.ScriptEngine.runScriptAsRawText(ScriptEngine.java:119)&#xD;
	at com.kms.katalon.core.main.TestCaseExecutor.runScript(TestCaseExecutor.java:337)&#xD;
	at com.kms.katalon.core.main.TestCaseExecutor.doExecute(TestCaseExecutor.java:328)&#xD;
	at com.kms.katalon.core.main.TestCaseExecutor.processExecutionPhase(TestCaseExecutor.java:307)&#xD;
	at com.kms.katalon.core.main.TestCaseExecutor.accessMainPhase(TestCaseExecutor.java:299)&#xD;
	at com.kms.katalon.core.main.TestCaseExecutor.execute(TestCaseExecutor.java:233)&#xD;
	at com.kms.katalon.core.main.TestSuiteExecutor.accessTestCaseMainPhase(TestSuiteExecutor.java:133)&#xD;
	at com.kms.katalon.core.main.TestSuiteExecutor.accessTestSuiteMainPhase(TestSuiteExecutor.java:116)&#xD;
	at com.kms.katalon.core.main.TestSuiteExecutor.execute(TestSuiteExecutor.java:83)&#xD;
	at com.kms.katalon.core.main.TestCaseMain.startTestSuite(TestCaseMain.java:157)&#xD;
	at com.kms.katalon.core.main.TestCaseMain$startTestSuite$0.call(Unknown Source)&#xD;
	at TempTestSuite1568881703577.run(TempTestSuite1568881703577.groovy:35)&#xD;
)&#xD;
&#xD;
2019-09-19 15:29:44 - [MESSAGE][FAILED] - Unable to verify equal between actual object 'false' and expected object 'true' (Root cause: com.kms.katalon.core.exception.StepFailedException: Actual object 'false' and expected object 'true' are not equal&#xD;
	at com.kms.katalon.core.keyword.builtin.VerifyEqualKeyword$_verifyEqual_closure1.doCall(VerifyEqualKeyword.groovy:58)&#xD;
	at com.kms.katalon.core.keyword.builtin.VerifyEqualKeyword$_verifyEqual_closure1.call(VerifyEqualKeyword.groovy)&#xD;
	at com.kms.katalon.core.keyword.internal.KeywordMain.runKeyword(KeywordMain.groovy:68)&#xD;
	at com.kms.katalon.core.keyword.builtin.VerifyEqualKeyword.verifyEqual(VerifyEqualKeyword.groovy:63)&#xD;
	at com.kms.katalon.core.keyword.builtin.VerifyEqualKeyword.execute(VerifyEqualKeyword.groovy:44)&#xD;
	at com.kms.katalon.core.keyword.internal.KeywordExecutor.executeKeywordForPlatform(KeywordExecutor.groovy:56)&#xD;
	at com.kms.katalon.core.keyword.BuiltinKeywords.verifyEqual(BuiltinKeywords.groovy:126)&#xD;
	at PRUmed Benefit Limitation.run(PRUmed Benefit Limitation:29)&#xD;
	at com.kms.katalon.core.main.ScriptEngine.run(ScriptEngine.java:194)&#xD;
	at com.kms.katalon.core.main.ScriptEngine.runScriptAsRawText(ScriptEngine.java:119)&#xD;
	at com.kms.katalon.core.main.TestCaseExecutor.runScript(TestCaseExecutor.java:337)&#xD;
	at com.kms.katalon.core.main.TestCaseExecutor.doExecute(TestCaseExecutor.java:328)&#xD;
	at com.kms.katalon.core.main.TestCaseExecutor.processExecutionPhase(TestCaseExecutor.java:307)&#xD;
	at com.kms.katalon.core.main.TestCaseExecutor.accessMainPhase(TestCaseExecutor.java:299)&#xD;
	at com.kms.katalon.core.main.TestCaseExecutor.execute(TestCaseExecutor.java:233)&#xD;
	at com.kms.katalon.core.main.TestSuiteExecutor.accessTestCaseMainPhase(TestSuiteExecutor.java:133)&#xD;
	at com.kms.katalon.core.main.TestSuiteExecutor.accessTestSuiteMainPhase(TestSuiteExecutor.java:116)&#xD;
	at com.kms.katalon.core.main.TestSuiteExecutor.execute(TestSuiteExecutor.java:83)&#xD;
	at com.kms.katalon.core.main.TestCaseMain.startTestSuite(TestCaseMain.java:157)&#xD;
	at com.kms.katalon.core.main.TestCaseMain$startTestSuite$0.call(Unknown Source)&#xD;
	at TempTestSuite1568881703577.run(TempTestSuite1568881703577.groovy:35)&#xD;
)&#xD;
&#xD;
2019-09-19 15:29:44 - [TEST_STEP][PASSED] - if (actual == false): null&#xD;
&#xD;
2019-09-19 15:29:44 - [TEST_STEP][PASSED] - println("Evidence code tidak sesuai dengan expected evidence code"): null&#xD;
&#xD;
2019-09-19 15:29:44 - [TEST_STEP][PASSED] - verifyResponseStatusCode(response, 200): Verify response status code successfully&#xD;
&#xD;
2019-09-19 15:29:44 - [MESSAGE][PASSED] - Verify response status code successfully</system-out>
            <system-err>2019-09-19 15:29:44 - [TEST_CASE][FAILED] - Test Cases/AlterationScoringNBMajor/PRUmed Benefit Limitation/PRUmed Benefit Limitation: Test Cases/AlterationScoringNBMajor/PRUmed Benefit Limitation/PRUmed Benefit Limitation FAILED.
Reason:
com.kms.katalon.core.exception.StepFailedException: Unable to verify equal between actual object 'false' and expected object 'true' (Root cause: com.kms.katalon.core.exception.StepFailedException: Actual object 'false' and expected object 'true' are not equal&#xD;
	at com.kms.katalon.core.keyword.builtin.VerifyEqualKeyword$_verifyEqual_closure1.doCall(VerifyEqualKeyword.groovy:58)&#xD;
	at com.kms.katalon.core.keyword.builtin.VerifyEqualKeyword$_verifyEqual_closure1.call(VerifyEqualKeyword.groovy)&#xD;
	at com.kms.katalon.core.keyword.internal.KeywordMain.runKeyword(KeywordMain.groovy:68)&#xD;
	at com.kms.katalon.core.keyword.builtin.VerifyEqualKeyword.verifyEqual(VerifyEqualKeyword.groovy:63)&#xD;
	at com.kms.katalon.core.keyword.builtin.VerifyEqualKeyword.execute(VerifyEqualKeyword.groovy:44)&#xD;
	at com.kms.katalon.core.keyword.internal.KeywordExecutor.executeKeywordForPlatform(KeywordExecutor.groovy:56)&#xD;
	at com.kms.katalon.core.keyword.BuiltinKeywords.verifyEqual(BuiltinKeywords.groovy:126)&#xD;
	at PRUmed Benefit Limitation.run(PRUmed Benefit Limitation:29)&#xD;
	at com.kms.katalon.core.main.ScriptEngine.run(ScriptEngine.java:194)&#xD;
	at com.kms.katalon.core.main.ScriptEngine.runScriptAsRawText(ScriptEngine.java:119)&#xD;
	at com.kms.katalon.core.main.TestCaseExecutor.runScript(TestCaseExecutor.java:337)&#xD;
	at com.kms.katalon.core.main.TestCaseExecutor.doExecute(TestCaseExecutor.java:328)&#xD;
	at com.kms.katalon.core.main.TestCaseExecutor.processExecutionPhase(TestCaseExecutor.java:307)&#xD;
	at com.kms.katalon.core.main.TestCaseExecutor.accessMainPhase(TestCaseExecutor.java:299)&#xD;
	at com.kms.katalon.core.main.TestCaseExecutor.execute(TestCaseExecutor.java:233)&#xD;
	at com.kms.katalon.core.main.TestSuiteExecutor.accessTestCaseMainPhase(TestSuiteExecutor.java:133)&#xD;
	at com.kms.katalon.core.main.TestSuiteExecutor.accessTestSuiteMainPhase(TestSuiteExecutor.java:116)&#xD;
	at com.kms.katalon.core.main.TestSuiteExecutor.execute(TestSuiteExecutor.java:83)&#xD;
	at com.kms.katalon.core.main.TestCaseMain.startTestSuite(TestCaseMain.java:157)&#xD;
	at com.kms.katalon.core.main.TestCaseMain$startTestSuite$0.call(Unknown Source)&#xD;
	at TempTestSuite1568881703577.run(TempTestSuite1568881703577.groovy:35)&#xD;
)&#xD;
	at com.kms.katalon.core.keyword.internal.KeywordMain.stepFailed(KeywordMain.groovy:39)&#xD;
	at com.kms.katalon.core.keyword.internal.KeywordMain.stepFailed(KeywordMain.groovy)&#xD;
	at com.kms.katalon.core.keyword.internal.KeywordMain.runKeyword(KeywordMain.groovy:70)&#xD;
	at com.kms.katalon.core.keyword.builtin.VerifyEqualKeyword.verifyEqual(VerifyEqualKeyword.groovy:63)&#xD;
	at com.kms.katalon.core.keyword.builtin.VerifyEqualKeyword.execute(VerifyEqualKeyword.groovy:44)&#xD;
	at com.kms.katalon.core.keyword.internal.KeywordExecutor.executeKeywordForPlatform(KeywordExecutor.groovy:56)&#xD;
	at com.kms.katalon.core.keyword.BuiltinKeywords.verifyEqual(BuiltinKeywords.groovy:126)&#xD;
	at PRUmed Benefit Limitation.run(PRUmed Benefit Limitation:29)&#xD;
	at com.kms.katalon.core.main.ScriptEngine.run(ScriptEngine.java:194)&#xD;
	at com.kms.katalon.core.main.ScriptEngine.runScriptAsRawText(ScriptEngine.java:119)&#xD;
	at com.kms.katalon.core.main.TestCaseExecutor.runScript(TestCaseExecutor.java:337)&#xD;
	at com.kms.katalon.core.main.TestCaseExecutor.doExecute(TestCaseExecutor.java:328)&#xD;
	at com.kms.katalon.core.main.TestCaseExecutor.processExecutionPhase(TestCaseExecutor.java:307)&#xD;
	at com.kms.katalon.core.main.TestCaseExecutor.accessMainPhase(TestCaseExecutor.java:299)&#xD;
	at com.kms.katalon.core.main.TestCaseExecutor.execute(TestCaseExecutor.java:233)&#xD;
	at com.kms.katalon.core.main.TestSuiteExecutor.accessTestCaseMainPhase(TestSuiteExecutor.java:133)&#xD;
	at com.kms.katalon.core.main.TestSuiteExecutor.accessTestSuiteMainPhase(TestSuiteExecutor.java:116)&#xD;
	at com.kms.katalon.core.main.TestSuiteExecutor.execute(TestSuiteExecutor.java:83)&#xD;
	at com.kms.katalon.core.main.TestCaseMain.startTestSuite(TestCaseMain.java:157)&#xD;
	at com.kms.katalon.core.main.TestCaseMain$startTestSuite$0.call(Unknown Source)&#xD;
	at TempTestSuite1568881703577.run(TempTestSuite1568881703577.groovy:35)&#xD;
Caused by: com.kms.katalon.core.exception.StepFailedException: Actual object 'false' and expected object 'true' are not equal&#xD;
	at com.kms.katalon.core.keyword.builtin.VerifyEqualKeyword$_verifyEqual_closure1.doCall(VerifyEqualKeyword.groovy:58)&#xD;
	at com.kms.katalon.core.keyword.builtin.VerifyEqualKeyword$_verifyEqual_closure1.call(VerifyEqualKeyword.groovy)&#xD;
	at com.kms.katalon.core.keyword.internal.KeywordMain.runKeyword(KeywordMain.groovy:68)&#xD;
	... 18 more</system-err>
        </testcase>
        <testcase name="Test Cases/AlterationScoringNBMajor/PRUmed Benefit Limitation/PRUmed Benefit Limitation" classname="Test Cases/AlterationScoringNBMajor/PRUmed Benefit Limitation/PRUmed Benefit Limitation" status="FAILED">
            <failure type="FAILED" message="Test Cases/AlterationScoringNBMajor/PRUmed Benefit Limitation/PRUmed Benefit Limitation FAILED.&#xA;Reason:&#xA;com.kms.katalon.core.exception.StepFailedException: Unable to verify equal between actual object 'false' and expected object 'true' (Root cause: com.kms.katalon.core.exception.StepFailedException: Actual object 'false' and expected object 'true' are not equal&#xD;&#xA;&#x9;at com.kms.katalon.core.keyword.builtin.VerifyEqualKeyword$_verifyEqual_closure1.doCall(VerifyEqualKeyword.groovy:58)&#xD;&#xA;&#x9;at com.kms.katalon.core.keyword.builtin.VerifyEqualKeyword$_verifyEqual_closure1.call(VerifyEqualKeyword.groovy)&#xD;&#xA;&#x9;at com.kms.katalon.core.keyword.internal.KeywordMain.runKeyword(KeywordMain.groovy:68)&#xD;&#xA;&#x9;at com.kms.katalon.core.keyword.builtin.VerifyEqualKeyword.verifyEqual(VerifyEqualKeyword.groovy:63)&#xD;&#xA;&#x9;at com.kms.katalon.core.keyword.builtin.VerifyEqualKeyword.execute(VerifyEqualKeyword.groovy:44)&#xD;&#xA;&#x9;at com.kms.katalon.core.keyword.internal.KeywordExecutor.executeKeywordForPlatform(KeywordExecutor.groovy:56)&#xD;&#xA;&#x9;at com.kms.katalon.core.keyword.BuiltinKeywords.verifyEqual(BuiltinKeywords.groovy:126)&#xD;&#xA;&#x9;at PRUmed Benefit Limitation.run(PRUmed Benefit Limitation:29)&#xD;&#xA;&#x9;at com.kms.katalon.core.main.ScriptEngine.run(ScriptEngine.java:194)&#xD;&#xA;&#x9;at com.kms.katalon.core.main.ScriptEngine.runScriptAsRawText(ScriptEngine.java:119)&#xD;&#xA;&#x9;at com.kms.katalon.core.main.TestCaseExecutor.runScript(TestCaseExecutor.java:337)&#xD;&#xA;&#x9;at com.kms.katalon.core.main.TestCaseExecutor.doExecute(TestCaseExecutor.java:328)&#xD;&#xA;&#x9;at com.kms.katalon.core.main.TestCaseExecutor.processExecutionPhase(TestCaseExecutor.java:307)&#xD;&#xA;&#x9;at com.kms.katalon.core.main.TestCaseExecutor.accessMainPhase(TestCaseExecutor.java:299)&#xD;&#xA;&#x9;at com.kms.katalon.core.main.TestCaseExecutor.execute(TestCaseExecutor.java:233)&#xD;&#xA;&#x9;at com.kms.katalon.core.main.TestSuiteExecutor.accessTestCaseMainPhase(TestSuiteExecutor.java:133)&#xD;&#xA;&#x9;at com.kms.katalon.core.main.TestSuiteExecutor.accessTestSuiteMainPhase(TestSuiteExecutor.java:116)&#xD;&#xA;&#x9;at com.kms.katalon.core.main.TestSuiteExecutor.execute(TestSuiteExecutor.java:83)&#xD;&#xA;&#x9;at com.kms.katalon.core.main.TestCaseMain.startTestSuite(TestCaseMain.java:157)&#xD;&#xA;&#x9;at com.kms.katalon.core.main.TestCaseMain$startTestSuite$0.call(Unknown Source)&#xD;&#xA;&#x9;at TempTestSuite1568881703577.run(TempTestSuite1568881703577.groovy:35)&#xD;&#xA;)&#xD;&#xA;&#x9;at com.kms.katalon.core.keyword.internal.KeywordMain.stepFailed(KeywordMain.groovy:39)&#xD;&#xA;&#x9;at com.kms.katalon.core.keyword.internal.KeywordMain.stepFailed(KeywordMain.groovy)&#xD;&#xA;&#x9;at com.kms.katalon.core.keyword.internal.KeywordMain.runKeyword(KeywordMain.groovy:70)&#xD;&#xA;&#x9;at com.kms.katalon.core.keyword.builtin.VerifyEqualKeyword.verifyEqual(VerifyEqualKeyword.groovy:63)&#xD;&#xA;&#x9;at com.kms.katalon.core.keyword.builtin.VerifyEqualKeyword.execute(VerifyEqualKeyword.groovy:44)&#xD;&#xA;&#x9;at com.kms.katalon.core.keyword.internal.KeywordExecutor.executeKeywordForPlatform(KeywordExecutor.groovy:56)&#xD;&#xA;&#x9;at com.kms.katalon.core.keyword.BuiltinKeywords.verifyEqual(BuiltinKeywords.groovy:126)&#xD;&#xA;&#x9;at PRUmed Benefit Limitation.run(PRUmed Benefit Limitation:29)&#xD;&#xA;&#x9;at com.kms.katalon.core.main.ScriptEngine.run(ScriptEngine.java:194)&#xD;&#xA;&#x9;at com.kms.katalon.core.main.ScriptEngine.runScriptAsRawText(ScriptEngine.java:119)&#xD;&#xA;&#x9;at com.kms.katalon.core.main.TestCaseExecutor.runScript(TestCaseExecutor.java:337)&#xD;&#xA;&#x9;at com.kms.katalon.core.main.TestCaseExecutor.doExecute(TestCaseExecutor.java:328)&#xD;&#xA;&#x9;at com.kms.katalon.core.main.TestCaseExecutor.processExecutionPhase(TestCaseExecutor.java:307)&#xD;&#xA;&#x9;at com.kms.katalon.core.main.TestCaseExecutor.accessMainPhase(TestCaseExecutor.java:299)&#xD;&#xA;&#x9;at com.kms.katalon.core.main.TestCaseExecutor.execute(TestCaseExecutor.java:233)&#xD;&#xA;&#x9;at com.kms.katalon.core.main.TestSuiteExecutor.accessTestCaseMainPhase(TestSuiteExecutor.java:133)&#xD;&#xA;&#x9;at com.kms.katalon.core.main.TestSuiteExecutor.accessTestSuiteMainPhase(TestSuiteExecutor.java:116)&#xD;&#xA;&#x9;at com.kms.katalon.core.main.TestSuiteExecutor.execute(TestSuiteExecutor.java:83)&#xD;&#xA;&#x9;at com.kms.katalon.core.main.TestCaseMain.startTestSuite(TestCaseMain.java:157)&#xD;&#xA;&#x9;at com.kms.katalon.core.main.TestCaseMain$startTestSuite$0.call(Unknown Source)&#xD;&#xA;&#x9;at TempTestSuite1568881703577.run(TempTestSuite1568881703577.groovy:35)&#xD;&#xA;Caused by: com.kms.katalon.core.exception.StepFailedException: Actual object 'false' and expected object 'true' are not equal&#xD;&#xA;&#x9;at com.kms.katalon.core.keyword.builtin.VerifyEqualKeyword$_verifyEqual_closure1.doCall(VerifyEqualKeyword.groovy:58)&#xD;&#xA;&#x9;at com.kms.katalon.core.keyword.builtin.VerifyEqualKeyword$_verifyEqual_closure1.call(VerifyEqualKeyword.groovy)&#xD;&#xA;&#x9;at com.kms.katalon.core.keyword.internal.KeywordMain.runKeyword(KeywordMain.groovy:68)&#xD;&#xA;&#x9;... 18 more&#xD;&#xA;"/>
            <system-out>2019-09-19 15:29:45 - [TEST_CASE][FAILED] - Test Cases/AlterationScoringNBMajor/PRUmed Benefit Limitation/PRUmed Benefit Limitation: Test Cases/AlterationScoringNBMajor/PRUmed Benefit Limitation/PRUmed Benefit Limitation FAILED.
Reason:
com.kms.katalon.core.exception.StepFailedException: Unable to verify equal between actual object 'false' and expected object 'true' (Root cause: com.kms.katalon.core.exception.StepFailedException: Actual object 'false' and expected object 'true' are not equal&#xD;
	at com.kms.katalon.core.keyword.builtin.VerifyEqualKeyword$_verifyEqual_closure1.doCall(VerifyEqualKeyword.groovy:58)&#xD;
	at com.kms.katalon.core.keyword.builtin.VerifyEqualKeyword$_verifyEqual_closure1.call(VerifyEqualKeyword.groovy)&#xD;
	at com.kms.katalon.core.keyword.internal.KeywordMain.runKeyword(KeywordMain.groovy:68)&#xD;
	at com.kms.katalon.core.keyword.builtin.VerifyEqualKeyword.verifyEqual(VerifyEqualKeyword.groovy:63)&#xD;
	at com.kms.katalon.core.keyword.builtin.VerifyEqualKeyword.execute(VerifyEqualKeyword.groovy:44)&#xD;
	at com.kms.katalon.core.keyword.internal.KeywordExecutor.executeKeywordForPlatform(KeywordExecutor.groovy:56)&#xD;
	at com.kms.katalon.core.keyword.BuiltinKeywords.verifyEqual(BuiltinKeywords.groovy:126)&#xD;
	at PRUmed Benefit Limitation.run(PRUmed Benefit Limitation:29)&#xD;
	at com.kms.katalon.core.main.ScriptEngine.run(ScriptEngine.java:194)&#xD;
	at com.kms.katalon.core.main.ScriptEngine.runScriptAsRawText(ScriptEngine.java:119)&#xD;
	at com.kms.katalon.core.main.TestCaseExecutor.runScript(TestCaseExecutor.java:337)&#xD;
	at com.kms.katalon.core.main.TestCaseExecutor.doExecute(TestCaseExecutor.java:328)&#xD;
	at com.kms.katalon.core.main.TestCaseExecutor.processExecutionPhase(TestCaseExecutor.java:307)&#xD;
	at com.kms.katalon.core.main.TestCaseExecutor.accessMainPhase(TestCaseExecutor.java:299)&#xD;
	at com.kms.katalon.core.main.TestCaseExecutor.execute(TestCaseExecutor.java:233)&#xD;
	at com.kms.katalon.core.main.TestSuiteExecutor.accessTestCaseMainPhase(TestSuiteExecutor.java:133)&#xD;
	at com.kms.katalon.core.main.TestSuiteExecutor.accessTestSuiteMainPhase(TestSuiteExecutor.java:116)&#xD;
	at com.kms.katalon.core.main.TestSuiteExecutor.execute(TestSuiteExecutor.java:83)&#xD;
	at com.kms.katalon.core.main.TestCaseMain.startTestSuite(TestCaseMain.java:157)&#xD;
	at com.kms.katalon.core.main.TestCaseMain$startTestSuite$0.call(Unknown Source)&#xD;
	at TempTestSuite1568881703577.run(TempTestSuite1568881703577.groovy:35)&#xD;
)&#xD;
	at com.kms.katalon.core.keyword.internal.KeywordMain.stepFailed(KeywordMain.groovy:39)&#xD;
	at com.kms.katalon.core.keyword.internal.KeywordMain.stepFailed(KeywordMain.groovy)&#xD;
	at com.kms.katalon.core.keyword.internal.KeywordMain.runKeyword(KeywordMain.groovy:70)&#xD;
	at com.kms.katalon.core.keyword.builtin.VerifyEqualKeyword.verifyEqual(VerifyEqualKeyword.groovy:63)&#xD;
	at com.kms.katalon.core.keyword.builtin.VerifyEqualKeyword.execute(VerifyEqualKeyword.groovy:44)&#xD;
	at com.kms.katalon.core.keyword.internal.KeywordExecutor.executeKeywordForPlatform(KeywordExecutor.groovy:56)&#xD;
	at com.kms.katalon.core.keyword.BuiltinKeywords.verifyEqual(BuiltinKeywords.groovy:126)&#xD;
	at PRUmed Benefit Limitation.run(PRUmed Benefit Limitation:29)&#xD;
	at com.kms.katalon.core.main.ScriptEngine.run(ScriptEngine.java:194)&#xD;
	at com.kms.katalon.core.main.ScriptEngine.runScriptAsRawText(ScriptEngine.java:119)&#xD;
	at com.kms.katalon.core.main.TestCaseExecutor.runScript(TestCaseExecutor.java:337)&#xD;
	at com.kms.katalon.core.main.TestCaseExecutor.doExecute(TestCaseExecutor.java:328)&#xD;
	at com.kms.katalon.core.main.TestCaseExecutor.processExecutionPhase(TestCaseExecutor.java:307)&#xD;
	at com.kms.katalon.core.main.TestCaseExecutor.accessMainPhase(TestCaseExecutor.java:299)&#xD;
	at com.kms.katalon.core.main.TestCaseExecutor.execute(TestCaseExecutor.java:233)&#xD;
	at com.kms.katalon.core.main.TestSuiteExecutor.accessTestCaseMainPhase(TestSuiteExecutor.java:133)&#xD;
	at com.kms.katalon.core.main.TestSuiteExecutor.accessTestSuiteMainPhase(TestSuiteExecutor.java:116)&#xD;
	at com.kms.katalon.core.main.TestSuiteExecutor.execute(TestSuiteExecutor.java:83)&#xD;
	at com.kms.katalon.core.main.TestCaseMain.startTestSuite(TestCaseMain.java:157)&#xD;
	at com.kms.katalon.core.main.TestCaseMain$startTestSuite$0.call(Unknown Source)&#xD;
	at TempTestSuite1568881703577.run(TempTestSuite1568881703577.groovy:35)&#xD;
Caused by: com.kms.katalon.core.exception.StepFailedException: Actual object 'false' and expected object 'true' are not equal&#xD;
	at com.kms.katalon.core.keyword.builtin.VerifyEqualKeyword$_verifyEqual_closure1.doCall(VerifyEqualKeyword.groovy:58)&#xD;
	at com.kms.katalon.core.keyword.builtin.VerifyEqualKeyword$_verifyEqual_closure1.call(VerifyEqualKeyword.groovy)&#xD;
	at com.kms.katalon.core.keyword.internal.KeywordMain.runKeyword(KeywordMain.groovy:68)&#xD;
	... 18 more&#xD;
&#xD;
&#xD;
2019-09-19 15:29:46 - [TEST_STEP][PASSED] - response = sendRequest(findTestObject("AlterationScroingNBMajor/PRUmed Benefit Limitation/Version 1.0_Check_1.391/Request Object", ["transactionType":transactionType, "clientType":clientType, "role":role, "subAlter":subAlter, "eviCode":eviCode, "riderCode":riderCode, ... ])): Send request successfully&#xD;
&#xD;
2019-09-19 15:29:46 - [MESSAGE][INFO] - HAR: C:\SURYAPURBA\PHS\PHS-BRMS\Reports\AlterationScoringNBMajor\PRUmed Benefit Limitation\20190919_152823\requests\main\70.har&#xD;
&#xD;
2019-09-19 15:29:46 - [MESSAGE][PASSED] - Send request successfully&#xD;
&#xD;
2019-09-19 15:29:46 - [TEST_STEP][PASSED] - slurper = new groovy.json.JsonSlurper(): null&#xD;
&#xD;
2019-09-19 15:29:46 - [TEST_STEP][PASSED] - parsingResponse = slurper.parseText(response.getResponseText()): null&#xD;
&#xD;
2019-09-19 15:29:46 - [TEST_STEP][PASSED] - println(parsingResponse): null&#xD;
&#xD;
2019-09-19 15:29:46 - [TEST_STEP][PASSED] - evidenceCode = evidenceCode: null&#xD;
&#xD;
2019-09-19 15:29:46 - [TEST_STEP][PASSED] - println(evidenceCode): null&#xD;
&#xD;
2019-09-19 15:29:46 - [TEST_STEP][PASSED] - println(expectedEvidenceCode): null&#xD;
&#xD;
2019-09-19 15:29:46 - [TEST_STEP][FAILED] - if (expectedEvidenceCode != "STD"): null&#xD;
&#xD;
2019-09-19 15:29:46 - [TEST_STEP][PASSED] - actual = description == expectedDescription: null&#xD;
&#xD;
2019-09-19 15:29:46 - [TEST_STEP][FAILED] - verifyEqual(actual, true, CONTINUE_ON_FAILURE): Unable to verify equal between actual object 'false' and expected object 'true' (Root cause: com.kms.katalon.core.exception.StepFailedException: Actual object 'false' and expected object 'true' are not equal&#xD;
	at com.kms.katalon.core.keyword.builtin.VerifyEqualKeyword$_verifyEqual_closure1.doCall(VerifyEqualKeyword.groovy:58)&#xD;
	at com.kms.katalon.core.keyword.builtin.VerifyEqualKeyword$_verifyEqual_closure1.call(VerifyEqualKeyword.groovy)&#xD;
	at com.kms.katalon.core.keyword.internal.KeywordMain.runKeyword(KeywordMain.groovy:68)&#xD;
	at com.kms.katalon.core.keyword.builtin.VerifyEqualKeyword.verifyEqual(VerifyEqualKeyword.groovy:63)&#xD;
	at com.kms.katalon.core.keyword.builtin.VerifyEqualKeyword.execute(VerifyEqualKeyword.groovy:44)&#xD;
	at com.kms.katalon.core.keyword.internal.KeywordExecutor.executeKeywordForPlatform(KeywordExecutor.groovy:56)&#xD;
	at com.kms.katalon.core.keyword.BuiltinKeywords.verifyEqual(BuiltinKeywords.groovy:126)&#xD;
	at PRUmed Benefit Limitation.run(PRUmed Benefit Limitation:29)&#xD;
	at com.kms.katalon.core.main.ScriptEngine.run(ScriptEngine.java:194)&#xD;
	at com.kms.katalon.core.main.ScriptEngine.runScriptAsRawText(ScriptEngine.java:119)&#xD;
	at com.kms.katalon.core.main.TestCaseExecutor.runScript(TestCaseExecutor.java:337)&#xD;
	at com.kms.katalon.core.main.TestCaseExecutor.doExecute(TestCaseExecutor.java:328)&#xD;
	at com.kms.katalon.core.main.TestCaseExecutor.processExecutionPhase(TestCaseExecutor.java:307)&#xD;
	at com.kms.katalon.core.main.TestCaseExecutor.accessMainPhase(TestCaseExecutor.java:299)&#xD;
	at com.kms.katalon.core.main.TestCaseExecutor.execute(TestCaseExecutor.java:233)&#xD;
	at com.kms.katalon.core.main.TestSuiteExecutor.accessTestCaseMainPhase(TestSuiteExecutor.java:133)&#xD;
	at com.kms.katalon.core.main.TestSuiteExecutor.accessTestSuiteMainPhase(TestSuiteExecutor.java:116)&#xD;
	at com.kms.katalon.core.main.TestSuiteExecutor.execute(TestSuiteExecutor.java:83)&#xD;
	at com.kms.katalon.core.main.TestCaseMain.startTestSuite(TestCaseMain.java:157)&#xD;
	at com.kms.katalon.core.main.TestCaseMain$startTestSuite$0.call(Unknown Source)&#xD;
	at TempTestSuite1568881703577.run(TempTestSuite1568881703577.groovy:35)&#xD;
)&#xD;
&#xD;
2019-09-19 15:29:46 - [MESSAGE][FAILED] - Unable to verify equal between actual object 'false' and expected object 'true' (Root cause: com.kms.katalon.core.exception.StepFailedException: Actual object 'false' and expected object 'true' are not equal&#xD;
	at com.kms.katalon.core.keyword.builtin.VerifyEqualKeyword$_verifyEqual_closure1.doCall(VerifyEqualKeyword.groovy:58)&#xD;
	at com.kms.katalon.core.keyword.builtin.VerifyEqualKeyword$_verifyEqual_closure1.call(VerifyEqualKeyword.groovy)&#xD;
	at com.kms.katalon.core.keyword.internal.KeywordMain.runKeyword(KeywordMain.groovy:68)&#xD;
	at com.kms.katalon.core.keyword.builtin.VerifyEqualKeyword.verifyEqual(VerifyEqualKeyword.groovy:63)&#xD;
	at com.kms.katalon.core.keyword.builtin.VerifyEqualKeyword.execute(VerifyEqualKeyword.groovy:44)&#xD;
	at com.kms.katalon.core.keyword.internal.KeywordExecutor.executeKeywordForPlatform(KeywordExecutor.groovy:56)&#xD;
	at com.kms.katalon.core.keyword.BuiltinKeywords.verifyEqual(BuiltinKeywords.groovy:126)&#xD;
	at PRUmed Benefit Limitation.run(PRUmed Benefit Limitation:29)&#xD;
	at com.kms.katalon.core.main.ScriptEngine.run(ScriptEngine.java:194)&#xD;
	at com.kms.katalon.core.main.ScriptEngine.runScriptAsRawText(ScriptEngine.java:119)&#xD;
	at com.kms.katalon.core.main.TestCaseExecutor.runScript(TestCaseExecutor.java:337)&#xD;
	at com.kms.katalon.core.main.TestCaseExecutor.doExecute(TestCaseExecutor.java:328)&#xD;
	at com.kms.katalon.core.main.TestCaseExecutor.processExecutionPhase(TestCaseExecutor.java:307)&#xD;
	at com.kms.katalon.core.main.TestCaseExecutor.accessMainPhase(TestCaseExecutor.java:299)&#xD;
	at com.kms.katalon.core.main.TestCaseExecutor.execute(TestCaseExecutor.java:233)&#xD;
	at com.kms.katalon.core.main.TestSuiteExecutor.accessTestCaseMainPhase(TestSuiteExecutor.java:133)&#xD;
	at com.kms.katalon.core.main.TestSuiteExecutor.accessTestSuiteMainPhase(TestSuiteExecutor.java:116)&#xD;
	at com.kms.katalon.core.main.TestSuiteExecutor.execute(TestSuiteExecutor.java:83)&#xD;
	at com.kms.katalon.core.main.TestCaseMain.startTestSuite(TestCaseMain.java:157)&#xD;
	at com.kms.katalon.core.main.TestCaseMain$startTestSuite$0.call(Unknown Source)&#xD;
	at TempTestSuite1568881703577.run(TempTestSuite1568881703577.groovy:35)&#xD;
)&#xD;
&#xD;
2019-09-19 15:29:46 - [TEST_STEP][PASSED] - if (actual == false): null&#xD;
&#xD;
2019-09-19 15:29:46 - [TEST_STEP][PASSED] - println("Evidence code tidak sesuai dengan expected evidence code"): null&#xD;
&#xD;
2019-09-19 15:29:46 - [TEST_STEP][PASSED] - verifyResponseStatusCode(response, 200): Verify response status code successfully&#xD;
&#xD;
2019-09-19 15:29:46 - [MESSAGE][PASSED] - Verify response status code successfully</system-out>
            <system-err>2019-09-19 15:29:45 - [TEST_CASE][FAILED] - Test Cases/AlterationScoringNBMajor/PRUmed Benefit Limitation/PRUmed Benefit Limitation: Test Cases/AlterationScoringNBMajor/PRUmed Benefit Limitation/PRUmed Benefit Limitation FAILED.
Reason:
com.kms.katalon.core.exception.StepFailedException: Unable to verify equal between actual object 'false' and expected object 'true' (Root cause: com.kms.katalon.core.exception.StepFailedException: Actual object 'false' and expected object 'true' are not equal&#xD;
	at com.kms.katalon.core.keyword.builtin.VerifyEqualKeyword$_verifyEqual_closure1.doCall(VerifyEqualKeyword.groovy:58)&#xD;
	at com.kms.katalon.core.keyword.builtin.VerifyEqualKeyword$_verifyEqual_closure1.call(VerifyEqualKeyword.groovy)&#xD;
	at com.kms.katalon.core.keyword.internal.KeywordMain.runKeyword(KeywordMain.groovy:68)&#xD;
	at com.kms.katalon.core.keyword.builtin.VerifyEqualKeyword.verifyEqual(VerifyEqualKeyword.groovy:63)&#xD;
	at com.kms.katalon.core.keyword.builtin.VerifyEqualKeyword.execute(VerifyEqualKeyword.groovy:44)&#xD;
	at com.kms.katalon.core.keyword.internal.KeywordExecutor.executeKeywordForPlatform(KeywordExecutor.groovy:56)&#xD;
	at com.kms.katalon.core.keyword.BuiltinKeywords.verifyEqual(BuiltinKeywords.groovy:126)&#xD;
	at PRUmed Benefit Limitation.run(PRUmed Benefit Limitation:29)&#xD;
	at com.kms.katalon.core.main.ScriptEngine.run(ScriptEngine.java:194)&#xD;
	at com.kms.katalon.core.main.ScriptEngine.runScriptAsRawText(ScriptEngine.java:119)&#xD;
	at com.kms.katalon.core.main.TestCaseExecutor.runScript(TestCaseExecutor.java:337)&#xD;
	at com.kms.katalon.core.main.TestCaseExecutor.doExecute(TestCaseExecutor.java:328)&#xD;
	at com.kms.katalon.core.main.TestCaseExecutor.processExecutionPhase(TestCaseExecutor.java:307)&#xD;
	at com.kms.katalon.core.main.TestCaseExecutor.accessMainPhase(TestCaseExecutor.java:299)&#xD;
	at com.kms.katalon.core.main.TestCaseExecutor.execute(TestCaseExecutor.java:233)&#xD;
	at com.kms.katalon.core.main.TestSuiteExecutor.accessTestCaseMainPhase(TestSuiteExecutor.java:133)&#xD;
	at com.kms.katalon.core.main.TestSuiteExecutor.accessTestSuiteMainPhase(TestSuiteExecutor.java:116)&#xD;
	at com.kms.katalon.core.main.TestSuiteExecutor.execute(TestSuiteExecutor.java:83)&#xD;
	at com.kms.katalon.core.main.TestCaseMain.startTestSuite(TestCaseMain.java:157)&#xD;
	at com.kms.katalon.core.main.TestCaseMain$startTestSuite$0.call(Unknown Source)&#xD;
	at TempTestSuite1568881703577.run(TempTestSuite1568881703577.groovy:35)&#xD;
)&#xD;
	at com.kms.katalon.core.keyword.internal.KeywordMain.stepFailed(KeywordMain.groovy:39)&#xD;
	at com.kms.katalon.core.keyword.internal.KeywordMain.stepFailed(KeywordMain.groovy)&#xD;
	at com.kms.katalon.core.keyword.internal.KeywordMain.runKeyword(KeywordMain.groovy:70)&#xD;
	at com.kms.katalon.core.keyword.builtin.VerifyEqualKeyword.verifyEqual(VerifyEqualKeyword.groovy:63)&#xD;
	at com.kms.katalon.core.keyword.builtin.VerifyEqualKeyword.execute(VerifyEqualKeyword.groovy:44)&#xD;
	at com.kms.katalon.core.keyword.internal.KeywordExecutor.executeKeywordForPlatform(KeywordExecutor.groovy:56)&#xD;
	at com.kms.katalon.core.keyword.BuiltinKeywords.verifyEqual(BuiltinKeywords.groovy:126)&#xD;
	at PRUmed Benefit Limitation.run(PRUmed Benefit Limitation:29)&#xD;
	at com.kms.katalon.core.main.ScriptEngine.run(ScriptEngine.java:194)&#xD;
	at com.kms.katalon.core.main.ScriptEngine.runScriptAsRawText(ScriptEngine.java:119)&#xD;
	at com.kms.katalon.core.main.TestCaseExecutor.runScript(TestCaseExecutor.java:337)&#xD;
	at com.kms.katalon.core.main.TestCaseExecutor.doExecute(TestCaseExecutor.java:328)&#xD;
	at com.kms.katalon.core.main.TestCaseExecutor.processExecutionPhase(TestCaseExecutor.java:307)&#xD;
	at com.kms.katalon.core.main.TestCaseExecutor.accessMainPhase(TestCaseExecutor.java:299)&#xD;
	at com.kms.katalon.core.main.TestCaseExecutor.execute(TestCaseExecutor.java:233)&#xD;
	at com.kms.katalon.core.main.TestSuiteExecutor.accessTestCaseMainPhase(TestSuiteExecutor.java:133)&#xD;
	at com.kms.katalon.core.main.TestSuiteExecutor.accessTestSuiteMainPhase(TestSuiteExecutor.java:116)&#xD;
	at com.kms.katalon.core.main.TestSuiteExecutor.execute(TestSuiteExecutor.java:83)&#xD;
	at com.kms.katalon.core.main.TestCaseMain.startTestSuite(TestCaseMain.java:157)&#xD;
	at com.kms.katalon.core.main.TestCaseMain$startTestSuite$0.call(Unknown Source)&#xD;
	at TempTestSuite1568881703577.run(TempTestSuite1568881703577.groovy:35)&#xD;
Caused by: com.kms.katalon.core.exception.StepFailedException: Actual object 'false' and expected object 'true' are not equal&#xD;
	at com.kms.katalon.core.keyword.builtin.VerifyEqualKeyword$_verifyEqual_closure1.doCall(VerifyEqualKeyword.groovy:58)&#xD;
	at com.kms.katalon.core.keyword.builtin.VerifyEqualKeyword$_verifyEqual_closure1.call(VerifyEqualKeyword.groovy)&#xD;
	at com.kms.katalon.core.keyword.internal.KeywordMain.runKeyword(KeywordMain.groovy:68)&#xD;
	... 18 more</system-err>
        </testcase>
        <testcase name="Test Cases/AlterationScoringNBMajor/PRUmed Benefit Limitation/PRUmed Benefit Limitation" classname="Test Cases/AlterationScoringNBMajor/PRUmed Benefit Limitation/PRUmed Benefit Limitation" status="FAILED">
            <failure type="FAILED" message="Test Cases/AlterationScoringNBMajor/PRUmed Benefit Limitation/PRUmed Benefit Limitation FAILED.&#xA;Reason:&#xA;com.kms.katalon.core.exception.StepFailedException: Unable to verify equal between actual object 'false' and expected object 'true' (Root cause: com.kms.katalon.core.exception.StepFailedException: Actual object 'false' and expected object 'true' are not equal&#xD;&#xA;&#x9;at com.kms.katalon.core.keyword.builtin.VerifyEqualKeyword$_verifyEqual_closure1.doCall(VerifyEqualKeyword.groovy:58)&#xD;&#xA;&#x9;at com.kms.katalon.core.keyword.builtin.VerifyEqualKeyword$_verifyEqual_closure1.call(VerifyEqualKeyword.groovy)&#xD;&#xA;&#x9;at com.kms.katalon.core.keyword.internal.KeywordMain.runKeyword(KeywordMain.groovy:68)&#xD;&#xA;&#x9;at com.kms.katalon.core.keyword.builtin.VerifyEqualKeyword.verifyEqual(VerifyEqualKeyword.groovy:63)&#xD;&#xA;&#x9;at com.kms.katalon.core.keyword.builtin.VerifyEqualKeyword.execute(VerifyEqualKeyword.groovy:44)&#xD;&#xA;&#x9;at com.kms.katalon.core.keyword.internal.KeywordExecutor.executeKeywordForPlatform(KeywordExecutor.groovy:56)&#xD;&#xA;&#x9;at com.kms.katalon.core.keyword.BuiltinKeywords.verifyEqual(BuiltinKeywords.groovy:126)&#xD;&#xA;&#x9;at PRUmed Benefit Limitation.run(PRUmed Benefit Limitation:29)&#xD;&#xA;&#x9;at com.kms.katalon.core.main.ScriptEngine.run(ScriptEngine.java:194)&#xD;&#xA;&#x9;at com.kms.katalon.core.main.ScriptEngine.runScriptAsRawText(ScriptEngine.java:119)&#xD;&#xA;&#x9;at com.kms.katalon.core.main.TestCaseExecutor.runScript(TestCaseExecutor.java:337)&#xD;&#xA;&#x9;at com.kms.katalon.core.main.TestCaseExecutor.doExecute(TestCaseExecutor.java:328)&#xD;&#xA;&#x9;at com.kms.katalon.core.main.TestCaseExecutor.processExecutionPhase(TestCaseExecutor.java:307)&#xD;&#xA;&#x9;at com.kms.katalon.core.main.TestCaseExecutor.accessMainPhase(TestCaseExecutor.java:299)&#xD;&#xA;&#x9;at com.kms.katalon.core.main.TestCaseExecutor.execute(TestCaseExecutor.java:233)&#xD;&#xA;&#x9;at com.kms.katalon.core.main.TestSuiteExecutor.accessTestCaseMainPhase(TestSuiteExecutor.java:133)&#xD;&#xA;&#x9;at com.kms.katalon.core.main.TestSuiteExecutor.accessTestSuiteMainPhase(TestSuiteExecutor.java:116)&#xD;&#xA;&#x9;at com.kms.katalon.core.main.TestSuiteExecutor.execute(TestSuiteExecutor.java:83)&#xD;&#xA;&#x9;at com.kms.katalon.core.main.TestCaseMain.startTestSuite(TestCaseMain.java:157)&#xD;&#xA;&#x9;at com.kms.katalon.core.main.TestCaseMain$startTestSuite$0.call(Unknown Source)&#xD;&#xA;&#x9;at TempTestSuite1568881703577.run(TempTestSuite1568881703577.groovy:35)&#xD;&#xA;)&#xD;&#xA;&#x9;at com.kms.katalon.core.keyword.internal.KeywordMain.stepFailed(KeywordMain.groovy:39)&#xD;&#xA;&#x9;at com.kms.katalon.core.keyword.internal.KeywordMain.stepFailed(KeywordMain.groovy)&#xD;&#xA;&#x9;at com.kms.katalon.core.keyword.internal.KeywordMain.runKeyword(KeywordMain.groovy:70)&#xD;&#xA;&#x9;at com.kms.katalon.core.keyword.builtin.VerifyEqualKeyword.verifyEqual(VerifyEqualKeyword.groovy:63)&#xD;&#xA;&#x9;at com.kms.katalon.core.keyword.builtin.VerifyEqualKeyword.execute(VerifyEqualKeyword.groovy:44)&#xD;&#xA;&#x9;at com.kms.katalon.core.keyword.internal.KeywordExecutor.executeKeywordForPlatform(KeywordExecutor.groovy:56)&#xD;&#xA;&#x9;at com.kms.katalon.core.keyword.BuiltinKeywords.verifyEqual(BuiltinKeywords.groovy:126)&#xD;&#xA;&#x9;at PRUmed Benefit Limitation.run(PRUmed Benefit Limitation:29)&#xD;&#xA;&#x9;at com.kms.katalon.core.main.ScriptEngine.run(ScriptEngine.java:194)&#xD;&#xA;&#x9;at com.kms.katalon.core.main.ScriptEngine.runScriptAsRawText(ScriptEngine.java:119)&#xD;&#xA;&#x9;at com.kms.katalon.core.main.TestCaseExecutor.runScript(TestCaseExecutor.java:337)&#xD;&#xA;&#x9;at com.kms.katalon.core.main.TestCaseExecutor.doExecute(TestCaseExecutor.java:328)&#xD;&#xA;&#x9;at com.kms.katalon.core.main.TestCaseExecutor.processExecutionPhase(TestCaseExecutor.java:307)&#xD;&#xA;&#x9;at com.kms.katalon.core.main.TestCaseExecutor.accessMainPhase(TestCaseExecutor.java:299)&#xD;&#xA;&#x9;at com.kms.katalon.core.main.TestCaseExecutor.execute(TestCaseExecutor.java:233)&#xD;&#xA;&#x9;at com.kms.katalon.core.main.TestSuiteExecutor.accessTestCaseMainPhase(TestSuiteExecutor.java:133)&#xD;&#xA;&#x9;at com.kms.katalon.core.main.TestSuiteExecutor.accessTestSuiteMainPhase(TestSuiteExecutor.java:116)&#xD;&#xA;&#x9;at com.kms.katalon.core.main.TestSuiteExecutor.execute(TestSuiteExecutor.java:83)&#xD;&#xA;&#x9;at com.kms.katalon.core.main.TestCaseMain.startTestSuite(TestCaseMain.java:157)&#xD;&#xA;&#x9;at com.kms.katalon.core.main.TestCaseMain$startTestSuite$0.call(Unknown Source)&#xD;&#xA;&#x9;at TempTestSuite1568881703577.run(TempTestSuite1568881703577.groovy:35)&#xD;&#xA;Caused by: com.kms.katalon.core.exception.StepFailedException: Actual object 'false' and expected object 'true' are not equal&#xD;&#xA;&#x9;at com.kms.katalon.core.keyword.builtin.VerifyEqualKeyword$_verifyEqual_closure1.doCall(VerifyEqualKeyword.groovy:58)&#xD;&#xA;&#x9;at com.kms.katalon.core.keyword.builtin.VerifyEqualKeyword$_verifyEqual_closure1.call(VerifyEqualKeyword.groovy)&#xD;&#xA;&#x9;at com.kms.katalon.core.keyword.internal.KeywordMain.runKeyword(KeywordMain.groovy:68)&#xD;&#xA;&#x9;... 18 more&#xD;&#xA;"/>
            <system-out>2019-09-19 15:29:47 - [TEST_CASE][FAILED] - Test Cases/AlterationScoringNBMajor/PRUmed Benefit Limitation/PRUmed Benefit Limitation: Test Cases/AlterationScoringNBMajor/PRUmed Benefit Limitation/PRUmed Benefit Limitation FAILED.
Reason:
com.kms.katalon.core.exception.StepFailedException: Unable to verify equal between actual object 'false' and expected object 'true' (Root cause: com.kms.katalon.core.exception.StepFailedException: Actual object 'false' and expected object 'true' are not equal&#xD;
	at com.kms.katalon.core.keyword.builtin.VerifyEqualKeyword$_verifyEqual_closure1.doCall(VerifyEqualKeyword.groovy:58)&#xD;
	at com.kms.katalon.core.keyword.builtin.VerifyEqualKeyword$_verifyEqual_closure1.call(VerifyEqualKeyword.groovy)&#xD;
	at com.kms.katalon.core.keyword.internal.KeywordMain.runKeyword(KeywordMain.groovy:68)&#xD;
	at com.kms.katalon.core.keyword.builtin.VerifyEqualKeyword.verifyEqual(VerifyEqualKeyword.groovy:63)&#xD;
	at com.kms.katalon.core.keyword.builtin.VerifyEqualKeyword.execute(VerifyEqualKeyword.groovy:44)&#xD;
	at com.kms.katalon.core.keyword.internal.KeywordExecutor.executeKeywordForPlatform(KeywordExecutor.groovy:56)&#xD;
	at com.kms.katalon.core.keyword.BuiltinKeywords.verifyEqual(BuiltinKeywords.groovy:126)&#xD;
	at PRUmed Benefit Limitation.run(PRUmed Benefit Limitation:29)&#xD;
	at com.kms.katalon.core.main.ScriptEngine.run(ScriptEngine.java:194)&#xD;
	at com.kms.katalon.core.main.ScriptEngine.runScriptAsRawText(ScriptEngine.java:119)&#xD;
	at com.kms.katalon.core.main.TestCaseExecutor.runScript(TestCaseExecutor.java:337)&#xD;
	at com.kms.katalon.core.main.TestCaseExecutor.doExecute(TestCaseExecutor.java:328)&#xD;
	at com.kms.katalon.core.main.TestCaseExecutor.processExecutionPhase(TestCaseExecutor.java:307)&#xD;
	at com.kms.katalon.core.main.TestCaseExecutor.accessMainPhase(TestCaseExecutor.java:299)&#xD;
	at com.kms.katalon.core.main.TestCaseExecutor.execute(TestCaseExecutor.java:233)&#xD;
	at com.kms.katalon.core.main.TestSuiteExecutor.accessTestCaseMainPhase(TestSuiteExecutor.java:133)&#xD;
	at com.kms.katalon.core.main.TestSuiteExecutor.accessTestSuiteMainPhase(TestSuiteExecutor.java:116)&#xD;
	at com.kms.katalon.core.main.TestSuiteExecutor.execute(TestSuiteExecutor.java:83)&#xD;
	at com.kms.katalon.core.main.TestCaseMain.startTestSuite(TestCaseMain.java:157)&#xD;
	at com.kms.katalon.core.main.TestCaseMain$startTestSuite$0.call(Unknown Source)&#xD;
	at TempTestSuite1568881703577.run(TempTestSuite1568881703577.groovy:35)&#xD;
)&#xD;
	at com.kms.katalon.core.keyword.internal.KeywordMain.stepFailed(KeywordMain.groovy:39)&#xD;
	at com.kms.katalon.core.keyword.internal.KeywordMain.stepFailed(KeywordMain.groovy)&#xD;
	at com.kms.katalon.core.keyword.internal.KeywordMain.runKeyword(KeywordMain.groovy:70)&#xD;
	at com.kms.katalon.core.keyword.builtin.VerifyEqualKeyword.verifyEqual(VerifyEqualKeyword.groovy:63)&#xD;
	at com.kms.katalon.core.keyword.builtin.VerifyEqualKeyword.execute(VerifyEqualKeyword.groovy:44)&#xD;
	at com.kms.katalon.core.keyword.internal.KeywordExecutor.executeKeywordForPlatform(KeywordExecutor.groovy:56)&#xD;
	at com.kms.katalon.core.keyword.BuiltinKeywords.verifyEqual(BuiltinKeywords.groovy:126)&#xD;
	at PRUmed Benefit Limitation.run(PRUmed Benefit Limitation:29)&#xD;
	at com.kms.katalon.core.main.ScriptEngine.run(ScriptEngine.java:194)&#xD;
	at com.kms.katalon.core.main.ScriptEngine.runScriptAsRawText(ScriptEngine.java:119)&#xD;
	at com.kms.katalon.core.main.TestCaseExecutor.runScript(TestCaseExecutor.java:337)&#xD;
	at com.kms.katalon.core.main.TestCaseExecutor.doExecute(TestCaseExecutor.java:328)&#xD;
	at com.kms.katalon.core.main.TestCaseExecutor.processExecutionPhase(TestCaseExecutor.java:307)&#xD;
	at com.kms.katalon.core.main.TestCaseExecutor.accessMainPhase(TestCaseExecutor.java:299)&#xD;
	at com.kms.katalon.core.main.TestCaseExecutor.execute(TestCaseExecutor.java:233)&#xD;
	at com.kms.katalon.core.main.TestSuiteExecutor.accessTestCaseMainPhase(TestSuiteExecutor.java:133)&#xD;
	at com.kms.katalon.core.main.TestSuiteExecutor.accessTestSuiteMainPhase(TestSuiteExecutor.java:116)&#xD;
	at com.kms.katalon.core.main.TestSuiteExecutor.execute(TestSuiteExecutor.java:83)&#xD;
	at com.kms.katalon.core.main.TestCaseMain.startTestSuite(TestCaseMain.java:157)&#xD;
	at com.kms.katalon.core.main.TestCaseMain$startTestSuite$0.call(Unknown Source)&#xD;
	at TempTestSuite1568881703577.run(TempTestSuite1568881703577.groovy:35)&#xD;
Caused by: com.kms.katalon.core.exception.StepFailedException: Actual object 'false' and expected object 'true' are not equal&#xD;
	at com.kms.katalon.core.keyword.builtin.VerifyEqualKeyword$_verifyEqual_closure1.doCall(VerifyEqualKeyword.groovy:58)&#xD;
	at com.kms.katalon.core.keyword.builtin.VerifyEqualKeyword$_verifyEqual_closure1.call(VerifyEqualKeyword.groovy)&#xD;
	at com.kms.katalon.core.keyword.internal.KeywordMain.runKeyword(KeywordMain.groovy:68)&#xD;
	... 18 more&#xD;
&#xD;
&#xD;
2019-09-19 15:29:48 - [TEST_STEP][PASSED] - response = sendRequest(findTestObject("AlterationScroingNBMajor/PRUmed Benefit Limitation/Version 1.0_Check_1.391/Request Object", ["transactionType":transactionType, "clientType":clientType, "role":role, "subAlter":subAlter, "eviCode":eviCode, "riderCode":riderCode, ... ])): Send request successfully&#xD;
&#xD;
2019-09-19 15:29:48 - [MESSAGE][INFO] - HAR: C:\SURYAPURBA\PHS\PHS-BRMS\Reports\AlterationScoringNBMajor\PRUmed Benefit Limitation\20190919_152823\requests\main\71.har&#xD;
&#xD;
2019-09-19 15:29:48 - [MESSAGE][PASSED] - Send request successfully&#xD;
&#xD;
2019-09-19 15:29:48 - [TEST_STEP][PASSED] - slurper = new groovy.json.JsonSlurper(): null&#xD;
&#xD;
2019-09-19 15:29:48 - [TEST_STEP][PASSED] - parsingResponse = slurper.parseText(response.getResponseText()): null&#xD;
&#xD;
2019-09-19 15:29:48 - [TEST_STEP][PASSED] - println(parsingResponse): null&#xD;
&#xD;
2019-09-19 15:29:48 - [TEST_STEP][PASSED] - evidenceCode = evidenceCode: null&#xD;
&#xD;
2019-09-19 15:29:48 - [TEST_STEP][PASSED] - println(evidenceCode): null&#xD;
&#xD;
2019-09-19 15:29:48 - [TEST_STEP][PASSED] - println(expectedEvidenceCode): null&#xD;
&#xD;
2019-09-19 15:29:48 - [TEST_STEP][FAILED] - if (expectedEvidenceCode != "STD"): null&#xD;
&#xD;
2019-09-19 15:29:48 - [TEST_STEP][PASSED] - actual = description == expectedDescription: null&#xD;
&#xD;
2019-09-19 15:29:48 - [TEST_STEP][FAILED] - verifyEqual(actual, true, CONTINUE_ON_FAILURE): Unable to verify equal between actual object 'false' and expected object 'true' (Root cause: com.kms.katalon.core.exception.StepFailedException: Actual object 'false' and expected object 'true' are not equal&#xD;
	at com.kms.katalon.core.keyword.builtin.VerifyEqualKeyword$_verifyEqual_closure1.doCall(VerifyEqualKeyword.groovy:58)&#xD;
	at com.kms.katalon.core.keyword.builtin.VerifyEqualKeyword$_verifyEqual_closure1.call(VerifyEqualKeyword.groovy)&#xD;
	at com.kms.katalon.core.keyword.internal.KeywordMain.runKeyword(KeywordMain.groovy:68)&#xD;
	at com.kms.katalon.core.keyword.builtin.VerifyEqualKeyword.verifyEqual(VerifyEqualKeyword.groovy:63)&#xD;
	at com.kms.katalon.core.keyword.builtin.VerifyEqualKeyword.execute(VerifyEqualKeyword.groovy:44)&#xD;
	at com.kms.katalon.core.keyword.internal.KeywordExecutor.executeKeywordForPlatform(KeywordExecutor.groovy:56)&#xD;
	at com.kms.katalon.core.keyword.BuiltinKeywords.verifyEqual(BuiltinKeywords.groovy:126)&#xD;
	at PRUmed Benefit Limitation.run(PRUmed Benefit Limitation:29)&#xD;
	at com.kms.katalon.core.main.ScriptEngine.run(ScriptEngine.java:194)&#xD;
	at com.kms.katalon.core.main.ScriptEngine.runScriptAsRawText(ScriptEngine.java:119)&#xD;
	at com.kms.katalon.core.main.TestCaseExecutor.runScript(TestCaseExecutor.java:337)&#xD;
	at com.kms.katalon.core.main.TestCaseExecutor.doExecute(TestCaseExecutor.java:328)&#xD;
	at com.kms.katalon.core.main.TestCaseExecutor.processExecutionPhase(TestCaseExecutor.java:307)&#xD;
	at com.kms.katalon.core.main.TestCaseExecutor.accessMainPhase(TestCaseExecutor.java:299)&#xD;
	at com.kms.katalon.core.main.TestCaseExecutor.execute(TestCaseExecutor.java:233)&#xD;
	at com.kms.katalon.core.main.TestSuiteExecutor.accessTestCaseMainPhase(TestSuiteExecutor.java:133)&#xD;
	at com.kms.katalon.core.main.TestSuiteExecutor.accessTestSuiteMainPhase(TestSuiteExecutor.java:116)&#xD;
	at com.kms.katalon.core.main.TestSuiteExecutor.execute(TestSuiteExecutor.java:83)&#xD;
	at com.kms.katalon.core.main.TestCaseMain.startTestSuite(TestCaseMain.java:157)&#xD;
	at com.kms.katalon.core.main.TestCaseMain$startTestSuite$0.call(Unknown Source)&#xD;
	at TempTestSuite1568881703577.run(TempTestSuite1568881703577.groovy:35)&#xD;
)&#xD;
&#xD;
2019-09-19 15:29:48 - [MESSAGE][FAILED] - Unable to verify equal between actual object 'false' and expected object 'true' (Root cause: com.kms.katalon.core.exception.StepFailedException: Actual object 'false' and expected object 'true' are not equal&#xD;
	at com.kms.katalon.core.keyword.builtin.VerifyEqualKeyword$_verifyEqual_closure1.doCall(VerifyEqualKeyword.groovy:58)&#xD;
	at com.kms.katalon.core.keyword.builtin.VerifyEqualKeyword$_verifyEqual_closure1.call(VerifyEqualKeyword.groovy)&#xD;
	at com.kms.katalon.core.keyword.internal.KeywordMain.runKeyword(KeywordMain.groovy:68)&#xD;
	at com.kms.katalon.core.keyword.builtin.VerifyEqualKeyword.verifyEqual(VerifyEqualKeyword.groovy:63)&#xD;
	at com.kms.katalon.core.keyword.builtin.VerifyEqualKeyword.execute(VerifyEqualKeyword.groovy:44)&#xD;
	at com.kms.katalon.core.keyword.internal.KeywordExecutor.executeKeywordForPlatform(KeywordExecutor.groovy:56)&#xD;
	at com.kms.katalon.core.keyword.BuiltinKeywords.verifyEqual(BuiltinKeywords.groovy:126)&#xD;
	at PRUmed Benefit Limitation.run(PRUmed Benefit Limitation:29)&#xD;
	at com.kms.katalon.core.main.ScriptEngine.run(ScriptEngine.java:194)&#xD;
	at com.kms.katalon.core.main.ScriptEngine.runScriptAsRawText(ScriptEngine.java:119)&#xD;
	at com.kms.katalon.core.main.TestCaseExecutor.runScript(TestCaseExecutor.java:337)&#xD;
	at com.kms.katalon.core.main.TestCaseExecutor.doExecute(TestCaseExecutor.java:328)&#xD;
	at com.kms.katalon.core.main.TestCaseExecutor.processExecutionPhase(TestCaseExecutor.java:307)&#xD;
	at com.kms.katalon.core.main.TestCaseExecutor.accessMainPhase(TestCaseExecutor.java:299)&#xD;
	at com.kms.katalon.core.main.TestCaseExecutor.execute(TestCaseExecutor.java:233)&#xD;
	at com.kms.katalon.core.main.TestSuiteExecutor.accessTestCaseMainPhase(TestSuiteExecutor.java:133)&#xD;
	at com.kms.katalon.core.main.TestSuiteExecutor.accessTestSuiteMainPhase(TestSuiteExecutor.java:116)&#xD;
	at com.kms.katalon.core.main.TestSuiteExecutor.execute(TestSuiteExecutor.java:83)&#xD;
	at com.kms.katalon.core.main.TestCaseMain.startTestSuite(TestCaseMain.java:157)&#xD;
	at com.kms.katalon.core.main.TestCaseMain$startTestSuite$0.call(Unknown Source)&#xD;
	at TempTestSuite1568881703577.run(TempTestSuite1568881703577.groovy:35)&#xD;
)&#xD;
&#xD;
2019-09-19 15:29:48 - [TEST_STEP][PASSED] - if (actual == false): null&#xD;
&#xD;
2019-09-19 15:29:48 - [TEST_STEP][PASSED] - println("Evidence code tidak sesuai dengan expected evidence code"): null&#xD;
&#xD;
2019-09-19 15:29:48 - [TEST_STEP][PASSED] - verifyResponseStatusCode(response, 200): Verify response status code successfully&#xD;
&#xD;
2019-09-19 15:29:48 - [MESSAGE][PASSED] - Verify response status code successfully</system-out>
            <system-err>2019-09-19 15:29:47 - [TEST_CASE][FAILED] - Test Cases/AlterationScoringNBMajor/PRUmed Benefit Limitation/PRUmed Benefit Limitation: Test Cases/AlterationScoringNBMajor/PRUmed Benefit Limitation/PRUmed Benefit Limitation FAILED.
Reason:
com.kms.katalon.core.exception.StepFailedException: Unable to verify equal between actual object 'false' and expected object 'true' (Root cause: com.kms.katalon.core.exception.StepFailedException: Actual object 'false' and expected object 'true' are not equal&#xD;
	at com.kms.katalon.core.keyword.builtin.VerifyEqualKeyword$_verifyEqual_closure1.doCall(VerifyEqualKeyword.groovy:58)&#xD;
	at com.kms.katalon.core.keyword.builtin.VerifyEqualKeyword$_verifyEqual_closure1.call(VerifyEqualKeyword.groovy)&#xD;
	at com.kms.katalon.core.keyword.internal.KeywordMain.runKeyword(KeywordMain.groovy:68)&#xD;
	at com.kms.katalon.core.keyword.builtin.VerifyEqualKeyword.verifyEqual(VerifyEqualKeyword.groovy:63)&#xD;
	at com.kms.katalon.core.keyword.builtin.VerifyEqualKeyword.execute(VerifyEqualKeyword.groovy:44)&#xD;
	at com.kms.katalon.core.keyword.internal.KeywordExecutor.executeKeywordForPlatform(KeywordExecutor.groovy:56)&#xD;
	at com.kms.katalon.core.keyword.BuiltinKeywords.verifyEqual(BuiltinKeywords.groovy:126)&#xD;
	at PRUmed Benefit Limitation.run(PRUmed Benefit Limitation:29)&#xD;
	at com.kms.katalon.core.main.ScriptEngine.run(ScriptEngine.java:194)&#xD;
	at com.kms.katalon.core.main.ScriptEngine.runScriptAsRawText(ScriptEngine.java:119)&#xD;
	at com.kms.katalon.core.main.TestCaseExecutor.runScript(TestCaseExecutor.java:337)&#xD;
	at com.kms.katalon.core.main.TestCaseExecutor.doExecute(TestCaseExecutor.java:328)&#xD;
	at com.kms.katalon.core.main.TestCaseExecutor.processExecutionPhase(TestCaseExecutor.java:307)&#xD;
	at com.kms.katalon.core.main.TestCaseExecutor.accessMainPhase(TestCaseExecutor.java:299)&#xD;
	at com.kms.katalon.core.main.TestCaseExecutor.execute(TestCaseExecutor.java:233)&#xD;
	at com.kms.katalon.core.main.TestSuiteExecutor.accessTestCaseMainPhase(TestSuiteExecutor.java:133)&#xD;
	at com.kms.katalon.core.main.TestSuiteExecutor.accessTestSuiteMainPhase(TestSuiteExecutor.java:116)&#xD;
	at com.kms.katalon.core.main.TestSuiteExecutor.execute(TestSuiteExecutor.java:83)&#xD;
	at com.kms.katalon.core.main.TestCaseMain.startTestSuite(TestCaseMain.java:157)&#xD;
	at com.kms.katalon.core.main.TestCaseMain$startTestSuite$0.call(Unknown Source)&#xD;
	at TempTestSuite1568881703577.run(TempTestSuite1568881703577.groovy:35)&#xD;
)&#xD;
	at com.kms.katalon.core.keyword.internal.KeywordMain.stepFailed(KeywordMain.groovy:39)&#xD;
	at com.kms.katalon.core.keyword.internal.KeywordMain.stepFailed(KeywordMain.groovy)&#xD;
	at com.kms.katalon.core.keyword.internal.KeywordMain.runKeyword(KeywordMain.groovy:70)&#xD;
	at com.kms.katalon.core.keyword.builtin.VerifyEqualKeyword.verifyEqual(VerifyEqualKeyword.groovy:63)&#xD;
	at com.kms.katalon.core.keyword.builtin.VerifyEqualKeyword.execute(VerifyEqualKeyword.groovy:44)&#xD;
	at com.kms.katalon.core.keyword.internal.KeywordExecutor.executeKeywordForPlatform(KeywordExecutor.groovy:56)&#xD;
	at com.kms.katalon.core.keyword.BuiltinKeywords.verifyEqual(BuiltinKeywords.groovy:126)&#xD;
	at PRUmed Benefit Limitation.run(PRUmed Benefit Limitation:29)&#xD;
	at com.kms.katalon.core.main.ScriptEngine.run(ScriptEngine.java:194)&#xD;
	at com.kms.katalon.core.main.ScriptEngine.runScriptAsRawText(ScriptEngine.java:119)&#xD;
	at com.kms.katalon.core.main.TestCaseExecutor.runScript(TestCaseExecutor.java:337)&#xD;
	at com.kms.katalon.core.main.TestCaseExecutor.doExecute(TestCaseExecutor.java:328)&#xD;
	at com.kms.katalon.core.main.TestCaseExecutor.processExecutionPhase(TestCaseExecutor.java:307)&#xD;
	at com.kms.katalon.core.main.TestCaseExecutor.accessMainPhase(TestCaseExecutor.java:299)&#xD;
	at com.kms.katalon.core.main.TestCaseExecutor.execute(TestCaseExecutor.java:233)&#xD;
	at com.kms.katalon.core.main.TestSuiteExecutor.accessTestCaseMainPhase(TestSuiteExecutor.java:133)&#xD;
	at com.kms.katalon.core.main.TestSuiteExecutor.accessTestSuiteMainPhase(TestSuiteExecutor.java:116)&#xD;
	at com.kms.katalon.core.main.TestSuiteExecutor.execute(TestSuiteExecutor.java:83)&#xD;
	at com.kms.katalon.core.main.TestCaseMain.startTestSuite(TestCaseMain.java:157)&#xD;
	at com.kms.katalon.core.main.TestCaseMain$startTestSuite$0.call(Unknown Source)&#xD;
	at TempTestSuite1568881703577.run(TempTestSuite1568881703577.groovy:35)&#xD;
Caused by: com.kms.katalon.core.exception.StepFailedException: Actual object 'false' and expected object 'true' are not equal&#xD;
	at com.kms.katalon.core.keyword.builtin.VerifyEqualKeyword$_verifyEqual_closure1.doCall(VerifyEqualKeyword.groovy:58)&#xD;
	at com.kms.katalon.core.keyword.builtin.VerifyEqualKeyword$_verifyEqual_closure1.call(VerifyEqualKeyword.groovy)&#xD;
	at com.kms.katalon.core.keyword.internal.KeywordMain.runKeyword(KeywordMain.groovy:68)&#xD;
	... 18 more</system-err>
        </testcase>
        <testcase name="Test Cases/AlterationScoringNBMajor/PRUmed Benefit Limitation/PRUmed Benefit Limitation" classname="Test Cases/AlterationScoringNBMajor/PRUmed Benefit Limitation/PRUmed Benefit Limitation" status="PASSED">
            <system-out>2019-09-19 15:29:50 - [TEST_CASE][PASSED] - Test Cases/AlterationScoringNBMajor/PRUmed Benefit Limitation/PRUmed Benefit Limitation: Test Cases/AlterationScoringNBMajor/PRUmed Benefit Limitation/PRUmed Benefit Limitation&#xD;
&#xD;
2019-09-19 15:29:50 - [TEST_STEP][PASSED] - response = sendRequest(findTestObject("AlterationScroingNBMajor/PRUmed Benefit Limitation/Version 1.0_Check_1.391/Request Object", ["transactionType":transactionType, "clientType":clientType, "role":role, "subAlter":subAlter, "eviCode":eviCode, "riderCode":riderCode, ... ])): Send request successfully&#xD;
&#xD;
2019-09-19 15:29:50 - [MESSAGE][INFO] - HAR: C:\SURYAPURBA\PHS\PHS-BRMS\Reports\AlterationScoringNBMajor\PRUmed Benefit Limitation\20190919_152823\requests\main\72.har&#xD;
&#xD;
2019-09-19 15:29:50 - [MESSAGE][PASSED] - Send request successfully&#xD;
&#xD;
2019-09-19 15:29:50 - [TEST_STEP][PASSED] - slurper = new groovy.json.JsonSlurper(): null&#xD;
&#xD;
2019-09-19 15:29:50 - [TEST_STEP][PASSED] - parsingResponse = slurper.parseText(response.getResponseText()): null&#xD;
&#xD;
2019-09-19 15:29:50 - [TEST_STEP][PASSED] - println(parsingResponse): null&#xD;
&#xD;
2019-09-19 15:29:50 - [TEST_STEP][PASSED] - evidenceCode = evidenceCode: null&#xD;
&#xD;
2019-09-19 15:29:50 - [TEST_STEP][PASSED] - println(evidenceCode): null&#xD;
&#xD;
2019-09-19 15:29:50 - [TEST_STEP][PASSED] - println(expectedEvidenceCode): null&#xD;
&#xD;
2019-09-19 15:29:50 - [TEST_STEP][PASSED] - if (expectedEvidenceCode != "STD"): null&#xD;
&#xD;
2019-09-19 15:29:50 - [TEST_STEP][PASSED] - verifyResponseStatusCode(response, 200): Verify response status code successfully&#xD;
&#xD;
2019-09-19 15:29:50 - [MESSAGE][PASSED] - Verify response status code successfully</system-out>
            <system-err></system-err>
        </testcase>
        <testcase name="Test Cases/AlterationScoringNBMajor/PRUmed Benefit Limitation/PRUmed Benefit Limitation" classname="Test Cases/AlterationScoringNBMajor/PRUmed Benefit Limitation/PRUmed Benefit Limitation" status="PASSED">
            <system-out>2019-09-19 15:29:50 - [TEST_CASE][PASSED] - Test Cases/AlterationScoringNBMajor/PRUmed Benefit Limitation/PRUmed Benefit Limitation: Test Cases/AlterationScoringNBMajor/PRUmed Benefit Limitation/PRUmed Benefit Limitation&#xD;
&#xD;
2019-09-19 15:29:50 - [TEST_STEP][PASSED] - response = sendRequest(findTestObject("AlterationScroingNBMajor/PRUmed Benefit Limitation/Version 1.0_Check_1.391/Request Object", ["transactionType":transactionType, "clientType":clientType, "role":role, "subAlter":subAlter, "eviCode":eviCode, "riderCode":riderCode, ... ])): Send request successfully&#xD;
&#xD;
2019-09-19 15:29:50 - [MESSAGE][INFO] - HAR: C:\SURYAPURBA\PHS\PHS-BRMS\Reports\AlterationScoringNBMajor\PRUmed Benefit Limitation\20190919_152823\requests\main\73.har&#xD;
&#xD;
2019-09-19 15:29:50 - [MESSAGE][PASSED] - Send request successfully&#xD;
&#xD;
2019-09-19 15:29:50 - [TEST_STEP][PASSED] - slurper = new groovy.json.JsonSlurper(): null&#xD;
&#xD;
2019-09-19 15:29:50 - [TEST_STEP][PASSED] - parsingResponse = slurper.parseText(response.getResponseText()): null&#xD;
&#xD;
2019-09-19 15:29:50 - [TEST_STEP][PASSED] - println(parsingResponse): null&#xD;
&#xD;
2019-09-19 15:29:50 - [TEST_STEP][PASSED] - evidenceCode = evidenceCode: null&#xD;
&#xD;
2019-09-19 15:29:50 - [TEST_STEP][PASSED] - println(evidenceCode): null&#xD;
&#xD;
2019-09-19 15:29:50 - [TEST_STEP][PASSED] - println(expectedEvidenceCode): null&#xD;
&#xD;
2019-09-19 15:29:50 - [TEST_STEP][PASSED] - if (expectedEvidenceCode != "STD"): null&#xD;
&#xD;
2019-09-19 15:29:50 - [TEST_STEP][PASSED] - verifyResponseStatusCode(response, 200): Verify response status code successfully&#xD;
&#xD;
2019-09-19 15:29:50 - [MESSAGE][PASSED] - Verify response status code successfully</system-out>
            <system-err></system-err>
        </testcase>
        <testcase name="Test Cases/AlterationScoringNBMajor/PRUmed Benefit Limitation/PRUmed Benefit Limitation" classname="Test Cases/AlterationScoringNBMajor/PRUmed Benefit Limitation/PRUmed Benefit Limitation" status="PASSED">
            <system-out>2019-09-19 15:29:50 - [TEST_CASE][PASSED] - Test Cases/AlterationScoringNBMajor/PRUmed Benefit Limitation/PRUmed Benefit Limitation: Test Cases/AlterationScoringNBMajor/PRUmed Benefit Limitation/PRUmed Benefit Limitation&#xD;
&#xD;
2019-09-19 15:29:51 - [TEST_STEP][PASSED] - response = sendRequest(findTestObject("AlterationScroingNBMajor/PRUmed Benefit Limitation/Version 1.0_Check_1.391/Request Object", ["transactionType":transactionType, "clientType":clientType, "role":role, "subAlter":subAlter, "eviCode":eviCode, "riderCode":riderCode, ... ])): Send request successfully&#xD;
&#xD;
2019-09-19 15:29:51 - [MESSAGE][INFO] - HAR: C:\SURYAPURBA\PHS\PHS-BRMS\Reports\AlterationScoringNBMajor\PRUmed Benefit Limitation\20190919_152823\requests\main\74.har&#xD;
&#xD;
2019-09-19 15:29:51 - [MESSAGE][PASSED] - Send request successfully&#xD;
&#xD;
2019-09-19 15:29:51 - [TEST_STEP][PASSED] - slurper = new groovy.json.JsonSlurper(): null&#xD;
&#xD;
2019-09-19 15:29:51 - [TEST_STEP][PASSED] - parsingResponse = slurper.parseText(response.getResponseText()): null&#xD;
&#xD;
2019-09-19 15:29:51 - [TEST_STEP][PASSED] - println(parsingResponse): null&#xD;
&#xD;
2019-09-19 15:29:52 - [TEST_STEP][PASSED] - evidenceCode = evidenceCode: null&#xD;
&#xD;
2019-09-19 15:29:52 - [TEST_STEP][PASSED] - println(evidenceCode): null&#xD;
&#xD;
2019-09-19 15:29:52 - [TEST_STEP][PASSED] - println(expectedEvidenceCode): null&#xD;
&#xD;
2019-09-19 15:29:52 - [TEST_STEP][PASSED] - if (expectedEvidenceCode != "STD"): null&#xD;
&#xD;
2019-09-19 15:29:52 - [TEST_STEP][PASSED] - verifyResponseStatusCode(response, 200): Verify response status code successfully&#xD;
&#xD;
2019-09-19 15:29:52 - [MESSAGE][PASSED] - Verify response status code successfully</system-out>
            <system-err></system-err>
        </testcase>
        <testcase name="Test Cases/AlterationScoringNBMajor/PRUmed Benefit Limitation/PRUmed Benefit Limitation" classname="Test Cases/AlterationScoringNBMajor/PRUmed Benefit Limitation/PRUmed Benefit Limitation" status="PASSED">
            <system-out>2019-09-19 15:29:52 - [TEST_CASE][PASSED] - Test Cases/AlterationScoringNBMajor/PRUmed Benefit Limitation/PRUmed Benefit Limitation: Test Cases/AlterationScoringNBMajor/PRUmed Benefit Limitation/PRUmed Benefit Limitation&#xD;
&#xD;
2019-09-19 15:29:52 - [TEST_STEP][PASSED] - response = sendRequest(findTestObject("AlterationScroingNBMajor/PRUmed Benefit Limitation/Version 1.0_Check_1.391/Request Object", ["transactionType":transactionType, "clientType":clientType, "role":role, "subAlter":subAlter, "eviCode":eviCode, "riderCode":riderCode, ... ])): Send request successfully&#xD;
&#xD;
2019-09-19 15:29:52 - [MESSAGE][INFO] - HAR: C:\SURYAPURBA\PHS\PHS-BRMS\Reports\AlterationScoringNBMajor\PRUmed Benefit Limitation\20190919_152823\requests\main\75.har&#xD;
&#xD;
2019-09-19 15:29:52 - [MESSAGE][PASSED] - Send request successfully&#xD;
&#xD;
2019-09-19 15:29:52 - [TEST_STEP][PASSED] - slurper = new groovy.json.JsonSlurper(): null&#xD;
&#xD;
2019-09-19 15:29:52 - [TEST_STEP][PASSED] - parsingResponse = slurper.parseText(response.getResponseText()): null&#xD;
&#xD;
2019-09-19 15:29:52 - [TEST_STEP][PASSED] - println(parsingResponse): null&#xD;
&#xD;
2019-09-19 15:29:52 - [TEST_STEP][PASSED] - evidenceCode = evidenceCode: null&#xD;
&#xD;
2019-09-19 15:29:52 - [TEST_STEP][PASSED] - println(evidenceCode): null&#xD;
&#xD;
2019-09-19 15:29:53 - [TEST_STEP][PASSED] - println(expectedEvidenceCode): null&#xD;
&#xD;
2019-09-19 15:29:53 - [TEST_STEP][PASSED] - if (expectedEvidenceCode != "STD"): null&#xD;
&#xD;
2019-09-19 15:29:53 - [TEST_STEP][PASSED] - verifyResponseStatusCode(response, 200): Verify response status code successfully&#xD;
&#xD;
2019-09-19 15:29:53 - [MESSAGE][PASSED] - Verify response status code successfully</system-out>
            <system-err></system-err>
        </testcase>
        <testcase name="Test Cases/AlterationScoringNBMajor/PRUmed Benefit Limitation/PRUmed Benefit Limitation" classname="Test Cases/AlterationScoringNBMajor/PRUmed Benefit Limitation/PRUmed Benefit Limitation" status="PASSED">
            <system-out>2019-09-19 15:29:53 - [TEST_CASE][PASSED] - Test Cases/AlterationScoringNBMajor/PRUmed Benefit Limitation/PRUmed Benefit Limitation: Test Cases/AlterationScoringNBMajor/PRUmed Benefit Limitation/PRUmed Benefit Limitation&#xD;
&#xD;
2019-09-19 15:29:54 - [TEST_STEP][PASSED] - response = sendRequest(findTestObject("AlterationScroingNBMajor/PRUmed Benefit Limitation/Version 1.0_Check_1.391/Request Object", ["transactionType":transactionType, "clientType":clientType, "role":role, "subAlter":subAlter, "eviCode":eviCode, "riderCode":riderCode, ... ])): Send request successfully&#xD;
&#xD;
2019-09-19 15:29:54 - [MESSAGE][INFO] - HAR: C:\SURYAPURBA\PHS\PHS-BRMS\Reports\AlterationScoringNBMajor\PRUmed Benefit Limitation\20190919_152823\requests\main\76.har&#xD;
&#xD;
2019-09-19 15:29:54 - [MESSAGE][PASSED] - Send request successfully&#xD;
&#xD;
2019-09-19 15:29:54 - [TEST_STEP][PASSED] - slurper = new groovy.json.JsonSlurper(): null&#xD;
&#xD;
2019-09-19 15:29:54 - [TEST_STEP][PASSED] - parsingResponse = slurper.parseText(response.getResponseText()): null&#xD;
&#xD;
2019-09-19 15:29:54 - [TEST_STEP][PASSED] - println(parsingResponse): null&#xD;
&#xD;
2019-09-19 15:29:54 - [TEST_STEP][PASSED] - evidenceCode = evidenceCode: null&#xD;
&#xD;
2019-09-19 15:29:54 - [TEST_STEP][PASSED] - println(evidenceCode): null&#xD;
&#xD;
2019-09-19 15:29:54 - [TEST_STEP][PASSED] - println(expectedEvidenceCode): null&#xD;
&#xD;
2019-09-19 15:29:54 - [TEST_STEP][PASSED] - if (expectedEvidenceCode != "STD"): null&#xD;
&#xD;
2019-09-19 15:29:55 - [TEST_STEP][PASSED] - verifyResponseStatusCode(response, 200): Verify response status code successfully&#xD;
&#xD;
2019-09-19 15:29:55 - [MESSAGE][PASSED] - Verify response status code successfully</system-out>
            <system-err></system-err>
        </testcase>
        <testcase name="Test Cases/AlterationScoringNBMajor/PRUmed Benefit Limitation/PRUmed Benefit Limitation" classname="Test Cases/AlterationScoringNBMajor/PRUmed Benefit Limitation/PRUmed Benefit Limitation" status="PASSED">
            <system-out>2019-09-19 15:29:55 - [TEST_CASE][PASSED] - Test Cases/AlterationScoringNBMajor/PRUmed Benefit Limitation/PRUmed Benefit Limitation: Test Cases/AlterationScoringNBMajor/PRUmed Benefit Limitation/PRUmed Benefit Limitation&#xD;
&#xD;
2019-09-19 15:29:55 - [TEST_STEP][PASSED] - response = sendRequest(findTestObject("AlterationScroingNBMajor/PRUmed Benefit Limitation/Version 1.0_Check_1.391/Request Object", ["transactionType":transactionType, "clientType":clientType, "role":role, "subAlter":subAlter, "eviCode":eviCode, "riderCode":riderCode, ... ])): Send request successfully&#xD;
&#xD;
2019-09-19 15:29:55 - [MESSAGE][INFO] - HAR: C:\SURYAPURBA\PHS\PHS-BRMS\Reports\AlterationScoringNBMajor\PRUmed Benefit Limitation\20190919_152823\requests\main\77.har&#xD;
&#xD;
2019-09-19 15:29:55 - [MESSAGE][PASSED] - Send request successfully&#xD;
&#xD;
2019-09-19 15:29:56 - [TEST_STEP][PASSED] - slurper = new groovy.json.JsonSlurper(): null&#xD;
&#xD;
2019-09-19 15:29:56 - [TEST_STEP][PASSED] - parsingResponse = slurper.parseText(response.getResponseText()): null&#xD;
&#xD;
2019-09-19 15:29:56 - [TEST_STEP][PASSED] - println(parsingResponse): null&#xD;
&#xD;
2019-09-19 15:29:56 - [TEST_STEP][PASSED] - evidenceCode = evidenceCode: null&#xD;
&#xD;
2019-09-19 15:29:56 - [TEST_STEP][PASSED] - println(evidenceCode): null&#xD;
&#xD;
2019-09-19 15:29:56 - [TEST_STEP][PASSED] - println(expectedEvidenceCode): null&#xD;
&#xD;
2019-09-19 15:29:56 - [TEST_STEP][PASSED] - if (expectedEvidenceCode != "STD"): null&#xD;
&#xD;
2019-09-19 15:29:56 - [TEST_STEP][PASSED] - verifyResponseStatusCode(response, 200): Verify response status code successfully&#xD;
&#xD;
2019-09-19 15:29:56 - [MESSAGE][PASSED] - Verify response status code successfully</system-out>
            <system-err></system-err>
        </testcase>
        <testcase name="Test Cases/AlterationScoringNBMajor/PRUmed Benefit Limitation/PRUmed Benefit Limitation" classname="Test Cases/AlterationScoringNBMajor/PRUmed Benefit Limitation/PRUmed Benefit Limitation" status="PASSED">
            <system-out>2019-09-19 15:29:57 - [TEST_CASE][PASSED] - Test Cases/AlterationScoringNBMajor/PRUmed Benefit Limitation/PRUmed Benefit Limitation: Test Cases/AlterationScoringNBMajor/PRUmed Benefit Limitation/PRUmed Benefit Limitation&#xD;
&#xD;
2019-09-19 15:29:57 - [TEST_STEP][PASSED] - response = sendRequest(findTestObject("AlterationScroingNBMajor/PRUmed Benefit Limitation/Version 1.0_Check_1.391/Request Object", ["transactionType":transactionType, "clientType":clientType, "role":role, "subAlter":subAlter, "eviCode":eviCode, "riderCode":riderCode, ... ])): Send request successfully&#xD;
&#xD;
2019-09-19 15:29:57 - [MESSAGE][INFO] - HAR: C:\SURYAPURBA\PHS\PHS-BRMS\Reports\AlterationScoringNBMajor\PRUmed Benefit Limitation\20190919_152823\requests\main\78.har&#xD;
&#xD;
2019-09-19 15:29:57 - [MESSAGE][PASSED] - Send request successfully&#xD;
&#xD;
2019-09-19 15:29:57 - [TEST_STEP][PASSED] - slurper = new groovy.json.JsonSlurper(): null&#xD;
&#xD;
2019-09-19 15:29:58 - [TEST_STEP][PASSED] - parsingResponse = slurper.parseText(response.getResponseText()): null&#xD;
&#xD;
2019-09-19 15:29:58 - [TEST_STEP][PASSED] - println(parsingResponse): null&#xD;
&#xD;
2019-09-19 15:29:58 - [TEST_STEP][PASSED] - evidenceCode = evidenceCode: null&#xD;
&#xD;
2019-09-19 15:29:58 - [TEST_STEP][PASSED] - println(evidenceCode): null&#xD;
&#xD;
2019-09-19 15:29:58 - [TEST_STEP][PASSED] - println(expectedEvidenceCode): null&#xD;
&#xD;
2019-09-19 15:29:58 - [TEST_STEP][PASSED] - if (expectedEvidenceCode != "STD"): null&#xD;
&#xD;
2019-09-19 15:29:58 - [TEST_STEP][PASSED] - verifyResponseStatusCode(response, 200): Verify response status code successfully&#xD;
&#xD;
2019-09-19 15:29:58 - [MESSAGE][PASSED] - Verify response status code successfully</system-out>
            <system-err></system-err>
        </testcase>
        <testcase name="Test Cases/AlterationScoringNBMajor/PRUmed Benefit Limitation/PRUmed Benefit Limitation" classname="Test Cases/AlterationScoringNBMajor/PRUmed Benefit Limitation/PRUmed Benefit Limitation" status="PASSED">
            <system-out>2019-09-19 15:29:58 - [TEST_CASE][PASSED] - Test Cases/AlterationScoringNBMajor/PRUmed Benefit Limitation/PRUmed Benefit Limitation: Test Cases/AlterationScoringNBMajor/PRUmed Benefit Limitation/PRUmed Benefit Limitation&#xD;
&#xD;
2019-09-19 15:29:59 - [TEST_STEP][PASSED] - response = sendRequest(findTestObject("AlterationScroingNBMajor/PRUmed Benefit Limitation/Version 1.0_Check_1.391/Request Object", ["transactionType":transactionType, "clientType":clientType, "role":role, "subAlter":subAlter, "eviCode":eviCode, "riderCode":riderCode, ... ])): Send request successfully&#xD;
&#xD;
2019-09-19 15:29:59 - [MESSAGE][INFO] - HAR: C:\SURYAPURBA\PHS\PHS-BRMS\Reports\AlterationScoringNBMajor\PRUmed Benefit Limitation\20190919_152823\requests\main\79.har&#xD;
&#xD;
2019-09-19 15:29:59 - [MESSAGE][PASSED] - Send request successfully&#xD;
&#xD;
2019-09-19 15:29:59 - [TEST_STEP][PASSED] - slurper = new groovy.json.JsonSlurper(): null&#xD;
&#xD;
2019-09-19 15:29:59 - [TEST_STEP][PASSED] - parsingResponse = slurper.parseText(response.getResponseText()): null&#xD;
&#xD;
2019-09-19 15:29:59 - [TEST_STEP][PASSED] - println(parsingResponse): null&#xD;
&#xD;
2019-09-19 15:30:00 - [TEST_STEP][PASSED] - evidenceCode = evidenceCode: null&#xD;
&#xD;
2019-09-19 15:30:00 - [TEST_STEP][PASSED] - println(evidenceCode): null&#xD;
&#xD;
2019-09-19 15:30:00 - [TEST_STEP][PASSED] - println(expectedEvidenceCode): null&#xD;
&#xD;
2019-09-19 15:30:00 - [TEST_STEP][PASSED] - if (expectedEvidenceCode != "STD"): null&#xD;
&#xD;
2019-09-19 15:30:00 - [TEST_STEP][PASSED] - verifyResponseStatusCode(response, 200): Verify response status code successfully&#xD;
&#xD;
2019-09-19 15:30:00 - [MESSAGE][PASSED] - Verify response status code successfully</system-out>
            <system-err></system-err>
        </testcase>
        <testcase name="Test Cases/AlterationScoringNBMajor/PRUmed Benefit Limitation/PRUmed Benefit Limitation" classname="Test Cases/AlterationScoringNBMajor/PRUmed Benefit Limitation/PRUmed Benefit Limitation" status="PASSED">
            <system-out>2019-09-19 15:30:00 - [TEST_CASE][PASSED] - Test Cases/AlterationScoringNBMajor/PRUmed Benefit Limitation/PRUmed Benefit Limitation: Test Cases/AlterationScoringNBMajor/PRUmed Benefit Limitation/PRUmed Benefit Limitation&#xD;
&#xD;
2019-09-19 15:30:01 - [TEST_STEP][PASSED] - response = sendRequest(findTestObject("AlterationScroingNBMajor/PRUmed Benefit Limitation/Version 1.0_Check_1.391/Request Object", ["transactionType":transactionType, "clientType":clientType, "role":role, "subAlter":subAlter, "eviCode":eviCode, "riderCode":riderCode, ... ])): Send request successfully&#xD;
&#xD;
2019-09-19 15:30:01 - [MESSAGE][INFO] - HAR: C:\SURYAPURBA\PHS\PHS-BRMS\Reports\AlterationScoringNBMajor\PRUmed Benefit Limitation\20190919_152823\requests\main\80.har&#xD;
&#xD;
2019-09-19 15:30:01 - [MESSAGE][PASSED] - Send request successfully&#xD;
&#xD;
2019-09-19 15:30:01 - [TEST_STEP][PASSED] - slurper = new groovy.json.JsonSlurper(): null&#xD;
&#xD;
2019-09-19 15:30:01 - [TEST_STEP][PASSED] - parsingResponse = slurper.parseText(response.getResponseText()): null&#xD;
&#xD;
2019-09-19 15:30:01 - [TEST_STEP][PASSED] - println(parsingResponse): null&#xD;
&#xD;
2019-09-19 15:30:01 - [TEST_STEP][PASSED] - evidenceCode = evidenceCode: null&#xD;
&#xD;
2019-09-19 15:30:01 - [TEST_STEP][PASSED] - println(evidenceCode): null&#xD;
&#xD;
2019-09-19 15:30:01 - [TEST_STEP][PASSED] - println(expectedEvidenceCode): null&#xD;
&#xD;
2019-09-19 15:30:02 - [TEST_STEP][PASSED] - if (expectedEvidenceCode != "STD"): null&#xD;
&#xD;
2019-09-19 15:30:02 - [TEST_STEP][PASSED] - verifyResponseStatusCode(response, 200): Verify response status code successfully&#xD;
&#xD;
2019-09-19 15:30:02 - [MESSAGE][PASSED] - Verify response status code successfully</system-out>
            <system-err></system-err>
        </testcase>
        <testcase name="Test Cases/AlterationScoringNBMajor/PRUmed Benefit Limitation/PRUmed Benefit Limitation" classname="Test Cases/AlterationScoringNBMajor/PRUmed Benefit Limitation/PRUmed Benefit Limitation" status="PASSED">
            <system-out>2019-09-19 15:30:02 - [TEST_CASE][PASSED] - Test Cases/AlterationScoringNBMajor/PRUmed Benefit Limitation/PRUmed Benefit Limitation: Test Cases/AlterationScoringNBMajor/PRUmed Benefit Limitation/PRUmed Benefit Limitation&#xD;
&#xD;
2019-09-19 15:30:03 - [TEST_STEP][PASSED] - response = sendRequest(findTestObject("AlterationScroingNBMajor/PRUmed Benefit Limitation/Version 1.0_Check_1.391/Request Object", ["transactionType":transactionType, "clientType":clientType, "role":role, "subAlter":subAlter, "eviCode":eviCode, "riderCode":riderCode, ... ])): Send request successfully&#xD;
&#xD;
2019-09-19 15:30:03 - [MESSAGE][INFO] - HAR: C:\SURYAPURBA\PHS\PHS-BRMS\Reports\AlterationScoringNBMajor\PRUmed Benefit Limitation\20190919_152823\requests\main\81.har&#xD;
&#xD;
2019-09-19 15:30:03 - [MESSAGE][PASSED] - Send request successfully&#xD;
&#xD;
2019-09-19 15:30:03 - [TEST_STEP][PASSED] - slurper = new groovy.json.JsonSlurper(): null&#xD;
&#xD;
2019-09-19 15:30:03 - [TEST_STEP][PASSED] - parsingResponse = slurper.parseText(response.getResponseText()): null&#xD;
&#xD;
2019-09-19 15:30:03 - [TEST_STEP][PASSED] - println(parsingResponse): null&#xD;
&#xD;
2019-09-19 15:30:03 - [TEST_STEP][PASSED] - evidenceCode = evidenceCode: null&#xD;
&#xD;
2019-09-19 15:30:03 - [TEST_STEP][PASSED] - println(evidenceCode): null&#xD;
&#xD;
2019-09-19 15:30:03 - [TEST_STEP][PASSED] - println(expectedEvidenceCode): null&#xD;
&#xD;
2019-09-19 15:30:03 - [TEST_STEP][PASSED] - if (expectedEvidenceCode != "STD"): null&#xD;
&#xD;
2019-09-19 15:30:03 - [TEST_STEP][PASSED] - verifyResponseStatusCode(response, 200): Verify response status code successfully&#xD;
&#xD;
2019-09-19 15:30:04 - [MESSAGE][PASSED] - Verify response status code successfully</system-out>
            <system-err></system-err>
        </testcase>
        <testcase name="Test Cases/AlterationScoringNBMajor/PRUmed Benefit Limitation/PRUmed Benefit Limitation" classname="Test Cases/AlterationScoringNBMajor/PRUmed Benefit Limitation/PRUmed Benefit Limitation" status="PASSED">
            <system-out>2019-09-19 15:30:04 - [TEST_CASE][PASSED] - Test Cases/AlterationScoringNBMajor/PRUmed Benefit Limitation/PRUmed Benefit Limitation: Test Cases/AlterationScoringNBMajor/PRUmed Benefit Limitation/PRUmed Benefit Limitation&#xD;
&#xD;
2019-09-19 15:30:04 - [TEST_STEP][PASSED] - response = sendRequest(findTestObject("AlterationScroingNBMajor/PRUmed Benefit Limitation/Version 1.0_Check_1.391/Request Object", ["transactionType":transactionType, "clientType":clientType, "role":role, "subAlter":subAlter, "eviCode":eviCode, "riderCode":riderCode, ... ])): Send request successfully&#xD;
&#xD;
2019-09-19 15:30:04 - [MESSAGE][INFO] - HAR: C:\SURYAPURBA\PHS\PHS-BRMS\Reports\AlterationScoringNBMajor\PRUmed Benefit Limitation\20190919_152823\requests\main\82.har&#xD;
&#xD;
2019-09-19 15:30:04 - [MESSAGE][PASSED] - Send request successfully&#xD;
&#xD;
2019-09-19 15:30:04 - [TEST_STEP][PASSED] - slurper = new groovy.json.JsonSlurper(): null&#xD;
&#xD;
2019-09-19 15:30:04 - [TEST_STEP][PASSED] - parsingResponse = slurper.parseText(response.getResponseText()): null&#xD;
&#xD;
2019-09-19 15:30:04 - [TEST_STEP][PASSED] - println(parsingResponse): null&#xD;
&#xD;
2019-09-19 15:30:04 - [TEST_STEP][PASSED] - evidenceCode = evidenceCode: null&#xD;
&#xD;
2019-09-19 15:30:04 - [TEST_STEP][PASSED] - println(evidenceCode): null&#xD;
&#xD;
2019-09-19 15:30:04 - [TEST_STEP][PASSED] - println(expectedEvidenceCode): null&#xD;
&#xD;
2019-09-19 15:30:04 - [TEST_STEP][PASSED] - if (expectedEvidenceCode != "STD"): null&#xD;
&#xD;
2019-09-19 15:30:04 - [TEST_STEP][PASSED] - verifyResponseStatusCode(response, 200): Verify response status code successfully&#xD;
&#xD;
2019-09-19 15:30:04 - [MESSAGE][PASSED] - Verify response status code successfully</system-out>
            <system-err></system-err>
        </testcase>
        <testcase name="Test Cases/AlterationScoringNBMajor/PRUmed Benefit Limitation/PRUmed Benefit Limitation" classname="Test Cases/AlterationScoringNBMajor/PRUmed Benefit Limitation/PRUmed Benefit Limitation" status="PASSED">
            <system-out>2019-09-19 15:30:04 - [TEST_CASE][PASSED] - Test Cases/AlterationScoringNBMajor/PRUmed Benefit Limitation/PRUmed Benefit Limitation: Test Cases/AlterationScoringNBMajor/PRUmed Benefit Limitation/PRUmed Benefit Limitation&#xD;
&#xD;
2019-09-19 15:30:05 - [TEST_STEP][PASSED] - response = sendRequest(findTestObject("AlterationScroingNBMajor/PRUmed Benefit Limitation/Version 1.0_Check_1.391/Request Object", ["transactionType":transactionType, "clientType":clientType, "role":role, "subAlter":subAlter, "eviCode":eviCode, "riderCode":riderCode, ... ])): Send request successfully&#xD;
&#xD;
2019-09-19 15:30:05 - [MESSAGE][INFO] - HAR: C:\SURYAPURBA\PHS\PHS-BRMS\Reports\AlterationScoringNBMajor\PRUmed Benefit Limitation\20190919_152823\requests\main\83.har&#xD;
&#xD;
2019-09-19 15:30:05 - [MESSAGE][PASSED] - Send request successfully&#xD;
&#xD;
2019-09-19 15:30:05 - [TEST_STEP][PASSED] - slurper = new groovy.json.JsonSlurper(): null&#xD;
&#xD;
2019-09-19 15:30:05 - [TEST_STEP][PASSED] - parsingResponse = slurper.parseText(response.getResponseText()): null&#xD;
&#xD;
2019-09-19 15:30:06 - [TEST_STEP][PASSED] - println(parsingResponse): null&#xD;
&#xD;
2019-09-19 15:30:06 - [TEST_STEP][PASSED] - evidenceCode = evidenceCode: null&#xD;
&#xD;
2019-09-19 15:30:06 - [TEST_STEP][PASSED] - println(evidenceCode): null&#xD;
&#xD;
2019-09-19 15:30:06 - [TEST_STEP][PASSED] - println(expectedEvidenceCode): null&#xD;
&#xD;
2019-09-19 15:30:06 - [TEST_STEP][PASSED] - if (expectedEvidenceCode != "STD"): null&#xD;
&#xD;
2019-09-19 15:30:06 - [TEST_STEP][PASSED] - verifyResponseStatusCode(response, 200): Verify response status code successfully&#xD;
&#xD;
2019-09-19 15:30:06 - [MESSAGE][PASSED] - Verify response status code successfully</system-out>
            <system-err></system-err>
        </testcase>
        <testcase name="Test Cases/AlterationScoringNBMajor/PRUmed Benefit Limitation/PRUmed Benefit Limitation" classname="Test Cases/AlterationScoringNBMajor/PRUmed Benefit Limitation/PRUmed Benefit Limitation" status="PASSED">
            <system-out>2019-09-19 15:30:06 - [TEST_CASE][PASSED] - Test Cases/AlterationScoringNBMajor/PRUmed Benefit Limitation/PRUmed Benefit Limitation: Test Cases/AlterationScoringNBMajor/PRUmed Benefit Limitation/PRUmed Benefit Limitation&#xD;
&#xD;
2019-09-19 15:30:07 - [TEST_STEP][PASSED] - response = sendRequest(findTestObject("AlterationScroingNBMajor/PRUmed Benefit Limitation/Version 1.0_Check_1.391/Request Object", ["transactionType":transactionType, "clientType":clientType, "role":role, "subAlter":subAlter, "eviCode":eviCode, "riderCode":riderCode, ... ])): Send request successfully&#xD;
&#xD;
2019-09-19 15:30:07 - [MESSAGE][INFO] - HAR: C:\SURYAPURBA\PHS\PHS-BRMS\Reports\AlterationScoringNBMajor\PRUmed Benefit Limitation\20190919_152823\requests\main\84.har&#xD;
&#xD;
2019-09-19 15:30:07 - [MESSAGE][PASSED] - Send request successfully&#xD;
&#xD;
2019-09-19 15:30:07 - [TEST_STEP][PASSED] - slurper = new groovy.json.JsonSlurper(): null&#xD;
&#xD;
2019-09-19 15:30:07 - [TEST_STEP][PASSED] - parsingResponse = slurper.parseText(response.getResponseText()): null&#xD;
&#xD;
2019-09-19 15:30:07 - [TEST_STEP][PASSED] - println(parsingResponse): null&#xD;
&#xD;
2019-09-19 15:30:07 - [TEST_STEP][PASSED] - evidenceCode = evidenceCode: null&#xD;
&#xD;
2019-09-19 15:30:08 - [TEST_STEP][PASSED] - println(evidenceCode): null&#xD;
&#xD;
2019-09-19 15:30:08 - [TEST_STEP][PASSED] - println(expectedEvidenceCode): null&#xD;
&#xD;
2019-09-19 15:30:08 - [TEST_STEP][PASSED] - if (expectedEvidenceCode != "STD"): null&#xD;
&#xD;
2019-09-19 15:30:08 - [TEST_STEP][PASSED] - actual = description == expectedDescription: null&#xD;
&#xD;
2019-09-19 15:30:08 - [TEST_STEP][PASSED] - verifyEqual(actual, true, CONTINUE_ON_FAILURE): Actual object 'true' and expected object 'true' are equal&#xD;
&#xD;
2019-09-19 15:30:08 - [MESSAGE][PASSED] - Actual object 'true' and expected object 'true' are equal&#xD;
&#xD;
2019-09-19 15:30:08 - [TEST_STEP][PASSED] - if (actual == false): null&#xD;
&#xD;
2019-09-19 15:30:08 - [TEST_STEP][PASSED] - verifyResponseStatusCode(response, 200): Verify response status code successfully&#xD;
&#xD;
2019-09-19 15:30:08 - [MESSAGE][PASSED] - Verify response status code successfully</system-out>
            <system-err></system-err>
        </testcase>
        <testcase name="Test Cases/AlterationScoringNBMajor/PRUmed Benefit Limitation/PRUmed Benefit Limitation" classname="Test Cases/AlterationScoringNBMajor/PRUmed Benefit Limitation/PRUmed Benefit Limitation" status="PASSED">
            <system-out>2019-09-19 15:30:08 - [TEST_CASE][PASSED] - Test Cases/AlterationScoringNBMajor/PRUmed Benefit Limitation/PRUmed Benefit Limitation: Test Cases/AlterationScoringNBMajor/PRUmed Benefit Limitation/PRUmed Benefit Limitation&#xD;
&#xD;
2019-09-19 15:30:09 - [TEST_STEP][PASSED] - response = sendRequest(findTestObject("AlterationScroingNBMajor/PRUmed Benefit Limitation/Version 1.0_Check_1.391/Request Object", ["transactionType":transactionType, "clientType":clientType, "role":role, "subAlter":subAlter, "eviCode":eviCode, "riderCode":riderCode, ... ])): Send request successfully&#xD;
&#xD;
2019-09-19 15:30:09 - [MESSAGE][INFO] - HAR: C:\SURYAPURBA\PHS\PHS-BRMS\Reports\AlterationScoringNBMajor\PRUmed Benefit Limitation\20190919_152823\requests\main\85.har&#xD;
&#xD;
2019-09-19 15:30:09 - [MESSAGE][PASSED] - Send request successfully&#xD;
&#xD;
2019-09-19 15:30:09 - [TEST_STEP][PASSED] - slurper = new groovy.json.JsonSlurper(): null&#xD;
&#xD;
2019-09-19 15:30:09 - [TEST_STEP][PASSED] - parsingResponse = slurper.parseText(response.getResponseText()): null&#xD;
&#xD;
2019-09-19 15:30:10 - [TEST_STEP][PASSED] - println(parsingResponse): null&#xD;
&#xD;
2019-09-19 15:30:10 - [TEST_STEP][PASSED] - evidenceCode = evidenceCode: null&#xD;
&#xD;
2019-09-19 15:30:10 - [TEST_STEP][PASSED] - println(evidenceCode): null&#xD;
&#xD;
2019-09-19 15:30:10 - [TEST_STEP][PASSED] - println(expectedEvidenceCode): null&#xD;
&#xD;
2019-09-19 15:30:10 - [TEST_STEP][PASSED] - if (expectedEvidenceCode != "STD"): null&#xD;
&#xD;
2019-09-19 15:30:10 - [TEST_STEP][PASSED] - actual = description == expectedDescription: null&#xD;
&#xD;
2019-09-19 15:30:10 - [TEST_STEP][PASSED] - verifyEqual(actual, true, CONTINUE_ON_FAILURE): Actual object 'true' and expected object 'true' are equal&#xD;
&#xD;
2019-09-19 15:30:10 - [MESSAGE][PASSED] - Actual object 'true' and expected object 'true' are equal&#xD;
&#xD;
2019-09-19 15:30:10 - [TEST_STEP][PASSED] - if (actual == false): null&#xD;
&#xD;
2019-09-19 15:30:10 - [TEST_STEP][PASSED] - verifyResponseStatusCode(response, 200): Verify response status code successfully&#xD;
&#xD;
2019-09-19 15:30:10 - [MESSAGE][PASSED] - Verify response status code successfully</system-out>
            <system-err></system-err>
        </testcase>
        <testcase name="Test Cases/AlterationScoringNBMajor/PRUmed Benefit Limitation/PRUmed Benefit Limitation" classname="Test Cases/AlterationScoringNBMajor/PRUmed Benefit Limitation/PRUmed Benefit Limitation" status="PASSED">
            <system-out>2019-09-19 15:30:11 - [TEST_CASE][PASSED] - Test Cases/AlterationScoringNBMajor/PRUmed Benefit Limitation/PRUmed Benefit Limitation: Test Cases/AlterationScoringNBMajor/PRUmed Benefit Limitation/PRUmed Benefit Limitation&#xD;
&#xD;
2019-09-19 15:30:11 - [TEST_STEP][PASSED] - response = sendRequest(findTestObject("AlterationScroingNBMajor/PRUmed Benefit Limitation/Version 1.0_Check_1.391/Request Object", ["transactionType":transactionType, "clientType":clientType, "role":role, "subAlter":subAlter, "eviCode":eviCode, "riderCode":riderCode, ... ])): Send request successfully&#xD;
&#xD;
2019-09-19 15:30:11 - [MESSAGE][INFO] - HAR: C:\SURYAPURBA\PHS\PHS-BRMS\Reports\AlterationScoringNBMajor\PRUmed Benefit Limitation\20190919_152823\requests\main\86.har&#xD;
&#xD;
2019-09-19 15:30:11 - [MESSAGE][PASSED] - Send request successfully&#xD;
&#xD;
2019-09-19 15:30:11 - [TEST_STEP][PASSED] - slurper = new groovy.json.JsonSlurper(): null&#xD;
&#xD;
2019-09-19 15:30:12 - [TEST_STEP][PASSED] - parsingResponse = slurper.parseText(response.getResponseText()): null&#xD;
&#xD;
2019-09-19 15:30:12 - [TEST_STEP][PASSED] - println(parsingResponse): null&#xD;
&#xD;
2019-09-19 15:30:12 - [TEST_STEP][PASSED] - evidenceCode = evidenceCode: null&#xD;
&#xD;
2019-09-19 15:30:12 - [TEST_STEP][PASSED] - println(evidenceCode): null&#xD;
&#xD;
2019-09-19 15:30:12 - [TEST_STEP][PASSED] - println(expectedEvidenceCode): null&#xD;
&#xD;
2019-09-19 15:30:12 - [TEST_STEP][PASSED] - if (expectedEvidenceCode != "STD"): null&#xD;
&#xD;
2019-09-19 15:30:12 - [TEST_STEP][PASSED] - actual = description == expectedDescription: null&#xD;
&#xD;
2019-09-19 15:30:12 - [TEST_STEP][PASSED] - verifyEqual(actual, true, CONTINUE_ON_FAILURE): Actual object 'true' and expected object 'true' are equal&#xD;
&#xD;
2019-09-19 15:30:12 - [MESSAGE][PASSED] - Actual object 'true' and expected object 'true' are equal&#xD;
&#xD;
2019-09-19 15:30:12 - [TEST_STEP][PASSED] - if (actual == false): null&#xD;
&#xD;
2019-09-19 15:30:13 - [TEST_STEP][PASSED] - verifyResponseStatusCode(response, 200): Verify response status code successfully&#xD;
&#xD;
2019-09-19 15:30:13 - [MESSAGE][PASSED] - Verify response status code successfully</system-out>
            <system-err></system-err>
        </testcase>
        <testcase name="Test Cases/AlterationScoringNBMajor/PRUmed Benefit Limitation/PRUmed Benefit Limitation" classname="Test Cases/AlterationScoringNBMajor/PRUmed Benefit Limitation/PRUmed Benefit Limitation" status="PASSED">
            <system-out>2019-09-19 15:30:13 - [TEST_CASE][PASSED] - Test Cases/AlterationScoringNBMajor/PRUmed Benefit Limitation/PRUmed Benefit Limitation: Test Cases/AlterationScoringNBMajor/PRUmed Benefit Limitation/PRUmed Benefit Limitation&#xD;
&#xD;
2019-09-19 15:30:13 - [TEST_STEP][PASSED] - response = sendRequest(findTestObject("AlterationScroingNBMajor/PRUmed Benefit Limitation/Version 1.0_Check_1.391/Request Object", ["transactionType":transactionType, "clientType":clientType, "role":role, "subAlter":subAlter, "eviCode":eviCode, "riderCode":riderCode, ... ])): Send request successfully&#xD;
&#xD;
2019-09-19 15:30:13 - [MESSAGE][INFO] - HAR: C:\SURYAPURBA\PHS\PHS-BRMS\Reports\AlterationScoringNBMajor\PRUmed Benefit Limitation\20190919_152823\requests\main\87.har&#xD;
&#xD;
2019-09-19 15:30:14 - [MESSAGE][PASSED] - Send request successfully&#xD;
&#xD;
2019-09-19 15:30:14 - [TEST_STEP][PASSED] - slurper = new groovy.json.JsonSlurper(): null&#xD;
&#xD;
2019-09-19 15:30:14 - [TEST_STEP][PASSED] - parsingResponse = slurper.parseText(response.getResponseText()): null&#xD;
&#xD;
2019-09-19 15:30:14 - [TEST_STEP][PASSED] - println(parsingResponse): null&#xD;
&#xD;
2019-09-19 15:30:14 - [TEST_STEP][PASSED] - evidenceCode = evidenceCode: null&#xD;
&#xD;
2019-09-19 15:30:14 - [TEST_STEP][PASSED] - println(evidenceCode): null&#xD;
&#xD;
2019-09-19 15:30:14 - [TEST_STEP][PASSED] - println(expectedEvidenceCode): null&#xD;
&#xD;
2019-09-19 15:30:14 - [TEST_STEP][PASSED] - if (expectedEvidenceCode != "STD"): null&#xD;
&#xD;
2019-09-19 15:30:14 - [TEST_STEP][PASSED] - actual = description == expectedDescription: null&#xD;
&#xD;
2019-09-19 15:30:14 - [TEST_STEP][PASSED] - verifyEqual(actual, true, CONTINUE_ON_FAILURE): Actual object 'true' and expected object 'true' are equal&#xD;
&#xD;
2019-09-19 15:30:14 - [MESSAGE][PASSED] - Actual object 'true' and expected object 'true' are equal&#xD;
&#xD;
2019-09-19 15:30:15 - [TEST_STEP][PASSED] - if (actual == false): null&#xD;
&#xD;
2019-09-19 15:30:15 - [TEST_STEP][PASSED] - verifyResponseStatusCode(response, 200): Verify response status code successfully&#xD;
&#xD;
2019-09-19 15:30:15 - [MESSAGE][PASSED] - Verify response status code successfully</system-out>
            <system-err></system-err>
        </testcase>
        <testcase name="Test Cases/AlterationScoringNBMajor/PRUmed Benefit Limitation/PRUmed Benefit Limitation" classname="Test Cases/AlterationScoringNBMajor/PRUmed Benefit Limitation/PRUmed Benefit Limitation" status="PASSED">
            <system-out>2019-09-19 15:30:15 - [TEST_CASE][PASSED] - Test Cases/AlterationScoringNBMajor/PRUmed Benefit Limitation/PRUmed Benefit Limitation: Test Cases/AlterationScoringNBMajor/PRUmed Benefit Limitation/PRUmed Benefit Limitation&#xD;
&#xD;
2019-09-19 15:30:16 - [TEST_STEP][PASSED] - response = sendRequest(findTestObject("AlterationScroingNBMajor/PRUmed Benefit Limitation/Version 1.0_Check_1.391/Request Object", ["transactionType":transactionType, "clientType":clientType, "role":role, "subAlter":subAlter, "eviCode":eviCode, "riderCode":riderCode, ... ])): Send request successfully&#xD;
&#xD;
2019-09-19 15:30:16 - [MESSAGE][INFO] - HAR: C:\SURYAPURBA\PHS\PHS-BRMS\Reports\AlterationScoringNBMajor\PRUmed Benefit Limitation\20190919_152823\requests\main\88.har&#xD;
&#xD;
2019-09-19 15:30:16 - [MESSAGE][PASSED] - Send request successfully&#xD;
&#xD;
2019-09-19 15:30:16 - [TEST_STEP][PASSED] - slurper = new groovy.json.JsonSlurper(): null&#xD;
&#xD;
2019-09-19 15:30:16 - [TEST_STEP][PASSED] - parsingResponse = slurper.parseText(response.getResponseText()): null&#xD;
&#xD;
2019-09-19 15:30:16 - [TEST_STEP][PASSED] - println(parsingResponse): null&#xD;
&#xD;
2019-09-19 15:30:16 - [TEST_STEP][PASSED] - evidenceCode = evidenceCode: null&#xD;
&#xD;
2019-09-19 15:30:16 - [TEST_STEP][PASSED] - println(evidenceCode): null&#xD;
&#xD;
2019-09-19 15:30:16 - [TEST_STEP][PASSED] - println(expectedEvidenceCode): null&#xD;
&#xD;
2019-09-19 15:30:16 - [TEST_STEP][PASSED] - if (expectedEvidenceCode != "STD"): null&#xD;
&#xD;
2019-09-19 15:30:16 - [TEST_STEP][PASSED] - actual = description == expectedDescription: null&#xD;
&#xD;
2019-09-19 15:30:17 - [TEST_STEP][PASSED] - verifyEqual(actual, true, CONTINUE_ON_FAILURE): Actual object 'true' and expected object 'true' are equal&#xD;
&#xD;
2019-09-19 15:30:17 - [MESSAGE][PASSED] - Actual object 'true' and expected object 'true' are equal&#xD;
&#xD;
2019-09-19 15:30:17 - [TEST_STEP][PASSED] - if (actual == false): null&#xD;
&#xD;
2019-09-19 15:30:17 - [TEST_STEP][PASSED] - verifyResponseStatusCode(response, 200): Verify response status code successfully&#xD;
&#xD;
2019-09-19 15:30:17 - [MESSAGE][PASSED] - Verify response status code successfully</system-out>
            <system-err></system-err>
        </testcase>
        <testcase name="Test Cases/AlterationScoringNBMajor/PRUmed Benefit Limitation/PRUmed Benefit Limitation" classname="Test Cases/AlterationScoringNBMajor/PRUmed Benefit Limitation/PRUmed Benefit Limitation" status="PASSED">
            <system-out>2019-09-19 15:30:17 - [TEST_CASE][PASSED] - Test Cases/AlterationScoringNBMajor/PRUmed Benefit Limitation/PRUmed Benefit Limitation: Test Cases/AlterationScoringNBMajor/PRUmed Benefit Limitation/PRUmed Benefit Limitation&#xD;
&#xD;
2019-09-19 15:30:18 - [TEST_STEP][PASSED] - response = sendRequest(findTestObject("AlterationScroingNBMajor/PRUmed Benefit Limitation/Version 1.0_Check_1.391/Request Object", ["transactionType":transactionType, "clientType":clientType, "role":role, "subAlter":subAlter, "eviCode":eviCode, "riderCode":riderCode, ... ])): Send request successfully&#xD;
&#xD;
2019-09-19 15:30:18 - [MESSAGE][INFO] - HAR: C:\SURYAPURBA\PHS\PHS-BRMS\Reports\AlterationScoringNBMajor\PRUmed Benefit Limitation\20190919_152823\requests\main\89.har&#xD;
&#xD;
2019-09-19 15:30:18 - [MESSAGE][PASSED] - Send request successfully&#xD;
&#xD;
2019-09-19 15:30:18 - [TEST_STEP][PASSED] - slurper = new groovy.json.JsonSlurper(): null&#xD;
&#xD;
2019-09-19 15:30:18 - [TEST_STEP][PASSED] - parsingResponse = slurper.parseText(response.getResponseText()): null&#xD;
&#xD;
2019-09-19 15:30:18 - [TEST_STEP][PASSED] - println(parsingResponse): null&#xD;
&#xD;
2019-09-19 15:30:18 - [TEST_STEP][PASSED] - evidenceCode = evidenceCode: null&#xD;
&#xD;
2019-09-19 15:30:18 - [TEST_STEP][PASSED] - println(evidenceCode): null&#xD;
&#xD;
2019-09-19 15:30:18 - [TEST_STEP][PASSED] - println(expectedEvidenceCode): null&#xD;
&#xD;
2019-09-19 15:30:18 - [TEST_STEP][PASSED] - if (expectedEvidenceCode != "STD"): null&#xD;
&#xD;
2019-09-19 15:30:18 - [TEST_STEP][PASSED] - actual = description == expectedDescription: null&#xD;
&#xD;
2019-09-19 15:30:18 - [TEST_STEP][PASSED] - verifyEqual(actual, true, CONTINUE_ON_FAILURE): Actual object 'true' and expected object 'true' are equal&#xD;
&#xD;
2019-09-19 15:30:18 - [MESSAGE][PASSED] - Actual object 'true' and expected object 'true' are equal&#xD;
&#xD;
2019-09-19 15:30:18 - [TEST_STEP][PASSED] - if (actual == false): null&#xD;
&#xD;
2019-09-19 15:30:18 - [TEST_STEP][PASSED] - verifyResponseStatusCode(response, 200): Verify response status code successfully&#xD;
&#xD;
2019-09-19 15:30:18 - [MESSAGE][PASSED] - Verify response status code successfully</system-out>
            <system-err></system-err>
        </testcase>
        <testcase name="Test Cases/AlterationScoringNBMajor/PRUmed Benefit Limitation/PRUmed Benefit Limitation" classname="Test Cases/AlterationScoringNBMajor/PRUmed Benefit Limitation/PRUmed Benefit Limitation" status="PASSED">
            <system-out>2019-09-19 15:30:18 - [TEST_CASE][PASSED] - Test Cases/AlterationScoringNBMajor/PRUmed Benefit Limitation/PRUmed Benefit Limitation: Test Cases/AlterationScoringNBMajor/PRUmed Benefit Limitation/PRUmed Benefit Limitation&#xD;
&#xD;
2019-09-19 15:30:19 - [TEST_STEP][PASSED] - response = sendRequest(findTestObject("AlterationScroingNBMajor/PRUmed Benefit Limitation/Version 1.0_Check_1.391/Request Object", ["transactionType":transactionType, "clientType":clientType, "role":role, "subAlter":subAlter, "eviCode":eviCode, "riderCode":riderCode, ... ])): Send request successfully&#xD;
&#xD;
2019-09-19 15:30:19 - [MESSAGE][INFO] - HAR: C:\SURYAPURBA\PHS\PHS-BRMS\Reports\AlterationScoringNBMajor\PRUmed Benefit Limitation\20190919_152823\requests\main\90.har&#xD;
&#xD;
2019-09-19 15:30:19 - [MESSAGE][PASSED] - Send request successfully&#xD;
&#xD;
2019-09-19 15:30:19 - [TEST_STEP][PASSED] - slurper = new groovy.json.JsonSlurper(): null&#xD;
&#xD;
2019-09-19 15:30:19 - [TEST_STEP][PASSED] - parsingResponse = slurper.parseText(response.getResponseText()): null&#xD;
&#xD;
2019-09-19 15:30:19 - [TEST_STEP][PASSED] - println(parsingResponse): null&#xD;
&#xD;
2019-09-19 15:30:19 - [TEST_STEP][PASSED] - evidenceCode = evidenceCode: null&#xD;
&#xD;
2019-09-19 15:30:20 - [TEST_STEP][PASSED] - println(evidenceCode): null&#xD;
&#xD;
2019-09-19 15:30:20 - [TEST_STEP][PASSED] - println(expectedEvidenceCode): null&#xD;
&#xD;
2019-09-19 15:30:20 - [TEST_STEP][PASSED] - if (expectedEvidenceCode != "STD"): null&#xD;
&#xD;
2019-09-19 15:30:20 - [TEST_STEP][PASSED] - actual = description == expectedDescription: null&#xD;
&#xD;
2019-09-19 15:30:20 - [TEST_STEP][PASSED] - verifyEqual(actual, true, CONTINUE_ON_FAILURE): Actual object 'true' and expected object 'true' are equal&#xD;
&#xD;
2019-09-19 15:30:20 - [MESSAGE][PASSED] - Actual object 'true' and expected object 'true' are equal&#xD;
&#xD;
2019-09-19 15:30:20 - [TEST_STEP][PASSED] - if (actual == false): null&#xD;
&#xD;
2019-09-19 15:30:20 - [TEST_STEP][PASSED] - verifyResponseStatusCode(response, 200): Verify response status code successfully&#xD;
&#xD;
2019-09-19 15:30:20 - [MESSAGE][PASSED] - Verify response status code successfully</system-out>
            <system-err></system-err>
        </testcase>
        <testcase name="Test Cases/AlterationScoringNBMajor/PRUmed Benefit Limitation/PRUmed Benefit Limitation" classname="Test Cases/AlterationScoringNBMajor/PRUmed Benefit Limitation/PRUmed Benefit Limitation" status="PASSED">
            <system-out>2019-09-19 15:30:20 - [TEST_CASE][PASSED] - Test Cases/AlterationScoringNBMajor/PRUmed Benefit Limitation/PRUmed Benefit Limitation: Test Cases/AlterationScoringNBMajor/PRUmed Benefit Limitation/PRUmed Benefit Limitation&#xD;
&#xD;
2019-09-19 15:30:21 - [TEST_STEP][PASSED] - response = sendRequest(findTestObject("AlterationScroingNBMajor/PRUmed Benefit Limitation/Version 1.0_Check_1.391/Request Object", ["transactionType":transactionType, "clientType":clientType, "role":role, "subAlter":subAlter, "eviCode":eviCode, "riderCode":riderCode, ... ])): Send request successfully&#xD;
&#xD;
2019-09-19 15:30:21 - [MESSAGE][INFO] - HAR: C:\SURYAPURBA\PHS\PHS-BRMS\Reports\AlterationScoringNBMajor\PRUmed Benefit Limitation\20190919_152823\requests\main\91.har&#xD;
&#xD;
2019-09-19 15:30:21 - [MESSAGE][PASSED] - Send request successfully&#xD;
&#xD;
2019-09-19 15:30:21 - [TEST_STEP][PASSED] - slurper = new groovy.json.JsonSlurper(): null&#xD;
&#xD;
2019-09-19 15:30:21 - [TEST_STEP][PASSED] - parsingResponse = slurper.parseText(response.getResponseText()): null&#xD;
&#xD;
2019-09-19 15:30:22 - [TEST_STEP][PASSED] - println(parsingResponse): null&#xD;
&#xD;
2019-09-19 15:30:22 - [TEST_STEP][PASSED] - evidenceCode = evidenceCode: null&#xD;
&#xD;
2019-09-19 15:30:22 - [TEST_STEP][PASSED] - println(evidenceCode): null&#xD;
&#xD;
2019-09-19 15:30:22 - [TEST_STEP][PASSED] - println(expectedEvidenceCode): null&#xD;
&#xD;
2019-09-19 15:30:22 - [TEST_STEP][PASSED] - if (expectedEvidenceCode != "STD"): null&#xD;
&#xD;
2019-09-19 15:30:22 - [TEST_STEP][PASSED] - actual = description == expectedDescription: null&#xD;
&#xD;
2019-09-19 15:30:22 - [TEST_STEP][PASSED] - verifyEqual(actual, true, CONTINUE_ON_FAILURE): Actual object 'true' and expected object 'true' are equal&#xD;
&#xD;
2019-09-19 15:30:22 - [MESSAGE][PASSED] - Actual object 'true' and expected object 'true' are equal&#xD;
&#xD;
2019-09-19 15:30:22 - [TEST_STEP][PASSED] - if (actual == false): null&#xD;
&#xD;
2019-09-19 15:30:22 - [TEST_STEP][PASSED] - verifyResponseStatusCode(response, 200): Verify response status code successfully&#xD;
&#xD;
2019-09-19 15:30:22 - [MESSAGE][PASSED] - Verify response status code successfully</system-out>
            <system-err></system-err>
        </testcase>
        <testcase name="Test Cases/AlterationScoringNBMajor/PRUmed Benefit Limitation/PRUmed Benefit Limitation" classname="Test Cases/AlterationScoringNBMajor/PRUmed Benefit Limitation/PRUmed Benefit Limitation" status="PASSED">
            <system-out>2019-09-19 15:30:23 - [TEST_CASE][PASSED] - Test Cases/AlterationScoringNBMajor/PRUmed Benefit Limitation/PRUmed Benefit Limitation: Test Cases/AlterationScoringNBMajor/PRUmed Benefit Limitation/PRUmed Benefit Limitation&#xD;
&#xD;
2019-09-19 15:30:23 - [TEST_STEP][PASSED] - response = sendRequest(findTestObject("AlterationScroingNBMajor/PRUmed Benefit Limitation/Version 1.0_Check_1.391/Request Object", ["transactionType":transactionType, "clientType":clientType, "role":role, "subAlter":subAlter, "eviCode":eviCode, "riderCode":riderCode, ... ])): Send request successfully&#xD;
&#xD;
2019-09-19 15:30:23 - [MESSAGE][INFO] - HAR: C:\SURYAPURBA\PHS\PHS-BRMS\Reports\AlterationScoringNBMajor\PRUmed Benefit Limitation\20190919_152823\requests\main\92.har&#xD;
&#xD;
2019-09-19 15:30:23 - [MESSAGE][PASSED] - Send request successfully&#xD;
&#xD;
2019-09-19 15:30:23 - [TEST_STEP][PASSED] - slurper = new groovy.json.JsonSlurper(): null&#xD;
&#xD;
2019-09-19 15:30:24 - [TEST_STEP][PASSED] - parsingResponse = slurper.parseText(response.getResponseText()): null&#xD;
&#xD;
2019-09-19 15:30:24 - [TEST_STEP][PASSED] - println(parsingResponse): null&#xD;
&#xD;
2019-09-19 15:30:24 - [TEST_STEP][PASSED] - evidenceCode = evidenceCode: null&#xD;
&#xD;
2019-09-19 15:30:24 - [TEST_STEP][PASSED] - println(evidenceCode): null&#xD;
&#xD;
2019-09-19 15:30:24 - [TEST_STEP][PASSED] - println(expectedEvidenceCode): null&#xD;
&#xD;
2019-09-19 15:30:24 - [TEST_STEP][PASSED] - if (expectedEvidenceCode != "STD"): null&#xD;
&#xD;
2019-09-19 15:30:24 - [TEST_STEP][PASSED] - actual = description == expectedDescription: null&#xD;
&#xD;
2019-09-19 15:30:24 - [TEST_STEP][PASSED] - verifyEqual(actual, true, CONTINUE_ON_FAILURE): Actual object 'true' and expected object 'true' are equal&#xD;
&#xD;
2019-09-19 15:30:24 - [MESSAGE][PASSED] - Actual object 'true' and expected object 'true' are equal&#xD;
&#xD;
2019-09-19 15:30:24 - [TEST_STEP][PASSED] - if (actual == false): null&#xD;
&#xD;
2019-09-19 15:30:24 - [TEST_STEP][PASSED] - verifyResponseStatusCode(response, 200): Verify response status code successfully&#xD;
&#xD;
2019-09-19 15:30:25 - [MESSAGE][PASSED] - Verify response status code successfully</system-out>
            <system-err></system-err>
        </testcase>
        <testcase name="Test Cases/AlterationScoringNBMajor/PRUmed Benefit Limitation/PRUmed Benefit Limitation" classname="Test Cases/AlterationScoringNBMajor/PRUmed Benefit Limitation/PRUmed Benefit Limitation" status="PASSED">
            <system-out>2019-09-19 15:30:25 - [TEST_CASE][PASSED] - Test Cases/AlterationScoringNBMajor/PRUmed Benefit Limitation/PRUmed Benefit Limitation: Test Cases/AlterationScoringNBMajor/PRUmed Benefit Limitation/PRUmed Benefit Limitation&#xD;
&#xD;
2019-09-19 15:30:25 - [TEST_STEP][PASSED] - response = sendRequest(findTestObject("AlterationScroingNBMajor/PRUmed Benefit Limitation/Version 1.0_Check_1.391/Request Object", ["transactionType":transactionType, "clientType":clientType, "role":role, "subAlter":subAlter, "eviCode":eviCode, "riderCode":riderCode, ... ])): Send request successfully&#xD;
&#xD;
2019-09-19 15:30:25 - [MESSAGE][INFO] - HAR: C:\SURYAPURBA\PHS\PHS-BRMS\Reports\AlterationScoringNBMajor\PRUmed Benefit Limitation\20190919_152823\requests\main\93.har&#xD;
&#xD;
2019-09-19 15:30:25 - [MESSAGE][PASSED] - Send request successfully&#xD;
&#xD;
2019-09-19 15:30:26 - [TEST_STEP][PASSED] - slurper = new groovy.json.JsonSlurper(): null&#xD;
&#xD;
2019-09-19 15:30:26 - [TEST_STEP][PASSED] - parsingResponse = slurper.parseText(response.getResponseText()): null&#xD;
&#xD;
2019-09-19 15:30:26 - [TEST_STEP][PASSED] - println(parsingResponse): null&#xD;
&#xD;
2019-09-19 15:30:26 - [TEST_STEP][PASSED] - evidenceCode = evidenceCode: null&#xD;
&#xD;
2019-09-19 15:30:26 - [TEST_STEP][PASSED] - println(evidenceCode): null&#xD;
&#xD;
2019-09-19 15:30:26 - [TEST_STEP][PASSED] - println(expectedEvidenceCode): null&#xD;
&#xD;
2019-09-19 15:30:26 - [TEST_STEP][PASSED] - if (expectedEvidenceCode != "STD"): null&#xD;
&#xD;
2019-09-19 15:30:26 - [TEST_STEP][PASSED] - actual = description == expectedDescription: null&#xD;
&#xD;
2019-09-19 15:30:26 - [TEST_STEP][PASSED] - verifyEqual(actual, true, CONTINUE_ON_FAILURE): Actual object 'true' and expected object 'true' are equal&#xD;
&#xD;
2019-09-19 15:30:26 - [MESSAGE][PASSED] - Actual object 'true' and expected object 'true' are equal&#xD;
&#xD;
2019-09-19 15:30:26 - [TEST_STEP][PASSED] - if (actual == false): null&#xD;
&#xD;
2019-09-19 15:30:27 - [TEST_STEP][PASSED] - verifyResponseStatusCode(response, 200): Verify response status code successfully&#xD;
&#xD;
2019-09-19 15:30:27 - [MESSAGE][PASSED] - Verify response status code successfully</system-out>
            <system-err></system-err>
        </testcase>
        <testcase name="Test Cases/AlterationScoringNBMajor/PRUmed Benefit Limitation/PRUmed Benefit Limitation" classname="Test Cases/AlterationScoringNBMajor/PRUmed Benefit Limitation/PRUmed Benefit Limitation" status="PASSED">
            <system-out>2019-09-19 15:30:27 - [TEST_CASE][PASSED] - Test Cases/AlterationScoringNBMajor/PRUmed Benefit Limitation/PRUmed Benefit Limitation: Test Cases/AlterationScoringNBMajor/PRUmed Benefit Limitation/PRUmed Benefit Limitation&#xD;
&#xD;
2019-09-19 15:30:27 - [TEST_STEP][PASSED] - response = sendRequest(findTestObject("AlterationScroingNBMajor/PRUmed Benefit Limitation/Version 1.0_Check_1.391/Request Object", ["transactionType":transactionType, "clientType":clientType, "role":role, "subAlter":subAlter, "eviCode":eviCode, "riderCode":riderCode, ... ])): Send request successfully&#xD;
&#xD;
2019-09-19 15:30:27 - [MESSAGE][INFO] - HAR: C:\SURYAPURBA\PHS\PHS-BRMS\Reports\AlterationScoringNBMajor\PRUmed Benefit Limitation\20190919_152823\requests\main\94.har&#xD;
&#xD;
2019-09-19 15:30:28 - [MESSAGE][PASSED] - Send request successfully&#xD;
&#xD;
2019-09-19 15:30:28 - [TEST_STEP][PASSED] - slurper = new groovy.json.JsonSlurper(): null&#xD;
&#xD;
2019-09-19 15:30:28 - [TEST_STEP][PASSED] - parsingResponse = slurper.parseText(response.getResponseText()): null&#xD;
&#xD;
2019-09-19 15:30:28 - [TEST_STEP][PASSED] - println(parsingResponse): null&#xD;
&#xD;
2019-09-19 15:30:28 - [TEST_STEP][PASSED] - evidenceCode = evidenceCode: null&#xD;
&#xD;
2019-09-19 15:30:28 - [TEST_STEP][PASSED] - println(evidenceCode): null&#xD;
&#xD;
2019-09-19 15:30:28 - [TEST_STEP][PASSED] - println(expectedEvidenceCode): null&#xD;
&#xD;
2019-09-19 15:30:28 - [TEST_STEP][PASSED] - if (expectedEvidenceCode != "STD"): null&#xD;
&#xD;
2019-09-19 15:30:28 - [TEST_STEP][PASSED] - actual = description == expectedDescription: null&#xD;
&#xD;
2019-09-19 15:30:28 - [TEST_STEP][PASSED] - verifyEqual(actual, true, CONTINUE_ON_FAILURE): Actual object 'true' and expected object 'true' are equal&#xD;
&#xD;
2019-09-19 15:30:29 - [MESSAGE][PASSED] - Actual object 'true' and expected object 'true' are equal&#xD;
&#xD;
2019-09-19 15:30:29 - [TEST_STEP][PASSED] - if (actual == false): null&#xD;
&#xD;
2019-09-19 15:30:29 - [TEST_STEP][PASSED] - verifyResponseStatusCode(response, 200): Verify response status code successfully&#xD;
&#xD;
2019-09-19 15:30:29 - [MESSAGE][PASSED] - Verify response status code successfully</system-out>
            <system-err></system-err>
        </testcase>
        <testcase name="Test Cases/AlterationScoringNBMajor/PRUmed Benefit Limitation/PRUmed Benefit Limitation" classname="Test Cases/AlterationScoringNBMajor/PRUmed Benefit Limitation/PRUmed Benefit Limitation" status="PASSED">
            <system-out>2019-09-19 15:30:29 - [TEST_CASE][PASSED] - Test Cases/AlterationScoringNBMajor/PRUmed Benefit Limitation/PRUmed Benefit Limitation: Test Cases/AlterationScoringNBMajor/PRUmed Benefit Limitation/PRUmed Benefit Limitation&#xD;
&#xD;
2019-09-19 15:30:30 - [TEST_STEP][PASSED] - response = sendRequest(findTestObject("AlterationScroingNBMajor/PRUmed Benefit Limitation/Version 1.0_Check_1.391/Request Object", ["transactionType":transactionType, "clientType":clientType, "role":role, "subAlter":subAlter, "eviCode":eviCode, "riderCode":riderCode, ... ])): Send request successfully&#xD;
&#xD;
2019-09-19 15:30:30 - [MESSAGE][INFO] - HAR: C:\SURYAPURBA\PHS\PHS-BRMS\Reports\AlterationScoringNBMajor\PRUmed Benefit Limitation\20190919_152823\requests\main\95.har&#xD;
&#xD;
2019-09-19 15:30:30 - [MESSAGE][PASSED] - Send request successfully&#xD;
&#xD;
2019-09-19 15:30:30 - [TEST_STEP][PASSED] - slurper = new groovy.json.JsonSlurper(): null&#xD;
&#xD;
2019-09-19 15:30:30 - [TEST_STEP][PASSED] - parsingResponse = slurper.parseText(response.getResponseText()): null&#xD;
&#xD;
2019-09-19 15:30:30 - [TEST_STEP][PASSED] - println(parsingResponse): null&#xD;
&#xD;
2019-09-19 15:30:30 - [TEST_STEP][PASSED] - evidenceCode = evidenceCode: null&#xD;
&#xD;
2019-09-19 15:30:30 - [TEST_STEP][PASSED] - println(evidenceCode): null&#xD;
&#xD;
2019-09-19 15:30:30 - [TEST_STEP][PASSED] - println(expectedEvidenceCode): null&#xD;
&#xD;
2019-09-19 15:30:30 - [TEST_STEP][PASSED] - if (expectedEvidenceCode != "STD"): null&#xD;
&#xD;
2019-09-19 15:30:31 - [TEST_STEP][PASSED] - actual = description == expectedDescription: null&#xD;
&#xD;
2019-09-19 15:30:31 - [TEST_STEP][PASSED] - verifyEqual(actual, true, CONTINUE_ON_FAILURE): Actual object 'true' and expected object 'true' are equal&#xD;
&#xD;
2019-09-19 15:30:31 - [MESSAGE][PASSED] - Actual object 'true' and expected object 'true' are equal&#xD;
&#xD;
2019-09-19 15:30:31 - [TEST_STEP][PASSED] - if (actual == false): null&#xD;
&#xD;
2019-09-19 15:30:31 - [TEST_STEP][PASSED] - verifyResponseStatusCode(response, 200): Verify response status code successfully&#xD;
&#xD;
2019-09-19 15:30:31 - [MESSAGE][PASSED] - Verify response status code successfully</system-out>
            <system-err></system-err>
        </testcase>
        <system-out>2019-09-19 15:28:28 - [TEST_SUITE][INCOMPLETE] - PRUmed Benefit Limitation: null</system-out>
        <system-err>2019-09-19 15:28:28 - [TEST_SUITE][INCOMPLETE] - PRUmed Benefit Limitation: null</system-err>
    </testsuite>
</testsuites>
