<?xml version="1.0" encoding="UTF-8" standalone="yes"?>
<testsuites name="FinancialNonEmployee_NonUltimate" time="258" tests="42" failures="0" errors="84">
    <testsuite name="FinancialNonEmployee_NonUltimate" tests="42" failures="0" errors="84" time="258" timestamp="2019-08-27 17:06:53" hostname="c19679 - LIDLIFE38B0WS.PRU.intranet.asia" id="Test Suites/FinancialNonEmployee_NonUltimate">
        <properties>
            <property name="deviceName" value=""/>
            <property name="devicePlatform" value=""/>
            <property name="logFolder" value="C:\\SURYAPURBA\\PHS\\PHS-BRMS\\Reports\\FinancialNonEmployee_NonUltimate\\20190827_170649"/>
            <property name="logFiles" value="C:\\SURYAPURBA\\PHS\\PHS-BRMS\\Reports\\FinancialNonEmployee_NonUltimate\\20190827_170649\\execution0.log"/>
            <property name="attachments" value=""/>
            <property name="hostName" value="c19679 - LIDLIFE38B0WS.PRU.intranet.asia"/>
            <property name="hostAddress" value="10.170.236.47"/>
            <property name="os" value="Windows 7 64bit"/>
            <property name="katalonVersion" value="6.2.2.4"/>
        </properties>
        <testcase name="Test Cases/AlterationScoringRuleApps/Financial Non Employee/Non Ultimate/FE4/TC-1 USD FE4" classname="Test Cases/AlterationScoringRuleApps/Financial Non Employee/Non Ultimate/FE4/TC-1 USD FE4" status="PASSED">
            <system-out>2019-08-27 17:06:53 - [TEST_CASE][PASSED] - Test Cases/AlterationScoringRuleApps/Financial Non Employee/Non Ultimate/FE4/TC-1 USD FE4: Test Cases/AlterationScoringRuleApps/Financial Non Employee/Non Ultimate/FE4/TC-1 USD FE4&#xD;
&#xD;
2019-08-27 17:06:53 - [TEST_STEP][PASSED] - random = new java.util.Random(): null&#xD;
&#xD;
2019-08-27 17:06:53 - [TEST_STEP][PASSED] - compareHighestValueFsaDeathVsAddccMax = 1875000: null&#xD;
&#xD;
2019-08-27 17:06:53 - [TEST_STEP][PASSED] - compareHighestValueFsaDeathVsAddccMin = 625001: null&#xD;
&#xD;
2019-08-27 17:06:53 - [TEST_STEP][PASSED] - compareHighestValueFsaDeathVsAddcc = random.nextInt(compareHighestValueFsaDeathVsAddccMax - compareHighestValueFsaDeathVsAddccMin) + compareHighestValueFsaDeathVsAddccMin: null&#xD;
&#xD;
2019-08-27 17:06:53 - [TEST_STEP][PASSED] - println(compareHighestValueFsaDeathVsAddcc): null&#xD;
&#xD;
2019-08-27 17:06:53 - [TEST_STEP][PASSED] - comment("Send request"): Send request&#xD;
&#xD;
2019-08-27 17:06:53 - [MESSAGE][INFO] - Send request&#xD;
&#xD;
2019-08-27 17:06:53 - [TEST_STEP][PASSED] - response = sendRequest(findTestObject("AlterationScoringRuleApps/Financial Non Employee/Non Ultimate/Object Request", ["transactionType":transactionType, "role":role, "increasingFsaFlag":increasingFsaFlag, "pecFlag":pecFlag, "occupationCode":occupationCode, ... ])): Send request successfully&#xD;
&#xD;
2019-08-27 17:06:54 - [MESSAGE][INFO] - HAR: C:\SURYAPURBA\PHS\PHS-BRMS\Reports\FinancialNonEmployee_NonUltimate\20190827_170649\requests\main\0.har&#xD;
&#xD;
2019-08-27 17:06:55 - [MESSAGE][PASSED] - Send request successfully&#xD;
&#xD;
2019-08-27 17:06:55 - [TEST_STEP][PASSED] - slurper = new groovy.json.JsonSlurper(): null&#xD;
&#xD;
2019-08-27 17:06:55 - [TEST_STEP][PASSED] - parseResponse = slurper.parseText(response.getResponseText()): null&#xD;
&#xD;
2019-08-27 17:06:55 - [TEST_STEP][PASSED] - println(parseResponse): null&#xD;
&#xD;
2019-08-27 17:06:55 - [TEST_STEP][PASSED] - attributes = evidenceCode: null&#xD;
&#xD;
2019-08-27 17:06:55 - [TEST_STEP][PASSED] - expected = description == "Butuh LSAR, ABR": null&#xD;
&#xD;
2019-08-27 17:06:55 - [TEST_STEP][PASSED] - comment("Verify evidence code is FE4 and have description "Butuh LSAR, ABR""): Verify evidence code is FE4 and have description "Butuh LSAR, ABR"&#xD;
&#xD;
2019-08-27 17:06:55 - [MESSAGE][INFO] - Verify evidence code is FE4 and have description "Butuh LSAR, ABR"&#xD;
&#xD;
2019-08-27 17:06:55 - [TEST_STEP][PASSED] - verifyEqual(expected, true): Actual object 'true' and expected object 'true' are equal&#xD;
&#xD;
2019-08-27 17:06:55 - [MESSAGE][PASSED] - Actual object 'true' and expected object 'true' are equal&#xD;
&#xD;
2019-08-27 17:06:55 - [TEST_STEP][PASSED] - comment("Verify response status code"): Verify response status code&#xD;
&#xD;
2019-08-27 17:06:55 - [MESSAGE][INFO] - Verify response status code&#xD;
&#xD;
2019-08-27 17:06:55 - [TEST_STEP][PASSED] - verifyResponseStatusCode(response, 200): Verify response status code successfully&#xD;
&#xD;
2019-08-27 17:06:55 - [MESSAGE][PASSED] - Verify response status code successfully&#xD;
&#xD;
2019-08-27 17:06:55 - [TEST_STEP][PASSED] - Start listener action : sampleAfterTestCase: null</system-out>
            <system-err></system-err>
        </testcase>
        <testcase name="Test Cases/AlterationScoringRuleApps/Financial Non Employee/Non Ultimate/FE4/TC-1 USD FE4" classname="Test Cases/AlterationScoringRuleApps/Financial Non Employee/Non Ultimate/FE4/TC-1 USD FE4" status="PASSED">
            <system-out>2019-08-27 17:06:55 - [TEST_CASE][PASSED] - Test Cases/AlterationScoringRuleApps/Financial Non Employee/Non Ultimate/FE4/TC-1 USD FE4: Test Cases/AlterationScoringRuleApps/Financial Non Employee/Non Ultimate/FE4/TC-1 USD FE4&#xD;
&#xD;
2019-08-27 17:06:55 - [TEST_STEP][PASSED] - random = new java.util.Random(): null&#xD;
&#xD;
2019-08-27 17:06:55 - [TEST_STEP][PASSED] - compareHighestValueFsaDeathVsAddccMax = 1875000: null&#xD;
&#xD;
2019-08-27 17:06:55 - [TEST_STEP][PASSED] - compareHighestValueFsaDeathVsAddccMin = 625001: null&#xD;
&#xD;
2019-08-27 17:06:55 - [TEST_STEP][PASSED] - compareHighestValueFsaDeathVsAddcc = random.nextInt(compareHighestValueFsaDeathVsAddccMax - compareHighestValueFsaDeathVsAddccMin) + compareHighestValueFsaDeathVsAddccMin: null&#xD;
&#xD;
2019-08-27 17:06:55 - [TEST_STEP][PASSED] - println(compareHighestValueFsaDeathVsAddcc): null&#xD;
&#xD;
2019-08-27 17:06:55 - [TEST_STEP][PASSED] - comment("Send request"): Send request&#xD;
&#xD;
2019-08-27 17:06:55 - [MESSAGE][INFO] - Send request&#xD;
&#xD;
2019-08-27 17:06:55 - [TEST_STEP][PASSED] - response = sendRequest(findTestObject("AlterationScoringRuleApps/Financial Non Employee/Non Ultimate/Object Request", ["transactionType":transactionType, "role":role, "increasingFsaFlag":increasingFsaFlag, "pecFlag":pecFlag, "occupationCode":occupationCode, ... ])): Send request successfully&#xD;
&#xD;
2019-08-27 17:06:55 - [MESSAGE][INFO] - HAR: C:\SURYAPURBA\PHS\PHS-BRMS\Reports\FinancialNonEmployee_NonUltimate\20190827_170649\requests\main\1.har&#xD;
&#xD;
2019-08-27 17:06:55 - [MESSAGE][PASSED] - Send request successfully&#xD;
&#xD;
2019-08-27 17:06:55 - [TEST_STEP][PASSED] - slurper = new groovy.json.JsonSlurper(): null&#xD;
&#xD;
2019-08-27 17:06:55 - [TEST_STEP][PASSED] - parseResponse = slurper.parseText(response.getResponseText()): null&#xD;
&#xD;
2019-08-27 17:06:55 - [TEST_STEP][PASSED] - println(parseResponse): null&#xD;
&#xD;
2019-08-27 17:06:55 - [TEST_STEP][PASSED] - attributes = evidenceCode: null&#xD;
&#xD;
2019-08-27 17:06:55 - [TEST_STEP][PASSED] - expected = description == "Butuh LSAR, ABR": null&#xD;
&#xD;
2019-08-27 17:06:55 - [TEST_STEP][PASSED] - comment("Verify evidence code is FE4 and have description "Butuh LSAR, ABR""): Verify evidence code is FE4 and have description "Butuh LSAR, ABR"&#xD;
&#xD;
2019-08-27 17:06:55 - [MESSAGE][INFO] - Verify evidence code is FE4 and have description "Butuh LSAR, ABR"&#xD;
&#xD;
2019-08-27 17:06:55 - [TEST_STEP][PASSED] - verifyEqual(expected, true): Actual object 'true' and expected object 'true' are equal&#xD;
&#xD;
2019-08-27 17:06:55 - [MESSAGE][PASSED] - Actual object 'true' and expected object 'true' are equal&#xD;
&#xD;
2019-08-27 17:06:55 - [TEST_STEP][PASSED] - comment("Verify response status code"): Verify response status code&#xD;
&#xD;
2019-08-27 17:06:55 - [MESSAGE][INFO] - Verify response status code&#xD;
&#xD;
2019-08-27 17:06:55 - [TEST_STEP][PASSED] - verifyResponseStatusCode(response, 200): Verify response status code successfully&#xD;
&#xD;
2019-08-27 17:06:55 - [MESSAGE][PASSED] - Verify response status code successfully&#xD;
&#xD;
2019-08-27 17:06:55 - [TEST_STEP][PASSED] - Start listener action : sampleAfterTestCase: null</system-out>
            <system-err></system-err>
        </testcase>
        <testcase name="Test Cases/AlterationScoringRuleApps/Financial Non Employee/Non Ultimate/FE4/TC-1 USD FE4" classname="Test Cases/AlterationScoringRuleApps/Financial Non Employee/Non Ultimate/FE4/TC-1 USD FE4" status="PASSED">
            <system-out>2019-08-27 17:06:55 - [TEST_CASE][PASSED] - Test Cases/AlterationScoringRuleApps/Financial Non Employee/Non Ultimate/FE4/TC-1 USD FE4: Test Cases/AlterationScoringRuleApps/Financial Non Employee/Non Ultimate/FE4/TC-1 USD FE4&#xD;
&#xD;
2019-08-27 17:06:55 - [TEST_STEP][PASSED] - random = new java.util.Random(): null&#xD;
&#xD;
2019-08-27 17:06:55 - [TEST_STEP][PASSED] - compareHighestValueFsaDeathVsAddccMax = 1875000: null&#xD;
&#xD;
2019-08-27 17:06:55 - [TEST_STEP][PASSED] - compareHighestValueFsaDeathVsAddccMin = 625001: null&#xD;
&#xD;
2019-08-27 17:06:56 - [TEST_STEP][PASSED] - compareHighestValueFsaDeathVsAddcc = random.nextInt(compareHighestValueFsaDeathVsAddccMax - compareHighestValueFsaDeathVsAddccMin) + compareHighestValueFsaDeathVsAddccMin: null&#xD;
&#xD;
2019-08-27 17:06:56 - [TEST_STEP][PASSED] - println(compareHighestValueFsaDeathVsAddcc): null&#xD;
&#xD;
2019-08-27 17:06:56 - [TEST_STEP][PASSED] - comment("Send request"): Send request&#xD;
&#xD;
2019-08-27 17:06:56 - [MESSAGE][INFO] - Send request&#xD;
&#xD;
2019-08-27 17:06:56 - [TEST_STEP][PASSED] - response = sendRequest(findTestObject("AlterationScoringRuleApps/Financial Non Employee/Non Ultimate/Object Request", ["transactionType":transactionType, "role":role, "increasingFsaFlag":increasingFsaFlag, "pecFlag":pecFlag, "occupationCode":occupationCode, ... ])): Send request successfully&#xD;
&#xD;
2019-08-27 17:06:56 - [MESSAGE][INFO] - HAR: C:\SURYAPURBA\PHS\PHS-BRMS\Reports\FinancialNonEmployee_NonUltimate\20190827_170649\requests\main\2.har&#xD;
&#xD;
2019-08-27 17:06:56 - [MESSAGE][PASSED] - Send request successfully&#xD;
&#xD;
2019-08-27 17:06:56 - [TEST_STEP][PASSED] - slurper = new groovy.json.JsonSlurper(): null&#xD;
&#xD;
2019-08-27 17:06:56 - [TEST_STEP][PASSED] - parseResponse = slurper.parseText(response.getResponseText()): null&#xD;
&#xD;
2019-08-27 17:06:56 - [TEST_STEP][PASSED] - println(parseResponse): null&#xD;
&#xD;
2019-08-27 17:06:56 - [TEST_STEP][PASSED] - attributes = evidenceCode: null&#xD;
&#xD;
2019-08-27 17:06:56 - [TEST_STEP][PASSED] - expected = description == "Butuh LSAR, ABR": null&#xD;
&#xD;
2019-08-27 17:06:56 - [TEST_STEP][PASSED] - comment("Verify evidence code is FE4 and have description "Butuh LSAR, ABR""): Verify evidence code is FE4 and have description "Butuh LSAR, ABR"&#xD;
&#xD;
2019-08-27 17:06:56 - [MESSAGE][INFO] - Verify evidence code is FE4 and have description "Butuh LSAR, ABR"&#xD;
&#xD;
2019-08-27 17:06:56 - [TEST_STEP][PASSED] - verifyEqual(expected, true): Actual object 'true' and expected object 'true' are equal&#xD;
&#xD;
2019-08-27 17:06:56 - [MESSAGE][PASSED] - Actual object 'true' and expected object 'true' are equal&#xD;
&#xD;
2019-08-27 17:06:56 - [TEST_STEP][PASSED] - comment("Verify response status code"): Verify response status code&#xD;
&#xD;
2019-08-27 17:06:56 - [MESSAGE][INFO] - Verify response status code&#xD;
&#xD;
2019-08-27 17:06:56 - [TEST_STEP][PASSED] - verifyResponseStatusCode(response, 200): Verify response status code successfully&#xD;
&#xD;
2019-08-27 17:06:56 - [MESSAGE][PASSED] - Verify response status code successfully&#xD;
&#xD;
2019-08-27 17:06:56 - [TEST_STEP][PASSED] - Start listener action : sampleAfterTestCase: null</system-out>
            <system-err></system-err>
        </testcase>
        <testcase name="Test Cases/AlterationScoringRuleApps/Financial Non Employee/Non Ultimate/FE4/TC-1 USD FE4" classname="Test Cases/AlterationScoringRuleApps/Financial Non Employee/Non Ultimate/FE4/TC-1 USD FE4" status="PASSED">
            <system-out>2019-08-27 17:06:56 - [TEST_CASE][PASSED] - Test Cases/AlterationScoringRuleApps/Financial Non Employee/Non Ultimate/FE4/TC-1 USD FE4: Test Cases/AlterationScoringRuleApps/Financial Non Employee/Non Ultimate/FE4/TC-1 USD FE4&#xD;
&#xD;
2019-08-27 17:06:56 - [TEST_STEP][PASSED] - random = new java.util.Random(): null&#xD;
&#xD;
2019-08-27 17:06:56 - [TEST_STEP][PASSED] - compareHighestValueFsaDeathVsAddccMax = 1875000: null&#xD;
&#xD;
2019-08-27 17:06:56 - [TEST_STEP][PASSED] - compareHighestValueFsaDeathVsAddccMin = 625001: null&#xD;
&#xD;
2019-08-27 17:06:56 - [TEST_STEP][PASSED] - compareHighestValueFsaDeathVsAddcc = random.nextInt(compareHighestValueFsaDeathVsAddccMax - compareHighestValueFsaDeathVsAddccMin) + compareHighestValueFsaDeathVsAddccMin: null&#xD;
&#xD;
2019-08-27 17:06:56 - [TEST_STEP][PASSED] - println(compareHighestValueFsaDeathVsAddcc): null&#xD;
&#xD;
2019-08-27 17:06:56 - [TEST_STEP][PASSED] - comment("Send request"): Send request&#xD;
&#xD;
2019-08-27 17:06:56 - [MESSAGE][INFO] - Send request&#xD;
&#xD;
2019-08-27 17:06:56 - [TEST_STEP][PASSED] - response = sendRequest(findTestObject("AlterationScoringRuleApps/Financial Non Employee/Non Ultimate/Object Request", ["transactionType":transactionType, "role":role, "increasingFsaFlag":increasingFsaFlag, "pecFlag":pecFlag, "occupationCode":occupationCode, ... ])): Send request successfully&#xD;
&#xD;
2019-08-27 17:06:56 - [MESSAGE][INFO] - HAR: C:\SURYAPURBA\PHS\PHS-BRMS\Reports\FinancialNonEmployee_NonUltimate\20190827_170649\requests\main\3.har&#xD;
&#xD;
2019-08-27 17:06:56 - [MESSAGE][PASSED] - Send request successfully&#xD;
&#xD;
2019-08-27 17:06:56 - [TEST_STEP][PASSED] - slurper = new groovy.json.JsonSlurper(): null&#xD;
&#xD;
2019-08-27 17:06:56 - [TEST_STEP][PASSED] - parseResponse = slurper.parseText(response.getResponseText()): null&#xD;
&#xD;
2019-08-27 17:06:56 - [TEST_STEP][PASSED] - println(parseResponse): null&#xD;
&#xD;
2019-08-27 17:06:56 - [TEST_STEP][PASSED] - attributes = evidenceCode: null&#xD;
&#xD;
2019-08-27 17:06:56 - [TEST_STEP][PASSED] - expected = description == "Butuh LSAR, ABR": null&#xD;
&#xD;
2019-08-27 17:06:56 - [TEST_STEP][PASSED] - comment("Verify evidence code is FE4 and have description "Butuh LSAR, ABR""): Verify evidence code is FE4 and have description "Butuh LSAR, ABR"&#xD;
&#xD;
2019-08-27 17:06:56 - [MESSAGE][INFO] - Verify evidence code is FE4 and have description "Butuh LSAR, ABR"&#xD;
&#xD;
2019-08-27 17:06:56 - [TEST_STEP][PASSED] - verifyEqual(expected, true): Actual object 'true' and expected object 'true' are equal&#xD;
&#xD;
2019-08-27 17:06:56 - [MESSAGE][PASSED] - Actual object 'true' and expected object 'true' are equal&#xD;
&#xD;
2019-08-27 17:06:56 - [TEST_STEP][PASSED] - comment("Verify response status code"): Verify response status code&#xD;
&#xD;
2019-08-27 17:06:57 - [MESSAGE][INFO] - Verify response status code&#xD;
&#xD;
2019-08-27 17:06:57 - [TEST_STEP][PASSED] - verifyResponseStatusCode(response, 200): Verify response status code successfully&#xD;
&#xD;
2019-08-27 17:06:57 - [MESSAGE][PASSED] - Verify response status code successfully&#xD;
&#xD;
2019-08-27 17:06:57 - [TEST_STEP][PASSED] - Start listener action : sampleAfterTestCase: null</system-out>
            <system-err></system-err>
        </testcase>
        <testcase name="Test Cases/AlterationScoringRuleApps/Financial Non Employee/Non Ultimate/FE4/TC-1 USD FE4" classname="Test Cases/AlterationScoringRuleApps/Financial Non Employee/Non Ultimate/FE4/TC-1 USD FE4" status="PASSED">
            <system-out>2019-08-27 17:06:57 - [TEST_CASE][PASSED] - Test Cases/AlterationScoringRuleApps/Financial Non Employee/Non Ultimate/FE4/TC-1 USD FE4: Test Cases/AlterationScoringRuleApps/Financial Non Employee/Non Ultimate/FE4/TC-1 USD FE4&#xD;
&#xD;
2019-08-27 17:06:57 - [TEST_STEP][PASSED] - random = new java.util.Random(): null&#xD;
&#xD;
2019-08-27 17:06:57 - [TEST_STEP][PASSED] - compareHighestValueFsaDeathVsAddccMax = 1875000: null&#xD;
&#xD;
2019-08-27 17:06:57 - [TEST_STEP][PASSED] - compareHighestValueFsaDeathVsAddccMin = 625001: null&#xD;
&#xD;
2019-08-27 17:06:57 - [TEST_STEP][PASSED] - compareHighestValueFsaDeathVsAddcc = random.nextInt(compareHighestValueFsaDeathVsAddccMax - compareHighestValueFsaDeathVsAddccMin) + compareHighestValueFsaDeathVsAddccMin: null&#xD;
&#xD;
2019-08-27 17:06:57 - [TEST_STEP][PASSED] - println(compareHighestValueFsaDeathVsAddcc): null&#xD;
&#xD;
2019-08-27 17:06:57 - [TEST_STEP][PASSED] - comment("Send request"): Send request&#xD;
&#xD;
2019-08-27 17:06:57 - [MESSAGE][INFO] - Send request&#xD;
&#xD;
2019-08-27 17:06:57 - [TEST_STEP][PASSED] - response = sendRequest(findTestObject("AlterationScoringRuleApps/Financial Non Employee/Non Ultimate/Object Request", ["transactionType":transactionType, "role":role, "increasingFsaFlag":increasingFsaFlag, "pecFlag":pecFlag, "occupationCode":occupationCode, ... ])): Send request successfully&#xD;
&#xD;
2019-08-27 17:06:57 - [MESSAGE][INFO] - HAR: C:\SURYAPURBA\PHS\PHS-BRMS\Reports\FinancialNonEmployee_NonUltimate\20190827_170649\requests\main\4.har&#xD;
&#xD;
2019-08-27 17:06:57 - [MESSAGE][PASSED] - Send request successfully&#xD;
&#xD;
2019-08-27 17:06:57 - [TEST_STEP][PASSED] - slurper = new groovy.json.JsonSlurper(): null&#xD;
&#xD;
2019-08-27 17:06:57 - [TEST_STEP][PASSED] - parseResponse = slurper.parseText(response.getResponseText()): null&#xD;
&#xD;
2019-08-27 17:06:57 - [TEST_STEP][PASSED] - println(parseResponse): null&#xD;
&#xD;
2019-08-27 17:06:57 - [TEST_STEP][PASSED] - attributes = evidenceCode: null&#xD;
&#xD;
2019-08-27 17:06:57 - [TEST_STEP][PASSED] - expected = description == "Butuh LSAR, ABR": null&#xD;
&#xD;
2019-08-27 17:06:57 - [TEST_STEP][PASSED] - comment("Verify evidence code is FE4 and have description "Butuh LSAR, ABR""): Verify evidence code is FE4 and have description "Butuh LSAR, ABR"&#xD;
&#xD;
2019-08-27 17:06:57 - [MESSAGE][INFO] - Verify evidence code is FE4 and have description "Butuh LSAR, ABR"&#xD;
&#xD;
2019-08-27 17:06:57 - [TEST_STEP][PASSED] - verifyEqual(expected, true): Actual object 'true' and expected object 'true' are equal&#xD;
&#xD;
2019-08-27 17:06:57 - [MESSAGE][PASSED] - Actual object 'true' and expected object 'true' are equal&#xD;
&#xD;
2019-08-27 17:06:57 - [TEST_STEP][PASSED] - comment("Verify response status code"): Verify response status code&#xD;
&#xD;
2019-08-27 17:06:57 - [MESSAGE][INFO] - Verify response status code&#xD;
&#xD;
2019-08-27 17:06:57 - [TEST_STEP][PASSED] - verifyResponseStatusCode(response, 200): Verify response status code successfully&#xD;
&#xD;
2019-08-27 17:06:57 - [MESSAGE][PASSED] - Verify response status code successfully&#xD;
&#xD;
2019-08-27 17:06:57 - [TEST_STEP][PASSED] - Start listener action : sampleAfterTestCase: null</system-out>
            <system-err></system-err>
        </testcase>
        <testcase name="Test Cases/AlterationScoringRuleApps/Financial Non Employee/Non Ultimate/FE4/TC-1 USD FE4" classname="Test Cases/AlterationScoringRuleApps/Financial Non Employee/Non Ultimate/FE4/TC-1 USD FE4" status="PASSED">
            <system-out>2019-08-27 17:06:57 - [TEST_CASE][PASSED] - Test Cases/AlterationScoringRuleApps/Financial Non Employee/Non Ultimate/FE4/TC-1 USD FE4: Test Cases/AlterationScoringRuleApps/Financial Non Employee/Non Ultimate/FE4/TC-1 USD FE4&#xD;
&#xD;
2019-08-27 17:06:58 - [TEST_STEP][PASSED] - random = new java.util.Random(): null&#xD;
&#xD;
2019-08-27 17:06:58 - [TEST_STEP][PASSED] - compareHighestValueFsaDeathVsAddccMax = 1875000: null&#xD;
&#xD;
2019-08-27 17:06:58 - [TEST_STEP][PASSED] - compareHighestValueFsaDeathVsAddccMin = 625001: null&#xD;
&#xD;
2019-08-27 17:06:58 - [TEST_STEP][PASSED] - compareHighestValueFsaDeathVsAddcc = random.nextInt(compareHighestValueFsaDeathVsAddccMax - compareHighestValueFsaDeathVsAddccMin) + compareHighestValueFsaDeathVsAddccMin: null&#xD;
&#xD;
2019-08-27 17:06:58 - [TEST_STEP][PASSED] - println(compareHighestValueFsaDeathVsAddcc): null&#xD;
&#xD;
2019-08-27 17:06:58 - [TEST_STEP][PASSED] - comment("Send request"): Send request&#xD;
&#xD;
2019-08-27 17:06:58 - [MESSAGE][INFO] - Send request&#xD;
&#xD;
2019-08-27 17:06:58 - [TEST_STEP][PASSED] - response = sendRequest(findTestObject("AlterationScoringRuleApps/Financial Non Employee/Non Ultimate/Object Request", ["transactionType":transactionType, "role":role, "increasingFsaFlag":increasingFsaFlag, "pecFlag":pecFlag, "occupationCode":occupationCode, ... ])): Send request successfully&#xD;
&#xD;
2019-08-27 17:06:58 - [MESSAGE][INFO] - HAR: C:\SURYAPURBA\PHS\PHS-BRMS\Reports\FinancialNonEmployee_NonUltimate\20190827_170649\requests\main\5.har&#xD;
&#xD;
2019-08-27 17:06:58 - [MESSAGE][PASSED] - Send request successfully&#xD;
&#xD;
2019-08-27 17:06:58 - [TEST_STEP][PASSED] - slurper = new groovy.json.JsonSlurper(): null&#xD;
&#xD;
2019-08-27 17:06:58 - [TEST_STEP][PASSED] - parseResponse = slurper.parseText(response.getResponseText()): null&#xD;
&#xD;
2019-08-27 17:06:58 - [TEST_STEP][PASSED] - println(parseResponse): null&#xD;
&#xD;
2019-08-27 17:06:58 - [TEST_STEP][PASSED] - attributes = evidenceCode: null&#xD;
&#xD;
2019-08-27 17:06:58 - [TEST_STEP][PASSED] - expected = description == "Butuh LSAR, ABR": null&#xD;
&#xD;
2019-08-27 17:06:58 - [TEST_STEP][PASSED] - comment("Verify evidence code is FE4 and have description "Butuh LSAR, ABR""): Verify evidence code is FE4 and have description "Butuh LSAR, ABR"&#xD;
&#xD;
2019-08-27 17:06:58 - [MESSAGE][INFO] - Verify evidence code is FE4 and have description "Butuh LSAR, ABR"&#xD;
&#xD;
2019-08-27 17:06:58 - [TEST_STEP][PASSED] - verifyEqual(expected, true): Actual object 'true' and expected object 'true' are equal&#xD;
&#xD;
2019-08-27 17:06:58 - [MESSAGE][PASSED] - Actual object 'true' and expected object 'true' are equal&#xD;
&#xD;
2019-08-27 17:06:58 - [TEST_STEP][PASSED] - comment("Verify response status code"): Verify response status code&#xD;
&#xD;
2019-08-27 17:06:58 - [MESSAGE][INFO] - Verify response status code&#xD;
&#xD;
2019-08-27 17:06:58 - [TEST_STEP][PASSED] - verifyResponseStatusCode(response, 200): Verify response status code successfully&#xD;
&#xD;
2019-08-27 17:06:58 - [MESSAGE][PASSED] - Verify response status code successfully&#xD;
&#xD;
2019-08-27 17:06:58 - [TEST_STEP][PASSED] - Start listener action : sampleAfterTestCase: null</system-out>
            <system-err></system-err>
        </testcase>
        <testcase name="Test Cases/AlterationScoringRuleApps/Financial Non Employee/Non Ultimate/FE4/TC-1 USD FE4" classname="Test Cases/AlterationScoringRuleApps/Financial Non Employee/Non Ultimate/FE4/TC-1 USD FE4" status="PASSED">
            <system-out>2019-08-27 17:06:58 - [TEST_CASE][PASSED] - Test Cases/AlterationScoringRuleApps/Financial Non Employee/Non Ultimate/FE4/TC-1 USD FE4: Test Cases/AlterationScoringRuleApps/Financial Non Employee/Non Ultimate/FE4/TC-1 USD FE4&#xD;
&#xD;
2019-08-27 17:06:58 - [TEST_STEP][PASSED] - random = new java.util.Random(): null&#xD;
&#xD;
2019-08-27 17:06:58 - [TEST_STEP][PASSED] - compareHighestValueFsaDeathVsAddccMax = 1875000: null&#xD;
&#xD;
2019-08-27 17:06:58 - [TEST_STEP][PASSED] - compareHighestValueFsaDeathVsAddccMin = 625001: null&#xD;
&#xD;
2019-08-27 17:06:58 - [TEST_STEP][PASSED] - compareHighestValueFsaDeathVsAddcc = random.nextInt(compareHighestValueFsaDeathVsAddccMax - compareHighestValueFsaDeathVsAddccMin) + compareHighestValueFsaDeathVsAddccMin: null&#xD;
&#xD;
2019-08-27 17:06:58 - [TEST_STEP][PASSED] - println(compareHighestValueFsaDeathVsAddcc): null&#xD;
&#xD;
2019-08-27 17:06:58 - [TEST_STEP][PASSED] - comment("Send request"): Send request&#xD;
&#xD;
2019-08-27 17:06:58 - [MESSAGE][INFO] - Send request&#xD;
&#xD;
2019-08-27 17:06:58 - [TEST_STEP][PASSED] - response = sendRequest(findTestObject("AlterationScoringRuleApps/Financial Non Employee/Non Ultimate/Object Request", ["transactionType":transactionType, "role":role, "increasingFsaFlag":increasingFsaFlag, "pecFlag":pecFlag, "occupationCode":occupationCode, ... ])): Send request successfully&#xD;
&#xD;
2019-08-27 17:06:58 - [MESSAGE][INFO] - HAR: C:\SURYAPURBA\PHS\PHS-BRMS\Reports\FinancialNonEmployee_NonUltimate\20190827_170649\requests\main\6.har&#xD;
&#xD;
2019-08-27 17:06:58 - [MESSAGE][PASSED] - Send request successfully&#xD;
&#xD;
2019-08-27 17:06:58 - [TEST_STEP][PASSED] - slurper = new groovy.json.JsonSlurper(): null&#xD;
&#xD;
2019-08-27 17:06:58 - [TEST_STEP][PASSED] - parseResponse = slurper.parseText(response.getResponseText()): null&#xD;
&#xD;
2019-08-27 17:06:58 - [TEST_STEP][PASSED] - println(parseResponse): null&#xD;
&#xD;
2019-08-27 17:06:58 - [TEST_STEP][PASSED] - attributes = evidenceCode: null&#xD;
&#xD;
2019-08-27 17:06:59 - [TEST_STEP][PASSED] - expected = description == "Butuh LSAR, ABR": null&#xD;
&#xD;
2019-08-27 17:06:59 - [TEST_STEP][PASSED] - comment("Verify evidence code is FE4 and have description "Butuh LSAR, ABR""): Verify evidence code is FE4 and have description "Butuh LSAR, ABR"&#xD;
&#xD;
2019-08-27 17:06:59 - [MESSAGE][INFO] - Verify evidence code is FE4 and have description "Butuh LSAR, ABR"&#xD;
&#xD;
2019-08-27 17:06:59 - [TEST_STEP][PASSED] - verifyEqual(expected, true): Actual object 'true' and expected object 'true' are equal&#xD;
&#xD;
2019-08-27 17:06:59 - [MESSAGE][PASSED] - Actual object 'true' and expected object 'true' are equal&#xD;
&#xD;
2019-08-27 17:06:59 - [TEST_STEP][PASSED] - comment("Verify response status code"): Verify response status code&#xD;
&#xD;
2019-08-27 17:06:59 - [MESSAGE][INFO] - Verify response status code&#xD;
&#xD;
2019-08-27 17:06:59 - [TEST_STEP][PASSED] - verifyResponseStatusCode(response, 200): Verify response status code successfully&#xD;
&#xD;
2019-08-27 17:06:59 - [MESSAGE][PASSED] - Verify response status code successfully&#xD;
&#xD;
2019-08-27 17:06:59 - [TEST_STEP][PASSED] - Start listener action : sampleAfterTestCase: null</system-out>
            <system-err></system-err>
        </testcase>
        <testcase name="Test Cases/AlterationScoringRuleApps/Financial Non Employee/Non Ultimate/FE4/TC-1 USD FE4" classname="Test Cases/AlterationScoringRuleApps/Financial Non Employee/Non Ultimate/FE4/TC-1 USD FE4" status="PASSED">
            <system-out>2019-08-27 17:06:59 - [TEST_CASE][PASSED] - Test Cases/AlterationScoringRuleApps/Financial Non Employee/Non Ultimate/FE4/TC-1 USD FE4: Test Cases/AlterationScoringRuleApps/Financial Non Employee/Non Ultimate/FE4/TC-1 USD FE4&#xD;
&#xD;
2019-08-27 17:06:59 - [TEST_STEP][PASSED] - random = new java.util.Random(): null&#xD;
&#xD;
2019-08-27 17:06:59 - [TEST_STEP][PASSED] - compareHighestValueFsaDeathVsAddccMax = 1875000: null&#xD;
&#xD;
2019-08-27 17:06:59 - [TEST_STEP][PASSED] - compareHighestValueFsaDeathVsAddccMin = 625001: null&#xD;
&#xD;
2019-08-27 17:06:59 - [TEST_STEP][PASSED] - compareHighestValueFsaDeathVsAddcc = random.nextInt(compareHighestValueFsaDeathVsAddccMax - compareHighestValueFsaDeathVsAddccMin) + compareHighestValueFsaDeathVsAddccMin: null&#xD;
&#xD;
2019-08-27 17:06:59 - [TEST_STEP][PASSED] - println(compareHighestValueFsaDeathVsAddcc): null&#xD;
&#xD;
2019-08-27 17:06:59 - [TEST_STEP][PASSED] - comment("Send request"): Send request&#xD;
&#xD;
2019-08-27 17:06:59 - [MESSAGE][INFO] - Send request&#xD;
&#xD;
2019-08-27 17:06:59 - [TEST_STEP][PASSED] - response = sendRequest(findTestObject("AlterationScoringRuleApps/Financial Non Employee/Non Ultimate/Object Request", ["transactionType":transactionType, "role":role, "increasingFsaFlag":increasingFsaFlag, "pecFlag":pecFlag, "occupationCode":occupationCode, ... ])): Send request successfully&#xD;
&#xD;
2019-08-27 17:06:59 - [MESSAGE][INFO] - HAR: C:\SURYAPURBA\PHS\PHS-BRMS\Reports\FinancialNonEmployee_NonUltimate\20190827_170649\requests\main\7.har&#xD;
&#xD;
2019-08-27 17:06:59 - [MESSAGE][PASSED] - Send request successfully&#xD;
&#xD;
2019-08-27 17:06:59 - [TEST_STEP][PASSED] - slurper = new groovy.json.JsonSlurper(): null&#xD;
&#xD;
2019-08-27 17:06:59 - [TEST_STEP][PASSED] - parseResponse = slurper.parseText(response.getResponseText()): null&#xD;
&#xD;
2019-08-27 17:06:59 - [TEST_STEP][PASSED] - println(parseResponse): null&#xD;
&#xD;
2019-08-27 17:06:59 - [TEST_STEP][PASSED] - attributes = evidenceCode: null&#xD;
&#xD;
2019-08-27 17:06:59 - [TEST_STEP][PASSED] - expected = description == "Butuh LSAR, ABR": null&#xD;
&#xD;
2019-08-27 17:06:59 - [TEST_STEP][PASSED] - comment("Verify evidence code is FE4 and have description "Butuh LSAR, ABR""): Verify evidence code is FE4 and have description "Butuh LSAR, ABR"&#xD;
&#xD;
2019-08-27 17:06:59 - [MESSAGE][INFO] - Verify evidence code is FE4 and have description "Butuh LSAR, ABR"&#xD;
&#xD;
2019-08-27 17:06:59 - [TEST_STEP][PASSED] - verifyEqual(expected, true): Actual object 'true' and expected object 'true' are equal&#xD;
&#xD;
2019-08-27 17:06:59 - [MESSAGE][PASSED] - Actual object 'true' and expected object 'true' are equal&#xD;
&#xD;
2019-08-27 17:06:59 - [TEST_STEP][PASSED] - comment("Verify response status code"): Verify response status code&#xD;
&#xD;
2019-08-27 17:06:59 - [MESSAGE][INFO] - Verify response status code&#xD;
&#xD;
2019-08-27 17:06:59 - [TEST_STEP][PASSED] - verifyResponseStatusCode(response, 200): Verify response status code successfully&#xD;
&#xD;
2019-08-27 17:06:59 - [MESSAGE][PASSED] - Verify response status code successfully&#xD;
&#xD;
2019-08-27 17:06:59 - [TEST_STEP][PASSED] - Start listener action : sampleAfterTestCase: null</system-out>
            <system-err></system-err>
        </testcase>
        <testcase name="Test Cases/AlterationScoringRuleApps/Financial Non Employee/Non Ultimate/FE4/TC-1 USD FE4" classname="Test Cases/AlterationScoringRuleApps/Financial Non Employee/Non Ultimate/FE4/TC-1 USD FE4" status="PASSED">
            <system-out>2019-08-27 17:06:59 - [TEST_CASE][PASSED] - Test Cases/AlterationScoringRuleApps/Financial Non Employee/Non Ultimate/FE4/TC-1 USD FE4: Test Cases/AlterationScoringRuleApps/Financial Non Employee/Non Ultimate/FE4/TC-1 USD FE4&#xD;
&#xD;
2019-08-27 17:06:59 - [TEST_STEP][PASSED] - random = new java.util.Random(): null&#xD;
&#xD;
2019-08-27 17:06:59 - [TEST_STEP][PASSED] - compareHighestValueFsaDeathVsAddccMax = 1875000: null&#xD;
&#xD;
2019-08-27 17:06:59 - [TEST_STEP][PASSED] - compareHighestValueFsaDeathVsAddccMin = 625001: null&#xD;
&#xD;
2019-08-27 17:07:00 - [TEST_STEP][PASSED] - compareHighestValueFsaDeathVsAddcc = random.nextInt(compareHighestValueFsaDeathVsAddccMax - compareHighestValueFsaDeathVsAddccMin) + compareHighestValueFsaDeathVsAddccMin: null&#xD;
&#xD;
2019-08-27 17:07:00 - [TEST_STEP][PASSED] - println(compareHighestValueFsaDeathVsAddcc): null&#xD;
&#xD;
2019-08-27 17:07:00 - [TEST_STEP][PASSED] - comment("Send request"): Send request&#xD;
&#xD;
2019-08-27 17:07:00 - [MESSAGE][INFO] - Send request&#xD;
&#xD;
2019-08-27 17:07:00 - [TEST_STEP][PASSED] - response = sendRequest(findTestObject("AlterationScoringRuleApps/Financial Non Employee/Non Ultimate/Object Request", ["transactionType":transactionType, "role":role, "increasingFsaFlag":increasingFsaFlag, "pecFlag":pecFlag, "occupationCode":occupationCode, ... ])): Send request successfully&#xD;
&#xD;
2019-08-27 17:07:00 - [MESSAGE][INFO] - HAR: C:\SURYAPURBA\PHS\PHS-BRMS\Reports\FinancialNonEmployee_NonUltimate\20190827_170649\requests\main\8.har&#xD;
&#xD;
2019-08-27 17:07:00 - [MESSAGE][PASSED] - Send request successfully&#xD;
&#xD;
2019-08-27 17:07:00 - [TEST_STEP][PASSED] - slurper = new groovy.json.JsonSlurper(): null&#xD;
&#xD;
2019-08-27 17:07:00 - [TEST_STEP][PASSED] - parseResponse = slurper.parseText(response.getResponseText()): null&#xD;
&#xD;
2019-08-27 17:07:00 - [TEST_STEP][PASSED] - println(parseResponse): null&#xD;
&#xD;
2019-08-27 17:07:00 - [TEST_STEP][PASSED] - attributes = evidenceCode: null&#xD;
&#xD;
2019-08-27 17:07:00 - [TEST_STEP][PASSED] - expected = description == "Butuh LSAR, ABR": null&#xD;
&#xD;
2019-08-27 17:07:00 - [TEST_STEP][PASSED] - comment("Verify evidence code is FE4 and have description "Butuh LSAR, ABR""): Verify evidence code is FE4 and have description "Butuh LSAR, ABR"&#xD;
&#xD;
2019-08-27 17:07:00 - [MESSAGE][INFO] - Verify evidence code is FE4 and have description "Butuh LSAR, ABR"&#xD;
&#xD;
2019-08-27 17:07:00 - [TEST_STEP][PASSED] - verifyEqual(expected, true): Actual object 'true' and expected object 'true' are equal&#xD;
&#xD;
2019-08-27 17:07:00 - [MESSAGE][PASSED] - Actual object 'true' and expected object 'true' are equal&#xD;
&#xD;
2019-08-27 17:07:00 - [TEST_STEP][PASSED] - comment("Verify response status code"): Verify response status code&#xD;
&#xD;
2019-08-27 17:07:00 - [MESSAGE][INFO] - Verify response status code&#xD;
&#xD;
2019-08-27 17:07:00 - [TEST_STEP][PASSED] - verifyResponseStatusCode(response, 200): Verify response status code successfully&#xD;
&#xD;
2019-08-27 17:07:00 - [MESSAGE][PASSED] - Verify response status code successfully&#xD;
&#xD;
2019-08-27 17:07:00 - [TEST_STEP][PASSED] - Start listener action : sampleAfterTestCase: null</system-out>
            <system-err></system-err>
        </testcase>
        <testcase name="Test Cases/AlterationScoringRuleApps/Financial Non Employee/Non Ultimate/FE4/TC-1 USD FE4" classname="Test Cases/AlterationScoringRuleApps/Financial Non Employee/Non Ultimate/FE4/TC-1 USD FE4" status="PASSED">
            <system-out>2019-08-27 17:07:00 - [TEST_CASE][PASSED] - Test Cases/AlterationScoringRuleApps/Financial Non Employee/Non Ultimate/FE4/TC-1 USD FE4: Test Cases/AlterationScoringRuleApps/Financial Non Employee/Non Ultimate/FE4/TC-1 USD FE4&#xD;
&#xD;
2019-08-27 17:07:00 - [TEST_STEP][PASSED] - random = new java.util.Random(): null&#xD;
&#xD;
2019-08-27 17:07:00 - [TEST_STEP][PASSED] - compareHighestValueFsaDeathVsAddccMax = 1875000: null&#xD;
&#xD;
2019-08-27 17:07:00 - [TEST_STEP][PASSED] - compareHighestValueFsaDeathVsAddccMin = 625001: null&#xD;
&#xD;
2019-08-27 17:07:00 - [TEST_STEP][PASSED] - compareHighestValueFsaDeathVsAddcc = random.nextInt(compareHighestValueFsaDeathVsAddccMax - compareHighestValueFsaDeathVsAddccMin) + compareHighestValueFsaDeathVsAddccMin: null&#xD;
&#xD;
2019-08-27 17:07:00 - [TEST_STEP][PASSED] - println(compareHighestValueFsaDeathVsAddcc): null&#xD;
&#xD;
2019-08-27 17:07:00 - [TEST_STEP][PASSED] - comment("Send request"): Send request&#xD;
&#xD;
2019-08-27 17:07:00 - [MESSAGE][INFO] - Send request&#xD;
&#xD;
2019-08-27 17:07:00 - [TEST_STEP][PASSED] - response = sendRequest(findTestObject("AlterationScoringRuleApps/Financial Non Employee/Non Ultimate/Object Request", ["transactionType":transactionType, "role":role, "increasingFsaFlag":increasingFsaFlag, "pecFlag":pecFlag, "occupationCode":occupationCode, ... ])): Send request successfully&#xD;
&#xD;
2019-08-27 17:07:00 - [MESSAGE][INFO] - HAR: C:\SURYAPURBA\PHS\PHS-BRMS\Reports\FinancialNonEmployee_NonUltimate\20190827_170649\requests\main\9.har&#xD;
&#xD;
2019-08-27 17:07:01 - [MESSAGE][PASSED] - Send request successfully&#xD;
&#xD;
2019-08-27 17:07:01 - [TEST_STEP][PASSED] - slurper = new groovy.json.JsonSlurper(): null&#xD;
&#xD;
2019-08-27 17:07:01 - [TEST_STEP][PASSED] - parseResponse = slurper.parseText(response.getResponseText()): null&#xD;
&#xD;
2019-08-27 17:07:01 - [TEST_STEP][PASSED] - println(parseResponse): null&#xD;
&#xD;
2019-08-27 17:07:01 - [TEST_STEP][PASSED] - attributes = evidenceCode: null&#xD;
&#xD;
2019-08-27 17:07:01 - [TEST_STEP][PASSED] - expected = description == "Butuh LSAR, ABR": null&#xD;
&#xD;
2019-08-27 17:07:01 - [TEST_STEP][PASSED] - comment("Verify evidence code is FE4 and have description "Butuh LSAR, ABR""): Verify evidence code is FE4 and have description "Butuh LSAR, ABR"&#xD;
&#xD;
2019-08-27 17:07:01 - [MESSAGE][INFO] - Verify evidence code is FE4 and have description "Butuh LSAR, ABR"&#xD;
&#xD;
2019-08-27 17:07:01 - [TEST_STEP][PASSED] - verifyEqual(expected, true): Actual object 'true' and expected object 'true' are equal&#xD;
&#xD;
2019-08-27 17:07:01 - [MESSAGE][PASSED] - Actual object 'true' and expected object 'true' are equal&#xD;
&#xD;
2019-08-27 17:07:01 - [TEST_STEP][PASSED] - comment("Verify response status code"): Verify response status code&#xD;
&#xD;
2019-08-27 17:07:01 - [MESSAGE][INFO] - Verify response status code&#xD;
&#xD;
2019-08-27 17:07:01 - [TEST_STEP][PASSED] - verifyResponseStatusCode(response, 200): Verify response status code successfully&#xD;
&#xD;
2019-08-27 17:07:01 - [MESSAGE][PASSED] - Verify response status code successfully&#xD;
&#xD;
2019-08-27 17:07:01 - [TEST_STEP][PASSED] - Start listener action : sampleAfterTestCase: null</system-out>
            <system-err></system-err>
        </testcase>
        <testcase name="Test Cases/AlterationScoringRuleApps/Financial Non Employee/Non Ultimate/FE4/TC-1 USD FE4" classname="Test Cases/AlterationScoringRuleApps/Financial Non Employee/Non Ultimate/FE4/TC-1 USD FE4" status="PASSED">
            <system-out>2019-08-27 17:07:01 - [TEST_CASE][PASSED] - Test Cases/AlterationScoringRuleApps/Financial Non Employee/Non Ultimate/FE4/TC-1 USD FE4: Test Cases/AlterationScoringRuleApps/Financial Non Employee/Non Ultimate/FE4/TC-1 USD FE4&#xD;
&#xD;
2019-08-27 17:07:01 - [TEST_STEP][PASSED] - random = new java.util.Random(): null&#xD;
&#xD;
2019-08-27 17:07:01 - [TEST_STEP][PASSED] - compareHighestValueFsaDeathVsAddccMax = 1875000: null&#xD;
&#xD;
2019-08-27 17:07:01 - [TEST_STEP][PASSED] - compareHighestValueFsaDeathVsAddccMin = 625001: null&#xD;
&#xD;
2019-08-27 17:07:01 - [TEST_STEP][PASSED] - compareHighestValueFsaDeathVsAddcc = random.nextInt(compareHighestValueFsaDeathVsAddccMax - compareHighestValueFsaDeathVsAddccMin) + compareHighestValueFsaDeathVsAddccMin: null&#xD;
&#xD;
2019-08-27 17:07:01 - [TEST_STEP][PASSED] - println(compareHighestValueFsaDeathVsAddcc): null&#xD;
&#xD;
2019-08-27 17:07:01 - [TEST_STEP][PASSED] - comment("Send request"): Send request&#xD;
&#xD;
2019-08-27 17:07:01 - [MESSAGE][INFO] - Send request&#xD;
&#xD;
2019-08-27 17:07:01 - [TEST_STEP][PASSED] - response = sendRequest(findTestObject("AlterationScoringRuleApps/Financial Non Employee/Non Ultimate/Object Request", ["transactionType":transactionType, "role":role, "increasingFsaFlag":increasingFsaFlag, "pecFlag":pecFlag, "occupationCode":occupationCode, ... ])): Send request successfully&#xD;
&#xD;
2019-08-27 17:07:01 - [MESSAGE][INFO] - HAR: C:\SURYAPURBA\PHS\PHS-BRMS\Reports\FinancialNonEmployee_NonUltimate\20190827_170649\requests\main\10.har&#xD;
&#xD;
2019-08-27 17:07:01 - [MESSAGE][PASSED] - Send request successfully&#xD;
&#xD;
2019-08-27 17:07:01 - [TEST_STEP][PASSED] - slurper = new groovy.json.JsonSlurper(): null&#xD;
&#xD;
2019-08-27 17:07:01 - [TEST_STEP][PASSED] - parseResponse = slurper.parseText(response.getResponseText()): null&#xD;
&#xD;
2019-08-27 17:07:01 - [TEST_STEP][PASSED] - println(parseResponse): null&#xD;
&#xD;
2019-08-27 17:07:01 - [TEST_STEP][PASSED] - attributes = evidenceCode: null&#xD;
&#xD;
2019-08-27 17:07:01 - [TEST_STEP][PASSED] - expected = description == "Butuh LSAR, ABR": null&#xD;
&#xD;
2019-08-27 17:07:01 - [TEST_STEP][PASSED] - comment("Verify evidence code is FE4 and have description "Butuh LSAR, ABR""): Verify evidence code is FE4 and have description "Butuh LSAR, ABR"&#xD;
&#xD;
2019-08-27 17:07:01 - [MESSAGE][INFO] - Verify evidence code is FE4 and have description "Butuh LSAR, ABR"&#xD;
&#xD;
2019-08-27 17:07:01 - [TEST_STEP][PASSED] - verifyEqual(expected, true): Actual object 'true' and expected object 'true' are equal&#xD;
&#xD;
2019-08-27 17:07:01 - [MESSAGE][PASSED] - Actual object 'true' and expected object 'true' are equal&#xD;
&#xD;
2019-08-27 17:07:01 - [TEST_STEP][PASSED] - comment("Verify response status code"): Verify response status code&#xD;
&#xD;
2019-08-27 17:07:01 - [MESSAGE][INFO] - Verify response status code&#xD;
&#xD;
2019-08-27 17:07:01 - [TEST_STEP][PASSED] - verifyResponseStatusCode(response, 200): Verify response status code successfully&#xD;
&#xD;
2019-08-27 17:07:01 - [MESSAGE][PASSED] - Verify response status code successfully&#xD;
&#xD;
2019-08-27 17:07:01 - [TEST_STEP][PASSED] - Start listener action : sampleAfterTestCase: null</system-out>
            <system-err></system-err>
        </testcase>
        <testcase name="Test Cases/AlterationScoringRuleApps/Financial Non Employee/Non Ultimate/FE4/TC-1 USD FE4" classname="Test Cases/AlterationScoringRuleApps/Financial Non Employee/Non Ultimate/FE4/TC-1 USD FE4" status="PASSED">
            <system-out>2019-08-27 17:07:01 - [TEST_CASE][PASSED] - Test Cases/AlterationScoringRuleApps/Financial Non Employee/Non Ultimate/FE4/TC-1 USD FE4: Test Cases/AlterationScoringRuleApps/Financial Non Employee/Non Ultimate/FE4/TC-1 USD FE4&#xD;
&#xD;
2019-08-27 17:07:02 - [TEST_STEP][PASSED] - random = new java.util.Random(): null&#xD;
&#xD;
2019-08-27 17:07:02 - [TEST_STEP][PASSED] - compareHighestValueFsaDeathVsAddccMax = 1875000: null&#xD;
&#xD;
2019-08-27 17:07:02 - [TEST_STEP][PASSED] - compareHighestValueFsaDeathVsAddccMin = 625001: null&#xD;
&#xD;
2019-08-27 17:07:02 - [TEST_STEP][PASSED] - compareHighestValueFsaDeathVsAddcc = random.nextInt(compareHighestValueFsaDeathVsAddccMax - compareHighestValueFsaDeathVsAddccMin) + compareHighestValueFsaDeathVsAddccMin: null&#xD;
&#xD;
2019-08-27 17:07:02 - [TEST_STEP][PASSED] - println(compareHighestValueFsaDeathVsAddcc): null&#xD;
&#xD;
2019-08-27 17:07:02 - [TEST_STEP][PASSED] - comment("Send request"): Send request&#xD;
&#xD;
2019-08-27 17:07:02 - [MESSAGE][INFO] - Send request&#xD;
&#xD;
2019-08-27 17:07:02 - [TEST_STEP][PASSED] - response = sendRequest(findTestObject("AlterationScoringRuleApps/Financial Non Employee/Non Ultimate/Object Request", ["transactionType":transactionType, "role":role, "increasingFsaFlag":increasingFsaFlag, "pecFlag":pecFlag, "occupationCode":occupationCode, ... ])): Send request successfully&#xD;
&#xD;
2019-08-27 17:07:02 - [MESSAGE][INFO] - HAR: C:\SURYAPURBA\PHS\PHS-BRMS\Reports\FinancialNonEmployee_NonUltimate\20190827_170649\requests\main\11.har&#xD;
&#xD;
2019-08-27 17:07:02 - [MESSAGE][PASSED] - Send request successfully&#xD;
&#xD;
2019-08-27 17:07:02 - [TEST_STEP][PASSED] - slurper = new groovy.json.JsonSlurper(): null&#xD;
&#xD;
2019-08-27 17:07:02 - [TEST_STEP][PASSED] - parseResponse = slurper.parseText(response.getResponseText()): null&#xD;
&#xD;
2019-08-27 17:07:02 - [TEST_STEP][PASSED] - println(parseResponse): null&#xD;
&#xD;
2019-08-27 17:07:02 - [TEST_STEP][PASSED] - attributes = evidenceCode: null&#xD;
&#xD;
2019-08-27 17:07:02 - [TEST_STEP][PASSED] - expected = description == "Butuh LSAR, ABR": null&#xD;
&#xD;
2019-08-27 17:07:02 - [TEST_STEP][PASSED] - comment("Verify evidence code is FE4 and have description "Butuh LSAR, ABR""): Verify evidence code is FE4 and have description "Butuh LSAR, ABR"&#xD;
&#xD;
2019-08-27 17:07:02 - [MESSAGE][INFO] - Verify evidence code is FE4 and have description "Butuh LSAR, ABR"&#xD;
&#xD;
2019-08-27 17:07:02 - [TEST_STEP][PASSED] - verifyEqual(expected, true): Actual object 'true' and expected object 'true' are equal&#xD;
&#xD;
2019-08-27 17:07:02 - [MESSAGE][PASSED] - Actual object 'true' and expected object 'true' are equal&#xD;
&#xD;
2019-08-27 17:07:02 - [TEST_STEP][PASSED] - comment("Verify response status code"): Verify response status code&#xD;
&#xD;
2019-08-27 17:07:02 - [MESSAGE][INFO] - Verify response status code&#xD;
&#xD;
2019-08-27 17:07:02 - [TEST_STEP][PASSED] - verifyResponseStatusCode(response, 200): Verify response status code successfully&#xD;
&#xD;
2019-08-27 17:07:02 - [MESSAGE][PASSED] - Verify response status code successfully&#xD;
&#xD;
2019-08-27 17:07:02 - [TEST_STEP][PASSED] - Start listener action : sampleAfterTestCase: null</system-out>
            <system-err></system-err>
        </testcase>
        <testcase name="Test Cases/AlterationScoringRuleApps/Financial Non Employee/Non Ultimate/FE4/TC-1 USD FE4" classname="Test Cases/AlterationScoringRuleApps/Financial Non Employee/Non Ultimate/FE4/TC-1 USD FE4" status="PASSED">
            <system-out>2019-08-27 17:07:02 - [TEST_CASE][PASSED] - Test Cases/AlterationScoringRuleApps/Financial Non Employee/Non Ultimate/FE4/TC-1 USD FE4: Test Cases/AlterationScoringRuleApps/Financial Non Employee/Non Ultimate/FE4/TC-1 USD FE4&#xD;
&#xD;
2019-08-27 17:07:02 - [TEST_STEP][PASSED] - random = new java.util.Random(): null&#xD;
&#xD;
2019-08-27 17:07:02 - [TEST_STEP][PASSED] - compareHighestValueFsaDeathVsAddccMax = 1875000: null&#xD;
&#xD;
2019-08-27 17:07:02 - [TEST_STEP][PASSED] - compareHighestValueFsaDeathVsAddccMin = 625001: null&#xD;
&#xD;
2019-08-27 17:07:02 - [TEST_STEP][PASSED] - compareHighestValueFsaDeathVsAddcc = random.nextInt(compareHighestValueFsaDeathVsAddccMax - compareHighestValueFsaDeathVsAddccMin) + compareHighestValueFsaDeathVsAddccMin: null&#xD;
&#xD;
2019-08-27 17:07:02 - [TEST_STEP][PASSED] - println(compareHighestValueFsaDeathVsAddcc): null&#xD;
&#xD;
2019-08-27 17:07:02 - [TEST_STEP][PASSED] - comment("Send request"): Send request&#xD;
&#xD;
2019-08-27 17:07:02 - [MESSAGE][INFO] - Send request&#xD;
&#xD;
2019-08-27 17:07:02 - [TEST_STEP][PASSED] - response = sendRequest(findTestObject("AlterationScoringRuleApps/Financial Non Employee/Non Ultimate/Object Request", ["transactionType":transactionType, "role":role, "increasingFsaFlag":increasingFsaFlag, "pecFlag":pecFlag, "occupationCode":occupationCode, ... ])): Send request successfully&#xD;
&#xD;
2019-08-27 17:07:02 - [MESSAGE][INFO] - HAR: C:\SURYAPURBA\PHS\PHS-BRMS\Reports\FinancialNonEmployee_NonUltimate\20190827_170649\requests\main\12.har&#xD;
&#xD;
2019-08-27 17:07:02 - [MESSAGE][PASSED] - Send request successfully&#xD;
&#xD;
2019-08-27 17:07:02 - [TEST_STEP][PASSED] - slurper = new groovy.json.JsonSlurper(): null&#xD;
&#xD;
2019-08-27 17:07:02 - [TEST_STEP][PASSED] - parseResponse = slurper.parseText(response.getResponseText()): null&#xD;
&#xD;
2019-08-27 17:07:02 - [TEST_STEP][PASSED] - println(parseResponse): null&#xD;
&#xD;
2019-08-27 17:07:03 - [TEST_STEP][PASSED] - attributes = evidenceCode: null&#xD;
&#xD;
2019-08-27 17:07:03 - [TEST_STEP][PASSED] - expected = description == "Butuh LSAR, ABR": null&#xD;
&#xD;
2019-08-27 17:07:03 - [TEST_STEP][PASSED] - comment("Verify evidence code is FE4 and have description "Butuh LSAR, ABR""): Verify evidence code is FE4 and have description "Butuh LSAR, ABR"&#xD;
&#xD;
2019-08-27 17:07:03 - [MESSAGE][INFO] - Verify evidence code is FE4 and have description "Butuh LSAR, ABR"&#xD;
&#xD;
2019-08-27 17:07:03 - [TEST_STEP][PASSED] - verifyEqual(expected, true): Actual object 'true' and expected object 'true' are equal&#xD;
&#xD;
2019-08-27 17:07:03 - [MESSAGE][PASSED] - Actual object 'true' and expected object 'true' are equal&#xD;
&#xD;
2019-08-27 17:07:03 - [TEST_STEP][PASSED] - comment("Verify response status code"): Verify response status code&#xD;
&#xD;
2019-08-27 17:07:03 - [MESSAGE][INFO] - Verify response status code&#xD;
&#xD;
2019-08-27 17:07:03 - [TEST_STEP][PASSED] - verifyResponseStatusCode(response, 200): Verify response status code successfully&#xD;
&#xD;
2019-08-27 17:07:03 - [MESSAGE][PASSED] - Verify response status code successfully&#xD;
&#xD;
2019-08-27 17:07:03 - [TEST_STEP][PASSED] - Start listener action : sampleAfterTestCase: null</system-out>
            <system-err></system-err>
        </testcase>
        <testcase name="Test Cases/AlterationScoringRuleApps/Financial Non Employee/Non Ultimate/FE4/TC-1 USD FE4" classname="Test Cases/AlterationScoringRuleApps/Financial Non Employee/Non Ultimate/FE4/TC-1 USD FE4" status="PASSED">
            <system-out>2019-08-27 17:07:03 - [TEST_CASE][PASSED] - Test Cases/AlterationScoringRuleApps/Financial Non Employee/Non Ultimate/FE4/TC-1 USD FE4: Test Cases/AlterationScoringRuleApps/Financial Non Employee/Non Ultimate/FE4/TC-1 USD FE4&#xD;
&#xD;
2019-08-27 17:07:03 - [TEST_STEP][PASSED] - random = new java.util.Random(): null&#xD;
&#xD;
2019-08-27 17:07:03 - [TEST_STEP][PASSED] - compareHighestValueFsaDeathVsAddccMax = 1875000: null&#xD;
&#xD;
2019-08-27 17:07:03 - [TEST_STEP][PASSED] - compareHighestValueFsaDeathVsAddccMin = 625001: null&#xD;
&#xD;
2019-08-27 17:07:03 - [TEST_STEP][PASSED] - compareHighestValueFsaDeathVsAddcc = random.nextInt(compareHighestValueFsaDeathVsAddccMax - compareHighestValueFsaDeathVsAddccMin) + compareHighestValueFsaDeathVsAddccMin: null&#xD;
&#xD;
2019-08-27 17:07:03 - [TEST_STEP][PASSED] - println(compareHighestValueFsaDeathVsAddcc): null&#xD;
&#xD;
2019-08-27 17:07:03 - [TEST_STEP][PASSED] - comment("Send request"): Send request&#xD;
&#xD;
2019-08-27 17:07:03 - [MESSAGE][INFO] - Send request&#xD;
&#xD;
2019-08-27 17:07:03 - [TEST_STEP][PASSED] - response = sendRequest(findTestObject("AlterationScoringRuleApps/Financial Non Employee/Non Ultimate/Object Request", ["transactionType":transactionType, "role":role, "increasingFsaFlag":increasingFsaFlag, "pecFlag":pecFlag, "occupationCode":occupationCode, ... ])): Send request successfully&#xD;
&#xD;
2019-08-27 17:07:03 - [MESSAGE][INFO] - HAR: C:\SURYAPURBA\PHS\PHS-BRMS\Reports\FinancialNonEmployee_NonUltimate\20190827_170649\requests\main\13.har&#xD;
&#xD;
2019-08-27 17:07:03 - [MESSAGE][PASSED] - Send request successfully&#xD;
&#xD;
2019-08-27 17:07:03 - [TEST_STEP][PASSED] - slurper = new groovy.json.JsonSlurper(): null&#xD;
&#xD;
2019-08-27 17:07:03 - [TEST_STEP][PASSED] - parseResponse = slurper.parseText(response.getResponseText()): null&#xD;
&#xD;
2019-08-27 17:07:03 - [TEST_STEP][PASSED] - println(parseResponse): null&#xD;
&#xD;
2019-08-27 17:07:03 - [TEST_STEP][PASSED] - attributes = evidenceCode: null&#xD;
&#xD;
2019-08-27 17:07:03 - [TEST_STEP][PASSED] - expected = description == "Butuh LSAR, ABR": null&#xD;
&#xD;
2019-08-27 17:07:03 - [TEST_STEP][PASSED] - comment("Verify evidence code is FE4 and have description "Butuh LSAR, ABR""): Verify evidence code is FE4 and have description "Butuh LSAR, ABR"&#xD;
&#xD;
2019-08-27 17:07:03 - [MESSAGE][INFO] - Verify evidence code is FE4 and have description "Butuh LSAR, ABR"&#xD;
&#xD;
2019-08-27 17:07:03 - [TEST_STEP][PASSED] - verifyEqual(expected, true): Actual object 'true' and expected object 'true' are equal&#xD;
&#xD;
2019-08-27 17:07:03 - [MESSAGE][PASSED] - Actual object 'true' and expected object 'true' are equal&#xD;
&#xD;
2019-08-27 17:07:04 - [TEST_STEP][PASSED] - comment("Verify response status code"): Verify response status code&#xD;
&#xD;
2019-08-27 17:07:04 - [MESSAGE][INFO] - Verify response status code&#xD;
&#xD;
2019-08-27 17:07:04 - [TEST_STEP][PASSED] - verifyResponseStatusCode(response, 200): Verify response status code successfully&#xD;
&#xD;
2019-08-27 17:07:04 - [MESSAGE][PASSED] - Verify response status code successfully&#xD;
&#xD;
2019-08-27 17:07:04 - [TEST_STEP][PASSED] - Start listener action : sampleAfterTestCase: null</system-out>
            <system-err></system-err>
        </testcase>
        <testcase name="Test Cases/AlterationScoringRuleApps/Financial Non Employee/Non Ultimate/FE4/TC-1 USD FE4" classname="Test Cases/AlterationScoringRuleApps/Financial Non Employee/Non Ultimate/FE4/TC-1 USD FE4" status="PASSED">
            <system-out>2019-08-27 17:07:04 - [TEST_CASE][PASSED] - Test Cases/AlterationScoringRuleApps/Financial Non Employee/Non Ultimate/FE4/TC-1 USD FE4: Test Cases/AlterationScoringRuleApps/Financial Non Employee/Non Ultimate/FE4/TC-1 USD FE4&#xD;
&#xD;
2019-08-27 17:07:04 - [TEST_STEP][PASSED] - random = new java.util.Random(): null&#xD;
&#xD;
2019-08-27 17:07:04 - [TEST_STEP][PASSED] - compareHighestValueFsaDeathVsAddccMax = 1875000: null&#xD;
&#xD;
2019-08-27 17:07:04 - [TEST_STEP][PASSED] - compareHighestValueFsaDeathVsAddccMin = 625001: null&#xD;
&#xD;
2019-08-27 17:07:04 - [TEST_STEP][PASSED] - compareHighestValueFsaDeathVsAddcc = random.nextInt(compareHighestValueFsaDeathVsAddccMax - compareHighestValueFsaDeathVsAddccMin) + compareHighestValueFsaDeathVsAddccMin: null&#xD;
&#xD;
2019-08-27 17:07:04 - [TEST_STEP][PASSED] - println(compareHighestValueFsaDeathVsAddcc): null&#xD;
&#xD;
2019-08-27 17:07:04 - [TEST_STEP][PASSED] - comment("Send request"): Send request&#xD;
&#xD;
2019-08-27 17:07:04 - [MESSAGE][INFO] - Send request&#xD;
&#xD;
2019-08-27 17:07:04 - [TEST_STEP][PASSED] - response = sendRequest(findTestObject("AlterationScoringRuleApps/Financial Non Employee/Non Ultimate/Object Request", ["transactionType":transactionType, "role":role, "increasingFsaFlag":increasingFsaFlag, "pecFlag":pecFlag, "occupationCode":occupationCode, ... ])): Send request successfully&#xD;
&#xD;
2019-08-27 17:07:04 - [MESSAGE][INFO] - HAR: C:\SURYAPURBA\PHS\PHS-BRMS\Reports\FinancialNonEmployee_NonUltimate\20190827_170649\requests\main\14.har&#xD;
&#xD;
2019-08-27 17:07:04 - [MESSAGE][PASSED] - Send request successfully&#xD;
&#xD;
2019-08-27 17:07:04 - [TEST_STEP][PASSED] - slurper = new groovy.json.JsonSlurper(): null&#xD;
&#xD;
2019-08-27 17:07:04 - [TEST_STEP][PASSED] - parseResponse = slurper.parseText(response.getResponseText()): null&#xD;
&#xD;
2019-08-27 17:07:04 - [TEST_STEP][PASSED] - println(parseResponse): null&#xD;
&#xD;
2019-08-27 17:07:04 - [TEST_STEP][PASSED] - attributes = evidenceCode: null&#xD;
&#xD;
2019-08-27 17:07:04 - [TEST_STEP][PASSED] - expected = description == "Butuh LSAR, ABR": null&#xD;
&#xD;
2019-08-27 17:07:04 - [TEST_STEP][PASSED] - comment("Verify evidence code is FE4 and have description "Butuh LSAR, ABR""): Verify evidence code is FE4 and have description "Butuh LSAR, ABR"&#xD;
&#xD;
2019-08-27 17:07:04 - [MESSAGE][INFO] - Verify evidence code is FE4 and have description "Butuh LSAR, ABR"&#xD;
&#xD;
2019-08-27 17:07:04 - [TEST_STEP][PASSED] - verifyEqual(expected, true): Actual object 'true' and expected object 'true' are equal&#xD;
&#xD;
2019-08-27 17:07:04 - [MESSAGE][PASSED] - Actual object 'true' and expected object 'true' are equal&#xD;
&#xD;
2019-08-27 17:07:04 - [TEST_STEP][PASSED] - comment("Verify response status code"): Verify response status code&#xD;
&#xD;
2019-08-27 17:07:04 - [MESSAGE][INFO] - Verify response status code&#xD;
&#xD;
2019-08-27 17:07:04 - [TEST_STEP][PASSED] - verifyResponseStatusCode(response, 200): Verify response status code successfully&#xD;
&#xD;
2019-08-27 17:07:04 - [MESSAGE][PASSED] - Verify response status code successfully&#xD;
&#xD;
2019-08-27 17:07:04 - [TEST_STEP][PASSED] - Start listener action : sampleAfterTestCase: null</system-out>
            <system-err></system-err>
        </testcase>
        <testcase name="Test Cases/AlterationScoringRuleApps/Financial Non Employee/Non Ultimate/FE4/TC-1 USD FE4" classname="Test Cases/AlterationScoringRuleApps/Financial Non Employee/Non Ultimate/FE4/TC-1 USD FE4" status="PASSED">
            <system-out>2019-08-27 17:07:04 - [TEST_CASE][PASSED] - Test Cases/AlterationScoringRuleApps/Financial Non Employee/Non Ultimate/FE4/TC-1 USD FE4: Test Cases/AlterationScoringRuleApps/Financial Non Employee/Non Ultimate/FE4/TC-1 USD FE4&#xD;
&#xD;
2019-08-27 17:07:04 - [TEST_STEP][PASSED] - random = new java.util.Random(): null&#xD;
&#xD;
2019-08-27 17:07:04 - [TEST_STEP][PASSED] - compareHighestValueFsaDeathVsAddccMax = 1875000: null&#xD;
&#xD;
2019-08-27 17:07:04 - [TEST_STEP][PASSED] - compareHighestValueFsaDeathVsAddccMin = 625001: null&#xD;
&#xD;
2019-08-27 17:07:04 - [TEST_STEP][PASSED] - compareHighestValueFsaDeathVsAddcc = random.nextInt(compareHighestValueFsaDeathVsAddccMax - compareHighestValueFsaDeathVsAddccMin) + compareHighestValueFsaDeathVsAddccMin: null&#xD;
&#xD;
2019-08-27 17:07:04 - [TEST_STEP][PASSED] - println(compareHighestValueFsaDeathVsAddcc): null&#xD;
&#xD;
2019-08-27 17:07:04 - [TEST_STEP][PASSED] - comment("Send request"): Send request&#xD;
&#xD;
2019-08-27 17:07:04 - [MESSAGE][INFO] - Send request&#xD;
&#xD;
2019-08-27 17:07:04 - [TEST_STEP][PASSED] - response = sendRequest(findTestObject("AlterationScoringRuleApps/Financial Non Employee/Non Ultimate/Object Request", ["transactionType":transactionType, "role":role, "increasingFsaFlag":increasingFsaFlag, "pecFlag":pecFlag, "occupationCode":occupationCode, ... ])): Send request successfully&#xD;
&#xD;
2019-08-27 17:07:05 - [MESSAGE][INFO] - HAR: C:\SURYAPURBA\PHS\PHS-BRMS\Reports\FinancialNonEmployee_NonUltimate\20190827_170649\requests\main\15.har&#xD;
&#xD;
2019-08-27 17:07:05 - [MESSAGE][PASSED] - Send request successfully&#xD;
&#xD;
2019-08-27 17:07:05 - [TEST_STEP][PASSED] - slurper = new groovy.json.JsonSlurper(): null&#xD;
&#xD;
2019-08-27 17:07:05 - [TEST_STEP][PASSED] - parseResponse = slurper.parseText(response.getResponseText()): null&#xD;
&#xD;
2019-08-27 17:07:05 - [TEST_STEP][PASSED] - println(parseResponse): null&#xD;
&#xD;
2019-08-27 17:07:05 - [TEST_STEP][PASSED] - attributes = evidenceCode: null&#xD;
&#xD;
2019-08-27 17:07:05 - [TEST_STEP][PASSED] - expected = description == "Butuh LSAR, ABR": null&#xD;
&#xD;
2019-08-27 17:07:05 - [TEST_STEP][PASSED] - comment("Verify evidence code is FE4 and have description "Butuh LSAR, ABR""): Verify evidence code is FE4 and have description "Butuh LSAR, ABR"&#xD;
&#xD;
2019-08-27 17:07:05 - [MESSAGE][INFO] - Verify evidence code is FE4 and have description "Butuh LSAR, ABR"&#xD;
&#xD;
2019-08-27 17:07:05 - [TEST_STEP][PASSED] - verifyEqual(expected, true): Actual object 'true' and expected object 'true' are equal&#xD;
&#xD;
2019-08-27 17:07:05 - [MESSAGE][PASSED] - Actual object 'true' and expected object 'true' are equal&#xD;
&#xD;
2019-08-27 17:07:05 - [TEST_STEP][PASSED] - comment("Verify response status code"): Verify response status code&#xD;
&#xD;
2019-08-27 17:07:05 - [MESSAGE][INFO] - Verify response status code&#xD;
&#xD;
2019-08-27 17:07:05 - [TEST_STEP][PASSED] - verifyResponseStatusCode(response, 200): Verify response status code successfully&#xD;
&#xD;
2019-08-27 17:07:05 - [MESSAGE][PASSED] - Verify response status code successfully&#xD;
&#xD;
2019-08-27 17:07:05 - [TEST_STEP][PASSED] - Start listener action : sampleAfterTestCase: null</system-out>
            <system-err></system-err>
        </testcase>
        <testcase name="Test Cases/AlterationScoringRuleApps/Financial Non Employee/Non Ultimate/FE4/TC-1 USD FE4" classname="Test Cases/AlterationScoringRuleApps/Financial Non Employee/Non Ultimate/FE4/TC-1 USD FE4" status="PASSED">
            <system-out>2019-08-27 17:07:05 - [TEST_CASE][PASSED] - Test Cases/AlterationScoringRuleApps/Financial Non Employee/Non Ultimate/FE4/TC-1 USD FE4: Test Cases/AlterationScoringRuleApps/Financial Non Employee/Non Ultimate/FE4/TC-1 USD FE4&#xD;
&#xD;
2019-08-27 17:07:05 - [TEST_STEP][PASSED] - random = new java.util.Random(): null&#xD;
&#xD;
2019-08-27 17:07:05 - [TEST_STEP][PASSED] - compareHighestValueFsaDeathVsAddccMax = 1875000: null&#xD;
&#xD;
2019-08-27 17:07:05 - [TEST_STEP][PASSED] - compareHighestValueFsaDeathVsAddccMin = 625001: null&#xD;
&#xD;
2019-08-27 17:07:05 - [TEST_STEP][PASSED] - compareHighestValueFsaDeathVsAddcc = random.nextInt(compareHighestValueFsaDeathVsAddccMax - compareHighestValueFsaDeathVsAddccMin) + compareHighestValueFsaDeathVsAddccMin: null&#xD;
&#xD;
2019-08-27 17:07:05 - [TEST_STEP][PASSED] - println(compareHighestValueFsaDeathVsAddcc): null&#xD;
&#xD;
2019-08-27 17:07:05 - [TEST_STEP][PASSED] - comment("Send request"): Send request&#xD;
&#xD;
2019-08-27 17:07:05 - [MESSAGE][INFO] - Send request&#xD;
&#xD;
2019-08-27 17:07:05 - [TEST_STEP][PASSED] - response = sendRequest(findTestObject("AlterationScoringRuleApps/Financial Non Employee/Non Ultimate/Object Request", ["transactionType":transactionType, "role":role, "increasingFsaFlag":increasingFsaFlag, "pecFlag":pecFlag, "occupationCode":occupationCode, ... ])): Send request successfully&#xD;
&#xD;
2019-08-27 17:07:05 - [MESSAGE][INFO] - HAR: C:\SURYAPURBA\PHS\PHS-BRMS\Reports\FinancialNonEmployee_NonUltimate\20190827_170649\requests\main\16.har&#xD;
&#xD;
2019-08-27 17:07:05 - [MESSAGE][PASSED] - Send request successfully&#xD;
&#xD;
2019-08-27 17:07:05 - [TEST_STEP][PASSED] - slurper = new groovy.json.JsonSlurper(): null&#xD;
&#xD;
2019-08-27 17:07:05 - [TEST_STEP][PASSED] - parseResponse = slurper.parseText(response.getResponseText()): null&#xD;
&#xD;
2019-08-27 17:07:06 - [TEST_STEP][PASSED] - println(parseResponse): null&#xD;
&#xD;
2019-08-27 17:07:06 - [TEST_STEP][PASSED] - attributes = evidenceCode: null&#xD;
&#xD;
2019-08-27 17:07:06 - [TEST_STEP][PASSED] - expected = description == "Butuh LSAR, ABR": null&#xD;
&#xD;
2019-08-27 17:07:06 - [TEST_STEP][PASSED] - comment("Verify evidence code is FE4 and have description "Butuh LSAR, ABR""): Verify evidence code is FE4 and have description "Butuh LSAR, ABR"&#xD;
&#xD;
2019-08-27 17:07:06 - [MESSAGE][INFO] - Verify evidence code is FE4 and have description "Butuh LSAR, ABR"&#xD;
&#xD;
2019-08-27 17:07:06 - [TEST_STEP][PASSED] - verifyEqual(expected, true): Actual object 'true' and expected object 'true' are equal&#xD;
&#xD;
2019-08-27 17:07:06 - [MESSAGE][PASSED] - Actual object 'true' and expected object 'true' are equal&#xD;
&#xD;
2019-08-27 17:07:06 - [TEST_STEP][PASSED] - comment("Verify response status code"): Verify response status code&#xD;
&#xD;
2019-08-27 17:07:06 - [MESSAGE][INFO] - Verify response status code&#xD;
&#xD;
2019-08-27 17:07:06 - [TEST_STEP][PASSED] - verifyResponseStatusCode(response, 200): Verify response status code successfully&#xD;
&#xD;
2019-08-27 17:07:06 - [MESSAGE][PASSED] - Verify response status code successfully&#xD;
&#xD;
2019-08-27 17:07:06 - [TEST_STEP][PASSED] - Start listener action : sampleAfterTestCase: null</system-out>
            <system-err></system-err>
        </testcase>
        <testcase name="Test Cases/AlterationScoringRuleApps/Financial Non Employee/Non Ultimate/FE4/TC-1 USD FE4" classname="Test Cases/AlterationScoringRuleApps/Financial Non Employee/Non Ultimate/FE4/TC-1 USD FE4" status="PASSED">
            <system-out>2019-08-27 17:07:06 - [TEST_CASE][PASSED] - Test Cases/AlterationScoringRuleApps/Financial Non Employee/Non Ultimate/FE4/TC-1 USD FE4: Test Cases/AlterationScoringRuleApps/Financial Non Employee/Non Ultimate/FE4/TC-1 USD FE4&#xD;
&#xD;
2019-08-27 17:07:06 - [TEST_STEP][PASSED] - random = new java.util.Random(): null&#xD;
&#xD;
2019-08-27 17:07:06 - [TEST_STEP][PASSED] - compareHighestValueFsaDeathVsAddccMax = 1875000: null&#xD;
&#xD;
2019-08-27 17:07:06 - [TEST_STEP][PASSED] - compareHighestValueFsaDeathVsAddccMin = 625001: null&#xD;
&#xD;
2019-08-27 17:07:06 - [TEST_STEP][PASSED] - compareHighestValueFsaDeathVsAddcc = random.nextInt(compareHighestValueFsaDeathVsAddccMax - compareHighestValueFsaDeathVsAddccMin) + compareHighestValueFsaDeathVsAddccMin: null&#xD;
&#xD;
2019-08-27 17:07:06 - [TEST_STEP][PASSED] - println(compareHighestValueFsaDeathVsAddcc): null&#xD;
&#xD;
2019-08-27 17:07:06 - [TEST_STEP][PASSED] - comment("Send request"): Send request&#xD;
&#xD;
2019-08-27 17:07:06 - [MESSAGE][INFO] - Send request&#xD;
&#xD;
2019-08-27 17:07:06 - [TEST_STEP][PASSED] - response = sendRequest(findTestObject("AlterationScoringRuleApps/Financial Non Employee/Non Ultimate/Object Request", ["transactionType":transactionType, "role":role, "increasingFsaFlag":increasingFsaFlag, "pecFlag":pecFlag, "occupationCode":occupationCode, ... ])): Send request successfully&#xD;
&#xD;
2019-08-27 17:07:06 - [MESSAGE][INFO] - HAR: C:\SURYAPURBA\PHS\PHS-BRMS\Reports\FinancialNonEmployee_NonUltimate\20190827_170649\requests\main\17.har&#xD;
&#xD;
2019-08-27 17:07:06 - [MESSAGE][PASSED] - Send request successfully&#xD;
&#xD;
2019-08-27 17:07:06 - [TEST_STEP][PASSED] - slurper = new groovy.json.JsonSlurper(): null&#xD;
&#xD;
2019-08-27 17:07:06 - [TEST_STEP][PASSED] - parseResponse = slurper.parseText(response.getResponseText()): null&#xD;
&#xD;
2019-08-27 17:07:06 - [TEST_STEP][PASSED] - println(parseResponse): null&#xD;
&#xD;
2019-08-27 17:07:06 - [TEST_STEP][PASSED] - attributes = evidenceCode: null&#xD;
&#xD;
2019-08-27 17:07:06 - [TEST_STEP][PASSED] - expected = description == "Butuh LSAR, ABR": null&#xD;
&#xD;
2019-08-27 17:07:06 - [TEST_STEP][PASSED] - comment("Verify evidence code is FE4 and have description "Butuh LSAR, ABR""): Verify evidence code is FE4 and have description "Butuh LSAR, ABR"&#xD;
&#xD;
2019-08-27 17:07:06 - [MESSAGE][INFO] - Verify evidence code is FE4 and have description "Butuh LSAR, ABR"&#xD;
&#xD;
2019-08-27 17:07:06 - [TEST_STEP][PASSED] - verifyEqual(expected, true): Actual object 'true' and expected object 'true' are equal&#xD;
&#xD;
2019-08-27 17:07:07 - [MESSAGE][PASSED] - Actual object 'true' and expected object 'true' are equal&#xD;
&#xD;
2019-08-27 17:07:07 - [TEST_STEP][PASSED] - comment("Verify response status code"): Verify response status code&#xD;
&#xD;
2019-08-27 17:07:07 - [MESSAGE][INFO] - Verify response status code&#xD;
&#xD;
2019-08-27 17:07:07 - [TEST_STEP][PASSED] - verifyResponseStatusCode(response, 200): Verify response status code successfully&#xD;
&#xD;
2019-08-27 17:07:07 - [MESSAGE][PASSED] - Verify response status code successfully&#xD;
&#xD;
2019-08-27 17:07:07 - [TEST_STEP][PASSED] - Start listener action : sampleAfterTestCase: null</system-out>
            <system-err></system-err>
        </testcase>
        <testcase name="Test Cases/AlterationScoringRuleApps/Financial Non Employee/Non Ultimate/FE4/TC-1 USD FE4" classname="Test Cases/AlterationScoringRuleApps/Financial Non Employee/Non Ultimate/FE4/TC-1 USD FE4" status="PASSED">
            <system-out>2019-08-27 17:07:07 - [TEST_CASE][PASSED] - Test Cases/AlterationScoringRuleApps/Financial Non Employee/Non Ultimate/FE4/TC-1 USD FE4: Test Cases/AlterationScoringRuleApps/Financial Non Employee/Non Ultimate/FE4/TC-1 USD FE4&#xD;
&#xD;
2019-08-27 17:07:07 - [TEST_STEP][PASSED] - random = new java.util.Random(): null&#xD;
&#xD;
2019-08-27 17:07:07 - [TEST_STEP][PASSED] - compareHighestValueFsaDeathVsAddccMax = 1875000: null&#xD;
&#xD;
2019-08-27 17:07:07 - [TEST_STEP][PASSED] - compareHighestValueFsaDeathVsAddccMin = 625001: null&#xD;
&#xD;
2019-08-27 17:07:07 - [TEST_STEP][PASSED] - compareHighestValueFsaDeathVsAddcc = random.nextInt(compareHighestValueFsaDeathVsAddccMax - compareHighestValueFsaDeathVsAddccMin) + compareHighestValueFsaDeathVsAddccMin: null&#xD;
&#xD;
2019-08-27 17:07:07 - [TEST_STEP][PASSED] - println(compareHighestValueFsaDeathVsAddcc): null&#xD;
&#xD;
2019-08-27 17:07:07 - [TEST_STEP][PASSED] - comment("Send request"): Send request&#xD;
&#xD;
2019-08-27 17:07:07 - [MESSAGE][INFO] - Send request&#xD;
&#xD;
2019-08-27 17:07:07 - [TEST_STEP][PASSED] - response = sendRequest(findTestObject("AlterationScoringRuleApps/Financial Non Employee/Non Ultimate/Object Request", ["transactionType":transactionType, "role":role, "increasingFsaFlag":increasingFsaFlag, "pecFlag":pecFlag, "occupationCode":occupationCode, ... ])): Send request successfully&#xD;
&#xD;
2019-08-27 17:07:08 - [MESSAGE][INFO] - HAR: C:\SURYAPURBA\PHS\PHS-BRMS\Reports\FinancialNonEmployee_NonUltimate\20190827_170649\requests\main\18.har&#xD;
&#xD;
2019-08-27 17:07:08 - [MESSAGE][PASSED] - Send request successfully&#xD;
&#xD;
2019-08-27 17:07:08 - [TEST_STEP][PASSED] - slurper = new groovy.json.JsonSlurper(): null&#xD;
&#xD;
2019-08-27 17:07:08 - [TEST_STEP][PASSED] - parseResponse = slurper.parseText(response.getResponseText()): null&#xD;
&#xD;
2019-08-27 17:07:08 - [TEST_STEP][PASSED] - println(parseResponse): null&#xD;
&#xD;
2019-08-27 17:07:08 - [TEST_STEP][PASSED] - attributes = evidenceCode: null&#xD;
&#xD;
2019-08-27 17:07:08 - [TEST_STEP][PASSED] - expected = description == "Butuh LSAR, ABR": null&#xD;
&#xD;
2019-08-27 17:07:08 - [TEST_STEP][PASSED] - comment("Verify evidence code is FE4 and have description "Butuh LSAR, ABR""): Verify evidence code is FE4 and have description "Butuh LSAR, ABR"&#xD;
&#xD;
2019-08-27 17:07:08 - [MESSAGE][INFO] - Verify evidence code is FE4 and have description "Butuh LSAR, ABR"&#xD;
&#xD;
2019-08-27 17:07:08 - [TEST_STEP][PASSED] - verifyEqual(expected, true): Actual object 'true' and expected object 'true' are equal&#xD;
&#xD;
2019-08-27 17:07:08 - [MESSAGE][PASSED] - Actual object 'true' and expected object 'true' are equal&#xD;
&#xD;
2019-08-27 17:07:08 - [TEST_STEP][PASSED] - comment("Verify response status code"): Verify response status code&#xD;
&#xD;
2019-08-27 17:07:08 - [MESSAGE][INFO] - Verify response status code&#xD;
&#xD;
2019-08-27 17:07:08 - [TEST_STEP][PASSED] - verifyResponseStatusCode(response, 200): Verify response status code successfully&#xD;
&#xD;
2019-08-27 17:07:08 - [MESSAGE][PASSED] - Verify response status code successfully&#xD;
&#xD;
2019-08-27 17:07:08 - [TEST_STEP][PASSED] - Start listener action : sampleAfterTestCase: null</system-out>
            <system-err></system-err>
        </testcase>
        <testcase name="Test Cases/AlterationScoringRuleApps/Financial Non Employee/Non Ultimate/FE4/TC-1 USD FE4" classname="Test Cases/AlterationScoringRuleApps/Financial Non Employee/Non Ultimate/FE4/TC-1 USD FE4" status="PASSED">
            <system-out>2019-08-27 17:07:08 - [TEST_CASE][PASSED] - Test Cases/AlterationScoringRuleApps/Financial Non Employee/Non Ultimate/FE4/TC-1 USD FE4: Test Cases/AlterationScoringRuleApps/Financial Non Employee/Non Ultimate/FE4/TC-1 USD FE4&#xD;
&#xD;
2019-08-27 17:07:08 - [TEST_STEP][PASSED] - random = new java.util.Random(): null&#xD;
&#xD;
2019-08-27 17:07:08 - [TEST_STEP][PASSED] - compareHighestValueFsaDeathVsAddccMax = 1875000: null&#xD;
&#xD;
2019-08-27 17:07:08 - [TEST_STEP][PASSED] - compareHighestValueFsaDeathVsAddccMin = 625001: null&#xD;
&#xD;
2019-08-27 17:07:08 - [TEST_STEP][PASSED] - compareHighestValueFsaDeathVsAddcc = random.nextInt(compareHighestValueFsaDeathVsAddccMax - compareHighestValueFsaDeathVsAddccMin) + compareHighestValueFsaDeathVsAddccMin: null&#xD;
&#xD;
2019-08-27 17:07:08 - [TEST_STEP][PASSED] - println(compareHighestValueFsaDeathVsAddcc): null&#xD;
&#xD;
2019-08-27 17:07:08 - [TEST_STEP][PASSED] - comment("Send request"): Send request&#xD;
&#xD;
2019-08-27 17:07:08 - [MESSAGE][INFO] - Send request&#xD;
&#xD;
2019-08-27 17:07:08 - [TEST_STEP][PASSED] - response = sendRequest(findTestObject("AlterationScoringRuleApps/Financial Non Employee/Non Ultimate/Object Request", ["transactionType":transactionType, "role":role, "increasingFsaFlag":increasingFsaFlag, "pecFlag":pecFlag, "occupationCode":occupationCode, ... ])): Send request successfully&#xD;
&#xD;
2019-08-27 17:07:08 - [MESSAGE][INFO] - HAR: C:\SURYAPURBA\PHS\PHS-BRMS\Reports\FinancialNonEmployee_NonUltimate\20190827_170649\requests\main\19.har&#xD;
&#xD;
2019-08-27 17:07:08 - [MESSAGE][PASSED] - Send request successfully&#xD;
&#xD;
2019-08-27 17:07:08 - [TEST_STEP][PASSED] - slurper = new groovy.json.JsonSlurper(): null&#xD;
&#xD;
2019-08-27 17:07:08 - [TEST_STEP][PASSED] - parseResponse = slurper.parseText(response.getResponseText()): null&#xD;
&#xD;
2019-08-27 17:07:08 - [TEST_STEP][PASSED] - println(parseResponse): null&#xD;
&#xD;
2019-08-27 17:07:08 - [TEST_STEP][PASSED] - attributes = evidenceCode: null&#xD;
&#xD;
2019-08-27 17:07:08 - [TEST_STEP][PASSED] - expected = description == "Butuh LSAR, ABR": null&#xD;
&#xD;
2019-08-27 17:07:08 - [TEST_STEP][PASSED] - comment("Verify evidence code is FE4 and have description "Butuh LSAR, ABR""): Verify evidence code is FE4 and have description "Butuh LSAR, ABR"&#xD;
&#xD;
2019-08-27 17:07:08 - [MESSAGE][INFO] - Verify evidence code is FE4 and have description "Butuh LSAR, ABR"&#xD;
&#xD;
2019-08-27 17:07:08 - [TEST_STEP][PASSED] - verifyEqual(expected, true): Actual object 'true' and expected object 'true' are equal&#xD;
&#xD;
2019-08-27 17:07:08 - [MESSAGE][PASSED] - Actual object 'true' and expected object 'true' are equal&#xD;
&#xD;
2019-08-27 17:07:08 - [TEST_STEP][PASSED] - comment("Verify response status code"): Verify response status code&#xD;
&#xD;
2019-08-27 17:07:08 - [MESSAGE][INFO] - Verify response status code&#xD;
&#xD;
2019-08-27 17:07:08 - [TEST_STEP][PASSED] - verifyResponseStatusCode(response, 200): Verify response status code successfully&#xD;
&#xD;
2019-08-27 17:07:08 - [MESSAGE][PASSED] - Verify response status code successfully&#xD;
&#xD;
2019-08-27 17:07:08 - [TEST_STEP][PASSED] - Start listener action : sampleAfterTestCase: null</system-out>
            <system-err></system-err>
        </testcase>
        <testcase name="Test Cases/AlterationScoringRuleApps/Financial Non Employee/Non Ultimate/FE4/TC-1 USD FE4" classname="Test Cases/AlterationScoringRuleApps/Financial Non Employee/Non Ultimate/FE4/TC-1 USD FE4" status="PASSED">
            <system-out>2019-08-27 17:07:08 - [TEST_CASE][PASSED] - Test Cases/AlterationScoringRuleApps/Financial Non Employee/Non Ultimate/FE4/TC-1 USD FE4: Test Cases/AlterationScoringRuleApps/Financial Non Employee/Non Ultimate/FE4/TC-1 USD FE4&#xD;
&#xD;
2019-08-27 17:07:08 - [TEST_STEP][PASSED] - random = new java.util.Random(): null&#xD;
&#xD;
2019-08-27 17:07:08 - [TEST_STEP][PASSED] - compareHighestValueFsaDeathVsAddccMax = 1875000: null&#xD;
&#xD;
2019-08-27 17:07:08 - [TEST_STEP][PASSED] - compareHighestValueFsaDeathVsAddccMin = 625001: null&#xD;
&#xD;
2019-08-27 17:07:08 - [TEST_STEP][PASSED] - compareHighestValueFsaDeathVsAddcc = random.nextInt(compareHighestValueFsaDeathVsAddccMax - compareHighestValueFsaDeathVsAddccMin) + compareHighestValueFsaDeathVsAddccMin: null&#xD;
&#xD;
2019-08-27 17:07:08 - [TEST_STEP][PASSED] - println(compareHighestValueFsaDeathVsAddcc): null&#xD;
&#xD;
2019-08-27 17:07:08 - [TEST_STEP][PASSED] - comment("Send request"): Send request&#xD;
&#xD;
2019-08-27 17:07:08 - [MESSAGE][INFO] - Send request&#xD;
&#xD;
2019-08-27 17:07:08 - [TEST_STEP][PASSED] - response = sendRequest(findTestObject("AlterationScoringRuleApps/Financial Non Employee/Non Ultimate/Object Request", ["transactionType":transactionType, "role":role, "increasingFsaFlag":increasingFsaFlag, "pecFlag":pecFlag, "occupationCode":occupationCode, ... ])): Send request successfully&#xD;
&#xD;
2019-08-27 17:07:09 - [MESSAGE][INFO] - HAR: C:\SURYAPURBA\PHS\PHS-BRMS\Reports\FinancialNonEmployee_NonUltimate\20190827_170649\requests\main\20.har&#xD;
&#xD;
2019-08-27 17:07:09 - [MESSAGE][PASSED] - Send request successfully&#xD;
&#xD;
2019-08-27 17:07:09 - [TEST_STEP][PASSED] - slurper = new groovy.json.JsonSlurper(): null&#xD;
&#xD;
2019-08-27 17:07:09 - [TEST_STEP][PASSED] - parseResponse = slurper.parseText(response.getResponseText()): null&#xD;
&#xD;
2019-08-27 17:07:09 - [TEST_STEP][PASSED] - println(parseResponse): null&#xD;
&#xD;
2019-08-27 17:07:09 - [TEST_STEP][PASSED] - attributes = evidenceCode: null&#xD;
&#xD;
2019-08-27 17:07:09 - [TEST_STEP][PASSED] - expected = description == "Butuh LSAR, ABR": null&#xD;
&#xD;
2019-08-27 17:07:09 - [TEST_STEP][PASSED] - comment("Verify evidence code is FE4 and have description "Butuh LSAR, ABR""): Verify evidence code is FE4 and have description "Butuh LSAR, ABR"&#xD;
&#xD;
2019-08-27 17:07:09 - [MESSAGE][INFO] - Verify evidence code is FE4 and have description "Butuh LSAR, ABR"&#xD;
&#xD;
2019-08-27 17:07:09 - [TEST_STEP][PASSED] - verifyEqual(expected, true): Actual object 'true' and expected object 'true' are equal&#xD;
&#xD;
2019-08-27 17:07:09 - [MESSAGE][PASSED] - Actual object 'true' and expected object 'true' are equal&#xD;
&#xD;
2019-08-27 17:07:09 - [TEST_STEP][PASSED] - comment("Verify response status code"): Verify response status code&#xD;
&#xD;
2019-08-27 17:07:09 - [MESSAGE][INFO] - Verify response status code&#xD;
&#xD;
2019-08-27 17:07:09 - [TEST_STEP][PASSED] - verifyResponseStatusCode(response, 200): Verify response status code successfully&#xD;
&#xD;
2019-08-27 17:07:09 - [MESSAGE][PASSED] - Verify response status code successfully&#xD;
&#xD;
2019-08-27 17:07:09 - [TEST_STEP][PASSED] - Start listener action : sampleAfterTestCase: null</system-out>
            <system-err></system-err>
        </testcase>
        <testcase name="Test Cases/AlterationScoringRuleApps/Financial Non Employee/Non Ultimate/FE4/TC-2 IDR FE4" classname="Test Cases/AlterationScoringRuleApps/Financial Non Employee/Non Ultimate/FE4/TC-2 IDR FE4" status="ERROR">
            <error type="ERROR" message="Test Cases/AlterationScoringRuleApps/Financial Non Employee/Non Ultimate/FE4/TC-2 IDR FE4 FAILED.&#xA;Reason:&#xA;java.lang.NullPointerException: Cannot get property 'description' on null object&#xD;&#xA;&#x9;at TC-2 IDR FE4.run(TC-2 IDR FE4:30)&#xD;&#xA;&#x9;at com.kms.katalon.core.main.ScriptEngine.run(ScriptEngine.java:194)&#xD;&#xA;&#x9;at com.kms.katalon.core.main.ScriptEngine.runScriptAsRawText(ScriptEngine.java:119)&#xD;&#xA;&#x9;at com.kms.katalon.core.main.TestCaseExecutor.runScript(TestCaseExecutor.java:337)&#xD;&#xA;&#x9;at com.kms.katalon.core.main.TestCaseExecutor.doExecute(TestCaseExecutor.java:328)&#xD;&#xA;&#x9;at com.kms.katalon.core.main.TestCaseExecutor.processExecutionPhase(TestCaseExecutor.java:307)&#xD;&#xA;&#x9;at com.kms.katalon.core.main.TestCaseExecutor.accessMainPhase(TestCaseExecutor.java:299)&#xD;&#xA;&#x9;at com.kms.katalon.core.main.TestCaseExecutor.execute(TestCaseExecutor.java:233)&#xD;&#xA;&#x9;at com.kms.katalon.core.main.TestSuiteExecutor.accessTestCaseMainPhase(TestSuiteExecutor.java:133)&#xD;&#xA;&#x9;at com.kms.katalon.core.main.TestSuiteExecutor.accessTestSuiteMainPhase(TestSuiteExecutor.java:116)&#xD;&#xA;&#x9;at com.kms.katalon.core.main.TestSuiteExecutor.execute(TestSuiteExecutor.java:83)&#xD;&#xA;&#x9;at com.kms.katalon.core.main.TestCaseMain.startTestSuite(TestCaseMain.java:157)&#xD;&#xA;&#x9;at com.kms.katalon.core.main.TestCaseMain$startTestSuite$0.call(Unknown Source)&#xD;&#xA;&#x9;at TempTestSuite1566900409643.run(TempTestSuite1566900409643.groovy:35)&#xD;&#xA;"/>
            <system-out>2019-08-27 17:07:09 - [TEST_CASE][ERROR] - Test Cases/AlterationScoringRuleApps/Financial Non Employee/Non Ultimate/FE4/TC-2 IDR FE4: Test Cases/AlterationScoringRuleApps/Financial Non Employee/Non Ultimate/FE4/TC-2 IDR FE4 FAILED.
Reason:
java.lang.NullPointerException: Cannot get property 'description' on null object&#xD;
	at TC-2 IDR FE4.run(TC-2 IDR FE4:30)&#xD;
	at com.kms.katalon.core.main.ScriptEngine.run(ScriptEngine.java:194)&#xD;
	at com.kms.katalon.core.main.ScriptEngine.runScriptAsRawText(ScriptEngine.java:119)&#xD;
	at com.kms.katalon.core.main.TestCaseExecutor.runScript(TestCaseExecutor.java:337)&#xD;
	at com.kms.katalon.core.main.TestCaseExecutor.doExecute(TestCaseExecutor.java:328)&#xD;
	at com.kms.katalon.core.main.TestCaseExecutor.processExecutionPhase(TestCaseExecutor.java:307)&#xD;
	at com.kms.katalon.core.main.TestCaseExecutor.accessMainPhase(TestCaseExecutor.java:299)&#xD;
	at com.kms.katalon.core.main.TestCaseExecutor.execute(TestCaseExecutor.java:233)&#xD;
	at com.kms.katalon.core.main.TestSuiteExecutor.accessTestCaseMainPhase(TestSuiteExecutor.java:133)&#xD;
	at com.kms.katalon.core.main.TestSuiteExecutor.accessTestSuiteMainPhase(TestSuiteExecutor.java:116)&#xD;
	at com.kms.katalon.core.main.TestSuiteExecutor.execute(TestSuiteExecutor.java:83)&#xD;
	at com.kms.katalon.core.main.TestCaseMain.startTestSuite(TestCaseMain.java:157)&#xD;
	at com.kms.katalon.core.main.TestCaseMain$startTestSuite$0.call(Unknown Source)&#xD;
	at TempTestSuite1566900409643.run(TempTestSuite1566900409643.groovy:35)&#xD;
&#xD;
&#xD;
2019-08-27 17:07:09 - [TEST_STEP][PASSED] - random = new java.util.Random(): null&#xD;
&#xD;
2019-08-27 17:07:09 - [TEST_STEP][PASSED] - compareHighestValueFsaDeathVsAddccMax = 15000000000: null&#xD;
&#xD;
2019-08-27 17:07:09 - [TEST_STEP][PASSED] - compareHighestValueFsaDeathVsAddccMin = 5000000001: null&#xD;
&#xD;
2019-08-27 17:07:09 - [TEST_STEP][PASSED] - compareHighestValueFsaDeathVsAddcc = random.nextInt(compareHighestValueFsaDeathVsAddccMax - compareHighestValueFsaDeathVsAddccMin) + compareHighestValueFsaDeathVsAddccMin: null&#xD;
&#xD;
2019-08-27 17:07:09 - [TEST_STEP][PASSED] - println(compareHighestValueFsaDeathVsAddcc): null&#xD;
&#xD;
2019-08-27 17:07:09 - [TEST_STEP][PASSED] - comment("Send request"): Send request&#xD;
&#xD;
2019-08-27 17:07:09 - [MESSAGE][INFO] - Send request&#xD;
&#xD;
2019-08-27 17:07:09 - [TEST_STEP][PASSED] - response = sendRequest(findTestObject("AlterationScoringRuleApps/Financial Non Employee/Non Ultimate/Object Request", ["transactionType":transactionType, "role":role, "increasingFsaFlag":increasingFsaFlag, "pecFlag":pecFlag, "occupationCode":occupationCode, ... ])): Send request successfully&#xD;
&#xD;
2019-08-27 17:07:09 - [MESSAGE][INFO] - HAR: C:\SURYAPURBA\PHS\PHS-BRMS\Reports\FinancialNonEmployee_NonUltimate\20190827_170649\requests\main\21.har&#xD;
&#xD;
2019-08-27 17:07:09 - [MESSAGE][PASSED] - Send request successfully&#xD;
&#xD;
2019-08-27 17:07:09 - [TEST_STEP][PASSED] - slurper = new groovy.json.JsonSlurper(): null&#xD;
&#xD;
2019-08-27 17:07:09 - [TEST_STEP][PASSED] - parseResponse = slurper.parseText(response.getResponseText()): null&#xD;
&#xD;
2019-08-27 17:07:09 - [TEST_STEP][PASSED] - println(parseResponse): null&#xD;
&#xD;
2019-08-27 17:07:09 - [TEST_STEP][PASSED] - attributes = evidenceCode: null&#xD;
&#xD;
2019-08-27 17:07:09 - [TEST_STEP][PASSED] - println(attributes): null&#xD;
&#xD;
2019-08-27 17:07:10 - [TEST_STEP][PASSED] - expected = description == "Butuh LSAR, ABR": null&#xD;
&#xD;
2019-08-27 17:07:10 - [TEST_STEP][PASSED] - Start listener action : sampleAfterTestCase: null</system-out>
            <system-err>2019-08-27 17:07:09 - [TEST_CASE][ERROR] - Test Cases/AlterationScoringRuleApps/Financial Non Employee/Non Ultimate/FE4/TC-2 IDR FE4: Test Cases/AlterationScoringRuleApps/Financial Non Employee/Non Ultimate/FE4/TC-2 IDR FE4 FAILED.
Reason:
java.lang.NullPointerException: Cannot get property 'description' on null object&#xD;
	at TC-2 IDR FE4.run(TC-2 IDR FE4:30)&#xD;
	at com.kms.katalon.core.main.ScriptEngine.run(ScriptEngine.java:194)&#xD;
	at com.kms.katalon.core.main.ScriptEngine.runScriptAsRawText(ScriptEngine.java:119)&#xD;
	at com.kms.katalon.core.main.TestCaseExecutor.runScript(TestCaseExecutor.java:337)&#xD;
	at com.kms.katalon.core.main.TestCaseExecutor.doExecute(TestCaseExecutor.java:328)&#xD;
	at com.kms.katalon.core.main.TestCaseExecutor.processExecutionPhase(TestCaseExecutor.java:307)&#xD;
	at com.kms.katalon.core.main.TestCaseExecutor.accessMainPhase(TestCaseExecutor.java:299)&#xD;
	at com.kms.katalon.core.main.TestCaseExecutor.execute(TestCaseExecutor.java:233)&#xD;
	at com.kms.katalon.core.main.TestSuiteExecutor.accessTestCaseMainPhase(TestSuiteExecutor.java:133)&#xD;
	at com.kms.katalon.core.main.TestSuiteExecutor.accessTestSuiteMainPhase(TestSuiteExecutor.java:116)&#xD;
	at com.kms.katalon.core.main.TestSuiteExecutor.execute(TestSuiteExecutor.java:83)&#xD;
	at com.kms.katalon.core.main.TestCaseMain.startTestSuite(TestCaseMain.java:157)&#xD;
	at com.kms.katalon.core.main.TestCaseMain$startTestSuite$0.call(Unknown Source)&#xD;
	at TempTestSuite1566900409643.run(TempTestSuite1566900409643.groovy:35)</system-err>
        </testcase>
        <testcase name="Test Cases/AlterationScoringRuleApps/Financial Non Employee/Non Ultimate/FE4/TC-2 IDR FE4" classname="Test Cases/AlterationScoringRuleApps/Financial Non Employee/Non Ultimate/FE4/TC-2 IDR FE4" status="ERROR">
            <error type="ERROR" message="Test Cases/AlterationScoringRuleApps/Financial Non Employee/Non Ultimate/FE4/TC-2 IDR FE4 FAILED.&#xA;Reason:&#xA;java.lang.NullPointerException: Cannot get property 'description' on null object&#xD;&#xA;&#x9;at TC-2 IDR FE4.run(TC-2 IDR FE4:30)&#xD;&#xA;&#x9;at com.kms.katalon.core.main.ScriptEngine.run(ScriptEngine.java:194)&#xD;&#xA;&#x9;at com.kms.katalon.core.main.ScriptEngine.runScriptAsRawText(ScriptEngine.java:119)&#xD;&#xA;&#x9;at com.kms.katalon.core.main.TestCaseExecutor.runScript(TestCaseExecutor.java:337)&#xD;&#xA;&#x9;at com.kms.katalon.core.main.TestCaseExecutor.doExecute(TestCaseExecutor.java:328)&#xD;&#xA;&#x9;at com.kms.katalon.core.main.TestCaseExecutor.processExecutionPhase(TestCaseExecutor.java:307)&#xD;&#xA;&#x9;at com.kms.katalon.core.main.TestCaseExecutor.accessMainPhase(TestCaseExecutor.java:299)&#xD;&#xA;&#x9;at com.kms.katalon.core.main.TestCaseExecutor.execute(TestCaseExecutor.java:233)&#xD;&#xA;&#x9;at com.kms.katalon.core.main.TestSuiteExecutor.accessTestCaseMainPhase(TestSuiteExecutor.java:133)&#xD;&#xA;&#x9;at com.kms.katalon.core.main.TestSuiteExecutor.accessTestSuiteMainPhase(TestSuiteExecutor.java:116)&#xD;&#xA;&#x9;at com.kms.katalon.core.main.TestSuiteExecutor.execute(TestSuiteExecutor.java:83)&#xD;&#xA;&#x9;at com.kms.katalon.core.main.TestCaseMain.startTestSuite(TestCaseMain.java:157)&#xD;&#xA;&#x9;at com.kms.katalon.core.main.TestCaseMain$startTestSuite$0.call(Unknown Source)&#xD;&#xA;&#x9;at TempTestSuite1566900409643.run(TempTestSuite1566900409643.groovy:35)&#xD;&#xA;"/>
            <system-out>2019-08-27 17:07:10 - [TEST_CASE][ERROR] - Test Cases/AlterationScoringRuleApps/Financial Non Employee/Non Ultimate/FE4/TC-2 IDR FE4: Test Cases/AlterationScoringRuleApps/Financial Non Employee/Non Ultimate/FE4/TC-2 IDR FE4 FAILED.
Reason:
java.lang.NullPointerException: Cannot get property 'description' on null object&#xD;
	at TC-2 IDR FE4.run(TC-2 IDR FE4:30)&#xD;
	at com.kms.katalon.core.main.ScriptEngine.run(ScriptEngine.java:194)&#xD;
	at com.kms.katalon.core.main.ScriptEngine.runScriptAsRawText(ScriptEngine.java:119)&#xD;
	at com.kms.katalon.core.main.TestCaseExecutor.runScript(TestCaseExecutor.java:337)&#xD;
	at com.kms.katalon.core.main.TestCaseExecutor.doExecute(TestCaseExecutor.java:328)&#xD;
	at com.kms.katalon.core.main.TestCaseExecutor.processExecutionPhase(TestCaseExecutor.java:307)&#xD;
	at com.kms.katalon.core.main.TestCaseExecutor.accessMainPhase(TestCaseExecutor.java:299)&#xD;
	at com.kms.katalon.core.main.TestCaseExecutor.execute(TestCaseExecutor.java:233)&#xD;
	at com.kms.katalon.core.main.TestSuiteExecutor.accessTestCaseMainPhase(TestSuiteExecutor.java:133)&#xD;
	at com.kms.katalon.core.main.TestSuiteExecutor.accessTestSuiteMainPhase(TestSuiteExecutor.java:116)&#xD;
	at com.kms.katalon.core.main.TestSuiteExecutor.execute(TestSuiteExecutor.java:83)&#xD;
	at com.kms.katalon.core.main.TestCaseMain.startTestSuite(TestCaseMain.java:157)&#xD;
	at com.kms.katalon.core.main.TestCaseMain$startTestSuite$0.call(Unknown Source)&#xD;
	at TempTestSuite1566900409643.run(TempTestSuite1566900409643.groovy:35)&#xD;
&#xD;
&#xD;
2019-08-27 17:07:10 - [TEST_STEP][PASSED] - random = new java.util.Random(): null&#xD;
&#xD;
2019-08-27 17:07:10 - [TEST_STEP][PASSED] - compareHighestValueFsaDeathVsAddccMax = 15000000000: null&#xD;
&#xD;
2019-08-27 17:07:10 - [TEST_STEP][PASSED] - compareHighestValueFsaDeathVsAddccMin = 5000000001: null&#xD;
&#xD;
2019-08-27 17:07:10 - [TEST_STEP][PASSED] - compareHighestValueFsaDeathVsAddcc = random.nextInt(compareHighestValueFsaDeathVsAddccMax - compareHighestValueFsaDeathVsAddccMin) + compareHighestValueFsaDeathVsAddccMin: null&#xD;
&#xD;
2019-08-27 17:07:10 - [TEST_STEP][PASSED] - println(compareHighestValueFsaDeathVsAddcc): null&#xD;
&#xD;
2019-08-27 17:07:10 - [TEST_STEP][PASSED] - comment("Send request"): Send request&#xD;
&#xD;
2019-08-27 17:07:10 - [MESSAGE][INFO] - Send request&#xD;
&#xD;
2019-08-27 17:07:10 - [TEST_STEP][PASSED] - response = sendRequest(findTestObject("AlterationScoringRuleApps/Financial Non Employee/Non Ultimate/Object Request", ["transactionType":transactionType, "role":role, "increasingFsaFlag":increasingFsaFlag, "pecFlag":pecFlag, "occupationCode":occupationCode, ... ])): Send request successfully&#xD;
&#xD;
2019-08-27 17:07:10 - [MESSAGE][INFO] - HAR: C:\SURYAPURBA\PHS\PHS-BRMS\Reports\FinancialNonEmployee_NonUltimate\20190827_170649\requests\main\22.har&#xD;
&#xD;
2019-08-27 17:07:10 - [MESSAGE][PASSED] - Send request successfully&#xD;
&#xD;
2019-08-27 17:07:10 - [TEST_STEP][PASSED] - slurper = new groovy.json.JsonSlurper(): null&#xD;
&#xD;
2019-08-27 17:07:10 - [TEST_STEP][PASSED] - parseResponse = slurper.parseText(response.getResponseText()): null&#xD;
&#xD;
2019-08-27 17:07:10 - [TEST_STEP][PASSED] - println(parseResponse): null&#xD;
&#xD;
2019-08-27 17:07:10 - [TEST_STEP][PASSED] - attributes = evidenceCode: null&#xD;
&#xD;
2019-08-27 17:07:10 - [TEST_STEP][PASSED] - println(attributes): null&#xD;
&#xD;
2019-08-27 17:07:10 - [TEST_STEP][PASSED] - expected = description == "Butuh LSAR, ABR": null&#xD;
&#xD;
2019-08-27 17:07:10 - [TEST_STEP][PASSED] - Start listener action : sampleAfterTestCase: null</system-out>
            <system-err>2019-08-27 17:07:10 - [TEST_CASE][ERROR] - Test Cases/AlterationScoringRuleApps/Financial Non Employee/Non Ultimate/FE4/TC-2 IDR FE4: Test Cases/AlterationScoringRuleApps/Financial Non Employee/Non Ultimate/FE4/TC-2 IDR FE4 FAILED.
Reason:
java.lang.NullPointerException: Cannot get property 'description' on null object&#xD;
	at TC-2 IDR FE4.run(TC-2 IDR FE4:30)&#xD;
	at com.kms.katalon.core.main.ScriptEngine.run(ScriptEngine.java:194)&#xD;
	at com.kms.katalon.core.main.ScriptEngine.runScriptAsRawText(ScriptEngine.java:119)&#xD;
	at com.kms.katalon.core.main.TestCaseExecutor.runScript(TestCaseExecutor.java:337)&#xD;
	at com.kms.katalon.core.main.TestCaseExecutor.doExecute(TestCaseExecutor.java:328)&#xD;
	at com.kms.katalon.core.main.TestCaseExecutor.processExecutionPhase(TestCaseExecutor.java:307)&#xD;
	at com.kms.katalon.core.main.TestCaseExecutor.accessMainPhase(TestCaseExecutor.java:299)&#xD;
	at com.kms.katalon.core.main.TestCaseExecutor.execute(TestCaseExecutor.java:233)&#xD;
	at com.kms.katalon.core.main.TestSuiteExecutor.accessTestCaseMainPhase(TestSuiteExecutor.java:133)&#xD;
	at com.kms.katalon.core.main.TestSuiteExecutor.accessTestSuiteMainPhase(TestSuiteExecutor.java:116)&#xD;
	at com.kms.katalon.core.main.TestSuiteExecutor.execute(TestSuiteExecutor.java:83)&#xD;
	at com.kms.katalon.core.main.TestCaseMain.startTestSuite(TestCaseMain.java:157)&#xD;
	at com.kms.katalon.core.main.TestCaseMain$startTestSuite$0.call(Unknown Source)&#xD;
	at TempTestSuite1566900409643.run(TempTestSuite1566900409643.groovy:35)</system-err>
        </testcase>
        <testcase name="Test Cases/AlterationScoringRuleApps/Financial Non Employee/Non Ultimate/FE4/TC-2 IDR FE4" classname="Test Cases/AlterationScoringRuleApps/Financial Non Employee/Non Ultimate/FE4/TC-2 IDR FE4" status="ERROR">
            <error type="ERROR" message="Test Cases/AlterationScoringRuleApps/Financial Non Employee/Non Ultimate/FE4/TC-2 IDR FE4 FAILED.&#xA;Reason:&#xA;java.lang.NullPointerException: Cannot get property 'description' on null object&#xD;&#xA;&#x9;at TC-2 IDR FE4.run(TC-2 IDR FE4:30)&#xD;&#xA;&#x9;at com.kms.katalon.core.main.ScriptEngine.run(ScriptEngine.java:194)&#xD;&#xA;&#x9;at com.kms.katalon.core.main.ScriptEngine.runScriptAsRawText(ScriptEngine.java:119)&#xD;&#xA;&#x9;at com.kms.katalon.core.main.TestCaseExecutor.runScript(TestCaseExecutor.java:337)&#xD;&#xA;&#x9;at com.kms.katalon.core.main.TestCaseExecutor.doExecute(TestCaseExecutor.java:328)&#xD;&#xA;&#x9;at com.kms.katalon.core.main.TestCaseExecutor.processExecutionPhase(TestCaseExecutor.java:307)&#xD;&#xA;&#x9;at com.kms.katalon.core.main.TestCaseExecutor.accessMainPhase(TestCaseExecutor.java:299)&#xD;&#xA;&#x9;at com.kms.katalon.core.main.TestCaseExecutor.execute(TestCaseExecutor.java:233)&#xD;&#xA;&#x9;at com.kms.katalon.core.main.TestSuiteExecutor.accessTestCaseMainPhase(TestSuiteExecutor.java:133)&#xD;&#xA;&#x9;at com.kms.katalon.core.main.TestSuiteExecutor.accessTestSuiteMainPhase(TestSuiteExecutor.java:116)&#xD;&#xA;&#x9;at com.kms.katalon.core.main.TestSuiteExecutor.execute(TestSuiteExecutor.java:83)&#xD;&#xA;&#x9;at com.kms.katalon.core.main.TestCaseMain.startTestSuite(TestCaseMain.java:157)&#xD;&#xA;&#x9;at com.kms.katalon.core.main.TestCaseMain$startTestSuite$0.call(Unknown Source)&#xD;&#xA;&#x9;at TempTestSuite1566900409643.run(TempTestSuite1566900409643.groovy:35)&#xD;&#xA;"/>
            <system-out>2019-08-27 17:07:10 - [TEST_CASE][ERROR] - Test Cases/AlterationScoringRuleApps/Financial Non Employee/Non Ultimate/FE4/TC-2 IDR FE4: Test Cases/AlterationScoringRuleApps/Financial Non Employee/Non Ultimate/FE4/TC-2 IDR FE4 FAILED.
Reason:
java.lang.NullPointerException: Cannot get property 'description' on null object&#xD;
	at TC-2 IDR FE4.run(TC-2 IDR FE4:30)&#xD;
	at com.kms.katalon.core.main.ScriptEngine.run(ScriptEngine.java:194)&#xD;
	at com.kms.katalon.core.main.ScriptEngine.runScriptAsRawText(ScriptEngine.java:119)&#xD;
	at com.kms.katalon.core.main.TestCaseExecutor.runScript(TestCaseExecutor.java:337)&#xD;
	at com.kms.katalon.core.main.TestCaseExecutor.doExecute(TestCaseExecutor.java:328)&#xD;
	at com.kms.katalon.core.main.TestCaseExecutor.processExecutionPhase(TestCaseExecutor.java:307)&#xD;
	at com.kms.katalon.core.main.TestCaseExecutor.accessMainPhase(TestCaseExecutor.java:299)&#xD;
	at com.kms.katalon.core.main.TestCaseExecutor.execute(TestCaseExecutor.java:233)&#xD;
	at com.kms.katalon.core.main.TestSuiteExecutor.accessTestCaseMainPhase(TestSuiteExecutor.java:133)&#xD;
	at com.kms.katalon.core.main.TestSuiteExecutor.accessTestSuiteMainPhase(TestSuiteExecutor.java:116)&#xD;
	at com.kms.katalon.core.main.TestSuiteExecutor.execute(TestSuiteExecutor.java:83)&#xD;
	at com.kms.katalon.core.main.TestCaseMain.startTestSuite(TestCaseMain.java:157)&#xD;
	at com.kms.katalon.core.main.TestCaseMain$startTestSuite$0.call(Unknown Source)&#xD;
	at TempTestSuite1566900409643.run(TempTestSuite1566900409643.groovy:35)&#xD;
&#xD;
&#xD;
2019-08-27 17:07:10 - [TEST_STEP][PASSED] - random = new java.util.Random(): null&#xD;
&#xD;
2019-08-27 17:07:11 - [TEST_STEP][PASSED] - compareHighestValueFsaDeathVsAddccMax = 15000000000: null&#xD;
&#xD;
2019-08-27 17:07:11 - [TEST_STEP][PASSED] - compareHighestValueFsaDeathVsAddccMin = 5000000001: null&#xD;
&#xD;
2019-08-27 17:07:11 - [TEST_STEP][PASSED] - compareHighestValueFsaDeathVsAddcc = random.nextInt(compareHighestValueFsaDeathVsAddccMax - compareHighestValueFsaDeathVsAddccMin) + compareHighestValueFsaDeathVsAddccMin: null&#xD;
&#xD;
2019-08-27 17:07:11 - [TEST_STEP][PASSED] - println(compareHighestValueFsaDeathVsAddcc): null&#xD;
&#xD;
2019-08-27 17:07:11 - [TEST_STEP][PASSED] - comment("Send request"): Send request&#xD;
&#xD;
2019-08-27 17:07:11 - [MESSAGE][INFO] - Send request&#xD;
&#xD;
2019-08-27 17:07:11 - [TEST_STEP][PASSED] - response = sendRequest(findTestObject("AlterationScoringRuleApps/Financial Non Employee/Non Ultimate/Object Request", ["transactionType":transactionType, "role":role, "increasingFsaFlag":increasingFsaFlag, "pecFlag":pecFlag, "occupationCode":occupationCode, ... ])): Send request successfully&#xD;
&#xD;
2019-08-27 17:07:11 - [MESSAGE][INFO] - HAR: C:\SURYAPURBA\PHS\PHS-BRMS\Reports\FinancialNonEmployee_NonUltimate\20190827_170649\requests\main\23.har&#xD;
&#xD;
2019-08-27 17:07:11 - [MESSAGE][PASSED] - Send request successfully&#xD;
&#xD;
2019-08-27 17:07:11 - [TEST_STEP][PASSED] - slurper = new groovy.json.JsonSlurper(): null&#xD;
&#xD;
2019-08-27 17:07:11 - [TEST_STEP][PASSED] - parseResponse = slurper.parseText(response.getResponseText()): null&#xD;
&#xD;
2019-08-27 17:07:11 - [TEST_STEP][PASSED] - println(parseResponse): null&#xD;
&#xD;
2019-08-27 17:07:11 - [TEST_STEP][PASSED] - attributes = evidenceCode: null&#xD;
&#xD;
2019-08-27 17:07:11 - [TEST_STEP][PASSED] - println(attributes): null&#xD;
&#xD;
2019-08-27 17:07:11 - [TEST_STEP][PASSED] - expected = description == "Butuh LSAR, ABR": null&#xD;
&#xD;
2019-08-27 17:07:11 - [TEST_STEP][PASSED] - Start listener action : sampleAfterTestCase: null</system-out>
            <system-err>2019-08-27 17:07:10 - [TEST_CASE][ERROR] - Test Cases/AlterationScoringRuleApps/Financial Non Employee/Non Ultimate/FE4/TC-2 IDR FE4: Test Cases/AlterationScoringRuleApps/Financial Non Employee/Non Ultimate/FE4/TC-2 IDR FE4 FAILED.
Reason:
java.lang.NullPointerException: Cannot get property 'description' on null object&#xD;
	at TC-2 IDR FE4.run(TC-2 IDR FE4:30)&#xD;
	at com.kms.katalon.core.main.ScriptEngine.run(ScriptEngine.java:194)&#xD;
	at com.kms.katalon.core.main.ScriptEngine.runScriptAsRawText(ScriptEngine.java:119)&#xD;
	at com.kms.katalon.core.main.TestCaseExecutor.runScript(TestCaseExecutor.java:337)&#xD;
	at com.kms.katalon.core.main.TestCaseExecutor.doExecute(TestCaseExecutor.java:328)&#xD;
	at com.kms.katalon.core.main.TestCaseExecutor.processExecutionPhase(TestCaseExecutor.java:307)&#xD;
	at com.kms.katalon.core.main.TestCaseExecutor.accessMainPhase(TestCaseExecutor.java:299)&#xD;
	at com.kms.katalon.core.main.TestCaseExecutor.execute(TestCaseExecutor.java:233)&#xD;
	at com.kms.katalon.core.main.TestSuiteExecutor.accessTestCaseMainPhase(TestSuiteExecutor.java:133)&#xD;
	at com.kms.katalon.core.main.TestSuiteExecutor.accessTestSuiteMainPhase(TestSuiteExecutor.java:116)&#xD;
	at com.kms.katalon.core.main.TestSuiteExecutor.execute(TestSuiteExecutor.java:83)&#xD;
	at com.kms.katalon.core.main.TestCaseMain.startTestSuite(TestCaseMain.java:157)&#xD;
	at com.kms.katalon.core.main.TestCaseMain$startTestSuite$0.call(Unknown Source)&#xD;
	at TempTestSuite1566900409643.run(TempTestSuite1566900409643.groovy:35)</system-err>
        </testcase>
        <testcase name="Test Cases/AlterationScoringRuleApps/Financial Non Employee/Non Ultimate/FE4/TC-2 IDR FE4" classname="Test Cases/AlterationScoringRuleApps/Financial Non Employee/Non Ultimate/FE4/TC-2 IDR FE4" status="ERROR">
            <error type="ERROR" message="Test Cases/AlterationScoringRuleApps/Financial Non Employee/Non Ultimate/FE4/TC-2 IDR FE4 FAILED.&#xA;Reason:&#xA;java.lang.NullPointerException: Cannot get property 'description' on null object&#xD;&#xA;&#x9;at TC-2 IDR FE4.run(TC-2 IDR FE4:30)&#xD;&#xA;&#x9;at com.kms.katalon.core.main.ScriptEngine.run(ScriptEngine.java:194)&#xD;&#xA;&#x9;at com.kms.katalon.core.main.ScriptEngine.runScriptAsRawText(ScriptEngine.java:119)&#xD;&#xA;&#x9;at com.kms.katalon.core.main.TestCaseExecutor.runScript(TestCaseExecutor.java:337)&#xD;&#xA;&#x9;at com.kms.katalon.core.main.TestCaseExecutor.doExecute(TestCaseExecutor.java:328)&#xD;&#xA;&#x9;at com.kms.katalon.core.main.TestCaseExecutor.processExecutionPhase(TestCaseExecutor.java:307)&#xD;&#xA;&#x9;at com.kms.katalon.core.main.TestCaseExecutor.accessMainPhase(TestCaseExecutor.java:299)&#xD;&#xA;&#x9;at com.kms.katalon.core.main.TestCaseExecutor.execute(TestCaseExecutor.java:233)&#xD;&#xA;&#x9;at com.kms.katalon.core.main.TestSuiteExecutor.accessTestCaseMainPhase(TestSuiteExecutor.java:133)&#xD;&#xA;&#x9;at com.kms.katalon.core.main.TestSuiteExecutor.accessTestSuiteMainPhase(TestSuiteExecutor.java:116)&#xD;&#xA;&#x9;at com.kms.katalon.core.main.TestSuiteExecutor.execute(TestSuiteExecutor.java:83)&#xD;&#xA;&#x9;at com.kms.katalon.core.main.TestCaseMain.startTestSuite(TestCaseMain.java:157)&#xD;&#xA;&#x9;at com.kms.katalon.core.main.TestCaseMain$startTestSuite$0.call(Unknown Source)&#xD;&#xA;&#x9;at TempTestSuite1566900409643.run(TempTestSuite1566900409643.groovy:35)&#xD;&#xA;"/>
            <system-out>2019-08-27 17:07:11 - [TEST_CASE][ERROR] - Test Cases/AlterationScoringRuleApps/Financial Non Employee/Non Ultimate/FE4/TC-2 IDR FE4: Test Cases/AlterationScoringRuleApps/Financial Non Employee/Non Ultimate/FE4/TC-2 IDR FE4 FAILED.
Reason:
java.lang.NullPointerException: Cannot get property 'description' on null object&#xD;
	at TC-2 IDR FE4.run(TC-2 IDR FE4:30)&#xD;
	at com.kms.katalon.core.main.ScriptEngine.run(ScriptEngine.java:194)&#xD;
	at com.kms.katalon.core.main.ScriptEngine.runScriptAsRawText(ScriptEngine.java:119)&#xD;
	at com.kms.katalon.core.main.TestCaseExecutor.runScript(TestCaseExecutor.java:337)&#xD;
	at com.kms.katalon.core.main.TestCaseExecutor.doExecute(TestCaseExecutor.java:328)&#xD;
	at com.kms.katalon.core.main.TestCaseExecutor.processExecutionPhase(TestCaseExecutor.java:307)&#xD;
	at com.kms.katalon.core.main.TestCaseExecutor.accessMainPhase(TestCaseExecutor.java:299)&#xD;
	at com.kms.katalon.core.main.TestCaseExecutor.execute(TestCaseExecutor.java:233)&#xD;
	at com.kms.katalon.core.main.TestSuiteExecutor.accessTestCaseMainPhase(TestSuiteExecutor.java:133)&#xD;
	at com.kms.katalon.core.main.TestSuiteExecutor.accessTestSuiteMainPhase(TestSuiteExecutor.java:116)&#xD;
	at com.kms.katalon.core.main.TestSuiteExecutor.execute(TestSuiteExecutor.java:83)&#xD;
	at com.kms.katalon.core.main.TestCaseMain.startTestSuite(TestCaseMain.java:157)&#xD;
	at com.kms.katalon.core.main.TestCaseMain$startTestSuite$0.call(Unknown Source)&#xD;
	at TempTestSuite1566900409643.run(TempTestSuite1566900409643.groovy:35)&#xD;
&#xD;
&#xD;
2019-08-27 17:07:12 - [TEST_STEP][PASSED] - random = new java.util.Random(): null&#xD;
&#xD;
2019-08-27 17:07:12 - [TEST_STEP][PASSED] - compareHighestValueFsaDeathVsAddccMax = 15000000000: null&#xD;
&#xD;
2019-08-27 17:07:12 - [TEST_STEP][PASSED] - compareHighestValueFsaDeathVsAddccMin = 5000000001: null&#xD;
&#xD;
2019-08-27 17:07:12 - [TEST_STEP][PASSED] - compareHighestValueFsaDeathVsAddcc = random.nextInt(compareHighestValueFsaDeathVsAddccMax - compareHighestValueFsaDeathVsAddccMin) + compareHighestValueFsaDeathVsAddccMin: null&#xD;
&#xD;
2019-08-27 17:07:12 - [TEST_STEP][PASSED] - println(compareHighestValueFsaDeathVsAddcc): null&#xD;
&#xD;
2019-08-27 17:07:12 - [TEST_STEP][PASSED] - comment("Send request"): Send request&#xD;
&#xD;
2019-08-27 17:07:12 - [MESSAGE][INFO] - Send request&#xD;
&#xD;
2019-08-27 17:07:12 - [TEST_STEP][PASSED] - response = sendRequest(findTestObject("AlterationScoringRuleApps/Financial Non Employee/Non Ultimate/Object Request", ["transactionType":transactionType, "role":role, "increasingFsaFlag":increasingFsaFlag, "pecFlag":pecFlag, "occupationCode":occupationCode, ... ])): Send request successfully&#xD;
&#xD;
2019-08-27 17:07:12 - [MESSAGE][INFO] - HAR: C:\SURYAPURBA\PHS\PHS-BRMS\Reports\FinancialNonEmployee_NonUltimate\20190827_170649\requests\main\24.har&#xD;
&#xD;
2019-08-27 17:07:12 - [MESSAGE][PASSED] - Send request successfully&#xD;
&#xD;
2019-08-27 17:07:12 - [TEST_STEP][PASSED] - slurper = new groovy.json.JsonSlurper(): null&#xD;
&#xD;
2019-08-27 17:07:12 - [TEST_STEP][PASSED] - parseResponse = slurper.parseText(response.getResponseText()): null&#xD;
&#xD;
2019-08-27 17:07:12 - [TEST_STEP][PASSED] - println(parseResponse): null&#xD;
&#xD;
2019-08-27 17:07:12 - [TEST_STEP][PASSED] - attributes = evidenceCode: null&#xD;
&#xD;
2019-08-27 17:07:12 - [TEST_STEP][PASSED] - println(attributes): null&#xD;
&#xD;
2019-08-27 17:07:12 - [TEST_STEP][PASSED] - expected = description == "Butuh LSAR, ABR": null&#xD;
&#xD;
2019-08-27 17:07:12 - [TEST_STEP][PASSED] - Start listener action : sampleAfterTestCase: null</system-out>
            <system-err>2019-08-27 17:07:11 - [TEST_CASE][ERROR] - Test Cases/AlterationScoringRuleApps/Financial Non Employee/Non Ultimate/FE4/TC-2 IDR FE4: Test Cases/AlterationScoringRuleApps/Financial Non Employee/Non Ultimate/FE4/TC-2 IDR FE4 FAILED.
Reason:
java.lang.NullPointerException: Cannot get property 'description' on null object&#xD;
	at TC-2 IDR FE4.run(TC-2 IDR FE4:30)&#xD;
	at com.kms.katalon.core.main.ScriptEngine.run(ScriptEngine.java:194)&#xD;
	at com.kms.katalon.core.main.ScriptEngine.runScriptAsRawText(ScriptEngine.java:119)&#xD;
	at com.kms.katalon.core.main.TestCaseExecutor.runScript(TestCaseExecutor.java:337)&#xD;
	at com.kms.katalon.core.main.TestCaseExecutor.doExecute(TestCaseExecutor.java:328)&#xD;
	at com.kms.katalon.core.main.TestCaseExecutor.processExecutionPhase(TestCaseExecutor.java:307)&#xD;
	at com.kms.katalon.core.main.TestCaseExecutor.accessMainPhase(TestCaseExecutor.java:299)&#xD;
	at com.kms.katalon.core.main.TestCaseExecutor.execute(TestCaseExecutor.java:233)&#xD;
	at com.kms.katalon.core.main.TestSuiteExecutor.accessTestCaseMainPhase(TestSuiteExecutor.java:133)&#xD;
	at com.kms.katalon.core.main.TestSuiteExecutor.accessTestSuiteMainPhase(TestSuiteExecutor.java:116)&#xD;
	at com.kms.katalon.core.main.TestSuiteExecutor.execute(TestSuiteExecutor.java:83)&#xD;
	at com.kms.katalon.core.main.TestCaseMain.startTestSuite(TestCaseMain.java:157)&#xD;
	at com.kms.katalon.core.main.TestCaseMain$startTestSuite$0.call(Unknown Source)&#xD;
	at TempTestSuite1566900409643.run(TempTestSuite1566900409643.groovy:35)</system-err>
        </testcase>
        <testcase name="Test Cases/AlterationScoringRuleApps/Financial Non Employee/Non Ultimate/FE4/TC-2 IDR FE4" classname="Test Cases/AlterationScoringRuleApps/Financial Non Employee/Non Ultimate/FE4/TC-2 IDR FE4" status="ERROR">
            <error type="ERROR" message="Test Cases/AlterationScoringRuleApps/Financial Non Employee/Non Ultimate/FE4/TC-2 IDR FE4 FAILED.&#xA;Reason:&#xA;java.lang.NullPointerException: Cannot get property 'description' on null object&#xD;&#xA;&#x9;at TC-2 IDR FE4.run(TC-2 IDR FE4:30)&#xD;&#xA;&#x9;at com.kms.katalon.core.main.ScriptEngine.run(ScriptEngine.java:194)&#xD;&#xA;&#x9;at com.kms.katalon.core.main.ScriptEngine.runScriptAsRawText(ScriptEngine.java:119)&#xD;&#xA;&#x9;at com.kms.katalon.core.main.TestCaseExecutor.runScript(TestCaseExecutor.java:337)&#xD;&#xA;&#x9;at com.kms.katalon.core.main.TestCaseExecutor.doExecute(TestCaseExecutor.java:328)&#xD;&#xA;&#x9;at com.kms.katalon.core.main.TestCaseExecutor.processExecutionPhase(TestCaseExecutor.java:307)&#xD;&#xA;&#x9;at com.kms.katalon.core.main.TestCaseExecutor.accessMainPhase(TestCaseExecutor.java:299)&#xD;&#xA;&#x9;at com.kms.katalon.core.main.TestCaseExecutor.execute(TestCaseExecutor.java:233)&#xD;&#xA;&#x9;at com.kms.katalon.core.main.TestSuiteExecutor.accessTestCaseMainPhase(TestSuiteExecutor.java:133)&#xD;&#xA;&#x9;at com.kms.katalon.core.main.TestSuiteExecutor.accessTestSuiteMainPhase(TestSuiteExecutor.java:116)&#xD;&#xA;&#x9;at com.kms.katalon.core.main.TestSuiteExecutor.execute(TestSuiteExecutor.java:83)&#xD;&#xA;&#x9;at com.kms.katalon.core.main.TestCaseMain.startTestSuite(TestCaseMain.java:157)&#xD;&#xA;&#x9;at com.kms.katalon.core.main.TestCaseMain$startTestSuite$0.call(Unknown Source)&#xD;&#xA;&#x9;at TempTestSuite1566900409643.run(TempTestSuite1566900409643.groovy:35)&#xD;&#xA;"/>
            <system-out>2019-08-27 17:07:12 - [TEST_CASE][ERROR] - Test Cases/AlterationScoringRuleApps/Financial Non Employee/Non Ultimate/FE4/TC-2 IDR FE4: Test Cases/AlterationScoringRuleApps/Financial Non Employee/Non Ultimate/FE4/TC-2 IDR FE4 FAILED.
Reason:
java.lang.NullPointerException: Cannot get property 'description' on null object&#xD;
	at TC-2 IDR FE4.run(TC-2 IDR FE4:30)&#xD;
	at com.kms.katalon.core.main.ScriptEngine.run(ScriptEngine.java:194)&#xD;
	at com.kms.katalon.core.main.ScriptEngine.runScriptAsRawText(ScriptEngine.java:119)&#xD;
	at com.kms.katalon.core.main.TestCaseExecutor.runScript(TestCaseExecutor.java:337)&#xD;
	at com.kms.katalon.core.main.TestCaseExecutor.doExecute(TestCaseExecutor.java:328)&#xD;
	at com.kms.katalon.core.main.TestCaseExecutor.processExecutionPhase(TestCaseExecutor.java:307)&#xD;
	at com.kms.katalon.core.main.TestCaseExecutor.accessMainPhase(TestCaseExecutor.java:299)&#xD;
	at com.kms.katalon.core.main.TestCaseExecutor.execute(TestCaseExecutor.java:233)&#xD;
	at com.kms.katalon.core.main.TestSuiteExecutor.accessTestCaseMainPhase(TestSuiteExecutor.java:133)&#xD;
	at com.kms.katalon.core.main.TestSuiteExecutor.accessTestSuiteMainPhase(TestSuiteExecutor.java:116)&#xD;
	at com.kms.katalon.core.main.TestSuiteExecutor.execute(TestSuiteExecutor.java:83)&#xD;
	at com.kms.katalon.core.main.TestCaseMain.startTestSuite(TestCaseMain.java:157)&#xD;
	at com.kms.katalon.core.main.TestCaseMain$startTestSuite$0.call(Unknown Source)&#xD;
	at TempTestSuite1566900409643.run(TempTestSuite1566900409643.groovy:35)&#xD;
&#xD;
&#xD;
2019-08-27 17:07:12 - [TEST_STEP][PASSED] - random = new java.util.Random(): null&#xD;
&#xD;
2019-08-27 17:07:12 - [TEST_STEP][PASSED] - compareHighestValueFsaDeathVsAddccMax = 15000000000: null&#xD;
&#xD;
2019-08-27 17:07:12 - [TEST_STEP][PASSED] - compareHighestValueFsaDeathVsAddccMin = 5000000001: null&#xD;
&#xD;
2019-08-27 17:07:12 - [TEST_STEP][PASSED] - compareHighestValueFsaDeathVsAddcc = random.nextInt(compareHighestValueFsaDeathVsAddccMax - compareHighestValueFsaDeathVsAddccMin) + compareHighestValueFsaDeathVsAddccMin: null&#xD;
&#xD;
2019-08-27 17:07:12 - [TEST_STEP][PASSED] - println(compareHighestValueFsaDeathVsAddcc): null&#xD;
&#xD;
2019-08-27 17:07:12 - [TEST_STEP][PASSED] - comment("Send request"): Send request&#xD;
&#xD;
2019-08-27 17:07:12 - [MESSAGE][INFO] - Send request&#xD;
&#xD;
2019-08-27 17:07:12 - [TEST_STEP][PASSED] - response = sendRequest(findTestObject("AlterationScoringRuleApps/Financial Non Employee/Non Ultimate/Object Request", ["transactionType":transactionType, "role":role, "increasingFsaFlag":increasingFsaFlag, "pecFlag":pecFlag, "occupationCode":occupationCode, ... ])): Send request successfully&#xD;
&#xD;
2019-08-27 17:07:12 - [MESSAGE][INFO] - HAR: C:\SURYAPURBA\PHS\PHS-BRMS\Reports\FinancialNonEmployee_NonUltimate\20190827_170649\requests\main\25.har&#xD;
&#xD;
2019-08-27 17:07:12 - [MESSAGE][PASSED] - Send request successfully&#xD;
&#xD;
2019-08-27 17:07:12 - [TEST_STEP][PASSED] - slurper = new groovy.json.JsonSlurper(): null&#xD;
&#xD;
2019-08-27 17:07:12 - [TEST_STEP][PASSED] - parseResponse = slurper.parseText(response.getResponseText()): null&#xD;
&#xD;
2019-08-27 17:07:12 - [TEST_STEP][PASSED] - println(parseResponse): null&#xD;
&#xD;
2019-08-27 17:07:12 - [TEST_STEP][PASSED] - attributes = evidenceCode: null&#xD;
&#xD;
2019-08-27 17:07:12 - [TEST_STEP][PASSED] - println(attributes): null&#xD;
&#xD;
2019-08-27 17:07:12 - [TEST_STEP][PASSED] - expected = description == "Butuh LSAR, ABR": null&#xD;
&#xD;
2019-08-27 17:07:12 - [TEST_STEP][PASSED] - Start listener action : sampleAfterTestCase: null</system-out>
            <system-err>2019-08-27 17:07:12 - [TEST_CASE][ERROR] - Test Cases/AlterationScoringRuleApps/Financial Non Employee/Non Ultimate/FE4/TC-2 IDR FE4: Test Cases/AlterationScoringRuleApps/Financial Non Employee/Non Ultimate/FE4/TC-2 IDR FE4 FAILED.
Reason:
java.lang.NullPointerException: Cannot get property 'description' on null object&#xD;
	at TC-2 IDR FE4.run(TC-2 IDR FE4:30)&#xD;
	at com.kms.katalon.core.main.ScriptEngine.run(ScriptEngine.java:194)&#xD;
	at com.kms.katalon.core.main.ScriptEngine.runScriptAsRawText(ScriptEngine.java:119)&#xD;
	at com.kms.katalon.core.main.TestCaseExecutor.runScript(TestCaseExecutor.java:337)&#xD;
	at com.kms.katalon.core.main.TestCaseExecutor.doExecute(TestCaseExecutor.java:328)&#xD;
	at com.kms.katalon.core.main.TestCaseExecutor.processExecutionPhase(TestCaseExecutor.java:307)&#xD;
	at com.kms.katalon.core.main.TestCaseExecutor.accessMainPhase(TestCaseExecutor.java:299)&#xD;
	at com.kms.katalon.core.main.TestCaseExecutor.execute(TestCaseExecutor.java:233)&#xD;
	at com.kms.katalon.core.main.TestSuiteExecutor.accessTestCaseMainPhase(TestSuiteExecutor.java:133)&#xD;
	at com.kms.katalon.core.main.TestSuiteExecutor.accessTestSuiteMainPhase(TestSuiteExecutor.java:116)&#xD;
	at com.kms.katalon.core.main.TestSuiteExecutor.execute(TestSuiteExecutor.java:83)&#xD;
	at com.kms.katalon.core.main.TestCaseMain.startTestSuite(TestCaseMain.java:157)&#xD;
	at com.kms.katalon.core.main.TestCaseMain$startTestSuite$0.call(Unknown Source)&#xD;
	at TempTestSuite1566900409643.run(TempTestSuite1566900409643.groovy:35)</system-err>
        </testcase>
        <testcase name="Test Cases/AlterationScoringRuleApps/Financial Non Employee/Non Ultimate/FE4/TC-2 IDR FE4" classname="Test Cases/AlterationScoringRuleApps/Financial Non Employee/Non Ultimate/FE4/TC-2 IDR FE4" status="ERROR">
            <error type="ERROR" message="Test Cases/AlterationScoringRuleApps/Financial Non Employee/Non Ultimate/FE4/TC-2 IDR FE4 FAILED.&#xA;Reason:&#xA;java.lang.NullPointerException: Cannot get property 'description' on null object&#xD;&#xA;&#x9;at TC-2 IDR FE4.run(TC-2 IDR FE4:30)&#xD;&#xA;&#x9;at com.kms.katalon.core.main.ScriptEngine.run(ScriptEngine.java:194)&#xD;&#xA;&#x9;at com.kms.katalon.core.main.ScriptEngine.runScriptAsRawText(ScriptEngine.java:119)&#xD;&#xA;&#x9;at com.kms.katalon.core.main.TestCaseExecutor.runScript(TestCaseExecutor.java:337)&#xD;&#xA;&#x9;at com.kms.katalon.core.main.TestCaseExecutor.doExecute(TestCaseExecutor.java:328)&#xD;&#xA;&#x9;at com.kms.katalon.core.main.TestCaseExecutor.processExecutionPhase(TestCaseExecutor.java:307)&#xD;&#xA;&#x9;at com.kms.katalon.core.main.TestCaseExecutor.accessMainPhase(TestCaseExecutor.java:299)&#xD;&#xA;&#x9;at com.kms.katalon.core.main.TestCaseExecutor.execute(TestCaseExecutor.java:233)&#xD;&#xA;&#x9;at com.kms.katalon.core.main.TestSuiteExecutor.accessTestCaseMainPhase(TestSuiteExecutor.java:133)&#xD;&#xA;&#x9;at com.kms.katalon.core.main.TestSuiteExecutor.accessTestSuiteMainPhase(TestSuiteExecutor.java:116)&#xD;&#xA;&#x9;at com.kms.katalon.core.main.TestSuiteExecutor.execute(TestSuiteExecutor.java:83)&#xD;&#xA;&#x9;at com.kms.katalon.core.main.TestCaseMain.startTestSuite(TestCaseMain.java:157)&#xD;&#xA;&#x9;at com.kms.katalon.core.main.TestCaseMain$startTestSuite$0.call(Unknown Source)&#xD;&#xA;&#x9;at TempTestSuite1566900409643.run(TempTestSuite1566900409643.groovy:35)&#xD;&#xA;"/>
            <system-out>2019-08-27 17:07:12 - [TEST_CASE][ERROR] - Test Cases/AlterationScoringRuleApps/Financial Non Employee/Non Ultimate/FE4/TC-2 IDR FE4: Test Cases/AlterationScoringRuleApps/Financial Non Employee/Non Ultimate/FE4/TC-2 IDR FE4 FAILED.
Reason:
java.lang.NullPointerException: Cannot get property 'description' on null object&#xD;
	at TC-2 IDR FE4.run(TC-2 IDR FE4:30)&#xD;
	at com.kms.katalon.core.main.ScriptEngine.run(ScriptEngine.java:194)&#xD;
	at com.kms.katalon.core.main.ScriptEngine.runScriptAsRawText(ScriptEngine.java:119)&#xD;
	at com.kms.katalon.core.main.TestCaseExecutor.runScript(TestCaseExecutor.java:337)&#xD;
	at com.kms.katalon.core.main.TestCaseExecutor.doExecute(TestCaseExecutor.java:328)&#xD;
	at com.kms.katalon.core.main.TestCaseExecutor.processExecutionPhase(TestCaseExecutor.java:307)&#xD;
	at com.kms.katalon.core.main.TestCaseExecutor.accessMainPhase(TestCaseExecutor.java:299)&#xD;
	at com.kms.katalon.core.main.TestCaseExecutor.execute(TestCaseExecutor.java:233)&#xD;
	at com.kms.katalon.core.main.TestSuiteExecutor.accessTestCaseMainPhase(TestSuiteExecutor.java:133)&#xD;
	at com.kms.katalon.core.main.TestSuiteExecutor.accessTestSuiteMainPhase(TestSuiteExecutor.java:116)&#xD;
	at com.kms.katalon.core.main.TestSuiteExecutor.execute(TestSuiteExecutor.java:83)&#xD;
	at com.kms.katalon.core.main.TestCaseMain.startTestSuite(TestCaseMain.java:157)&#xD;
	at com.kms.katalon.core.main.TestCaseMain$startTestSuite$0.call(Unknown Source)&#xD;
	at TempTestSuite1566900409643.run(TempTestSuite1566900409643.groovy:35)&#xD;
&#xD;
&#xD;
2019-08-27 17:07:12 - [TEST_STEP][PASSED] - random = new java.util.Random(): null&#xD;
&#xD;
2019-08-27 17:07:12 - [TEST_STEP][PASSED] - compareHighestValueFsaDeathVsAddccMax = 15000000000: null&#xD;
&#xD;
2019-08-27 17:07:12 - [TEST_STEP][PASSED] - compareHighestValueFsaDeathVsAddccMin = 5000000001: null&#xD;
&#xD;
2019-08-27 17:07:12 - [TEST_STEP][PASSED] - compareHighestValueFsaDeathVsAddcc = random.nextInt(compareHighestValueFsaDeathVsAddccMax - compareHighestValueFsaDeathVsAddccMin) + compareHighestValueFsaDeathVsAddccMin: null&#xD;
&#xD;
2019-08-27 17:07:12 - [TEST_STEP][PASSED] - println(compareHighestValueFsaDeathVsAddcc): null&#xD;
&#xD;
2019-08-27 17:07:12 - [TEST_STEP][PASSED] - comment("Send request"): Send request&#xD;
&#xD;
2019-08-27 17:07:12 - [MESSAGE][INFO] - Send request&#xD;
&#xD;
2019-08-27 17:07:12 - [TEST_STEP][PASSED] - response = sendRequest(findTestObject("AlterationScoringRuleApps/Financial Non Employee/Non Ultimate/Object Request", ["transactionType":transactionType, "role":role, "increasingFsaFlag":increasingFsaFlag, "pecFlag":pecFlag, "occupationCode":occupationCode, ... ])): Send request successfully&#xD;
&#xD;
2019-08-27 17:07:13 - [MESSAGE][INFO] - HAR: C:\SURYAPURBA\PHS\PHS-BRMS\Reports\FinancialNonEmployee_NonUltimate\20190827_170649\requests\main\26.har&#xD;
&#xD;
2019-08-27 17:07:13 - [MESSAGE][PASSED] - Send request successfully&#xD;
&#xD;
2019-08-27 17:07:13 - [TEST_STEP][PASSED] - slurper = new groovy.json.JsonSlurper(): null&#xD;
&#xD;
2019-08-27 17:07:13 - [TEST_STEP][PASSED] - parseResponse = slurper.parseText(response.getResponseText()): null&#xD;
&#xD;
2019-08-27 17:07:13 - [TEST_STEP][PASSED] - println(parseResponse): null&#xD;
&#xD;
2019-08-27 17:07:13 - [TEST_STEP][PASSED] - attributes = evidenceCode: null&#xD;
&#xD;
2019-08-27 17:07:13 - [TEST_STEP][PASSED] - println(attributes): null&#xD;
&#xD;
2019-08-27 17:07:13 - [TEST_STEP][PASSED] - expected = description == "Butuh LSAR, ABR": null&#xD;
&#xD;
2019-08-27 17:07:13 - [TEST_STEP][PASSED] - Start listener action : sampleAfterTestCase: null</system-out>
            <system-err>2019-08-27 17:07:12 - [TEST_CASE][ERROR] - Test Cases/AlterationScoringRuleApps/Financial Non Employee/Non Ultimate/FE4/TC-2 IDR FE4: Test Cases/AlterationScoringRuleApps/Financial Non Employee/Non Ultimate/FE4/TC-2 IDR FE4 FAILED.
Reason:
java.lang.NullPointerException: Cannot get property 'description' on null object&#xD;
	at TC-2 IDR FE4.run(TC-2 IDR FE4:30)&#xD;
	at com.kms.katalon.core.main.ScriptEngine.run(ScriptEngine.java:194)&#xD;
	at com.kms.katalon.core.main.ScriptEngine.runScriptAsRawText(ScriptEngine.java:119)&#xD;
	at com.kms.katalon.core.main.TestCaseExecutor.runScript(TestCaseExecutor.java:337)&#xD;
	at com.kms.katalon.core.main.TestCaseExecutor.doExecute(TestCaseExecutor.java:328)&#xD;
	at com.kms.katalon.core.main.TestCaseExecutor.processExecutionPhase(TestCaseExecutor.java:307)&#xD;
	at com.kms.katalon.core.main.TestCaseExecutor.accessMainPhase(TestCaseExecutor.java:299)&#xD;
	at com.kms.katalon.core.main.TestCaseExecutor.execute(TestCaseExecutor.java:233)&#xD;
	at com.kms.katalon.core.main.TestSuiteExecutor.accessTestCaseMainPhase(TestSuiteExecutor.java:133)&#xD;
	at com.kms.katalon.core.main.TestSuiteExecutor.accessTestSuiteMainPhase(TestSuiteExecutor.java:116)&#xD;
	at com.kms.katalon.core.main.TestSuiteExecutor.execute(TestSuiteExecutor.java:83)&#xD;
	at com.kms.katalon.core.main.TestCaseMain.startTestSuite(TestCaseMain.java:157)&#xD;
	at com.kms.katalon.core.main.TestCaseMain$startTestSuite$0.call(Unknown Source)&#xD;
	at TempTestSuite1566900409643.run(TempTestSuite1566900409643.groovy:35)</system-err>
        </testcase>
        <testcase name="Test Cases/AlterationScoringRuleApps/Financial Non Employee/Non Ultimate/FE4/TC-2 IDR FE4" classname="Test Cases/AlterationScoringRuleApps/Financial Non Employee/Non Ultimate/FE4/TC-2 IDR FE4" status="ERROR">
            <error type="ERROR" message="Test Cases/AlterationScoringRuleApps/Financial Non Employee/Non Ultimate/FE4/TC-2 IDR FE4 FAILED.&#xA;Reason:&#xA;java.lang.NullPointerException: Cannot get property 'description' on null object&#xD;&#xA;&#x9;at TC-2 IDR FE4.run(TC-2 IDR FE4:30)&#xD;&#xA;&#x9;at com.kms.katalon.core.main.ScriptEngine.run(ScriptEngine.java:194)&#xD;&#xA;&#x9;at com.kms.katalon.core.main.ScriptEngine.runScriptAsRawText(ScriptEngine.java:119)&#xD;&#xA;&#x9;at com.kms.katalon.core.main.TestCaseExecutor.runScript(TestCaseExecutor.java:337)&#xD;&#xA;&#x9;at com.kms.katalon.core.main.TestCaseExecutor.doExecute(TestCaseExecutor.java:328)&#xD;&#xA;&#x9;at com.kms.katalon.core.main.TestCaseExecutor.processExecutionPhase(TestCaseExecutor.java:307)&#xD;&#xA;&#x9;at com.kms.katalon.core.main.TestCaseExecutor.accessMainPhase(TestCaseExecutor.java:299)&#xD;&#xA;&#x9;at com.kms.katalon.core.main.TestCaseExecutor.execute(TestCaseExecutor.java:233)&#xD;&#xA;&#x9;at com.kms.katalon.core.main.TestSuiteExecutor.accessTestCaseMainPhase(TestSuiteExecutor.java:133)&#xD;&#xA;&#x9;at com.kms.katalon.core.main.TestSuiteExecutor.accessTestSuiteMainPhase(TestSuiteExecutor.java:116)&#xD;&#xA;&#x9;at com.kms.katalon.core.main.TestSuiteExecutor.execute(TestSuiteExecutor.java:83)&#xD;&#xA;&#x9;at com.kms.katalon.core.main.TestCaseMain.startTestSuite(TestCaseMain.java:157)&#xD;&#xA;&#x9;at com.kms.katalon.core.main.TestCaseMain$startTestSuite$0.call(Unknown Source)&#xD;&#xA;&#x9;at TempTestSuite1566900409643.run(TempTestSuite1566900409643.groovy:35)&#xD;&#xA;"/>
            <system-out>2019-08-27 17:07:13 - [TEST_CASE][ERROR] - Test Cases/AlterationScoringRuleApps/Financial Non Employee/Non Ultimate/FE4/TC-2 IDR FE4: Test Cases/AlterationScoringRuleApps/Financial Non Employee/Non Ultimate/FE4/TC-2 IDR FE4 FAILED.
Reason:
java.lang.NullPointerException: Cannot get property 'description' on null object&#xD;
	at TC-2 IDR FE4.run(TC-2 IDR FE4:30)&#xD;
	at com.kms.katalon.core.main.ScriptEngine.run(ScriptEngine.java:194)&#xD;
	at com.kms.katalon.core.main.ScriptEngine.runScriptAsRawText(ScriptEngine.java:119)&#xD;
	at com.kms.katalon.core.main.TestCaseExecutor.runScript(TestCaseExecutor.java:337)&#xD;
	at com.kms.katalon.core.main.TestCaseExecutor.doExecute(TestCaseExecutor.java:328)&#xD;
	at com.kms.katalon.core.main.TestCaseExecutor.processExecutionPhase(TestCaseExecutor.java:307)&#xD;
	at com.kms.katalon.core.main.TestCaseExecutor.accessMainPhase(TestCaseExecutor.java:299)&#xD;
	at com.kms.katalon.core.main.TestCaseExecutor.execute(TestCaseExecutor.java:233)&#xD;
	at com.kms.katalon.core.main.TestSuiteExecutor.accessTestCaseMainPhase(TestSuiteExecutor.java:133)&#xD;
	at com.kms.katalon.core.main.TestSuiteExecutor.accessTestSuiteMainPhase(TestSuiteExecutor.java:116)&#xD;
	at com.kms.katalon.core.main.TestSuiteExecutor.execute(TestSuiteExecutor.java:83)&#xD;
	at com.kms.katalon.core.main.TestCaseMain.startTestSuite(TestCaseMain.java:157)&#xD;
	at com.kms.katalon.core.main.TestCaseMain$startTestSuite$0.call(Unknown Source)&#xD;
	at TempTestSuite1566900409643.run(TempTestSuite1566900409643.groovy:35)&#xD;
&#xD;
&#xD;
2019-08-27 17:07:14 - [TEST_STEP][PASSED] - random = new java.util.Random(): null&#xD;
&#xD;
2019-08-27 17:07:14 - [TEST_STEP][PASSED] - compareHighestValueFsaDeathVsAddccMax = 15000000000: null&#xD;
&#xD;
2019-08-27 17:07:14 - [TEST_STEP][PASSED] - compareHighestValueFsaDeathVsAddccMin = 5000000001: null&#xD;
&#xD;
2019-08-27 17:07:14 - [TEST_STEP][PASSED] - compareHighestValueFsaDeathVsAddcc = random.nextInt(compareHighestValueFsaDeathVsAddccMax - compareHighestValueFsaDeathVsAddccMin) + compareHighestValueFsaDeathVsAddccMin: null&#xD;
&#xD;
2019-08-27 17:07:14 - [TEST_STEP][PASSED] - println(compareHighestValueFsaDeathVsAddcc): null&#xD;
&#xD;
2019-08-27 17:07:14 - [TEST_STEP][PASSED] - comment("Send request"): Send request&#xD;
&#xD;
2019-08-27 17:07:14 - [MESSAGE][INFO] - Send request&#xD;
&#xD;
2019-08-27 17:07:14 - [TEST_STEP][PASSED] - response = sendRequest(findTestObject("AlterationScoringRuleApps/Financial Non Employee/Non Ultimate/Object Request", ["transactionType":transactionType, "role":role, "increasingFsaFlag":increasingFsaFlag, "pecFlag":pecFlag, "occupationCode":occupationCode, ... ])): Send request successfully&#xD;
&#xD;
2019-08-27 17:07:14 - [MESSAGE][INFO] - HAR: C:\SURYAPURBA\PHS\PHS-BRMS\Reports\FinancialNonEmployee_NonUltimate\20190827_170649\requests\main\27.har&#xD;
&#xD;
2019-08-27 17:07:14 - [MESSAGE][PASSED] - Send request successfully&#xD;
&#xD;
2019-08-27 17:07:14 - [TEST_STEP][PASSED] - slurper = new groovy.json.JsonSlurper(): null&#xD;
&#xD;
2019-08-27 17:07:14 - [TEST_STEP][PASSED] - parseResponse = slurper.parseText(response.getResponseText()): null&#xD;
&#xD;
2019-08-27 17:07:14 - [TEST_STEP][PASSED] - println(parseResponse): null&#xD;
&#xD;
2019-08-27 17:07:14 - [TEST_STEP][PASSED] - attributes = evidenceCode: null&#xD;
&#xD;
2019-08-27 17:07:14 - [TEST_STEP][PASSED] - println(attributes): null&#xD;
&#xD;
2019-08-27 17:07:14 - [TEST_STEP][PASSED] - expected = description == "Butuh LSAR, ABR": null&#xD;
&#xD;
2019-08-27 17:07:14 - [TEST_STEP][PASSED] - Start listener action : sampleAfterTestCase: null</system-out>
            <system-err>2019-08-27 17:07:13 - [TEST_CASE][ERROR] - Test Cases/AlterationScoringRuleApps/Financial Non Employee/Non Ultimate/FE4/TC-2 IDR FE4: Test Cases/AlterationScoringRuleApps/Financial Non Employee/Non Ultimate/FE4/TC-2 IDR FE4 FAILED.
Reason:
java.lang.NullPointerException: Cannot get property 'description' on null object&#xD;
	at TC-2 IDR FE4.run(TC-2 IDR FE4:30)&#xD;
	at com.kms.katalon.core.main.ScriptEngine.run(ScriptEngine.java:194)&#xD;
	at com.kms.katalon.core.main.ScriptEngine.runScriptAsRawText(ScriptEngine.java:119)&#xD;
	at com.kms.katalon.core.main.TestCaseExecutor.runScript(TestCaseExecutor.java:337)&#xD;
	at com.kms.katalon.core.main.TestCaseExecutor.doExecute(TestCaseExecutor.java:328)&#xD;
	at com.kms.katalon.core.main.TestCaseExecutor.processExecutionPhase(TestCaseExecutor.java:307)&#xD;
	at com.kms.katalon.core.main.TestCaseExecutor.accessMainPhase(TestCaseExecutor.java:299)&#xD;
	at com.kms.katalon.core.main.TestCaseExecutor.execute(TestCaseExecutor.java:233)&#xD;
	at com.kms.katalon.core.main.TestSuiteExecutor.accessTestCaseMainPhase(TestSuiteExecutor.java:133)&#xD;
	at com.kms.katalon.core.main.TestSuiteExecutor.accessTestSuiteMainPhase(TestSuiteExecutor.java:116)&#xD;
	at com.kms.katalon.core.main.TestSuiteExecutor.execute(TestSuiteExecutor.java:83)&#xD;
	at com.kms.katalon.core.main.TestCaseMain.startTestSuite(TestCaseMain.java:157)&#xD;
	at com.kms.katalon.core.main.TestCaseMain$startTestSuite$0.call(Unknown Source)&#xD;
	at TempTestSuite1566900409643.run(TempTestSuite1566900409643.groovy:35)</system-err>
        </testcase>
        <testcase name="Test Cases/AlterationScoringRuleApps/Financial Non Employee/Non Ultimate/FE4/TC-2 IDR FE4" classname="Test Cases/AlterationScoringRuleApps/Financial Non Employee/Non Ultimate/FE4/TC-2 IDR FE4" status="ERROR">
            <error type="ERROR" message="Test Cases/AlterationScoringRuleApps/Financial Non Employee/Non Ultimate/FE4/TC-2 IDR FE4 FAILED.&#xA;Reason:&#xA;java.lang.NullPointerException: Cannot get property 'description' on null object&#xD;&#xA;&#x9;at TC-2 IDR FE4.run(TC-2 IDR FE4:30)&#xD;&#xA;&#x9;at com.kms.katalon.core.main.ScriptEngine.run(ScriptEngine.java:194)&#xD;&#xA;&#x9;at com.kms.katalon.core.main.ScriptEngine.runScriptAsRawText(ScriptEngine.java:119)&#xD;&#xA;&#x9;at com.kms.katalon.core.main.TestCaseExecutor.runScript(TestCaseExecutor.java:337)&#xD;&#xA;&#x9;at com.kms.katalon.core.main.TestCaseExecutor.doExecute(TestCaseExecutor.java:328)&#xD;&#xA;&#x9;at com.kms.katalon.core.main.TestCaseExecutor.processExecutionPhase(TestCaseExecutor.java:307)&#xD;&#xA;&#x9;at com.kms.katalon.core.main.TestCaseExecutor.accessMainPhase(TestCaseExecutor.java:299)&#xD;&#xA;&#x9;at com.kms.katalon.core.main.TestCaseExecutor.execute(TestCaseExecutor.java:233)&#xD;&#xA;&#x9;at com.kms.katalon.core.main.TestSuiteExecutor.accessTestCaseMainPhase(TestSuiteExecutor.java:133)&#xD;&#xA;&#x9;at com.kms.katalon.core.main.TestSuiteExecutor.accessTestSuiteMainPhase(TestSuiteExecutor.java:116)&#xD;&#xA;&#x9;at com.kms.katalon.core.main.TestSuiteExecutor.execute(TestSuiteExecutor.java:83)&#xD;&#xA;&#x9;at com.kms.katalon.core.main.TestCaseMain.startTestSuite(TestCaseMain.java:157)&#xD;&#xA;&#x9;at com.kms.katalon.core.main.TestCaseMain$startTestSuite$0.call(Unknown Source)&#xD;&#xA;&#x9;at TempTestSuite1566900409643.run(TempTestSuite1566900409643.groovy:35)&#xD;&#xA;"/>
            <system-out>2019-08-27 17:07:14 - [TEST_CASE][ERROR] - Test Cases/AlterationScoringRuleApps/Financial Non Employee/Non Ultimate/FE4/TC-2 IDR FE4: Test Cases/AlterationScoringRuleApps/Financial Non Employee/Non Ultimate/FE4/TC-2 IDR FE4 FAILED.
Reason:
java.lang.NullPointerException: Cannot get property 'description' on null object&#xD;
	at TC-2 IDR FE4.run(TC-2 IDR FE4:30)&#xD;
	at com.kms.katalon.core.main.ScriptEngine.run(ScriptEngine.java:194)&#xD;
	at com.kms.katalon.core.main.ScriptEngine.runScriptAsRawText(ScriptEngine.java:119)&#xD;
	at com.kms.katalon.core.main.TestCaseExecutor.runScript(TestCaseExecutor.java:337)&#xD;
	at com.kms.katalon.core.main.TestCaseExecutor.doExecute(TestCaseExecutor.java:328)&#xD;
	at com.kms.katalon.core.main.TestCaseExecutor.processExecutionPhase(TestCaseExecutor.java:307)&#xD;
	at com.kms.katalon.core.main.TestCaseExecutor.accessMainPhase(TestCaseExecutor.java:299)&#xD;
	at com.kms.katalon.core.main.TestCaseExecutor.execute(TestCaseExecutor.java:233)&#xD;
	at com.kms.katalon.core.main.TestSuiteExecutor.accessTestCaseMainPhase(TestSuiteExecutor.java:133)&#xD;
	at com.kms.katalon.core.main.TestSuiteExecutor.accessTestSuiteMainPhase(TestSuiteExecutor.java:116)&#xD;
	at com.kms.katalon.core.main.TestSuiteExecutor.execute(TestSuiteExecutor.java:83)&#xD;
	at com.kms.katalon.core.main.TestCaseMain.startTestSuite(TestCaseMain.java:157)&#xD;
	at com.kms.katalon.core.main.TestCaseMain$startTestSuite$0.call(Unknown Source)&#xD;
	at TempTestSuite1566900409643.run(TempTestSuite1566900409643.groovy:35)&#xD;
&#xD;
&#xD;
2019-08-27 17:07:14 - [TEST_STEP][PASSED] - random = new java.util.Random(): null&#xD;
&#xD;
2019-08-27 17:07:14 - [TEST_STEP][PASSED] - compareHighestValueFsaDeathVsAddccMax = 15000000000: null&#xD;
&#xD;
2019-08-27 17:07:14 - [TEST_STEP][PASSED] - compareHighestValueFsaDeathVsAddccMin = 5000000001: null&#xD;
&#xD;
2019-08-27 17:07:14 - [TEST_STEP][PASSED] - compareHighestValueFsaDeathVsAddcc = random.nextInt(compareHighestValueFsaDeathVsAddccMax - compareHighestValueFsaDeathVsAddccMin) + compareHighestValueFsaDeathVsAddccMin: null&#xD;
&#xD;
2019-08-27 17:07:14 - [TEST_STEP][PASSED] - println(compareHighestValueFsaDeathVsAddcc): null&#xD;
&#xD;
2019-08-27 17:07:14 - [TEST_STEP][PASSED] - comment("Send request"): Send request&#xD;
&#xD;
2019-08-27 17:07:14 - [MESSAGE][INFO] - Send request&#xD;
&#xD;
2019-08-27 17:07:14 - [TEST_STEP][PASSED] - response = sendRequest(findTestObject("AlterationScoringRuleApps/Financial Non Employee/Non Ultimate/Object Request", ["transactionType":transactionType, "role":role, "increasingFsaFlag":increasingFsaFlag, "pecFlag":pecFlag, "occupationCode":occupationCode, ... ])): Send request successfully&#xD;
&#xD;
2019-08-27 17:07:15 - [MESSAGE][INFO] - HAR: C:\SURYAPURBA\PHS\PHS-BRMS\Reports\FinancialNonEmployee_NonUltimate\20190827_170649\requests\main\28.har&#xD;
&#xD;
2019-08-27 17:07:15 - [MESSAGE][PASSED] - Send request successfully&#xD;
&#xD;
2019-08-27 17:07:15 - [TEST_STEP][PASSED] - slurper = new groovy.json.JsonSlurper(): null&#xD;
&#xD;
2019-08-27 17:07:15 - [TEST_STEP][PASSED] - parseResponse = slurper.parseText(response.getResponseText()): null&#xD;
&#xD;
2019-08-27 17:07:15 - [TEST_STEP][PASSED] - println(parseResponse): null&#xD;
&#xD;
2019-08-27 17:07:15 - [TEST_STEP][PASSED] - attributes = evidenceCode: null&#xD;
&#xD;
2019-08-27 17:07:15 - [TEST_STEP][PASSED] - println(attributes): null&#xD;
&#xD;
2019-08-27 17:07:15 - [TEST_STEP][PASSED] - expected = description == "Butuh LSAR, ABR": null&#xD;
&#xD;
2019-08-27 17:07:15 - [TEST_STEP][PASSED] - Start listener action : sampleAfterTestCase: null</system-out>
            <system-err>2019-08-27 17:07:14 - [TEST_CASE][ERROR] - Test Cases/AlterationScoringRuleApps/Financial Non Employee/Non Ultimate/FE4/TC-2 IDR FE4: Test Cases/AlterationScoringRuleApps/Financial Non Employee/Non Ultimate/FE4/TC-2 IDR FE4 FAILED.
Reason:
java.lang.NullPointerException: Cannot get property 'description' on null object&#xD;
	at TC-2 IDR FE4.run(TC-2 IDR FE4:30)&#xD;
	at com.kms.katalon.core.main.ScriptEngine.run(ScriptEngine.java:194)&#xD;
	at com.kms.katalon.core.main.ScriptEngine.runScriptAsRawText(ScriptEngine.java:119)&#xD;
	at com.kms.katalon.core.main.TestCaseExecutor.runScript(TestCaseExecutor.java:337)&#xD;
	at com.kms.katalon.core.main.TestCaseExecutor.doExecute(TestCaseExecutor.java:328)&#xD;
	at com.kms.katalon.core.main.TestCaseExecutor.processExecutionPhase(TestCaseExecutor.java:307)&#xD;
	at com.kms.katalon.core.main.TestCaseExecutor.accessMainPhase(TestCaseExecutor.java:299)&#xD;
	at com.kms.katalon.core.main.TestCaseExecutor.execute(TestCaseExecutor.java:233)&#xD;
	at com.kms.katalon.core.main.TestSuiteExecutor.accessTestCaseMainPhase(TestSuiteExecutor.java:133)&#xD;
	at com.kms.katalon.core.main.TestSuiteExecutor.accessTestSuiteMainPhase(TestSuiteExecutor.java:116)&#xD;
	at com.kms.katalon.core.main.TestSuiteExecutor.execute(TestSuiteExecutor.java:83)&#xD;
	at com.kms.katalon.core.main.TestCaseMain.startTestSuite(TestCaseMain.java:157)&#xD;
	at com.kms.katalon.core.main.TestCaseMain$startTestSuite$0.call(Unknown Source)&#xD;
	at TempTestSuite1566900409643.run(TempTestSuite1566900409643.groovy:35)</system-err>
        </testcase>
        <testcase name="Test Cases/AlterationScoringRuleApps/Financial Non Employee/Non Ultimate/FE4/TC-2 IDR FE4" classname="Test Cases/AlterationScoringRuleApps/Financial Non Employee/Non Ultimate/FE4/TC-2 IDR FE4" status="ERROR">
            <error type="ERROR" message="Test Cases/AlterationScoringRuleApps/Financial Non Employee/Non Ultimate/FE4/TC-2 IDR FE4 FAILED.&#xA;Reason:&#xA;java.lang.NullPointerException: Cannot get property 'description' on null object&#xD;&#xA;&#x9;at TC-2 IDR FE4.run(TC-2 IDR FE4:30)&#xD;&#xA;&#x9;at com.kms.katalon.core.main.ScriptEngine.run(ScriptEngine.java:194)&#xD;&#xA;&#x9;at com.kms.katalon.core.main.ScriptEngine.runScriptAsRawText(ScriptEngine.java:119)&#xD;&#xA;&#x9;at com.kms.katalon.core.main.TestCaseExecutor.runScript(TestCaseExecutor.java:337)&#xD;&#xA;&#x9;at com.kms.katalon.core.main.TestCaseExecutor.doExecute(TestCaseExecutor.java:328)&#xD;&#xA;&#x9;at com.kms.katalon.core.main.TestCaseExecutor.processExecutionPhase(TestCaseExecutor.java:307)&#xD;&#xA;&#x9;at com.kms.katalon.core.main.TestCaseExecutor.accessMainPhase(TestCaseExecutor.java:299)&#xD;&#xA;&#x9;at com.kms.katalon.core.main.TestCaseExecutor.execute(TestCaseExecutor.java:233)&#xD;&#xA;&#x9;at com.kms.katalon.core.main.TestSuiteExecutor.accessTestCaseMainPhase(TestSuiteExecutor.java:133)&#xD;&#xA;&#x9;at com.kms.katalon.core.main.TestSuiteExecutor.accessTestSuiteMainPhase(TestSuiteExecutor.java:116)&#xD;&#xA;&#x9;at com.kms.katalon.core.main.TestSuiteExecutor.execute(TestSuiteExecutor.java:83)&#xD;&#xA;&#x9;at com.kms.katalon.core.main.TestCaseMain.startTestSuite(TestCaseMain.java:157)&#xD;&#xA;&#x9;at com.kms.katalon.core.main.TestCaseMain$startTestSuite$0.call(Unknown Source)&#xD;&#xA;&#x9;at TempTestSuite1566900409643.run(TempTestSuite1566900409643.groovy:35)&#xD;&#xA;"/>
            <system-out>2019-08-27 17:07:15 - [TEST_CASE][ERROR] - Test Cases/AlterationScoringRuleApps/Financial Non Employee/Non Ultimate/FE4/TC-2 IDR FE4: Test Cases/AlterationScoringRuleApps/Financial Non Employee/Non Ultimate/FE4/TC-2 IDR FE4 FAILED.
Reason:
java.lang.NullPointerException: Cannot get property 'description' on null object&#xD;
	at TC-2 IDR FE4.run(TC-2 IDR FE4:30)&#xD;
	at com.kms.katalon.core.main.ScriptEngine.run(ScriptEngine.java:194)&#xD;
	at com.kms.katalon.core.main.ScriptEngine.runScriptAsRawText(ScriptEngine.java:119)&#xD;
	at com.kms.katalon.core.main.TestCaseExecutor.runScript(TestCaseExecutor.java:337)&#xD;
	at com.kms.katalon.core.main.TestCaseExecutor.doExecute(TestCaseExecutor.java:328)&#xD;
	at com.kms.katalon.core.main.TestCaseExecutor.processExecutionPhase(TestCaseExecutor.java:307)&#xD;
	at com.kms.katalon.core.main.TestCaseExecutor.accessMainPhase(TestCaseExecutor.java:299)&#xD;
	at com.kms.katalon.core.main.TestCaseExecutor.execute(TestCaseExecutor.java:233)&#xD;
	at com.kms.katalon.core.main.TestSuiteExecutor.accessTestCaseMainPhase(TestSuiteExecutor.java:133)&#xD;
	at com.kms.katalon.core.main.TestSuiteExecutor.accessTestSuiteMainPhase(TestSuiteExecutor.java:116)&#xD;
	at com.kms.katalon.core.main.TestSuiteExecutor.execute(TestSuiteExecutor.java:83)&#xD;
	at com.kms.katalon.core.main.TestCaseMain.startTestSuite(TestCaseMain.java:157)&#xD;
	at com.kms.katalon.core.main.TestCaseMain$startTestSuite$0.call(Unknown Source)&#xD;
	at TempTestSuite1566900409643.run(TempTestSuite1566900409643.groovy:35)&#xD;
&#xD;
&#xD;
2019-08-27 17:07:15 - [TEST_STEP][PASSED] - random = new java.util.Random(): null&#xD;
&#xD;
2019-08-27 17:07:15 - [TEST_STEP][PASSED] - compareHighestValueFsaDeathVsAddccMax = 15000000000: null&#xD;
&#xD;
2019-08-27 17:07:15 - [TEST_STEP][PASSED] - compareHighestValueFsaDeathVsAddccMin = 5000000001: null&#xD;
&#xD;
2019-08-27 17:07:15 - [TEST_STEP][PASSED] - compareHighestValueFsaDeathVsAddcc = random.nextInt(compareHighestValueFsaDeathVsAddccMax - compareHighestValueFsaDeathVsAddccMin) + compareHighestValueFsaDeathVsAddccMin: null&#xD;
&#xD;
2019-08-27 17:07:15 - [TEST_STEP][PASSED] - println(compareHighestValueFsaDeathVsAddcc): null&#xD;
&#xD;
2019-08-27 17:07:15 - [TEST_STEP][PASSED] - comment("Send request"): Send request&#xD;
&#xD;
2019-08-27 17:07:15 - [MESSAGE][INFO] - Send request&#xD;
&#xD;
2019-08-27 17:07:15 - [TEST_STEP][PASSED] - response = sendRequest(findTestObject("AlterationScoringRuleApps/Financial Non Employee/Non Ultimate/Object Request", ["transactionType":transactionType, "role":role, "increasingFsaFlag":increasingFsaFlag, "pecFlag":pecFlag, "occupationCode":occupationCode, ... ])): Send request successfully&#xD;
&#xD;
2019-08-27 17:07:15 - [MESSAGE][INFO] - HAR: C:\SURYAPURBA\PHS\PHS-BRMS\Reports\FinancialNonEmployee_NonUltimate\20190827_170649\requests\main\29.har&#xD;
&#xD;
2019-08-27 17:07:16 - [MESSAGE][PASSED] - Send request successfully&#xD;
&#xD;
2019-08-27 17:07:16 - [TEST_STEP][PASSED] - slurper = new groovy.json.JsonSlurper(): null&#xD;
&#xD;
2019-08-27 17:07:16 - [TEST_STEP][PASSED] - parseResponse = slurper.parseText(response.getResponseText()): null&#xD;
&#xD;
2019-08-27 17:07:16 - [TEST_STEP][PASSED] - println(parseResponse): null&#xD;
&#xD;
2019-08-27 17:07:16 - [TEST_STEP][PASSED] - attributes = evidenceCode: null&#xD;
&#xD;
2019-08-27 17:07:16 - [TEST_STEP][PASSED] - println(attributes): null&#xD;
&#xD;
2019-08-27 17:07:16 - [TEST_STEP][PASSED] - expected = description == "Butuh LSAR, ABR": null&#xD;
&#xD;
2019-08-27 17:07:16 - [TEST_STEP][PASSED] - Start listener action : sampleAfterTestCase: null</system-out>
            <system-err>2019-08-27 17:07:15 - [TEST_CASE][ERROR] - Test Cases/AlterationScoringRuleApps/Financial Non Employee/Non Ultimate/FE4/TC-2 IDR FE4: Test Cases/AlterationScoringRuleApps/Financial Non Employee/Non Ultimate/FE4/TC-2 IDR FE4 FAILED.
Reason:
java.lang.NullPointerException: Cannot get property 'description' on null object&#xD;
	at TC-2 IDR FE4.run(TC-2 IDR FE4:30)&#xD;
	at com.kms.katalon.core.main.ScriptEngine.run(ScriptEngine.java:194)&#xD;
	at com.kms.katalon.core.main.ScriptEngine.runScriptAsRawText(ScriptEngine.java:119)&#xD;
	at com.kms.katalon.core.main.TestCaseExecutor.runScript(TestCaseExecutor.java:337)&#xD;
	at com.kms.katalon.core.main.TestCaseExecutor.doExecute(TestCaseExecutor.java:328)&#xD;
	at com.kms.katalon.core.main.TestCaseExecutor.processExecutionPhase(TestCaseExecutor.java:307)&#xD;
	at com.kms.katalon.core.main.TestCaseExecutor.accessMainPhase(TestCaseExecutor.java:299)&#xD;
	at com.kms.katalon.core.main.TestCaseExecutor.execute(TestCaseExecutor.java:233)&#xD;
	at com.kms.katalon.core.main.TestSuiteExecutor.accessTestCaseMainPhase(TestSuiteExecutor.java:133)&#xD;
	at com.kms.katalon.core.main.TestSuiteExecutor.accessTestSuiteMainPhase(TestSuiteExecutor.java:116)&#xD;
	at com.kms.katalon.core.main.TestSuiteExecutor.execute(TestSuiteExecutor.java:83)&#xD;
	at com.kms.katalon.core.main.TestCaseMain.startTestSuite(TestCaseMain.java:157)&#xD;
	at com.kms.katalon.core.main.TestCaseMain$startTestSuite$0.call(Unknown Source)&#xD;
	at TempTestSuite1566900409643.run(TempTestSuite1566900409643.groovy:35)</system-err>
        </testcase>
        <testcase name="Test Cases/AlterationScoringRuleApps/Financial Non Employee/Non Ultimate/FE4/TC-2 IDR FE4" classname="Test Cases/AlterationScoringRuleApps/Financial Non Employee/Non Ultimate/FE4/TC-2 IDR FE4" status="ERROR">
            <error type="ERROR" message="Test Cases/AlterationScoringRuleApps/Financial Non Employee/Non Ultimate/FE4/TC-2 IDR FE4 FAILED.&#xA;Reason:&#xA;java.lang.NullPointerException: Cannot get property 'description' on null object&#xD;&#xA;&#x9;at TC-2 IDR FE4.run(TC-2 IDR FE4:30)&#xD;&#xA;&#x9;at com.kms.katalon.core.main.ScriptEngine.run(ScriptEngine.java:194)&#xD;&#xA;&#x9;at com.kms.katalon.core.main.ScriptEngine.runScriptAsRawText(ScriptEngine.java:119)&#xD;&#xA;&#x9;at com.kms.katalon.core.main.TestCaseExecutor.runScript(TestCaseExecutor.java:337)&#xD;&#xA;&#x9;at com.kms.katalon.core.main.TestCaseExecutor.doExecute(TestCaseExecutor.java:328)&#xD;&#xA;&#x9;at com.kms.katalon.core.main.TestCaseExecutor.processExecutionPhase(TestCaseExecutor.java:307)&#xD;&#xA;&#x9;at com.kms.katalon.core.main.TestCaseExecutor.accessMainPhase(TestCaseExecutor.java:299)&#xD;&#xA;&#x9;at com.kms.katalon.core.main.TestCaseExecutor.execute(TestCaseExecutor.java:233)&#xD;&#xA;&#x9;at com.kms.katalon.core.main.TestSuiteExecutor.accessTestCaseMainPhase(TestSuiteExecutor.java:133)&#xD;&#xA;&#x9;at com.kms.katalon.core.main.TestSuiteExecutor.accessTestSuiteMainPhase(TestSuiteExecutor.java:116)&#xD;&#xA;&#x9;at com.kms.katalon.core.main.TestSuiteExecutor.execute(TestSuiteExecutor.java:83)&#xD;&#xA;&#x9;at com.kms.katalon.core.main.TestCaseMain.startTestSuite(TestCaseMain.java:157)&#xD;&#xA;&#x9;at com.kms.katalon.core.main.TestCaseMain$startTestSuite$0.call(Unknown Source)&#xD;&#xA;&#x9;at TempTestSuite1566900409643.run(TempTestSuite1566900409643.groovy:35)&#xD;&#xA;"/>
            <system-out>2019-08-27 17:07:16 - [TEST_CASE][ERROR] - Test Cases/AlterationScoringRuleApps/Financial Non Employee/Non Ultimate/FE4/TC-2 IDR FE4: Test Cases/AlterationScoringRuleApps/Financial Non Employee/Non Ultimate/FE4/TC-2 IDR FE4 FAILED.
Reason:
java.lang.NullPointerException: Cannot get property 'description' on null object&#xD;
	at TC-2 IDR FE4.run(TC-2 IDR FE4:30)&#xD;
	at com.kms.katalon.core.main.ScriptEngine.run(ScriptEngine.java:194)&#xD;
	at com.kms.katalon.core.main.ScriptEngine.runScriptAsRawText(ScriptEngine.java:119)&#xD;
	at com.kms.katalon.core.main.TestCaseExecutor.runScript(TestCaseExecutor.java:337)&#xD;
	at com.kms.katalon.core.main.TestCaseExecutor.doExecute(TestCaseExecutor.java:328)&#xD;
	at com.kms.katalon.core.main.TestCaseExecutor.processExecutionPhase(TestCaseExecutor.java:307)&#xD;
	at com.kms.katalon.core.main.TestCaseExecutor.accessMainPhase(TestCaseExecutor.java:299)&#xD;
	at com.kms.katalon.core.main.TestCaseExecutor.execute(TestCaseExecutor.java:233)&#xD;
	at com.kms.katalon.core.main.TestSuiteExecutor.accessTestCaseMainPhase(TestSuiteExecutor.java:133)&#xD;
	at com.kms.katalon.core.main.TestSuiteExecutor.accessTestSuiteMainPhase(TestSuiteExecutor.java:116)&#xD;
	at com.kms.katalon.core.main.TestSuiteExecutor.execute(TestSuiteExecutor.java:83)&#xD;
	at com.kms.katalon.core.main.TestCaseMain.startTestSuite(TestCaseMain.java:157)&#xD;
	at com.kms.katalon.core.main.TestCaseMain$startTestSuite$0.call(Unknown Source)&#xD;
	at TempTestSuite1566900409643.run(TempTestSuite1566900409643.groovy:35)&#xD;
&#xD;
&#xD;
2019-08-27 17:07:16 - [TEST_STEP][PASSED] - random = new java.util.Random(): null&#xD;
&#xD;
2019-08-27 17:07:16 - [TEST_STEP][PASSED] - compareHighestValueFsaDeathVsAddccMax = 15000000000: null&#xD;
&#xD;
2019-08-27 17:07:16 - [TEST_STEP][PASSED] - compareHighestValueFsaDeathVsAddccMin = 5000000001: null&#xD;
&#xD;
2019-08-27 17:07:16 - [TEST_STEP][PASSED] - compareHighestValueFsaDeathVsAddcc = random.nextInt(compareHighestValueFsaDeathVsAddccMax - compareHighestValueFsaDeathVsAddccMin) + compareHighestValueFsaDeathVsAddccMin: null&#xD;
&#xD;
2019-08-27 17:07:16 - [TEST_STEP][PASSED] - println(compareHighestValueFsaDeathVsAddcc): null&#xD;
&#xD;
2019-08-27 17:07:16 - [TEST_STEP][PASSED] - comment("Send request"): Send request&#xD;
&#xD;
2019-08-27 17:07:16 - [MESSAGE][INFO] - Send request&#xD;
&#xD;
2019-08-27 17:07:16 - [TEST_STEP][PASSED] - response = sendRequest(findTestObject("AlterationScoringRuleApps/Financial Non Employee/Non Ultimate/Object Request", ["transactionType":transactionType, "role":role, "increasingFsaFlag":increasingFsaFlag, "pecFlag":pecFlag, "occupationCode":occupationCode, ... ])): Send request successfully&#xD;
&#xD;
2019-08-27 17:07:16 - [MESSAGE][INFO] - HAR: C:\SURYAPURBA\PHS\PHS-BRMS\Reports\FinancialNonEmployee_NonUltimate\20190827_170649\requests\main\30.har&#xD;
&#xD;
2019-08-27 17:07:16 - [MESSAGE][PASSED] - Send request successfully&#xD;
&#xD;
2019-08-27 17:07:16 - [TEST_STEP][PASSED] - slurper = new groovy.json.JsonSlurper(): null&#xD;
&#xD;
2019-08-27 17:07:16 - [TEST_STEP][PASSED] - parseResponse = slurper.parseText(response.getResponseText()): null&#xD;
&#xD;
2019-08-27 17:07:17 - [TEST_STEP][PASSED] - println(parseResponse): null&#xD;
&#xD;
2019-08-27 17:07:17 - [TEST_STEP][PASSED] - attributes = evidenceCode: null&#xD;
&#xD;
2019-08-27 17:07:17 - [TEST_STEP][PASSED] - println(attributes): null&#xD;
&#xD;
2019-08-27 17:07:17 - [TEST_STEP][PASSED] - expected = description == "Butuh LSAR, ABR": null&#xD;
&#xD;
2019-08-27 17:07:17 - [TEST_STEP][PASSED] - Start listener action : sampleAfterTestCase: null</system-out>
            <system-err>2019-08-27 17:07:16 - [TEST_CASE][ERROR] - Test Cases/AlterationScoringRuleApps/Financial Non Employee/Non Ultimate/FE4/TC-2 IDR FE4: Test Cases/AlterationScoringRuleApps/Financial Non Employee/Non Ultimate/FE4/TC-2 IDR FE4 FAILED.
Reason:
java.lang.NullPointerException: Cannot get property 'description' on null object&#xD;
	at TC-2 IDR FE4.run(TC-2 IDR FE4:30)&#xD;
	at com.kms.katalon.core.main.ScriptEngine.run(ScriptEngine.java:194)&#xD;
	at com.kms.katalon.core.main.ScriptEngine.runScriptAsRawText(ScriptEngine.java:119)&#xD;
	at com.kms.katalon.core.main.TestCaseExecutor.runScript(TestCaseExecutor.java:337)&#xD;
	at com.kms.katalon.core.main.TestCaseExecutor.doExecute(TestCaseExecutor.java:328)&#xD;
	at com.kms.katalon.core.main.TestCaseExecutor.processExecutionPhase(TestCaseExecutor.java:307)&#xD;
	at com.kms.katalon.core.main.TestCaseExecutor.accessMainPhase(TestCaseExecutor.java:299)&#xD;
	at com.kms.katalon.core.main.TestCaseExecutor.execute(TestCaseExecutor.java:233)&#xD;
	at com.kms.katalon.core.main.TestSuiteExecutor.accessTestCaseMainPhase(TestSuiteExecutor.java:133)&#xD;
	at com.kms.katalon.core.main.TestSuiteExecutor.accessTestSuiteMainPhase(TestSuiteExecutor.java:116)&#xD;
	at com.kms.katalon.core.main.TestSuiteExecutor.execute(TestSuiteExecutor.java:83)&#xD;
	at com.kms.katalon.core.main.TestCaseMain.startTestSuite(TestCaseMain.java:157)&#xD;
	at com.kms.katalon.core.main.TestCaseMain$startTestSuite$0.call(Unknown Source)&#xD;
	at TempTestSuite1566900409643.run(TempTestSuite1566900409643.groovy:35)</system-err>
        </testcase>
        <testcase name="Test Cases/AlterationScoringRuleApps/Financial Non Employee/Non Ultimate/FE4/TC-2 IDR FE4" classname="Test Cases/AlterationScoringRuleApps/Financial Non Employee/Non Ultimate/FE4/TC-2 IDR FE4" status="ERROR">
            <error type="ERROR" message="Test Cases/AlterationScoringRuleApps/Financial Non Employee/Non Ultimate/FE4/TC-2 IDR FE4 FAILED.&#xA;Reason:&#xA;java.lang.NullPointerException: Cannot get property 'description' on null object&#xD;&#xA;&#x9;at TC-2 IDR FE4.run(TC-2 IDR FE4:30)&#xD;&#xA;&#x9;at com.kms.katalon.core.main.ScriptEngine.run(ScriptEngine.java:194)&#xD;&#xA;&#x9;at com.kms.katalon.core.main.ScriptEngine.runScriptAsRawText(ScriptEngine.java:119)&#xD;&#xA;&#x9;at com.kms.katalon.core.main.TestCaseExecutor.runScript(TestCaseExecutor.java:337)&#xD;&#xA;&#x9;at com.kms.katalon.core.main.TestCaseExecutor.doExecute(TestCaseExecutor.java:328)&#xD;&#xA;&#x9;at com.kms.katalon.core.main.TestCaseExecutor.processExecutionPhase(TestCaseExecutor.java:307)&#xD;&#xA;&#x9;at com.kms.katalon.core.main.TestCaseExecutor.accessMainPhase(TestCaseExecutor.java:299)&#xD;&#xA;&#x9;at com.kms.katalon.core.main.TestCaseExecutor.execute(TestCaseExecutor.java:233)&#xD;&#xA;&#x9;at com.kms.katalon.core.main.TestSuiteExecutor.accessTestCaseMainPhase(TestSuiteExecutor.java:133)&#xD;&#xA;&#x9;at com.kms.katalon.core.main.TestSuiteExecutor.accessTestSuiteMainPhase(TestSuiteExecutor.java:116)&#xD;&#xA;&#x9;at com.kms.katalon.core.main.TestSuiteExecutor.execute(TestSuiteExecutor.java:83)&#xD;&#xA;&#x9;at com.kms.katalon.core.main.TestCaseMain.startTestSuite(TestCaseMain.java:157)&#xD;&#xA;&#x9;at com.kms.katalon.core.main.TestCaseMain$startTestSuite$0.call(Unknown Source)&#xD;&#xA;&#x9;at TempTestSuite1566900409643.run(TempTestSuite1566900409643.groovy:35)&#xD;&#xA;"/>
            <system-out>2019-08-27 17:07:17 - [TEST_CASE][ERROR] - Test Cases/AlterationScoringRuleApps/Financial Non Employee/Non Ultimate/FE4/TC-2 IDR FE4: Test Cases/AlterationScoringRuleApps/Financial Non Employee/Non Ultimate/FE4/TC-2 IDR FE4 FAILED.
Reason:
java.lang.NullPointerException: Cannot get property 'description' on null object&#xD;
	at TC-2 IDR FE4.run(TC-2 IDR FE4:30)&#xD;
	at com.kms.katalon.core.main.ScriptEngine.run(ScriptEngine.java:194)&#xD;
	at com.kms.katalon.core.main.ScriptEngine.runScriptAsRawText(ScriptEngine.java:119)&#xD;
	at com.kms.katalon.core.main.TestCaseExecutor.runScript(TestCaseExecutor.java:337)&#xD;
	at com.kms.katalon.core.main.TestCaseExecutor.doExecute(TestCaseExecutor.java:328)&#xD;
	at com.kms.katalon.core.main.TestCaseExecutor.processExecutionPhase(TestCaseExecutor.java:307)&#xD;
	at com.kms.katalon.core.main.TestCaseExecutor.accessMainPhase(TestCaseExecutor.java:299)&#xD;
	at com.kms.katalon.core.main.TestCaseExecutor.execute(TestCaseExecutor.java:233)&#xD;
	at com.kms.katalon.core.main.TestSuiteExecutor.accessTestCaseMainPhase(TestSuiteExecutor.java:133)&#xD;
	at com.kms.katalon.core.main.TestSuiteExecutor.accessTestSuiteMainPhase(TestSuiteExecutor.java:116)&#xD;
	at com.kms.katalon.core.main.TestSuiteExecutor.execute(TestSuiteExecutor.java:83)&#xD;
	at com.kms.katalon.core.main.TestCaseMain.startTestSuite(TestCaseMain.java:157)&#xD;
	at com.kms.katalon.core.main.TestCaseMain$startTestSuite$0.call(Unknown Source)&#xD;
	at TempTestSuite1566900409643.run(TempTestSuite1566900409643.groovy:35)&#xD;
&#xD;
&#xD;
2019-08-27 17:07:18 - [TEST_STEP][PASSED] - random = new java.util.Random(): null&#xD;
&#xD;
2019-08-27 17:07:18 - [TEST_STEP][PASSED] - compareHighestValueFsaDeathVsAddccMax = 15000000000: null&#xD;
&#xD;
2019-08-27 17:07:18 - [TEST_STEP][PASSED] - compareHighestValueFsaDeathVsAddccMin = 5000000001: null&#xD;
&#xD;
2019-08-27 17:07:18 - [TEST_STEP][PASSED] - compareHighestValueFsaDeathVsAddcc = random.nextInt(compareHighestValueFsaDeathVsAddccMax - compareHighestValueFsaDeathVsAddccMin) + compareHighestValueFsaDeathVsAddccMin: null&#xD;
&#xD;
2019-08-27 17:07:18 - [TEST_STEP][PASSED] - println(compareHighestValueFsaDeathVsAddcc): null&#xD;
&#xD;
2019-08-27 17:07:18 - [TEST_STEP][PASSED] - comment("Send request"): Send request&#xD;
&#xD;
2019-08-27 17:07:18 - [MESSAGE][INFO] - Send request&#xD;
&#xD;
2019-08-27 17:07:18 - [TEST_STEP][PASSED] - response = sendRequest(findTestObject("AlterationScoringRuleApps/Financial Non Employee/Non Ultimate/Object Request", ["transactionType":transactionType, "role":role, "increasingFsaFlag":increasingFsaFlag, "pecFlag":pecFlag, "occupationCode":occupationCode, ... ])): Send request successfully&#xD;
&#xD;
2019-08-27 17:07:18 - [MESSAGE][INFO] - HAR: C:\SURYAPURBA\PHS\PHS-BRMS\Reports\FinancialNonEmployee_NonUltimate\20190827_170649\requests\main\31.har&#xD;
&#xD;
2019-08-27 17:07:18 - [MESSAGE][PASSED] - Send request successfully&#xD;
&#xD;
2019-08-27 17:07:18 - [TEST_STEP][PASSED] - slurper = new groovy.json.JsonSlurper(): null&#xD;
&#xD;
2019-08-27 17:07:18 - [TEST_STEP][PASSED] - parseResponse = slurper.parseText(response.getResponseText()): null&#xD;
&#xD;
2019-08-27 17:07:18 - [TEST_STEP][PASSED] - println(parseResponse): null&#xD;
&#xD;
2019-08-27 17:07:18 - [TEST_STEP][PASSED] - attributes = evidenceCode: null&#xD;
&#xD;
2019-08-27 17:07:18 - [TEST_STEP][PASSED] - println(attributes): null&#xD;
&#xD;
2019-08-27 17:07:18 - [TEST_STEP][PASSED] - expected = description == "Butuh LSAR, ABR": null&#xD;
&#xD;
2019-08-27 17:07:18 - [TEST_STEP][PASSED] - Start listener action : sampleAfterTestCase: null</system-out>
            <system-err>2019-08-27 17:07:17 - [TEST_CASE][ERROR] - Test Cases/AlterationScoringRuleApps/Financial Non Employee/Non Ultimate/FE4/TC-2 IDR FE4: Test Cases/AlterationScoringRuleApps/Financial Non Employee/Non Ultimate/FE4/TC-2 IDR FE4 FAILED.
Reason:
java.lang.NullPointerException: Cannot get property 'description' on null object&#xD;
	at TC-2 IDR FE4.run(TC-2 IDR FE4:30)&#xD;
	at com.kms.katalon.core.main.ScriptEngine.run(ScriptEngine.java:194)&#xD;
	at com.kms.katalon.core.main.ScriptEngine.runScriptAsRawText(ScriptEngine.java:119)&#xD;
	at com.kms.katalon.core.main.TestCaseExecutor.runScript(TestCaseExecutor.java:337)&#xD;
	at com.kms.katalon.core.main.TestCaseExecutor.doExecute(TestCaseExecutor.java:328)&#xD;
	at com.kms.katalon.core.main.TestCaseExecutor.processExecutionPhase(TestCaseExecutor.java:307)&#xD;
	at com.kms.katalon.core.main.TestCaseExecutor.accessMainPhase(TestCaseExecutor.java:299)&#xD;
	at com.kms.katalon.core.main.TestCaseExecutor.execute(TestCaseExecutor.java:233)&#xD;
	at com.kms.katalon.core.main.TestSuiteExecutor.accessTestCaseMainPhase(TestSuiteExecutor.java:133)&#xD;
	at com.kms.katalon.core.main.TestSuiteExecutor.accessTestSuiteMainPhase(TestSuiteExecutor.java:116)&#xD;
	at com.kms.katalon.core.main.TestSuiteExecutor.execute(TestSuiteExecutor.java:83)&#xD;
	at com.kms.katalon.core.main.TestCaseMain.startTestSuite(TestCaseMain.java:157)&#xD;
	at com.kms.katalon.core.main.TestCaseMain$startTestSuite$0.call(Unknown Source)&#xD;
	at TempTestSuite1566900409643.run(TempTestSuite1566900409643.groovy:35)</system-err>
        </testcase>
        <testcase name="Test Cases/AlterationScoringRuleApps/Financial Non Employee/Non Ultimate/FE4/TC-2 IDR FE4" classname="Test Cases/AlterationScoringRuleApps/Financial Non Employee/Non Ultimate/FE4/TC-2 IDR FE4" status="ERROR">
            <error type="ERROR" message="Test Cases/AlterationScoringRuleApps/Financial Non Employee/Non Ultimate/FE4/TC-2 IDR FE4 FAILED.&#xA;Reason:&#xA;java.lang.NullPointerException: Cannot get property 'description' on null object&#xD;&#xA;&#x9;at TC-2 IDR FE4.run(TC-2 IDR FE4:30)&#xD;&#xA;&#x9;at com.kms.katalon.core.main.ScriptEngine.run(ScriptEngine.java:194)&#xD;&#xA;&#x9;at com.kms.katalon.core.main.ScriptEngine.runScriptAsRawText(ScriptEngine.java:119)&#xD;&#xA;&#x9;at com.kms.katalon.core.main.TestCaseExecutor.runScript(TestCaseExecutor.java:337)&#xD;&#xA;&#x9;at com.kms.katalon.core.main.TestCaseExecutor.doExecute(TestCaseExecutor.java:328)&#xD;&#xA;&#x9;at com.kms.katalon.core.main.TestCaseExecutor.processExecutionPhase(TestCaseExecutor.java:307)&#xD;&#xA;&#x9;at com.kms.katalon.core.main.TestCaseExecutor.accessMainPhase(TestCaseExecutor.java:299)&#xD;&#xA;&#x9;at com.kms.katalon.core.main.TestCaseExecutor.execute(TestCaseExecutor.java:233)&#xD;&#xA;&#x9;at com.kms.katalon.core.main.TestSuiteExecutor.accessTestCaseMainPhase(TestSuiteExecutor.java:133)&#xD;&#xA;&#x9;at com.kms.katalon.core.main.TestSuiteExecutor.accessTestSuiteMainPhase(TestSuiteExecutor.java:116)&#xD;&#xA;&#x9;at com.kms.katalon.core.main.TestSuiteExecutor.execute(TestSuiteExecutor.java:83)&#xD;&#xA;&#x9;at com.kms.katalon.core.main.TestCaseMain.startTestSuite(TestCaseMain.java:157)&#xD;&#xA;&#x9;at com.kms.katalon.core.main.TestCaseMain$startTestSuite$0.call(Unknown Source)&#xD;&#xA;&#x9;at TempTestSuite1566900409643.run(TempTestSuite1566900409643.groovy:35)&#xD;&#xA;"/>
            <system-out>2019-08-27 17:07:18 - [TEST_CASE][ERROR] - Test Cases/AlterationScoringRuleApps/Financial Non Employee/Non Ultimate/FE4/TC-2 IDR FE4: Test Cases/AlterationScoringRuleApps/Financial Non Employee/Non Ultimate/FE4/TC-2 IDR FE4 FAILED.
Reason:
java.lang.NullPointerException: Cannot get property 'description' on null object&#xD;
	at TC-2 IDR FE4.run(TC-2 IDR FE4:30)&#xD;
	at com.kms.katalon.core.main.ScriptEngine.run(ScriptEngine.java:194)&#xD;
	at com.kms.katalon.core.main.ScriptEngine.runScriptAsRawText(ScriptEngine.java:119)&#xD;
	at com.kms.katalon.core.main.TestCaseExecutor.runScript(TestCaseExecutor.java:337)&#xD;
	at com.kms.katalon.core.main.TestCaseExecutor.doExecute(TestCaseExecutor.java:328)&#xD;
	at com.kms.katalon.core.main.TestCaseExecutor.processExecutionPhase(TestCaseExecutor.java:307)&#xD;
	at com.kms.katalon.core.main.TestCaseExecutor.accessMainPhase(TestCaseExecutor.java:299)&#xD;
	at com.kms.katalon.core.main.TestCaseExecutor.execute(TestCaseExecutor.java:233)&#xD;
	at com.kms.katalon.core.main.TestSuiteExecutor.accessTestCaseMainPhase(TestSuiteExecutor.java:133)&#xD;
	at com.kms.katalon.core.main.TestSuiteExecutor.accessTestSuiteMainPhase(TestSuiteExecutor.java:116)&#xD;
	at com.kms.katalon.core.main.TestSuiteExecutor.execute(TestSuiteExecutor.java:83)&#xD;
	at com.kms.katalon.core.main.TestCaseMain.startTestSuite(TestCaseMain.java:157)&#xD;
	at com.kms.katalon.core.main.TestCaseMain$startTestSuite$0.call(Unknown Source)&#xD;
	at TempTestSuite1566900409643.run(TempTestSuite1566900409643.groovy:35)&#xD;
&#xD;
&#xD;
2019-08-27 17:07:18 - [TEST_STEP][PASSED] - random = new java.util.Random(): null&#xD;
&#xD;
2019-08-27 17:07:18 - [TEST_STEP][PASSED] - compareHighestValueFsaDeathVsAddccMax = 15000000000: null&#xD;
&#xD;
2019-08-27 17:07:18 - [TEST_STEP][PASSED] - compareHighestValueFsaDeathVsAddccMin = 5000000001: null&#xD;
&#xD;
2019-08-27 17:07:18 - [TEST_STEP][PASSED] - compareHighestValueFsaDeathVsAddcc = random.nextInt(compareHighestValueFsaDeathVsAddccMax - compareHighestValueFsaDeathVsAddccMin) + compareHighestValueFsaDeathVsAddccMin: null&#xD;
&#xD;
2019-08-27 17:07:18 - [TEST_STEP][PASSED] - println(compareHighestValueFsaDeathVsAddcc): null&#xD;
&#xD;
2019-08-27 17:07:18 - [TEST_STEP][PASSED] - comment("Send request"): Send request&#xD;
&#xD;
2019-08-27 17:07:18 - [MESSAGE][INFO] - Send request&#xD;
&#xD;
2019-08-27 17:07:18 - [TEST_STEP][PASSED] - response = sendRequest(findTestObject("AlterationScoringRuleApps/Financial Non Employee/Non Ultimate/Object Request", ["transactionType":transactionType, "role":role, "increasingFsaFlag":increasingFsaFlag, "pecFlag":pecFlag, "occupationCode":occupationCode, ... ])): Send request successfully&#xD;
&#xD;
2019-08-27 17:07:18 - [MESSAGE][INFO] - HAR: C:\SURYAPURBA\PHS\PHS-BRMS\Reports\FinancialNonEmployee_NonUltimate\20190827_170649\requests\main\32.har&#xD;
&#xD;
2019-08-27 17:07:18 - [MESSAGE][PASSED] - Send request successfully&#xD;
&#xD;
2019-08-27 17:07:18 - [TEST_STEP][PASSED] - slurper = new groovy.json.JsonSlurper(): null&#xD;
&#xD;
2019-08-27 17:07:18 - [TEST_STEP][PASSED] - parseResponse = slurper.parseText(response.getResponseText()): null&#xD;
&#xD;
2019-08-27 17:07:18 - [TEST_STEP][PASSED] - println(parseResponse): null&#xD;
&#xD;
2019-08-27 17:07:18 - [TEST_STEP][PASSED] - attributes = evidenceCode: null&#xD;
&#xD;
2019-08-27 17:07:18 - [TEST_STEP][PASSED] - println(attributes): null&#xD;
&#xD;
2019-08-27 17:07:18 - [TEST_STEP][PASSED] - expected = description == "Butuh LSAR, ABR": null&#xD;
&#xD;
2019-08-27 17:07:18 - [TEST_STEP][PASSED] - Start listener action : sampleAfterTestCase: null</system-out>
            <system-err>2019-08-27 17:07:18 - [TEST_CASE][ERROR] - Test Cases/AlterationScoringRuleApps/Financial Non Employee/Non Ultimate/FE4/TC-2 IDR FE4: Test Cases/AlterationScoringRuleApps/Financial Non Employee/Non Ultimate/FE4/TC-2 IDR FE4 FAILED.
Reason:
java.lang.NullPointerException: Cannot get property 'description' on null object&#xD;
	at TC-2 IDR FE4.run(TC-2 IDR FE4:30)&#xD;
	at com.kms.katalon.core.main.ScriptEngine.run(ScriptEngine.java:194)&#xD;
	at com.kms.katalon.core.main.ScriptEngine.runScriptAsRawText(ScriptEngine.java:119)&#xD;
	at com.kms.katalon.core.main.TestCaseExecutor.runScript(TestCaseExecutor.java:337)&#xD;
	at com.kms.katalon.core.main.TestCaseExecutor.doExecute(TestCaseExecutor.java:328)&#xD;
	at com.kms.katalon.core.main.TestCaseExecutor.processExecutionPhase(TestCaseExecutor.java:307)&#xD;
	at com.kms.katalon.core.main.TestCaseExecutor.accessMainPhase(TestCaseExecutor.java:299)&#xD;
	at com.kms.katalon.core.main.TestCaseExecutor.execute(TestCaseExecutor.java:233)&#xD;
	at com.kms.katalon.core.main.TestSuiteExecutor.accessTestCaseMainPhase(TestSuiteExecutor.java:133)&#xD;
	at com.kms.katalon.core.main.TestSuiteExecutor.accessTestSuiteMainPhase(TestSuiteExecutor.java:116)&#xD;
	at com.kms.katalon.core.main.TestSuiteExecutor.execute(TestSuiteExecutor.java:83)&#xD;
	at com.kms.katalon.core.main.TestCaseMain.startTestSuite(TestCaseMain.java:157)&#xD;
	at com.kms.katalon.core.main.TestCaseMain$startTestSuite$0.call(Unknown Source)&#xD;
	at TempTestSuite1566900409643.run(TempTestSuite1566900409643.groovy:35)</system-err>
        </testcase>
        <testcase name="Test Cases/AlterationScoringRuleApps/Financial Non Employee/Non Ultimate/FE4/TC-2 IDR FE4" classname="Test Cases/AlterationScoringRuleApps/Financial Non Employee/Non Ultimate/FE4/TC-2 IDR FE4" status="ERROR">
            <error type="ERROR" message="Test Cases/AlterationScoringRuleApps/Financial Non Employee/Non Ultimate/FE4/TC-2 IDR FE4 FAILED.&#xA;Reason:&#xA;java.lang.NullPointerException: Cannot get property 'description' on null object&#xD;&#xA;&#x9;at TC-2 IDR FE4.run(TC-2 IDR FE4:30)&#xD;&#xA;&#x9;at com.kms.katalon.core.main.ScriptEngine.run(ScriptEngine.java:194)&#xD;&#xA;&#x9;at com.kms.katalon.core.main.ScriptEngine.runScriptAsRawText(ScriptEngine.java:119)&#xD;&#xA;&#x9;at com.kms.katalon.core.main.TestCaseExecutor.runScript(TestCaseExecutor.java:337)&#xD;&#xA;&#x9;at com.kms.katalon.core.main.TestCaseExecutor.doExecute(TestCaseExecutor.java:328)&#xD;&#xA;&#x9;at com.kms.katalon.core.main.TestCaseExecutor.processExecutionPhase(TestCaseExecutor.java:307)&#xD;&#xA;&#x9;at com.kms.katalon.core.main.TestCaseExecutor.accessMainPhase(TestCaseExecutor.java:299)&#xD;&#xA;&#x9;at com.kms.katalon.core.main.TestCaseExecutor.execute(TestCaseExecutor.java:233)&#xD;&#xA;&#x9;at com.kms.katalon.core.main.TestSuiteExecutor.accessTestCaseMainPhase(TestSuiteExecutor.java:133)&#xD;&#xA;&#x9;at com.kms.katalon.core.main.TestSuiteExecutor.accessTestSuiteMainPhase(TestSuiteExecutor.java:116)&#xD;&#xA;&#x9;at com.kms.katalon.core.main.TestSuiteExecutor.execute(TestSuiteExecutor.java:83)&#xD;&#xA;&#x9;at com.kms.katalon.core.main.TestCaseMain.startTestSuite(TestCaseMain.java:157)&#xD;&#xA;&#x9;at com.kms.katalon.core.main.TestCaseMain$startTestSuite$0.call(Unknown Source)&#xD;&#xA;&#x9;at TempTestSuite1566900409643.run(TempTestSuite1566900409643.groovy:35)&#xD;&#xA;"/>
            <system-out>2019-08-27 17:07:19 - [TEST_CASE][ERROR] - Test Cases/AlterationScoringRuleApps/Financial Non Employee/Non Ultimate/FE4/TC-2 IDR FE4: Test Cases/AlterationScoringRuleApps/Financial Non Employee/Non Ultimate/FE4/TC-2 IDR FE4 FAILED.
Reason:
java.lang.NullPointerException: Cannot get property 'description' on null object&#xD;
	at TC-2 IDR FE4.run(TC-2 IDR FE4:30)&#xD;
	at com.kms.katalon.core.main.ScriptEngine.run(ScriptEngine.java:194)&#xD;
	at com.kms.katalon.core.main.ScriptEngine.runScriptAsRawText(ScriptEngine.java:119)&#xD;
	at com.kms.katalon.core.main.TestCaseExecutor.runScript(TestCaseExecutor.java:337)&#xD;
	at com.kms.katalon.core.main.TestCaseExecutor.doExecute(TestCaseExecutor.java:328)&#xD;
	at com.kms.katalon.core.main.TestCaseExecutor.processExecutionPhase(TestCaseExecutor.java:307)&#xD;
	at com.kms.katalon.core.main.TestCaseExecutor.accessMainPhase(TestCaseExecutor.java:299)&#xD;
	at com.kms.katalon.core.main.TestCaseExecutor.execute(TestCaseExecutor.java:233)&#xD;
	at com.kms.katalon.core.main.TestSuiteExecutor.accessTestCaseMainPhase(TestSuiteExecutor.java:133)&#xD;
	at com.kms.katalon.core.main.TestSuiteExecutor.accessTestSuiteMainPhase(TestSuiteExecutor.java:116)&#xD;
	at com.kms.katalon.core.main.TestSuiteExecutor.execute(TestSuiteExecutor.java:83)&#xD;
	at com.kms.katalon.core.main.TestCaseMain.startTestSuite(TestCaseMain.java:157)&#xD;
	at com.kms.katalon.core.main.TestCaseMain$startTestSuite$0.call(Unknown Source)&#xD;
	at TempTestSuite1566900409643.run(TempTestSuite1566900409643.groovy:35)&#xD;
&#xD;
&#xD;
2019-08-27 17:07:20 - [TEST_STEP][PASSED] - random = new java.util.Random(): null&#xD;
&#xD;
2019-08-27 17:07:20 - [TEST_STEP][PASSED] - compareHighestValueFsaDeathVsAddccMax = 15000000000: null&#xD;
&#xD;
2019-08-27 17:07:20 - [TEST_STEP][PASSED] - compareHighestValueFsaDeathVsAddccMin = 5000000001: null&#xD;
&#xD;
2019-08-27 17:07:20 - [TEST_STEP][PASSED] - compareHighestValueFsaDeathVsAddcc = random.nextInt(compareHighestValueFsaDeathVsAddccMax - compareHighestValueFsaDeathVsAddccMin) + compareHighestValueFsaDeathVsAddccMin: null&#xD;
&#xD;
2019-08-27 17:07:20 - [TEST_STEP][PASSED] - println(compareHighestValueFsaDeathVsAddcc): null&#xD;
&#xD;
2019-08-27 17:07:20 - [TEST_STEP][PASSED] - comment("Send request"): Send request&#xD;
&#xD;
2019-08-27 17:07:20 - [MESSAGE][INFO] - Send request&#xD;
&#xD;
2019-08-27 17:07:20 - [TEST_STEP][PASSED] - response = sendRequest(findTestObject("AlterationScoringRuleApps/Financial Non Employee/Non Ultimate/Object Request", ["transactionType":transactionType, "role":role, "increasingFsaFlag":increasingFsaFlag, "pecFlag":pecFlag, "occupationCode":occupationCode, ... ])): Send request successfully&#xD;
&#xD;
2019-08-27 17:07:20 - [MESSAGE][INFO] - HAR: C:\SURYAPURBA\PHS\PHS-BRMS\Reports\FinancialNonEmployee_NonUltimate\20190827_170649\requests\main\33.har&#xD;
&#xD;
2019-08-27 17:07:20 - [MESSAGE][PASSED] - Send request successfully&#xD;
&#xD;
2019-08-27 17:07:20 - [TEST_STEP][PASSED] - slurper = new groovy.json.JsonSlurper(): null&#xD;
&#xD;
2019-08-27 17:07:20 - [TEST_STEP][PASSED] - parseResponse = slurper.parseText(response.getResponseText()): null&#xD;
&#xD;
2019-08-27 17:07:20 - [TEST_STEP][PASSED] - println(parseResponse): null&#xD;
&#xD;
2019-08-27 17:07:20 - [TEST_STEP][PASSED] - attributes = evidenceCode: null&#xD;
&#xD;
2019-08-27 17:07:20 - [TEST_STEP][PASSED] - println(attributes): null&#xD;
&#xD;
2019-08-27 17:07:20 - [TEST_STEP][PASSED] - expected = description == "Butuh LSAR, ABR": null&#xD;
&#xD;
2019-08-27 17:07:20 - [TEST_STEP][PASSED] - Start listener action : sampleAfterTestCase: null</system-out>
            <system-err>2019-08-27 17:07:19 - [TEST_CASE][ERROR] - Test Cases/AlterationScoringRuleApps/Financial Non Employee/Non Ultimate/FE4/TC-2 IDR FE4: Test Cases/AlterationScoringRuleApps/Financial Non Employee/Non Ultimate/FE4/TC-2 IDR FE4 FAILED.
Reason:
java.lang.NullPointerException: Cannot get property 'description' on null object&#xD;
	at TC-2 IDR FE4.run(TC-2 IDR FE4:30)&#xD;
	at com.kms.katalon.core.main.ScriptEngine.run(ScriptEngine.java:194)&#xD;
	at com.kms.katalon.core.main.ScriptEngine.runScriptAsRawText(ScriptEngine.java:119)&#xD;
	at com.kms.katalon.core.main.TestCaseExecutor.runScript(TestCaseExecutor.java:337)&#xD;
	at com.kms.katalon.core.main.TestCaseExecutor.doExecute(TestCaseExecutor.java:328)&#xD;
	at com.kms.katalon.core.main.TestCaseExecutor.processExecutionPhase(TestCaseExecutor.java:307)&#xD;
	at com.kms.katalon.core.main.TestCaseExecutor.accessMainPhase(TestCaseExecutor.java:299)&#xD;
	at com.kms.katalon.core.main.TestCaseExecutor.execute(TestCaseExecutor.java:233)&#xD;
	at com.kms.katalon.core.main.TestSuiteExecutor.accessTestCaseMainPhase(TestSuiteExecutor.java:133)&#xD;
	at com.kms.katalon.core.main.TestSuiteExecutor.accessTestSuiteMainPhase(TestSuiteExecutor.java:116)&#xD;
	at com.kms.katalon.core.main.TestSuiteExecutor.execute(TestSuiteExecutor.java:83)&#xD;
	at com.kms.katalon.core.main.TestCaseMain.startTestSuite(TestCaseMain.java:157)&#xD;
	at com.kms.katalon.core.main.TestCaseMain$startTestSuite$0.call(Unknown Source)&#xD;
	at TempTestSuite1566900409643.run(TempTestSuite1566900409643.groovy:35)</system-err>
        </testcase>
        <testcase name="Test Cases/AlterationScoringRuleApps/Financial Non Employee/Non Ultimate/FE4/TC-2 IDR FE4" classname="Test Cases/AlterationScoringRuleApps/Financial Non Employee/Non Ultimate/FE4/TC-2 IDR FE4" status="ERROR">
            <error type="ERROR" message="Test Cases/AlterationScoringRuleApps/Financial Non Employee/Non Ultimate/FE4/TC-2 IDR FE4 FAILED.&#xA;Reason:&#xA;java.lang.NullPointerException: Cannot get property 'description' on null object&#xD;&#xA;&#x9;at TC-2 IDR FE4.run(TC-2 IDR FE4:30)&#xD;&#xA;&#x9;at com.kms.katalon.core.main.ScriptEngine.run(ScriptEngine.java:194)&#xD;&#xA;&#x9;at com.kms.katalon.core.main.ScriptEngine.runScriptAsRawText(ScriptEngine.java:119)&#xD;&#xA;&#x9;at com.kms.katalon.core.main.TestCaseExecutor.runScript(TestCaseExecutor.java:337)&#xD;&#xA;&#x9;at com.kms.katalon.core.main.TestCaseExecutor.doExecute(TestCaseExecutor.java:328)&#xD;&#xA;&#x9;at com.kms.katalon.core.main.TestCaseExecutor.processExecutionPhase(TestCaseExecutor.java:307)&#xD;&#xA;&#x9;at com.kms.katalon.core.main.TestCaseExecutor.accessMainPhase(TestCaseExecutor.java:299)&#xD;&#xA;&#x9;at com.kms.katalon.core.main.TestCaseExecutor.execute(TestCaseExecutor.java:233)&#xD;&#xA;&#x9;at com.kms.katalon.core.main.TestSuiteExecutor.accessTestCaseMainPhase(TestSuiteExecutor.java:133)&#xD;&#xA;&#x9;at com.kms.katalon.core.main.TestSuiteExecutor.accessTestSuiteMainPhase(TestSuiteExecutor.java:116)&#xD;&#xA;&#x9;at com.kms.katalon.core.main.TestSuiteExecutor.execute(TestSuiteExecutor.java:83)&#xD;&#xA;&#x9;at com.kms.katalon.core.main.TestCaseMain.startTestSuite(TestCaseMain.java:157)&#xD;&#xA;&#x9;at com.kms.katalon.core.main.TestCaseMain$startTestSuite$0.call(Unknown Source)&#xD;&#xA;&#x9;at TempTestSuite1566900409643.run(TempTestSuite1566900409643.groovy:35)&#xD;&#xA;"/>
            <system-out>2019-08-27 17:07:20 - [TEST_CASE][ERROR] - Test Cases/AlterationScoringRuleApps/Financial Non Employee/Non Ultimate/FE4/TC-2 IDR FE4: Test Cases/AlterationScoringRuleApps/Financial Non Employee/Non Ultimate/FE4/TC-2 IDR FE4 FAILED.
Reason:
java.lang.NullPointerException: Cannot get property 'description' on null object&#xD;
	at TC-2 IDR FE4.run(TC-2 IDR FE4:30)&#xD;
	at com.kms.katalon.core.main.ScriptEngine.run(ScriptEngine.java:194)&#xD;
	at com.kms.katalon.core.main.ScriptEngine.runScriptAsRawText(ScriptEngine.java:119)&#xD;
	at com.kms.katalon.core.main.TestCaseExecutor.runScript(TestCaseExecutor.java:337)&#xD;
	at com.kms.katalon.core.main.TestCaseExecutor.doExecute(TestCaseExecutor.java:328)&#xD;
	at com.kms.katalon.core.main.TestCaseExecutor.processExecutionPhase(TestCaseExecutor.java:307)&#xD;
	at com.kms.katalon.core.main.TestCaseExecutor.accessMainPhase(TestCaseExecutor.java:299)&#xD;
	at com.kms.katalon.core.main.TestCaseExecutor.execute(TestCaseExecutor.java:233)&#xD;
	at com.kms.katalon.core.main.TestSuiteExecutor.accessTestCaseMainPhase(TestSuiteExecutor.java:133)&#xD;
	at com.kms.katalon.core.main.TestSuiteExecutor.accessTestSuiteMainPhase(TestSuiteExecutor.java:116)&#xD;
	at com.kms.katalon.core.main.TestSuiteExecutor.execute(TestSuiteExecutor.java:83)&#xD;
	at com.kms.katalon.core.main.TestCaseMain.startTestSuite(TestCaseMain.java:157)&#xD;
	at com.kms.katalon.core.main.TestCaseMain$startTestSuite$0.call(Unknown Source)&#xD;
	at TempTestSuite1566900409643.run(TempTestSuite1566900409643.groovy:35)&#xD;
&#xD;
&#xD;
2019-08-27 17:07:21 - [TEST_STEP][PASSED] - random = new java.util.Random(): null&#xD;
&#xD;
2019-08-27 17:07:21 - [TEST_STEP][PASSED] - compareHighestValueFsaDeathVsAddccMax = 15000000000: null&#xD;
&#xD;
2019-08-27 17:07:21 - [TEST_STEP][PASSED] - compareHighestValueFsaDeathVsAddccMin = 5000000001: null&#xD;
&#xD;
2019-08-27 17:07:21 - [TEST_STEP][PASSED] - compareHighestValueFsaDeathVsAddcc = random.nextInt(compareHighestValueFsaDeathVsAddccMax - compareHighestValueFsaDeathVsAddccMin) + compareHighestValueFsaDeathVsAddccMin: null&#xD;
&#xD;
2019-08-27 17:07:21 - [TEST_STEP][PASSED] - println(compareHighestValueFsaDeathVsAddcc): null&#xD;
&#xD;
2019-08-27 17:07:21 - [TEST_STEP][PASSED] - comment("Send request"): Send request&#xD;
&#xD;
2019-08-27 17:07:21 - [MESSAGE][INFO] - Send request&#xD;
&#xD;
2019-08-27 17:07:21 - [TEST_STEP][PASSED] - response = sendRequest(findTestObject("AlterationScoringRuleApps/Financial Non Employee/Non Ultimate/Object Request", ["transactionType":transactionType, "role":role, "increasingFsaFlag":increasingFsaFlag, "pecFlag":pecFlag, "occupationCode":occupationCode, ... ])): Send request successfully&#xD;
&#xD;
2019-08-27 17:07:21 - [MESSAGE][INFO] - HAR: C:\SURYAPURBA\PHS\PHS-BRMS\Reports\FinancialNonEmployee_NonUltimate\20190827_170649\requests\main\34.har&#xD;
&#xD;
2019-08-27 17:07:21 - [MESSAGE][PASSED] - Send request successfully&#xD;
&#xD;
2019-08-27 17:07:21 - [TEST_STEP][PASSED] - slurper = new groovy.json.JsonSlurper(): null&#xD;
&#xD;
2019-08-27 17:07:21 - [TEST_STEP][PASSED] - parseResponse = slurper.parseText(response.getResponseText()): null&#xD;
&#xD;
2019-08-27 17:07:21 - [TEST_STEP][PASSED] - println(parseResponse): null&#xD;
&#xD;
2019-08-27 17:07:21 - [TEST_STEP][PASSED] - attributes = evidenceCode: null&#xD;
&#xD;
2019-08-27 17:07:21 - [TEST_STEP][PASSED] - println(attributes): null&#xD;
&#xD;
2019-08-27 17:07:21 - [TEST_STEP][PASSED] - expected = description == "Butuh LSAR, ABR": null&#xD;
&#xD;
2019-08-27 17:07:22 - [TEST_STEP][PASSED] - Start listener action : sampleAfterTestCase: null</system-out>
            <system-err>2019-08-27 17:07:20 - [TEST_CASE][ERROR] - Test Cases/AlterationScoringRuleApps/Financial Non Employee/Non Ultimate/FE4/TC-2 IDR FE4: Test Cases/AlterationScoringRuleApps/Financial Non Employee/Non Ultimate/FE4/TC-2 IDR FE4 FAILED.
Reason:
java.lang.NullPointerException: Cannot get property 'description' on null object&#xD;
	at TC-2 IDR FE4.run(TC-2 IDR FE4:30)&#xD;
	at com.kms.katalon.core.main.ScriptEngine.run(ScriptEngine.java:194)&#xD;
	at com.kms.katalon.core.main.ScriptEngine.runScriptAsRawText(ScriptEngine.java:119)&#xD;
	at com.kms.katalon.core.main.TestCaseExecutor.runScript(TestCaseExecutor.java:337)&#xD;
	at com.kms.katalon.core.main.TestCaseExecutor.doExecute(TestCaseExecutor.java:328)&#xD;
	at com.kms.katalon.core.main.TestCaseExecutor.processExecutionPhase(TestCaseExecutor.java:307)&#xD;
	at com.kms.katalon.core.main.TestCaseExecutor.accessMainPhase(TestCaseExecutor.java:299)&#xD;
	at com.kms.katalon.core.main.TestCaseExecutor.execute(TestCaseExecutor.java:233)&#xD;
	at com.kms.katalon.core.main.TestSuiteExecutor.accessTestCaseMainPhase(TestSuiteExecutor.java:133)&#xD;
	at com.kms.katalon.core.main.TestSuiteExecutor.accessTestSuiteMainPhase(TestSuiteExecutor.java:116)&#xD;
	at com.kms.katalon.core.main.TestSuiteExecutor.execute(TestSuiteExecutor.java:83)&#xD;
	at com.kms.katalon.core.main.TestCaseMain.startTestSuite(TestCaseMain.java:157)&#xD;
	at com.kms.katalon.core.main.TestCaseMain$startTestSuite$0.call(Unknown Source)&#xD;
	at TempTestSuite1566900409643.run(TempTestSuite1566900409643.groovy:35)</system-err>
        </testcase>
        <testcase name="Test Cases/AlterationScoringRuleApps/Financial Non Employee/Non Ultimate/FE4/TC-2 IDR FE4" classname="Test Cases/AlterationScoringRuleApps/Financial Non Employee/Non Ultimate/FE4/TC-2 IDR FE4" status="ERROR">
            <error type="ERROR" message="Test Cases/AlterationScoringRuleApps/Financial Non Employee/Non Ultimate/FE4/TC-2 IDR FE4 FAILED.&#xA;Reason:&#xA;java.lang.NullPointerException: Cannot get property 'description' on null object&#xD;&#xA;&#x9;at TC-2 IDR FE4.run(TC-2 IDR FE4:30)&#xD;&#xA;&#x9;at com.kms.katalon.core.main.ScriptEngine.run(ScriptEngine.java:194)&#xD;&#xA;&#x9;at com.kms.katalon.core.main.ScriptEngine.runScriptAsRawText(ScriptEngine.java:119)&#xD;&#xA;&#x9;at com.kms.katalon.core.main.TestCaseExecutor.runScript(TestCaseExecutor.java:337)&#xD;&#xA;&#x9;at com.kms.katalon.core.main.TestCaseExecutor.doExecute(TestCaseExecutor.java:328)&#xD;&#xA;&#x9;at com.kms.katalon.core.main.TestCaseExecutor.processExecutionPhase(TestCaseExecutor.java:307)&#xD;&#xA;&#x9;at com.kms.katalon.core.main.TestCaseExecutor.accessMainPhase(TestCaseExecutor.java:299)&#xD;&#xA;&#x9;at com.kms.katalon.core.main.TestCaseExecutor.execute(TestCaseExecutor.java:233)&#xD;&#xA;&#x9;at com.kms.katalon.core.main.TestSuiteExecutor.accessTestCaseMainPhase(TestSuiteExecutor.java:133)&#xD;&#xA;&#x9;at com.kms.katalon.core.main.TestSuiteExecutor.accessTestSuiteMainPhase(TestSuiteExecutor.java:116)&#xD;&#xA;&#x9;at com.kms.katalon.core.main.TestSuiteExecutor.execute(TestSuiteExecutor.java:83)&#xD;&#xA;&#x9;at com.kms.katalon.core.main.TestCaseMain.startTestSuite(TestCaseMain.java:157)&#xD;&#xA;&#x9;at com.kms.katalon.core.main.TestCaseMain$startTestSuite$0.call(Unknown Source)&#xD;&#xA;&#x9;at TempTestSuite1566900409643.run(TempTestSuite1566900409643.groovy:35)&#xD;&#xA;"/>
            <system-out>2019-08-27 17:07:22 - [TEST_CASE][ERROR] - Test Cases/AlterationScoringRuleApps/Financial Non Employee/Non Ultimate/FE4/TC-2 IDR FE4: Test Cases/AlterationScoringRuleApps/Financial Non Employee/Non Ultimate/FE4/TC-2 IDR FE4 FAILED.
Reason:
java.lang.NullPointerException: Cannot get property 'description' on null object&#xD;
	at TC-2 IDR FE4.run(TC-2 IDR FE4:30)&#xD;
	at com.kms.katalon.core.main.ScriptEngine.run(ScriptEngine.java:194)&#xD;
	at com.kms.katalon.core.main.ScriptEngine.runScriptAsRawText(ScriptEngine.java:119)&#xD;
	at com.kms.katalon.core.main.TestCaseExecutor.runScript(TestCaseExecutor.java:337)&#xD;
	at com.kms.katalon.core.main.TestCaseExecutor.doExecute(TestCaseExecutor.java:328)&#xD;
	at com.kms.katalon.core.main.TestCaseExecutor.processExecutionPhase(TestCaseExecutor.java:307)&#xD;
	at com.kms.katalon.core.main.TestCaseExecutor.accessMainPhase(TestCaseExecutor.java:299)&#xD;
	at com.kms.katalon.core.main.TestCaseExecutor.execute(TestCaseExecutor.java:233)&#xD;
	at com.kms.katalon.core.main.TestSuiteExecutor.accessTestCaseMainPhase(TestSuiteExecutor.java:133)&#xD;
	at com.kms.katalon.core.main.TestSuiteExecutor.accessTestSuiteMainPhase(TestSuiteExecutor.java:116)&#xD;
	at com.kms.katalon.core.main.TestSuiteExecutor.execute(TestSuiteExecutor.java:83)&#xD;
	at com.kms.katalon.core.main.TestCaseMain.startTestSuite(TestCaseMain.java:157)&#xD;
	at com.kms.katalon.core.main.TestCaseMain$startTestSuite$0.call(Unknown Source)&#xD;
	at TempTestSuite1566900409643.run(TempTestSuite1566900409643.groovy:35)&#xD;
&#xD;
&#xD;
2019-08-27 17:07:22 - [TEST_STEP][PASSED] - random = new java.util.Random(): null&#xD;
&#xD;
2019-08-27 17:07:22 - [TEST_STEP][PASSED] - compareHighestValueFsaDeathVsAddccMax = 15000000000: null&#xD;
&#xD;
2019-08-27 17:07:22 - [TEST_STEP][PASSED] - compareHighestValueFsaDeathVsAddccMin = 5000000001: null&#xD;
&#xD;
2019-08-27 17:07:22 - [TEST_STEP][PASSED] - compareHighestValueFsaDeathVsAddcc = random.nextInt(compareHighestValueFsaDeathVsAddccMax - compareHighestValueFsaDeathVsAddccMin) + compareHighestValueFsaDeathVsAddccMin: null&#xD;
&#xD;
2019-08-27 17:07:22 - [TEST_STEP][PASSED] - println(compareHighestValueFsaDeathVsAddcc): null&#xD;
&#xD;
2019-08-27 17:07:22 - [TEST_STEP][PASSED] - comment("Send request"): Send request&#xD;
&#xD;
2019-08-27 17:07:22 - [MESSAGE][INFO] - Send request&#xD;
&#xD;
2019-08-27 17:07:22 - [TEST_STEP][PASSED] - response = sendRequest(findTestObject("AlterationScoringRuleApps/Financial Non Employee/Non Ultimate/Object Request", ["transactionType":transactionType, "role":role, "increasingFsaFlag":increasingFsaFlag, "pecFlag":pecFlag, "occupationCode":occupationCode, ... ])): Send request successfully&#xD;
&#xD;
2019-08-27 17:07:22 - [MESSAGE][INFO] - HAR: C:\SURYAPURBA\PHS\PHS-BRMS\Reports\FinancialNonEmployee_NonUltimate\20190827_170649\requests\main\35.har&#xD;
&#xD;
2019-08-27 17:07:22 - [MESSAGE][PASSED] - Send request successfully&#xD;
&#xD;
2019-08-27 17:07:22 - [TEST_STEP][PASSED] - slurper = new groovy.json.JsonSlurper(): null&#xD;
&#xD;
2019-08-27 17:07:22 - [TEST_STEP][PASSED] - parseResponse = slurper.parseText(response.getResponseText()): null&#xD;
&#xD;
2019-08-27 17:07:22 - [TEST_STEP][PASSED] - println(parseResponse): null&#xD;
&#xD;
2019-08-27 17:07:22 - [TEST_STEP][PASSED] - attributes = evidenceCode: null&#xD;
&#xD;
2019-08-27 17:07:22 - [TEST_STEP][PASSED] - println(attributes): null&#xD;
&#xD;
2019-08-27 17:07:22 - [TEST_STEP][PASSED] - expected = description == "Butuh LSAR, ABR": null&#xD;
&#xD;
2019-08-27 17:07:22 - [TEST_STEP][PASSED] - Start listener action : sampleAfterTestCase: null</system-out>
            <system-err>2019-08-27 17:07:22 - [TEST_CASE][ERROR] - Test Cases/AlterationScoringRuleApps/Financial Non Employee/Non Ultimate/FE4/TC-2 IDR FE4: Test Cases/AlterationScoringRuleApps/Financial Non Employee/Non Ultimate/FE4/TC-2 IDR FE4 FAILED.
Reason:
java.lang.NullPointerException: Cannot get property 'description' on null object&#xD;
	at TC-2 IDR FE4.run(TC-2 IDR FE4:30)&#xD;
	at com.kms.katalon.core.main.ScriptEngine.run(ScriptEngine.java:194)&#xD;
	at com.kms.katalon.core.main.ScriptEngine.runScriptAsRawText(ScriptEngine.java:119)&#xD;
	at com.kms.katalon.core.main.TestCaseExecutor.runScript(TestCaseExecutor.java:337)&#xD;
	at com.kms.katalon.core.main.TestCaseExecutor.doExecute(TestCaseExecutor.java:328)&#xD;
	at com.kms.katalon.core.main.TestCaseExecutor.processExecutionPhase(TestCaseExecutor.java:307)&#xD;
	at com.kms.katalon.core.main.TestCaseExecutor.accessMainPhase(TestCaseExecutor.java:299)&#xD;
	at com.kms.katalon.core.main.TestCaseExecutor.execute(TestCaseExecutor.java:233)&#xD;
	at com.kms.katalon.core.main.TestSuiteExecutor.accessTestCaseMainPhase(TestSuiteExecutor.java:133)&#xD;
	at com.kms.katalon.core.main.TestSuiteExecutor.accessTestSuiteMainPhase(TestSuiteExecutor.java:116)&#xD;
	at com.kms.katalon.core.main.TestSuiteExecutor.execute(TestSuiteExecutor.java:83)&#xD;
	at com.kms.katalon.core.main.TestCaseMain.startTestSuite(TestCaseMain.java:157)&#xD;
	at com.kms.katalon.core.main.TestCaseMain$startTestSuite$0.call(Unknown Source)&#xD;
	at TempTestSuite1566900409643.run(TempTestSuite1566900409643.groovy:35)</system-err>
        </testcase>
        <testcase name="Test Cases/AlterationScoringRuleApps/Financial Non Employee/Non Ultimate/FE4/TC-2 IDR FE4" classname="Test Cases/AlterationScoringRuleApps/Financial Non Employee/Non Ultimate/FE4/TC-2 IDR FE4" status="ERROR">
            <error type="ERROR" message="Test Cases/AlterationScoringRuleApps/Financial Non Employee/Non Ultimate/FE4/TC-2 IDR FE4 FAILED.&#xA;Reason:&#xA;java.lang.NullPointerException: Cannot get property 'description' on null object&#xD;&#xA;&#x9;at TC-2 IDR FE4.run(TC-2 IDR FE4:30)&#xD;&#xA;&#x9;at com.kms.katalon.core.main.ScriptEngine.run(ScriptEngine.java:194)&#xD;&#xA;&#x9;at com.kms.katalon.core.main.ScriptEngine.runScriptAsRawText(ScriptEngine.java:119)&#xD;&#xA;&#x9;at com.kms.katalon.core.main.TestCaseExecutor.runScript(TestCaseExecutor.java:337)&#xD;&#xA;&#x9;at com.kms.katalon.core.main.TestCaseExecutor.doExecute(TestCaseExecutor.java:328)&#xD;&#xA;&#x9;at com.kms.katalon.core.main.TestCaseExecutor.processExecutionPhase(TestCaseExecutor.java:307)&#xD;&#xA;&#x9;at com.kms.katalon.core.main.TestCaseExecutor.accessMainPhase(TestCaseExecutor.java:299)&#xD;&#xA;&#x9;at com.kms.katalon.core.main.TestCaseExecutor.execute(TestCaseExecutor.java:233)&#xD;&#xA;&#x9;at com.kms.katalon.core.main.TestSuiteExecutor.accessTestCaseMainPhase(TestSuiteExecutor.java:133)&#xD;&#xA;&#x9;at com.kms.katalon.core.main.TestSuiteExecutor.accessTestSuiteMainPhase(TestSuiteExecutor.java:116)&#xD;&#xA;&#x9;at com.kms.katalon.core.main.TestSuiteExecutor.execute(TestSuiteExecutor.java:83)&#xD;&#xA;&#x9;at com.kms.katalon.core.main.TestCaseMain.startTestSuite(TestCaseMain.java:157)&#xD;&#xA;&#x9;at com.kms.katalon.core.main.TestCaseMain$startTestSuite$0.call(Unknown Source)&#xD;&#xA;&#x9;at TempTestSuite1566900409643.run(TempTestSuite1566900409643.groovy:35)&#xD;&#xA;"/>
            <system-out>2019-08-27 17:07:22 - [TEST_CASE][ERROR] - Test Cases/AlterationScoringRuleApps/Financial Non Employee/Non Ultimate/FE4/TC-2 IDR FE4: Test Cases/AlterationScoringRuleApps/Financial Non Employee/Non Ultimate/FE4/TC-2 IDR FE4 FAILED.
Reason:
java.lang.NullPointerException: Cannot get property 'description' on null object&#xD;
	at TC-2 IDR FE4.run(TC-2 IDR FE4:30)&#xD;
	at com.kms.katalon.core.main.ScriptEngine.run(ScriptEngine.java:194)&#xD;
	at com.kms.katalon.core.main.ScriptEngine.runScriptAsRawText(ScriptEngine.java:119)&#xD;
	at com.kms.katalon.core.main.TestCaseExecutor.runScript(TestCaseExecutor.java:337)&#xD;
	at com.kms.katalon.core.main.TestCaseExecutor.doExecute(TestCaseExecutor.java:328)&#xD;
	at com.kms.katalon.core.main.TestCaseExecutor.processExecutionPhase(TestCaseExecutor.java:307)&#xD;
	at com.kms.katalon.core.main.TestCaseExecutor.accessMainPhase(TestCaseExecutor.java:299)&#xD;
	at com.kms.katalon.core.main.TestCaseExecutor.execute(TestCaseExecutor.java:233)&#xD;
	at com.kms.katalon.core.main.TestSuiteExecutor.accessTestCaseMainPhase(TestSuiteExecutor.java:133)&#xD;
	at com.kms.katalon.core.main.TestSuiteExecutor.accessTestSuiteMainPhase(TestSuiteExecutor.java:116)&#xD;
	at com.kms.katalon.core.main.TestSuiteExecutor.execute(TestSuiteExecutor.java:83)&#xD;
	at com.kms.katalon.core.main.TestCaseMain.startTestSuite(TestCaseMain.java:157)&#xD;
	at com.kms.katalon.core.main.TestCaseMain$startTestSuite$0.call(Unknown Source)&#xD;
	at TempTestSuite1566900409643.run(TempTestSuite1566900409643.groovy:35)&#xD;
&#xD;
&#xD;
2019-08-27 17:07:23 - [TEST_STEP][PASSED] - random = new java.util.Random(): null&#xD;
&#xD;
2019-08-27 17:07:23 - [TEST_STEP][PASSED] - compareHighestValueFsaDeathVsAddccMax = 15000000000: null&#xD;
&#xD;
2019-08-27 17:07:23 - [TEST_STEP][PASSED] - compareHighestValueFsaDeathVsAddccMin = 5000000001: null&#xD;
&#xD;
2019-08-27 17:07:23 - [TEST_STEP][PASSED] - compareHighestValueFsaDeathVsAddcc = random.nextInt(compareHighestValueFsaDeathVsAddccMax - compareHighestValueFsaDeathVsAddccMin) + compareHighestValueFsaDeathVsAddccMin: null&#xD;
&#xD;
2019-08-27 17:07:23 - [TEST_STEP][PASSED] - println(compareHighestValueFsaDeathVsAddcc): null&#xD;
&#xD;
2019-08-27 17:07:23 - [TEST_STEP][PASSED] - comment("Send request"): Send request&#xD;
&#xD;
2019-08-27 17:07:23 - [MESSAGE][INFO] - Send request&#xD;
&#xD;
2019-08-27 17:07:23 - [TEST_STEP][PASSED] - response = sendRequest(findTestObject("AlterationScoringRuleApps/Financial Non Employee/Non Ultimate/Object Request", ["transactionType":transactionType, "role":role, "increasingFsaFlag":increasingFsaFlag, "pecFlag":pecFlag, "occupationCode":occupationCode, ... ])): Send request successfully&#xD;
&#xD;
2019-08-27 17:07:23 - [MESSAGE][INFO] - HAR: C:\SURYAPURBA\PHS\PHS-BRMS\Reports\FinancialNonEmployee_NonUltimate\20190827_170649\requests\main\36.har&#xD;
&#xD;
2019-08-27 17:07:23 - [MESSAGE][PASSED] - Send request successfully&#xD;
&#xD;
2019-08-27 17:07:23 - [TEST_STEP][PASSED] - slurper = new groovy.json.JsonSlurper(): null&#xD;
&#xD;
2019-08-27 17:07:23 - [TEST_STEP][PASSED] - parseResponse = slurper.parseText(response.getResponseText()): null&#xD;
&#xD;
2019-08-27 17:07:23 - [TEST_STEP][PASSED] - println(parseResponse): null&#xD;
&#xD;
2019-08-27 17:07:23 - [TEST_STEP][PASSED] - attributes = evidenceCode: null&#xD;
&#xD;
2019-08-27 17:07:23 - [TEST_STEP][PASSED] - println(attributes): null&#xD;
&#xD;
2019-08-27 17:07:23 - [TEST_STEP][PASSED] - expected = description == "Butuh LSAR, ABR": null&#xD;
&#xD;
2019-08-27 17:07:23 - [TEST_STEP][PASSED] - Start listener action : sampleAfterTestCase: null</system-out>
            <system-err>2019-08-27 17:07:22 - [TEST_CASE][ERROR] - Test Cases/AlterationScoringRuleApps/Financial Non Employee/Non Ultimate/FE4/TC-2 IDR FE4: Test Cases/AlterationScoringRuleApps/Financial Non Employee/Non Ultimate/FE4/TC-2 IDR FE4 FAILED.
Reason:
java.lang.NullPointerException: Cannot get property 'description' on null object&#xD;
	at TC-2 IDR FE4.run(TC-2 IDR FE4:30)&#xD;
	at com.kms.katalon.core.main.ScriptEngine.run(ScriptEngine.java:194)&#xD;
	at com.kms.katalon.core.main.ScriptEngine.runScriptAsRawText(ScriptEngine.java:119)&#xD;
	at com.kms.katalon.core.main.TestCaseExecutor.runScript(TestCaseExecutor.java:337)&#xD;
	at com.kms.katalon.core.main.TestCaseExecutor.doExecute(TestCaseExecutor.java:328)&#xD;
	at com.kms.katalon.core.main.TestCaseExecutor.processExecutionPhase(TestCaseExecutor.java:307)&#xD;
	at com.kms.katalon.core.main.TestCaseExecutor.accessMainPhase(TestCaseExecutor.java:299)&#xD;
	at com.kms.katalon.core.main.TestCaseExecutor.execute(TestCaseExecutor.java:233)&#xD;
	at com.kms.katalon.core.main.TestSuiteExecutor.accessTestCaseMainPhase(TestSuiteExecutor.java:133)&#xD;
	at com.kms.katalon.core.main.TestSuiteExecutor.accessTestSuiteMainPhase(TestSuiteExecutor.java:116)&#xD;
	at com.kms.katalon.core.main.TestSuiteExecutor.execute(TestSuiteExecutor.java:83)&#xD;
	at com.kms.katalon.core.main.TestCaseMain.startTestSuite(TestCaseMain.java:157)&#xD;
	at com.kms.katalon.core.main.TestCaseMain$startTestSuite$0.call(Unknown Source)&#xD;
	at TempTestSuite1566900409643.run(TempTestSuite1566900409643.groovy:35)</system-err>
        </testcase>
        <testcase name="Test Cases/AlterationScoringRuleApps/Financial Non Employee/Non Ultimate/FE4/TC-2 IDR FE4" classname="Test Cases/AlterationScoringRuleApps/Financial Non Employee/Non Ultimate/FE4/TC-2 IDR FE4" status="ERROR">
            <error type="ERROR" message="Test Cases/AlterationScoringRuleApps/Financial Non Employee/Non Ultimate/FE4/TC-2 IDR FE4 FAILED.&#xA;Reason:&#xA;java.lang.NullPointerException: Cannot get property 'description' on null object&#xD;&#xA;&#x9;at TC-2 IDR FE4.run(TC-2 IDR FE4:30)&#xD;&#xA;&#x9;at com.kms.katalon.core.main.ScriptEngine.run(ScriptEngine.java:194)&#xD;&#xA;&#x9;at com.kms.katalon.core.main.ScriptEngine.runScriptAsRawText(ScriptEngine.java:119)&#xD;&#xA;&#x9;at com.kms.katalon.core.main.TestCaseExecutor.runScript(TestCaseExecutor.java:337)&#xD;&#xA;&#x9;at com.kms.katalon.core.main.TestCaseExecutor.doExecute(TestCaseExecutor.java:328)&#xD;&#xA;&#x9;at com.kms.katalon.core.main.TestCaseExecutor.processExecutionPhase(TestCaseExecutor.java:307)&#xD;&#xA;&#x9;at com.kms.katalon.core.main.TestCaseExecutor.accessMainPhase(TestCaseExecutor.java:299)&#xD;&#xA;&#x9;at com.kms.katalon.core.main.TestCaseExecutor.execute(TestCaseExecutor.java:233)&#xD;&#xA;&#x9;at com.kms.katalon.core.main.TestSuiteExecutor.accessTestCaseMainPhase(TestSuiteExecutor.java:133)&#xD;&#xA;&#x9;at com.kms.katalon.core.main.TestSuiteExecutor.accessTestSuiteMainPhase(TestSuiteExecutor.java:116)&#xD;&#xA;&#x9;at com.kms.katalon.core.main.TestSuiteExecutor.execute(TestSuiteExecutor.java:83)&#xD;&#xA;&#x9;at com.kms.katalon.core.main.TestCaseMain.startTestSuite(TestCaseMain.java:157)&#xD;&#xA;&#x9;at com.kms.katalon.core.main.TestCaseMain$startTestSuite$0.call(Unknown Source)&#xD;&#xA;&#x9;at TempTestSuite1566900409643.run(TempTestSuite1566900409643.groovy:35)&#xD;&#xA;"/>
            <system-out>2019-08-27 17:07:24 - [TEST_CASE][ERROR] - Test Cases/AlterationScoringRuleApps/Financial Non Employee/Non Ultimate/FE4/TC-2 IDR FE4: Test Cases/AlterationScoringRuleApps/Financial Non Employee/Non Ultimate/FE4/TC-2 IDR FE4 FAILED.
Reason:
java.lang.NullPointerException: Cannot get property 'description' on null object&#xD;
	at TC-2 IDR FE4.run(TC-2 IDR FE4:30)&#xD;
	at com.kms.katalon.core.main.ScriptEngine.run(ScriptEngine.java:194)&#xD;
	at com.kms.katalon.core.main.ScriptEngine.runScriptAsRawText(ScriptEngine.java:119)&#xD;
	at com.kms.katalon.core.main.TestCaseExecutor.runScript(TestCaseExecutor.java:337)&#xD;
	at com.kms.katalon.core.main.TestCaseExecutor.doExecute(TestCaseExecutor.java:328)&#xD;
	at com.kms.katalon.core.main.TestCaseExecutor.processExecutionPhase(TestCaseExecutor.java:307)&#xD;
	at com.kms.katalon.core.main.TestCaseExecutor.accessMainPhase(TestCaseExecutor.java:299)&#xD;
	at com.kms.katalon.core.main.TestCaseExecutor.execute(TestCaseExecutor.java:233)&#xD;
	at com.kms.katalon.core.main.TestSuiteExecutor.accessTestCaseMainPhase(TestSuiteExecutor.java:133)&#xD;
	at com.kms.katalon.core.main.TestSuiteExecutor.accessTestSuiteMainPhase(TestSuiteExecutor.java:116)&#xD;
	at com.kms.katalon.core.main.TestSuiteExecutor.execute(TestSuiteExecutor.java:83)&#xD;
	at com.kms.katalon.core.main.TestCaseMain.startTestSuite(TestCaseMain.java:157)&#xD;
	at com.kms.katalon.core.main.TestCaseMain$startTestSuite$0.call(Unknown Source)&#xD;
	at TempTestSuite1566900409643.run(TempTestSuite1566900409643.groovy:35)&#xD;
&#xD;
&#xD;
2019-08-27 17:07:25 - [TEST_STEP][PASSED] - random = new java.util.Random(): null&#xD;
&#xD;
2019-08-27 17:07:25 - [TEST_STEP][PASSED] - compareHighestValueFsaDeathVsAddccMax = 15000000000: null&#xD;
&#xD;
2019-08-27 17:07:25 - [TEST_STEP][PASSED] - compareHighestValueFsaDeathVsAddccMin = 5000000001: null&#xD;
&#xD;
2019-08-27 17:07:25 - [TEST_STEP][PASSED] - compareHighestValueFsaDeathVsAddcc = random.nextInt(compareHighestValueFsaDeathVsAddccMax - compareHighestValueFsaDeathVsAddccMin) + compareHighestValueFsaDeathVsAddccMin: null&#xD;
&#xD;
2019-08-27 17:07:25 - [TEST_STEP][PASSED] - println(compareHighestValueFsaDeathVsAddcc): null&#xD;
&#xD;
2019-08-27 17:07:25 - [TEST_STEP][PASSED] - comment("Send request"): Send request&#xD;
&#xD;
2019-08-27 17:07:25 - [MESSAGE][INFO] - Send request&#xD;
&#xD;
2019-08-27 17:07:25 - [TEST_STEP][PASSED] - response = sendRequest(findTestObject("AlterationScoringRuleApps/Financial Non Employee/Non Ultimate/Object Request", ["transactionType":transactionType, "role":role, "increasingFsaFlag":increasingFsaFlag, "pecFlag":pecFlag, "occupationCode":occupationCode, ... ])): Send request successfully&#xD;
&#xD;
2019-08-27 17:07:25 - [MESSAGE][INFO] - HAR: C:\SURYAPURBA\PHS\PHS-BRMS\Reports\FinancialNonEmployee_NonUltimate\20190827_170649\requests\main\37.har&#xD;
&#xD;
2019-08-27 17:07:25 - [MESSAGE][PASSED] - Send request successfully&#xD;
&#xD;
2019-08-27 17:07:25 - [TEST_STEP][PASSED] - slurper = new groovy.json.JsonSlurper(): null&#xD;
&#xD;
2019-08-27 17:07:25 - [TEST_STEP][PASSED] - parseResponse = slurper.parseText(response.getResponseText()): null&#xD;
&#xD;
2019-08-27 17:07:25 - [TEST_STEP][PASSED] - println(parseResponse): null&#xD;
&#xD;
2019-08-27 17:07:25 - [TEST_STEP][PASSED] - attributes = evidenceCode: null&#xD;
&#xD;
2019-08-27 17:07:25 - [TEST_STEP][PASSED] - println(attributes): null&#xD;
&#xD;
2019-08-27 17:07:25 - [TEST_STEP][PASSED] - expected = description == "Butuh LSAR, ABR": null&#xD;
&#xD;
2019-08-27 17:07:25 - [TEST_STEP][PASSED] - Start listener action : sampleAfterTestCase: null</system-out>
            <system-err>2019-08-27 17:07:24 - [TEST_CASE][ERROR] - Test Cases/AlterationScoringRuleApps/Financial Non Employee/Non Ultimate/FE4/TC-2 IDR FE4: Test Cases/AlterationScoringRuleApps/Financial Non Employee/Non Ultimate/FE4/TC-2 IDR FE4 FAILED.
Reason:
java.lang.NullPointerException: Cannot get property 'description' on null object&#xD;
	at TC-2 IDR FE4.run(TC-2 IDR FE4:30)&#xD;
	at com.kms.katalon.core.main.ScriptEngine.run(ScriptEngine.java:194)&#xD;
	at com.kms.katalon.core.main.ScriptEngine.runScriptAsRawText(ScriptEngine.java:119)&#xD;
	at com.kms.katalon.core.main.TestCaseExecutor.runScript(TestCaseExecutor.java:337)&#xD;
	at com.kms.katalon.core.main.TestCaseExecutor.doExecute(TestCaseExecutor.java:328)&#xD;
	at com.kms.katalon.core.main.TestCaseExecutor.processExecutionPhase(TestCaseExecutor.java:307)&#xD;
	at com.kms.katalon.core.main.TestCaseExecutor.accessMainPhase(TestCaseExecutor.java:299)&#xD;
	at com.kms.katalon.core.main.TestCaseExecutor.execute(TestCaseExecutor.java:233)&#xD;
	at com.kms.katalon.core.main.TestSuiteExecutor.accessTestCaseMainPhase(TestSuiteExecutor.java:133)&#xD;
	at com.kms.katalon.core.main.TestSuiteExecutor.accessTestSuiteMainPhase(TestSuiteExecutor.java:116)&#xD;
	at com.kms.katalon.core.main.TestSuiteExecutor.execute(TestSuiteExecutor.java:83)&#xD;
	at com.kms.katalon.core.main.TestCaseMain.startTestSuite(TestCaseMain.java:157)&#xD;
	at com.kms.katalon.core.main.TestCaseMain$startTestSuite$0.call(Unknown Source)&#xD;
	at TempTestSuite1566900409643.run(TempTestSuite1566900409643.groovy:35)</system-err>
        </testcase>
        <testcase name="Test Cases/AlterationScoringRuleApps/Financial Non Employee/Non Ultimate/FE4/TC-2 IDR FE4" classname="Test Cases/AlterationScoringRuleApps/Financial Non Employee/Non Ultimate/FE4/TC-2 IDR FE4" status="ERROR">
            <error type="ERROR" message="Test Cases/AlterationScoringRuleApps/Financial Non Employee/Non Ultimate/FE4/TC-2 IDR FE4 FAILED.&#xA;Reason:&#xA;java.lang.NullPointerException: Cannot get property 'description' on null object&#xD;&#xA;&#x9;at TC-2 IDR FE4.run(TC-2 IDR FE4:30)&#xD;&#xA;&#x9;at com.kms.katalon.core.main.ScriptEngine.run(ScriptEngine.java:194)&#xD;&#xA;&#x9;at com.kms.katalon.core.main.ScriptEngine.runScriptAsRawText(ScriptEngine.java:119)&#xD;&#xA;&#x9;at com.kms.katalon.core.main.TestCaseExecutor.runScript(TestCaseExecutor.java:337)&#xD;&#xA;&#x9;at com.kms.katalon.core.main.TestCaseExecutor.doExecute(TestCaseExecutor.java:328)&#xD;&#xA;&#x9;at com.kms.katalon.core.main.TestCaseExecutor.processExecutionPhase(TestCaseExecutor.java:307)&#xD;&#xA;&#x9;at com.kms.katalon.core.main.TestCaseExecutor.accessMainPhase(TestCaseExecutor.java:299)&#xD;&#xA;&#x9;at com.kms.katalon.core.main.TestCaseExecutor.execute(TestCaseExecutor.java:233)&#xD;&#xA;&#x9;at com.kms.katalon.core.main.TestSuiteExecutor.accessTestCaseMainPhase(TestSuiteExecutor.java:133)&#xD;&#xA;&#x9;at com.kms.katalon.core.main.TestSuiteExecutor.accessTestSuiteMainPhase(TestSuiteExecutor.java:116)&#xD;&#xA;&#x9;at com.kms.katalon.core.main.TestSuiteExecutor.execute(TestSuiteExecutor.java:83)&#xD;&#xA;&#x9;at com.kms.katalon.core.main.TestCaseMain.startTestSuite(TestCaseMain.java:157)&#xD;&#xA;&#x9;at com.kms.katalon.core.main.TestCaseMain$startTestSuite$0.call(Unknown Source)&#xD;&#xA;&#x9;at TempTestSuite1566900409643.run(TempTestSuite1566900409643.groovy:35)&#xD;&#xA;"/>
            <system-out>2019-08-27 17:07:25 - [TEST_CASE][ERROR] - Test Cases/AlterationScoringRuleApps/Financial Non Employee/Non Ultimate/FE4/TC-2 IDR FE4: Test Cases/AlterationScoringRuleApps/Financial Non Employee/Non Ultimate/FE4/TC-2 IDR FE4 FAILED.
Reason:
java.lang.NullPointerException: Cannot get property 'description' on null object&#xD;
	at TC-2 IDR FE4.run(TC-2 IDR FE4:30)&#xD;
	at com.kms.katalon.core.main.ScriptEngine.run(ScriptEngine.java:194)&#xD;
	at com.kms.katalon.core.main.ScriptEngine.runScriptAsRawText(ScriptEngine.java:119)&#xD;
	at com.kms.katalon.core.main.TestCaseExecutor.runScript(TestCaseExecutor.java:337)&#xD;
	at com.kms.katalon.core.main.TestCaseExecutor.doExecute(TestCaseExecutor.java:328)&#xD;
	at com.kms.katalon.core.main.TestCaseExecutor.processExecutionPhase(TestCaseExecutor.java:307)&#xD;
	at com.kms.katalon.core.main.TestCaseExecutor.accessMainPhase(TestCaseExecutor.java:299)&#xD;
	at com.kms.katalon.core.main.TestCaseExecutor.execute(TestCaseExecutor.java:233)&#xD;
	at com.kms.katalon.core.main.TestSuiteExecutor.accessTestCaseMainPhase(TestSuiteExecutor.java:133)&#xD;
	at com.kms.katalon.core.main.TestSuiteExecutor.accessTestSuiteMainPhase(TestSuiteExecutor.java:116)&#xD;
	at com.kms.katalon.core.main.TestSuiteExecutor.execute(TestSuiteExecutor.java:83)&#xD;
	at com.kms.katalon.core.main.TestCaseMain.startTestSuite(TestCaseMain.java:157)&#xD;
	at com.kms.katalon.core.main.TestCaseMain$startTestSuite$0.call(Unknown Source)&#xD;
	at TempTestSuite1566900409643.run(TempTestSuite1566900409643.groovy:35)&#xD;
&#xD;
&#xD;
2019-08-27 17:07:25 - [TEST_STEP][PASSED] - random = new java.util.Random(): null&#xD;
&#xD;
2019-08-27 17:07:25 - [TEST_STEP][PASSED] - compareHighestValueFsaDeathVsAddccMax = 15000000000: null&#xD;
&#xD;
2019-08-27 17:07:25 - [TEST_STEP][PASSED] - compareHighestValueFsaDeathVsAddccMin = 5000000001: null&#xD;
&#xD;
2019-08-27 17:07:25 - [TEST_STEP][PASSED] - compareHighestValueFsaDeathVsAddcc = random.nextInt(compareHighestValueFsaDeathVsAddccMax - compareHighestValueFsaDeathVsAddccMin) + compareHighestValueFsaDeathVsAddccMin: null&#xD;
&#xD;
2019-08-27 17:07:25 - [TEST_STEP][PASSED] - println(compareHighestValueFsaDeathVsAddcc): null&#xD;
&#xD;
2019-08-27 17:07:25 - [TEST_STEP][PASSED] - comment("Send request"): Send request&#xD;
&#xD;
2019-08-27 17:07:25 - [MESSAGE][INFO] - Send request&#xD;
&#xD;
2019-08-27 17:07:25 - [TEST_STEP][PASSED] - response = sendRequest(findTestObject("AlterationScoringRuleApps/Financial Non Employee/Non Ultimate/Object Request", ["transactionType":transactionType, "role":role, "increasingFsaFlag":increasingFsaFlag, "pecFlag":pecFlag, "occupationCode":occupationCode, ... ])): Send request successfully&#xD;
&#xD;
2019-08-27 17:07:26 - [MESSAGE][INFO] - HAR: C:\SURYAPURBA\PHS\PHS-BRMS\Reports\FinancialNonEmployee_NonUltimate\20190827_170649\requests\main\38.har&#xD;
&#xD;
2019-08-27 17:07:26 - [MESSAGE][PASSED] - Send request successfully&#xD;
&#xD;
2019-08-27 17:07:26 - [TEST_STEP][PASSED] - slurper = new groovy.json.JsonSlurper(): null&#xD;
&#xD;
2019-08-27 17:07:26 - [TEST_STEP][PASSED] - parseResponse = slurper.parseText(response.getResponseText()): null&#xD;
&#xD;
2019-08-27 17:07:26 - [TEST_STEP][PASSED] - println(parseResponse): null&#xD;
&#xD;
2019-08-27 17:07:26 - [TEST_STEP][PASSED] - attributes = evidenceCode: null&#xD;
&#xD;
2019-08-27 17:07:26 - [TEST_STEP][PASSED] - println(attributes): null&#xD;
&#xD;
2019-08-27 17:07:26 - [TEST_STEP][PASSED] - expected = description == "Butuh LSAR, ABR": null&#xD;
&#xD;
2019-08-27 17:07:26 - [TEST_STEP][PASSED] - Start listener action : sampleAfterTestCase: null</system-out>
            <system-err>2019-08-27 17:07:25 - [TEST_CASE][ERROR] - Test Cases/AlterationScoringRuleApps/Financial Non Employee/Non Ultimate/FE4/TC-2 IDR FE4: Test Cases/AlterationScoringRuleApps/Financial Non Employee/Non Ultimate/FE4/TC-2 IDR FE4 FAILED.
Reason:
java.lang.NullPointerException: Cannot get property 'description' on null object&#xD;
	at TC-2 IDR FE4.run(TC-2 IDR FE4:30)&#xD;
	at com.kms.katalon.core.main.ScriptEngine.run(ScriptEngine.java:194)&#xD;
	at com.kms.katalon.core.main.ScriptEngine.runScriptAsRawText(ScriptEngine.java:119)&#xD;
	at com.kms.katalon.core.main.TestCaseExecutor.runScript(TestCaseExecutor.java:337)&#xD;
	at com.kms.katalon.core.main.TestCaseExecutor.doExecute(TestCaseExecutor.java:328)&#xD;
	at com.kms.katalon.core.main.TestCaseExecutor.processExecutionPhase(TestCaseExecutor.java:307)&#xD;
	at com.kms.katalon.core.main.TestCaseExecutor.accessMainPhase(TestCaseExecutor.java:299)&#xD;
	at com.kms.katalon.core.main.TestCaseExecutor.execute(TestCaseExecutor.java:233)&#xD;
	at com.kms.katalon.core.main.TestSuiteExecutor.accessTestCaseMainPhase(TestSuiteExecutor.java:133)&#xD;
	at com.kms.katalon.core.main.TestSuiteExecutor.accessTestSuiteMainPhase(TestSuiteExecutor.java:116)&#xD;
	at com.kms.katalon.core.main.TestSuiteExecutor.execute(TestSuiteExecutor.java:83)&#xD;
	at com.kms.katalon.core.main.TestCaseMain.startTestSuite(TestCaseMain.java:157)&#xD;
	at com.kms.katalon.core.main.TestCaseMain$startTestSuite$0.call(Unknown Source)&#xD;
	at TempTestSuite1566900409643.run(TempTestSuite1566900409643.groovy:35)</system-err>
        </testcase>
        <testcase name="Test Cases/AlterationScoringRuleApps/Financial Non Employee/Non Ultimate/FE4/TC-2 IDR FE4" classname="Test Cases/AlterationScoringRuleApps/Financial Non Employee/Non Ultimate/FE4/TC-2 IDR FE4" status="ERROR">
            <error type="ERROR" message="Test Cases/AlterationScoringRuleApps/Financial Non Employee/Non Ultimate/FE4/TC-2 IDR FE4 FAILED.&#xA;Reason:&#xA;java.lang.NullPointerException: Cannot get property 'description' on null object&#xD;&#xA;&#x9;at TC-2 IDR FE4.run(TC-2 IDR FE4:30)&#xD;&#xA;&#x9;at com.kms.katalon.core.main.ScriptEngine.run(ScriptEngine.java:194)&#xD;&#xA;&#x9;at com.kms.katalon.core.main.ScriptEngine.runScriptAsRawText(ScriptEngine.java:119)&#xD;&#xA;&#x9;at com.kms.katalon.core.main.TestCaseExecutor.runScript(TestCaseExecutor.java:337)&#xD;&#xA;&#x9;at com.kms.katalon.core.main.TestCaseExecutor.doExecute(TestCaseExecutor.java:328)&#xD;&#xA;&#x9;at com.kms.katalon.core.main.TestCaseExecutor.processExecutionPhase(TestCaseExecutor.java:307)&#xD;&#xA;&#x9;at com.kms.katalon.core.main.TestCaseExecutor.accessMainPhase(TestCaseExecutor.java:299)&#xD;&#xA;&#x9;at com.kms.katalon.core.main.TestCaseExecutor.execute(TestCaseExecutor.java:233)&#xD;&#xA;&#x9;at com.kms.katalon.core.main.TestSuiteExecutor.accessTestCaseMainPhase(TestSuiteExecutor.java:133)&#xD;&#xA;&#x9;at com.kms.katalon.core.main.TestSuiteExecutor.accessTestSuiteMainPhase(TestSuiteExecutor.java:116)&#xD;&#xA;&#x9;at com.kms.katalon.core.main.TestSuiteExecutor.execute(TestSuiteExecutor.java:83)&#xD;&#xA;&#x9;at com.kms.katalon.core.main.TestCaseMain.startTestSuite(TestCaseMain.java:157)&#xD;&#xA;&#x9;at com.kms.katalon.core.main.TestCaseMain$startTestSuite$0.call(Unknown Source)&#xD;&#xA;&#x9;at TempTestSuite1566900409643.run(TempTestSuite1566900409643.groovy:35)&#xD;&#xA;"/>
            <system-out>2019-08-27 17:07:26 - [TEST_CASE][ERROR] - Test Cases/AlterationScoringRuleApps/Financial Non Employee/Non Ultimate/FE4/TC-2 IDR FE4: Test Cases/AlterationScoringRuleApps/Financial Non Employee/Non Ultimate/FE4/TC-2 IDR FE4 FAILED.
Reason:
java.lang.NullPointerException: Cannot get property 'description' on null object&#xD;
	at TC-2 IDR FE4.run(TC-2 IDR FE4:30)&#xD;
	at com.kms.katalon.core.main.ScriptEngine.run(ScriptEngine.java:194)&#xD;
	at com.kms.katalon.core.main.ScriptEngine.runScriptAsRawText(ScriptEngine.java:119)&#xD;
	at com.kms.katalon.core.main.TestCaseExecutor.runScript(TestCaseExecutor.java:337)&#xD;
	at com.kms.katalon.core.main.TestCaseExecutor.doExecute(TestCaseExecutor.java:328)&#xD;
	at com.kms.katalon.core.main.TestCaseExecutor.processExecutionPhase(TestCaseExecutor.java:307)&#xD;
	at com.kms.katalon.core.main.TestCaseExecutor.accessMainPhase(TestCaseExecutor.java:299)&#xD;
	at com.kms.katalon.core.main.TestCaseExecutor.execute(TestCaseExecutor.java:233)&#xD;
	at com.kms.katalon.core.main.TestSuiteExecutor.accessTestCaseMainPhase(TestSuiteExecutor.java:133)&#xD;
	at com.kms.katalon.core.main.TestSuiteExecutor.accessTestSuiteMainPhase(TestSuiteExecutor.java:116)&#xD;
	at com.kms.katalon.core.main.TestSuiteExecutor.execute(TestSuiteExecutor.java:83)&#xD;
	at com.kms.katalon.core.main.TestCaseMain.startTestSuite(TestCaseMain.java:157)&#xD;
	at com.kms.katalon.core.main.TestCaseMain$startTestSuite$0.call(Unknown Source)&#xD;
	at TempTestSuite1566900409643.run(TempTestSuite1566900409643.groovy:35)&#xD;
&#xD;
&#xD;
2019-08-27 17:07:26 - [TEST_STEP][PASSED] - random = new java.util.Random(): null&#xD;
&#xD;
2019-08-27 17:07:26 - [TEST_STEP][PASSED] - compareHighestValueFsaDeathVsAddccMax = 15000000000: null&#xD;
&#xD;
2019-08-27 17:07:26 - [TEST_STEP][PASSED] - compareHighestValueFsaDeathVsAddccMin = 5000000001: null&#xD;
&#xD;
2019-08-27 17:07:26 - [TEST_STEP][PASSED] - compareHighestValueFsaDeathVsAddcc = random.nextInt(compareHighestValueFsaDeathVsAddccMax - compareHighestValueFsaDeathVsAddccMin) + compareHighestValueFsaDeathVsAddccMin: null&#xD;
&#xD;
2019-08-27 17:07:26 - [TEST_STEP][PASSED] - println(compareHighestValueFsaDeathVsAddcc): null&#xD;
&#xD;
2019-08-27 17:07:26 - [TEST_STEP][PASSED] - comment("Send request"): Send request&#xD;
&#xD;
2019-08-27 17:07:26 - [MESSAGE][INFO] - Send request&#xD;
&#xD;
2019-08-27 17:07:26 - [TEST_STEP][PASSED] - response = sendRequest(findTestObject("AlterationScoringRuleApps/Financial Non Employee/Non Ultimate/Object Request", ["transactionType":transactionType, "role":role, "increasingFsaFlag":increasingFsaFlag, "pecFlag":pecFlag, "occupationCode":occupationCode, ... ])): Send request successfully&#xD;
&#xD;
2019-08-27 17:07:27 - [MESSAGE][INFO] - HAR: C:\SURYAPURBA\PHS\PHS-BRMS\Reports\FinancialNonEmployee_NonUltimate\20190827_170649\requests\main\39.har&#xD;
&#xD;
2019-08-27 17:07:27 - [MESSAGE][PASSED] - Send request successfully&#xD;
&#xD;
2019-08-27 17:07:27 - [TEST_STEP][PASSED] - slurper = new groovy.json.JsonSlurper(): null&#xD;
&#xD;
2019-08-27 17:07:27 - [TEST_STEP][PASSED] - parseResponse = slurper.parseText(response.getResponseText()): null&#xD;
&#xD;
2019-08-27 17:07:27 - [TEST_STEP][PASSED] - println(parseResponse): null&#xD;
&#xD;
2019-08-27 17:07:27 - [TEST_STEP][PASSED] - attributes = evidenceCode: null&#xD;
&#xD;
2019-08-27 17:07:27 - [TEST_STEP][PASSED] - println(attributes): null&#xD;
&#xD;
2019-08-27 17:07:27 - [TEST_STEP][PASSED] - expected = description == "Butuh LSAR, ABR": null&#xD;
&#xD;
2019-08-27 17:07:27 - [TEST_STEP][PASSED] - Start listener action : sampleAfterTestCase: null</system-out>
            <system-err>2019-08-27 17:07:26 - [TEST_CASE][ERROR] - Test Cases/AlterationScoringRuleApps/Financial Non Employee/Non Ultimate/FE4/TC-2 IDR FE4: Test Cases/AlterationScoringRuleApps/Financial Non Employee/Non Ultimate/FE4/TC-2 IDR FE4 FAILED.
Reason:
java.lang.NullPointerException: Cannot get property 'description' on null object&#xD;
	at TC-2 IDR FE4.run(TC-2 IDR FE4:30)&#xD;
	at com.kms.katalon.core.main.ScriptEngine.run(ScriptEngine.java:194)&#xD;
	at com.kms.katalon.core.main.ScriptEngine.runScriptAsRawText(ScriptEngine.java:119)&#xD;
	at com.kms.katalon.core.main.TestCaseExecutor.runScript(TestCaseExecutor.java:337)&#xD;
	at com.kms.katalon.core.main.TestCaseExecutor.doExecute(TestCaseExecutor.java:328)&#xD;
	at com.kms.katalon.core.main.TestCaseExecutor.processExecutionPhase(TestCaseExecutor.java:307)&#xD;
	at com.kms.katalon.core.main.TestCaseExecutor.accessMainPhase(TestCaseExecutor.java:299)&#xD;
	at com.kms.katalon.core.main.TestCaseExecutor.execute(TestCaseExecutor.java:233)&#xD;
	at com.kms.katalon.core.main.TestSuiteExecutor.accessTestCaseMainPhase(TestSuiteExecutor.java:133)&#xD;
	at com.kms.katalon.core.main.TestSuiteExecutor.accessTestSuiteMainPhase(TestSuiteExecutor.java:116)&#xD;
	at com.kms.katalon.core.main.TestSuiteExecutor.execute(TestSuiteExecutor.java:83)&#xD;
	at com.kms.katalon.core.main.TestCaseMain.startTestSuite(TestCaseMain.java:157)&#xD;
	at com.kms.katalon.core.main.TestCaseMain$startTestSuite$0.call(Unknown Source)&#xD;
	at TempTestSuite1566900409643.run(TempTestSuite1566900409643.groovy:35)</system-err>
        </testcase>
        <testcase name="Test Cases/AlterationScoringRuleApps/Financial Non Employee/Non Ultimate/FE4/TC-2 IDR FE4" classname="Test Cases/AlterationScoringRuleApps/Financial Non Employee/Non Ultimate/FE4/TC-2 IDR FE4" status="ERROR">
            <error type="ERROR" message="Test Cases/AlterationScoringRuleApps/Financial Non Employee/Non Ultimate/FE4/TC-2 IDR FE4 FAILED.&#xA;Reason:&#xA;java.lang.NullPointerException: Cannot get property 'description' on null object&#xD;&#xA;&#x9;at TC-2 IDR FE4.run(TC-2 IDR FE4:30)&#xD;&#xA;&#x9;at com.kms.katalon.core.main.ScriptEngine.run(ScriptEngine.java:194)&#xD;&#xA;&#x9;at com.kms.katalon.core.main.ScriptEngine.runScriptAsRawText(ScriptEngine.java:119)&#xD;&#xA;&#x9;at com.kms.katalon.core.main.TestCaseExecutor.runScript(TestCaseExecutor.java:337)&#xD;&#xA;&#x9;at com.kms.katalon.core.main.TestCaseExecutor.doExecute(TestCaseExecutor.java:328)&#xD;&#xA;&#x9;at com.kms.katalon.core.main.TestCaseExecutor.processExecutionPhase(TestCaseExecutor.java:307)&#xD;&#xA;&#x9;at com.kms.katalon.core.main.TestCaseExecutor.accessMainPhase(TestCaseExecutor.java:299)&#xD;&#xA;&#x9;at com.kms.katalon.core.main.TestCaseExecutor.execute(TestCaseExecutor.java:233)&#xD;&#xA;&#x9;at com.kms.katalon.core.main.TestSuiteExecutor.accessTestCaseMainPhase(TestSuiteExecutor.java:133)&#xD;&#xA;&#x9;at com.kms.katalon.core.main.TestSuiteExecutor.accessTestSuiteMainPhase(TestSuiteExecutor.java:116)&#xD;&#xA;&#x9;at com.kms.katalon.core.main.TestSuiteExecutor.execute(TestSuiteExecutor.java:83)&#xD;&#xA;&#x9;at com.kms.katalon.core.main.TestCaseMain.startTestSuite(TestCaseMain.java:157)&#xD;&#xA;&#x9;at com.kms.katalon.core.main.TestCaseMain$startTestSuite$0.call(Unknown Source)&#xD;&#xA;&#x9;at TempTestSuite1566900409643.run(TempTestSuite1566900409643.groovy:35)&#xD;&#xA;"/>
            <system-out>2019-08-27 17:07:28 - [TEST_CASE][ERROR] - Test Cases/AlterationScoringRuleApps/Financial Non Employee/Non Ultimate/FE4/TC-2 IDR FE4: Test Cases/AlterationScoringRuleApps/Financial Non Employee/Non Ultimate/FE4/TC-2 IDR FE4 FAILED.
Reason:
java.lang.NullPointerException: Cannot get property 'description' on null object&#xD;
	at TC-2 IDR FE4.run(TC-2 IDR FE4:30)&#xD;
	at com.kms.katalon.core.main.ScriptEngine.run(ScriptEngine.java:194)&#xD;
	at com.kms.katalon.core.main.ScriptEngine.runScriptAsRawText(ScriptEngine.java:119)&#xD;
	at com.kms.katalon.core.main.TestCaseExecutor.runScript(TestCaseExecutor.java:337)&#xD;
	at com.kms.katalon.core.main.TestCaseExecutor.doExecute(TestCaseExecutor.java:328)&#xD;
	at com.kms.katalon.core.main.TestCaseExecutor.processExecutionPhase(TestCaseExecutor.java:307)&#xD;
	at com.kms.katalon.core.main.TestCaseExecutor.accessMainPhase(TestCaseExecutor.java:299)&#xD;
	at com.kms.katalon.core.main.TestCaseExecutor.execute(TestCaseExecutor.java:233)&#xD;
	at com.kms.katalon.core.main.TestSuiteExecutor.accessTestCaseMainPhase(TestSuiteExecutor.java:133)&#xD;
	at com.kms.katalon.core.main.TestSuiteExecutor.accessTestSuiteMainPhase(TestSuiteExecutor.java:116)&#xD;
	at com.kms.katalon.core.main.TestSuiteExecutor.execute(TestSuiteExecutor.java:83)&#xD;
	at com.kms.katalon.core.main.TestCaseMain.startTestSuite(TestCaseMain.java:157)&#xD;
	at com.kms.katalon.core.main.TestCaseMain$startTestSuite$0.call(Unknown Source)&#xD;
	at TempTestSuite1566900409643.run(TempTestSuite1566900409643.groovy:35)&#xD;
&#xD;
&#xD;
2019-08-27 17:07:29 - [TEST_STEP][PASSED] - random = new java.util.Random(): null&#xD;
&#xD;
2019-08-27 17:07:29 - [TEST_STEP][PASSED] - compareHighestValueFsaDeathVsAddccMax = 15000000000: null&#xD;
&#xD;
2019-08-27 17:07:29 - [TEST_STEP][PASSED] - compareHighestValueFsaDeathVsAddccMin = 5000000001: null&#xD;
&#xD;
2019-08-27 17:07:29 - [TEST_STEP][PASSED] - compareHighestValueFsaDeathVsAddcc = random.nextInt(compareHighestValueFsaDeathVsAddccMax - compareHighestValueFsaDeathVsAddccMin) + compareHighestValueFsaDeathVsAddccMin: null&#xD;
&#xD;
2019-08-27 17:07:29 - [TEST_STEP][PASSED] - println(compareHighestValueFsaDeathVsAddcc): null&#xD;
&#xD;
2019-08-27 17:07:29 - [TEST_STEP][PASSED] - comment("Send request"): Send request&#xD;
&#xD;
2019-08-27 17:07:29 - [MESSAGE][INFO] - Send request&#xD;
&#xD;
2019-08-27 17:07:29 - [TEST_STEP][PASSED] - response = sendRequest(findTestObject("AlterationScoringRuleApps/Financial Non Employee/Non Ultimate/Object Request", ["transactionType":transactionType, "role":role, "increasingFsaFlag":increasingFsaFlag, "pecFlag":pecFlag, "occupationCode":occupationCode, ... ])): Send request successfully&#xD;
&#xD;
2019-08-27 17:07:29 - [MESSAGE][INFO] - HAR: C:\SURYAPURBA\PHS\PHS-BRMS\Reports\FinancialNonEmployee_NonUltimate\20190827_170649\requests\main\40.har&#xD;
&#xD;
2019-08-27 17:07:29 - [MESSAGE][PASSED] - Send request successfully&#xD;
&#xD;
2019-08-27 17:07:29 - [TEST_STEP][PASSED] - slurper = new groovy.json.JsonSlurper(): null&#xD;
&#xD;
2019-08-27 17:07:29 - [TEST_STEP][PASSED] - parseResponse = slurper.parseText(response.getResponseText()): null&#xD;
&#xD;
2019-08-27 17:07:29 - [TEST_STEP][PASSED] - println(parseResponse): null&#xD;
&#xD;
2019-08-27 17:07:29 - [TEST_STEP][PASSED] - attributes = evidenceCode: null&#xD;
&#xD;
2019-08-27 17:07:29 - [TEST_STEP][PASSED] - println(attributes): null&#xD;
&#xD;
2019-08-27 17:07:29 - [TEST_STEP][PASSED] - expected = description == "Butuh LSAR, ABR": null&#xD;
&#xD;
2019-08-27 17:07:30 - [TEST_STEP][PASSED] - Start listener action : sampleAfterTestCase: null</system-out>
            <system-err>2019-08-27 17:07:28 - [TEST_CASE][ERROR] - Test Cases/AlterationScoringRuleApps/Financial Non Employee/Non Ultimate/FE4/TC-2 IDR FE4: Test Cases/AlterationScoringRuleApps/Financial Non Employee/Non Ultimate/FE4/TC-2 IDR FE4 FAILED.
Reason:
java.lang.NullPointerException: Cannot get property 'description' on null object&#xD;
	at TC-2 IDR FE4.run(TC-2 IDR FE4:30)&#xD;
	at com.kms.katalon.core.main.ScriptEngine.run(ScriptEngine.java:194)&#xD;
	at com.kms.katalon.core.main.ScriptEngine.runScriptAsRawText(ScriptEngine.java:119)&#xD;
	at com.kms.katalon.core.main.TestCaseExecutor.runScript(TestCaseExecutor.java:337)&#xD;
	at com.kms.katalon.core.main.TestCaseExecutor.doExecute(TestCaseExecutor.java:328)&#xD;
	at com.kms.katalon.core.main.TestCaseExecutor.processExecutionPhase(TestCaseExecutor.java:307)&#xD;
	at com.kms.katalon.core.main.TestCaseExecutor.accessMainPhase(TestCaseExecutor.java:299)&#xD;
	at com.kms.katalon.core.main.TestCaseExecutor.execute(TestCaseExecutor.java:233)&#xD;
	at com.kms.katalon.core.main.TestSuiteExecutor.accessTestCaseMainPhase(TestSuiteExecutor.java:133)&#xD;
	at com.kms.katalon.core.main.TestSuiteExecutor.accessTestSuiteMainPhase(TestSuiteExecutor.java:116)&#xD;
	at com.kms.katalon.core.main.TestSuiteExecutor.execute(TestSuiteExecutor.java:83)&#xD;
	at com.kms.katalon.core.main.TestCaseMain.startTestSuite(TestCaseMain.java:157)&#xD;
	at com.kms.katalon.core.main.TestCaseMain$startTestSuite$0.call(Unknown Source)&#xD;
	at TempTestSuite1566900409643.run(TempTestSuite1566900409643.groovy:35)</system-err>
        </testcase>
        <testcase name="Test Cases/AlterationScoringRuleApps/Financial Non Employee/Non Ultimate/FE4/TC-2 IDR FE4" classname="Test Cases/AlterationScoringRuleApps/Financial Non Employee/Non Ultimate/FE4/TC-2 IDR FE4" status="ERROR">
            <error type="ERROR" message="Test Cases/AlterationScoringRuleApps/Financial Non Employee/Non Ultimate/FE4/TC-2 IDR FE4 FAILED.&#xA;Reason:&#xA;java.lang.NullPointerException: Cannot get property 'description' on null object&#xD;&#xA;&#x9;at TC-2 IDR FE4.run(TC-2 IDR FE4:30)&#xD;&#xA;&#x9;at com.kms.katalon.core.main.ScriptEngine.run(ScriptEngine.java:194)&#xD;&#xA;&#x9;at com.kms.katalon.core.main.ScriptEngine.runScriptAsRawText(ScriptEngine.java:119)&#xD;&#xA;&#x9;at com.kms.katalon.core.main.TestCaseExecutor.runScript(TestCaseExecutor.java:337)&#xD;&#xA;&#x9;at com.kms.katalon.core.main.TestCaseExecutor.doExecute(TestCaseExecutor.java:328)&#xD;&#xA;&#x9;at com.kms.katalon.core.main.TestCaseExecutor.processExecutionPhase(TestCaseExecutor.java:307)&#xD;&#xA;&#x9;at com.kms.katalon.core.main.TestCaseExecutor.accessMainPhase(TestCaseExecutor.java:299)&#xD;&#xA;&#x9;at com.kms.katalon.core.main.TestCaseExecutor.execute(TestCaseExecutor.java:233)&#xD;&#xA;&#x9;at com.kms.katalon.core.main.TestSuiteExecutor.accessTestCaseMainPhase(TestSuiteExecutor.java:133)&#xD;&#xA;&#x9;at com.kms.katalon.core.main.TestSuiteExecutor.accessTestSuiteMainPhase(TestSuiteExecutor.java:116)&#xD;&#xA;&#x9;at com.kms.katalon.core.main.TestSuiteExecutor.execute(TestSuiteExecutor.java:83)&#xD;&#xA;&#x9;at com.kms.katalon.core.main.TestCaseMain.startTestSuite(TestCaseMain.java:157)&#xD;&#xA;&#x9;at com.kms.katalon.core.main.TestCaseMain$startTestSuite$0.call(Unknown Source)&#xD;&#xA;&#x9;at TempTestSuite1566900409643.run(TempTestSuite1566900409643.groovy:35)&#xD;&#xA;"/>
            <system-out>2019-08-27 17:07:30 - [TEST_CASE][ERROR] - Test Cases/AlterationScoringRuleApps/Financial Non Employee/Non Ultimate/FE4/TC-2 IDR FE4: Test Cases/AlterationScoringRuleApps/Financial Non Employee/Non Ultimate/FE4/TC-2 IDR FE4 FAILED.
Reason:
java.lang.NullPointerException: Cannot get property 'description' on null object&#xD;
	at TC-2 IDR FE4.run(TC-2 IDR FE4:30)&#xD;
	at com.kms.katalon.core.main.ScriptEngine.run(ScriptEngine.java:194)&#xD;
	at com.kms.katalon.core.main.ScriptEngine.runScriptAsRawText(ScriptEngine.java:119)&#xD;
	at com.kms.katalon.core.main.TestCaseExecutor.runScript(TestCaseExecutor.java:337)&#xD;
	at com.kms.katalon.core.main.TestCaseExecutor.doExecute(TestCaseExecutor.java:328)&#xD;
	at com.kms.katalon.core.main.TestCaseExecutor.processExecutionPhase(TestCaseExecutor.java:307)&#xD;
	at com.kms.katalon.core.main.TestCaseExecutor.accessMainPhase(TestCaseExecutor.java:299)&#xD;
	at com.kms.katalon.core.main.TestCaseExecutor.execute(TestCaseExecutor.java:233)&#xD;
	at com.kms.katalon.core.main.TestSuiteExecutor.accessTestCaseMainPhase(TestSuiteExecutor.java:133)&#xD;
	at com.kms.katalon.core.main.TestSuiteExecutor.accessTestSuiteMainPhase(TestSuiteExecutor.java:116)&#xD;
	at com.kms.katalon.core.main.TestSuiteExecutor.execute(TestSuiteExecutor.java:83)&#xD;
	at com.kms.katalon.core.main.TestCaseMain.startTestSuite(TestCaseMain.java:157)&#xD;
	at com.kms.katalon.core.main.TestCaseMain$startTestSuite$0.call(Unknown Source)&#xD;
	at TempTestSuite1566900409643.run(TempTestSuite1566900409643.groovy:35)&#xD;
&#xD;
&#xD;
2019-08-27 17:07:30 - [TEST_STEP][PASSED] - random = new java.util.Random(): null&#xD;
&#xD;
2019-08-27 17:07:30 - [TEST_STEP][PASSED] - compareHighestValueFsaDeathVsAddccMax = 15000000000: null&#xD;
&#xD;
2019-08-27 17:07:30 - [TEST_STEP][PASSED] - compareHighestValueFsaDeathVsAddccMin = 5000000001: null&#xD;
&#xD;
2019-08-27 17:07:30 - [TEST_STEP][PASSED] - compareHighestValueFsaDeathVsAddcc = random.nextInt(compareHighestValueFsaDeathVsAddccMax - compareHighestValueFsaDeathVsAddccMin) + compareHighestValueFsaDeathVsAddccMin: null&#xD;
&#xD;
2019-08-27 17:07:30 - [TEST_STEP][PASSED] - println(compareHighestValueFsaDeathVsAddcc): null&#xD;
&#xD;
2019-08-27 17:07:30 - [TEST_STEP][PASSED] - comment("Send request"): Send request&#xD;
&#xD;
2019-08-27 17:07:30 - [MESSAGE][INFO] - Send request&#xD;
&#xD;
2019-08-27 17:07:30 - [TEST_STEP][PASSED] - response = sendRequest(findTestObject("AlterationScoringRuleApps/Financial Non Employee/Non Ultimate/Object Request", ["transactionType":transactionType, "role":role, "increasingFsaFlag":increasingFsaFlag, "pecFlag":pecFlag, "occupationCode":occupationCode, ... ])): Send request successfully&#xD;
&#xD;
2019-08-27 17:07:30 - [MESSAGE][INFO] - HAR: C:\SURYAPURBA\PHS\PHS-BRMS\Reports\FinancialNonEmployee_NonUltimate\20190827_170649\requests\main\41.har&#xD;
&#xD;
2019-08-27 17:07:30 - [MESSAGE][PASSED] - Send request successfully&#xD;
&#xD;
2019-08-27 17:07:30 - [TEST_STEP][PASSED] - slurper = new groovy.json.JsonSlurper(): null&#xD;
&#xD;
2019-08-27 17:07:30 - [TEST_STEP][PASSED] - parseResponse = slurper.parseText(response.getResponseText()): null&#xD;
&#xD;
2019-08-27 17:07:30 - [TEST_STEP][PASSED] - println(parseResponse): null&#xD;
&#xD;
2019-08-27 17:07:30 - [TEST_STEP][PASSED] - attributes = evidenceCode: null&#xD;
&#xD;
2019-08-27 17:07:30 - [TEST_STEP][PASSED] - println(attributes): null&#xD;
&#xD;
2019-08-27 17:07:30 - [TEST_STEP][PASSED] - expected = description == "Butuh LSAR, ABR": null&#xD;
&#xD;
2019-08-27 17:07:30 - [TEST_STEP][PASSED] - Start listener action : sampleAfterTestCase: null</system-out>
            <system-err>2019-08-27 17:07:30 - [TEST_CASE][ERROR] - Test Cases/AlterationScoringRuleApps/Financial Non Employee/Non Ultimate/FE4/TC-2 IDR FE4: Test Cases/AlterationScoringRuleApps/Financial Non Employee/Non Ultimate/FE4/TC-2 IDR FE4 FAILED.
Reason:
java.lang.NullPointerException: Cannot get property 'description' on null object&#xD;
	at TC-2 IDR FE4.run(TC-2 IDR FE4:30)&#xD;
	at com.kms.katalon.core.main.ScriptEngine.run(ScriptEngine.java:194)&#xD;
	at com.kms.katalon.core.main.ScriptEngine.runScriptAsRawText(ScriptEngine.java:119)&#xD;
	at com.kms.katalon.core.main.TestCaseExecutor.runScript(TestCaseExecutor.java:337)&#xD;
	at com.kms.katalon.core.main.TestCaseExecutor.doExecute(TestCaseExecutor.java:328)&#xD;
	at com.kms.katalon.core.main.TestCaseExecutor.processExecutionPhase(TestCaseExecutor.java:307)&#xD;
	at com.kms.katalon.core.main.TestCaseExecutor.accessMainPhase(TestCaseExecutor.java:299)&#xD;
	at com.kms.katalon.core.main.TestCaseExecutor.execute(TestCaseExecutor.java:233)&#xD;
	at com.kms.katalon.core.main.TestSuiteExecutor.accessTestCaseMainPhase(TestSuiteExecutor.java:133)&#xD;
	at com.kms.katalon.core.main.TestSuiteExecutor.accessTestSuiteMainPhase(TestSuiteExecutor.java:116)&#xD;
	at com.kms.katalon.core.main.TestSuiteExecutor.execute(TestSuiteExecutor.java:83)&#xD;
	at com.kms.katalon.core.main.TestCaseMain.startTestSuite(TestCaseMain.java:157)&#xD;
	at com.kms.katalon.core.main.TestCaseMain$startTestSuite$0.call(Unknown Source)&#xD;
	at TempTestSuite1566900409643.run(TempTestSuite1566900409643.groovy:35)</system-err>
        </testcase>
        <testcase name="Test Cases/AlterationScoringRuleApps/Financial Non Employee/Non Ultimate/FE5/TC-1 USD FE5" classname="Test Cases/AlterationScoringRuleApps/Financial Non Employee/Non Ultimate/FE5/TC-1 USD FE5" status="PASSED">
            <system-out>2019-08-27 17:07:31 - [TEST_CASE][PASSED] - Test Cases/AlterationScoringRuleApps/Financial Non Employee/Non Ultimate/FE5/TC-1 USD FE5: Test Cases/AlterationScoringRuleApps/Financial Non Employee/Non Ultimate/FE5/TC-1 USD FE5&#xD;
&#xD;
2019-08-27 17:07:31 - [TEST_STEP][PASSED] - random = new java.util.Random(): null&#xD;
&#xD;
2019-08-27 17:07:31 - [TEST_STEP][PASSED] - compareHighestValueFsaDeathVsAddccMax = 6250000: null&#xD;
&#xD;
2019-08-27 17:07:31 - [TEST_STEP][PASSED] - compareHighestValueFsaDeathVsAddccMin = 1875001: null&#xD;
&#xD;
2019-08-27 17:07:31 - [TEST_STEP][PASSED] - compareHighestValueFsaDeathVsAddcc = random.nextInt(compareHighestValueFsaDeathVsAddccMax - compareHighestValueFsaDeathVsAddccMin) + compareHighestValueFsaDeathVsAddccMin: null&#xD;
&#xD;
2019-08-27 17:07:31 - [TEST_STEP][PASSED] - println(compareHighestValueFsaDeathVsAddcc): null&#xD;
&#xD;
2019-08-27 17:07:31 - [TEST_STEP][PASSED] - comment("Send request"): Send request&#xD;
&#xD;
2019-08-27 17:07:31 - [MESSAGE][INFO] - Send request&#xD;
&#xD;
2019-08-27 17:07:31 - [TEST_STEP][PASSED] - response = sendRequest(findTestObject("AlterationScoringRuleApps/Financial Non Employee/Non Ultimate/Object Request", ["transactionType":transactionType, "role":role, "increasingFsaFlag":increasingFsaFlag, "pecFlag":pecFlag, "occupationCode":occupationCode, ... ])): Send request successfully&#xD;
&#xD;
2019-08-27 17:07:31 - [MESSAGE][INFO] - HAR: C:\SURYAPURBA\PHS\PHS-BRMS\Reports\FinancialNonEmployee_NonUltimate\20190827_170649\requests\main\42.har&#xD;
&#xD;
2019-08-27 17:07:32 - [MESSAGE][PASSED] - Send request successfully&#xD;
&#xD;
2019-08-27 17:07:32 - [TEST_STEP][PASSED] - slurper = new groovy.json.JsonSlurper(): null&#xD;
&#xD;
2019-08-27 17:07:32 - [TEST_STEP][PASSED] - parseResponse = slurper.parseText(response.getResponseText()): null&#xD;
&#xD;
2019-08-27 17:07:32 - [TEST_STEP][PASSED] - println(parseResponse): null&#xD;
&#xD;
2019-08-27 17:07:32 - [TEST_STEP][PASSED] - attributes = evidenceCode: null&#xD;
&#xD;
2019-08-27 17:07:32 - [TEST_STEP][PASSED] - println(attributes): null&#xD;
&#xD;
2019-08-27 17:07:32 - [TEST_STEP][PASSED] - expected = description == "Butuh LSAR, ABR, BSM, RoC, RNA, Bukti Aset": null&#xD;
&#xD;
2019-08-27 17:07:32 - [TEST_STEP][PASSED] - comment("Verify evidence code is FE5 and have description "Butuh LSAR, ABR, BSM, RoC, RNA, Bukti Aset""): Verify evidence code is FE5 and have description "Butuh LSAR, ABR, BSM, RoC, RNA, Bukti Aset"&#xD;
&#xD;
2019-08-27 17:07:32 - [MESSAGE][INFO] - Verify evidence code is FE5 and have description "Butuh LSAR, ABR, BSM, RoC, RNA, Bukti Aset"&#xD;
&#xD;
2019-08-27 17:07:32 - [TEST_STEP][PASSED] - verifyEqual(expected, true): Actual object 'true' and expected object 'true' are equal&#xD;
&#xD;
2019-08-27 17:07:32 - [MESSAGE][PASSED] - Actual object 'true' and expected object 'true' are equal&#xD;
&#xD;
2019-08-27 17:07:32 - [TEST_STEP][PASSED] - comment("Verify response status code"): Verify response status code&#xD;
&#xD;
2019-08-27 17:07:32 - [MESSAGE][INFO] - Verify response status code&#xD;
&#xD;
2019-08-27 17:07:32 - [TEST_STEP][PASSED] - verifyResponseStatusCode(response, 200): Verify response status code successfully&#xD;
&#xD;
2019-08-27 17:07:32 - [MESSAGE][PASSED] - Verify response status code successfully&#xD;
&#xD;
2019-08-27 17:07:32 - [TEST_STEP][PASSED] - Start listener action : sampleAfterTestCase: null</system-out>
            <system-err></system-err>
        </testcase>
        <testcase name="Test Cases/AlterationScoringRuleApps/Financial Non Employee/Non Ultimate/FE5/TC-1 USD FE5" classname="Test Cases/AlterationScoringRuleApps/Financial Non Employee/Non Ultimate/FE5/TC-1 USD FE5" status="PASSED">
            <system-out>2019-08-27 17:07:32 - [TEST_CASE][PASSED] - Test Cases/AlterationScoringRuleApps/Financial Non Employee/Non Ultimate/FE5/TC-1 USD FE5: Test Cases/AlterationScoringRuleApps/Financial Non Employee/Non Ultimate/FE5/TC-1 USD FE5&#xD;
&#xD;
2019-08-27 17:07:32 - [TEST_STEP][PASSED] - random = new java.util.Random(): null&#xD;
&#xD;
2019-08-27 17:07:32 - [TEST_STEP][PASSED] - compareHighestValueFsaDeathVsAddccMax = 6250000: null&#xD;
&#xD;
2019-08-27 17:07:32 - [TEST_STEP][PASSED] - compareHighestValueFsaDeathVsAddccMin = 1875001: null&#xD;
&#xD;
2019-08-27 17:07:32 - [TEST_STEP][PASSED] - compareHighestValueFsaDeathVsAddcc = random.nextInt(compareHighestValueFsaDeathVsAddccMax - compareHighestValueFsaDeathVsAddccMin) + compareHighestValueFsaDeathVsAddccMin: null&#xD;
&#xD;
2019-08-27 17:07:32 - [TEST_STEP][PASSED] - println(compareHighestValueFsaDeathVsAddcc): null&#xD;
&#xD;
2019-08-27 17:07:32 - [TEST_STEP][PASSED] - comment("Send request"): Send request&#xD;
&#xD;
2019-08-27 17:07:32 - [MESSAGE][INFO] - Send request&#xD;
&#xD;
2019-08-27 17:07:32 - [TEST_STEP][PASSED] - response = sendRequest(findTestObject("AlterationScoringRuleApps/Financial Non Employee/Non Ultimate/Object Request", ["transactionType":transactionType, "role":role, "increasingFsaFlag":increasingFsaFlag, "pecFlag":pecFlag, "occupationCode":occupationCode, ... ])): Send request successfully&#xD;
&#xD;
2019-08-27 17:07:32 - [MESSAGE][INFO] - HAR: C:\SURYAPURBA\PHS\PHS-BRMS\Reports\FinancialNonEmployee_NonUltimate\20190827_170649\requests\main\43.har&#xD;
&#xD;
2019-08-27 17:07:32 - [MESSAGE][PASSED] - Send request successfully&#xD;
&#xD;
2019-08-27 17:07:32 - [TEST_STEP][PASSED] - slurper = new groovy.json.JsonSlurper(): null&#xD;
&#xD;
2019-08-27 17:07:32 - [TEST_STEP][PASSED] - parseResponse = slurper.parseText(response.getResponseText()): null&#xD;
&#xD;
2019-08-27 17:07:33 - [TEST_STEP][PASSED] - println(parseResponse): null&#xD;
&#xD;
2019-08-27 17:07:34 - [TEST_STEP][PASSED] - attributes = evidenceCode: null&#xD;
&#xD;
2019-08-27 17:07:34 - [TEST_STEP][PASSED] - println(attributes): null&#xD;
&#xD;
2019-08-27 17:07:34 - [TEST_STEP][PASSED] - expected = description == "Butuh LSAR, ABR, BSM, RoC, RNA, Bukti Aset": null&#xD;
&#xD;
2019-08-27 17:07:34 - [TEST_STEP][PASSED] - comment("Verify evidence code is FE5 and have description "Butuh LSAR, ABR, BSM, RoC, RNA, Bukti Aset""): Verify evidence code is FE5 and have description "Butuh LSAR, ABR, BSM, RoC, RNA, Bukti Aset"&#xD;
&#xD;
2019-08-27 17:07:34 - [MESSAGE][INFO] - Verify evidence code is FE5 and have description "Butuh LSAR, ABR, BSM, RoC, RNA, Bukti Aset"&#xD;
&#xD;
2019-08-27 17:07:34 - [TEST_STEP][PASSED] - verifyEqual(expected, true): Actual object 'true' and expected object 'true' are equal&#xD;
&#xD;
2019-08-27 17:07:34 - [MESSAGE][PASSED] - Actual object 'true' and expected object 'true' are equal&#xD;
&#xD;
2019-08-27 17:07:34 - [TEST_STEP][PASSED] - comment("Verify response status code"): Verify response status code&#xD;
&#xD;
2019-08-27 17:07:34 - [MESSAGE][INFO] - Verify response status code&#xD;
&#xD;
2019-08-27 17:07:34 - [TEST_STEP][PASSED] - verifyResponseStatusCode(response, 200): Verify response status code successfully&#xD;
&#xD;
2019-08-27 17:07:34 - [MESSAGE][PASSED] - Verify response status code successfully&#xD;
&#xD;
2019-08-27 17:07:34 - [TEST_STEP][PASSED] - Start listener action : sampleAfterTestCase: null</system-out>
            <system-err></system-err>
        </testcase>
        <testcase name="Test Cases/AlterationScoringRuleApps/Financial Non Employee/Non Ultimate/FE5/TC-1 USD FE5" classname="Test Cases/AlterationScoringRuleApps/Financial Non Employee/Non Ultimate/FE5/TC-1 USD FE5" status="PASSED">
            <system-out>2019-08-27 17:07:34 - [TEST_CASE][PASSED] - Test Cases/AlterationScoringRuleApps/Financial Non Employee/Non Ultimate/FE5/TC-1 USD FE5: Test Cases/AlterationScoringRuleApps/Financial Non Employee/Non Ultimate/FE5/TC-1 USD FE5&#xD;
&#xD;
2019-08-27 17:07:34 - [TEST_STEP][PASSED] - random = new java.util.Random(): null&#xD;
&#xD;
2019-08-27 17:07:34 - [TEST_STEP][PASSED] - compareHighestValueFsaDeathVsAddccMax = 6250000: null&#xD;
&#xD;
2019-08-27 17:07:34 - [TEST_STEP][PASSED] - compareHighestValueFsaDeathVsAddccMin = 1875001: null&#xD;
&#xD;
2019-08-27 17:07:34 - [TEST_STEP][PASSED] - compareHighestValueFsaDeathVsAddcc = random.nextInt(compareHighestValueFsaDeathVsAddccMax - compareHighestValueFsaDeathVsAddccMin) + compareHighestValueFsaDeathVsAddccMin: null&#xD;
&#xD;
2019-08-27 17:07:34 - [TEST_STEP][PASSED] - println(compareHighestValueFsaDeathVsAddcc): null&#xD;
&#xD;
2019-08-27 17:07:34 - [TEST_STEP][PASSED] - comment("Send request"): Send request&#xD;
&#xD;
2019-08-27 17:07:34 - [MESSAGE][INFO] - Send request&#xD;
&#xD;
2019-08-27 17:07:35 - [TEST_STEP][PASSED] - response = sendRequest(findTestObject("AlterationScoringRuleApps/Financial Non Employee/Non Ultimate/Object Request", ["transactionType":transactionType, "role":role, "increasingFsaFlag":increasingFsaFlag, "pecFlag":pecFlag, "occupationCode":occupationCode, ... ])): Send request successfully&#xD;
&#xD;
2019-08-27 17:07:35 - [MESSAGE][INFO] - HAR: C:\SURYAPURBA\PHS\PHS-BRMS\Reports\FinancialNonEmployee_NonUltimate\20190827_170649\requests\main\44.har&#xD;
&#xD;
2019-08-27 17:07:35 - [MESSAGE][PASSED] - Send request successfully&#xD;
&#xD;
2019-08-27 17:07:35 - [TEST_STEP][PASSED] - slurper = new groovy.json.JsonSlurper(): null&#xD;
&#xD;
2019-08-27 17:07:35 - [TEST_STEP][PASSED] - parseResponse = slurper.parseText(response.getResponseText()): null&#xD;
&#xD;
2019-08-27 17:07:35 - [TEST_STEP][PASSED] - println(parseResponse): null&#xD;
&#xD;
2019-08-27 17:07:35 - [TEST_STEP][PASSED] - attributes = evidenceCode: null&#xD;
&#xD;
2019-08-27 17:07:35 - [TEST_STEP][PASSED] - println(attributes): null&#xD;
&#xD;
2019-08-27 17:07:35 - [TEST_STEP][PASSED] - expected = description == "Butuh LSAR, ABR, BSM, RoC, RNA, Bukti Aset": null&#xD;
&#xD;
2019-08-27 17:07:35 - [TEST_STEP][PASSED] - comment("Verify evidence code is FE5 and have description "Butuh LSAR, ABR, BSM, RoC, RNA, Bukti Aset""): Verify evidence code is FE5 and have description "Butuh LSAR, ABR, BSM, RoC, RNA, Bukti Aset"&#xD;
&#xD;
2019-08-27 17:07:35 - [MESSAGE][INFO] - Verify evidence code is FE5 and have description "Butuh LSAR, ABR, BSM, RoC, RNA, Bukti Aset"&#xD;
&#xD;
2019-08-27 17:07:35 - [TEST_STEP][PASSED] - verifyEqual(expected, true): Actual object 'true' and expected object 'true' are equal&#xD;
&#xD;
2019-08-27 17:07:35 - [MESSAGE][PASSED] - Actual object 'true' and expected object 'true' are equal&#xD;
&#xD;
2019-08-27 17:07:35 - [TEST_STEP][PASSED] - comment("Verify response status code"): Verify response status code&#xD;
&#xD;
2019-08-27 17:07:35 - [MESSAGE][INFO] - Verify response status code&#xD;
&#xD;
2019-08-27 17:07:35 - [TEST_STEP][PASSED] - verifyResponseStatusCode(response, 200): Verify response status code successfully&#xD;
&#xD;
2019-08-27 17:07:35 - [MESSAGE][PASSED] - Verify response status code successfully&#xD;
&#xD;
2019-08-27 17:07:35 - [TEST_STEP][PASSED] - Start listener action : sampleAfterTestCase: null</system-out>
            <system-err></system-err>
        </testcase>
        <testcase name="Test Cases/AlterationScoringRuleApps/Financial Non Employee/Non Ultimate/FE5/TC-1 USD FE5" classname="Test Cases/AlterationScoringRuleApps/Financial Non Employee/Non Ultimate/FE5/TC-1 USD FE5" status="PASSED">
            <system-out>2019-08-27 17:07:35 - [TEST_CASE][PASSED] - Test Cases/AlterationScoringRuleApps/Financial Non Employee/Non Ultimate/FE5/TC-1 USD FE5: Test Cases/AlterationScoringRuleApps/Financial Non Employee/Non Ultimate/FE5/TC-1 USD FE5&#xD;
&#xD;
2019-08-27 17:07:36 - [TEST_STEP][PASSED] - random = new java.util.Random(): null&#xD;
&#xD;
2019-08-27 17:07:36 - [TEST_STEP][PASSED] - compareHighestValueFsaDeathVsAddccMax = 6250000: null&#xD;
&#xD;
2019-08-27 17:07:36 - [TEST_STEP][PASSED] - compareHighestValueFsaDeathVsAddccMin = 1875001: null&#xD;
&#xD;
2019-08-27 17:07:36 - [TEST_STEP][PASSED] - compareHighestValueFsaDeathVsAddcc = random.nextInt(compareHighestValueFsaDeathVsAddccMax - compareHighestValueFsaDeathVsAddccMin) + compareHighestValueFsaDeathVsAddccMin: null&#xD;
&#xD;
2019-08-27 17:07:36 - [TEST_STEP][PASSED] - println(compareHighestValueFsaDeathVsAddcc): null&#xD;
&#xD;
2019-08-27 17:07:36 - [TEST_STEP][PASSED] - comment("Send request"): Send request&#xD;
&#xD;
2019-08-27 17:07:36 - [MESSAGE][INFO] - Send request&#xD;
&#xD;
2019-08-27 17:07:36 - [TEST_STEP][PASSED] - response = sendRequest(findTestObject("AlterationScoringRuleApps/Financial Non Employee/Non Ultimate/Object Request", ["transactionType":transactionType, "role":role, "increasingFsaFlag":increasingFsaFlag, "pecFlag":pecFlag, "occupationCode":occupationCode, ... ])): Send request successfully&#xD;
&#xD;
2019-08-27 17:07:36 - [MESSAGE][INFO] - HAR: C:\SURYAPURBA\PHS\PHS-BRMS\Reports\FinancialNonEmployee_NonUltimate\20190827_170649\requests\main\45.har&#xD;
&#xD;
2019-08-27 17:07:36 - [MESSAGE][PASSED] - Send request successfully&#xD;
&#xD;
2019-08-27 17:07:36 - [TEST_STEP][PASSED] - slurper = new groovy.json.JsonSlurper(): null&#xD;
&#xD;
2019-08-27 17:07:37 - [TEST_STEP][PASSED] - parseResponse = slurper.parseText(response.getResponseText()): null&#xD;
&#xD;
2019-08-27 17:07:37 - [TEST_STEP][PASSED] - println(parseResponse): null&#xD;
&#xD;
2019-08-27 17:07:37 - [TEST_STEP][PASSED] - attributes = evidenceCode: null&#xD;
&#xD;
2019-08-27 17:07:37 - [TEST_STEP][PASSED] - println(attributes): null&#xD;
&#xD;
2019-08-27 17:07:37 - [TEST_STEP][PASSED] - expected = description == "Butuh LSAR, ABR, BSM, RoC, RNA, Bukti Aset": null&#xD;
&#xD;
2019-08-27 17:07:37 - [TEST_STEP][PASSED] - comment("Verify evidence code is FE5 and have description "Butuh LSAR, ABR, BSM, RoC, RNA, Bukti Aset""): Verify evidence code is FE5 and have description "Butuh LSAR, ABR, BSM, RoC, RNA, Bukti Aset"&#xD;
&#xD;
2019-08-27 17:07:37 - [MESSAGE][INFO] - Verify evidence code is FE5 and have description "Butuh LSAR, ABR, BSM, RoC, RNA, Bukti Aset"&#xD;
&#xD;
2019-08-27 17:07:37 - [TEST_STEP][PASSED] - verifyEqual(expected, true): Actual object 'true' and expected object 'true' are equal&#xD;
&#xD;
2019-08-27 17:07:37 - [MESSAGE][PASSED] - Actual object 'true' and expected object 'true' are equal&#xD;
&#xD;
2019-08-27 17:07:37 - [TEST_STEP][PASSED] - comment("Verify response status code"): Verify response status code&#xD;
&#xD;
2019-08-27 17:07:37 - [MESSAGE][INFO] - Verify response status code&#xD;
&#xD;
2019-08-27 17:07:38 - [TEST_STEP][PASSED] - verifyResponseStatusCode(response, 200): Verify response status code successfully&#xD;
&#xD;
2019-08-27 17:07:38 - [MESSAGE][PASSED] - Verify response status code successfully&#xD;
&#xD;
2019-08-27 17:07:38 - [TEST_STEP][PASSED] - Start listener action : sampleAfterTestCase: null</system-out>
            <system-err></system-err>
        </testcase>
        <testcase name="Test Cases/AlterationScoringRuleApps/Financial Non Employee/Non Ultimate/FE5/TC-1 USD FE5" classname="Test Cases/AlterationScoringRuleApps/Financial Non Employee/Non Ultimate/FE5/TC-1 USD FE5" status="PASSED">
            <system-out>2019-08-27 17:07:38 - [TEST_CASE][PASSED] - Test Cases/AlterationScoringRuleApps/Financial Non Employee/Non Ultimate/FE5/TC-1 USD FE5: Test Cases/AlterationScoringRuleApps/Financial Non Employee/Non Ultimate/FE5/TC-1 USD FE5&#xD;
&#xD;
2019-08-27 17:07:38 - [TEST_STEP][PASSED] - random = new java.util.Random(): null&#xD;
&#xD;
2019-08-27 17:07:38 - [TEST_STEP][PASSED] - compareHighestValueFsaDeathVsAddccMax = 6250000: null&#xD;
&#xD;
2019-08-27 17:07:38 - [TEST_STEP][PASSED] - compareHighestValueFsaDeathVsAddccMin = 1875001: null&#xD;
&#xD;
2019-08-27 17:07:38 - [TEST_STEP][PASSED] - compareHighestValueFsaDeathVsAddcc = random.nextInt(compareHighestValueFsaDeathVsAddccMax - compareHighestValueFsaDeathVsAddccMin) + compareHighestValueFsaDeathVsAddccMin: null&#xD;
&#xD;
2019-08-27 17:07:38 - [TEST_STEP][PASSED] - println(compareHighestValueFsaDeathVsAddcc): null&#xD;
&#xD;
2019-08-27 17:07:38 - [TEST_STEP][PASSED] - comment("Send request"): Send request&#xD;
&#xD;
2019-08-27 17:07:38 - [MESSAGE][INFO] - Send request&#xD;
&#xD;
2019-08-27 17:07:38 - [TEST_STEP][PASSED] - response = sendRequest(findTestObject("AlterationScoringRuleApps/Financial Non Employee/Non Ultimate/Object Request", ["transactionType":transactionType, "role":role, "increasingFsaFlag":increasingFsaFlag, "pecFlag":pecFlag, "occupationCode":occupationCode, ... ])): Send request successfully&#xD;
&#xD;
2019-08-27 17:07:38 - [MESSAGE][INFO] - HAR: C:\SURYAPURBA\PHS\PHS-BRMS\Reports\FinancialNonEmployee_NonUltimate\20190827_170649\requests\main\46.har&#xD;
&#xD;
2019-08-27 17:07:38 - [MESSAGE][PASSED] - Send request successfully&#xD;
&#xD;
2019-08-27 17:07:38 - [TEST_STEP][PASSED] - slurper = new groovy.json.JsonSlurper(): null&#xD;
&#xD;
2019-08-27 17:07:38 - [TEST_STEP][PASSED] - parseResponse = slurper.parseText(response.getResponseText()): null&#xD;
&#xD;
2019-08-27 17:07:38 - [TEST_STEP][PASSED] - println(parseResponse): null&#xD;
&#xD;
2019-08-27 17:07:38 - [TEST_STEP][PASSED] - attributes = evidenceCode: null&#xD;
&#xD;
2019-08-27 17:07:38 - [TEST_STEP][PASSED] - println(attributes): null&#xD;
&#xD;
2019-08-27 17:07:39 - [TEST_STEP][PASSED] - expected = description == "Butuh LSAR, ABR, BSM, RoC, RNA, Bukti Aset": null&#xD;
&#xD;
2019-08-27 17:07:39 - [TEST_STEP][PASSED] - comment("Verify evidence code is FE5 and have description "Butuh LSAR, ABR, BSM, RoC, RNA, Bukti Aset""): Verify evidence code is FE5 and have description "Butuh LSAR, ABR, BSM, RoC, RNA, Bukti Aset"&#xD;
&#xD;
2019-08-27 17:07:39 - [MESSAGE][INFO] - Verify evidence code is FE5 and have description "Butuh LSAR, ABR, BSM, RoC, RNA, Bukti Aset"&#xD;
&#xD;
2019-08-27 17:07:39 - [TEST_STEP][PASSED] - verifyEqual(expected, true): Actual object 'true' and expected object 'true' are equal&#xD;
&#xD;
2019-08-27 17:07:39 - [MESSAGE][PASSED] - Actual object 'true' and expected object 'true' are equal&#xD;
&#xD;
2019-08-27 17:07:39 - [TEST_STEP][PASSED] - comment("Verify response status code"): Verify response status code&#xD;
&#xD;
2019-08-27 17:07:39 - [MESSAGE][INFO] - Verify response status code&#xD;
&#xD;
2019-08-27 17:07:39 - [TEST_STEP][PASSED] - verifyResponseStatusCode(response, 200): Verify response status code successfully&#xD;
&#xD;
2019-08-27 17:07:39 - [MESSAGE][PASSED] - Verify response status code successfully&#xD;
&#xD;
2019-08-27 17:07:39 - [TEST_STEP][PASSED] - Start listener action : sampleAfterTestCase: null</system-out>
            <system-err></system-err>
        </testcase>
        <testcase name="Test Cases/AlterationScoringRuleApps/Financial Non Employee/Non Ultimate/FE5/TC-1 USD FE5" classname="Test Cases/AlterationScoringRuleApps/Financial Non Employee/Non Ultimate/FE5/TC-1 USD FE5" status="PASSED">
            <system-out>2019-08-27 17:07:39 - [TEST_CASE][PASSED] - Test Cases/AlterationScoringRuleApps/Financial Non Employee/Non Ultimate/FE5/TC-1 USD FE5: Test Cases/AlterationScoringRuleApps/Financial Non Employee/Non Ultimate/FE5/TC-1 USD FE5&#xD;
&#xD;
2019-08-27 17:07:40 - [TEST_STEP][PASSED] - random = new java.util.Random(): null&#xD;
&#xD;
2019-08-27 17:07:40 - [TEST_STEP][PASSED] - compareHighestValueFsaDeathVsAddccMax = 6250000: null&#xD;
&#xD;
2019-08-27 17:07:40 - [TEST_STEP][PASSED] - compareHighestValueFsaDeathVsAddccMin = 1875001: null&#xD;
&#xD;
2019-08-27 17:07:40 - [TEST_STEP][PASSED] - compareHighestValueFsaDeathVsAddcc = random.nextInt(compareHighestValueFsaDeathVsAddccMax - compareHighestValueFsaDeathVsAddccMin) + compareHighestValueFsaDeathVsAddccMin: null&#xD;
&#xD;
2019-08-27 17:07:40 - [TEST_STEP][PASSED] - println(compareHighestValueFsaDeathVsAddcc): null&#xD;
&#xD;
2019-08-27 17:07:40 - [TEST_STEP][PASSED] - comment("Send request"): Send request&#xD;
&#xD;
2019-08-27 17:07:40 - [MESSAGE][INFO] - Send request&#xD;
&#xD;
2019-08-27 17:07:40 - [TEST_STEP][PASSED] - response = sendRequest(findTestObject("AlterationScoringRuleApps/Financial Non Employee/Non Ultimate/Object Request", ["transactionType":transactionType, "role":role, "increasingFsaFlag":increasingFsaFlag, "pecFlag":pecFlag, "occupationCode":occupationCode, ... ])): Send request successfully&#xD;
&#xD;
2019-08-27 17:07:40 - [MESSAGE][INFO] - HAR: C:\SURYAPURBA\PHS\PHS-BRMS\Reports\FinancialNonEmployee_NonUltimate\20190827_170649\requests\main\47.har&#xD;
&#xD;
2019-08-27 17:07:40 - [MESSAGE][PASSED] - Send request successfully&#xD;
&#xD;
2019-08-27 17:07:40 - [TEST_STEP][PASSED] - slurper = new groovy.json.JsonSlurper(): null&#xD;
&#xD;
2019-08-27 17:07:40 - [TEST_STEP][PASSED] - parseResponse = slurper.parseText(response.getResponseText()): null&#xD;
&#xD;
2019-08-27 17:07:40 - [TEST_STEP][PASSED] - println(parseResponse): null&#xD;
&#xD;
2019-08-27 17:07:40 - [TEST_STEP][PASSED] - attributes = evidenceCode: null&#xD;
&#xD;
2019-08-27 17:07:40 - [TEST_STEP][PASSED] - println(attributes): null&#xD;
&#xD;
2019-08-27 17:07:40 - [TEST_STEP][PASSED] - expected = description == "Butuh LSAR, ABR, BSM, RoC, RNA, Bukti Aset": null&#xD;
&#xD;
2019-08-27 17:07:40 - [TEST_STEP][PASSED] - comment("Verify evidence code is FE5 and have description "Butuh LSAR, ABR, BSM, RoC, RNA, Bukti Aset""): Verify evidence code is FE5 and have description "Butuh LSAR, ABR, BSM, RoC, RNA, Bukti Aset"&#xD;
&#xD;
2019-08-27 17:07:40 - [MESSAGE][INFO] - Verify evidence code is FE5 and have description "Butuh LSAR, ABR, BSM, RoC, RNA, Bukti Aset"&#xD;
&#xD;
2019-08-27 17:07:40 - [TEST_STEP][PASSED] - verifyEqual(expected, true): Actual object 'true' and expected object 'true' are equal&#xD;
&#xD;
2019-08-27 17:07:41 - [MESSAGE][PASSED] - Actual object 'true' and expected object 'true' are equal&#xD;
&#xD;
2019-08-27 17:07:41 - [TEST_STEP][PASSED] - comment("Verify response status code"): Verify response status code&#xD;
&#xD;
2019-08-27 17:07:41 - [MESSAGE][INFO] - Verify response status code&#xD;
&#xD;
2019-08-27 17:07:41 - [TEST_STEP][PASSED] - verifyResponseStatusCode(response, 200): Verify response status code successfully&#xD;
&#xD;
2019-08-27 17:07:41 - [MESSAGE][PASSED] - Verify response status code successfully&#xD;
&#xD;
2019-08-27 17:07:41 - [TEST_STEP][PASSED] - Start listener action : sampleAfterTestCase: null</system-out>
            <system-err></system-err>
        </testcase>
        <testcase name="Test Cases/AlterationScoringRuleApps/Financial Non Employee/Non Ultimate/FE5/TC-1 USD FE5" classname="Test Cases/AlterationScoringRuleApps/Financial Non Employee/Non Ultimate/FE5/TC-1 USD FE5" status="PASSED">
            <system-out>2019-08-27 17:07:41 - [TEST_CASE][PASSED] - Test Cases/AlterationScoringRuleApps/Financial Non Employee/Non Ultimate/FE5/TC-1 USD FE5: Test Cases/AlterationScoringRuleApps/Financial Non Employee/Non Ultimate/FE5/TC-1 USD FE5&#xD;
&#xD;
2019-08-27 17:07:41 - [TEST_STEP][PASSED] - random = new java.util.Random(): null&#xD;
&#xD;
2019-08-27 17:07:42 - [TEST_STEP][PASSED] - compareHighestValueFsaDeathVsAddccMax = 6250000: null&#xD;
&#xD;
2019-08-27 17:07:42 - [TEST_STEP][PASSED] - compareHighestValueFsaDeathVsAddccMin = 1875001: null&#xD;
&#xD;
2019-08-27 17:07:42 - [TEST_STEP][PASSED] - compareHighestValueFsaDeathVsAddcc = random.nextInt(compareHighestValueFsaDeathVsAddccMax - compareHighestValueFsaDeathVsAddccMin) + compareHighestValueFsaDeathVsAddccMin: null&#xD;
&#xD;
2019-08-27 17:07:42 - [TEST_STEP][PASSED] - println(compareHighestValueFsaDeathVsAddcc): null&#xD;
&#xD;
2019-08-27 17:07:42 - [TEST_STEP][PASSED] - comment("Send request"): Send request&#xD;
&#xD;
2019-08-27 17:07:42 - [MESSAGE][INFO] - Send request&#xD;
&#xD;
2019-08-27 17:07:42 - [TEST_STEP][PASSED] - response = sendRequest(findTestObject("AlterationScoringRuleApps/Financial Non Employee/Non Ultimate/Object Request", ["transactionType":transactionType, "role":role, "increasingFsaFlag":increasingFsaFlag, "pecFlag":pecFlag, "occupationCode":occupationCode, ... ])): Send request successfully&#xD;
&#xD;
2019-08-27 17:07:42 - [MESSAGE][INFO] - HAR: C:\SURYAPURBA\PHS\PHS-BRMS\Reports\FinancialNonEmployee_NonUltimate\20190827_170649\requests\main\48.har&#xD;
&#xD;
2019-08-27 17:07:42 - [MESSAGE][PASSED] - Send request successfully&#xD;
&#xD;
2019-08-27 17:07:42 - [TEST_STEP][PASSED] - slurper = new groovy.json.JsonSlurper(): null&#xD;
&#xD;
2019-08-27 17:07:42 - [TEST_STEP][PASSED] - parseResponse = slurper.parseText(response.getResponseText()): null&#xD;
&#xD;
2019-08-27 17:07:43 - [TEST_STEP][PASSED] - println(parseResponse): null&#xD;
&#xD;
2019-08-27 17:07:43 - [TEST_STEP][PASSED] - attributes = evidenceCode: null&#xD;
&#xD;
2019-08-27 17:07:43 - [TEST_STEP][PASSED] - println(attributes): null&#xD;
&#xD;
2019-08-27 17:07:43 - [TEST_STEP][PASSED] - expected = description == "Butuh LSAR, ABR, BSM, RoC, RNA, Bukti Aset": null&#xD;
&#xD;
2019-08-27 17:07:43 - [TEST_STEP][PASSED] - comment("Verify evidence code is FE5 and have description "Butuh LSAR, ABR, BSM, RoC, RNA, Bukti Aset""): Verify evidence code is FE5 and have description "Butuh LSAR, ABR, BSM, RoC, RNA, Bukti Aset"&#xD;
&#xD;
2019-08-27 17:07:43 - [MESSAGE][INFO] - Verify evidence code is FE5 and have description "Butuh LSAR, ABR, BSM, RoC, RNA, Bukti Aset"&#xD;
&#xD;
2019-08-27 17:07:43 - [TEST_STEP][PASSED] - verifyEqual(expected, true): Actual object 'true' and expected object 'true' are equal&#xD;
&#xD;
2019-08-27 17:07:43 - [MESSAGE][PASSED] - Actual object 'true' and expected object 'true' are equal&#xD;
&#xD;
2019-08-27 17:07:43 - [TEST_STEP][PASSED] - comment("Verify response status code"): Verify response status code&#xD;
&#xD;
2019-08-27 17:07:43 - [MESSAGE][INFO] - Verify response status code&#xD;
&#xD;
2019-08-27 17:07:43 - [TEST_STEP][PASSED] - verifyResponseStatusCode(response, 200): Verify response status code successfully&#xD;
&#xD;
2019-08-27 17:07:43 - [MESSAGE][PASSED] - Verify response status code successfully&#xD;
&#xD;
2019-08-27 17:07:43 - [TEST_STEP][PASSED] - Start listener action : sampleAfterTestCase: null</system-out>
            <system-err></system-err>
        </testcase>
        <testcase name="Test Cases/AlterationScoringRuleApps/Financial Non Employee/Non Ultimate/FE5/TC-1 USD FE5" classname="Test Cases/AlterationScoringRuleApps/Financial Non Employee/Non Ultimate/FE5/TC-1 USD FE5" status="PASSED">
            <system-out>2019-08-27 17:07:43 - [TEST_CASE][PASSED] - Test Cases/AlterationScoringRuleApps/Financial Non Employee/Non Ultimate/FE5/TC-1 USD FE5: Test Cases/AlterationScoringRuleApps/Financial Non Employee/Non Ultimate/FE5/TC-1 USD FE5&#xD;
&#xD;
2019-08-27 17:07:43 - [TEST_STEP][PASSED] - random = new java.util.Random(): null&#xD;
&#xD;
2019-08-27 17:07:43 - [TEST_STEP][PASSED] - compareHighestValueFsaDeathVsAddccMax = 6250000: null&#xD;
&#xD;
2019-08-27 17:07:43 - [TEST_STEP][PASSED] - compareHighestValueFsaDeathVsAddccMin = 1875001: null&#xD;
&#xD;
2019-08-27 17:07:43 - [TEST_STEP][PASSED] - compareHighestValueFsaDeathVsAddcc = random.nextInt(compareHighestValueFsaDeathVsAddccMax - compareHighestValueFsaDeathVsAddccMin) + compareHighestValueFsaDeathVsAddccMin: null&#xD;
&#xD;
2019-08-27 17:07:44 - [TEST_STEP][PASSED] - println(compareHighestValueFsaDeathVsAddcc): null&#xD;
&#xD;
2019-08-27 17:07:44 - [TEST_STEP][PASSED] - comment("Send request"): Send request&#xD;
&#xD;
2019-08-27 17:07:44 - [MESSAGE][INFO] - Send request&#xD;
&#xD;
2019-08-27 17:07:44 - [TEST_STEP][PASSED] - response = sendRequest(findTestObject("AlterationScoringRuleApps/Financial Non Employee/Non Ultimate/Object Request", ["transactionType":transactionType, "role":role, "increasingFsaFlag":increasingFsaFlag, "pecFlag":pecFlag, "occupationCode":occupationCode, ... ])): Send request successfully&#xD;
&#xD;
2019-08-27 17:07:44 - [MESSAGE][INFO] - HAR: C:\SURYAPURBA\PHS\PHS-BRMS\Reports\FinancialNonEmployee_NonUltimate\20190827_170649\requests\main\49.har&#xD;
&#xD;
2019-08-27 17:07:44 - [MESSAGE][PASSED] - Send request successfully&#xD;
&#xD;
2019-08-27 17:07:44 - [TEST_STEP][PASSED] - slurper = new groovy.json.JsonSlurper(): null&#xD;
&#xD;
2019-08-27 17:07:44 - [TEST_STEP][PASSED] - parseResponse = slurper.parseText(response.getResponseText()): null&#xD;
&#xD;
2019-08-27 17:07:44 - [TEST_STEP][PASSED] - println(parseResponse): null&#xD;
&#xD;
2019-08-27 17:07:44 - [TEST_STEP][PASSED] - attributes = evidenceCode: null&#xD;
&#xD;
2019-08-27 17:07:44 - [TEST_STEP][PASSED] - println(attributes): null&#xD;
&#xD;
2019-08-27 17:07:45 - [TEST_STEP][PASSED] - expected = description == "Butuh LSAR, ABR, BSM, RoC, RNA, Bukti Aset": null&#xD;
&#xD;
2019-08-27 17:07:45 - [TEST_STEP][PASSED] - comment("Verify evidence code is FE5 and have description "Butuh LSAR, ABR, BSM, RoC, RNA, Bukti Aset""): Verify evidence code is FE5 and have description "Butuh LSAR, ABR, BSM, RoC, RNA, Bukti Aset"&#xD;
&#xD;
2019-08-27 17:07:45 - [MESSAGE][INFO] - Verify evidence code is FE5 and have description "Butuh LSAR, ABR, BSM, RoC, RNA, Bukti Aset"&#xD;
&#xD;
2019-08-27 17:07:45 - [TEST_STEP][PASSED] - verifyEqual(expected, true): Actual object 'true' and expected object 'true' are equal&#xD;
&#xD;
2019-08-27 17:07:45 - [MESSAGE][PASSED] - Actual object 'true' and expected object 'true' are equal&#xD;
&#xD;
2019-08-27 17:07:45 - [TEST_STEP][PASSED] - comment("Verify response status code"): Verify response status code&#xD;
&#xD;
2019-08-27 17:07:45 - [MESSAGE][INFO] - Verify response status code&#xD;
&#xD;
2019-08-27 17:07:45 - [TEST_STEP][PASSED] - verifyResponseStatusCode(response, 200): Verify response status code successfully&#xD;
&#xD;
2019-08-27 17:07:45 - [MESSAGE][PASSED] - Verify response status code successfully&#xD;
&#xD;
2019-08-27 17:07:45 - [TEST_STEP][PASSED] - Start listener action : sampleAfterTestCase: null</system-out>
            <system-err></system-err>
        </testcase>
        <testcase name="Test Cases/AlterationScoringRuleApps/Financial Non Employee/Non Ultimate/FE5/TC-1 USD FE5" classname="Test Cases/AlterationScoringRuleApps/Financial Non Employee/Non Ultimate/FE5/TC-1 USD FE5" status="PASSED">
            <system-out>2019-08-27 17:07:45 - [TEST_CASE][PASSED] - Test Cases/AlterationScoringRuleApps/Financial Non Employee/Non Ultimate/FE5/TC-1 USD FE5: Test Cases/AlterationScoringRuleApps/Financial Non Employee/Non Ultimate/FE5/TC-1 USD FE5&#xD;
&#xD;
2019-08-27 17:07:46 - [TEST_STEP][PASSED] - random = new java.util.Random(): null&#xD;
&#xD;
2019-08-27 17:07:46 - [TEST_STEP][PASSED] - compareHighestValueFsaDeathVsAddccMax = 6250000: null&#xD;
&#xD;
2019-08-27 17:07:46 - [TEST_STEP][PASSED] - compareHighestValueFsaDeathVsAddccMin = 1875001: null&#xD;
&#xD;
2019-08-27 17:07:46 - [TEST_STEP][PASSED] - compareHighestValueFsaDeathVsAddcc = random.nextInt(compareHighestValueFsaDeathVsAddccMax - compareHighestValueFsaDeathVsAddccMin) + compareHighestValueFsaDeathVsAddccMin: null&#xD;
&#xD;
2019-08-27 17:07:46 - [TEST_STEP][PASSED] - println(compareHighestValueFsaDeathVsAddcc): null&#xD;
&#xD;
2019-08-27 17:07:46 - [TEST_STEP][PASSED] - comment("Send request"): Send request&#xD;
&#xD;
2019-08-27 17:07:46 - [MESSAGE][INFO] - Send request&#xD;
&#xD;
2019-08-27 17:07:46 - [TEST_STEP][PASSED] - response = sendRequest(findTestObject("AlterationScoringRuleApps/Financial Non Employee/Non Ultimate/Object Request", ["transactionType":transactionType, "role":role, "increasingFsaFlag":increasingFsaFlag, "pecFlag":pecFlag, "occupationCode":occupationCode, ... ])): Send request successfully&#xD;
&#xD;
2019-08-27 17:07:46 - [MESSAGE][INFO] - HAR: C:\SURYAPURBA\PHS\PHS-BRMS\Reports\FinancialNonEmployee_NonUltimate\20190827_170649\requests\main\50.har&#xD;
&#xD;
2019-08-27 17:07:46 - [MESSAGE][PASSED] - Send request successfully&#xD;
&#xD;
2019-08-27 17:07:46 - [TEST_STEP][PASSED] - slurper = new groovy.json.JsonSlurper(): null&#xD;
&#xD;
2019-08-27 17:07:46 - [TEST_STEP][PASSED] - parseResponse = slurper.parseText(response.getResponseText()): null&#xD;
&#xD;
2019-08-27 17:07:46 - [TEST_STEP][PASSED] - println(parseResponse): null&#xD;
&#xD;
2019-08-27 17:07:46 - [TEST_STEP][PASSED] - attributes = evidenceCode: null&#xD;
&#xD;
2019-08-27 17:07:46 - [TEST_STEP][PASSED] - println(attributes): null&#xD;
&#xD;
2019-08-27 17:07:46 - [TEST_STEP][PASSED] - expected = description == "Butuh LSAR, ABR, BSM, RoC, RNA, Bukti Aset": null&#xD;
&#xD;
2019-08-27 17:07:46 - [TEST_STEP][PASSED] - comment("Verify evidence code is FE5 and have description "Butuh LSAR, ABR, BSM, RoC, RNA, Bukti Aset""): Verify evidence code is FE5 and have description "Butuh LSAR, ABR, BSM, RoC, RNA, Bukti Aset"&#xD;
&#xD;
2019-08-27 17:07:46 - [MESSAGE][INFO] - Verify evidence code is FE5 and have description "Butuh LSAR, ABR, BSM, RoC, RNA, Bukti Aset"&#xD;
&#xD;
2019-08-27 17:07:46 - [TEST_STEP][PASSED] - verifyEqual(expected, true): Actual object 'true' and expected object 'true' are equal&#xD;
&#xD;
2019-08-27 17:07:46 - [MESSAGE][PASSED] - Actual object 'true' and expected object 'true' are equal&#xD;
&#xD;
2019-08-27 17:07:47 - [TEST_STEP][PASSED] - comment("Verify response status code"): Verify response status code&#xD;
&#xD;
2019-08-27 17:07:47 - [MESSAGE][INFO] - Verify response status code&#xD;
&#xD;
2019-08-27 17:07:47 - [TEST_STEP][PASSED] - verifyResponseStatusCode(response, 200): Verify response status code successfully&#xD;
&#xD;
2019-08-27 17:07:47 - [MESSAGE][PASSED] - Verify response status code successfully&#xD;
&#xD;
2019-08-27 17:07:47 - [TEST_STEP][PASSED] - Start listener action : sampleAfterTestCase: null</system-out>
            <system-err></system-err>
        </testcase>
        <testcase name="Test Cases/AlterationScoringRuleApps/Financial Non Employee/Non Ultimate/FE5/TC-1 USD FE5" classname="Test Cases/AlterationScoringRuleApps/Financial Non Employee/Non Ultimate/FE5/TC-1 USD FE5" status="PASSED">
            <system-out>2019-08-27 17:07:47 - [TEST_CASE][PASSED] - Test Cases/AlterationScoringRuleApps/Financial Non Employee/Non Ultimate/FE5/TC-1 USD FE5: Test Cases/AlterationScoringRuleApps/Financial Non Employee/Non Ultimate/FE5/TC-1 USD FE5&#xD;
&#xD;
2019-08-27 17:07:47 - [TEST_STEP][PASSED] - random = new java.util.Random(): null&#xD;
&#xD;
2019-08-27 17:07:47 - [TEST_STEP][PASSED] - compareHighestValueFsaDeathVsAddccMax = 6250000: null&#xD;
&#xD;
2019-08-27 17:07:48 - [TEST_STEP][PASSED] - compareHighestValueFsaDeathVsAddccMin = 1875001: null&#xD;
&#xD;
2019-08-27 17:07:48 - [TEST_STEP][PASSED] - compareHighestValueFsaDeathVsAddcc = random.nextInt(compareHighestValueFsaDeathVsAddccMax - compareHighestValueFsaDeathVsAddccMin) + compareHighestValueFsaDeathVsAddccMin: null&#xD;
&#xD;
2019-08-27 17:07:48 - [TEST_STEP][PASSED] - println(compareHighestValueFsaDeathVsAddcc): null&#xD;
&#xD;
2019-08-27 17:07:48 - [TEST_STEP][PASSED] - comment("Send request"): Send request&#xD;
&#xD;
2019-08-27 17:07:48 - [MESSAGE][INFO] - Send request&#xD;
&#xD;
2019-08-27 17:07:48 - [TEST_STEP][PASSED] - response = sendRequest(findTestObject("AlterationScoringRuleApps/Financial Non Employee/Non Ultimate/Object Request", ["transactionType":transactionType, "role":role, "increasingFsaFlag":increasingFsaFlag, "pecFlag":pecFlag, "occupationCode":occupationCode, ... ])): Send request successfully&#xD;
&#xD;
2019-08-27 17:07:48 - [MESSAGE][INFO] - HAR: C:\SURYAPURBA\PHS\PHS-BRMS\Reports\FinancialNonEmployee_NonUltimate\20190827_170649\requests\main\51.har&#xD;
&#xD;
2019-08-27 17:07:48 - [MESSAGE][PASSED] - Send request successfully&#xD;
&#xD;
2019-08-27 17:07:48 - [TEST_STEP][PASSED] - slurper = new groovy.json.JsonSlurper(): null&#xD;
&#xD;
2019-08-27 17:07:48 - [TEST_STEP][PASSED] - parseResponse = slurper.parseText(response.getResponseText()): null&#xD;
&#xD;
2019-08-27 17:07:49 - [TEST_STEP][PASSED] - println(parseResponse): null&#xD;
&#xD;
2019-08-27 17:07:49 - [TEST_STEP][PASSED] - attributes = evidenceCode: null&#xD;
&#xD;
2019-08-27 17:07:49 - [TEST_STEP][PASSED] - println(attributes): null&#xD;
&#xD;
2019-08-27 17:07:49 - [TEST_STEP][PASSED] - expected = description == "Butuh LSAR, ABR, BSM, RoC, RNA, Bukti Aset": null&#xD;
&#xD;
2019-08-27 17:07:49 - [TEST_STEP][PASSED] - comment("Verify evidence code is FE5 and have description "Butuh LSAR, ABR, BSM, RoC, RNA, Bukti Aset""): Verify evidence code is FE5 and have description "Butuh LSAR, ABR, BSM, RoC, RNA, Bukti Aset"&#xD;
&#xD;
2019-08-27 17:07:49 - [MESSAGE][INFO] - Verify evidence code is FE5 and have description "Butuh LSAR, ABR, BSM, RoC, RNA, Bukti Aset"&#xD;
&#xD;
2019-08-27 17:07:49 - [TEST_STEP][PASSED] - verifyEqual(expected, true): Actual object 'true' and expected object 'true' are equal&#xD;
&#xD;
2019-08-27 17:07:49 - [MESSAGE][PASSED] - Actual object 'true' and expected object 'true' are equal&#xD;
&#xD;
2019-08-27 17:07:49 - [TEST_STEP][PASSED] - comment("Verify response status code"): Verify response status code&#xD;
&#xD;
2019-08-27 17:07:49 - [MESSAGE][INFO] - Verify response status code&#xD;
&#xD;
2019-08-27 17:07:49 - [TEST_STEP][PASSED] - verifyResponseStatusCode(response, 200): Verify response status code successfully&#xD;
&#xD;
2019-08-27 17:07:49 - [MESSAGE][PASSED] - Verify response status code successfully&#xD;
&#xD;
2019-08-27 17:07:49 - [TEST_STEP][PASSED] - Start listener action : sampleAfterTestCase: null</system-out>
            <system-err></system-err>
        </testcase>
        <testcase name="Test Cases/AlterationScoringRuleApps/Financial Non Employee/Non Ultimate/FE5/TC-1 USD FE5" classname="Test Cases/AlterationScoringRuleApps/Financial Non Employee/Non Ultimate/FE5/TC-1 USD FE5" status="PASSED">
            <system-out>2019-08-27 17:07:49 - [TEST_CASE][PASSED] - Test Cases/AlterationScoringRuleApps/Financial Non Employee/Non Ultimate/FE5/TC-1 USD FE5: Test Cases/AlterationScoringRuleApps/Financial Non Employee/Non Ultimate/FE5/TC-1 USD FE5&#xD;
&#xD;
2019-08-27 17:07:49 - [TEST_STEP][PASSED] - random = new java.util.Random(): null&#xD;
&#xD;
2019-08-27 17:07:49 - [TEST_STEP][PASSED] - compareHighestValueFsaDeathVsAddccMax = 6250000: null&#xD;
&#xD;
2019-08-27 17:07:49 - [TEST_STEP][PASSED] - compareHighestValueFsaDeathVsAddccMin = 1875001: null&#xD;
&#xD;
2019-08-27 17:07:49 - [TEST_STEP][PASSED] - compareHighestValueFsaDeathVsAddcc = random.nextInt(compareHighestValueFsaDeathVsAddccMax - compareHighestValueFsaDeathVsAddccMin) + compareHighestValueFsaDeathVsAddccMin: null&#xD;
&#xD;
2019-08-27 17:07:49 - [TEST_STEP][PASSED] - println(compareHighestValueFsaDeathVsAddcc): null&#xD;
&#xD;
2019-08-27 17:07:49 - [TEST_STEP][PASSED] - comment("Send request"): Send request&#xD;
&#xD;
2019-08-27 17:07:50 - [MESSAGE][INFO] - Send request&#xD;
&#xD;
2019-08-27 17:07:50 - [TEST_STEP][PASSED] - response = sendRequest(findTestObject("AlterationScoringRuleApps/Financial Non Employee/Non Ultimate/Object Request", ["transactionType":transactionType, "role":role, "increasingFsaFlag":increasingFsaFlag, "pecFlag":pecFlag, "occupationCode":occupationCode, ... ])): Send request successfully&#xD;
&#xD;
2019-08-27 17:07:50 - [MESSAGE][INFO] - HAR: C:\SURYAPURBA\PHS\PHS-BRMS\Reports\FinancialNonEmployee_NonUltimate\20190827_170649\requests\main\52.har&#xD;
&#xD;
2019-08-27 17:07:50 - [MESSAGE][PASSED] - Send request successfully&#xD;
&#xD;
2019-08-27 17:07:50 - [TEST_STEP][PASSED] - slurper = new groovy.json.JsonSlurper(): null&#xD;
&#xD;
2019-08-27 17:07:50 - [TEST_STEP][PASSED] - parseResponse = slurper.parseText(response.getResponseText()): null&#xD;
&#xD;
2019-08-27 17:07:50 - [TEST_STEP][PASSED] - println(parseResponse): null&#xD;
&#xD;
2019-08-27 17:07:50 - [TEST_STEP][PASSED] - attributes = evidenceCode: null&#xD;
&#xD;
2019-08-27 17:07:50 - [TEST_STEP][PASSED] - println(attributes): null&#xD;
&#xD;
2019-08-27 17:07:50 - [TEST_STEP][PASSED] - expected = description == "Butuh LSAR, ABR, BSM, RoC, RNA, Bukti Aset": null&#xD;
&#xD;
2019-08-27 17:07:51 - [TEST_STEP][PASSED] - comment("Verify evidence code is FE5 and have description "Butuh LSAR, ABR, BSM, RoC, RNA, Bukti Aset""): Verify evidence code is FE5 and have description "Butuh LSAR, ABR, BSM, RoC, RNA, Bukti Aset"&#xD;
&#xD;
2019-08-27 17:07:51 - [MESSAGE][INFO] - Verify evidence code is FE5 and have description "Butuh LSAR, ABR, BSM, RoC, RNA, Bukti Aset"&#xD;
&#xD;
2019-08-27 17:07:51 - [TEST_STEP][PASSED] - verifyEqual(expected, true): Actual object 'true' and expected object 'true' are equal&#xD;
&#xD;
2019-08-27 17:07:51 - [MESSAGE][PASSED] - Actual object 'true' and expected object 'true' are equal&#xD;
&#xD;
2019-08-27 17:07:51 - [TEST_STEP][PASSED] - comment("Verify response status code"): Verify response status code&#xD;
&#xD;
2019-08-27 17:07:51 - [MESSAGE][INFO] - Verify response status code&#xD;
&#xD;
2019-08-27 17:07:51 - [TEST_STEP][PASSED] - verifyResponseStatusCode(response, 200): Verify response status code successfully&#xD;
&#xD;
2019-08-27 17:07:51 - [MESSAGE][PASSED] - Verify response status code successfully&#xD;
&#xD;
2019-08-27 17:07:51 - [TEST_STEP][PASSED] - Start listener action : sampleAfterTestCase: null</system-out>
            <system-err></system-err>
        </testcase>
        <testcase name="Test Cases/AlterationScoringRuleApps/Financial Non Employee/Non Ultimate/FE5/TC-1 USD FE5" classname="Test Cases/AlterationScoringRuleApps/Financial Non Employee/Non Ultimate/FE5/TC-1 USD FE5" status="PASSED">
            <system-out>2019-08-27 17:07:51 - [TEST_CASE][PASSED] - Test Cases/AlterationScoringRuleApps/Financial Non Employee/Non Ultimate/FE5/TC-1 USD FE5: Test Cases/AlterationScoringRuleApps/Financial Non Employee/Non Ultimate/FE5/TC-1 USD FE5&#xD;
&#xD;
2019-08-27 17:07:52 - [TEST_STEP][PASSED] - random = new java.util.Random(): null&#xD;
&#xD;
2019-08-27 17:07:52 - [TEST_STEP][PASSED] - compareHighestValueFsaDeathVsAddccMax = 6250000: null&#xD;
&#xD;
2019-08-27 17:07:52 - [TEST_STEP][PASSED] - compareHighestValueFsaDeathVsAddccMin = 1875001: null&#xD;
&#xD;
2019-08-27 17:07:52 - [TEST_STEP][PASSED] - compareHighestValueFsaDeathVsAddcc = random.nextInt(compareHighestValueFsaDeathVsAddccMax - compareHighestValueFsaDeathVsAddccMin) + compareHighestValueFsaDeathVsAddccMin: null&#xD;
&#xD;
2019-08-27 17:07:52 - [TEST_STEP][PASSED] - println(compareHighestValueFsaDeathVsAddcc): null&#xD;
&#xD;
2019-08-27 17:07:52 - [TEST_STEP][PASSED] - comment("Send request"): Send request&#xD;
&#xD;
2019-08-27 17:07:52 - [MESSAGE][INFO] - Send request&#xD;
&#xD;
2019-08-27 17:07:52 - [TEST_STEP][PASSED] - response = sendRequest(findTestObject("AlterationScoringRuleApps/Financial Non Employee/Non Ultimate/Object Request", ["transactionType":transactionType, "role":role, "increasingFsaFlag":increasingFsaFlag, "pecFlag":pecFlag, "occupationCode":occupationCode, ... ])): Send request successfully&#xD;
&#xD;
2019-08-27 17:07:52 - [MESSAGE][INFO] - HAR: C:\SURYAPURBA\PHS\PHS-BRMS\Reports\FinancialNonEmployee_NonUltimate\20190827_170649\requests\main\53.har&#xD;
&#xD;
2019-08-27 17:07:52 - [MESSAGE][PASSED] - Send request successfully&#xD;
&#xD;
2019-08-27 17:07:52 - [TEST_STEP][PASSED] - slurper = new groovy.json.JsonSlurper(): null&#xD;
&#xD;
2019-08-27 17:07:52 - [TEST_STEP][PASSED] - parseResponse = slurper.parseText(response.getResponseText()): null&#xD;
&#xD;
2019-08-27 17:07:52 - [TEST_STEP][PASSED] - println(parseResponse): null&#xD;
&#xD;
2019-08-27 17:07:52 - [TEST_STEP][PASSED] - attributes = evidenceCode: null&#xD;
&#xD;
2019-08-27 17:07:52 - [TEST_STEP][PASSED] - println(attributes): null&#xD;
&#xD;
2019-08-27 17:07:52 - [TEST_STEP][PASSED] - expected = description == "Butuh LSAR, ABR, BSM, RoC, RNA, Bukti Aset": null&#xD;
&#xD;
2019-08-27 17:07:52 - [TEST_STEP][PASSED] - comment("Verify evidence code is FE5 and have description "Butuh LSAR, ABR, BSM, RoC, RNA, Bukti Aset""): Verify evidence code is FE5 and have description "Butuh LSAR, ABR, BSM, RoC, RNA, Bukti Aset"&#xD;
&#xD;
2019-08-27 17:07:52 - [MESSAGE][INFO] - Verify evidence code is FE5 and have description "Butuh LSAR, ABR, BSM, RoC, RNA, Bukti Aset"&#xD;
&#xD;
2019-08-27 17:07:52 - [TEST_STEP][PASSED] - verifyEqual(expected, true): Actual object 'true' and expected object 'true' are equal&#xD;
&#xD;
2019-08-27 17:07:52 - [MESSAGE][PASSED] - Actual object 'true' and expected object 'true' are equal&#xD;
&#xD;
2019-08-27 17:07:52 - [TEST_STEP][PASSED] - comment("Verify response status code"): Verify response status code&#xD;
&#xD;
2019-08-27 17:07:52 - [MESSAGE][INFO] - Verify response status code&#xD;
&#xD;
2019-08-27 17:07:53 - [TEST_STEP][PASSED] - verifyResponseStatusCode(response, 200): Verify response status code successfully&#xD;
&#xD;
2019-08-27 17:07:53 - [MESSAGE][PASSED] - Verify response status code successfully&#xD;
&#xD;
2019-08-27 17:07:53 - [TEST_STEP][PASSED] - Start listener action : sampleAfterTestCase: null</system-out>
            <system-err></system-err>
        </testcase>
        <testcase name="Test Cases/AlterationScoringRuleApps/Financial Non Employee/Non Ultimate/FE5/TC-1 USD FE5" classname="Test Cases/AlterationScoringRuleApps/Financial Non Employee/Non Ultimate/FE5/TC-1 USD FE5" status="PASSED">
            <system-out>2019-08-27 17:07:53 - [TEST_CASE][PASSED] - Test Cases/AlterationScoringRuleApps/Financial Non Employee/Non Ultimate/FE5/TC-1 USD FE5: Test Cases/AlterationScoringRuleApps/Financial Non Employee/Non Ultimate/FE5/TC-1 USD FE5&#xD;
&#xD;
2019-08-27 17:07:53 - [TEST_STEP][PASSED] - random = new java.util.Random(): null&#xD;
&#xD;
2019-08-27 17:07:53 - [TEST_STEP][PASSED] - compareHighestValueFsaDeathVsAddccMax = 6250000: null&#xD;
&#xD;
2019-08-27 17:07:53 - [TEST_STEP][PASSED] - compareHighestValueFsaDeathVsAddccMin = 1875001: null&#xD;
&#xD;
2019-08-27 17:07:54 - [TEST_STEP][PASSED] - compareHighestValueFsaDeathVsAddcc = random.nextInt(compareHighestValueFsaDeathVsAddccMax - compareHighestValueFsaDeathVsAddccMin) + compareHighestValueFsaDeathVsAddccMin: null&#xD;
&#xD;
2019-08-27 17:07:54 - [TEST_STEP][PASSED] - println(compareHighestValueFsaDeathVsAddcc): null&#xD;
&#xD;
2019-08-27 17:07:54 - [TEST_STEP][PASSED] - comment("Send request"): Send request&#xD;
&#xD;
2019-08-27 17:07:54 - [MESSAGE][INFO] - Send request&#xD;
&#xD;
2019-08-27 17:07:54 - [TEST_STEP][PASSED] - response = sendRequest(findTestObject("AlterationScoringRuleApps/Financial Non Employee/Non Ultimate/Object Request", ["transactionType":transactionType, "role":role, "increasingFsaFlag":increasingFsaFlag, "pecFlag":pecFlag, "occupationCode":occupationCode, ... ])): Send request successfully&#xD;
&#xD;
2019-08-27 17:07:54 - [MESSAGE][INFO] - HAR: C:\SURYAPURBA\PHS\PHS-BRMS\Reports\FinancialNonEmployee_NonUltimate\20190827_170649\requests\main\54.har&#xD;
&#xD;
2019-08-27 17:07:54 - [MESSAGE][PASSED] - Send request successfully&#xD;
&#xD;
2019-08-27 17:07:54 - [TEST_STEP][PASSED] - slurper = new groovy.json.JsonSlurper(): null&#xD;
&#xD;
2019-08-27 17:07:54 - [TEST_STEP][PASSED] - parseResponse = slurper.parseText(response.getResponseText()): null&#xD;
&#xD;
2019-08-27 17:07:54 - [TEST_STEP][PASSED] - println(parseResponse): null&#xD;
&#xD;
2019-08-27 17:07:55 - [TEST_STEP][PASSED] - attributes = evidenceCode: null&#xD;
&#xD;
2019-08-27 17:07:55 - [TEST_STEP][PASSED] - println(attributes): null&#xD;
&#xD;
2019-08-27 17:07:55 - [TEST_STEP][PASSED] - expected = description == "Butuh LSAR, ABR, BSM, RoC, RNA, Bukti Aset": null&#xD;
&#xD;
2019-08-27 17:07:55 - [TEST_STEP][PASSED] - comment("Verify evidence code is FE5 and have description "Butuh LSAR, ABR, BSM, RoC, RNA, Bukti Aset""): Verify evidence code is FE5 and have description "Butuh LSAR, ABR, BSM, RoC, RNA, Bukti Aset"&#xD;
&#xD;
2019-08-27 17:07:55 - [MESSAGE][INFO] - Verify evidence code is FE5 and have description "Butuh LSAR, ABR, BSM, RoC, RNA, Bukti Aset"&#xD;
&#xD;
2019-08-27 17:07:55 - [TEST_STEP][PASSED] - verifyEqual(expected, true): Actual object 'true' and expected object 'true' are equal&#xD;
&#xD;
2019-08-27 17:07:55 - [MESSAGE][PASSED] - Actual object 'true' and expected object 'true' are equal&#xD;
&#xD;
2019-08-27 17:07:55 - [TEST_STEP][PASSED] - comment("Verify response status code"): Verify response status code&#xD;
&#xD;
2019-08-27 17:07:55 - [MESSAGE][INFO] - Verify response status code&#xD;
&#xD;
2019-08-27 17:07:55 - [TEST_STEP][PASSED] - verifyResponseStatusCode(response, 200): Verify response status code successfully&#xD;
&#xD;
2019-08-27 17:07:55 - [MESSAGE][PASSED] - Verify response status code successfully&#xD;
&#xD;
2019-08-27 17:07:55 - [TEST_STEP][PASSED] - Start listener action : sampleAfterTestCase: null</system-out>
            <system-err></system-err>
        </testcase>
        <testcase name="Test Cases/AlterationScoringRuleApps/Financial Non Employee/Non Ultimate/FE5/TC-1 USD FE5" classname="Test Cases/AlterationScoringRuleApps/Financial Non Employee/Non Ultimate/FE5/TC-1 USD FE5" status="PASSED">
            <system-out>2019-08-27 17:07:55 - [TEST_CASE][PASSED] - Test Cases/AlterationScoringRuleApps/Financial Non Employee/Non Ultimate/FE5/TC-1 USD FE5: Test Cases/AlterationScoringRuleApps/Financial Non Employee/Non Ultimate/FE5/TC-1 USD FE5&#xD;
&#xD;
2019-08-27 17:07:55 - [TEST_STEP][PASSED] - random = new java.util.Random(): null&#xD;
&#xD;
2019-08-27 17:07:55 - [TEST_STEP][PASSED] - compareHighestValueFsaDeathVsAddccMax = 6250000: null&#xD;
&#xD;
2019-08-27 17:07:55 - [TEST_STEP][PASSED] - compareHighestValueFsaDeathVsAddccMin = 1875001: null&#xD;
&#xD;
2019-08-27 17:07:55 - [TEST_STEP][PASSED] - compareHighestValueFsaDeathVsAddcc = random.nextInt(compareHighestValueFsaDeathVsAddccMax - compareHighestValueFsaDeathVsAddccMin) + compareHighestValueFsaDeathVsAddccMin: null&#xD;
&#xD;
2019-08-27 17:07:55 - [TEST_STEP][PASSED] - println(compareHighestValueFsaDeathVsAddcc): null&#xD;
&#xD;
2019-08-27 17:07:55 - [TEST_STEP][PASSED] - comment("Send request"): Send request&#xD;
&#xD;
2019-08-27 17:07:55 - [MESSAGE][INFO] - Send request&#xD;
&#xD;
2019-08-27 17:07:56 - [TEST_STEP][PASSED] - response = sendRequest(findTestObject("AlterationScoringRuleApps/Financial Non Employee/Non Ultimate/Object Request", ["transactionType":transactionType, "role":role, "increasingFsaFlag":increasingFsaFlag, "pecFlag":pecFlag, "occupationCode":occupationCode, ... ])): Send request successfully&#xD;
&#xD;
2019-08-27 17:07:56 - [MESSAGE][INFO] - HAR: C:\SURYAPURBA\PHS\PHS-BRMS\Reports\FinancialNonEmployee_NonUltimate\20190827_170649\requests\main\55.har&#xD;
&#xD;
2019-08-27 17:07:56 - [MESSAGE][PASSED] - Send request successfully&#xD;
&#xD;
2019-08-27 17:07:56 - [TEST_STEP][PASSED] - slurper = new groovy.json.JsonSlurper(): null&#xD;
&#xD;
2019-08-27 17:07:56 - [TEST_STEP][PASSED] - parseResponse = slurper.parseText(response.getResponseText()): null&#xD;
&#xD;
2019-08-27 17:07:56 - [TEST_STEP][PASSED] - println(parseResponse): null&#xD;
&#xD;
2019-08-27 17:07:56 - [TEST_STEP][PASSED] - attributes = evidenceCode: null&#xD;
&#xD;
2019-08-27 17:07:56 - [TEST_STEP][PASSED] - println(attributes): null&#xD;
&#xD;
2019-08-27 17:07:56 - [TEST_STEP][PASSED] - expected = description == "Butuh LSAR, ABR, BSM, RoC, RNA, Bukti Aset": null&#xD;
&#xD;
2019-08-27 17:07:56 - [TEST_STEP][PASSED] - comment("Verify evidence code is FE5 and have description "Butuh LSAR, ABR, BSM, RoC, RNA, Bukti Aset""): Verify evidence code is FE5 and have description "Butuh LSAR, ABR, BSM, RoC, RNA, Bukti Aset"&#xD;
&#xD;
2019-08-27 17:07:56 - [MESSAGE][INFO] - Verify evidence code is FE5 and have description "Butuh LSAR, ABR, BSM, RoC, RNA, Bukti Aset"&#xD;
&#xD;
2019-08-27 17:07:57 - [TEST_STEP][PASSED] - verifyEqual(expected, true): Actual object 'true' and expected object 'true' are equal&#xD;
&#xD;
2019-08-27 17:07:57 - [MESSAGE][PASSED] - Actual object 'true' and expected object 'true' are equal&#xD;
&#xD;
2019-08-27 17:07:57 - [TEST_STEP][PASSED] - comment("Verify response status code"): Verify response status code&#xD;
&#xD;
2019-08-27 17:07:57 - [MESSAGE][INFO] - Verify response status code&#xD;
&#xD;
2019-08-27 17:07:57 - [TEST_STEP][PASSED] - verifyResponseStatusCode(response, 200): Verify response status code successfully&#xD;
&#xD;
2019-08-27 17:07:57 - [MESSAGE][PASSED] - Verify response status code successfully&#xD;
&#xD;
2019-08-27 17:07:57 - [TEST_STEP][PASSED] - Start listener action : sampleAfterTestCase: null</system-out>
            <system-err></system-err>
        </testcase>
        <testcase name="Test Cases/AlterationScoringRuleApps/Financial Non Employee/Non Ultimate/FE5/TC-1 USD FE5" classname="Test Cases/AlterationScoringRuleApps/Financial Non Employee/Non Ultimate/FE5/TC-1 USD FE5" status="PASSED">
            <system-out>2019-08-27 17:07:57 - [TEST_CASE][PASSED] - Test Cases/AlterationScoringRuleApps/Financial Non Employee/Non Ultimate/FE5/TC-1 USD FE5: Test Cases/AlterationScoringRuleApps/Financial Non Employee/Non Ultimate/FE5/TC-1 USD FE5&#xD;
&#xD;
2019-08-27 17:07:57 - [TEST_STEP][PASSED] - random = new java.util.Random(): null&#xD;
&#xD;
2019-08-27 17:07:58 - [TEST_STEP][PASSED] - compareHighestValueFsaDeathVsAddccMax = 6250000: null&#xD;
&#xD;
2019-08-27 17:07:58 - [TEST_STEP][PASSED] - compareHighestValueFsaDeathVsAddccMin = 1875001: null&#xD;
&#xD;
2019-08-27 17:07:58 - [TEST_STEP][PASSED] - compareHighestValueFsaDeathVsAddcc = random.nextInt(compareHighestValueFsaDeathVsAddccMax - compareHighestValueFsaDeathVsAddccMin) + compareHighestValueFsaDeathVsAddccMin: null&#xD;
&#xD;
2019-08-27 17:07:58 - [TEST_STEP][PASSED] - println(compareHighestValueFsaDeathVsAddcc): null&#xD;
&#xD;
2019-08-27 17:07:58 - [TEST_STEP][PASSED] - comment("Send request"): Send request&#xD;
&#xD;
2019-08-27 17:07:58 - [MESSAGE][INFO] - Send request&#xD;
&#xD;
2019-08-27 17:07:58 - [TEST_STEP][PASSED] - response = sendRequest(findTestObject("AlterationScoringRuleApps/Financial Non Employee/Non Ultimate/Object Request", ["transactionType":transactionType, "role":role, "increasingFsaFlag":increasingFsaFlag, "pecFlag":pecFlag, "occupationCode":occupationCode, ... ])): Send request successfully&#xD;
&#xD;
2019-08-27 17:07:58 - [MESSAGE][INFO] - HAR: C:\SURYAPURBA\PHS\PHS-BRMS\Reports\FinancialNonEmployee_NonUltimate\20190827_170649\requests\main\56.har&#xD;
&#xD;
2019-08-27 17:07:58 - [MESSAGE][PASSED] - Send request successfully&#xD;
&#xD;
2019-08-27 17:07:58 - [TEST_STEP][PASSED] - slurper = new groovy.json.JsonSlurper(): null&#xD;
&#xD;
2019-08-27 17:07:58 - [TEST_STEP][PASSED] - parseResponse = slurper.parseText(response.getResponseText()): null&#xD;
&#xD;
2019-08-27 17:07:58 - [TEST_STEP][PASSED] - println(parseResponse): null&#xD;
&#xD;
2019-08-27 17:07:58 - [TEST_STEP][PASSED] - attributes = evidenceCode: null&#xD;
&#xD;
2019-08-27 17:07:58 - [TEST_STEP][PASSED] - println(attributes): null&#xD;
&#xD;
2019-08-27 17:07:58 - [TEST_STEP][PASSED] - expected = description == "Butuh LSAR, ABR, BSM, RoC, RNA, Bukti Aset": null&#xD;
&#xD;
2019-08-27 17:07:58 - [TEST_STEP][PASSED] - comment("Verify evidence code is FE5 and have description "Butuh LSAR, ABR, BSM, RoC, RNA, Bukti Aset""): Verify evidence code is FE5 and have description "Butuh LSAR, ABR, BSM, RoC, RNA, Bukti Aset"&#xD;
&#xD;
2019-08-27 17:07:58 - [MESSAGE][INFO] - Verify evidence code is FE5 and have description "Butuh LSAR, ABR, BSM, RoC, RNA, Bukti Aset"&#xD;
&#xD;
2019-08-27 17:07:58 - [TEST_STEP][PASSED] - verifyEqual(expected, true): Actual object 'true' and expected object 'true' are equal&#xD;
&#xD;
2019-08-27 17:07:58 - [MESSAGE][PASSED] - Actual object 'true' and expected object 'true' are equal&#xD;
&#xD;
2019-08-27 17:07:58 - [TEST_STEP][PASSED] - comment("Verify response status code"): Verify response status code&#xD;
&#xD;
2019-08-27 17:07:58 - [MESSAGE][INFO] - Verify response status code&#xD;
&#xD;
2019-08-27 17:07:59 - [TEST_STEP][PASSED] - verifyResponseStatusCode(response, 200): Verify response status code successfully&#xD;
&#xD;
2019-08-27 17:07:59 - [MESSAGE][PASSED] - Verify response status code successfully&#xD;
&#xD;
2019-08-27 17:07:59 - [TEST_STEP][PASSED] - Start listener action : sampleAfterTestCase: null</system-out>
            <system-err></system-err>
        </testcase>
        <testcase name="Test Cases/AlterationScoringRuleApps/Financial Non Employee/Non Ultimate/FE5/TC-1 USD FE5" classname="Test Cases/AlterationScoringRuleApps/Financial Non Employee/Non Ultimate/FE5/TC-1 USD FE5" status="PASSED">
            <system-out>2019-08-27 17:07:59 - [TEST_CASE][PASSED] - Test Cases/AlterationScoringRuleApps/Financial Non Employee/Non Ultimate/FE5/TC-1 USD FE5: Test Cases/AlterationScoringRuleApps/Financial Non Employee/Non Ultimate/FE5/TC-1 USD FE5&#xD;
&#xD;
2019-08-27 17:07:59 - [TEST_STEP][PASSED] - random = new java.util.Random(): null&#xD;
&#xD;
2019-08-27 17:07:59 - [TEST_STEP][PASSED] - compareHighestValueFsaDeathVsAddccMax = 6250000: null&#xD;
&#xD;
2019-08-27 17:07:59 - [TEST_STEP][PASSED] - compareHighestValueFsaDeathVsAddccMin = 1875001: null&#xD;
&#xD;
2019-08-27 17:07:59 - [TEST_STEP][PASSED] - compareHighestValueFsaDeathVsAddcc = random.nextInt(compareHighestValueFsaDeathVsAddccMax - compareHighestValueFsaDeathVsAddccMin) + compareHighestValueFsaDeathVsAddccMin: null&#xD;
&#xD;
2019-08-27 17:08:00 - [TEST_STEP][PASSED] - println(compareHighestValueFsaDeathVsAddcc): null&#xD;
&#xD;
2019-08-27 17:08:00 - [TEST_STEP][PASSED] - comment("Send request"): Send request&#xD;
&#xD;
2019-08-27 17:08:00 - [MESSAGE][INFO] - Send request&#xD;
&#xD;
2019-08-27 17:08:00 - [TEST_STEP][PASSED] - response = sendRequest(findTestObject("AlterationScoringRuleApps/Financial Non Employee/Non Ultimate/Object Request", ["transactionType":transactionType, "role":role, "increasingFsaFlag":increasingFsaFlag, "pecFlag":pecFlag, "occupationCode":occupationCode, ... ])): Send request successfully&#xD;
&#xD;
2019-08-27 17:08:00 - [MESSAGE][INFO] - HAR: C:\SURYAPURBA\PHS\PHS-BRMS\Reports\FinancialNonEmployee_NonUltimate\20190827_170649\requests\main\57.har&#xD;
&#xD;
2019-08-27 17:08:00 - [MESSAGE][PASSED] - Send request successfully&#xD;
&#xD;
2019-08-27 17:08:00 - [TEST_STEP][PASSED] - slurper = new groovy.json.JsonSlurper(): null&#xD;
&#xD;
2019-08-27 17:08:00 - [TEST_STEP][PASSED] - parseResponse = slurper.parseText(response.getResponseText()): null&#xD;
&#xD;
2019-08-27 17:08:00 - [TEST_STEP][PASSED] - println(parseResponse): null&#xD;
&#xD;
2019-08-27 17:08:00 - [TEST_STEP][PASSED] - attributes = evidenceCode: null&#xD;
&#xD;
2019-08-27 17:08:00 - [TEST_STEP][PASSED] - println(attributes): null&#xD;
&#xD;
2019-08-27 17:08:01 - [TEST_STEP][PASSED] - expected = description == "Butuh LSAR, ABR, BSM, RoC, RNA, Bukti Aset": null&#xD;
&#xD;
2019-08-27 17:08:01 - [TEST_STEP][PASSED] - comment("Verify evidence code is FE5 and have description "Butuh LSAR, ABR, BSM, RoC, RNA, Bukti Aset""): Verify evidence code is FE5 and have description "Butuh LSAR, ABR, BSM, RoC, RNA, Bukti Aset"&#xD;
&#xD;
2019-08-27 17:08:01 - [MESSAGE][INFO] - Verify evidence code is FE5 and have description "Butuh LSAR, ABR, BSM, RoC, RNA, Bukti Aset"&#xD;
&#xD;
2019-08-27 17:08:01 - [TEST_STEP][PASSED] - verifyEqual(expected, true): Actual object 'true' and expected object 'true' are equal&#xD;
&#xD;
2019-08-27 17:08:01 - [MESSAGE][PASSED] - Actual object 'true' and expected object 'true' are equal&#xD;
&#xD;
2019-08-27 17:08:01 - [TEST_STEP][PASSED] - comment("Verify response status code"): Verify response status code&#xD;
&#xD;
2019-08-27 17:08:01 - [MESSAGE][INFO] - Verify response status code&#xD;
&#xD;
2019-08-27 17:08:01 - [TEST_STEP][PASSED] - verifyResponseStatusCode(response, 200): Verify response status code successfully&#xD;
&#xD;
2019-08-27 17:08:01 - [MESSAGE][PASSED] - Verify response status code successfully&#xD;
&#xD;
2019-08-27 17:08:01 - [TEST_STEP][PASSED] - Start listener action : sampleAfterTestCase: null</system-out>
            <system-err></system-err>
        </testcase>
        <testcase name="Test Cases/AlterationScoringRuleApps/Financial Non Employee/Non Ultimate/FE5/TC-1 USD FE5" classname="Test Cases/AlterationScoringRuleApps/Financial Non Employee/Non Ultimate/FE5/TC-1 USD FE5" status="PASSED">
            <system-out>2019-08-27 17:08:01 - [TEST_CASE][PASSED] - Test Cases/AlterationScoringRuleApps/Financial Non Employee/Non Ultimate/FE5/TC-1 USD FE5: Test Cases/AlterationScoringRuleApps/Financial Non Employee/Non Ultimate/FE5/TC-1 USD FE5&#xD;
&#xD;
2019-08-27 17:08:01 - [TEST_STEP][PASSED] - random = new java.util.Random(): null&#xD;
&#xD;
2019-08-27 17:08:01 - [TEST_STEP][PASSED] - compareHighestValueFsaDeathVsAddccMax = 6250000: null&#xD;
&#xD;
2019-08-27 17:08:01 - [TEST_STEP][PASSED] - compareHighestValueFsaDeathVsAddccMin = 1875001: null&#xD;
&#xD;
2019-08-27 17:08:01 - [TEST_STEP][PASSED] - compareHighestValueFsaDeathVsAddcc = random.nextInt(compareHighestValueFsaDeathVsAddccMax - compareHighestValueFsaDeathVsAddccMin) + compareHighestValueFsaDeathVsAddccMin: null&#xD;
&#xD;
2019-08-27 17:08:01 - [TEST_STEP][PASSED] - println(compareHighestValueFsaDeathVsAddcc): null&#xD;
&#xD;
2019-08-27 17:08:01 - [TEST_STEP][PASSED] - comment("Send request"): Send request&#xD;
&#xD;
2019-08-27 17:08:01 - [MESSAGE][INFO] - Send request&#xD;
&#xD;
2019-08-27 17:08:01 - [TEST_STEP][PASSED] - response = sendRequest(findTestObject("AlterationScoringRuleApps/Financial Non Employee/Non Ultimate/Object Request", ["transactionType":transactionType, "role":role, "increasingFsaFlag":increasingFsaFlag, "pecFlag":pecFlag, "occupationCode":occupationCode, ... ])): Send request successfully&#xD;
&#xD;
2019-08-27 17:08:01 - [MESSAGE][INFO] - HAR: C:\SURYAPURBA\PHS\PHS-BRMS\Reports\FinancialNonEmployee_NonUltimate\20190827_170649\requests\main\58.har&#xD;
&#xD;
2019-08-27 17:08:02 - [MESSAGE][PASSED] - Send request successfully&#xD;
&#xD;
2019-08-27 17:08:02 - [TEST_STEP][PASSED] - slurper = new groovy.json.JsonSlurper(): null&#xD;
&#xD;
2019-08-27 17:08:02 - [TEST_STEP][PASSED] - parseResponse = slurper.parseText(response.getResponseText()): null&#xD;
&#xD;
2019-08-27 17:08:02 - [TEST_STEP][PASSED] - println(parseResponse): null&#xD;
&#xD;
2019-08-27 17:08:02 - [TEST_STEP][PASSED] - attributes = evidenceCode: null&#xD;
&#xD;
2019-08-27 17:08:02 - [TEST_STEP][PASSED] - println(attributes): null&#xD;
&#xD;
2019-08-27 17:08:02 - [TEST_STEP][PASSED] - expected = description == "Butuh LSAR, ABR, BSM, RoC, RNA, Bukti Aset": null&#xD;
&#xD;
2019-08-27 17:08:02 - [TEST_STEP][PASSED] - comment("Verify evidence code is FE5 and have description "Butuh LSAR, ABR, BSM, RoC, RNA, Bukti Aset""): Verify evidence code is FE5 and have description "Butuh LSAR, ABR, BSM, RoC, RNA, Bukti Aset"&#xD;
&#xD;
2019-08-27 17:08:02 - [MESSAGE][INFO] - Verify evidence code is FE5 and have description "Butuh LSAR, ABR, BSM, RoC, RNA, Bukti Aset"&#xD;
&#xD;
2019-08-27 17:08:02 - [TEST_STEP][PASSED] - verifyEqual(expected, true): Actual object 'true' and expected object 'true' are equal&#xD;
&#xD;
2019-08-27 17:08:03 - [MESSAGE][PASSED] - Actual object 'true' and expected object 'true' are equal&#xD;
&#xD;
2019-08-27 17:08:03 - [TEST_STEP][PASSED] - comment("Verify response status code"): Verify response status code&#xD;
&#xD;
2019-08-27 17:08:03 - [MESSAGE][INFO] - Verify response status code&#xD;
&#xD;
2019-08-27 17:08:03 - [TEST_STEP][PASSED] - verifyResponseStatusCode(response, 200): Verify response status code successfully&#xD;
&#xD;
2019-08-27 17:08:03 - [MESSAGE][PASSED] - Verify response status code successfully&#xD;
&#xD;
2019-08-27 17:08:03 - [TEST_STEP][PASSED] - Start listener action : sampleAfterTestCase: null</system-out>
            <system-err></system-err>
        </testcase>
        <testcase name="Test Cases/AlterationScoringRuleApps/Financial Non Employee/Non Ultimate/FE5/TC-1 USD FE5" classname="Test Cases/AlterationScoringRuleApps/Financial Non Employee/Non Ultimate/FE5/TC-1 USD FE5" status="PASSED">
            <system-out>2019-08-27 17:08:03 - [TEST_CASE][PASSED] - Test Cases/AlterationScoringRuleApps/Financial Non Employee/Non Ultimate/FE5/TC-1 USD FE5: Test Cases/AlterationScoringRuleApps/Financial Non Employee/Non Ultimate/FE5/TC-1 USD FE5&#xD;
&#xD;
2019-08-27 17:08:03 - [TEST_STEP][PASSED] - random = new java.util.Random(): null&#xD;
&#xD;
2019-08-27 17:08:04 - [TEST_STEP][PASSED] - compareHighestValueFsaDeathVsAddccMax = 6250000: null&#xD;
&#xD;
2019-08-27 17:08:04 - [TEST_STEP][PASSED] - compareHighestValueFsaDeathVsAddccMin = 1875001: null&#xD;
&#xD;
2019-08-27 17:08:04 - [TEST_STEP][PASSED] - compareHighestValueFsaDeathVsAddcc = random.nextInt(compareHighestValueFsaDeathVsAddccMax - compareHighestValueFsaDeathVsAddccMin) + compareHighestValueFsaDeathVsAddccMin: null&#xD;
&#xD;
2019-08-27 17:08:04 - [TEST_STEP][PASSED] - println(compareHighestValueFsaDeathVsAddcc): null&#xD;
&#xD;
2019-08-27 17:08:04 - [TEST_STEP][PASSED] - comment("Send request"): Send request&#xD;
&#xD;
2019-08-27 17:08:04 - [MESSAGE][INFO] - Send request&#xD;
&#xD;
2019-08-27 17:08:04 - [TEST_STEP][PASSED] - response = sendRequest(findTestObject("AlterationScoringRuleApps/Financial Non Employee/Non Ultimate/Object Request", ["transactionType":transactionType, "role":role, "increasingFsaFlag":increasingFsaFlag, "pecFlag":pecFlag, "occupationCode":occupationCode, ... ])): Send request successfully&#xD;
&#xD;
2019-08-27 17:08:04 - [MESSAGE][INFO] - HAR: C:\SURYAPURBA\PHS\PHS-BRMS\Reports\FinancialNonEmployee_NonUltimate\20190827_170649\requests\main\59.har&#xD;
&#xD;
2019-08-27 17:08:04 - [MESSAGE][PASSED] - Send request successfully&#xD;
&#xD;
2019-08-27 17:08:04 - [TEST_STEP][PASSED] - slurper = new groovy.json.JsonSlurper(): null&#xD;
&#xD;
2019-08-27 17:08:04 - [TEST_STEP][PASSED] - parseResponse = slurper.parseText(response.getResponseText()): null&#xD;
&#xD;
2019-08-27 17:08:04 - [TEST_STEP][PASSED] - println(parseResponse): null&#xD;
&#xD;
2019-08-27 17:08:04 - [TEST_STEP][PASSED] - attributes = evidenceCode: null&#xD;
&#xD;
2019-08-27 17:08:04 - [TEST_STEP][PASSED] - println(attributes): null&#xD;
&#xD;
2019-08-27 17:08:04 - [TEST_STEP][PASSED] - expected = description == "Butuh LSAR, ABR, BSM, RoC, RNA, Bukti Aset": null&#xD;
&#xD;
2019-08-27 17:08:04 - [TEST_STEP][PASSED] - comment("Verify evidence code is FE5 and have description "Butuh LSAR, ABR, BSM, RoC, RNA, Bukti Aset""): Verify evidence code is FE5 and have description "Butuh LSAR, ABR, BSM, RoC, RNA, Bukti Aset"&#xD;
&#xD;
2019-08-27 17:08:04 - [MESSAGE][INFO] - Verify evidence code is FE5 and have description "Butuh LSAR, ABR, BSM, RoC, RNA, Bukti Aset"&#xD;
&#xD;
2019-08-27 17:08:04 - [TEST_STEP][PASSED] - verifyEqual(expected, true): Actual object 'true' and expected object 'true' are equal&#xD;
&#xD;
2019-08-27 17:08:04 - [MESSAGE][PASSED] - Actual object 'true' and expected object 'true' are equal&#xD;
&#xD;
2019-08-27 17:08:04 - [TEST_STEP][PASSED] - comment("Verify response status code"): Verify response status code&#xD;
&#xD;
2019-08-27 17:08:04 - [MESSAGE][INFO] - Verify response status code&#xD;
&#xD;
2019-08-27 17:08:04 - [TEST_STEP][PASSED] - verifyResponseStatusCode(response, 200): Verify response status code successfully&#xD;
&#xD;
2019-08-27 17:08:04 - [MESSAGE][PASSED] - Verify response status code successfully&#xD;
&#xD;
2019-08-27 17:08:05 - [TEST_STEP][PASSED] - Start listener action : sampleAfterTestCase: null</system-out>
            <system-err></system-err>
        </testcase>
        <testcase name="Test Cases/AlterationScoringRuleApps/Financial Non Employee/Non Ultimate/FE5/TC-1 USD FE5" classname="Test Cases/AlterationScoringRuleApps/Financial Non Employee/Non Ultimate/FE5/TC-1 USD FE5" status="PASSED">
            <system-out>2019-08-27 17:08:05 - [TEST_CASE][PASSED] - Test Cases/AlterationScoringRuleApps/Financial Non Employee/Non Ultimate/FE5/TC-1 USD FE5: Test Cases/AlterationScoringRuleApps/Financial Non Employee/Non Ultimate/FE5/TC-1 USD FE5&#xD;
&#xD;
2019-08-27 17:08:05 - [TEST_STEP][PASSED] - random = new java.util.Random(): null&#xD;
&#xD;
2019-08-27 17:08:05 - [TEST_STEP][PASSED] - compareHighestValueFsaDeathVsAddccMax = 6250000: null&#xD;
&#xD;
2019-08-27 17:08:05 - [TEST_STEP][PASSED] - compareHighestValueFsaDeathVsAddccMin = 1875001: null&#xD;
&#xD;
2019-08-27 17:08:05 - [TEST_STEP][PASSED] - compareHighestValueFsaDeathVsAddcc = random.nextInt(compareHighestValueFsaDeathVsAddccMax - compareHighestValueFsaDeathVsAddccMin) + compareHighestValueFsaDeathVsAddccMin: null&#xD;
&#xD;
2019-08-27 17:08:05 - [TEST_STEP][PASSED] - println(compareHighestValueFsaDeathVsAddcc): null&#xD;
&#xD;
2019-08-27 17:08:06 - [TEST_STEP][PASSED] - comment("Send request"): Send request&#xD;
&#xD;
2019-08-27 17:08:06 - [MESSAGE][INFO] - Send request&#xD;
&#xD;
2019-08-27 17:08:06 - [TEST_STEP][PASSED] - response = sendRequest(findTestObject("AlterationScoringRuleApps/Financial Non Employee/Non Ultimate/Object Request", ["transactionType":transactionType, "role":role, "increasingFsaFlag":increasingFsaFlag, "pecFlag":pecFlag, "occupationCode":occupationCode, ... ])): Send request successfully&#xD;
&#xD;
2019-08-27 17:08:06 - [MESSAGE][INFO] - HAR: C:\SURYAPURBA\PHS\PHS-BRMS\Reports\FinancialNonEmployee_NonUltimate\20190827_170649\requests\main\60.har&#xD;
&#xD;
2019-08-27 17:08:06 - [MESSAGE][PASSED] - Send request successfully&#xD;
&#xD;
2019-08-27 17:08:06 - [TEST_STEP][PASSED] - slurper = new groovy.json.JsonSlurper(): null&#xD;
&#xD;
2019-08-27 17:08:06 - [TEST_STEP][PASSED] - parseResponse = slurper.parseText(response.getResponseText()): null&#xD;
&#xD;
2019-08-27 17:08:06 - [TEST_STEP][PASSED] - println(parseResponse): null&#xD;
&#xD;
2019-08-27 17:08:06 - [TEST_STEP][PASSED] - attributes = evidenceCode: null&#xD;
&#xD;
2019-08-27 17:08:06 - [TEST_STEP][PASSED] - println(attributes): null&#xD;
&#xD;
2019-08-27 17:08:06 - [TEST_STEP][PASSED] - expected = description == "Butuh LSAR, ABR, BSM, RoC, RNA, Bukti Aset": null&#xD;
&#xD;
2019-08-27 17:08:07 - [TEST_STEP][PASSED] - comment("Verify evidence code is FE5 and have description "Butuh LSAR, ABR, BSM, RoC, RNA, Bukti Aset""): Verify evidence code is FE5 and have description "Butuh LSAR, ABR, BSM, RoC, RNA, Bukti Aset"&#xD;
&#xD;
2019-08-27 17:08:07 - [MESSAGE][INFO] - Verify evidence code is FE5 and have description "Butuh LSAR, ABR, BSM, RoC, RNA, Bukti Aset"&#xD;
&#xD;
2019-08-27 17:08:07 - [TEST_STEP][PASSED] - verifyEqual(expected, true): Actual object 'true' and expected object 'true' are equal&#xD;
&#xD;
2019-08-27 17:08:07 - [MESSAGE][PASSED] - Actual object 'true' and expected object 'true' are equal&#xD;
&#xD;
2019-08-27 17:08:07 - [TEST_STEP][PASSED] - comment("Verify response status code"): Verify response status code&#xD;
&#xD;
2019-08-27 17:08:07 - [MESSAGE][INFO] - Verify response status code&#xD;
&#xD;
2019-08-27 17:08:07 - [TEST_STEP][PASSED] - verifyResponseStatusCode(response, 200): Verify response status code successfully&#xD;
&#xD;
2019-08-27 17:08:07 - [MESSAGE][PASSED] - Verify response status code successfully&#xD;
&#xD;
2019-08-27 17:08:07 - [TEST_STEP][PASSED] - Start listener action : sampleAfterTestCase: null</system-out>
            <system-err></system-err>
        </testcase>
        <testcase name="Test Cases/AlterationScoringRuleApps/Financial Non Employee/Non Ultimate/FE5/TC-1 USD FE5" classname="Test Cases/AlterationScoringRuleApps/Financial Non Employee/Non Ultimate/FE5/TC-1 USD FE5" status="PASSED">
            <system-out>2019-08-27 17:08:07 - [TEST_CASE][PASSED] - Test Cases/AlterationScoringRuleApps/Financial Non Employee/Non Ultimate/FE5/TC-1 USD FE5: Test Cases/AlterationScoringRuleApps/Financial Non Employee/Non Ultimate/FE5/TC-1 USD FE5&#xD;
&#xD;
2019-08-27 17:08:08 - [TEST_STEP][PASSED] - random = new java.util.Random(): null&#xD;
&#xD;
2019-08-27 17:08:08 - [TEST_STEP][PASSED] - compareHighestValueFsaDeathVsAddccMax = 6250000: null&#xD;
&#xD;
2019-08-27 17:08:08 - [TEST_STEP][PASSED] - compareHighestValueFsaDeathVsAddccMin = 1875001: null&#xD;
&#xD;
2019-08-27 17:08:08 - [TEST_STEP][PASSED] - compareHighestValueFsaDeathVsAddcc = random.nextInt(compareHighestValueFsaDeathVsAddccMax - compareHighestValueFsaDeathVsAddccMin) + compareHighestValueFsaDeathVsAddccMin: null&#xD;
&#xD;
2019-08-27 17:08:08 - [TEST_STEP][PASSED] - println(compareHighestValueFsaDeathVsAddcc): null&#xD;
&#xD;
2019-08-27 17:08:08 - [TEST_STEP][PASSED] - comment("Send request"): Send request&#xD;
&#xD;
2019-08-27 17:08:08 - [MESSAGE][INFO] - Send request&#xD;
&#xD;
2019-08-27 17:08:08 - [TEST_STEP][PASSED] - response = sendRequest(findTestObject("AlterationScoringRuleApps/Financial Non Employee/Non Ultimate/Object Request", ["transactionType":transactionType, "role":role, "increasingFsaFlag":increasingFsaFlag, "pecFlag":pecFlag, "occupationCode":occupationCode, ... ])): Send request successfully&#xD;
&#xD;
2019-08-27 17:08:08 - [MESSAGE][INFO] - HAR: C:\SURYAPURBA\PHS\PHS-BRMS\Reports\FinancialNonEmployee_NonUltimate\20190827_170649\requests\main\61.har&#xD;
&#xD;
2019-08-27 17:08:08 - [MESSAGE][PASSED] - Send request successfully&#xD;
&#xD;
2019-08-27 17:08:08 - [TEST_STEP][PASSED] - slurper = new groovy.json.JsonSlurper(): null&#xD;
&#xD;
2019-08-27 17:08:08 - [TEST_STEP][PASSED] - parseResponse = slurper.parseText(response.getResponseText()): null&#xD;
&#xD;
2019-08-27 17:08:08 - [TEST_STEP][PASSED] - println(parseResponse): null&#xD;
&#xD;
2019-08-27 17:08:08 - [TEST_STEP][PASSED] - attributes = evidenceCode: null&#xD;
&#xD;
2019-08-27 17:08:08 - [TEST_STEP][PASSED] - println(attributes): null&#xD;
&#xD;
2019-08-27 17:08:08 - [TEST_STEP][PASSED] - expected = description == "Butuh LSAR, ABR, BSM, RoC, RNA, Bukti Aset": null&#xD;
&#xD;
2019-08-27 17:08:08 - [TEST_STEP][PASSED] - comment("Verify evidence code is FE5 and have description "Butuh LSAR, ABR, BSM, RoC, RNA, Bukti Aset""): Verify evidence code is FE5 and have description "Butuh LSAR, ABR, BSM, RoC, RNA, Bukti Aset"&#xD;
&#xD;
2019-08-27 17:08:08 - [MESSAGE][INFO] - Verify evidence code is FE5 and have description "Butuh LSAR, ABR, BSM, RoC, RNA, Bukti Aset"&#xD;
&#xD;
2019-08-27 17:08:08 - [TEST_STEP][PASSED] - verifyEqual(expected, true): Actual object 'true' and expected object 'true' are equal&#xD;
&#xD;
2019-08-27 17:08:08 - [MESSAGE][PASSED] - Actual object 'true' and expected object 'true' are equal&#xD;
&#xD;
2019-08-27 17:08:09 - [TEST_STEP][PASSED] - comment("Verify response status code"): Verify response status code&#xD;
&#xD;
2019-08-27 17:08:09 - [MESSAGE][INFO] - Verify response status code&#xD;
&#xD;
2019-08-27 17:08:09 - [TEST_STEP][PASSED] - verifyResponseStatusCode(response, 200): Verify response status code successfully&#xD;
&#xD;
2019-08-27 17:08:09 - [MESSAGE][PASSED] - Verify response status code successfully&#xD;
&#xD;
2019-08-27 17:08:09 - [TEST_STEP][PASSED] - Start listener action : sampleAfterTestCase: null</system-out>
            <system-err></system-err>
        </testcase>
        <testcase name="Test Cases/AlterationScoringRuleApps/Financial Non Employee/Non Ultimate/FE5/TC-1 USD FE5" classname="Test Cases/AlterationScoringRuleApps/Financial Non Employee/Non Ultimate/FE5/TC-1 USD FE5" status="PASSED">
            <system-out>2019-08-27 17:08:09 - [TEST_CASE][PASSED] - Test Cases/AlterationScoringRuleApps/Financial Non Employee/Non Ultimate/FE5/TC-1 USD FE5: Test Cases/AlterationScoringRuleApps/Financial Non Employee/Non Ultimate/FE5/TC-1 USD FE5&#xD;
&#xD;
2019-08-27 17:08:09 - [TEST_STEP][PASSED] - random = new java.util.Random(): null&#xD;
&#xD;
2019-08-27 17:08:09 - [TEST_STEP][PASSED] - compareHighestValueFsaDeathVsAddccMax = 6250000: null&#xD;
&#xD;
2019-08-27 17:08:09 - [TEST_STEP][PASSED] - compareHighestValueFsaDeathVsAddccMin = 1875001: null&#xD;
&#xD;
2019-08-27 17:08:10 - [TEST_STEP][PASSED] - compareHighestValueFsaDeathVsAddcc = random.nextInt(compareHighestValueFsaDeathVsAddccMax - compareHighestValueFsaDeathVsAddccMin) + compareHighestValueFsaDeathVsAddccMin: null&#xD;
&#xD;
2019-08-27 17:08:10 - [TEST_STEP][PASSED] - println(compareHighestValueFsaDeathVsAddcc): null&#xD;
&#xD;
2019-08-27 17:08:10 - [TEST_STEP][PASSED] - comment("Send request"): Send request&#xD;
&#xD;
2019-08-27 17:08:10 - [MESSAGE][INFO] - Send request&#xD;
&#xD;
2019-08-27 17:08:10 - [TEST_STEP][PASSED] - response = sendRequest(findTestObject("AlterationScoringRuleApps/Financial Non Employee/Non Ultimate/Object Request", ["transactionType":transactionType, "role":role, "increasingFsaFlag":increasingFsaFlag, "pecFlag":pecFlag, "occupationCode":occupationCode, ... ])): Send request successfully&#xD;
&#xD;
2019-08-27 17:08:10 - [MESSAGE][INFO] - HAR: C:\SURYAPURBA\PHS\PHS-BRMS\Reports\FinancialNonEmployee_NonUltimate\20190827_170649\requests\main\62.har&#xD;
&#xD;
2019-08-27 17:08:10 - [MESSAGE][PASSED] - Send request successfully&#xD;
&#xD;
2019-08-27 17:08:10 - [TEST_STEP][PASSED] - slurper = new groovy.json.JsonSlurper(): null&#xD;
&#xD;
2019-08-27 17:08:10 - [TEST_STEP][PASSED] - parseResponse = slurper.parseText(response.getResponseText()): null&#xD;
&#xD;
2019-08-27 17:08:10 - [TEST_STEP][PASSED] - println(parseResponse): null&#xD;
&#xD;
2019-08-27 17:08:11 - [TEST_STEP][PASSED] - attributes = evidenceCode: null&#xD;
&#xD;
2019-08-27 17:08:11 - [TEST_STEP][PASSED] - println(attributes): null&#xD;
&#xD;
2019-08-27 17:08:11 - [TEST_STEP][PASSED] - expected = description == "Butuh LSAR, ABR, BSM, RoC, RNA, Bukti Aset": null&#xD;
&#xD;
2019-08-27 17:08:11 - [TEST_STEP][PASSED] - comment("Verify evidence code is FE5 and have description "Butuh LSAR, ABR, BSM, RoC, RNA, Bukti Aset""): Verify evidence code is FE5 and have description "Butuh LSAR, ABR, BSM, RoC, RNA, Bukti Aset"&#xD;
&#xD;
2019-08-27 17:08:11 - [MESSAGE][INFO] - Verify evidence code is FE5 and have description "Butuh LSAR, ABR, BSM, RoC, RNA, Bukti Aset"&#xD;
&#xD;
2019-08-27 17:08:11 - [TEST_STEP][PASSED] - verifyEqual(expected, true): Actual object 'true' and expected object 'true' are equal&#xD;
&#xD;
2019-08-27 17:08:11 - [MESSAGE][PASSED] - Actual object 'true' and expected object 'true' are equal&#xD;
&#xD;
2019-08-27 17:08:11 - [TEST_STEP][PASSED] - comment("Verify response status code"): Verify response status code&#xD;
&#xD;
2019-08-27 17:08:11 - [MESSAGE][INFO] - Verify response status code&#xD;
&#xD;
2019-08-27 17:08:11 - [TEST_STEP][PASSED] - verifyResponseStatusCode(response, 200): Verify response status code successfully&#xD;
&#xD;
2019-08-27 17:08:11 - [MESSAGE][PASSED] - Verify response status code successfully&#xD;
&#xD;
2019-08-27 17:08:11 - [TEST_STEP][PASSED] - Start listener action : sampleAfterTestCase: null</system-out>
            <system-err></system-err>
        </testcase>
        <testcase name="Test Cases/AlterationScoringRuleApps/Financial Non Employee/Non Ultimate/FE5/TC-2 IDR FE5" classname="Test Cases/AlterationScoringRuleApps/Financial Non Employee/Non Ultimate/FE5/TC-2 IDR FE5" status="ERROR">
            <error type="ERROR" message="Test Cases/AlterationScoringRuleApps/Financial Non Employee/Non Ultimate/FE5/TC-2 IDR FE5 FAILED.&#xA;Reason:&#xA;java.lang.NullPointerException: Cannot get property 'description' on null object&#xD;&#xA;&#x9;at TC-2 IDR FE5.run(TC-2 IDR FE5:31)&#xD;&#xA;&#x9;at com.kms.katalon.core.main.ScriptEngine.run(ScriptEngine.java:194)&#xD;&#xA;&#x9;at com.kms.katalon.core.main.ScriptEngine.runScriptAsRawText(ScriptEngine.java:119)&#xD;&#xA;&#x9;at com.kms.katalon.core.main.TestCaseExecutor.runScript(TestCaseExecutor.java:337)&#xD;&#xA;&#x9;at com.kms.katalon.core.main.TestCaseExecutor.doExecute(TestCaseExecutor.java:328)&#xD;&#xA;&#x9;at com.kms.katalon.core.main.TestCaseExecutor.processExecutionPhase(TestCaseExecutor.java:307)&#xD;&#xA;&#x9;at com.kms.katalon.core.main.TestCaseExecutor.accessMainPhase(TestCaseExecutor.java:299)&#xD;&#xA;&#x9;at com.kms.katalon.core.main.TestCaseExecutor.execute(TestCaseExecutor.java:233)&#xD;&#xA;&#x9;at com.kms.katalon.core.main.TestSuiteExecutor.accessTestCaseMainPhase(TestSuiteExecutor.java:133)&#xD;&#xA;&#x9;at com.kms.katalon.core.main.TestSuiteExecutor.accessTestSuiteMainPhase(TestSuiteExecutor.java:116)&#xD;&#xA;&#x9;at com.kms.katalon.core.main.TestSuiteExecutor.execute(TestSuiteExecutor.java:83)&#xD;&#xA;&#x9;at com.kms.katalon.core.main.TestCaseMain.startTestSuite(TestCaseMain.java:157)&#xD;&#xA;&#x9;at com.kms.katalon.core.main.TestCaseMain$startTestSuite$0.call(Unknown Source)&#xD;&#xA;&#x9;at TempTestSuite1566900409643.run(TempTestSuite1566900409643.groovy:35)&#xD;&#xA;"/>
            <system-out>2019-08-27 17:08:11 - [TEST_CASE][ERROR] - Test Cases/AlterationScoringRuleApps/Financial Non Employee/Non Ultimate/FE5/TC-2 IDR FE5: Test Cases/AlterationScoringRuleApps/Financial Non Employee/Non Ultimate/FE5/TC-2 IDR FE5 FAILED.
Reason:
java.lang.NullPointerException: Cannot get property 'description' on null object&#xD;
	at TC-2 IDR FE5.run(TC-2 IDR FE5:31)&#xD;
	at com.kms.katalon.core.main.ScriptEngine.run(ScriptEngine.java:194)&#xD;
	at com.kms.katalon.core.main.ScriptEngine.runScriptAsRawText(ScriptEngine.java:119)&#xD;
	at com.kms.katalon.core.main.TestCaseExecutor.runScript(TestCaseExecutor.java:337)&#xD;
	at com.kms.katalon.core.main.TestCaseExecutor.doExecute(TestCaseExecutor.java:328)&#xD;
	at com.kms.katalon.core.main.TestCaseExecutor.processExecutionPhase(TestCaseExecutor.java:307)&#xD;
	at com.kms.katalon.core.main.TestCaseExecutor.accessMainPhase(TestCaseExecutor.java:299)&#xD;
	at com.kms.katalon.core.main.TestCaseExecutor.execute(TestCaseExecutor.java:233)&#xD;
	at com.kms.katalon.core.main.TestSuiteExecutor.accessTestCaseMainPhase(TestSuiteExecutor.java:133)&#xD;
	at com.kms.katalon.core.main.TestSuiteExecutor.accessTestSuiteMainPhase(TestSuiteExecutor.java:116)&#xD;
	at com.kms.katalon.core.main.TestSuiteExecutor.execute(TestSuiteExecutor.java:83)&#xD;
	at com.kms.katalon.core.main.TestCaseMain.startTestSuite(TestCaseMain.java:157)&#xD;
	at com.kms.katalon.core.main.TestCaseMain$startTestSuite$0.call(Unknown Source)&#xD;
	at TempTestSuite1566900409643.run(TempTestSuite1566900409643.groovy:35)&#xD;
&#xD;
&#xD;
2019-08-27 17:08:11 - [TEST_STEP][PASSED] - random = new java.util.Random(): null&#xD;
&#xD;
2019-08-27 17:08:11 - [TEST_STEP][PASSED] - compareHighestValueFsaDeathVsAddccMax = 50000000000: null&#xD;
&#xD;
2019-08-27 17:08:11 - [TEST_STEP][PASSED] - compareHighestValueFsaDeathVsAddccMin = 15000000001: null&#xD;
&#xD;
2019-08-27 17:08:11 - [TEST_STEP][PASSED] - compareHighestValueFsaDeathVsAddcc = random.nextInt(compareHighestValueFsaDeathVsAddccMax - compareHighestValueFsaDeathVsAddccMin) + compareHighestValueFsaDeathVsAddccMin: null&#xD;
&#xD;
2019-08-27 17:08:11 - [TEST_STEP][PASSED] - println(compareHighestValueFsaDeathVsAddcc): null&#xD;
&#xD;
2019-08-27 17:08:11 - [TEST_STEP][PASSED] - comment("Send request"): Send request&#xD;
&#xD;
2019-08-27 17:08:12 - [MESSAGE][INFO] - Send request&#xD;
&#xD;
2019-08-27 17:08:12 - [TEST_STEP][PASSED] - response = sendRequest(findTestObject("AlterationScoringRuleApps/Financial Non Employee/Non Ultimate/Object Request", ["transactionType":transactionType, "role":role, "increasingFsaFlag":increasingFsaFlag, "pecFlag":pecFlag, "occupationCode":occupationCode, ... ])): Send request successfully&#xD;
&#xD;
2019-08-27 17:08:12 - [MESSAGE][INFO] - HAR: C:\SURYAPURBA\PHS\PHS-BRMS\Reports\FinancialNonEmployee_NonUltimate\20190827_170649\requests\main\63.har&#xD;
&#xD;
2019-08-27 17:08:12 - [MESSAGE][PASSED] - Send request successfully&#xD;
&#xD;
2019-08-27 17:08:12 - [TEST_STEP][PASSED] - slurper = new groovy.json.JsonSlurper(): null&#xD;
&#xD;
2019-08-27 17:08:12 - [TEST_STEP][PASSED] - parseResponse = slurper.parseText(response.getResponseText()): null&#xD;
&#xD;
2019-08-27 17:08:12 - [TEST_STEP][PASSED] - println(parseResponse): null&#xD;
&#xD;
2019-08-27 17:08:12 - [TEST_STEP][PASSED] - attributes = evidenceCode: null&#xD;
&#xD;
2019-08-27 17:08:12 - [TEST_STEP][PASSED] - println(attributes): null&#xD;
&#xD;
2019-08-27 17:08:12 - [TEST_STEP][PASSED] - println(attributes): null&#xD;
&#xD;
2019-08-27 17:08:12 - [TEST_STEP][PASSED] - expected = description == "Butuh LSAR, ABR, BSM, RoC, RNA, Bukti Aset": null&#xD;
&#xD;
2019-08-27 17:08:13 - [TEST_STEP][PASSED] - Start listener action : sampleAfterTestCase: null</system-out>
            <system-err>2019-08-27 17:08:11 - [TEST_CASE][ERROR] - Test Cases/AlterationScoringRuleApps/Financial Non Employee/Non Ultimate/FE5/TC-2 IDR FE5: Test Cases/AlterationScoringRuleApps/Financial Non Employee/Non Ultimate/FE5/TC-2 IDR FE5 FAILED.
Reason:
java.lang.NullPointerException: Cannot get property 'description' on null object&#xD;
	at TC-2 IDR FE5.run(TC-2 IDR FE5:31)&#xD;
	at com.kms.katalon.core.main.ScriptEngine.run(ScriptEngine.java:194)&#xD;
	at com.kms.katalon.core.main.ScriptEngine.runScriptAsRawText(ScriptEngine.java:119)&#xD;
	at com.kms.katalon.core.main.TestCaseExecutor.runScript(TestCaseExecutor.java:337)&#xD;
	at com.kms.katalon.core.main.TestCaseExecutor.doExecute(TestCaseExecutor.java:328)&#xD;
	at com.kms.katalon.core.main.TestCaseExecutor.processExecutionPhase(TestCaseExecutor.java:307)&#xD;
	at com.kms.katalon.core.main.TestCaseExecutor.accessMainPhase(TestCaseExecutor.java:299)&#xD;
	at com.kms.katalon.core.main.TestCaseExecutor.execute(TestCaseExecutor.java:233)&#xD;
	at com.kms.katalon.core.main.TestSuiteExecutor.accessTestCaseMainPhase(TestSuiteExecutor.java:133)&#xD;
	at com.kms.katalon.core.main.TestSuiteExecutor.accessTestSuiteMainPhase(TestSuiteExecutor.java:116)&#xD;
	at com.kms.katalon.core.main.TestSuiteExecutor.execute(TestSuiteExecutor.java:83)&#xD;
	at com.kms.katalon.core.main.TestCaseMain.startTestSuite(TestCaseMain.java:157)&#xD;
	at com.kms.katalon.core.main.TestCaseMain$startTestSuite$0.call(Unknown Source)&#xD;
	at TempTestSuite1566900409643.run(TempTestSuite1566900409643.groovy:35)</system-err>
        </testcase>
        <testcase name="Test Cases/AlterationScoringRuleApps/Financial Non Employee/Non Ultimate/FE5/TC-2 IDR FE5" classname="Test Cases/AlterationScoringRuleApps/Financial Non Employee/Non Ultimate/FE5/TC-2 IDR FE5" status="ERROR">
            <error type="ERROR" message="Test Cases/AlterationScoringRuleApps/Financial Non Employee/Non Ultimate/FE5/TC-2 IDR FE5 FAILED.&#xA;Reason:&#xA;java.lang.NullPointerException: Cannot get property 'description' on null object&#xD;&#xA;&#x9;at TC-2 IDR FE5.run(TC-2 IDR FE5:31)&#xD;&#xA;&#x9;at com.kms.katalon.core.main.ScriptEngine.run(ScriptEngine.java:194)&#xD;&#xA;&#x9;at com.kms.katalon.core.main.ScriptEngine.runScriptAsRawText(ScriptEngine.java:119)&#xD;&#xA;&#x9;at com.kms.katalon.core.main.TestCaseExecutor.runScript(TestCaseExecutor.java:337)&#xD;&#xA;&#x9;at com.kms.katalon.core.main.TestCaseExecutor.doExecute(TestCaseExecutor.java:328)&#xD;&#xA;&#x9;at com.kms.katalon.core.main.TestCaseExecutor.processExecutionPhase(TestCaseExecutor.java:307)&#xD;&#xA;&#x9;at com.kms.katalon.core.main.TestCaseExecutor.accessMainPhase(TestCaseExecutor.java:299)&#xD;&#xA;&#x9;at com.kms.katalon.core.main.TestCaseExecutor.execute(TestCaseExecutor.java:233)&#xD;&#xA;&#x9;at com.kms.katalon.core.main.TestSuiteExecutor.accessTestCaseMainPhase(TestSuiteExecutor.java:133)&#xD;&#xA;&#x9;at com.kms.katalon.core.main.TestSuiteExecutor.accessTestSuiteMainPhase(TestSuiteExecutor.java:116)&#xD;&#xA;&#x9;at com.kms.katalon.core.main.TestSuiteExecutor.execute(TestSuiteExecutor.java:83)&#xD;&#xA;&#x9;at com.kms.katalon.core.main.TestCaseMain.startTestSuite(TestCaseMain.java:157)&#xD;&#xA;&#x9;at com.kms.katalon.core.main.TestCaseMain$startTestSuite$0.call(Unknown Source)&#xD;&#xA;&#x9;at TempTestSuite1566900409643.run(TempTestSuite1566900409643.groovy:35)&#xD;&#xA;"/>
            <system-out>2019-08-27 17:08:13 - [TEST_CASE][ERROR] - Test Cases/AlterationScoringRuleApps/Financial Non Employee/Non Ultimate/FE5/TC-2 IDR FE5: Test Cases/AlterationScoringRuleApps/Financial Non Employee/Non Ultimate/FE5/TC-2 IDR FE5 FAILED.
Reason:
java.lang.NullPointerException: Cannot get property 'description' on null object&#xD;
	at TC-2 IDR FE5.run(TC-2 IDR FE5:31)&#xD;
	at com.kms.katalon.core.main.ScriptEngine.run(ScriptEngine.java:194)&#xD;
	at com.kms.katalon.core.main.ScriptEngine.runScriptAsRawText(ScriptEngine.java:119)&#xD;
	at com.kms.katalon.core.main.TestCaseExecutor.runScript(TestCaseExecutor.java:337)&#xD;
	at com.kms.katalon.core.main.TestCaseExecutor.doExecute(TestCaseExecutor.java:328)&#xD;
	at com.kms.katalon.core.main.TestCaseExecutor.processExecutionPhase(TestCaseExecutor.java:307)&#xD;
	at com.kms.katalon.core.main.TestCaseExecutor.accessMainPhase(TestCaseExecutor.java:299)&#xD;
	at com.kms.katalon.core.main.TestCaseExecutor.execute(TestCaseExecutor.java:233)&#xD;
	at com.kms.katalon.core.main.TestSuiteExecutor.accessTestCaseMainPhase(TestSuiteExecutor.java:133)&#xD;
	at com.kms.katalon.core.main.TestSuiteExecutor.accessTestSuiteMainPhase(TestSuiteExecutor.java:116)&#xD;
	at com.kms.katalon.core.main.TestSuiteExecutor.execute(TestSuiteExecutor.java:83)&#xD;
	at com.kms.katalon.core.main.TestCaseMain.startTestSuite(TestCaseMain.java:157)&#xD;
	at com.kms.katalon.core.main.TestCaseMain$startTestSuite$0.call(Unknown Source)&#xD;
	at TempTestSuite1566900409643.run(TempTestSuite1566900409643.groovy:35)&#xD;
&#xD;
&#xD;
2019-08-27 17:08:14 - [TEST_STEP][PASSED] - random = new java.util.Random(): null&#xD;
&#xD;
2019-08-27 17:08:14 - [TEST_STEP][PASSED] - compareHighestValueFsaDeathVsAddccMax = 50000000000: null&#xD;
&#xD;
2019-08-27 17:08:14 - [TEST_STEP][PASSED] - compareHighestValueFsaDeathVsAddccMin = 15000000001: null&#xD;
&#xD;
2019-08-27 17:08:14 - [TEST_STEP][PASSED] - compareHighestValueFsaDeathVsAddcc = random.nextInt(compareHighestValueFsaDeathVsAddccMax - compareHighestValueFsaDeathVsAddccMin) + compareHighestValueFsaDeathVsAddccMin: null&#xD;
&#xD;
2019-08-27 17:08:14 - [TEST_STEP][PASSED] - println(compareHighestValueFsaDeathVsAddcc): null&#xD;
&#xD;
2019-08-27 17:08:14 - [TEST_STEP][PASSED] - comment("Send request"): Send request&#xD;
&#xD;
2019-08-27 17:08:14 - [MESSAGE][INFO] - Send request&#xD;
&#xD;
2019-08-27 17:08:14 - [TEST_STEP][PASSED] - response = sendRequest(findTestObject("AlterationScoringRuleApps/Financial Non Employee/Non Ultimate/Object Request", ["transactionType":transactionType, "role":role, "increasingFsaFlag":increasingFsaFlag, "pecFlag":pecFlag, "occupationCode":occupationCode, ... ])): Send request successfully&#xD;
&#xD;
2019-08-27 17:08:14 - [MESSAGE][INFO] - HAR: C:\SURYAPURBA\PHS\PHS-BRMS\Reports\FinancialNonEmployee_NonUltimate\20190827_170649\requests\main\64.har&#xD;
&#xD;
2019-08-27 17:08:14 - [MESSAGE][PASSED] - Send request successfully&#xD;
&#xD;
2019-08-27 17:08:14 - [TEST_STEP][PASSED] - slurper = new groovy.json.JsonSlurper(): null&#xD;
&#xD;
2019-08-27 17:08:14 - [TEST_STEP][PASSED] - parseResponse = slurper.parseText(response.getResponseText()): null&#xD;
&#xD;
2019-08-27 17:08:14 - [TEST_STEP][PASSED] - println(parseResponse): null&#xD;
&#xD;
2019-08-27 17:08:14 - [TEST_STEP][PASSED] - attributes = evidenceCode: null&#xD;
&#xD;
2019-08-27 17:08:14 - [TEST_STEP][PASSED] - println(attributes): null&#xD;
&#xD;
2019-08-27 17:08:14 - [TEST_STEP][PASSED] - println(attributes): null&#xD;
&#xD;
2019-08-27 17:08:14 - [TEST_STEP][PASSED] - expected = description == "Butuh LSAR, ABR, BSM, RoC, RNA, Bukti Aset": null&#xD;
&#xD;
2019-08-27 17:08:14 - [TEST_STEP][PASSED] - Start listener action : sampleAfterTestCase: null</system-out>
            <system-err>2019-08-27 17:08:13 - [TEST_CASE][ERROR] - Test Cases/AlterationScoringRuleApps/Financial Non Employee/Non Ultimate/FE5/TC-2 IDR FE5: Test Cases/AlterationScoringRuleApps/Financial Non Employee/Non Ultimate/FE5/TC-2 IDR FE5 FAILED.
Reason:
java.lang.NullPointerException: Cannot get property 'description' on null object&#xD;
	at TC-2 IDR FE5.run(TC-2 IDR FE5:31)&#xD;
	at com.kms.katalon.core.main.ScriptEngine.run(ScriptEngine.java:194)&#xD;
	at com.kms.katalon.core.main.ScriptEngine.runScriptAsRawText(ScriptEngine.java:119)&#xD;
	at com.kms.katalon.core.main.TestCaseExecutor.runScript(TestCaseExecutor.java:337)&#xD;
	at com.kms.katalon.core.main.TestCaseExecutor.doExecute(TestCaseExecutor.java:328)&#xD;
	at com.kms.katalon.core.main.TestCaseExecutor.processExecutionPhase(TestCaseExecutor.java:307)&#xD;
	at com.kms.katalon.core.main.TestCaseExecutor.accessMainPhase(TestCaseExecutor.java:299)&#xD;
	at com.kms.katalon.core.main.TestCaseExecutor.execute(TestCaseExecutor.java:233)&#xD;
	at com.kms.katalon.core.main.TestSuiteExecutor.accessTestCaseMainPhase(TestSuiteExecutor.java:133)&#xD;
	at com.kms.katalon.core.main.TestSuiteExecutor.accessTestSuiteMainPhase(TestSuiteExecutor.java:116)&#xD;
	at com.kms.katalon.core.main.TestSuiteExecutor.execute(TestSuiteExecutor.java:83)&#xD;
	at com.kms.katalon.core.main.TestCaseMain.startTestSuite(TestCaseMain.java:157)&#xD;
	at com.kms.katalon.core.main.TestCaseMain$startTestSuite$0.call(Unknown Source)&#xD;
	at TempTestSuite1566900409643.run(TempTestSuite1566900409643.groovy:35)</system-err>
        </testcase>
        <testcase name="Test Cases/AlterationScoringRuleApps/Financial Non Employee/Non Ultimate/FE5/TC-2 IDR FE5" classname="Test Cases/AlterationScoringRuleApps/Financial Non Employee/Non Ultimate/FE5/TC-2 IDR FE5" status="ERROR">
            <error type="ERROR" message="Test Cases/AlterationScoringRuleApps/Financial Non Employee/Non Ultimate/FE5/TC-2 IDR FE5 FAILED.&#xA;Reason:&#xA;java.lang.NullPointerException: Cannot get property 'description' on null object&#xD;&#xA;&#x9;at TC-2 IDR FE5.run(TC-2 IDR FE5:31)&#xD;&#xA;&#x9;at com.kms.katalon.core.main.ScriptEngine.run(ScriptEngine.java:194)&#xD;&#xA;&#x9;at com.kms.katalon.core.main.ScriptEngine.runScriptAsRawText(ScriptEngine.java:119)&#xD;&#xA;&#x9;at com.kms.katalon.core.main.TestCaseExecutor.runScript(TestCaseExecutor.java:337)&#xD;&#xA;&#x9;at com.kms.katalon.core.main.TestCaseExecutor.doExecute(TestCaseExecutor.java:328)&#xD;&#xA;&#x9;at com.kms.katalon.core.main.TestCaseExecutor.processExecutionPhase(TestCaseExecutor.java:307)&#xD;&#xA;&#x9;at com.kms.katalon.core.main.TestCaseExecutor.accessMainPhase(TestCaseExecutor.java:299)&#xD;&#xA;&#x9;at com.kms.katalon.core.main.TestCaseExecutor.execute(TestCaseExecutor.java:233)&#xD;&#xA;&#x9;at com.kms.katalon.core.main.TestSuiteExecutor.accessTestCaseMainPhase(TestSuiteExecutor.java:133)&#xD;&#xA;&#x9;at com.kms.katalon.core.main.TestSuiteExecutor.accessTestSuiteMainPhase(TestSuiteExecutor.java:116)&#xD;&#xA;&#x9;at com.kms.katalon.core.main.TestSuiteExecutor.execute(TestSuiteExecutor.java:83)&#xD;&#xA;&#x9;at com.kms.katalon.core.main.TestCaseMain.startTestSuite(TestCaseMain.java:157)&#xD;&#xA;&#x9;at com.kms.katalon.core.main.TestCaseMain$startTestSuite$0.call(Unknown Source)&#xD;&#xA;&#x9;at TempTestSuite1566900409643.run(TempTestSuite1566900409643.groovy:35)&#xD;&#xA;"/>
            <system-out>2019-08-27 17:08:15 - [TEST_CASE][ERROR] - Test Cases/AlterationScoringRuleApps/Financial Non Employee/Non Ultimate/FE5/TC-2 IDR FE5: Test Cases/AlterationScoringRuleApps/Financial Non Employee/Non Ultimate/FE5/TC-2 IDR FE5 FAILED.
Reason:
java.lang.NullPointerException: Cannot get property 'description' on null object&#xD;
	at TC-2 IDR FE5.run(TC-2 IDR FE5:31)&#xD;
	at com.kms.katalon.core.main.ScriptEngine.run(ScriptEngine.java:194)&#xD;
	at com.kms.katalon.core.main.ScriptEngine.runScriptAsRawText(ScriptEngine.java:119)&#xD;
	at com.kms.katalon.core.main.TestCaseExecutor.runScript(TestCaseExecutor.java:337)&#xD;
	at com.kms.katalon.core.main.TestCaseExecutor.doExecute(TestCaseExecutor.java:328)&#xD;
	at com.kms.katalon.core.main.TestCaseExecutor.processExecutionPhase(TestCaseExecutor.java:307)&#xD;
	at com.kms.katalon.core.main.TestCaseExecutor.accessMainPhase(TestCaseExecutor.java:299)&#xD;
	at com.kms.katalon.core.main.TestCaseExecutor.execute(TestCaseExecutor.java:233)&#xD;
	at com.kms.katalon.core.main.TestSuiteExecutor.accessTestCaseMainPhase(TestSuiteExecutor.java:133)&#xD;
	at com.kms.katalon.core.main.TestSuiteExecutor.accessTestSuiteMainPhase(TestSuiteExecutor.java:116)&#xD;
	at com.kms.katalon.core.main.TestSuiteExecutor.execute(TestSuiteExecutor.java:83)&#xD;
	at com.kms.katalon.core.main.TestCaseMain.startTestSuite(TestCaseMain.java:157)&#xD;
	at com.kms.katalon.core.main.TestCaseMain$startTestSuite$0.call(Unknown Source)&#xD;
	at TempTestSuite1566900409643.run(TempTestSuite1566900409643.groovy:35)&#xD;
&#xD;
&#xD;
2019-08-27 17:08:15 - [TEST_STEP][PASSED] - random = new java.util.Random(): null&#xD;
&#xD;
2019-08-27 17:08:15 - [TEST_STEP][PASSED] - compareHighestValueFsaDeathVsAddccMax = 50000000000: null&#xD;
&#xD;
2019-08-27 17:08:15 - [TEST_STEP][PASSED] - compareHighestValueFsaDeathVsAddccMin = 15000000001: null&#xD;
&#xD;
2019-08-27 17:08:15 - [TEST_STEP][PASSED] - compareHighestValueFsaDeathVsAddcc = random.nextInt(compareHighestValueFsaDeathVsAddccMax - compareHighestValueFsaDeathVsAddccMin) + compareHighestValueFsaDeathVsAddccMin: null&#xD;
&#xD;
2019-08-27 17:08:15 - [TEST_STEP][PASSED] - println(compareHighestValueFsaDeathVsAddcc): null&#xD;
&#xD;
2019-08-27 17:08:15 - [TEST_STEP][PASSED] - comment("Send request"): Send request&#xD;
&#xD;
2019-08-27 17:08:15 - [MESSAGE][INFO] - Send request&#xD;
&#xD;
2019-08-27 17:08:15 - [TEST_STEP][PASSED] - response = sendRequest(findTestObject("AlterationScoringRuleApps/Financial Non Employee/Non Ultimate/Object Request", ["transactionType":transactionType, "role":role, "increasingFsaFlag":increasingFsaFlag, "pecFlag":pecFlag, "occupationCode":occupationCode, ... ])): Send request successfully&#xD;
&#xD;
2019-08-27 17:08:15 - [MESSAGE][INFO] - HAR: C:\SURYAPURBA\PHS\PHS-BRMS\Reports\FinancialNonEmployee_NonUltimate\20190827_170649\requests\main\65.har&#xD;
&#xD;
2019-08-27 17:08:15 - [MESSAGE][PASSED] - Send request successfully&#xD;
&#xD;
2019-08-27 17:08:15 - [TEST_STEP][PASSED] - slurper = new groovy.json.JsonSlurper(): null&#xD;
&#xD;
2019-08-27 17:08:16 - [TEST_STEP][PASSED] - parseResponse = slurper.parseText(response.getResponseText()): null&#xD;
&#xD;
2019-08-27 17:08:16 - [TEST_STEP][PASSED] - println(parseResponse): null&#xD;
&#xD;
2019-08-27 17:08:16 - [TEST_STEP][PASSED] - attributes = evidenceCode: null&#xD;
&#xD;
2019-08-27 17:08:16 - [TEST_STEP][PASSED] - println(attributes): null&#xD;
&#xD;
2019-08-27 17:08:16 - [TEST_STEP][PASSED] - println(attributes): null&#xD;
&#xD;
2019-08-27 17:08:16 - [TEST_STEP][PASSED] - expected = description == "Butuh LSAR, ABR, BSM, RoC, RNA, Bukti Aset": null&#xD;
&#xD;
2019-08-27 17:08:16 - [TEST_STEP][PASSED] - Start listener action : sampleAfterTestCase: null</system-out>
            <system-err>2019-08-27 17:08:15 - [TEST_CASE][ERROR] - Test Cases/AlterationScoringRuleApps/Financial Non Employee/Non Ultimate/FE5/TC-2 IDR FE5: Test Cases/AlterationScoringRuleApps/Financial Non Employee/Non Ultimate/FE5/TC-2 IDR FE5 FAILED.
Reason:
java.lang.NullPointerException: Cannot get property 'description' on null object&#xD;
	at TC-2 IDR FE5.run(TC-2 IDR FE5:31)&#xD;
	at com.kms.katalon.core.main.ScriptEngine.run(ScriptEngine.java:194)&#xD;
	at com.kms.katalon.core.main.ScriptEngine.runScriptAsRawText(ScriptEngine.java:119)&#xD;
	at com.kms.katalon.core.main.TestCaseExecutor.runScript(TestCaseExecutor.java:337)&#xD;
	at com.kms.katalon.core.main.TestCaseExecutor.doExecute(TestCaseExecutor.java:328)&#xD;
	at com.kms.katalon.core.main.TestCaseExecutor.processExecutionPhase(TestCaseExecutor.java:307)&#xD;
	at com.kms.katalon.core.main.TestCaseExecutor.accessMainPhase(TestCaseExecutor.java:299)&#xD;
	at com.kms.katalon.core.main.TestCaseExecutor.execute(TestCaseExecutor.java:233)&#xD;
	at com.kms.katalon.core.main.TestSuiteExecutor.accessTestCaseMainPhase(TestSuiteExecutor.java:133)&#xD;
	at com.kms.katalon.core.main.TestSuiteExecutor.accessTestSuiteMainPhase(TestSuiteExecutor.java:116)&#xD;
	at com.kms.katalon.core.main.TestSuiteExecutor.execute(TestSuiteExecutor.java:83)&#xD;
	at com.kms.katalon.core.main.TestCaseMain.startTestSuite(TestCaseMain.java:157)&#xD;
	at com.kms.katalon.core.main.TestCaseMain$startTestSuite$0.call(Unknown Source)&#xD;
	at TempTestSuite1566900409643.run(TempTestSuite1566900409643.groovy:35)</system-err>
        </testcase>
        <testcase name="Test Cases/AlterationScoringRuleApps/Financial Non Employee/Non Ultimate/FE5/TC-2 IDR FE5" classname="Test Cases/AlterationScoringRuleApps/Financial Non Employee/Non Ultimate/FE5/TC-2 IDR FE5" status="ERROR">
            <error type="ERROR" message="Test Cases/AlterationScoringRuleApps/Financial Non Employee/Non Ultimate/FE5/TC-2 IDR FE5 FAILED.&#xA;Reason:&#xA;java.lang.NullPointerException: Cannot get property 'description' on null object&#xD;&#xA;&#x9;at TC-2 IDR FE5.run(TC-2 IDR FE5:31)&#xD;&#xA;&#x9;at com.kms.katalon.core.main.ScriptEngine.run(ScriptEngine.java:194)&#xD;&#xA;&#x9;at com.kms.katalon.core.main.ScriptEngine.runScriptAsRawText(ScriptEngine.java:119)&#xD;&#xA;&#x9;at com.kms.katalon.core.main.TestCaseExecutor.runScript(TestCaseExecutor.java:337)&#xD;&#xA;&#x9;at com.kms.katalon.core.main.TestCaseExecutor.doExecute(TestCaseExecutor.java:328)&#xD;&#xA;&#x9;at com.kms.katalon.core.main.TestCaseExecutor.processExecutionPhase(TestCaseExecutor.java:307)&#xD;&#xA;&#x9;at com.kms.katalon.core.main.TestCaseExecutor.accessMainPhase(TestCaseExecutor.java:299)&#xD;&#xA;&#x9;at com.kms.katalon.core.main.TestCaseExecutor.execute(TestCaseExecutor.java:233)&#xD;&#xA;&#x9;at com.kms.katalon.core.main.TestSuiteExecutor.accessTestCaseMainPhase(TestSuiteExecutor.java:133)&#xD;&#xA;&#x9;at com.kms.katalon.core.main.TestSuiteExecutor.accessTestSuiteMainPhase(TestSuiteExecutor.java:116)&#xD;&#xA;&#x9;at com.kms.katalon.core.main.TestSuiteExecutor.execute(TestSuiteExecutor.java:83)&#xD;&#xA;&#x9;at com.kms.katalon.core.main.TestCaseMain.startTestSuite(TestCaseMain.java:157)&#xD;&#xA;&#x9;at com.kms.katalon.core.main.TestCaseMain$startTestSuite$0.call(Unknown Source)&#xD;&#xA;&#x9;at TempTestSuite1566900409643.run(TempTestSuite1566900409643.groovy:35)&#xD;&#xA;"/>
            <system-out>2019-08-27 17:08:17 - [TEST_CASE][ERROR] - Test Cases/AlterationScoringRuleApps/Financial Non Employee/Non Ultimate/FE5/TC-2 IDR FE5: Test Cases/AlterationScoringRuleApps/Financial Non Employee/Non Ultimate/FE5/TC-2 IDR FE5 FAILED.
Reason:
java.lang.NullPointerException: Cannot get property 'description' on null object&#xD;
	at TC-2 IDR FE5.run(TC-2 IDR FE5:31)&#xD;
	at com.kms.katalon.core.main.ScriptEngine.run(ScriptEngine.java:194)&#xD;
	at com.kms.katalon.core.main.ScriptEngine.runScriptAsRawText(ScriptEngine.java:119)&#xD;
	at com.kms.katalon.core.main.TestCaseExecutor.runScript(TestCaseExecutor.java:337)&#xD;
	at com.kms.katalon.core.main.TestCaseExecutor.doExecute(TestCaseExecutor.java:328)&#xD;
	at com.kms.katalon.core.main.TestCaseExecutor.processExecutionPhase(TestCaseExecutor.java:307)&#xD;
	at com.kms.katalon.core.main.TestCaseExecutor.accessMainPhase(TestCaseExecutor.java:299)&#xD;
	at com.kms.katalon.core.main.TestCaseExecutor.execute(TestCaseExecutor.java:233)&#xD;
	at com.kms.katalon.core.main.TestSuiteExecutor.accessTestCaseMainPhase(TestSuiteExecutor.java:133)&#xD;
	at com.kms.katalon.core.main.TestSuiteExecutor.accessTestSuiteMainPhase(TestSuiteExecutor.java:116)&#xD;
	at com.kms.katalon.core.main.TestSuiteExecutor.execute(TestSuiteExecutor.java:83)&#xD;
	at com.kms.katalon.core.main.TestCaseMain.startTestSuite(TestCaseMain.java:157)&#xD;
	at com.kms.katalon.core.main.TestCaseMain$startTestSuite$0.call(Unknown Source)&#xD;
	at TempTestSuite1566900409643.run(TempTestSuite1566900409643.groovy:35)&#xD;
&#xD;
&#xD;
2019-08-27 17:08:19 - [TEST_STEP][PASSED] - random = new java.util.Random(): null&#xD;
&#xD;
2019-08-27 17:08:19 - [TEST_STEP][PASSED] - compareHighestValueFsaDeathVsAddccMax = 50000000000: null&#xD;
&#xD;
2019-08-27 17:08:19 - [TEST_STEP][PASSED] - compareHighestValueFsaDeathVsAddccMin = 15000000001: null&#xD;
&#xD;
2019-08-27 17:08:19 - [TEST_STEP][PASSED] - compareHighestValueFsaDeathVsAddcc = random.nextInt(compareHighestValueFsaDeathVsAddccMax - compareHighestValueFsaDeathVsAddccMin) + compareHighestValueFsaDeathVsAddccMin: null&#xD;
&#xD;
2019-08-27 17:08:19 - [TEST_STEP][PASSED] - println(compareHighestValueFsaDeathVsAddcc): null&#xD;
&#xD;
2019-08-27 17:08:19 - [TEST_STEP][PASSED] - comment("Send request"): Send request&#xD;
&#xD;
2019-08-27 17:08:19 - [MESSAGE][INFO] - Send request&#xD;
&#xD;
2019-08-27 17:08:19 - [TEST_STEP][PASSED] - response = sendRequest(findTestObject("AlterationScoringRuleApps/Financial Non Employee/Non Ultimate/Object Request", ["transactionType":transactionType, "role":role, "increasingFsaFlag":increasingFsaFlag, "pecFlag":pecFlag, "occupationCode":occupationCode, ... ])): Send request successfully&#xD;
&#xD;
2019-08-27 17:08:19 - [MESSAGE][INFO] - HAR: C:\SURYAPURBA\PHS\PHS-BRMS\Reports\FinancialNonEmployee_NonUltimate\20190827_170649\requests\main\66.har&#xD;
&#xD;
2019-08-27 17:08:19 - [MESSAGE][PASSED] - Send request successfully&#xD;
&#xD;
2019-08-27 17:08:19 - [TEST_STEP][PASSED] - slurper = new groovy.json.JsonSlurper(): null&#xD;
&#xD;
2019-08-27 17:08:19 - [TEST_STEP][PASSED] - parseResponse = slurper.parseText(response.getResponseText()): null&#xD;
&#xD;
2019-08-27 17:08:19 - [TEST_STEP][PASSED] - println(parseResponse): null&#xD;
&#xD;
2019-08-27 17:08:19 - [TEST_STEP][PASSED] - attributes = evidenceCode: null&#xD;
&#xD;
2019-08-27 17:08:19 - [TEST_STEP][PASSED] - println(attributes): null&#xD;
&#xD;
2019-08-27 17:08:19 - [TEST_STEP][PASSED] - println(attributes): null&#xD;
&#xD;
2019-08-27 17:08:19 - [TEST_STEP][PASSED] - expected = description == "Butuh LSAR, ABR, BSM, RoC, RNA, Bukti Aset": null&#xD;
&#xD;
2019-08-27 17:08:19 - [TEST_STEP][PASSED] - Start listener action : sampleAfterTestCase: null</system-out>
            <system-err>2019-08-27 17:08:17 - [TEST_CASE][ERROR] - Test Cases/AlterationScoringRuleApps/Financial Non Employee/Non Ultimate/FE5/TC-2 IDR FE5: Test Cases/AlterationScoringRuleApps/Financial Non Employee/Non Ultimate/FE5/TC-2 IDR FE5 FAILED.
Reason:
java.lang.NullPointerException: Cannot get property 'description' on null object&#xD;
	at TC-2 IDR FE5.run(TC-2 IDR FE5:31)&#xD;
	at com.kms.katalon.core.main.ScriptEngine.run(ScriptEngine.java:194)&#xD;
	at com.kms.katalon.core.main.ScriptEngine.runScriptAsRawText(ScriptEngine.java:119)&#xD;
	at com.kms.katalon.core.main.TestCaseExecutor.runScript(TestCaseExecutor.java:337)&#xD;
	at com.kms.katalon.core.main.TestCaseExecutor.doExecute(TestCaseExecutor.java:328)&#xD;
	at com.kms.katalon.core.main.TestCaseExecutor.processExecutionPhase(TestCaseExecutor.java:307)&#xD;
	at com.kms.katalon.core.main.TestCaseExecutor.accessMainPhase(TestCaseExecutor.java:299)&#xD;
	at com.kms.katalon.core.main.TestCaseExecutor.execute(TestCaseExecutor.java:233)&#xD;
	at com.kms.katalon.core.main.TestSuiteExecutor.accessTestCaseMainPhase(TestSuiteExecutor.java:133)&#xD;
	at com.kms.katalon.core.main.TestSuiteExecutor.accessTestSuiteMainPhase(TestSuiteExecutor.java:116)&#xD;
	at com.kms.katalon.core.main.TestSuiteExecutor.execute(TestSuiteExecutor.java:83)&#xD;
	at com.kms.katalon.core.main.TestCaseMain.startTestSuite(TestCaseMain.java:157)&#xD;
	at com.kms.katalon.core.main.TestCaseMain$startTestSuite$0.call(Unknown Source)&#xD;
	at TempTestSuite1566900409643.run(TempTestSuite1566900409643.groovy:35)</system-err>
        </testcase>
        <testcase name="Test Cases/AlterationScoringRuleApps/Financial Non Employee/Non Ultimate/FE5/TC-2 IDR FE5" classname="Test Cases/AlterationScoringRuleApps/Financial Non Employee/Non Ultimate/FE5/TC-2 IDR FE5" status="ERROR">
            <error type="ERROR" message="Test Cases/AlterationScoringRuleApps/Financial Non Employee/Non Ultimate/FE5/TC-2 IDR FE5 FAILED.&#xA;Reason:&#xA;java.lang.NullPointerException: Cannot get property 'description' on null object&#xD;&#xA;&#x9;at TC-2 IDR FE5.run(TC-2 IDR FE5:31)&#xD;&#xA;&#x9;at com.kms.katalon.core.main.ScriptEngine.run(ScriptEngine.java:194)&#xD;&#xA;&#x9;at com.kms.katalon.core.main.ScriptEngine.runScriptAsRawText(ScriptEngine.java:119)&#xD;&#xA;&#x9;at com.kms.katalon.core.main.TestCaseExecutor.runScript(TestCaseExecutor.java:337)&#xD;&#xA;&#x9;at com.kms.katalon.core.main.TestCaseExecutor.doExecute(TestCaseExecutor.java:328)&#xD;&#xA;&#x9;at com.kms.katalon.core.main.TestCaseExecutor.processExecutionPhase(TestCaseExecutor.java:307)&#xD;&#xA;&#x9;at com.kms.katalon.core.main.TestCaseExecutor.accessMainPhase(TestCaseExecutor.java:299)&#xD;&#xA;&#x9;at com.kms.katalon.core.main.TestCaseExecutor.execute(TestCaseExecutor.java:233)&#xD;&#xA;&#x9;at com.kms.katalon.core.main.TestSuiteExecutor.accessTestCaseMainPhase(TestSuiteExecutor.java:133)&#xD;&#xA;&#x9;at com.kms.katalon.core.main.TestSuiteExecutor.accessTestSuiteMainPhase(TestSuiteExecutor.java:116)&#xD;&#xA;&#x9;at com.kms.katalon.core.main.TestSuiteExecutor.execute(TestSuiteExecutor.java:83)&#xD;&#xA;&#x9;at com.kms.katalon.core.main.TestCaseMain.startTestSuite(TestCaseMain.java:157)&#xD;&#xA;&#x9;at com.kms.katalon.core.main.TestCaseMain$startTestSuite$0.call(Unknown Source)&#xD;&#xA;&#x9;at TempTestSuite1566900409643.run(TempTestSuite1566900409643.groovy:35)&#xD;&#xA;"/>
            <system-out>2019-08-27 17:08:19 - [TEST_CASE][ERROR] - Test Cases/AlterationScoringRuleApps/Financial Non Employee/Non Ultimate/FE5/TC-2 IDR FE5: Test Cases/AlterationScoringRuleApps/Financial Non Employee/Non Ultimate/FE5/TC-2 IDR FE5 FAILED.
Reason:
java.lang.NullPointerException: Cannot get property 'description' on null object&#xD;
	at TC-2 IDR FE5.run(TC-2 IDR FE5:31)&#xD;
	at com.kms.katalon.core.main.ScriptEngine.run(ScriptEngine.java:194)&#xD;
	at com.kms.katalon.core.main.ScriptEngine.runScriptAsRawText(ScriptEngine.java:119)&#xD;
	at com.kms.katalon.core.main.TestCaseExecutor.runScript(TestCaseExecutor.java:337)&#xD;
	at com.kms.katalon.core.main.TestCaseExecutor.doExecute(TestCaseExecutor.java:328)&#xD;
	at com.kms.katalon.core.main.TestCaseExecutor.processExecutionPhase(TestCaseExecutor.java:307)&#xD;
	at com.kms.katalon.core.main.TestCaseExecutor.accessMainPhase(TestCaseExecutor.java:299)&#xD;
	at com.kms.katalon.core.main.TestCaseExecutor.execute(TestCaseExecutor.java:233)&#xD;
	at com.kms.katalon.core.main.TestSuiteExecutor.accessTestCaseMainPhase(TestSuiteExecutor.java:133)&#xD;
	at com.kms.katalon.core.main.TestSuiteExecutor.accessTestSuiteMainPhase(TestSuiteExecutor.java:116)&#xD;
	at com.kms.katalon.core.main.TestSuiteExecutor.execute(TestSuiteExecutor.java:83)&#xD;
	at com.kms.katalon.core.main.TestCaseMain.startTestSuite(TestCaseMain.java:157)&#xD;
	at com.kms.katalon.core.main.TestCaseMain$startTestSuite$0.call(Unknown Source)&#xD;
	at TempTestSuite1566900409643.run(TempTestSuite1566900409643.groovy:35)&#xD;
&#xD;
&#xD;
2019-08-27 17:08:20 - [TEST_STEP][PASSED] - random = new java.util.Random(): null&#xD;
&#xD;
2019-08-27 17:08:20 - [TEST_STEP][PASSED] - compareHighestValueFsaDeathVsAddccMax = 50000000000: null&#xD;
&#xD;
2019-08-27 17:08:20 - [TEST_STEP][PASSED] - compareHighestValueFsaDeathVsAddccMin = 15000000001: null&#xD;
&#xD;
2019-08-27 17:08:20 - [TEST_STEP][PASSED] - compareHighestValueFsaDeathVsAddcc = random.nextInt(compareHighestValueFsaDeathVsAddccMax - compareHighestValueFsaDeathVsAddccMin) + compareHighestValueFsaDeathVsAddccMin: null&#xD;
&#xD;
2019-08-27 17:08:20 - [TEST_STEP][PASSED] - println(compareHighestValueFsaDeathVsAddcc): null&#xD;
&#xD;
2019-08-27 17:08:20 - [TEST_STEP][PASSED] - comment("Send request"): Send request&#xD;
&#xD;
2019-08-27 17:08:20 - [MESSAGE][INFO] - Send request&#xD;
&#xD;
2019-08-27 17:08:20 - [TEST_STEP][PASSED] - response = sendRequest(findTestObject("AlterationScoringRuleApps/Financial Non Employee/Non Ultimate/Object Request", ["transactionType":transactionType, "role":role, "increasingFsaFlag":increasingFsaFlag, "pecFlag":pecFlag, "occupationCode":occupationCode, ... ])): Send request successfully&#xD;
&#xD;
2019-08-27 17:08:20 - [MESSAGE][INFO] - HAR: C:\SURYAPURBA\PHS\PHS-BRMS\Reports\FinancialNonEmployee_NonUltimate\20190827_170649\requests\main\67.har&#xD;
&#xD;
2019-08-27 17:08:20 - [MESSAGE][PASSED] - Send request successfully&#xD;
&#xD;
2019-08-27 17:08:20 - [TEST_STEP][PASSED] - slurper = new groovy.json.JsonSlurper(): null&#xD;
&#xD;
2019-08-27 17:08:20 - [TEST_STEP][PASSED] - parseResponse = slurper.parseText(response.getResponseText()): null&#xD;
&#xD;
2019-08-27 17:08:20 - [TEST_STEP][PASSED] - println(parseResponse): null&#xD;
&#xD;
2019-08-27 17:08:20 - [TEST_STEP][PASSED] - attributes = evidenceCode: null&#xD;
&#xD;
2019-08-27 17:08:20 - [TEST_STEP][PASSED] - println(attributes): null&#xD;
&#xD;
2019-08-27 17:08:20 - [TEST_STEP][PASSED] - println(attributes): null&#xD;
&#xD;
2019-08-27 17:08:20 - [TEST_STEP][PASSED] - expected = description == "Butuh LSAR, ABR, BSM, RoC, RNA, Bukti Aset": null&#xD;
&#xD;
2019-08-27 17:08:20 - [TEST_STEP][PASSED] - Start listener action : sampleAfterTestCase: null</system-out>
            <system-err>2019-08-27 17:08:19 - [TEST_CASE][ERROR] - Test Cases/AlterationScoringRuleApps/Financial Non Employee/Non Ultimate/FE5/TC-2 IDR FE5: Test Cases/AlterationScoringRuleApps/Financial Non Employee/Non Ultimate/FE5/TC-2 IDR FE5 FAILED.
Reason:
java.lang.NullPointerException: Cannot get property 'description' on null object&#xD;
	at TC-2 IDR FE5.run(TC-2 IDR FE5:31)&#xD;
	at com.kms.katalon.core.main.ScriptEngine.run(ScriptEngine.java:194)&#xD;
	at com.kms.katalon.core.main.ScriptEngine.runScriptAsRawText(ScriptEngine.java:119)&#xD;
	at com.kms.katalon.core.main.TestCaseExecutor.runScript(TestCaseExecutor.java:337)&#xD;
	at com.kms.katalon.core.main.TestCaseExecutor.doExecute(TestCaseExecutor.java:328)&#xD;
	at com.kms.katalon.core.main.TestCaseExecutor.processExecutionPhase(TestCaseExecutor.java:307)&#xD;
	at com.kms.katalon.core.main.TestCaseExecutor.accessMainPhase(TestCaseExecutor.java:299)&#xD;
	at com.kms.katalon.core.main.TestCaseExecutor.execute(TestCaseExecutor.java:233)&#xD;
	at com.kms.katalon.core.main.TestSuiteExecutor.accessTestCaseMainPhase(TestSuiteExecutor.java:133)&#xD;
	at com.kms.katalon.core.main.TestSuiteExecutor.accessTestSuiteMainPhase(TestSuiteExecutor.java:116)&#xD;
	at com.kms.katalon.core.main.TestSuiteExecutor.execute(TestSuiteExecutor.java:83)&#xD;
	at com.kms.katalon.core.main.TestCaseMain.startTestSuite(TestCaseMain.java:157)&#xD;
	at com.kms.katalon.core.main.TestCaseMain$startTestSuite$0.call(Unknown Source)&#xD;
	at TempTestSuite1566900409643.run(TempTestSuite1566900409643.groovy:35)</system-err>
        </testcase>
        <testcase name="Test Cases/AlterationScoringRuleApps/Financial Non Employee/Non Ultimate/FE5/TC-2 IDR FE5" classname="Test Cases/AlterationScoringRuleApps/Financial Non Employee/Non Ultimate/FE5/TC-2 IDR FE5" status="ERROR">
            <error type="ERROR" message="Test Cases/AlterationScoringRuleApps/Financial Non Employee/Non Ultimate/FE5/TC-2 IDR FE5 FAILED.&#xA;Reason:&#xA;java.lang.NullPointerException: Cannot get property 'description' on null object&#xD;&#xA;&#x9;at TC-2 IDR FE5.run(TC-2 IDR FE5:31)&#xD;&#xA;&#x9;at com.kms.katalon.core.main.ScriptEngine.run(ScriptEngine.java:194)&#xD;&#xA;&#x9;at com.kms.katalon.core.main.ScriptEngine.runScriptAsRawText(ScriptEngine.java:119)&#xD;&#xA;&#x9;at com.kms.katalon.core.main.TestCaseExecutor.runScript(TestCaseExecutor.java:337)&#xD;&#xA;&#x9;at com.kms.katalon.core.main.TestCaseExecutor.doExecute(TestCaseExecutor.java:328)&#xD;&#xA;&#x9;at com.kms.katalon.core.main.TestCaseExecutor.processExecutionPhase(TestCaseExecutor.java:307)&#xD;&#xA;&#x9;at com.kms.katalon.core.main.TestCaseExecutor.accessMainPhase(TestCaseExecutor.java:299)&#xD;&#xA;&#x9;at com.kms.katalon.core.main.TestCaseExecutor.execute(TestCaseExecutor.java:233)&#xD;&#xA;&#x9;at com.kms.katalon.core.main.TestSuiteExecutor.accessTestCaseMainPhase(TestSuiteExecutor.java:133)&#xD;&#xA;&#x9;at com.kms.katalon.core.main.TestSuiteExecutor.accessTestSuiteMainPhase(TestSuiteExecutor.java:116)&#xD;&#xA;&#x9;at com.kms.katalon.core.main.TestSuiteExecutor.execute(TestSuiteExecutor.java:83)&#xD;&#xA;&#x9;at com.kms.katalon.core.main.TestCaseMain.startTestSuite(TestCaseMain.java:157)&#xD;&#xA;&#x9;at com.kms.katalon.core.main.TestCaseMain$startTestSuite$0.call(Unknown Source)&#xD;&#xA;&#x9;at TempTestSuite1566900409643.run(TempTestSuite1566900409643.groovy:35)&#xD;&#xA;"/>
            <system-out>2019-08-27 17:08:21 - [TEST_CASE][ERROR] - Test Cases/AlterationScoringRuleApps/Financial Non Employee/Non Ultimate/FE5/TC-2 IDR FE5: Test Cases/AlterationScoringRuleApps/Financial Non Employee/Non Ultimate/FE5/TC-2 IDR FE5 FAILED.
Reason:
java.lang.NullPointerException: Cannot get property 'description' on null object&#xD;
	at TC-2 IDR FE5.run(TC-2 IDR FE5:31)&#xD;
	at com.kms.katalon.core.main.ScriptEngine.run(ScriptEngine.java:194)&#xD;
	at com.kms.katalon.core.main.ScriptEngine.runScriptAsRawText(ScriptEngine.java:119)&#xD;
	at com.kms.katalon.core.main.TestCaseExecutor.runScript(TestCaseExecutor.java:337)&#xD;
	at com.kms.katalon.core.main.TestCaseExecutor.doExecute(TestCaseExecutor.java:328)&#xD;
	at com.kms.katalon.core.main.TestCaseExecutor.processExecutionPhase(TestCaseExecutor.java:307)&#xD;
	at com.kms.katalon.core.main.TestCaseExecutor.accessMainPhase(TestCaseExecutor.java:299)&#xD;
	at com.kms.katalon.core.main.TestCaseExecutor.execute(TestCaseExecutor.java:233)&#xD;
	at com.kms.katalon.core.main.TestSuiteExecutor.accessTestCaseMainPhase(TestSuiteExecutor.java:133)&#xD;
	at com.kms.katalon.core.main.TestSuiteExecutor.accessTestSuiteMainPhase(TestSuiteExecutor.java:116)&#xD;
	at com.kms.katalon.core.main.TestSuiteExecutor.execute(TestSuiteExecutor.java:83)&#xD;
	at com.kms.katalon.core.main.TestCaseMain.startTestSuite(TestCaseMain.java:157)&#xD;
	at com.kms.katalon.core.main.TestCaseMain$startTestSuite$0.call(Unknown Source)&#xD;
	at TempTestSuite1566900409643.run(TempTestSuite1566900409643.groovy:35)&#xD;
&#xD;
&#xD;
2019-08-27 17:08:21 - [TEST_STEP][PASSED] - random = new java.util.Random(): null&#xD;
&#xD;
2019-08-27 17:08:21 - [TEST_STEP][PASSED] - compareHighestValueFsaDeathVsAddccMax = 50000000000: null&#xD;
&#xD;
2019-08-27 17:08:21 - [TEST_STEP][PASSED] - compareHighestValueFsaDeathVsAddccMin = 15000000001: null&#xD;
&#xD;
2019-08-27 17:08:21 - [TEST_STEP][PASSED] - compareHighestValueFsaDeathVsAddcc = random.nextInt(compareHighestValueFsaDeathVsAddccMax - compareHighestValueFsaDeathVsAddccMin) + compareHighestValueFsaDeathVsAddccMin: null&#xD;
&#xD;
2019-08-27 17:08:21 - [TEST_STEP][PASSED] - println(compareHighestValueFsaDeathVsAddcc): null&#xD;
&#xD;
2019-08-27 17:08:21 - [TEST_STEP][PASSED] - comment("Send request"): Send request&#xD;
&#xD;
2019-08-27 17:08:21 - [MESSAGE][INFO] - Send request&#xD;
&#xD;
2019-08-27 17:08:22 - [TEST_STEP][PASSED] - response = sendRequest(findTestObject("AlterationScoringRuleApps/Financial Non Employee/Non Ultimate/Object Request", ["transactionType":transactionType, "role":role, "increasingFsaFlag":increasingFsaFlag, "pecFlag":pecFlag, "occupationCode":occupationCode, ... ])): Send request successfully&#xD;
&#xD;
2019-08-27 17:08:22 - [MESSAGE][INFO] - HAR: C:\SURYAPURBA\PHS\PHS-BRMS\Reports\FinancialNonEmployee_NonUltimate\20190827_170649\requests\main\68.har&#xD;
&#xD;
2019-08-27 17:08:22 - [MESSAGE][PASSED] - Send request successfully&#xD;
&#xD;
2019-08-27 17:08:22 - [TEST_STEP][PASSED] - slurper = new groovy.json.JsonSlurper(): null&#xD;
&#xD;
2019-08-27 17:08:22 - [TEST_STEP][PASSED] - parseResponse = slurper.parseText(response.getResponseText()): null&#xD;
&#xD;
2019-08-27 17:08:22 - [TEST_STEP][PASSED] - println(parseResponse): null&#xD;
&#xD;
2019-08-27 17:08:22 - [TEST_STEP][PASSED] - attributes = evidenceCode: null&#xD;
&#xD;
2019-08-27 17:08:22 - [TEST_STEP][PASSED] - println(attributes): null&#xD;
&#xD;
2019-08-27 17:08:22 - [TEST_STEP][PASSED] - println(attributes): null&#xD;
&#xD;
2019-08-27 17:08:22 - [TEST_STEP][PASSED] - expected = description == "Butuh LSAR, ABR, BSM, RoC, RNA, Bukti Aset": null&#xD;
&#xD;
2019-08-27 17:08:22 - [TEST_STEP][PASSED] - Start listener action : sampleAfterTestCase: null</system-out>
            <system-err>2019-08-27 17:08:21 - [TEST_CASE][ERROR] - Test Cases/AlterationScoringRuleApps/Financial Non Employee/Non Ultimate/FE5/TC-2 IDR FE5: Test Cases/AlterationScoringRuleApps/Financial Non Employee/Non Ultimate/FE5/TC-2 IDR FE5 FAILED.
Reason:
java.lang.NullPointerException: Cannot get property 'description' on null object&#xD;
	at TC-2 IDR FE5.run(TC-2 IDR FE5:31)&#xD;
	at com.kms.katalon.core.main.ScriptEngine.run(ScriptEngine.java:194)&#xD;
	at com.kms.katalon.core.main.ScriptEngine.runScriptAsRawText(ScriptEngine.java:119)&#xD;
	at com.kms.katalon.core.main.TestCaseExecutor.runScript(TestCaseExecutor.java:337)&#xD;
	at com.kms.katalon.core.main.TestCaseExecutor.doExecute(TestCaseExecutor.java:328)&#xD;
	at com.kms.katalon.core.main.TestCaseExecutor.processExecutionPhase(TestCaseExecutor.java:307)&#xD;
	at com.kms.katalon.core.main.TestCaseExecutor.accessMainPhase(TestCaseExecutor.java:299)&#xD;
	at com.kms.katalon.core.main.TestCaseExecutor.execute(TestCaseExecutor.java:233)&#xD;
	at com.kms.katalon.core.main.TestSuiteExecutor.accessTestCaseMainPhase(TestSuiteExecutor.java:133)&#xD;
	at com.kms.katalon.core.main.TestSuiteExecutor.accessTestSuiteMainPhase(TestSuiteExecutor.java:116)&#xD;
	at com.kms.katalon.core.main.TestSuiteExecutor.execute(TestSuiteExecutor.java:83)&#xD;
	at com.kms.katalon.core.main.TestCaseMain.startTestSuite(TestCaseMain.java:157)&#xD;
	at com.kms.katalon.core.main.TestCaseMain$startTestSuite$0.call(Unknown Source)&#xD;
	at TempTestSuite1566900409643.run(TempTestSuite1566900409643.groovy:35)</system-err>
        </testcase>
        <testcase name="Test Cases/AlterationScoringRuleApps/Financial Non Employee/Non Ultimate/FE5/TC-2 IDR FE5" classname="Test Cases/AlterationScoringRuleApps/Financial Non Employee/Non Ultimate/FE5/TC-2 IDR FE5" status="ERROR">
            <error type="ERROR" message="Test Cases/AlterationScoringRuleApps/Financial Non Employee/Non Ultimate/FE5/TC-2 IDR FE5 FAILED.&#xA;Reason:&#xA;java.lang.NullPointerException: Cannot get property 'description' on null object&#xD;&#xA;&#x9;at TC-2 IDR FE5.run(TC-2 IDR FE5:31)&#xD;&#xA;&#x9;at com.kms.katalon.core.main.ScriptEngine.run(ScriptEngine.java:194)&#xD;&#xA;&#x9;at com.kms.katalon.core.main.ScriptEngine.runScriptAsRawText(ScriptEngine.java:119)&#xD;&#xA;&#x9;at com.kms.katalon.core.main.TestCaseExecutor.runScript(TestCaseExecutor.java:337)&#xD;&#xA;&#x9;at com.kms.katalon.core.main.TestCaseExecutor.doExecute(TestCaseExecutor.java:328)&#xD;&#xA;&#x9;at com.kms.katalon.core.main.TestCaseExecutor.processExecutionPhase(TestCaseExecutor.java:307)&#xD;&#xA;&#x9;at com.kms.katalon.core.main.TestCaseExecutor.accessMainPhase(TestCaseExecutor.java:299)&#xD;&#xA;&#x9;at com.kms.katalon.core.main.TestCaseExecutor.execute(TestCaseExecutor.java:233)&#xD;&#xA;&#x9;at com.kms.katalon.core.main.TestSuiteExecutor.accessTestCaseMainPhase(TestSuiteExecutor.java:133)&#xD;&#xA;&#x9;at com.kms.katalon.core.main.TestSuiteExecutor.accessTestSuiteMainPhase(TestSuiteExecutor.java:116)&#xD;&#xA;&#x9;at com.kms.katalon.core.main.TestSuiteExecutor.execute(TestSuiteExecutor.java:83)&#xD;&#xA;&#x9;at com.kms.katalon.core.main.TestCaseMain.startTestSuite(TestCaseMain.java:157)&#xD;&#xA;&#x9;at com.kms.katalon.core.main.TestCaseMain$startTestSuite$0.call(Unknown Source)&#xD;&#xA;&#x9;at TempTestSuite1566900409643.run(TempTestSuite1566900409643.groovy:35)&#xD;&#xA;"/>
            <system-out>2019-08-27 17:08:22 - [TEST_CASE][ERROR] - Test Cases/AlterationScoringRuleApps/Financial Non Employee/Non Ultimate/FE5/TC-2 IDR FE5: Test Cases/AlterationScoringRuleApps/Financial Non Employee/Non Ultimate/FE5/TC-2 IDR FE5 FAILED.
Reason:
java.lang.NullPointerException: Cannot get property 'description' on null object&#xD;
	at TC-2 IDR FE5.run(TC-2 IDR FE5:31)&#xD;
	at com.kms.katalon.core.main.ScriptEngine.run(ScriptEngine.java:194)&#xD;
	at com.kms.katalon.core.main.ScriptEngine.runScriptAsRawText(ScriptEngine.java:119)&#xD;
	at com.kms.katalon.core.main.TestCaseExecutor.runScript(TestCaseExecutor.java:337)&#xD;
	at com.kms.katalon.core.main.TestCaseExecutor.doExecute(TestCaseExecutor.java:328)&#xD;
	at com.kms.katalon.core.main.TestCaseExecutor.processExecutionPhase(TestCaseExecutor.java:307)&#xD;
	at com.kms.katalon.core.main.TestCaseExecutor.accessMainPhase(TestCaseExecutor.java:299)&#xD;
	at com.kms.katalon.core.main.TestCaseExecutor.execute(TestCaseExecutor.java:233)&#xD;
	at com.kms.katalon.core.main.TestSuiteExecutor.accessTestCaseMainPhase(TestSuiteExecutor.java:133)&#xD;
	at com.kms.katalon.core.main.TestSuiteExecutor.accessTestSuiteMainPhase(TestSuiteExecutor.java:116)&#xD;
	at com.kms.katalon.core.main.TestSuiteExecutor.execute(TestSuiteExecutor.java:83)&#xD;
	at com.kms.katalon.core.main.TestCaseMain.startTestSuite(TestCaseMain.java:157)&#xD;
	at com.kms.katalon.core.main.TestCaseMain$startTestSuite$0.call(Unknown Source)&#xD;
	at TempTestSuite1566900409643.run(TempTestSuite1566900409643.groovy:35)&#xD;
&#xD;
&#xD;
2019-08-27 17:08:22 - [TEST_STEP][PASSED] - random = new java.util.Random(): null&#xD;
&#xD;
2019-08-27 17:08:22 - [TEST_STEP][PASSED] - compareHighestValueFsaDeathVsAddccMax = 50000000000: null&#xD;
&#xD;
2019-08-27 17:08:22 - [TEST_STEP][PASSED] - compareHighestValueFsaDeathVsAddccMin = 15000000001: null&#xD;
&#xD;
2019-08-27 17:08:22 - [TEST_STEP][PASSED] - compareHighestValueFsaDeathVsAddcc = random.nextInt(compareHighestValueFsaDeathVsAddccMax - compareHighestValueFsaDeathVsAddccMin) + compareHighestValueFsaDeathVsAddccMin: null&#xD;
&#xD;
2019-08-27 17:08:22 - [TEST_STEP][PASSED] - println(compareHighestValueFsaDeathVsAddcc): null&#xD;
&#xD;
2019-08-27 17:08:22 - [TEST_STEP][PASSED] - comment("Send request"): Send request&#xD;
&#xD;
2019-08-27 17:08:22 - [MESSAGE][INFO] - Send request&#xD;
&#xD;
2019-08-27 17:08:22 - [TEST_STEP][PASSED] - response = sendRequest(findTestObject("AlterationScoringRuleApps/Financial Non Employee/Non Ultimate/Object Request", ["transactionType":transactionType, "role":role, "increasingFsaFlag":increasingFsaFlag, "pecFlag":pecFlag, "occupationCode":occupationCode, ... ])): Send request successfully&#xD;
&#xD;
2019-08-27 17:08:22 - [MESSAGE][INFO] - HAR: C:\SURYAPURBA\PHS\PHS-BRMS\Reports\FinancialNonEmployee_NonUltimate\20190827_170649\requests\main\69.har&#xD;
&#xD;
2019-08-27 17:08:22 - [MESSAGE][PASSED] - Send request successfully&#xD;
&#xD;
2019-08-27 17:08:23 - [TEST_STEP][PASSED] - slurper = new groovy.json.JsonSlurper(): null&#xD;
&#xD;
2019-08-27 17:08:23 - [TEST_STEP][PASSED] - parseResponse = slurper.parseText(response.getResponseText()): null&#xD;
&#xD;
2019-08-27 17:08:23 - [TEST_STEP][PASSED] - println(parseResponse): null&#xD;
&#xD;
2019-08-27 17:08:23 - [TEST_STEP][PASSED] - attributes = evidenceCode: null&#xD;
&#xD;
2019-08-27 17:08:23 - [TEST_STEP][PASSED] - println(attributes): null&#xD;
&#xD;
2019-08-27 17:08:23 - [TEST_STEP][PASSED] - println(attributes): null&#xD;
&#xD;
2019-08-27 17:08:23 - [TEST_STEP][PASSED] - expected = description == "Butuh LSAR, ABR, BSM, RoC, RNA, Bukti Aset": null&#xD;
&#xD;
2019-08-27 17:08:23 - [TEST_STEP][PASSED] - Start listener action : sampleAfterTestCase: null</system-out>
            <system-err>2019-08-27 17:08:22 - [TEST_CASE][ERROR] - Test Cases/AlterationScoringRuleApps/Financial Non Employee/Non Ultimate/FE5/TC-2 IDR FE5: Test Cases/AlterationScoringRuleApps/Financial Non Employee/Non Ultimate/FE5/TC-2 IDR FE5 FAILED.
Reason:
java.lang.NullPointerException: Cannot get property 'description' on null object&#xD;
	at TC-2 IDR FE5.run(TC-2 IDR FE5:31)&#xD;
	at com.kms.katalon.core.main.ScriptEngine.run(ScriptEngine.java:194)&#xD;
	at com.kms.katalon.core.main.ScriptEngine.runScriptAsRawText(ScriptEngine.java:119)&#xD;
	at com.kms.katalon.core.main.TestCaseExecutor.runScript(TestCaseExecutor.java:337)&#xD;
	at com.kms.katalon.core.main.TestCaseExecutor.doExecute(TestCaseExecutor.java:328)&#xD;
	at com.kms.katalon.core.main.TestCaseExecutor.processExecutionPhase(TestCaseExecutor.java:307)&#xD;
	at com.kms.katalon.core.main.TestCaseExecutor.accessMainPhase(TestCaseExecutor.java:299)&#xD;
	at com.kms.katalon.core.main.TestCaseExecutor.execute(TestCaseExecutor.java:233)&#xD;
	at com.kms.katalon.core.main.TestSuiteExecutor.accessTestCaseMainPhase(TestSuiteExecutor.java:133)&#xD;
	at com.kms.katalon.core.main.TestSuiteExecutor.accessTestSuiteMainPhase(TestSuiteExecutor.java:116)&#xD;
	at com.kms.katalon.core.main.TestSuiteExecutor.execute(TestSuiteExecutor.java:83)&#xD;
	at com.kms.katalon.core.main.TestCaseMain.startTestSuite(TestCaseMain.java:157)&#xD;
	at com.kms.katalon.core.main.TestCaseMain$startTestSuite$0.call(Unknown Source)&#xD;
	at TempTestSuite1566900409643.run(TempTestSuite1566900409643.groovy:35)</system-err>
        </testcase>
        <testcase name="Test Cases/AlterationScoringRuleApps/Financial Non Employee/Non Ultimate/FE5/TC-2 IDR FE5" classname="Test Cases/AlterationScoringRuleApps/Financial Non Employee/Non Ultimate/FE5/TC-2 IDR FE5" status="ERROR">
            <error type="ERROR" message="Test Cases/AlterationScoringRuleApps/Financial Non Employee/Non Ultimate/FE5/TC-2 IDR FE5 FAILED.&#xA;Reason:&#xA;java.lang.NullPointerException: Cannot get property 'description' on null object&#xD;&#xA;&#x9;at TC-2 IDR FE5.run(TC-2 IDR FE5:31)&#xD;&#xA;&#x9;at com.kms.katalon.core.main.ScriptEngine.run(ScriptEngine.java:194)&#xD;&#xA;&#x9;at com.kms.katalon.core.main.ScriptEngine.runScriptAsRawText(ScriptEngine.java:119)&#xD;&#xA;&#x9;at com.kms.katalon.core.main.TestCaseExecutor.runScript(TestCaseExecutor.java:337)&#xD;&#xA;&#x9;at com.kms.katalon.core.main.TestCaseExecutor.doExecute(TestCaseExecutor.java:328)&#xD;&#xA;&#x9;at com.kms.katalon.core.main.TestCaseExecutor.processExecutionPhase(TestCaseExecutor.java:307)&#xD;&#xA;&#x9;at com.kms.katalon.core.main.TestCaseExecutor.accessMainPhase(TestCaseExecutor.java:299)&#xD;&#xA;&#x9;at com.kms.katalon.core.main.TestCaseExecutor.execute(TestCaseExecutor.java:233)&#xD;&#xA;&#x9;at com.kms.katalon.core.main.TestSuiteExecutor.accessTestCaseMainPhase(TestSuiteExecutor.java:133)&#xD;&#xA;&#x9;at com.kms.katalon.core.main.TestSuiteExecutor.accessTestSuiteMainPhase(TestSuiteExecutor.java:116)&#xD;&#xA;&#x9;at com.kms.katalon.core.main.TestSuiteExecutor.execute(TestSuiteExecutor.java:83)&#xD;&#xA;&#x9;at com.kms.katalon.core.main.TestCaseMain.startTestSuite(TestCaseMain.java:157)&#xD;&#xA;&#x9;at com.kms.katalon.core.main.TestCaseMain$startTestSuite$0.call(Unknown Source)&#xD;&#xA;&#x9;at TempTestSuite1566900409643.run(TempTestSuite1566900409643.groovy:35)&#xD;&#xA;"/>
            <system-out>2019-08-27 17:08:24 - [TEST_CASE][ERROR] - Test Cases/AlterationScoringRuleApps/Financial Non Employee/Non Ultimate/FE5/TC-2 IDR FE5: Test Cases/AlterationScoringRuleApps/Financial Non Employee/Non Ultimate/FE5/TC-2 IDR FE5 FAILED.
Reason:
java.lang.NullPointerException: Cannot get property 'description' on null object&#xD;
	at TC-2 IDR FE5.run(TC-2 IDR FE5:31)&#xD;
	at com.kms.katalon.core.main.ScriptEngine.run(ScriptEngine.java:194)&#xD;
	at com.kms.katalon.core.main.ScriptEngine.runScriptAsRawText(ScriptEngine.java:119)&#xD;
	at com.kms.katalon.core.main.TestCaseExecutor.runScript(TestCaseExecutor.java:337)&#xD;
	at com.kms.katalon.core.main.TestCaseExecutor.doExecute(TestCaseExecutor.java:328)&#xD;
	at com.kms.katalon.core.main.TestCaseExecutor.processExecutionPhase(TestCaseExecutor.java:307)&#xD;
	at com.kms.katalon.core.main.TestCaseExecutor.accessMainPhase(TestCaseExecutor.java:299)&#xD;
	at com.kms.katalon.core.main.TestCaseExecutor.execute(TestCaseExecutor.java:233)&#xD;
	at com.kms.katalon.core.main.TestSuiteExecutor.accessTestCaseMainPhase(TestSuiteExecutor.java:133)&#xD;
	at com.kms.katalon.core.main.TestSuiteExecutor.accessTestSuiteMainPhase(TestSuiteExecutor.java:116)&#xD;
	at com.kms.katalon.core.main.TestSuiteExecutor.execute(TestSuiteExecutor.java:83)&#xD;
	at com.kms.katalon.core.main.TestCaseMain.startTestSuite(TestCaseMain.java:157)&#xD;
	at com.kms.katalon.core.main.TestCaseMain$startTestSuite$0.call(Unknown Source)&#xD;
	at TempTestSuite1566900409643.run(TempTestSuite1566900409643.groovy:35)&#xD;
&#xD;
&#xD;
2019-08-27 17:08:26 - [TEST_STEP][PASSED] - random = new java.util.Random(): null&#xD;
&#xD;
2019-08-27 17:08:26 - [TEST_STEP][PASSED] - compareHighestValueFsaDeathVsAddccMax = 50000000000: null&#xD;
&#xD;
2019-08-27 17:08:26 - [TEST_STEP][PASSED] - compareHighestValueFsaDeathVsAddccMin = 15000000001: null&#xD;
&#xD;
2019-08-27 17:08:26 - [TEST_STEP][PASSED] - compareHighestValueFsaDeathVsAddcc = random.nextInt(compareHighestValueFsaDeathVsAddccMax - compareHighestValueFsaDeathVsAddccMin) + compareHighestValueFsaDeathVsAddccMin: null&#xD;
&#xD;
2019-08-27 17:08:26 - [TEST_STEP][PASSED] - println(compareHighestValueFsaDeathVsAddcc): null&#xD;
&#xD;
2019-08-27 17:08:26 - [TEST_STEP][PASSED] - comment("Send request"): Send request&#xD;
&#xD;
2019-08-27 17:08:26 - [MESSAGE][INFO] - Send request&#xD;
&#xD;
2019-08-27 17:08:26 - [TEST_STEP][PASSED] - response = sendRequest(findTestObject("AlterationScoringRuleApps/Financial Non Employee/Non Ultimate/Object Request", ["transactionType":transactionType, "role":role, "increasingFsaFlag":increasingFsaFlag, "pecFlag":pecFlag, "occupationCode":occupationCode, ... ])): Send request successfully&#xD;
&#xD;
2019-08-27 17:08:26 - [MESSAGE][INFO] - HAR: C:\SURYAPURBA\PHS\PHS-BRMS\Reports\FinancialNonEmployee_NonUltimate\20190827_170649\requests\main\70.har&#xD;
&#xD;
2019-08-27 17:08:26 - [MESSAGE][PASSED] - Send request successfully&#xD;
&#xD;
2019-08-27 17:08:26 - [TEST_STEP][PASSED] - slurper = new groovy.json.JsonSlurper(): null&#xD;
&#xD;
2019-08-27 17:08:26 - [TEST_STEP][PASSED] - parseResponse = slurper.parseText(response.getResponseText()): null&#xD;
&#xD;
2019-08-27 17:08:26 - [TEST_STEP][PASSED] - println(parseResponse): null&#xD;
&#xD;
2019-08-27 17:08:26 - [TEST_STEP][PASSED] - attributes = evidenceCode: null&#xD;
&#xD;
2019-08-27 17:08:26 - [TEST_STEP][PASSED] - println(attributes): null&#xD;
&#xD;
2019-08-27 17:08:26 - [TEST_STEP][PASSED] - println(attributes): null&#xD;
&#xD;
2019-08-27 17:08:26 - [TEST_STEP][PASSED] - expected = description == "Butuh LSAR, ABR, BSM, RoC, RNA, Bukti Aset": null&#xD;
&#xD;
2019-08-27 17:08:27 - [TEST_STEP][PASSED] - Start listener action : sampleAfterTestCase: null</system-out>
            <system-err>2019-08-27 17:08:24 - [TEST_CASE][ERROR] - Test Cases/AlterationScoringRuleApps/Financial Non Employee/Non Ultimate/FE5/TC-2 IDR FE5: Test Cases/AlterationScoringRuleApps/Financial Non Employee/Non Ultimate/FE5/TC-2 IDR FE5 FAILED.
Reason:
java.lang.NullPointerException: Cannot get property 'description' on null object&#xD;
	at TC-2 IDR FE5.run(TC-2 IDR FE5:31)&#xD;
	at com.kms.katalon.core.main.ScriptEngine.run(ScriptEngine.java:194)&#xD;
	at com.kms.katalon.core.main.ScriptEngine.runScriptAsRawText(ScriptEngine.java:119)&#xD;
	at com.kms.katalon.core.main.TestCaseExecutor.runScript(TestCaseExecutor.java:337)&#xD;
	at com.kms.katalon.core.main.TestCaseExecutor.doExecute(TestCaseExecutor.java:328)&#xD;
	at com.kms.katalon.core.main.TestCaseExecutor.processExecutionPhase(TestCaseExecutor.java:307)&#xD;
	at com.kms.katalon.core.main.TestCaseExecutor.accessMainPhase(TestCaseExecutor.java:299)&#xD;
	at com.kms.katalon.core.main.TestCaseExecutor.execute(TestCaseExecutor.java:233)&#xD;
	at com.kms.katalon.core.main.TestSuiteExecutor.accessTestCaseMainPhase(TestSuiteExecutor.java:133)&#xD;
	at com.kms.katalon.core.main.TestSuiteExecutor.accessTestSuiteMainPhase(TestSuiteExecutor.java:116)&#xD;
	at com.kms.katalon.core.main.TestSuiteExecutor.execute(TestSuiteExecutor.java:83)&#xD;
	at com.kms.katalon.core.main.TestCaseMain.startTestSuite(TestCaseMain.java:157)&#xD;
	at com.kms.katalon.core.main.TestCaseMain$startTestSuite$0.call(Unknown Source)&#xD;
	at TempTestSuite1566900409643.run(TempTestSuite1566900409643.groovy:35)</system-err>
        </testcase>
        <testcase name="Test Cases/AlterationScoringRuleApps/Financial Non Employee/Non Ultimate/FE5/TC-2 IDR FE5" classname="Test Cases/AlterationScoringRuleApps/Financial Non Employee/Non Ultimate/FE5/TC-2 IDR FE5" status="ERROR">
            <error type="ERROR" message="Test Cases/AlterationScoringRuleApps/Financial Non Employee/Non Ultimate/FE5/TC-2 IDR FE5 FAILED.&#xA;Reason:&#xA;java.lang.NullPointerException: Cannot get property 'description' on null object&#xD;&#xA;&#x9;at TC-2 IDR FE5.run(TC-2 IDR FE5:31)&#xD;&#xA;&#x9;at com.kms.katalon.core.main.ScriptEngine.run(ScriptEngine.java:194)&#xD;&#xA;&#x9;at com.kms.katalon.core.main.ScriptEngine.runScriptAsRawText(ScriptEngine.java:119)&#xD;&#xA;&#x9;at com.kms.katalon.core.main.TestCaseExecutor.runScript(TestCaseExecutor.java:337)&#xD;&#xA;&#x9;at com.kms.katalon.core.main.TestCaseExecutor.doExecute(TestCaseExecutor.java:328)&#xD;&#xA;&#x9;at com.kms.katalon.core.main.TestCaseExecutor.processExecutionPhase(TestCaseExecutor.java:307)&#xD;&#xA;&#x9;at com.kms.katalon.core.main.TestCaseExecutor.accessMainPhase(TestCaseExecutor.java:299)&#xD;&#xA;&#x9;at com.kms.katalon.core.main.TestCaseExecutor.execute(TestCaseExecutor.java:233)&#xD;&#xA;&#x9;at com.kms.katalon.core.main.TestSuiteExecutor.accessTestCaseMainPhase(TestSuiteExecutor.java:133)&#xD;&#xA;&#x9;at com.kms.katalon.core.main.TestSuiteExecutor.accessTestSuiteMainPhase(TestSuiteExecutor.java:116)&#xD;&#xA;&#x9;at com.kms.katalon.core.main.TestSuiteExecutor.execute(TestSuiteExecutor.java:83)&#xD;&#xA;&#x9;at com.kms.katalon.core.main.TestCaseMain.startTestSuite(TestCaseMain.java:157)&#xD;&#xA;&#x9;at com.kms.katalon.core.main.TestCaseMain$startTestSuite$0.call(Unknown Source)&#xD;&#xA;&#x9;at TempTestSuite1566900409643.run(TempTestSuite1566900409643.groovy:35)&#xD;&#xA;"/>
            <system-out>2019-08-27 17:08:27 - [TEST_CASE][ERROR] - Test Cases/AlterationScoringRuleApps/Financial Non Employee/Non Ultimate/FE5/TC-2 IDR FE5: Test Cases/AlterationScoringRuleApps/Financial Non Employee/Non Ultimate/FE5/TC-2 IDR FE5 FAILED.
Reason:
java.lang.NullPointerException: Cannot get property 'description' on null object&#xD;
	at TC-2 IDR FE5.run(TC-2 IDR FE5:31)&#xD;
	at com.kms.katalon.core.main.ScriptEngine.run(ScriptEngine.java:194)&#xD;
	at com.kms.katalon.core.main.ScriptEngine.runScriptAsRawText(ScriptEngine.java:119)&#xD;
	at com.kms.katalon.core.main.TestCaseExecutor.runScript(TestCaseExecutor.java:337)&#xD;
	at com.kms.katalon.core.main.TestCaseExecutor.doExecute(TestCaseExecutor.java:328)&#xD;
	at com.kms.katalon.core.main.TestCaseExecutor.processExecutionPhase(TestCaseExecutor.java:307)&#xD;
	at com.kms.katalon.core.main.TestCaseExecutor.accessMainPhase(TestCaseExecutor.java:299)&#xD;
	at com.kms.katalon.core.main.TestCaseExecutor.execute(TestCaseExecutor.java:233)&#xD;
	at com.kms.katalon.core.main.TestSuiteExecutor.accessTestCaseMainPhase(TestSuiteExecutor.java:133)&#xD;
	at com.kms.katalon.core.main.TestSuiteExecutor.accessTestSuiteMainPhase(TestSuiteExecutor.java:116)&#xD;
	at com.kms.katalon.core.main.TestSuiteExecutor.execute(TestSuiteExecutor.java:83)&#xD;
	at com.kms.katalon.core.main.TestCaseMain.startTestSuite(TestCaseMain.java:157)&#xD;
	at com.kms.katalon.core.main.TestCaseMain$startTestSuite$0.call(Unknown Source)&#xD;
	at TempTestSuite1566900409643.run(TempTestSuite1566900409643.groovy:35)&#xD;
&#xD;
&#xD;
2019-08-27 17:08:27 - [TEST_STEP][PASSED] - random = new java.util.Random(): null&#xD;
&#xD;
2019-08-27 17:08:27 - [TEST_STEP][PASSED] - compareHighestValueFsaDeathVsAddccMax = 50000000000: null&#xD;
&#xD;
2019-08-27 17:08:27 - [TEST_STEP][PASSED] - compareHighestValueFsaDeathVsAddccMin = 15000000001: null&#xD;
&#xD;
2019-08-27 17:08:27 - [TEST_STEP][PASSED] - compareHighestValueFsaDeathVsAddcc = random.nextInt(compareHighestValueFsaDeathVsAddccMax - compareHighestValueFsaDeathVsAddccMin) + compareHighestValueFsaDeathVsAddccMin: null&#xD;
&#xD;
2019-08-27 17:08:27 - [TEST_STEP][PASSED] - println(compareHighestValueFsaDeathVsAddcc): null&#xD;
&#xD;
2019-08-27 17:08:27 - [TEST_STEP][PASSED] - comment("Send request"): Send request&#xD;
&#xD;
2019-08-27 17:08:27 - [MESSAGE][INFO] - Send request&#xD;
&#xD;
2019-08-27 17:08:27 - [TEST_STEP][PASSED] - response = sendRequest(findTestObject("AlterationScoringRuleApps/Financial Non Employee/Non Ultimate/Object Request", ["transactionType":transactionType, "role":role, "increasingFsaFlag":increasingFsaFlag, "pecFlag":pecFlag, "occupationCode":occupationCode, ... ])): Send request successfully&#xD;
&#xD;
2019-08-27 17:08:27 - [MESSAGE][INFO] - HAR: C:\SURYAPURBA\PHS\PHS-BRMS\Reports\FinancialNonEmployee_NonUltimate\20190827_170649\requests\main\71.har&#xD;
&#xD;
2019-08-27 17:08:27 - [MESSAGE][PASSED] - Send request successfully&#xD;
&#xD;
2019-08-27 17:08:27 - [TEST_STEP][PASSED] - slurper = new groovy.json.JsonSlurper(): null&#xD;
&#xD;
2019-08-27 17:08:27 - [TEST_STEP][PASSED] - parseResponse = slurper.parseText(response.getResponseText()): null&#xD;
&#xD;
2019-08-27 17:08:27 - [TEST_STEP][PASSED] - println(parseResponse): null&#xD;
&#xD;
2019-08-27 17:08:28 - [TEST_STEP][PASSED] - attributes = evidenceCode: null&#xD;
&#xD;
2019-08-27 17:08:28 - [TEST_STEP][PASSED] - println(attributes): null&#xD;
&#xD;
2019-08-27 17:08:28 - [TEST_STEP][PASSED] - println(attributes): null&#xD;
&#xD;
2019-08-27 17:08:28 - [TEST_STEP][PASSED] - expected = description == "Butuh LSAR, ABR, BSM, RoC, RNA, Bukti Aset": null&#xD;
&#xD;
2019-08-27 17:08:28 - [TEST_STEP][PASSED] - Start listener action : sampleAfterTestCase: null</system-out>
            <system-err>2019-08-27 17:08:27 - [TEST_CASE][ERROR] - Test Cases/AlterationScoringRuleApps/Financial Non Employee/Non Ultimate/FE5/TC-2 IDR FE5: Test Cases/AlterationScoringRuleApps/Financial Non Employee/Non Ultimate/FE5/TC-2 IDR FE5 FAILED.
Reason:
java.lang.NullPointerException: Cannot get property 'description' on null object&#xD;
	at TC-2 IDR FE5.run(TC-2 IDR FE5:31)&#xD;
	at com.kms.katalon.core.main.ScriptEngine.run(ScriptEngine.java:194)&#xD;
	at com.kms.katalon.core.main.ScriptEngine.runScriptAsRawText(ScriptEngine.java:119)&#xD;
	at com.kms.katalon.core.main.TestCaseExecutor.runScript(TestCaseExecutor.java:337)&#xD;
	at com.kms.katalon.core.main.TestCaseExecutor.doExecute(TestCaseExecutor.java:328)&#xD;
	at com.kms.katalon.core.main.TestCaseExecutor.processExecutionPhase(TestCaseExecutor.java:307)&#xD;
	at com.kms.katalon.core.main.TestCaseExecutor.accessMainPhase(TestCaseExecutor.java:299)&#xD;
	at com.kms.katalon.core.main.TestCaseExecutor.execute(TestCaseExecutor.java:233)&#xD;
	at com.kms.katalon.core.main.TestSuiteExecutor.accessTestCaseMainPhase(TestSuiteExecutor.java:133)&#xD;
	at com.kms.katalon.core.main.TestSuiteExecutor.accessTestSuiteMainPhase(TestSuiteExecutor.java:116)&#xD;
	at com.kms.katalon.core.main.TestSuiteExecutor.execute(TestSuiteExecutor.java:83)&#xD;
	at com.kms.katalon.core.main.TestCaseMain.startTestSuite(TestCaseMain.java:157)&#xD;
	at com.kms.katalon.core.main.TestCaseMain$startTestSuite$0.call(Unknown Source)&#xD;
	at TempTestSuite1566900409643.run(TempTestSuite1566900409643.groovy:35)</system-err>
        </testcase>
        <testcase name="Test Cases/AlterationScoringRuleApps/Financial Non Employee/Non Ultimate/FE5/TC-2 IDR FE5" classname="Test Cases/AlterationScoringRuleApps/Financial Non Employee/Non Ultimate/FE5/TC-2 IDR FE5" status="ERROR">
            <error type="ERROR" message="Test Cases/AlterationScoringRuleApps/Financial Non Employee/Non Ultimate/FE5/TC-2 IDR FE5 FAILED.&#xA;Reason:&#xA;java.lang.NullPointerException: Cannot get property 'description' on null object&#xD;&#xA;&#x9;at TC-2 IDR FE5.run(TC-2 IDR FE5:31)&#xD;&#xA;&#x9;at com.kms.katalon.core.main.ScriptEngine.run(ScriptEngine.java:194)&#xD;&#xA;&#x9;at com.kms.katalon.core.main.ScriptEngine.runScriptAsRawText(ScriptEngine.java:119)&#xD;&#xA;&#x9;at com.kms.katalon.core.main.TestCaseExecutor.runScript(TestCaseExecutor.java:337)&#xD;&#xA;&#x9;at com.kms.katalon.core.main.TestCaseExecutor.doExecute(TestCaseExecutor.java:328)&#xD;&#xA;&#x9;at com.kms.katalon.core.main.TestCaseExecutor.processExecutionPhase(TestCaseExecutor.java:307)&#xD;&#xA;&#x9;at com.kms.katalon.core.main.TestCaseExecutor.accessMainPhase(TestCaseExecutor.java:299)&#xD;&#xA;&#x9;at com.kms.katalon.core.main.TestCaseExecutor.execute(TestCaseExecutor.java:233)&#xD;&#xA;&#x9;at com.kms.katalon.core.main.TestSuiteExecutor.accessTestCaseMainPhase(TestSuiteExecutor.java:133)&#xD;&#xA;&#x9;at com.kms.katalon.core.main.TestSuiteExecutor.accessTestSuiteMainPhase(TestSuiteExecutor.java:116)&#xD;&#xA;&#x9;at com.kms.katalon.core.main.TestSuiteExecutor.execute(TestSuiteExecutor.java:83)&#xD;&#xA;&#x9;at com.kms.katalon.core.main.TestCaseMain.startTestSuite(TestCaseMain.java:157)&#xD;&#xA;&#x9;at com.kms.katalon.core.main.TestCaseMain$startTestSuite$0.call(Unknown Source)&#xD;&#xA;&#x9;at TempTestSuite1566900409643.run(TempTestSuite1566900409643.groovy:35)&#xD;&#xA;"/>
            <system-out>2019-08-27 17:08:29 - [TEST_CASE][ERROR] - Test Cases/AlterationScoringRuleApps/Financial Non Employee/Non Ultimate/FE5/TC-2 IDR FE5: Test Cases/AlterationScoringRuleApps/Financial Non Employee/Non Ultimate/FE5/TC-2 IDR FE5 FAILED.
Reason:
java.lang.NullPointerException: Cannot get property 'description' on null object&#xD;
	at TC-2 IDR FE5.run(TC-2 IDR FE5:31)&#xD;
	at com.kms.katalon.core.main.ScriptEngine.run(ScriptEngine.java:194)&#xD;
	at com.kms.katalon.core.main.ScriptEngine.runScriptAsRawText(ScriptEngine.java:119)&#xD;
	at com.kms.katalon.core.main.TestCaseExecutor.runScript(TestCaseExecutor.java:337)&#xD;
	at com.kms.katalon.core.main.TestCaseExecutor.doExecute(TestCaseExecutor.java:328)&#xD;
	at com.kms.katalon.core.main.TestCaseExecutor.processExecutionPhase(TestCaseExecutor.java:307)&#xD;
	at com.kms.katalon.core.main.TestCaseExecutor.accessMainPhase(TestCaseExecutor.java:299)&#xD;
	at com.kms.katalon.core.main.TestCaseExecutor.execute(TestCaseExecutor.java:233)&#xD;
	at com.kms.katalon.core.main.TestSuiteExecutor.accessTestCaseMainPhase(TestSuiteExecutor.java:133)&#xD;
	at com.kms.katalon.core.main.TestSuiteExecutor.accessTestSuiteMainPhase(TestSuiteExecutor.java:116)&#xD;
	at com.kms.katalon.core.main.TestSuiteExecutor.execute(TestSuiteExecutor.java:83)&#xD;
	at com.kms.katalon.core.main.TestCaseMain.startTestSuite(TestCaseMain.java:157)&#xD;
	at com.kms.katalon.core.main.TestCaseMain$startTestSuite$0.call(Unknown Source)&#xD;
	at TempTestSuite1566900409643.run(TempTestSuite1566900409643.groovy:35)&#xD;
&#xD;
&#xD;
2019-08-27 17:08:29 - [TEST_STEP][PASSED] - random = new java.util.Random(): null&#xD;
&#xD;
2019-08-27 17:08:29 - [TEST_STEP][PASSED] - compareHighestValueFsaDeathVsAddccMax = 50000000000: null&#xD;
&#xD;
2019-08-27 17:08:29 - [TEST_STEP][PASSED] - compareHighestValueFsaDeathVsAddccMin = 15000000001: null&#xD;
&#xD;
2019-08-27 17:08:29 - [TEST_STEP][PASSED] - compareHighestValueFsaDeathVsAddcc = random.nextInt(compareHighestValueFsaDeathVsAddccMax - compareHighestValueFsaDeathVsAddccMin) + compareHighestValueFsaDeathVsAddccMin: null&#xD;
&#xD;
2019-08-27 17:08:29 - [TEST_STEP][PASSED] - println(compareHighestValueFsaDeathVsAddcc): null&#xD;
&#xD;
2019-08-27 17:08:29 - [TEST_STEP][PASSED] - comment("Send request"): Send request&#xD;
&#xD;
2019-08-27 17:08:29 - [MESSAGE][INFO] - Send request&#xD;
&#xD;
2019-08-27 17:08:29 - [TEST_STEP][PASSED] - response = sendRequest(findTestObject("AlterationScoringRuleApps/Financial Non Employee/Non Ultimate/Object Request", ["transactionType":transactionType, "role":role, "increasingFsaFlag":increasingFsaFlag, "pecFlag":pecFlag, "occupationCode":occupationCode, ... ])): Send request successfully&#xD;
&#xD;
2019-08-27 17:08:29 - [MESSAGE][INFO] - HAR: C:\SURYAPURBA\PHS\PHS-BRMS\Reports\FinancialNonEmployee_NonUltimate\20190827_170649\requests\main\72.har&#xD;
&#xD;
2019-08-27 17:08:29 - [MESSAGE][PASSED] - Send request successfully&#xD;
&#xD;
2019-08-27 17:08:29 - [TEST_STEP][PASSED] - slurper = new groovy.json.JsonSlurper(): null&#xD;
&#xD;
2019-08-27 17:08:29 - [TEST_STEP][PASSED] - parseResponse = slurper.parseText(response.getResponseText()): null&#xD;
&#xD;
2019-08-27 17:08:29 - [TEST_STEP][PASSED] - println(parseResponse): null&#xD;
&#xD;
2019-08-27 17:08:29 - [TEST_STEP][PASSED] - attributes = evidenceCode: null&#xD;
&#xD;
2019-08-27 17:08:29 - [TEST_STEP][PASSED] - println(attributes): null&#xD;
&#xD;
2019-08-27 17:08:29 - [TEST_STEP][PASSED] - println(attributes): null&#xD;
&#xD;
2019-08-27 17:08:29 - [TEST_STEP][PASSED] - expected = description == "Butuh LSAR, ABR, BSM, RoC, RNA, Bukti Aset": null&#xD;
&#xD;
2019-08-27 17:08:30 - [TEST_STEP][PASSED] - Start listener action : sampleAfterTestCase: null</system-out>
            <system-err>2019-08-27 17:08:29 - [TEST_CASE][ERROR] - Test Cases/AlterationScoringRuleApps/Financial Non Employee/Non Ultimate/FE5/TC-2 IDR FE5: Test Cases/AlterationScoringRuleApps/Financial Non Employee/Non Ultimate/FE5/TC-2 IDR FE5 FAILED.
Reason:
java.lang.NullPointerException: Cannot get property 'description' on null object&#xD;
	at TC-2 IDR FE5.run(TC-2 IDR FE5:31)&#xD;
	at com.kms.katalon.core.main.ScriptEngine.run(ScriptEngine.java:194)&#xD;
	at com.kms.katalon.core.main.ScriptEngine.runScriptAsRawText(ScriptEngine.java:119)&#xD;
	at com.kms.katalon.core.main.TestCaseExecutor.runScript(TestCaseExecutor.java:337)&#xD;
	at com.kms.katalon.core.main.TestCaseExecutor.doExecute(TestCaseExecutor.java:328)&#xD;
	at com.kms.katalon.core.main.TestCaseExecutor.processExecutionPhase(TestCaseExecutor.java:307)&#xD;
	at com.kms.katalon.core.main.TestCaseExecutor.accessMainPhase(TestCaseExecutor.java:299)&#xD;
	at com.kms.katalon.core.main.TestCaseExecutor.execute(TestCaseExecutor.java:233)&#xD;
	at com.kms.katalon.core.main.TestSuiteExecutor.accessTestCaseMainPhase(TestSuiteExecutor.java:133)&#xD;
	at com.kms.katalon.core.main.TestSuiteExecutor.accessTestSuiteMainPhase(TestSuiteExecutor.java:116)&#xD;
	at com.kms.katalon.core.main.TestSuiteExecutor.execute(TestSuiteExecutor.java:83)&#xD;
	at com.kms.katalon.core.main.TestCaseMain.startTestSuite(TestCaseMain.java:157)&#xD;
	at com.kms.katalon.core.main.TestCaseMain$startTestSuite$0.call(Unknown Source)&#xD;
	at TempTestSuite1566900409643.run(TempTestSuite1566900409643.groovy:35)</system-err>
        </testcase>
        <testcase name="Test Cases/AlterationScoringRuleApps/Financial Non Employee/Non Ultimate/FE5/TC-2 IDR FE5" classname="Test Cases/AlterationScoringRuleApps/Financial Non Employee/Non Ultimate/FE5/TC-2 IDR FE5" status="ERROR">
            <error type="ERROR" message="Test Cases/AlterationScoringRuleApps/Financial Non Employee/Non Ultimate/FE5/TC-2 IDR FE5 FAILED.&#xA;Reason:&#xA;java.lang.NullPointerException: Cannot get property 'description' on null object&#xD;&#xA;&#x9;at TC-2 IDR FE5.run(TC-2 IDR FE5:31)&#xD;&#xA;&#x9;at com.kms.katalon.core.main.ScriptEngine.run(ScriptEngine.java:194)&#xD;&#xA;&#x9;at com.kms.katalon.core.main.ScriptEngine.runScriptAsRawText(ScriptEngine.java:119)&#xD;&#xA;&#x9;at com.kms.katalon.core.main.TestCaseExecutor.runScript(TestCaseExecutor.java:337)&#xD;&#xA;&#x9;at com.kms.katalon.core.main.TestCaseExecutor.doExecute(TestCaseExecutor.java:328)&#xD;&#xA;&#x9;at com.kms.katalon.core.main.TestCaseExecutor.processExecutionPhase(TestCaseExecutor.java:307)&#xD;&#xA;&#x9;at com.kms.katalon.core.main.TestCaseExecutor.accessMainPhase(TestCaseExecutor.java:299)&#xD;&#xA;&#x9;at com.kms.katalon.core.main.TestCaseExecutor.execute(TestCaseExecutor.java:233)&#xD;&#xA;&#x9;at com.kms.katalon.core.main.TestSuiteExecutor.accessTestCaseMainPhase(TestSuiteExecutor.java:133)&#xD;&#xA;&#x9;at com.kms.katalon.core.main.TestSuiteExecutor.accessTestSuiteMainPhase(TestSuiteExecutor.java:116)&#xD;&#xA;&#x9;at com.kms.katalon.core.main.TestSuiteExecutor.execute(TestSuiteExecutor.java:83)&#xD;&#xA;&#x9;at com.kms.katalon.core.main.TestCaseMain.startTestSuite(TestCaseMain.java:157)&#xD;&#xA;&#x9;at com.kms.katalon.core.main.TestCaseMain$startTestSuite$0.call(Unknown Source)&#xD;&#xA;&#x9;at TempTestSuite1566900409643.run(TempTestSuite1566900409643.groovy:35)&#xD;&#xA;"/>
            <system-out>2019-08-27 17:08:30 - [TEST_CASE][ERROR] - Test Cases/AlterationScoringRuleApps/Financial Non Employee/Non Ultimate/FE5/TC-2 IDR FE5: Test Cases/AlterationScoringRuleApps/Financial Non Employee/Non Ultimate/FE5/TC-2 IDR FE5 FAILED.
Reason:
java.lang.NullPointerException: Cannot get property 'description' on null object&#xD;
	at TC-2 IDR FE5.run(TC-2 IDR FE5:31)&#xD;
	at com.kms.katalon.core.main.ScriptEngine.run(ScriptEngine.java:194)&#xD;
	at com.kms.katalon.core.main.ScriptEngine.runScriptAsRawText(ScriptEngine.java:119)&#xD;
	at com.kms.katalon.core.main.TestCaseExecutor.runScript(TestCaseExecutor.java:337)&#xD;
	at com.kms.katalon.core.main.TestCaseExecutor.doExecute(TestCaseExecutor.java:328)&#xD;
	at com.kms.katalon.core.main.TestCaseExecutor.processExecutionPhase(TestCaseExecutor.java:307)&#xD;
	at com.kms.katalon.core.main.TestCaseExecutor.accessMainPhase(TestCaseExecutor.java:299)&#xD;
	at com.kms.katalon.core.main.TestCaseExecutor.execute(TestCaseExecutor.java:233)&#xD;
	at com.kms.katalon.core.main.TestSuiteExecutor.accessTestCaseMainPhase(TestSuiteExecutor.java:133)&#xD;
	at com.kms.katalon.core.main.TestSuiteExecutor.accessTestSuiteMainPhase(TestSuiteExecutor.java:116)&#xD;
	at com.kms.katalon.core.main.TestSuiteExecutor.execute(TestSuiteExecutor.java:83)&#xD;
	at com.kms.katalon.core.main.TestCaseMain.startTestSuite(TestCaseMain.java:157)&#xD;
	at com.kms.katalon.core.main.TestCaseMain$startTestSuite$0.call(Unknown Source)&#xD;
	at TempTestSuite1566900409643.run(TempTestSuite1566900409643.groovy:35)&#xD;
&#xD;
&#xD;
2019-08-27 17:08:30 - [TEST_STEP][PASSED] - random = new java.util.Random(): null&#xD;
&#xD;
2019-08-27 17:08:30 - [TEST_STEP][PASSED] - compareHighestValueFsaDeathVsAddccMax = 50000000000: null&#xD;
&#xD;
2019-08-27 17:08:30 - [TEST_STEP][PASSED] - compareHighestValueFsaDeathVsAddccMin = 15000000001: null&#xD;
&#xD;
2019-08-27 17:08:30 - [TEST_STEP][PASSED] - compareHighestValueFsaDeathVsAddcc = random.nextInt(compareHighestValueFsaDeathVsAddccMax - compareHighestValueFsaDeathVsAddccMin) + compareHighestValueFsaDeathVsAddccMin: null&#xD;
&#xD;
2019-08-27 17:08:30 - [TEST_STEP][PASSED] - println(compareHighestValueFsaDeathVsAddcc): null&#xD;
&#xD;
2019-08-27 17:08:30 - [TEST_STEP][PASSED] - comment("Send request"): Send request&#xD;
&#xD;
2019-08-27 17:08:30 - [MESSAGE][INFO] - Send request&#xD;
&#xD;
2019-08-27 17:08:30 - [TEST_STEP][PASSED] - response = sendRequest(findTestObject("AlterationScoringRuleApps/Financial Non Employee/Non Ultimate/Object Request", ["transactionType":transactionType, "role":role, "increasingFsaFlag":increasingFsaFlag, "pecFlag":pecFlag, "occupationCode":occupationCode, ... ])): Send request successfully&#xD;
&#xD;
2019-08-27 17:08:31 - [MESSAGE][INFO] - HAR: C:\SURYAPURBA\PHS\PHS-BRMS\Reports\FinancialNonEmployee_NonUltimate\20190827_170649\requests\main\73.har&#xD;
&#xD;
2019-08-27 17:08:31 - [MESSAGE][PASSED] - Send request successfully&#xD;
&#xD;
2019-08-27 17:08:31 - [TEST_STEP][PASSED] - slurper = new groovy.json.JsonSlurper(): null&#xD;
&#xD;
2019-08-27 17:08:31 - [TEST_STEP][PASSED] - parseResponse = slurper.parseText(response.getResponseText()): null&#xD;
&#xD;
2019-08-27 17:08:31 - [TEST_STEP][PASSED] - println(parseResponse): null&#xD;
&#xD;
2019-08-27 17:08:31 - [TEST_STEP][PASSED] - attributes = evidenceCode: null&#xD;
&#xD;
2019-08-27 17:08:31 - [TEST_STEP][PASSED] - println(attributes): null&#xD;
&#xD;
2019-08-27 17:08:31 - [TEST_STEP][PASSED] - println(attributes): null&#xD;
&#xD;
2019-08-27 17:08:31 - [TEST_STEP][PASSED] - expected = description == "Butuh LSAR, ABR, BSM, RoC, RNA, Bukti Aset": null&#xD;
&#xD;
2019-08-27 17:08:31 - [TEST_STEP][PASSED] - Start listener action : sampleAfterTestCase: null</system-out>
            <system-err>2019-08-27 17:08:30 - [TEST_CASE][ERROR] - Test Cases/AlterationScoringRuleApps/Financial Non Employee/Non Ultimate/FE5/TC-2 IDR FE5: Test Cases/AlterationScoringRuleApps/Financial Non Employee/Non Ultimate/FE5/TC-2 IDR FE5 FAILED.
Reason:
java.lang.NullPointerException: Cannot get property 'description' on null object&#xD;
	at TC-2 IDR FE5.run(TC-2 IDR FE5:31)&#xD;
	at com.kms.katalon.core.main.ScriptEngine.run(ScriptEngine.java:194)&#xD;
	at com.kms.katalon.core.main.ScriptEngine.runScriptAsRawText(ScriptEngine.java:119)&#xD;
	at com.kms.katalon.core.main.TestCaseExecutor.runScript(TestCaseExecutor.java:337)&#xD;
	at com.kms.katalon.core.main.TestCaseExecutor.doExecute(TestCaseExecutor.java:328)&#xD;
	at com.kms.katalon.core.main.TestCaseExecutor.processExecutionPhase(TestCaseExecutor.java:307)&#xD;
	at com.kms.katalon.core.main.TestCaseExecutor.accessMainPhase(TestCaseExecutor.java:299)&#xD;
	at com.kms.katalon.core.main.TestCaseExecutor.execute(TestCaseExecutor.java:233)&#xD;
	at com.kms.katalon.core.main.TestSuiteExecutor.accessTestCaseMainPhase(TestSuiteExecutor.java:133)&#xD;
	at com.kms.katalon.core.main.TestSuiteExecutor.accessTestSuiteMainPhase(TestSuiteExecutor.java:116)&#xD;
	at com.kms.katalon.core.main.TestSuiteExecutor.execute(TestSuiteExecutor.java:83)&#xD;
	at com.kms.katalon.core.main.TestCaseMain.startTestSuite(TestCaseMain.java:157)&#xD;
	at com.kms.katalon.core.main.TestCaseMain$startTestSuite$0.call(Unknown Source)&#xD;
	at TempTestSuite1566900409643.run(TempTestSuite1566900409643.groovy:35)</system-err>
        </testcase>
        <testcase name="Test Cases/AlterationScoringRuleApps/Financial Non Employee/Non Ultimate/FE5/TC-2 IDR FE5" classname="Test Cases/AlterationScoringRuleApps/Financial Non Employee/Non Ultimate/FE5/TC-2 IDR FE5" status="ERROR">
            <error type="ERROR" message="Test Cases/AlterationScoringRuleApps/Financial Non Employee/Non Ultimate/FE5/TC-2 IDR FE5 FAILED.&#xA;Reason:&#xA;java.lang.NullPointerException: Cannot get property 'description' on null object&#xD;&#xA;&#x9;at TC-2 IDR FE5.run(TC-2 IDR FE5:31)&#xD;&#xA;&#x9;at com.kms.katalon.core.main.ScriptEngine.run(ScriptEngine.java:194)&#xD;&#xA;&#x9;at com.kms.katalon.core.main.ScriptEngine.runScriptAsRawText(ScriptEngine.java:119)&#xD;&#xA;&#x9;at com.kms.katalon.core.main.TestCaseExecutor.runScript(TestCaseExecutor.java:337)&#xD;&#xA;&#x9;at com.kms.katalon.core.main.TestCaseExecutor.doExecute(TestCaseExecutor.java:328)&#xD;&#xA;&#x9;at com.kms.katalon.core.main.TestCaseExecutor.processExecutionPhase(TestCaseExecutor.java:307)&#xD;&#xA;&#x9;at com.kms.katalon.core.main.TestCaseExecutor.accessMainPhase(TestCaseExecutor.java:299)&#xD;&#xA;&#x9;at com.kms.katalon.core.main.TestCaseExecutor.execute(TestCaseExecutor.java:233)&#xD;&#xA;&#x9;at com.kms.katalon.core.main.TestSuiteExecutor.accessTestCaseMainPhase(TestSuiteExecutor.java:133)&#xD;&#xA;&#x9;at com.kms.katalon.core.main.TestSuiteExecutor.accessTestSuiteMainPhase(TestSuiteExecutor.java:116)&#xD;&#xA;&#x9;at com.kms.katalon.core.main.TestSuiteExecutor.execute(TestSuiteExecutor.java:83)&#xD;&#xA;&#x9;at com.kms.katalon.core.main.TestCaseMain.startTestSuite(TestCaseMain.java:157)&#xD;&#xA;&#x9;at com.kms.katalon.core.main.TestCaseMain$startTestSuite$0.call(Unknown Source)&#xD;&#xA;&#x9;at TempTestSuite1566900409643.run(TempTestSuite1566900409643.groovy:35)&#xD;&#xA;"/>
            <system-out>2019-08-27 17:08:32 - [TEST_CASE][ERROR] - Test Cases/AlterationScoringRuleApps/Financial Non Employee/Non Ultimate/FE5/TC-2 IDR FE5: Test Cases/AlterationScoringRuleApps/Financial Non Employee/Non Ultimate/FE5/TC-2 IDR FE5 FAILED.
Reason:
java.lang.NullPointerException: Cannot get property 'description' on null object&#xD;
	at TC-2 IDR FE5.run(TC-2 IDR FE5:31)&#xD;
	at com.kms.katalon.core.main.ScriptEngine.run(ScriptEngine.java:194)&#xD;
	at com.kms.katalon.core.main.ScriptEngine.runScriptAsRawText(ScriptEngine.java:119)&#xD;
	at com.kms.katalon.core.main.TestCaseExecutor.runScript(TestCaseExecutor.java:337)&#xD;
	at com.kms.katalon.core.main.TestCaseExecutor.doExecute(TestCaseExecutor.java:328)&#xD;
	at com.kms.katalon.core.main.TestCaseExecutor.processExecutionPhase(TestCaseExecutor.java:307)&#xD;
	at com.kms.katalon.core.main.TestCaseExecutor.accessMainPhase(TestCaseExecutor.java:299)&#xD;
	at com.kms.katalon.core.main.TestCaseExecutor.execute(TestCaseExecutor.java:233)&#xD;
	at com.kms.katalon.core.main.TestSuiteExecutor.accessTestCaseMainPhase(TestSuiteExecutor.java:133)&#xD;
	at com.kms.katalon.core.main.TestSuiteExecutor.accessTestSuiteMainPhase(TestSuiteExecutor.java:116)&#xD;
	at com.kms.katalon.core.main.TestSuiteExecutor.execute(TestSuiteExecutor.java:83)&#xD;
	at com.kms.katalon.core.main.TestCaseMain.startTestSuite(TestCaseMain.java:157)&#xD;
	at com.kms.katalon.core.main.TestCaseMain$startTestSuite$0.call(Unknown Source)&#xD;
	at TempTestSuite1566900409643.run(TempTestSuite1566900409643.groovy:35)&#xD;
&#xD;
&#xD;
2019-08-27 17:08:35 - [TEST_STEP][PASSED] - random = new java.util.Random(): null&#xD;
&#xD;
2019-08-27 17:08:35 - [TEST_STEP][PASSED] - compareHighestValueFsaDeathVsAddccMax = 50000000000: null&#xD;
&#xD;
2019-08-27 17:08:35 - [TEST_STEP][PASSED] - compareHighestValueFsaDeathVsAddccMin = 15000000001: null&#xD;
&#xD;
2019-08-27 17:08:35 - [TEST_STEP][PASSED] - compareHighestValueFsaDeathVsAddcc = random.nextInt(compareHighestValueFsaDeathVsAddccMax - compareHighestValueFsaDeathVsAddccMin) + compareHighestValueFsaDeathVsAddccMin: null&#xD;
&#xD;
2019-08-27 17:08:35 - [TEST_STEP][PASSED] - println(compareHighestValueFsaDeathVsAddcc): null&#xD;
&#xD;
2019-08-27 17:08:35 - [TEST_STEP][PASSED] - comment("Send request"): Send request&#xD;
&#xD;
2019-08-27 17:08:35 - [MESSAGE][INFO] - Send request&#xD;
&#xD;
2019-08-27 17:08:35 - [TEST_STEP][PASSED] - response = sendRequest(findTestObject("AlterationScoringRuleApps/Financial Non Employee/Non Ultimate/Object Request", ["transactionType":transactionType, "role":role, "increasingFsaFlag":increasingFsaFlag, "pecFlag":pecFlag, "occupationCode":occupationCode, ... ])): Send request successfully&#xD;
&#xD;
2019-08-27 17:08:35 - [MESSAGE][INFO] - HAR: C:\SURYAPURBA\PHS\PHS-BRMS\Reports\FinancialNonEmployee_NonUltimate\20190827_170649\requests\main\74.har&#xD;
&#xD;
2019-08-27 17:08:35 - [MESSAGE][PASSED] - Send request successfully&#xD;
&#xD;
2019-08-27 17:08:35 - [TEST_STEP][PASSED] - slurper = new groovy.json.JsonSlurper(): null&#xD;
&#xD;
2019-08-27 17:08:35 - [TEST_STEP][PASSED] - parseResponse = slurper.parseText(response.getResponseText()): null&#xD;
&#xD;
2019-08-27 17:08:35 - [TEST_STEP][PASSED] - println(parseResponse): null&#xD;
&#xD;
2019-08-27 17:08:35 - [TEST_STEP][PASSED] - attributes = evidenceCode: null&#xD;
&#xD;
2019-08-27 17:08:35 - [TEST_STEP][PASSED] - println(attributes): null&#xD;
&#xD;
2019-08-27 17:08:35 - [TEST_STEP][PASSED] - println(attributes): null&#xD;
&#xD;
2019-08-27 17:08:35 - [TEST_STEP][PASSED] - expected = description == "Butuh LSAR, ABR, BSM, RoC, RNA, Bukti Aset": null&#xD;
&#xD;
2019-08-27 17:08:35 - [TEST_STEP][PASSED] - Start listener action : sampleAfterTestCase: null</system-out>
            <system-err>2019-08-27 17:08:32 - [TEST_CASE][ERROR] - Test Cases/AlterationScoringRuleApps/Financial Non Employee/Non Ultimate/FE5/TC-2 IDR FE5: Test Cases/AlterationScoringRuleApps/Financial Non Employee/Non Ultimate/FE5/TC-2 IDR FE5 FAILED.
Reason:
java.lang.NullPointerException: Cannot get property 'description' on null object&#xD;
	at TC-2 IDR FE5.run(TC-2 IDR FE5:31)&#xD;
	at com.kms.katalon.core.main.ScriptEngine.run(ScriptEngine.java:194)&#xD;
	at com.kms.katalon.core.main.ScriptEngine.runScriptAsRawText(ScriptEngine.java:119)&#xD;
	at com.kms.katalon.core.main.TestCaseExecutor.runScript(TestCaseExecutor.java:337)&#xD;
	at com.kms.katalon.core.main.TestCaseExecutor.doExecute(TestCaseExecutor.java:328)&#xD;
	at com.kms.katalon.core.main.TestCaseExecutor.processExecutionPhase(TestCaseExecutor.java:307)&#xD;
	at com.kms.katalon.core.main.TestCaseExecutor.accessMainPhase(TestCaseExecutor.java:299)&#xD;
	at com.kms.katalon.core.main.TestCaseExecutor.execute(TestCaseExecutor.java:233)&#xD;
	at com.kms.katalon.core.main.TestSuiteExecutor.accessTestCaseMainPhase(TestSuiteExecutor.java:133)&#xD;
	at com.kms.katalon.core.main.TestSuiteExecutor.accessTestSuiteMainPhase(TestSuiteExecutor.java:116)&#xD;
	at com.kms.katalon.core.main.TestSuiteExecutor.execute(TestSuiteExecutor.java:83)&#xD;
	at com.kms.katalon.core.main.TestCaseMain.startTestSuite(TestCaseMain.java:157)&#xD;
	at com.kms.katalon.core.main.TestCaseMain$startTestSuite$0.call(Unknown Source)&#xD;
	at TempTestSuite1566900409643.run(TempTestSuite1566900409643.groovy:35)</system-err>
        </testcase>
        <testcase name="Test Cases/AlterationScoringRuleApps/Financial Non Employee/Non Ultimate/FE5/TC-2 IDR FE5" classname="Test Cases/AlterationScoringRuleApps/Financial Non Employee/Non Ultimate/FE5/TC-2 IDR FE5" status="ERROR">
            <error type="ERROR" message="Test Cases/AlterationScoringRuleApps/Financial Non Employee/Non Ultimate/FE5/TC-2 IDR FE5 FAILED.&#xA;Reason:&#xA;java.lang.NullPointerException: Cannot get property 'description' on null object&#xD;&#xA;&#x9;at TC-2 IDR FE5.run(TC-2 IDR FE5:31)&#xD;&#xA;&#x9;at com.kms.katalon.core.main.ScriptEngine.run(ScriptEngine.java:194)&#xD;&#xA;&#x9;at com.kms.katalon.core.main.ScriptEngine.runScriptAsRawText(ScriptEngine.java:119)&#xD;&#xA;&#x9;at com.kms.katalon.core.main.TestCaseExecutor.runScript(TestCaseExecutor.java:337)&#xD;&#xA;&#x9;at com.kms.katalon.core.main.TestCaseExecutor.doExecute(TestCaseExecutor.java:328)&#xD;&#xA;&#x9;at com.kms.katalon.core.main.TestCaseExecutor.processExecutionPhase(TestCaseExecutor.java:307)&#xD;&#xA;&#x9;at com.kms.katalon.core.main.TestCaseExecutor.accessMainPhase(TestCaseExecutor.java:299)&#xD;&#xA;&#x9;at com.kms.katalon.core.main.TestCaseExecutor.execute(TestCaseExecutor.java:233)&#xD;&#xA;&#x9;at com.kms.katalon.core.main.TestSuiteExecutor.accessTestCaseMainPhase(TestSuiteExecutor.java:133)&#xD;&#xA;&#x9;at com.kms.katalon.core.main.TestSuiteExecutor.accessTestSuiteMainPhase(TestSuiteExecutor.java:116)&#xD;&#xA;&#x9;at com.kms.katalon.core.main.TestSuiteExecutor.execute(TestSuiteExecutor.java:83)&#xD;&#xA;&#x9;at com.kms.katalon.core.main.TestCaseMain.startTestSuite(TestCaseMain.java:157)&#xD;&#xA;&#x9;at com.kms.katalon.core.main.TestCaseMain$startTestSuite$0.call(Unknown Source)&#xD;&#xA;&#x9;at TempTestSuite1566900409643.run(TempTestSuite1566900409643.groovy:35)&#xD;&#xA;"/>
            <system-out>2019-08-27 17:08:35 - [TEST_CASE][ERROR] - Test Cases/AlterationScoringRuleApps/Financial Non Employee/Non Ultimate/FE5/TC-2 IDR FE5: Test Cases/AlterationScoringRuleApps/Financial Non Employee/Non Ultimate/FE5/TC-2 IDR FE5 FAILED.
Reason:
java.lang.NullPointerException: Cannot get property 'description' on null object&#xD;
	at TC-2 IDR FE5.run(TC-2 IDR FE5:31)&#xD;
	at com.kms.katalon.core.main.ScriptEngine.run(ScriptEngine.java:194)&#xD;
	at com.kms.katalon.core.main.ScriptEngine.runScriptAsRawText(ScriptEngine.java:119)&#xD;
	at com.kms.katalon.core.main.TestCaseExecutor.runScript(TestCaseExecutor.java:337)&#xD;
	at com.kms.katalon.core.main.TestCaseExecutor.doExecute(TestCaseExecutor.java:328)&#xD;
	at com.kms.katalon.core.main.TestCaseExecutor.processExecutionPhase(TestCaseExecutor.java:307)&#xD;
	at com.kms.katalon.core.main.TestCaseExecutor.accessMainPhase(TestCaseExecutor.java:299)&#xD;
	at com.kms.katalon.core.main.TestCaseExecutor.execute(TestCaseExecutor.java:233)&#xD;
	at com.kms.katalon.core.main.TestSuiteExecutor.accessTestCaseMainPhase(TestSuiteExecutor.java:133)&#xD;
	at com.kms.katalon.core.main.TestSuiteExecutor.accessTestSuiteMainPhase(TestSuiteExecutor.java:116)&#xD;
	at com.kms.katalon.core.main.TestSuiteExecutor.execute(TestSuiteExecutor.java:83)&#xD;
	at com.kms.katalon.core.main.TestCaseMain.startTestSuite(TestCaseMain.java:157)&#xD;
	at com.kms.katalon.core.main.TestCaseMain$startTestSuite$0.call(Unknown Source)&#xD;
	at TempTestSuite1566900409643.run(TempTestSuite1566900409643.groovy:35)&#xD;
&#xD;
&#xD;
2019-08-27 17:08:36 - [TEST_STEP][PASSED] - random = new java.util.Random(): null&#xD;
&#xD;
2019-08-27 17:08:36 - [TEST_STEP][PASSED] - compareHighestValueFsaDeathVsAddccMax = 50000000000: null&#xD;
&#xD;
2019-08-27 17:08:36 - [TEST_STEP][PASSED] - compareHighestValueFsaDeathVsAddccMin = 15000000001: null&#xD;
&#xD;
2019-08-27 17:08:36 - [TEST_STEP][PASSED] - compareHighestValueFsaDeathVsAddcc = random.nextInt(compareHighestValueFsaDeathVsAddccMax - compareHighestValueFsaDeathVsAddccMin) + compareHighestValueFsaDeathVsAddccMin: null&#xD;
&#xD;
2019-08-27 17:08:36 - [TEST_STEP][PASSED] - println(compareHighestValueFsaDeathVsAddcc): null&#xD;
&#xD;
2019-08-27 17:08:36 - [TEST_STEP][PASSED] - comment("Send request"): Send request&#xD;
&#xD;
2019-08-27 17:08:36 - [MESSAGE][INFO] - Send request&#xD;
&#xD;
2019-08-27 17:08:36 - [TEST_STEP][PASSED] - response = sendRequest(findTestObject("AlterationScoringRuleApps/Financial Non Employee/Non Ultimate/Object Request", ["transactionType":transactionType, "role":role, "increasingFsaFlag":increasingFsaFlag, "pecFlag":pecFlag, "occupationCode":occupationCode, ... ])): Send request successfully&#xD;
&#xD;
2019-08-27 17:08:36 - [MESSAGE][INFO] - HAR: C:\SURYAPURBA\PHS\PHS-BRMS\Reports\FinancialNonEmployee_NonUltimate\20190827_170649\requests\main\75.har&#xD;
&#xD;
2019-08-27 17:08:36 - [MESSAGE][PASSED] - Send request successfully&#xD;
&#xD;
2019-08-27 17:08:36 - [TEST_STEP][PASSED] - slurper = new groovy.json.JsonSlurper(): null&#xD;
&#xD;
2019-08-27 17:08:36 - [TEST_STEP][PASSED] - parseResponse = slurper.parseText(response.getResponseText()): null&#xD;
&#xD;
2019-08-27 17:08:36 - [TEST_STEP][PASSED] - println(parseResponse): null&#xD;
&#xD;
2019-08-27 17:08:36 - [TEST_STEP][PASSED] - attributes = evidenceCode: null&#xD;
&#xD;
2019-08-27 17:08:36 - [TEST_STEP][PASSED] - println(attributes): null&#xD;
&#xD;
2019-08-27 17:08:36 - [TEST_STEP][PASSED] - println(attributes): null&#xD;
&#xD;
2019-08-27 17:08:36 - [TEST_STEP][PASSED] - expected = description == "Butuh LSAR, ABR, BSM, RoC, RNA, Bukti Aset": null&#xD;
&#xD;
2019-08-27 17:08:36 - [TEST_STEP][PASSED] - Start listener action : sampleAfterTestCase: null</system-out>
            <system-err>2019-08-27 17:08:35 - [TEST_CASE][ERROR] - Test Cases/AlterationScoringRuleApps/Financial Non Employee/Non Ultimate/FE5/TC-2 IDR FE5: Test Cases/AlterationScoringRuleApps/Financial Non Employee/Non Ultimate/FE5/TC-2 IDR FE5 FAILED.
Reason:
java.lang.NullPointerException: Cannot get property 'description' on null object&#xD;
	at TC-2 IDR FE5.run(TC-2 IDR FE5:31)&#xD;
	at com.kms.katalon.core.main.ScriptEngine.run(ScriptEngine.java:194)&#xD;
	at com.kms.katalon.core.main.ScriptEngine.runScriptAsRawText(ScriptEngine.java:119)&#xD;
	at com.kms.katalon.core.main.TestCaseExecutor.runScript(TestCaseExecutor.java:337)&#xD;
	at com.kms.katalon.core.main.TestCaseExecutor.doExecute(TestCaseExecutor.java:328)&#xD;
	at com.kms.katalon.core.main.TestCaseExecutor.processExecutionPhase(TestCaseExecutor.java:307)&#xD;
	at com.kms.katalon.core.main.TestCaseExecutor.accessMainPhase(TestCaseExecutor.java:299)&#xD;
	at com.kms.katalon.core.main.TestCaseExecutor.execute(TestCaseExecutor.java:233)&#xD;
	at com.kms.katalon.core.main.TestSuiteExecutor.accessTestCaseMainPhase(TestSuiteExecutor.java:133)&#xD;
	at com.kms.katalon.core.main.TestSuiteExecutor.accessTestSuiteMainPhase(TestSuiteExecutor.java:116)&#xD;
	at com.kms.katalon.core.main.TestSuiteExecutor.execute(TestSuiteExecutor.java:83)&#xD;
	at com.kms.katalon.core.main.TestCaseMain.startTestSuite(TestCaseMain.java:157)&#xD;
	at com.kms.katalon.core.main.TestCaseMain$startTestSuite$0.call(Unknown Source)&#xD;
	at TempTestSuite1566900409643.run(TempTestSuite1566900409643.groovy:35)</system-err>
        </testcase>
        <testcase name="Test Cases/AlterationScoringRuleApps/Financial Non Employee/Non Ultimate/FE5/TC-2 IDR FE5" classname="Test Cases/AlterationScoringRuleApps/Financial Non Employee/Non Ultimate/FE5/TC-2 IDR FE5" status="ERROR">
            <error type="ERROR" message="Test Cases/AlterationScoringRuleApps/Financial Non Employee/Non Ultimate/FE5/TC-2 IDR FE5 FAILED.&#xA;Reason:&#xA;java.lang.NullPointerException: Cannot get property 'description' on null object&#xD;&#xA;&#x9;at TC-2 IDR FE5.run(TC-2 IDR FE5:31)&#xD;&#xA;&#x9;at com.kms.katalon.core.main.ScriptEngine.run(ScriptEngine.java:194)&#xD;&#xA;&#x9;at com.kms.katalon.core.main.ScriptEngine.runScriptAsRawText(ScriptEngine.java:119)&#xD;&#xA;&#x9;at com.kms.katalon.core.main.TestCaseExecutor.runScript(TestCaseExecutor.java:337)&#xD;&#xA;&#x9;at com.kms.katalon.core.main.TestCaseExecutor.doExecute(TestCaseExecutor.java:328)&#xD;&#xA;&#x9;at com.kms.katalon.core.main.TestCaseExecutor.processExecutionPhase(TestCaseExecutor.java:307)&#xD;&#xA;&#x9;at com.kms.katalon.core.main.TestCaseExecutor.accessMainPhase(TestCaseExecutor.java:299)&#xD;&#xA;&#x9;at com.kms.katalon.core.main.TestCaseExecutor.execute(TestCaseExecutor.java:233)&#xD;&#xA;&#x9;at com.kms.katalon.core.main.TestSuiteExecutor.accessTestCaseMainPhase(TestSuiteExecutor.java:133)&#xD;&#xA;&#x9;at com.kms.katalon.core.main.TestSuiteExecutor.accessTestSuiteMainPhase(TestSuiteExecutor.java:116)&#xD;&#xA;&#x9;at com.kms.katalon.core.main.TestSuiteExecutor.execute(TestSuiteExecutor.java:83)&#xD;&#xA;&#x9;at com.kms.katalon.core.main.TestCaseMain.startTestSuite(TestCaseMain.java:157)&#xD;&#xA;&#x9;at com.kms.katalon.core.main.TestCaseMain$startTestSuite$0.call(Unknown Source)&#xD;&#xA;&#x9;at TempTestSuite1566900409643.run(TempTestSuite1566900409643.groovy:35)&#xD;&#xA;"/>
            <system-out>2019-08-27 17:08:37 - [TEST_CASE][ERROR] - Test Cases/AlterationScoringRuleApps/Financial Non Employee/Non Ultimate/FE5/TC-2 IDR FE5: Test Cases/AlterationScoringRuleApps/Financial Non Employee/Non Ultimate/FE5/TC-2 IDR FE5 FAILED.
Reason:
java.lang.NullPointerException: Cannot get property 'description' on null object&#xD;
	at TC-2 IDR FE5.run(TC-2 IDR FE5:31)&#xD;
	at com.kms.katalon.core.main.ScriptEngine.run(ScriptEngine.java:194)&#xD;
	at com.kms.katalon.core.main.ScriptEngine.runScriptAsRawText(ScriptEngine.java:119)&#xD;
	at com.kms.katalon.core.main.TestCaseExecutor.runScript(TestCaseExecutor.java:337)&#xD;
	at com.kms.katalon.core.main.TestCaseExecutor.doExecute(TestCaseExecutor.java:328)&#xD;
	at com.kms.katalon.core.main.TestCaseExecutor.processExecutionPhase(TestCaseExecutor.java:307)&#xD;
	at com.kms.katalon.core.main.TestCaseExecutor.accessMainPhase(TestCaseExecutor.java:299)&#xD;
	at com.kms.katalon.core.main.TestCaseExecutor.execute(TestCaseExecutor.java:233)&#xD;
	at com.kms.katalon.core.main.TestSuiteExecutor.accessTestCaseMainPhase(TestSuiteExecutor.java:133)&#xD;
	at com.kms.katalon.core.main.TestSuiteExecutor.accessTestSuiteMainPhase(TestSuiteExecutor.java:116)&#xD;
	at com.kms.katalon.core.main.TestSuiteExecutor.execute(TestSuiteExecutor.java:83)&#xD;
	at com.kms.katalon.core.main.TestCaseMain.startTestSuite(TestCaseMain.java:157)&#xD;
	at com.kms.katalon.core.main.TestCaseMain$startTestSuite$0.call(Unknown Source)&#xD;
	at TempTestSuite1566900409643.run(TempTestSuite1566900409643.groovy:35)&#xD;
&#xD;
&#xD;
2019-08-27 17:08:38 - [TEST_STEP][PASSED] - random = new java.util.Random(): null&#xD;
&#xD;
2019-08-27 17:08:38 - [TEST_STEP][PASSED] - compareHighestValueFsaDeathVsAddccMax = 50000000000: null&#xD;
&#xD;
2019-08-27 17:08:38 - [TEST_STEP][PASSED] - compareHighestValueFsaDeathVsAddccMin = 15000000001: null&#xD;
&#xD;
2019-08-27 17:08:38 - [TEST_STEP][PASSED] - compareHighestValueFsaDeathVsAddcc = random.nextInt(compareHighestValueFsaDeathVsAddccMax - compareHighestValueFsaDeathVsAddccMin) + compareHighestValueFsaDeathVsAddccMin: null&#xD;
&#xD;
2019-08-27 17:08:38 - [TEST_STEP][PASSED] - println(compareHighestValueFsaDeathVsAddcc): null&#xD;
&#xD;
2019-08-27 17:08:38 - [TEST_STEP][PASSED] - comment("Send request"): Send request&#xD;
&#xD;
2019-08-27 17:08:38 - [MESSAGE][INFO] - Send request&#xD;
&#xD;
2019-08-27 17:08:38 - [TEST_STEP][PASSED] - response = sendRequest(findTestObject("AlterationScoringRuleApps/Financial Non Employee/Non Ultimate/Object Request", ["transactionType":transactionType, "role":role, "increasingFsaFlag":increasingFsaFlag, "pecFlag":pecFlag, "occupationCode":occupationCode, ... ])): Send request successfully&#xD;
&#xD;
2019-08-27 17:08:38 - [MESSAGE][INFO] - HAR: C:\SURYAPURBA\PHS\PHS-BRMS\Reports\FinancialNonEmployee_NonUltimate\20190827_170649\requests\main\76.har&#xD;
&#xD;
2019-08-27 17:08:38 - [MESSAGE][PASSED] - Send request successfully&#xD;
&#xD;
2019-08-27 17:08:38 - [TEST_STEP][PASSED] - slurper = new groovy.json.JsonSlurper(): null&#xD;
&#xD;
2019-08-27 17:08:38 - [TEST_STEP][PASSED] - parseResponse = slurper.parseText(response.getResponseText()): null&#xD;
&#xD;
2019-08-27 17:08:38 - [TEST_STEP][PASSED] - println(parseResponse): null&#xD;
&#xD;
2019-08-27 17:08:38 - [TEST_STEP][PASSED] - attributes = evidenceCode: null&#xD;
&#xD;
2019-08-27 17:08:38 - [TEST_STEP][PASSED] - println(attributes): null&#xD;
&#xD;
2019-08-27 17:08:38 - [TEST_STEP][PASSED] - println(attributes): null&#xD;
&#xD;
2019-08-27 17:08:38 - [TEST_STEP][PASSED] - expected = description == "Butuh LSAR, ABR, BSM, RoC, RNA, Bukti Aset": null&#xD;
&#xD;
2019-08-27 17:08:38 - [TEST_STEP][PASSED] - Start listener action : sampleAfterTestCase: null</system-out>
            <system-err>2019-08-27 17:08:37 - [TEST_CASE][ERROR] - Test Cases/AlterationScoringRuleApps/Financial Non Employee/Non Ultimate/FE5/TC-2 IDR FE5: Test Cases/AlterationScoringRuleApps/Financial Non Employee/Non Ultimate/FE5/TC-2 IDR FE5 FAILED.
Reason:
java.lang.NullPointerException: Cannot get property 'description' on null object&#xD;
	at TC-2 IDR FE5.run(TC-2 IDR FE5:31)&#xD;
	at com.kms.katalon.core.main.ScriptEngine.run(ScriptEngine.java:194)&#xD;
	at com.kms.katalon.core.main.ScriptEngine.runScriptAsRawText(ScriptEngine.java:119)&#xD;
	at com.kms.katalon.core.main.TestCaseExecutor.runScript(TestCaseExecutor.java:337)&#xD;
	at com.kms.katalon.core.main.TestCaseExecutor.doExecute(TestCaseExecutor.java:328)&#xD;
	at com.kms.katalon.core.main.TestCaseExecutor.processExecutionPhase(TestCaseExecutor.java:307)&#xD;
	at com.kms.katalon.core.main.TestCaseExecutor.accessMainPhase(TestCaseExecutor.java:299)&#xD;
	at com.kms.katalon.core.main.TestCaseExecutor.execute(TestCaseExecutor.java:233)&#xD;
	at com.kms.katalon.core.main.TestSuiteExecutor.accessTestCaseMainPhase(TestSuiteExecutor.java:133)&#xD;
	at com.kms.katalon.core.main.TestSuiteExecutor.accessTestSuiteMainPhase(TestSuiteExecutor.java:116)&#xD;
	at com.kms.katalon.core.main.TestSuiteExecutor.execute(TestSuiteExecutor.java:83)&#xD;
	at com.kms.katalon.core.main.TestCaseMain.startTestSuite(TestCaseMain.java:157)&#xD;
	at com.kms.katalon.core.main.TestCaseMain$startTestSuite$0.call(Unknown Source)&#xD;
	at TempTestSuite1566900409643.run(TempTestSuite1566900409643.groovy:35)</system-err>
        </testcase>
        <testcase name="Test Cases/AlterationScoringRuleApps/Financial Non Employee/Non Ultimate/FE5/TC-2 IDR FE5" classname="Test Cases/AlterationScoringRuleApps/Financial Non Employee/Non Ultimate/FE5/TC-2 IDR FE5" status="ERROR">
            <error type="ERROR" message="Test Cases/AlterationScoringRuleApps/Financial Non Employee/Non Ultimate/FE5/TC-2 IDR FE5 FAILED.&#xA;Reason:&#xA;java.lang.NullPointerException: Cannot get property 'description' on null object&#xD;&#xA;&#x9;at TC-2 IDR FE5.run(TC-2 IDR FE5:31)&#xD;&#xA;&#x9;at com.kms.katalon.core.main.ScriptEngine.run(ScriptEngine.java:194)&#xD;&#xA;&#x9;at com.kms.katalon.core.main.ScriptEngine.runScriptAsRawText(ScriptEngine.java:119)&#xD;&#xA;&#x9;at com.kms.katalon.core.main.TestCaseExecutor.runScript(TestCaseExecutor.java:337)&#xD;&#xA;&#x9;at com.kms.katalon.core.main.TestCaseExecutor.doExecute(TestCaseExecutor.java:328)&#xD;&#xA;&#x9;at com.kms.katalon.core.main.TestCaseExecutor.processExecutionPhase(TestCaseExecutor.java:307)&#xD;&#xA;&#x9;at com.kms.katalon.core.main.TestCaseExecutor.accessMainPhase(TestCaseExecutor.java:299)&#xD;&#xA;&#x9;at com.kms.katalon.core.main.TestCaseExecutor.execute(TestCaseExecutor.java:233)&#xD;&#xA;&#x9;at com.kms.katalon.core.main.TestSuiteExecutor.accessTestCaseMainPhase(TestSuiteExecutor.java:133)&#xD;&#xA;&#x9;at com.kms.katalon.core.main.TestSuiteExecutor.accessTestSuiteMainPhase(TestSuiteExecutor.java:116)&#xD;&#xA;&#x9;at com.kms.katalon.core.main.TestSuiteExecutor.execute(TestSuiteExecutor.java:83)&#xD;&#xA;&#x9;at com.kms.katalon.core.main.TestCaseMain.startTestSuite(TestCaseMain.java:157)&#xD;&#xA;&#x9;at com.kms.katalon.core.main.TestCaseMain$startTestSuite$0.call(Unknown Source)&#xD;&#xA;&#x9;at TempTestSuite1566900409643.run(TempTestSuite1566900409643.groovy:35)&#xD;&#xA;"/>
            <system-out>2019-08-27 17:08:38 - [TEST_CASE][ERROR] - Test Cases/AlterationScoringRuleApps/Financial Non Employee/Non Ultimate/FE5/TC-2 IDR FE5: Test Cases/AlterationScoringRuleApps/Financial Non Employee/Non Ultimate/FE5/TC-2 IDR FE5 FAILED.
Reason:
java.lang.NullPointerException: Cannot get property 'description' on null object&#xD;
	at TC-2 IDR FE5.run(TC-2 IDR FE5:31)&#xD;
	at com.kms.katalon.core.main.ScriptEngine.run(ScriptEngine.java:194)&#xD;
	at com.kms.katalon.core.main.ScriptEngine.runScriptAsRawText(ScriptEngine.java:119)&#xD;
	at com.kms.katalon.core.main.TestCaseExecutor.runScript(TestCaseExecutor.java:337)&#xD;
	at com.kms.katalon.core.main.TestCaseExecutor.doExecute(TestCaseExecutor.java:328)&#xD;
	at com.kms.katalon.core.main.TestCaseExecutor.processExecutionPhase(TestCaseExecutor.java:307)&#xD;
	at com.kms.katalon.core.main.TestCaseExecutor.accessMainPhase(TestCaseExecutor.java:299)&#xD;
	at com.kms.katalon.core.main.TestCaseExecutor.execute(TestCaseExecutor.java:233)&#xD;
	at com.kms.katalon.core.main.TestSuiteExecutor.accessTestCaseMainPhase(TestSuiteExecutor.java:133)&#xD;
	at com.kms.katalon.core.main.TestSuiteExecutor.accessTestSuiteMainPhase(TestSuiteExecutor.java:116)&#xD;
	at com.kms.katalon.core.main.TestSuiteExecutor.execute(TestSuiteExecutor.java:83)&#xD;
	at com.kms.katalon.core.main.TestCaseMain.startTestSuite(TestCaseMain.java:157)&#xD;
	at com.kms.katalon.core.main.TestCaseMain$startTestSuite$0.call(Unknown Source)&#xD;
	at TempTestSuite1566900409643.run(TempTestSuite1566900409643.groovy:35)&#xD;
&#xD;
&#xD;
2019-08-27 17:08:39 - [TEST_STEP][PASSED] - random = new java.util.Random(): null&#xD;
&#xD;
2019-08-27 17:08:39 - [TEST_STEP][PASSED] - compareHighestValueFsaDeathVsAddccMax = 50000000000: null&#xD;
&#xD;
2019-08-27 17:08:39 - [TEST_STEP][PASSED] - compareHighestValueFsaDeathVsAddccMin = 15000000001: null&#xD;
&#xD;
2019-08-27 17:08:39 - [TEST_STEP][PASSED] - compareHighestValueFsaDeathVsAddcc = random.nextInt(compareHighestValueFsaDeathVsAddccMax - compareHighestValueFsaDeathVsAddccMin) + compareHighestValueFsaDeathVsAddccMin: null&#xD;
&#xD;
2019-08-27 17:08:39 - [TEST_STEP][PASSED] - println(compareHighestValueFsaDeathVsAddcc): null&#xD;
&#xD;
2019-08-27 17:08:39 - [TEST_STEP][PASSED] - comment("Send request"): Send request&#xD;
&#xD;
2019-08-27 17:08:39 - [MESSAGE][INFO] - Send request&#xD;
&#xD;
2019-08-27 17:08:39 - [TEST_STEP][PASSED] - response = sendRequest(findTestObject("AlterationScoringRuleApps/Financial Non Employee/Non Ultimate/Object Request", ["transactionType":transactionType, "role":role, "increasingFsaFlag":increasingFsaFlag, "pecFlag":pecFlag, "occupationCode":occupationCode, ... ])): Send request successfully&#xD;
&#xD;
2019-08-27 17:08:39 - [MESSAGE][INFO] - HAR: C:\SURYAPURBA\PHS\PHS-BRMS\Reports\FinancialNonEmployee_NonUltimate\20190827_170649\requests\main\77.har&#xD;
&#xD;
2019-08-27 17:08:39 - [MESSAGE][PASSED] - Send request successfully&#xD;
&#xD;
2019-08-27 17:08:40 - [TEST_STEP][PASSED] - slurper = new groovy.json.JsonSlurper(): null&#xD;
&#xD;
2019-08-27 17:08:40 - [TEST_STEP][PASSED] - parseResponse = slurper.parseText(response.getResponseText()): null&#xD;
&#xD;
2019-08-27 17:08:40 - [TEST_STEP][PASSED] - println(parseResponse): null&#xD;
&#xD;
2019-08-27 17:08:40 - [TEST_STEP][PASSED] - attributes = evidenceCode: null&#xD;
&#xD;
2019-08-27 17:08:40 - [TEST_STEP][PASSED] - println(attributes): null&#xD;
&#xD;
2019-08-27 17:08:40 - [TEST_STEP][PASSED] - println(attributes): null&#xD;
&#xD;
2019-08-27 17:08:40 - [TEST_STEP][PASSED] - expected = description == "Butuh LSAR, ABR, BSM, RoC, RNA, Bukti Aset": null&#xD;
&#xD;
2019-08-27 17:08:40 - [TEST_STEP][PASSED] - Start listener action : sampleAfterTestCase: null</system-out>
            <system-err>2019-08-27 17:08:38 - [TEST_CASE][ERROR] - Test Cases/AlterationScoringRuleApps/Financial Non Employee/Non Ultimate/FE5/TC-2 IDR FE5: Test Cases/AlterationScoringRuleApps/Financial Non Employee/Non Ultimate/FE5/TC-2 IDR FE5 FAILED.
Reason:
java.lang.NullPointerException: Cannot get property 'description' on null object&#xD;
	at TC-2 IDR FE5.run(TC-2 IDR FE5:31)&#xD;
	at com.kms.katalon.core.main.ScriptEngine.run(ScriptEngine.java:194)&#xD;
	at com.kms.katalon.core.main.ScriptEngine.runScriptAsRawText(ScriptEngine.java:119)&#xD;
	at com.kms.katalon.core.main.TestCaseExecutor.runScript(TestCaseExecutor.java:337)&#xD;
	at com.kms.katalon.core.main.TestCaseExecutor.doExecute(TestCaseExecutor.java:328)&#xD;
	at com.kms.katalon.core.main.TestCaseExecutor.processExecutionPhase(TestCaseExecutor.java:307)&#xD;
	at com.kms.katalon.core.main.TestCaseExecutor.accessMainPhase(TestCaseExecutor.java:299)&#xD;
	at com.kms.katalon.core.main.TestCaseExecutor.execute(TestCaseExecutor.java:233)&#xD;
	at com.kms.katalon.core.main.TestSuiteExecutor.accessTestCaseMainPhase(TestSuiteExecutor.java:133)&#xD;
	at com.kms.katalon.core.main.TestSuiteExecutor.accessTestSuiteMainPhase(TestSuiteExecutor.java:116)&#xD;
	at com.kms.katalon.core.main.TestSuiteExecutor.execute(TestSuiteExecutor.java:83)&#xD;
	at com.kms.katalon.core.main.TestCaseMain.startTestSuite(TestCaseMain.java:157)&#xD;
	at com.kms.katalon.core.main.TestCaseMain$startTestSuite$0.call(Unknown Source)&#xD;
	at TempTestSuite1566900409643.run(TempTestSuite1566900409643.groovy:35)</system-err>
        </testcase>
        <testcase name="Test Cases/AlterationScoringRuleApps/Financial Non Employee/Non Ultimate/FE5/TC-2 IDR FE5" classname="Test Cases/AlterationScoringRuleApps/Financial Non Employee/Non Ultimate/FE5/TC-2 IDR FE5" status="ERROR">
            <error type="ERROR" message="Test Cases/AlterationScoringRuleApps/Financial Non Employee/Non Ultimate/FE5/TC-2 IDR FE5 FAILED.&#xA;Reason:&#xA;java.lang.NullPointerException: Cannot get property 'description' on null object&#xD;&#xA;&#x9;at TC-2 IDR FE5.run(TC-2 IDR FE5:31)&#xD;&#xA;&#x9;at com.kms.katalon.core.main.ScriptEngine.run(ScriptEngine.java:194)&#xD;&#xA;&#x9;at com.kms.katalon.core.main.ScriptEngine.runScriptAsRawText(ScriptEngine.java:119)&#xD;&#xA;&#x9;at com.kms.katalon.core.main.TestCaseExecutor.runScript(TestCaseExecutor.java:337)&#xD;&#xA;&#x9;at com.kms.katalon.core.main.TestCaseExecutor.doExecute(TestCaseExecutor.java:328)&#xD;&#xA;&#x9;at com.kms.katalon.core.main.TestCaseExecutor.processExecutionPhase(TestCaseExecutor.java:307)&#xD;&#xA;&#x9;at com.kms.katalon.core.main.TestCaseExecutor.accessMainPhase(TestCaseExecutor.java:299)&#xD;&#xA;&#x9;at com.kms.katalon.core.main.TestCaseExecutor.execute(TestCaseExecutor.java:233)&#xD;&#xA;&#x9;at com.kms.katalon.core.main.TestSuiteExecutor.accessTestCaseMainPhase(TestSuiteExecutor.java:133)&#xD;&#xA;&#x9;at com.kms.katalon.core.main.TestSuiteExecutor.accessTestSuiteMainPhase(TestSuiteExecutor.java:116)&#xD;&#xA;&#x9;at com.kms.katalon.core.main.TestSuiteExecutor.execute(TestSuiteExecutor.java:83)&#xD;&#xA;&#x9;at com.kms.katalon.core.main.TestCaseMain.startTestSuite(TestCaseMain.java:157)&#xD;&#xA;&#x9;at com.kms.katalon.core.main.TestCaseMain$startTestSuite$0.call(Unknown Source)&#xD;&#xA;&#x9;at TempTestSuite1566900409643.run(TempTestSuite1566900409643.groovy:35)&#xD;&#xA;"/>
            <system-out>2019-08-27 17:08:41 - [TEST_CASE][ERROR] - Test Cases/AlterationScoringRuleApps/Financial Non Employee/Non Ultimate/FE5/TC-2 IDR FE5: Test Cases/AlterationScoringRuleApps/Financial Non Employee/Non Ultimate/FE5/TC-2 IDR FE5 FAILED.
Reason:
java.lang.NullPointerException: Cannot get property 'description' on null object&#xD;
	at TC-2 IDR FE5.run(TC-2 IDR FE5:31)&#xD;
	at com.kms.katalon.core.main.ScriptEngine.run(ScriptEngine.java:194)&#xD;
	at com.kms.katalon.core.main.ScriptEngine.runScriptAsRawText(ScriptEngine.java:119)&#xD;
	at com.kms.katalon.core.main.TestCaseExecutor.runScript(TestCaseExecutor.java:337)&#xD;
	at com.kms.katalon.core.main.TestCaseExecutor.doExecute(TestCaseExecutor.java:328)&#xD;
	at com.kms.katalon.core.main.TestCaseExecutor.processExecutionPhase(TestCaseExecutor.java:307)&#xD;
	at com.kms.katalon.core.main.TestCaseExecutor.accessMainPhase(TestCaseExecutor.java:299)&#xD;
	at com.kms.katalon.core.main.TestCaseExecutor.execute(TestCaseExecutor.java:233)&#xD;
	at com.kms.katalon.core.main.TestSuiteExecutor.accessTestCaseMainPhase(TestSuiteExecutor.java:133)&#xD;
	at com.kms.katalon.core.main.TestSuiteExecutor.accessTestSuiteMainPhase(TestSuiteExecutor.java:116)&#xD;
	at com.kms.katalon.core.main.TestSuiteExecutor.execute(TestSuiteExecutor.java:83)&#xD;
	at com.kms.katalon.core.main.TestCaseMain.startTestSuite(TestCaseMain.java:157)&#xD;
	at com.kms.katalon.core.main.TestCaseMain$startTestSuite$0.call(Unknown Source)&#xD;
	at TempTestSuite1566900409643.run(TempTestSuite1566900409643.groovy:35)&#xD;
&#xD;
&#xD;
2019-08-27 17:08:43 - [TEST_STEP][PASSED] - random = new java.util.Random(): null&#xD;
&#xD;
2019-08-27 17:08:43 - [TEST_STEP][PASSED] - compareHighestValueFsaDeathVsAddccMax = 50000000000: null&#xD;
&#xD;
2019-08-27 17:08:43 - [TEST_STEP][PASSED] - compareHighestValueFsaDeathVsAddccMin = 15000000001: null&#xD;
&#xD;
2019-08-27 17:08:43 - [TEST_STEP][PASSED] - compareHighestValueFsaDeathVsAddcc = random.nextInt(compareHighestValueFsaDeathVsAddccMax - compareHighestValueFsaDeathVsAddccMin) + compareHighestValueFsaDeathVsAddccMin: null&#xD;
&#xD;
2019-08-27 17:08:43 - [TEST_STEP][PASSED] - println(compareHighestValueFsaDeathVsAddcc): null&#xD;
&#xD;
2019-08-27 17:08:43 - [TEST_STEP][PASSED] - comment("Send request"): Send request&#xD;
&#xD;
2019-08-27 17:08:43 - [MESSAGE][INFO] - Send request&#xD;
&#xD;
2019-08-27 17:08:43 - [TEST_STEP][PASSED] - response = sendRequest(findTestObject("AlterationScoringRuleApps/Financial Non Employee/Non Ultimate/Object Request", ["transactionType":transactionType, "role":role, "increasingFsaFlag":increasingFsaFlag, "pecFlag":pecFlag, "occupationCode":occupationCode, ... ])): Send request successfully&#xD;
&#xD;
2019-08-27 17:08:43 - [MESSAGE][INFO] - HAR: C:\SURYAPURBA\PHS\PHS-BRMS\Reports\FinancialNonEmployee_NonUltimate\20190827_170649\requests\main\78.har&#xD;
&#xD;
2019-08-27 17:08:43 - [MESSAGE][PASSED] - Send request successfully&#xD;
&#xD;
2019-08-27 17:08:43 - [TEST_STEP][PASSED] - slurper = new groovy.json.JsonSlurper(): null&#xD;
&#xD;
2019-08-27 17:08:43 - [TEST_STEP][PASSED] - parseResponse = slurper.parseText(response.getResponseText()): null&#xD;
&#xD;
2019-08-27 17:08:43 - [TEST_STEP][PASSED] - println(parseResponse): null&#xD;
&#xD;
2019-08-27 17:08:43 - [TEST_STEP][PASSED] - attributes = evidenceCode: null&#xD;
&#xD;
2019-08-27 17:08:43 - [TEST_STEP][PASSED] - println(attributes): null&#xD;
&#xD;
2019-08-27 17:08:43 - [TEST_STEP][PASSED] - println(attributes): null&#xD;
&#xD;
2019-08-27 17:08:43 - [TEST_STEP][PASSED] - expected = description == "Butuh LSAR, ABR, BSM, RoC, RNA, Bukti Aset": null&#xD;
&#xD;
2019-08-27 17:08:43 - [TEST_STEP][PASSED] - Start listener action : sampleAfterTestCase: null</system-out>
            <system-err>2019-08-27 17:08:41 - [TEST_CASE][ERROR] - Test Cases/AlterationScoringRuleApps/Financial Non Employee/Non Ultimate/FE5/TC-2 IDR FE5: Test Cases/AlterationScoringRuleApps/Financial Non Employee/Non Ultimate/FE5/TC-2 IDR FE5 FAILED.
Reason:
java.lang.NullPointerException: Cannot get property 'description' on null object&#xD;
	at TC-2 IDR FE5.run(TC-2 IDR FE5:31)&#xD;
	at com.kms.katalon.core.main.ScriptEngine.run(ScriptEngine.java:194)&#xD;
	at com.kms.katalon.core.main.ScriptEngine.runScriptAsRawText(ScriptEngine.java:119)&#xD;
	at com.kms.katalon.core.main.TestCaseExecutor.runScript(TestCaseExecutor.java:337)&#xD;
	at com.kms.katalon.core.main.TestCaseExecutor.doExecute(TestCaseExecutor.java:328)&#xD;
	at com.kms.katalon.core.main.TestCaseExecutor.processExecutionPhase(TestCaseExecutor.java:307)&#xD;
	at com.kms.katalon.core.main.TestCaseExecutor.accessMainPhase(TestCaseExecutor.java:299)&#xD;
	at com.kms.katalon.core.main.TestCaseExecutor.execute(TestCaseExecutor.java:233)&#xD;
	at com.kms.katalon.core.main.TestSuiteExecutor.accessTestCaseMainPhase(TestSuiteExecutor.java:133)&#xD;
	at com.kms.katalon.core.main.TestSuiteExecutor.accessTestSuiteMainPhase(TestSuiteExecutor.java:116)&#xD;
	at com.kms.katalon.core.main.TestSuiteExecutor.execute(TestSuiteExecutor.java:83)&#xD;
	at com.kms.katalon.core.main.TestCaseMain.startTestSuite(TestCaseMain.java:157)&#xD;
	at com.kms.katalon.core.main.TestCaseMain$startTestSuite$0.call(Unknown Source)&#xD;
	at TempTestSuite1566900409643.run(TempTestSuite1566900409643.groovy:35)</system-err>
        </testcase>
        <testcase name="Test Cases/AlterationScoringRuleApps/Financial Non Employee/Non Ultimate/FE5/TC-2 IDR FE5" classname="Test Cases/AlterationScoringRuleApps/Financial Non Employee/Non Ultimate/FE5/TC-2 IDR FE5" status="ERROR">
            <error type="ERROR" message="Test Cases/AlterationScoringRuleApps/Financial Non Employee/Non Ultimate/FE5/TC-2 IDR FE5 FAILED.&#xA;Reason:&#xA;java.lang.NullPointerException: Cannot get property 'description' on null object&#xD;&#xA;&#x9;at TC-2 IDR FE5.run(TC-2 IDR FE5:31)&#xD;&#xA;&#x9;at com.kms.katalon.core.main.ScriptEngine.run(ScriptEngine.java:194)&#xD;&#xA;&#x9;at com.kms.katalon.core.main.ScriptEngine.runScriptAsRawText(ScriptEngine.java:119)&#xD;&#xA;&#x9;at com.kms.katalon.core.main.TestCaseExecutor.runScript(TestCaseExecutor.java:337)&#xD;&#xA;&#x9;at com.kms.katalon.core.main.TestCaseExecutor.doExecute(TestCaseExecutor.java:328)&#xD;&#xA;&#x9;at com.kms.katalon.core.main.TestCaseExecutor.processExecutionPhase(TestCaseExecutor.java:307)&#xD;&#xA;&#x9;at com.kms.katalon.core.main.TestCaseExecutor.accessMainPhase(TestCaseExecutor.java:299)&#xD;&#xA;&#x9;at com.kms.katalon.core.main.TestCaseExecutor.execute(TestCaseExecutor.java:233)&#xD;&#xA;&#x9;at com.kms.katalon.core.main.TestSuiteExecutor.accessTestCaseMainPhase(TestSuiteExecutor.java:133)&#xD;&#xA;&#x9;at com.kms.katalon.core.main.TestSuiteExecutor.accessTestSuiteMainPhase(TestSuiteExecutor.java:116)&#xD;&#xA;&#x9;at com.kms.katalon.core.main.TestSuiteExecutor.execute(TestSuiteExecutor.java:83)&#xD;&#xA;&#x9;at com.kms.katalon.core.main.TestCaseMain.startTestSuite(TestCaseMain.java:157)&#xD;&#xA;&#x9;at com.kms.katalon.core.main.TestCaseMain$startTestSuite$0.call(Unknown Source)&#xD;&#xA;&#x9;at TempTestSuite1566900409643.run(TempTestSuite1566900409643.groovy:35)&#xD;&#xA;"/>
            <system-out>2019-08-27 17:08:44 - [TEST_CASE][ERROR] - Test Cases/AlterationScoringRuleApps/Financial Non Employee/Non Ultimate/FE5/TC-2 IDR FE5: Test Cases/AlterationScoringRuleApps/Financial Non Employee/Non Ultimate/FE5/TC-2 IDR FE5 FAILED.
Reason:
java.lang.NullPointerException: Cannot get property 'description' on null object&#xD;
	at TC-2 IDR FE5.run(TC-2 IDR FE5:31)&#xD;
	at com.kms.katalon.core.main.ScriptEngine.run(ScriptEngine.java:194)&#xD;
	at com.kms.katalon.core.main.ScriptEngine.runScriptAsRawText(ScriptEngine.java:119)&#xD;
	at com.kms.katalon.core.main.TestCaseExecutor.runScript(TestCaseExecutor.java:337)&#xD;
	at com.kms.katalon.core.main.TestCaseExecutor.doExecute(TestCaseExecutor.java:328)&#xD;
	at com.kms.katalon.core.main.TestCaseExecutor.processExecutionPhase(TestCaseExecutor.java:307)&#xD;
	at com.kms.katalon.core.main.TestCaseExecutor.accessMainPhase(TestCaseExecutor.java:299)&#xD;
	at com.kms.katalon.core.main.TestCaseExecutor.execute(TestCaseExecutor.java:233)&#xD;
	at com.kms.katalon.core.main.TestSuiteExecutor.accessTestCaseMainPhase(TestSuiteExecutor.java:133)&#xD;
	at com.kms.katalon.core.main.TestSuiteExecutor.accessTestSuiteMainPhase(TestSuiteExecutor.java:116)&#xD;
	at com.kms.katalon.core.main.TestSuiteExecutor.execute(TestSuiteExecutor.java:83)&#xD;
	at com.kms.katalon.core.main.TestCaseMain.startTestSuite(TestCaseMain.java:157)&#xD;
	at com.kms.katalon.core.main.TestCaseMain$startTestSuite$0.call(Unknown Source)&#xD;
	at TempTestSuite1566900409643.run(TempTestSuite1566900409643.groovy:35)&#xD;
&#xD;
&#xD;
2019-08-27 17:08:44 - [TEST_STEP][PASSED] - random = new java.util.Random(): null&#xD;
&#xD;
2019-08-27 17:08:44 - [TEST_STEP][PASSED] - compareHighestValueFsaDeathVsAddccMax = 50000000000: null&#xD;
&#xD;
2019-08-27 17:08:44 - [TEST_STEP][PASSED] - compareHighestValueFsaDeathVsAddccMin = 15000000001: null&#xD;
&#xD;
2019-08-27 17:08:44 - [TEST_STEP][PASSED] - compareHighestValueFsaDeathVsAddcc = random.nextInt(compareHighestValueFsaDeathVsAddccMax - compareHighestValueFsaDeathVsAddccMin) + compareHighestValueFsaDeathVsAddccMin: null&#xD;
&#xD;
2019-08-27 17:08:44 - [TEST_STEP][PASSED] - println(compareHighestValueFsaDeathVsAddcc): null&#xD;
&#xD;
2019-08-27 17:08:44 - [TEST_STEP][PASSED] - comment("Send request"): Send request&#xD;
&#xD;
2019-08-27 17:08:44 - [MESSAGE][INFO] - Send request&#xD;
&#xD;
2019-08-27 17:08:44 - [TEST_STEP][PASSED] - response = sendRequest(findTestObject("AlterationScoringRuleApps/Financial Non Employee/Non Ultimate/Object Request", ["transactionType":transactionType, "role":role, "increasingFsaFlag":increasingFsaFlag, "pecFlag":pecFlag, "occupationCode":occupationCode, ... ])): Send request successfully&#xD;
&#xD;
2019-08-27 17:08:44 - [MESSAGE][INFO] - HAR: C:\SURYAPURBA\PHS\PHS-BRMS\Reports\FinancialNonEmployee_NonUltimate\20190827_170649\requests\main\79.har&#xD;
&#xD;
2019-08-27 17:08:44 - [MESSAGE][PASSED] - Send request successfully&#xD;
&#xD;
2019-08-27 17:08:44 - [TEST_STEP][PASSED] - slurper = new groovy.json.JsonSlurper(): null&#xD;
&#xD;
2019-08-27 17:08:44 - [TEST_STEP][PASSED] - parseResponse = slurper.parseText(response.getResponseText()): null&#xD;
&#xD;
2019-08-27 17:08:44 - [TEST_STEP][PASSED] - println(parseResponse): null&#xD;
&#xD;
2019-08-27 17:08:44 - [TEST_STEP][PASSED] - attributes = evidenceCode: null&#xD;
&#xD;
2019-08-27 17:08:45 - [TEST_STEP][PASSED] - println(attributes): null&#xD;
&#xD;
2019-08-27 17:08:46 - [TEST_STEP][PASSED] - println(attributes): null&#xD;
&#xD;
2019-08-27 17:08:46 - [TEST_STEP][PASSED] - expected = description == "Butuh LSAR, ABR, BSM, RoC, RNA, Bukti Aset": null&#xD;
&#xD;
2019-08-27 17:08:46 - [TEST_STEP][PASSED] - Start listener action : sampleAfterTestCase: null</system-out>
            <system-err>2019-08-27 17:08:44 - [TEST_CASE][ERROR] - Test Cases/AlterationScoringRuleApps/Financial Non Employee/Non Ultimate/FE5/TC-2 IDR FE5: Test Cases/AlterationScoringRuleApps/Financial Non Employee/Non Ultimate/FE5/TC-2 IDR FE5 FAILED.
Reason:
java.lang.NullPointerException: Cannot get property 'description' on null object&#xD;
	at TC-2 IDR FE5.run(TC-2 IDR FE5:31)&#xD;
	at com.kms.katalon.core.main.ScriptEngine.run(ScriptEngine.java:194)&#xD;
	at com.kms.katalon.core.main.ScriptEngine.runScriptAsRawText(ScriptEngine.java:119)&#xD;
	at com.kms.katalon.core.main.TestCaseExecutor.runScript(TestCaseExecutor.java:337)&#xD;
	at com.kms.katalon.core.main.TestCaseExecutor.doExecute(TestCaseExecutor.java:328)&#xD;
	at com.kms.katalon.core.main.TestCaseExecutor.processExecutionPhase(TestCaseExecutor.java:307)&#xD;
	at com.kms.katalon.core.main.TestCaseExecutor.accessMainPhase(TestCaseExecutor.java:299)&#xD;
	at com.kms.katalon.core.main.TestCaseExecutor.execute(TestCaseExecutor.java:233)&#xD;
	at com.kms.katalon.core.main.TestSuiteExecutor.accessTestCaseMainPhase(TestSuiteExecutor.java:133)&#xD;
	at com.kms.katalon.core.main.TestSuiteExecutor.accessTestSuiteMainPhase(TestSuiteExecutor.java:116)&#xD;
	at com.kms.katalon.core.main.TestSuiteExecutor.execute(TestSuiteExecutor.java:83)&#xD;
	at com.kms.katalon.core.main.TestCaseMain.startTestSuite(TestCaseMain.java:157)&#xD;
	at com.kms.katalon.core.main.TestCaseMain$startTestSuite$0.call(Unknown Source)&#xD;
	at TempTestSuite1566900409643.run(TempTestSuite1566900409643.groovy:35)</system-err>
        </testcase>
        <testcase name="Test Cases/AlterationScoringRuleApps/Financial Non Employee/Non Ultimate/FE5/TC-2 IDR FE5" classname="Test Cases/AlterationScoringRuleApps/Financial Non Employee/Non Ultimate/FE5/TC-2 IDR FE5" status="ERROR">
            <error type="ERROR" message="Test Cases/AlterationScoringRuleApps/Financial Non Employee/Non Ultimate/FE5/TC-2 IDR FE5 FAILED.&#xA;Reason:&#xA;java.lang.NullPointerException: Cannot get property 'description' on null object&#xD;&#xA;&#x9;at TC-2 IDR FE5.run(TC-2 IDR FE5:31)&#xD;&#xA;&#x9;at com.kms.katalon.core.main.ScriptEngine.run(ScriptEngine.java:194)&#xD;&#xA;&#x9;at com.kms.katalon.core.main.ScriptEngine.runScriptAsRawText(ScriptEngine.java:119)&#xD;&#xA;&#x9;at com.kms.katalon.core.main.TestCaseExecutor.runScript(TestCaseExecutor.java:337)&#xD;&#xA;&#x9;at com.kms.katalon.core.main.TestCaseExecutor.doExecute(TestCaseExecutor.java:328)&#xD;&#xA;&#x9;at com.kms.katalon.core.main.TestCaseExecutor.processExecutionPhase(TestCaseExecutor.java:307)&#xD;&#xA;&#x9;at com.kms.katalon.core.main.TestCaseExecutor.accessMainPhase(TestCaseExecutor.java:299)&#xD;&#xA;&#x9;at com.kms.katalon.core.main.TestCaseExecutor.execute(TestCaseExecutor.java:233)&#xD;&#xA;&#x9;at com.kms.katalon.core.main.TestSuiteExecutor.accessTestCaseMainPhase(TestSuiteExecutor.java:133)&#xD;&#xA;&#x9;at com.kms.katalon.core.main.TestSuiteExecutor.accessTestSuiteMainPhase(TestSuiteExecutor.java:116)&#xD;&#xA;&#x9;at com.kms.katalon.core.main.TestSuiteExecutor.execute(TestSuiteExecutor.java:83)&#xD;&#xA;&#x9;at com.kms.katalon.core.main.TestCaseMain.startTestSuite(TestCaseMain.java:157)&#xD;&#xA;&#x9;at com.kms.katalon.core.main.TestCaseMain$startTestSuite$0.call(Unknown Source)&#xD;&#xA;&#x9;at TempTestSuite1566900409643.run(TempTestSuite1566900409643.groovy:35)&#xD;&#xA;"/>
            <system-out>2019-08-27 17:08:47 - [TEST_CASE][ERROR] - Test Cases/AlterationScoringRuleApps/Financial Non Employee/Non Ultimate/FE5/TC-2 IDR FE5: Test Cases/AlterationScoringRuleApps/Financial Non Employee/Non Ultimate/FE5/TC-2 IDR FE5 FAILED.
Reason:
java.lang.NullPointerException: Cannot get property 'description' on null object&#xD;
	at TC-2 IDR FE5.run(TC-2 IDR FE5:31)&#xD;
	at com.kms.katalon.core.main.ScriptEngine.run(ScriptEngine.java:194)&#xD;
	at com.kms.katalon.core.main.ScriptEngine.runScriptAsRawText(ScriptEngine.java:119)&#xD;
	at com.kms.katalon.core.main.TestCaseExecutor.runScript(TestCaseExecutor.java:337)&#xD;
	at com.kms.katalon.core.main.TestCaseExecutor.doExecute(TestCaseExecutor.java:328)&#xD;
	at com.kms.katalon.core.main.TestCaseExecutor.processExecutionPhase(TestCaseExecutor.java:307)&#xD;
	at com.kms.katalon.core.main.TestCaseExecutor.accessMainPhase(TestCaseExecutor.java:299)&#xD;
	at com.kms.katalon.core.main.TestCaseExecutor.execute(TestCaseExecutor.java:233)&#xD;
	at com.kms.katalon.core.main.TestSuiteExecutor.accessTestCaseMainPhase(TestSuiteExecutor.java:133)&#xD;
	at com.kms.katalon.core.main.TestSuiteExecutor.accessTestSuiteMainPhase(TestSuiteExecutor.java:116)&#xD;
	at com.kms.katalon.core.main.TestSuiteExecutor.execute(TestSuiteExecutor.java:83)&#xD;
	at com.kms.katalon.core.main.TestCaseMain.startTestSuite(TestCaseMain.java:157)&#xD;
	at com.kms.katalon.core.main.TestCaseMain$startTestSuite$0.call(Unknown Source)&#xD;
	at TempTestSuite1566900409643.run(TempTestSuite1566900409643.groovy:35)&#xD;
&#xD;
&#xD;
2019-08-27 17:08:47 - [TEST_STEP][PASSED] - random = new java.util.Random(): null&#xD;
&#xD;
2019-08-27 17:08:47 - [TEST_STEP][PASSED] - compareHighestValueFsaDeathVsAddccMax = 50000000000: null&#xD;
&#xD;
2019-08-27 17:08:47 - [TEST_STEP][PASSED] - compareHighestValueFsaDeathVsAddccMin = 15000000001: null&#xD;
&#xD;
2019-08-27 17:08:47 - [TEST_STEP][PASSED] - compareHighestValueFsaDeathVsAddcc = random.nextInt(compareHighestValueFsaDeathVsAddccMax - compareHighestValueFsaDeathVsAddccMin) + compareHighestValueFsaDeathVsAddccMin: null&#xD;
&#xD;
2019-08-27 17:08:47 - [TEST_STEP][PASSED] - println(compareHighestValueFsaDeathVsAddcc): null&#xD;
&#xD;
2019-08-27 17:08:47 - [TEST_STEP][PASSED] - comment("Send request"): Send request&#xD;
&#xD;
2019-08-27 17:08:47 - [MESSAGE][INFO] - Send request&#xD;
&#xD;
2019-08-27 17:08:47 - [TEST_STEP][PASSED] - response = sendRequest(findTestObject("AlterationScoringRuleApps/Financial Non Employee/Non Ultimate/Object Request", ["transactionType":transactionType, "role":role, "increasingFsaFlag":increasingFsaFlag, "pecFlag":pecFlag, "occupationCode":occupationCode, ... ])): Send request successfully&#xD;
&#xD;
2019-08-27 17:08:47 - [MESSAGE][INFO] - HAR: C:\SURYAPURBA\PHS\PHS-BRMS\Reports\FinancialNonEmployee_NonUltimate\20190827_170649\requests\main\80.har&#xD;
&#xD;
2019-08-27 17:08:47 - [MESSAGE][PASSED] - Send request successfully&#xD;
&#xD;
2019-08-27 17:08:47 - [TEST_STEP][PASSED] - slurper = new groovy.json.JsonSlurper(): null&#xD;
&#xD;
2019-08-27 17:08:47 - [TEST_STEP][PASSED] - parseResponse = slurper.parseText(response.getResponseText()): null&#xD;
&#xD;
2019-08-27 17:08:47 - [TEST_STEP][PASSED] - println(parseResponse): null&#xD;
&#xD;
2019-08-27 17:08:47 - [TEST_STEP][PASSED] - attributes = evidenceCode: null&#xD;
&#xD;
2019-08-27 17:08:47 - [TEST_STEP][PASSED] - println(attributes): null&#xD;
&#xD;
2019-08-27 17:08:47 - [TEST_STEP][PASSED] - println(attributes): null&#xD;
&#xD;
2019-08-27 17:08:47 - [TEST_STEP][PASSED] - expected = description == "Butuh LSAR, ABR, BSM, RoC, RNA, Bukti Aset": null&#xD;
&#xD;
2019-08-27 17:08:48 - [TEST_STEP][PASSED] - Start listener action : sampleAfterTestCase: null</system-out>
            <system-err>2019-08-27 17:08:47 - [TEST_CASE][ERROR] - Test Cases/AlterationScoringRuleApps/Financial Non Employee/Non Ultimate/FE5/TC-2 IDR FE5: Test Cases/AlterationScoringRuleApps/Financial Non Employee/Non Ultimate/FE5/TC-2 IDR FE5 FAILED.
Reason:
java.lang.NullPointerException: Cannot get property 'description' on null object&#xD;
	at TC-2 IDR FE5.run(TC-2 IDR FE5:31)&#xD;
	at com.kms.katalon.core.main.ScriptEngine.run(ScriptEngine.java:194)&#xD;
	at com.kms.katalon.core.main.ScriptEngine.runScriptAsRawText(ScriptEngine.java:119)&#xD;
	at com.kms.katalon.core.main.TestCaseExecutor.runScript(TestCaseExecutor.java:337)&#xD;
	at com.kms.katalon.core.main.TestCaseExecutor.doExecute(TestCaseExecutor.java:328)&#xD;
	at com.kms.katalon.core.main.TestCaseExecutor.processExecutionPhase(TestCaseExecutor.java:307)&#xD;
	at com.kms.katalon.core.main.TestCaseExecutor.accessMainPhase(TestCaseExecutor.java:299)&#xD;
	at com.kms.katalon.core.main.TestCaseExecutor.execute(TestCaseExecutor.java:233)&#xD;
	at com.kms.katalon.core.main.TestSuiteExecutor.accessTestCaseMainPhase(TestSuiteExecutor.java:133)&#xD;
	at com.kms.katalon.core.main.TestSuiteExecutor.accessTestSuiteMainPhase(TestSuiteExecutor.java:116)&#xD;
	at com.kms.katalon.core.main.TestSuiteExecutor.execute(TestSuiteExecutor.java:83)&#xD;
	at com.kms.katalon.core.main.TestCaseMain.startTestSuite(TestCaseMain.java:157)&#xD;
	at com.kms.katalon.core.main.TestCaseMain$startTestSuite$0.call(Unknown Source)&#xD;
	at TempTestSuite1566900409643.run(TempTestSuite1566900409643.groovy:35)</system-err>
        </testcase>
        <testcase name="Test Cases/AlterationScoringRuleApps/Financial Non Employee/Non Ultimate/FE5/TC-2 IDR FE5" classname="Test Cases/AlterationScoringRuleApps/Financial Non Employee/Non Ultimate/FE5/TC-2 IDR FE5" status="ERROR">
            <error type="ERROR" message="Test Cases/AlterationScoringRuleApps/Financial Non Employee/Non Ultimate/FE5/TC-2 IDR FE5 FAILED.&#xA;Reason:&#xA;java.lang.NullPointerException: Cannot get property 'description' on null object&#xD;&#xA;&#x9;at TC-2 IDR FE5.run(TC-2 IDR FE5:31)&#xD;&#xA;&#x9;at com.kms.katalon.core.main.ScriptEngine.run(ScriptEngine.java:194)&#xD;&#xA;&#x9;at com.kms.katalon.core.main.ScriptEngine.runScriptAsRawText(ScriptEngine.java:119)&#xD;&#xA;&#x9;at com.kms.katalon.core.main.TestCaseExecutor.runScript(TestCaseExecutor.java:337)&#xD;&#xA;&#x9;at com.kms.katalon.core.main.TestCaseExecutor.doExecute(TestCaseExecutor.java:328)&#xD;&#xA;&#x9;at com.kms.katalon.core.main.TestCaseExecutor.processExecutionPhase(TestCaseExecutor.java:307)&#xD;&#xA;&#x9;at com.kms.katalon.core.main.TestCaseExecutor.accessMainPhase(TestCaseExecutor.java:299)&#xD;&#xA;&#x9;at com.kms.katalon.core.main.TestCaseExecutor.execute(TestCaseExecutor.java:233)&#xD;&#xA;&#x9;at com.kms.katalon.core.main.TestSuiteExecutor.accessTestCaseMainPhase(TestSuiteExecutor.java:133)&#xD;&#xA;&#x9;at com.kms.katalon.core.main.TestSuiteExecutor.accessTestSuiteMainPhase(TestSuiteExecutor.java:116)&#xD;&#xA;&#x9;at com.kms.katalon.core.main.TestSuiteExecutor.execute(TestSuiteExecutor.java:83)&#xD;&#xA;&#x9;at com.kms.katalon.core.main.TestCaseMain.startTestSuite(TestCaseMain.java:157)&#xD;&#xA;&#x9;at com.kms.katalon.core.main.TestCaseMain$startTestSuite$0.call(Unknown Source)&#xD;&#xA;&#x9;at TempTestSuite1566900409643.run(TempTestSuite1566900409643.groovy:35)&#xD;&#xA;"/>
            <system-out>2019-08-27 17:08:48 - [TEST_CASE][ERROR] - Test Cases/AlterationScoringRuleApps/Financial Non Employee/Non Ultimate/FE5/TC-2 IDR FE5: Test Cases/AlterationScoringRuleApps/Financial Non Employee/Non Ultimate/FE5/TC-2 IDR FE5 FAILED.
Reason:
java.lang.NullPointerException: Cannot get property 'description' on null object&#xD;
	at TC-2 IDR FE5.run(TC-2 IDR FE5:31)&#xD;
	at com.kms.katalon.core.main.ScriptEngine.run(ScriptEngine.java:194)&#xD;
	at com.kms.katalon.core.main.ScriptEngine.runScriptAsRawText(ScriptEngine.java:119)&#xD;
	at com.kms.katalon.core.main.TestCaseExecutor.runScript(TestCaseExecutor.java:337)&#xD;
	at com.kms.katalon.core.main.TestCaseExecutor.doExecute(TestCaseExecutor.java:328)&#xD;
	at com.kms.katalon.core.main.TestCaseExecutor.processExecutionPhase(TestCaseExecutor.java:307)&#xD;
	at com.kms.katalon.core.main.TestCaseExecutor.accessMainPhase(TestCaseExecutor.java:299)&#xD;
	at com.kms.katalon.core.main.TestCaseExecutor.execute(TestCaseExecutor.java:233)&#xD;
	at com.kms.katalon.core.main.TestSuiteExecutor.accessTestCaseMainPhase(TestSuiteExecutor.java:133)&#xD;
	at com.kms.katalon.core.main.TestSuiteExecutor.accessTestSuiteMainPhase(TestSuiteExecutor.java:116)&#xD;
	at com.kms.katalon.core.main.TestSuiteExecutor.execute(TestSuiteExecutor.java:83)&#xD;
	at com.kms.katalon.core.main.TestCaseMain.startTestSuite(TestCaseMain.java:157)&#xD;
	at com.kms.katalon.core.main.TestCaseMain$startTestSuite$0.call(Unknown Source)&#xD;
	at TempTestSuite1566900409643.run(TempTestSuite1566900409643.groovy:35)&#xD;
&#xD;
&#xD;
2019-08-27 17:08:48 - [TEST_STEP][PASSED] - random = new java.util.Random(): null&#xD;
&#xD;
2019-08-27 17:08:48 - [TEST_STEP][PASSED] - compareHighestValueFsaDeathVsAddccMax = 50000000000: null&#xD;
&#xD;
2019-08-27 17:08:48 - [TEST_STEP][PASSED] - compareHighestValueFsaDeathVsAddccMin = 15000000001: null&#xD;
&#xD;
2019-08-27 17:08:48 - [TEST_STEP][PASSED] - compareHighestValueFsaDeathVsAddcc = random.nextInt(compareHighestValueFsaDeathVsAddccMax - compareHighestValueFsaDeathVsAddccMin) + compareHighestValueFsaDeathVsAddccMin: null&#xD;
&#xD;
2019-08-27 17:08:48 - [TEST_STEP][PASSED] - println(compareHighestValueFsaDeathVsAddcc): null&#xD;
&#xD;
2019-08-27 17:08:48 - [TEST_STEP][PASSED] - comment("Send request"): Send request&#xD;
&#xD;
2019-08-27 17:08:48 - [MESSAGE][INFO] - Send request&#xD;
&#xD;
2019-08-27 17:08:48 - [TEST_STEP][PASSED] - response = sendRequest(findTestObject("AlterationScoringRuleApps/Financial Non Employee/Non Ultimate/Object Request", ["transactionType":transactionType, "role":role, "increasingFsaFlag":increasingFsaFlag, "pecFlag":pecFlag, "occupationCode":occupationCode, ... ])): Send request successfully&#xD;
&#xD;
2019-08-27 17:08:48 - [MESSAGE][INFO] - HAR: C:\SURYAPURBA\PHS\PHS-BRMS\Reports\FinancialNonEmployee_NonUltimate\20190827_170649\requests\main\81.har&#xD;
&#xD;
2019-08-27 17:08:48 - [MESSAGE][PASSED] - Send request successfully&#xD;
&#xD;
2019-08-27 17:08:50 - [TEST_STEP][PASSED] - slurper = new groovy.json.JsonSlurper(): null&#xD;
&#xD;
2019-08-27 17:08:50 - [TEST_STEP][PASSED] - parseResponse = slurper.parseText(response.getResponseText()): null&#xD;
&#xD;
2019-08-27 17:08:50 - [TEST_STEP][PASSED] - println(parseResponse): null&#xD;
&#xD;
2019-08-27 17:08:50 - [TEST_STEP][PASSED] - attributes = evidenceCode: null&#xD;
&#xD;
2019-08-27 17:08:50 - [TEST_STEP][PASSED] - println(attributes): null&#xD;
&#xD;
2019-08-27 17:08:50 - [TEST_STEP][PASSED] - println(attributes): null&#xD;
&#xD;
2019-08-27 17:08:50 - [TEST_STEP][PASSED] - expected = description == "Butuh LSAR, ABR, BSM, RoC, RNA, Bukti Aset": null&#xD;
&#xD;
2019-08-27 17:08:50 - [TEST_STEP][PASSED] - Start listener action : sampleAfterTestCase: null</system-out>
            <system-err>2019-08-27 17:08:48 - [TEST_CASE][ERROR] - Test Cases/AlterationScoringRuleApps/Financial Non Employee/Non Ultimate/FE5/TC-2 IDR FE5: Test Cases/AlterationScoringRuleApps/Financial Non Employee/Non Ultimate/FE5/TC-2 IDR FE5 FAILED.
Reason:
java.lang.NullPointerException: Cannot get property 'description' on null object&#xD;
	at TC-2 IDR FE5.run(TC-2 IDR FE5:31)&#xD;
	at com.kms.katalon.core.main.ScriptEngine.run(ScriptEngine.java:194)&#xD;
	at com.kms.katalon.core.main.ScriptEngine.runScriptAsRawText(ScriptEngine.java:119)&#xD;
	at com.kms.katalon.core.main.TestCaseExecutor.runScript(TestCaseExecutor.java:337)&#xD;
	at com.kms.katalon.core.main.TestCaseExecutor.doExecute(TestCaseExecutor.java:328)&#xD;
	at com.kms.katalon.core.main.TestCaseExecutor.processExecutionPhase(TestCaseExecutor.java:307)&#xD;
	at com.kms.katalon.core.main.TestCaseExecutor.accessMainPhase(TestCaseExecutor.java:299)&#xD;
	at com.kms.katalon.core.main.TestCaseExecutor.execute(TestCaseExecutor.java:233)&#xD;
	at com.kms.katalon.core.main.TestSuiteExecutor.accessTestCaseMainPhase(TestSuiteExecutor.java:133)&#xD;
	at com.kms.katalon.core.main.TestSuiteExecutor.accessTestSuiteMainPhase(TestSuiteExecutor.java:116)&#xD;
	at com.kms.katalon.core.main.TestSuiteExecutor.execute(TestSuiteExecutor.java:83)&#xD;
	at com.kms.katalon.core.main.TestCaseMain.startTestSuite(TestCaseMain.java:157)&#xD;
	at com.kms.katalon.core.main.TestCaseMain$startTestSuite$0.call(Unknown Source)&#xD;
	at TempTestSuite1566900409643.run(TempTestSuite1566900409643.groovy:35)</system-err>
        </testcase>
        <testcase name="Test Cases/AlterationScoringRuleApps/Financial Non Employee/Non Ultimate/FE5/TC-2 IDR FE5" classname="Test Cases/AlterationScoringRuleApps/Financial Non Employee/Non Ultimate/FE5/TC-2 IDR FE5" status="ERROR">
            <error type="ERROR" message="Test Cases/AlterationScoringRuleApps/Financial Non Employee/Non Ultimate/FE5/TC-2 IDR FE5 FAILED.&#xA;Reason:&#xA;java.lang.NullPointerException: Cannot get property 'description' on null object&#xD;&#xA;&#x9;at TC-2 IDR FE5.run(TC-2 IDR FE5:31)&#xD;&#xA;&#x9;at com.kms.katalon.core.main.ScriptEngine.run(ScriptEngine.java:194)&#xD;&#xA;&#x9;at com.kms.katalon.core.main.ScriptEngine.runScriptAsRawText(ScriptEngine.java:119)&#xD;&#xA;&#x9;at com.kms.katalon.core.main.TestCaseExecutor.runScript(TestCaseExecutor.java:337)&#xD;&#xA;&#x9;at com.kms.katalon.core.main.TestCaseExecutor.doExecute(TestCaseExecutor.java:328)&#xD;&#xA;&#x9;at com.kms.katalon.core.main.TestCaseExecutor.processExecutionPhase(TestCaseExecutor.java:307)&#xD;&#xA;&#x9;at com.kms.katalon.core.main.TestCaseExecutor.accessMainPhase(TestCaseExecutor.java:299)&#xD;&#xA;&#x9;at com.kms.katalon.core.main.TestCaseExecutor.execute(TestCaseExecutor.java:233)&#xD;&#xA;&#x9;at com.kms.katalon.core.main.TestSuiteExecutor.accessTestCaseMainPhase(TestSuiteExecutor.java:133)&#xD;&#xA;&#x9;at com.kms.katalon.core.main.TestSuiteExecutor.accessTestSuiteMainPhase(TestSuiteExecutor.java:116)&#xD;&#xA;&#x9;at com.kms.katalon.core.main.TestSuiteExecutor.execute(TestSuiteExecutor.java:83)&#xD;&#xA;&#x9;at com.kms.katalon.core.main.TestCaseMain.startTestSuite(TestCaseMain.java:157)&#xD;&#xA;&#x9;at com.kms.katalon.core.main.TestCaseMain$startTestSuite$0.call(Unknown Source)&#xD;&#xA;&#x9;at TempTestSuite1566900409643.run(TempTestSuite1566900409643.groovy:35)&#xD;&#xA;"/>
            <system-out>2019-08-27 17:08:51 - [TEST_CASE][ERROR] - Test Cases/AlterationScoringRuleApps/Financial Non Employee/Non Ultimate/FE5/TC-2 IDR FE5: Test Cases/AlterationScoringRuleApps/Financial Non Employee/Non Ultimate/FE5/TC-2 IDR FE5 FAILED.
Reason:
java.lang.NullPointerException: Cannot get property 'description' on null object&#xD;
	at TC-2 IDR FE5.run(TC-2 IDR FE5:31)&#xD;
	at com.kms.katalon.core.main.ScriptEngine.run(ScriptEngine.java:194)&#xD;
	at com.kms.katalon.core.main.ScriptEngine.runScriptAsRawText(ScriptEngine.java:119)&#xD;
	at com.kms.katalon.core.main.TestCaseExecutor.runScript(TestCaseExecutor.java:337)&#xD;
	at com.kms.katalon.core.main.TestCaseExecutor.doExecute(TestCaseExecutor.java:328)&#xD;
	at com.kms.katalon.core.main.TestCaseExecutor.processExecutionPhase(TestCaseExecutor.java:307)&#xD;
	at com.kms.katalon.core.main.TestCaseExecutor.accessMainPhase(TestCaseExecutor.java:299)&#xD;
	at com.kms.katalon.core.main.TestCaseExecutor.execute(TestCaseExecutor.java:233)&#xD;
	at com.kms.katalon.core.main.TestSuiteExecutor.accessTestCaseMainPhase(TestSuiteExecutor.java:133)&#xD;
	at com.kms.katalon.core.main.TestSuiteExecutor.accessTestSuiteMainPhase(TestSuiteExecutor.java:116)&#xD;
	at com.kms.katalon.core.main.TestSuiteExecutor.execute(TestSuiteExecutor.java:83)&#xD;
	at com.kms.katalon.core.main.TestCaseMain.startTestSuite(TestCaseMain.java:157)&#xD;
	at com.kms.katalon.core.main.TestCaseMain$startTestSuite$0.call(Unknown Source)&#xD;
	at TempTestSuite1566900409643.run(TempTestSuite1566900409643.groovy:35)&#xD;
&#xD;
&#xD;
2019-08-27 17:08:52 - [TEST_STEP][PASSED] - random = new java.util.Random(): null&#xD;
&#xD;
2019-08-27 17:08:52 - [TEST_STEP][PASSED] - compareHighestValueFsaDeathVsAddccMax = 50000000000: null&#xD;
&#xD;
2019-08-27 17:08:52 - [TEST_STEP][PASSED] - compareHighestValueFsaDeathVsAddccMin = 15000000001: null&#xD;
&#xD;
2019-08-27 17:08:52 - [TEST_STEP][PASSED] - compareHighestValueFsaDeathVsAddcc = random.nextInt(compareHighestValueFsaDeathVsAddccMax - compareHighestValueFsaDeathVsAddccMin) + compareHighestValueFsaDeathVsAddccMin: null&#xD;
&#xD;
2019-08-27 17:08:52 - [TEST_STEP][PASSED] - println(compareHighestValueFsaDeathVsAddcc): null&#xD;
&#xD;
2019-08-27 17:08:52 - [TEST_STEP][PASSED] - comment("Send request"): Send request&#xD;
&#xD;
2019-08-27 17:08:52 - [MESSAGE][INFO] - Send request&#xD;
&#xD;
2019-08-27 17:08:52 - [TEST_STEP][PASSED] - response = sendRequest(findTestObject("AlterationScoringRuleApps/Financial Non Employee/Non Ultimate/Object Request", ["transactionType":transactionType, "role":role, "increasingFsaFlag":increasingFsaFlag, "pecFlag":pecFlag, "occupationCode":occupationCode, ... ])): Send request successfully&#xD;
&#xD;
2019-08-27 17:08:52 - [MESSAGE][INFO] - HAR: C:\SURYAPURBA\PHS\PHS-BRMS\Reports\FinancialNonEmployee_NonUltimate\20190827_170649\requests\main\82.har&#xD;
&#xD;
2019-08-27 17:08:52 - [MESSAGE][PASSED] - Send request successfully&#xD;
&#xD;
2019-08-27 17:08:52 - [TEST_STEP][PASSED] - slurper = new groovy.json.JsonSlurper(): null&#xD;
&#xD;
2019-08-27 17:08:52 - [TEST_STEP][PASSED] - parseResponse = slurper.parseText(response.getResponseText()): null&#xD;
&#xD;
2019-08-27 17:08:52 - [TEST_STEP][PASSED] - println(parseResponse): null&#xD;
&#xD;
2019-08-27 17:08:52 - [TEST_STEP][PASSED] - attributes = evidenceCode: null&#xD;
&#xD;
2019-08-27 17:08:52 - [TEST_STEP][PASSED] - println(attributes): null&#xD;
&#xD;
2019-08-27 17:08:52 - [TEST_STEP][PASSED] - println(attributes): null&#xD;
&#xD;
2019-08-27 17:08:52 - [TEST_STEP][PASSED] - expected = description == "Butuh LSAR, ABR, BSM, RoC, RNA, Bukti Aset": null&#xD;
&#xD;
2019-08-27 17:08:52 - [TEST_STEP][PASSED] - Start listener action : sampleAfterTestCase: null</system-out>
            <system-err>2019-08-27 17:08:51 - [TEST_CASE][ERROR] - Test Cases/AlterationScoringRuleApps/Financial Non Employee/Non Ultimate/FE5/TC-2 IDR FE5: Test Cases/AlterationScoringRuleApps/Financial Non Employee/Non Ultimate/FE5/TC-2 IDR FE5 FAILED.
Reason:
java.lang.NullPointerException: Cannot get property 'description' on null object&#xD;
	at TC-2 IDR FE5.run(TC-2 IDR FE5:31)&#xD;
	at com.kms.katalon.core.main.ScriptEngine.run(ScriptEngine.java:194)&#xD;
	at com.kms.katalon.core.main.ScriptEngine.runScriptAsRawText(ScriptEngine.java:119)&#xD;
	at com.kms.katalon.core.main.TestCaseExecutor.runScript(TestCaseExecutor.java:337)&#xD;
	at com.kms.katalon.core.main.TestCaseExecutor.doExecute(TestCaseExecutor.java:328)&#xD;
	at com.kms.katalon.core.main.TestCaseExecutor.processExecutionPhase(TestCaseExecutor.java:307)&#xD;
	at com.kms.katalon.core.main.TestCaseExecutor.accessMainPhase(TestCaseExecutor.java:299)&#xD;
	at com.kms.katalon.core.main.TestCaseExecutor.execute(TestCaseExecutor.java:233)&#xD;
	at com.kms.katalon.core.main.TestSuiteExecutor.accessTestCaseMainPhase(TestSuiteExecutor.java:133)&#xD;
	at com.kms.katalon.core.main.TestSuiteExecutor.accessTestSuiteMainPhase(TestSuiteExecutor.java:116)&#xD;
	at com.kms.katalon.core.main.TestSuiteExecutor.execute(TestSuiteExecutor.java:83)&#xD;
	at com.kms.katalon.core.main.TestCaseMain.startTestSuite(TestCaseMain.java:157)&#xD;
	at com.kms.katalon.core.main.TestCaseMain$startTestSuite$0.call(Unknown Source)&#xD;
	at TempTestSuite1566900409643.run(TempTestSuite1566900409643.groovy:35)</system-err>
        </testcase>
        <testcase name="Test Cases/AlterationScoringRuleApps/Financial Non Employee/Non Ultimate/FE5/TC-2 IDR FE5" classname="Test Cases/AlterationScoringRuleApps/Financial Non Employee/Non Ultimate/FE5/TC-2 IDR FE5" status="ERROR">
            <error type="ERROR" message="Test Cases/AlterationScoringRuleApps/Financial Non Employee/Non Ultimate/FE5/TC-2 IDR FE5 FAILED.&#xA;Reason:&#xA;java.lang.NullPointerException: Cannot get property 'description' on null object&#xD;&#xA;&#x9;at TC-2 IDR FE5.run(TC-2 IDR FE5:31)&#xD;&#xA;&#x9;at com.kms.katalon.core.main.ScriptEngine.run(ScriptEngine.java:194)&#xD;&#xA;&#x9;at com.kms.katalon.core.main.ScriptEngine.runScriptAsRawText(ScriptEngine.java:119)&#xD;&#xA;&#x9;at com.kms.katalon.core.main.TestCaseExecutor.runScript(TestCaseExecutor.java:337)&#xD;&#xA;&#x9;at com.kms.katalon.core.main.TestCaseExecutor.doExecute(TestCaseExecutor.java:328)&#xD;&#xA;&#x9;at com.kms.katalon.core.main.TestCaseExecutor.processExecutionPhase(TestCaseExecutor.java:307)&#xD;&#xA;&#x9;at com.kms.katalon.core.main.TestCaseExecutor.accessMainPhase(TestCaseExecutor.java:299)&#xD;&#xA;&#x9;at com.kms.katalon.core.main.TestCaseExecutor.execute(TestCaseExecutor.java:233)&#xD;&#xA;&#x9;at com.kms.katalon.core.main.TestSuiteExecutor.accessTestCaseMainPhase(TestSuiteExecutor.java:133)&#xD;&#xA;&#x9;at com.kms.katalon.core.main.TestSuiteExecutor.accessTestSuiteMainPhase(TestSuiteExecutor.java:116)&#xD;&#xA;&#x9;at com.kms.katalon.core.main.TestSuiteExecutor.execute(TestSuiteExecutor.java:83)&#xD;&#xA;&#x9;at com.kms.katalon.core.main.TestCaseMain.startTestSuite(TestCaseMain.java:157)&#xD;&#xA;&#x9;at com.kms.katalon.core.main.TestCaseMain$startTestSuite$0.call(Unknown Source)&#xD;&#xA;&#x9;at TempTestSuite1566900409643.run(TempTestSuite1566900409643.groovy:35)&#xD;&#xA;"/>
            <system-out>2019-08-27 17:08:54 - [TEST_CASE][ERROR] - Test Cases/AlterationScoringRuleApps/Financial Non Employee/Non Ultimate/FE5/TC-2 IDR FE5: Test Cases/AlterationScoringRuleApps/Financial Non Employee/Non Ultimate/FE5/TC-2 IDR FE5 FAILED.
Reason:
java.lang.NullPointerException: Cannot get property 'description' on null object&#xD;
	at TC-2 IDR FE5.run(TC-2 IDR FE5:31)&#xD;
	at com.kms.katalon.core.main.ScriptEngine.run(ScriptEngine.java:194)&#xD;
	at com.kms.katalon.core.main.ScriptEngine.runScriptAsRawText(ScriptEngine.java:119)&#xD;
	at com.kms.katalon.core.main.TestCaseExecutor.runScript(TestCaseExecutor.java:337)&#xD;
	at com.kms.katalon.core.main.TestCaseExecutor.doExecute(TestCaseExecutor.java:328)&#xD;
	at com.kms.katalon.core.main.TestCaseExecutor.processExecutionPhase(TestCaseExecutor.java:307)&#xD;
	at com.kms.katalon.core.main.TestCaseExecutor.accessMainPhase(TestCaseExecutor.java:299)&#xD;
	at com.kms.katalon.core.main.TestCaseExecutor.execute(TestCaseExecutor.java:233)&#xD;
	at com.kms.katalon.core.main.TestSuiteExecutor.accessTestCaseMainPhase(TestSuiteExecutor.java:133)&#xD;
	at com.kms.katalon.core.main.TestSuiteExecutor.accessTestSuiteMainPhase(TestSuiteExecutor.java:116)&#xD;
	at com.kms.katalon.core.main.TestSuiteExecutor.execute(TestSuiteExecutor.java:83)&#xD;
	at com.kms.katalon.core.main.TestCaseMain.startTestSuite(TestCaseMain.java:157)&#xD;
	at com.kms.katalon.core.main.TestCaseMain$startTestSuite$0.call(Unknown Source)&#xD;
	at TempTestSuite1566900409643.run(TempTestSuite1566900409643.groovy:35)&#xD;
&#xD;
&#xD;
2019-08-27 17:08:55 - [TEST_STEP][PASSED] - random = new java.util.Random(): null&#xD;
&#xD;
2019-08-27 17:08:55 - [TEST_STEP][PASSED] - compareHighestValueFsaDeathVsAddccMax = 50000000000: null&#xD;
&#xD;
2019-08-27 17:08:55 - [TEST_STEP][PASSED] - compareHighestValueFsaDeathVsAddccMin = 15000000001: null&#xD;
&#xD;
2019-08-27 17:08:55 - [TEST_STEP][PASSED] - compareHighestValueFsaDeathVsAddcc = random.nextInt(compareHighestValueFsaDeathVsAddccMax - compareHighestValueFsaDeathVsAddccMin) + compareHighestValueFsaDeathVsAddccMin: null&#xD;
&#xD;
2019-08-27 17:08:55 - [TEST_STEP][PASSED] - println(compareHighestValueFsaDeathVsAddcc): null&#xD;
&#xD;
2019-08-27 17:08:55 - [TEST_STEP][PASSED] - comment("Send request"): Send request&#xD;
&#xD;
2019-08-27 17:08:55 - [MESSAGE][INFO] - Send request&#xD;
&#xD;
2019-08-27 17:08:55 - [TEST_STEP][PASSED] - response = sendRequest(findTestObject("AlterationScoringRuleApps/Financial Non Employee/Non Ultimate/Object Request", ["transactionType":transactionType, "role":role, "increasingFsaFlag":increasingFsaFlag, "pecFlag":pecFlag, "occupationCode":occupationCode, ... ])): Send request successfully&#xD;
&#xD;
2019-08-27 17:08:55 - [MESSAGE][INFO] - HAR: C:\SURYAPURBA\PHS\PHS-BRMS\Reports\FinancialNonEmployee_NonUltimate\20190827_170649\requests\main\83.har&#xD;
&#xD;
2019-08-27 17:08:55 - [MESSAGE][PASSED] - Send request successfully&#xD;
&#xD;
2019-08-27 17:08:55 - [TEST_STEP][PASSED] - slurper = new groovy.json.JsonSlurper(): null&#xD;
&#xD;
2019-08-27 17:08:55 - [TEST_STEP][PASSED] - parseResponse = slurper.parseText(response.getResponseText()): null&#xD;
&#xD;
2019-08-27 17:08:55 - [TEST_STEP][PASSED] - println(parseResponse): null&#xD;
&#xD;
2019-08-27 17:08:55 - [TEST_STEP][PASSED] - attributes = evidenceCode: null&#xD;
&#xD;
2019-08-27 17:08:55 - [TEST_STEP][PASSED] - println(attributes): null&#xD;
&#xD;
2019-08-27 17:08:55 - [TEST_STEP][PASSED] - println(attributes): null&#xD;
&#xD;
2019-08-27 17:08:55 - [TEST_STEP][PASSED] - expected = description == "Butuh LSAR, ABR, BSM, RoC, RNA, Bukti Aset": null&#xD;
&#xD;
2019-08-27 17:08:55 - [TEST_STEP][PASSED] - Start listener action : sampleAfterTestCase: null</system-out>
            <system-err>2019-08-27 17:08:54 - [TEST_CASE][ERROR] - Test Cases/AlterationScoringRuleApps/Financial Non Employee/Non Ultimate/FE5/TC-2 IDR FE5: Test Cases/AlterationScoringRuleApps/Financial Non Employee/Non Ultimate/FE5/TC-2 IDR FE5 FAILED.
Reason:
java.lang.NullPointerException: Cannot get property 'description' on null object&#xD;
	at TC-2 IDR FE5.run(TC-2 IDR FE5:31)&#xD;
	at com.kms.katalon.core.main.ScriptEngine.run(ScriptEngine.java:194)&#xD;
	at com.kms.katalon.core.main.ScriptEngine.runScriptAsRawText(ScriptEngine.java:119)&#xD;
	at com.kms.katalon.core.main.TestCaseExecutor.runScript(TestCaseExecutor.java:337)&#xD;
	at com.kms.katalon.core.main.TestCaseExecutor.doExecute(TestCaseExecutor.java:328)&#xD;
	at com.kms.katalon.core.main.TestCaseExecutor.processExecutionPhase(TestCaseExecutor.java:307)&#xD;
	at com.kms.katalon.core.main.TestCaseExecutor.accessMainPhase(TestCaseExecutor.java:299)&#xD;
	at com.kms.katalon.core.main.TestCaseExecutor.execute(TestCaseExecutor.java:233)&#xD;
	at com.kms.katalon.core.main.TestSuiteExecutor.accessTestCaseMainPhase(TestSuiteExecutor.java:133)&#xD;
	at com.kms.katalon.core.main.TestSuiteExecutor.accessTestSuiteMainPhase(TestSuiteExecutor.java:116)&#xD;
	at com.kms.katalon.core.main.TestSuiteExecutor.execute(TestSuiteExecutor.java:83)&#xD;
	at com.kms.katalon.core.main.TestCaseMain.startTestSuite(TestCaseMain.java:157)&#xD;
	at com.kms.katalon.core.main.TestCaseMain$startTestSuite$0.call(Unknown Source)&#xD;
	at TempTestSuite1566900409643.run(TempTestSuite1566900409643.groovy:35)</system-err>
        </testcase>
        <testcase name="Test Cases/AlterationScoringRuleApps/Financial Non Employee/Non Ultimate/FE6/TC-1 USD FE6" classname="Test Cases/AlterationScoringRuleApps/Financial Non Employee/Non Ultimate/FE6/TC-1 USD FE6" status="ERROR">
            <error type="ERROR" message="Test Cases/AlterationScoringRuleApps/Financial Non Employee/Non Ultimate/FE6/TC-1 USD FE6 FAILED.&#xA;Reason:&#xA;java.lang.NullPointerException: Cannot get property 'description' on null object&#xD;&#xA;&#x9;at TC-1 USD FE6.run(TC-1 USD FE6:27)&#xD;&#xA;&#x9;at com.kms.katalon.core.main.ScriptEngine.run(ScriptEngine.java:194)&#xD;&#xA;&#x9;at com.kms.katalon.core.main.ScriptEngine.runScriptAsRawText(ScriptEngine.java:119)&#xD;&#xA;&#x9;at com.kms.katalon.core.main.TestCaseExecutor.runScript(TestCaseExecutor.java:337)&#xD;&#xA;&#x9;at com.kms.katalon.core.main.TestCaseExecutor.doExecute(TestCaseExecutor.java:328)&#xD;&#xA;&#x9;at com.kms.katalon.core.main.TestCaseExecutor.processExecutionPhase(TestCaseExecutor.java:307)&#xD;&#xA;&#x9;at com.kms.katalon.core.main.TestCaseExecutor.accessMainPhase(TestCaseExecutor.java:299)&#xD;&#xA;&#x9;at com.kms.katalon.core.main.TestCaseExecutor.execute(TestCaseExecutor.java:233)&#xD;&#xA;&#x9;at com.kms.katalon.core.main.TestSuiteExecutor.accessTestCaseMainPhase(TestSuiteExecutor.java:133)&#xD;&#xA;&#x9;at com.kms.katalon.core.main.TestSuiteExecutor.accessTestSuiteMainPhase(TestSuiteExecutor.java:116)&#xD;&#xA;&#x9;at com.kms.katalon.core.main.TestSuiteExecutor.execute(TestSuiteExecutor.java:83)&#xD;&#xA;&#x9;at com.kms.katalon.core.main.TestCaseMain.startTestSuite(TestCaseMain.java:157)&#xD;&#xA;&#x9;at com.kms.katalon.core.main.TestCaseMain$startTestSuite$0.call(Unknown Source)&#xD;&#xA;&#x9;at TempTestSuite1566900409643.run(TempTestSuite1566900409643.groovy:35)&#xD;&#xA;"/>
            <system-out>2019-08-27 17:08:56 - [TEST_CASE][ERROR] - Test Cases/AlterationScoringRuleApps/Financial Non Employee/Non Ultimate/FE6/TC-1 USD FE6: Test Cases/AlterationScoringRuleApps/Financial Non Employee/Non Ultimate/FE6/TC-1 USD FE6 FAILED.
Reason:
java.lang.NullPointerException: Cannot get property 'description' on null object&#xD;
	at TC-1 USD FE6.run(TC-1 USD FE6:27)&#xD;
	at com.kms.katalon.core.main.ScriptEngine.run(ScriptEngine.java:194)&#xD;
	at com.kms.katalon.core.main.ScriptEngine.runScriptAsRawText(ScriptEngine.java:119)&#xD;
	at com.kms.katalon.core.main.TestCaseExecutor.runScript(TestCaseExecutor.java:337)&#xD;
	at com.kms.katalon.core.main.TestCaseExecutor.doExecute(TestCaseExecutor.java:328)&#xD;
	at com.kms.katalon.core.main.TestCaseExecutor.processExecutionPhase(TestCaseExecutor.java:307)&#xD;
	at com.kms.katalon.core.main.TestCaseExecutor.accessMainPhase(TestCaseExecutor.java:299)&#xD;
	at com.kms.katalon.core.main.TestCaseExecutor.execute(TestCaseExecutor.java:233)&#xD;
	at com.kms.katalon.core.main.TestSuiteExecutor.accessTestCaseMainPhase(TestSuiteExecutor.java:133)&#xD;
	at com.kms.katalon.core.main.TestSuiteExecutor.accessTestSuiteMainPhase(TestSuiteExecutor.java:116)&#xD;
	at com.kms.katalon.core.main.TestSuiteExecutor.execute(TestSuiteExecutor.java:83)&#xD;
	at com.kms.katalon.core.main.TestCaseMain.startTestSuite(TestCaseMain.java:157)&#xD;
	at com.kms.katalon.core.main.TestCaseMain$startTestSuite$0.call(Unknown Source)&#xD;
	at TempTestSuite1566900409643.run(TempTestSuite1566900409643.groovy:35)&#xD;
&#xD;
&#xD;
2019-08-27 17:08:56 - [TEST_STEP][PASSED] - random = new java.util.Random(): null&#xD;
&#xD;
2019-08-27 17:08:56 - [TEST_STEP][PASSED] - compareHighestValueFsaDeathVsAddccMin = 6250000: null&#xD;
&#xD;
2019-08-27 17:08:56 - [TEST_STEP][PASSED] - compareHighestValueFsaDeathVsAddcc = random.nextInt(MAX_VALUE - compareHighestValueFsaDeathVsAddccMin) + compareHighestValueFsaDeathVsAddccMin: null&#xD;
&#xD;
2019-08-27 17:08:56 - [TEST_STEP][PASSED] - println(compareHighestValueFsaDeathVsAddcc): null&#xD;
&#xD;
2019-08-27 17:08:56 - [TEST_STEP][PASSED] - comment("Send request"): Send request&#xD;
&#xD;
2019-08-27 17:08:56 - [MESSAGE][INFO] - Send request&#xD;
&#xD;
2019-08-27 17:08:56 - [TEST_STEP][PASSED] - response = sendRequest(findTestObject("AlterationScoringRuleApps/Financial Non Employee/Non Ultimate/Object Request", ["transactionType":transactionType, "role":role, "increasingFsaFlag":increasingFsaFlag, "pecFlag":pecFlag, "occupationCode":occupationCode, ... ])): Send request successfully&#xD;
&#xD;
2019-08-27 17:08:56 - [MESSAGE][INFO] - HAR: C:\SURYAPURBA\PHS\PHS-BRMS\Reports\FinancialNonEmployee_NonUltimate\20190827_170649\requests\main\84.har&#xD;
&#xD;
2019-08-27 17:08:57 - [MESSAGE][PASSED] - Send request successfully&#xD;
&#xD;
2019-08-27 17:08:57 - [TEST_STEP][PASSED] - slurper = new groovy.json.JsonSlurper(): null&#xD;
&#xD;
2019-08-27 17:08:57 - [TEST_STEP][PASSED] - parseResponse = slurper.parseText(response.getResponseText()): null&#xD;
&#xD;
2019-08-27 17:08:57 - [TEST_STEP][PASSED] - println(parseResponse): null&#xD;
&#xD;
2019-08-27 17:08:57 - [TEST_STEP][PASSED] - attributes = evidenceCode: null&#xD;
&#xD;
2019-08-27 17:08:57 - [TEST_STEP][PASSED] - println(attributes): null&#xD;
&#xD;
2019-08-27 17:08:57 - [TEST_STEP][PASSED] - expected = description == "Butuh LSAR, ABR, BSM, RoC, RNA, Bukti Aset, F2F meeting": null&#xD;
&#xD;
2019-08-27 17:08:57 - [TEST_STEP][PASSED] - Start listener action : sampleAfterTestCase: null</system-out>
            <system-err>2019-08-27 17:08:56 - [TEST_CASE][ERROR] - Test Cases/AlterationScoringRuleApps/Financial Non Employee/Non Ultimate/FE6/TC-1 USD FE6: Test Cases/AlterationScoringRuleApps/Financial Non Employee/Non Ultimate/FE6/TC-1 USD FE6 FAILED.
Reason:
java.lang.NullPointerException: Cannot get property 'description' on null object&#xD;
	at TC-1 USD FE6.run(TC-1 USD FE6:27)&#xD;
	at com.kms.katalon.core.main.ScriptEngine.run(ScriptEngine.java:194)&#xD;
	at com.kms.katalon.core.main.ScriptEngine.runScriptAsRawText(ScriptEngine.java:119)&#xD;
	at com.kms.katalon.core.main.TestCaseExecutor.runScript(TestCaseExecutor.java:337)&#xD;
	at com.kms.katalon.core.main.TestCaseExecutor.doExecute(TestCaseExecutor.java:328)&#xD;
	at com.kms.katalon.core.main.TestCaseExecutor.processExecutionPhase(TestCaseExecutor.java:307)&#xD;
	at com.kms.katalon.core.main.TestCaseExecutor.accessMainPhase(TestCaseExecutor.java:299)&#xD;
	at com.kms.katalon.core.main.TestCaseExecutor.execute(TestCaseExecutor.java:233)&#xD;
	at com.kms.katalon.core.main.TestSuiteExecutor.accessTestCaseMainPhase(TestSuiteExecutor.java:133)&#xD;
	at com.kms.katalon.core.main.TestSuiteExecutor.accessTestSuiteMainPhase(TestSuiteExecutor.java:116)&#xD;
	at com.kms.katalon.core.main.TestSuiteExecutor.execute(TestSuiteExecutor.java:83)&#xD;
	at com.kms.katalon.core.main.TestCaseMain.startTestSuite(TestCaseMain.java:157)&#xD;
	at com.kms.katalon.core.main.TestCaseMain$startTestSuite$0.call(Unknown Source)&#xD;
	at TempTestSuite1566900409643.run(TempTestSuite1566900409643.groovy:35)</system-err>
        </testcase>
        <testcase name="Test Cases/AlterationScoringRuleApps/Financial Non Employee/Non Ultimate/FE6/TC-1 USD FE6" classname="Test Cases/AlterationScoringRuleApps/Financial Non Employee/Non Ultimate/FE6/TC-1 USD FE6" status="ERROR">
            <error type="ERROR" message="Test Cases/AlterationScoringRuleApps/Financial Non Employee/Non Ultimate/FE6/TC-1 USD FE6 FAILED.&#xA;Reason:&#xA;java.lang.NullPointerException: Cannot get property 'description' on null object&#xD;&#xA;&#x9;at TC-1 USD FE6.run(TC-1 USD FE6:27)&#xD;&#xA;&#x9;at com.kms.katalon.core.main.ScriptEngine.run(ScriptEngine.java:194)&#xD;&#xA;&#x9;at com.kms.katalon.core.main.ScriptEngine.runScriptAsRawText(ScriptEngine.java:119)&#xD;&#xA;&#x9;at com.kms.katalon.core.main.TestCaseExecutor.runScript(TestCaseExecutor.java:337)&#xD;&#xA;&#x9;at com.kms.katalon.core.main.TestCaseExecutor.doExecute(TestCaseExecutor.java:328)&#xD;&#xA;&#x9;at com.kms.katalon.core.main.TestCaseExecutor.processExecutionPhase(TestCaseExecutor.java:307)&#xD;&#xA;&#x9;at com.kms.katalon.core.main.TestCaseExecutor.accessMainPhase(TestCaseExecutor.java:299)&#xD;&#xA;&#x9;at com.kms.katalon.core.main.TestCaseExecutor.execute(TestCaseExecutor.java:233)&#xD;&#xA;&#x9;at com.kms.katalon.core.main.TestSuiteExecutor.accessTestCaseMainPhase(TestSuiteExecutor.java:133)&#xD;&#xA;&#x9;at com.kms.katalon.core.main.TestSuiteExecutor.accessTestSuiteMainPhase(TestSuiteExecutor.java:116)&#xD;&#xA;&#x9;at com.kms.katalon.core.main.TestSuiteExecutor.execute(TestSuiteExecutor.java:83)&#xD;&#xA;&#x9;at com.kms.katalon.core.main.TestCaseMain.startTestSuite(TestCaseMain.java:157)&#xD;&#xA;&#x9;at com.kms.katalon.core.main.TestCaseMain$startTestSuite$0.call(Unknown Source)&#xD;&#xA;&#x9;at TempTestSuite1566900409643.run(TempTestSuite1566900409643.groovy:35)&#xD;&#xA;"/>
            <system-out>2019-08-27 17:08:58 - [TEST_CASE][ERROR] - Test Cases/AlterationScoringRuleApps/Financial Non Employee/Non Ultimate/FE6/TC-1 USD FE6: Test Cases/AlterationScoringRuleApps/Financial Non Employee/Non Ultimate/FE6/TC-1 USD FE6 FAILED.
Reason:
java.lang.NullPointerException: Cannot get property 'description' on null object&#xD;
	at TC-1 USD FE6.run(TC-1 USD FE6:27)&#xD;
	at com.kms.katalon.core.main.ScriptEngine.run(ScriptEngine.java:194)&#xD;
	at com.kms.katalon.core.main.ScriptEngine.runScriptAsRawText(ScriptEngine.java:119)&#xD;
	at com.kms.katalon.core.main.TestCaseExecutor.runScript(TestCaseExecutor.java:337)&#xD;
	at com.kms.katalon.core.main.TestCaseExecutor.doExecute(TestCaseExecutor.java:328)&#xD;
	at com.kms.katalon.core.main.TestCaseExecutor.processExecutionPhase(TestCaseExecutor.java:307)&#xD;
	at com.kms.katalon.core.main.TestCaseExecutor.accessMainPhase(TestCaseExecutor.java:299)&#xD;
	at com.kms.katalon.core.main.TestCaseExecutor.execute(TestCaseExecutor.java:233)&#xD;
	at com.kms.katalon.core.main.TestSuiteExecutor.accessTestCaseMainPhase(TestSuiteExecutor.java:133)&#xD;
	at com.kms.katalon.core.main.TestSuiteExecutor.accessTestSuiteMainPhase(TestSuiteExecutor.java:116)&#xD;
	at com.kms.katalon.core.main.TestSuiteExecutor.execute(TestSuiteExecutor.java:83)&#xD;
	at com.kms.katalon.core.main.TestCaseMain.startTestSuite(TestCaseMain.java:157)&#xD;
	at com.kms.katalon.core.main.TestCaseMain$startTestSuite$0.call(Unknown Source)&#xD;
	at TempTestSuite1566900409643.run(TempTestSuite1566900409643.groovy:35)&#xD;
&#xD;
&#xD;
2019-08-27 17:09:00 - [TEST_STEP][PASSED] - random = new java.util.Random(): null&#xD;
&#xD;
2019-08-27 17:09:00 - [TEST_STEP][PASSED] - compareHighestValueFsaDeathVsAddccMin = 6250000: null&#xD;
&#xD;
2019-08-27 17:09:00 - [TEST_STEP][PASSED] - compareHighestValueFsaDeathVsAddcc = random.nextInt(MAX_VALUE - compareHighestValueFsaDeathVsAddccMin) + compareHighestValueFsaDeathVsAddccMin: null&#xD;
&#xD;
2019-08-27 17:09:00 - [TEST_STEP][PASSED] - println(compareHighestValueFsaDeathVsAddcc): null&#xD;
&#xD;
2019-08-27 17:09:00 - [TEST_STEP][PASSED] - comment("Send request"): Send request&#xD;
&#xD;
2019-08-27 17:09:00 - [MESSAGE][INFO] - Send request&#xD;
&#xD;
2019-08-27 17:09:00 - [TEST_STEP][PASSED] - response = sendRequest(findTestObject("AlterationScoringRuleApps/Financial Non Employee/Non Ultimate/Object Request", ["transactionType":transactionType, "role":role, "increasingFsaFlag":increasingFsaFlag, "pecFlag":pecFlag, "occupationCode":occupationCode, ... ])): Send request successfully&#xD;
&#xD;
2019-08-27 17:09:00 - [MESSAGE][INFO] - HAR: C:\SURYAPURBA\PHS\PHS-BRMS\Reports\FinancialNonEmployee_NonUltimate\20190827_170649\requests\main\85.har&#xD;
&#xD;
2019-08-27 17:09:00 - [MESSAGE][PASSED] - Send request successfully&#xD;
&#xD;
2019-08-27 17:09:00 - [TEST_STEP][PASSED] - slurper = new groovy.json.JsonSlurper(): null&#xD;
&#xD;
2019-08-27 17:09:00 - [TEST_STEP][PASSED] - parseResponse = slurper.parseText(response.getResponseText()): null&#xD;
&#xD;
2019-08-27 17:09:00 - [TEST_STEP][PASSED] - println(parseResponse): null&#xD;
&#xD;
2019-08-27 17:09:00 - [TEST_STEP][PASSED] - attributes = evidenceCode: null&#xD;
&#xD;
2019-08-27 17:09:00 - [TEST_STEP][PASSED] - println(attributes): null&#xD;
&#xD;
2019-08-27 17:09:00 - [TEST_STEP][PASSED] - expected = description == "Butuh LSAR, ABR, BSM, RoC, RNA, Bukti Aset, F2F meeting": null&#xD;
&#xD;
2019-08-27 17:09:00 - [TEST_STEP][PASSED] - Start listener action : sampleAfterTestCase: null</system-out>
            <system-err>2019-08-27 17:08:58 - [TEST_CASE][ERROR] - Test Cases/AlterationScoringRuleApps/Financial Non Employee/Non Ultimate/FE6/TC-1 USD FE6: Test Cases/AlterationScoringRuleApps/Financial Non Employee/Non Ultimate/FE6/TC-1 USD FE6 FAILED.
Reason:
java.lang.NullPointerException: Cannot get property 'description' on null object&#xD;
	at TC-1 USD FE6.run(TC-1 USD FE6:27)&#xD;
	at com.kms.katalon.core.main.ScriptEngine.run(ScriptEngine.java:194)&#xD;
	at com.kms.katalon.core.main.ScriptEngine.runScriptAsRawText(ScriptEngine.java:119)&#xD;
	at com.kms.katalon.core.main.TestCaseExecutor.runScript(TestCaseExecutor.java:337)&#xD;
	at com.kms.katalon.core.main.TestCaseExecutor.doExecute(TestCaseExecutor.java:328)&#xD;
	at com.kms.katalon.core.main.TestCaseExecutor.processExecutionPhase(TestCaseExecutor.java:307)&#xD;
	at com.kms.katalon.core.main.TestCaseExecutor.accessMainPhase(TestCaseExecutor.java:299)&#xD;
	at com.kms.katalon.core.main.TestCaseExecutor.execute(TestCaseExecutor.java:233)&#xD;
	at com.kms.katalon.core.main.TestSuiteExecutor.accessTestCaseMainPhase(TestSuiteExecutor.java:133)&#xD;
	at com.kms.katalon.core.main.TestSuiteExecutor.accessTestSuiteMainPhase(TestSuiteExecutor.java:116)&#xD;
	at com.kms.katalon.core.main.TestSuiteExecutor.execute(TestSuiteExecutor.java:83)&#xD;
	at com.kms.katalon.core.main.TestCaseMain.startTestSuite(TestCaseMain.java:157)&#xD;
	at com.kms.katalon.core.main.TestCaseMain$startTestSuite$0.call(Unknown Source)&#xD;
	at TempTestSuite1566900409643.run(TempTestSuite1566900409643.groovy:35)</system-err>
        </testcase>
        <testcase name="Test Cases/AlterationScoringRuleApps/Financial Non Employee/Non Ultimate/FE6/TC-1 USD FE6" classname="Test Cases/AlterationScoringRuleApps/Financial Non Employee/Non Ultimate/FE6/TC-1 USD FE6" status="ERROR">
            <error type="ERROR" message="Test Cases/AlterationScoringRuleApps/Financial Non Employee/Non Ultimate/FE6/TC-1 USD FE6 FAILED.&#xA;Reason:&#xA;java.lang.NullPointerException: Cannot get property 'description' on null object&#xD;&#xA;&#x9;at TC-1 USD FE6.run(TC-1 USD FE6:27)&#xD;&#xA;&#x9;at com.kms.katalon.core.main.ScriptEngine.run(ScriptEngine.java:194)&#xD;&#xA;&#x9;at com.kms.katalon.core.main.ScriptEngine.runScriptAsRawText(ScriptEngine.java:119)&#xD;&#xA;&#x9;at com.kms.katalon.core.main.TestCaseExecutor.runScript(TestCaseExecutor.java:337)&#xD;&#xA;&#x9;at com.kms.katalon.core.main.TestCaseExecutor.doExecute(TestCaseExecutor.java:328)&#xD;&#xA;&#x9;at com.kms.katalon.core.main.TestCaseExecutor.processExecutionPhase(TestCaseExecutor.java:307)&#xD;&#xA;&#x9;at com.kms.katalon.core.main.TestCaseExecutor.accessMainPhase(TestCaseExecutor.java:299)&#xD;&#xA;&#x9;at com.kms.katalon.core.main.TestCaseExecutor.execute(TestCaseExecutor.java:233)&#xD;&#xA;&#x9;at com.kms.katalon.core.main.TestSuiteExecutor.accessTestCaseMainPhase(TestSuiteExecutor.java:133)&#xD;&#xA;&#x9;at com.kms.katalon.core.main.TestSuiteExecutor.accessTestSuiteMainPhase(TestSuiteExecutor.java:116)&#xD;&#xA;&#x9;at com.kms.katalon.core.main.TestSuiteExecutor.execute(TestSuiteExecutor.java:83)&#xD;&#xA;&#x9;at com.kms.katalon.core.main.TestCaseMain.startTestSuite(TestCaseMain.java:157)&#xD;&#xA;&#x9;at com.kms.katalon.core.main.TestCaseMain$startTestSuite$0.call(Unknown Source)&#xD;&#xA;&#x9;at TempTestSuite1566900409643.run(TempTestSuite1566900409643.groovy:35)&#xD;&#xA;"/>
            <system-out>2019-08-27 17:09:01 - [TEST_CASE][ERROR] - Test Cases/AlterationScoringRuleApps/Financial Non Employee/Non Ultimate/FE6/TC-1 USD FE6: Test Cases/AlterationScoringRuleApps/Financial Non Employee/Non Ultimate/FE6/TC-1 USD FE6 FAILED.
Reason:
java.lang.NullPointerException: Cannot get property 'description' on null object&#xD;
	at TC-1 USD FE6.run(TC-1 USD FE6:27)&#xD;
	at com.kms.katalon.core.main.ScriptEngine.run(ScriptEngine.java:194)&#xD;
	at com.kms.katalon.core.main.ScriptEngine.runScriptAsRawText(ScriptEngine.java:119)&#xD;
	at com.kms.katalon.core.main.TestCaseExecutor.runScript(TestCaseExecutor.java:337)&#xD;
	at com.kms.katalon.core.main.TestCaseExecutor.doExecute(TestCaseExecutor.java:328)&#xD;
	at com.kms.katalon.core.main.TestCaseExecutor.processExecutionPhase(TestCaseExecutor.java:307)&#xD;
	at com.kms.katalon.core.main.TestCaseExecutor.accessMainPhase(TestCaseExecutor.java:299)&#xD;
	at com.kms.katalon.core.main.TestCaseExecutor.execute(TestCaseExecutor.java:233)&#xD;
	at com.kms.katalon.core.main.TestSuiteExecutor.accessTestCaseMainPhase(TestSuiteExecutor.java:133)&#xD;
	at com.kms.katalon.core.main.TestSuiteExecutor.accessTestSuiteMainPhase(TestSuiteExecutor.java:116)&#xD;
	at com.kms.katalon.core.main.TestSuiteExecutor.execute(TestSuiteExecutor.java:83)&#xD;
	at com.kms.katalon.core.main.TestCaseMain.startTestSuite(TestCaseMain.java:157)&#xD;
	at com.kms.katalon.core.main.TestCaseMain$startTestSuite$0.call(Unknown Source)&#xD;
	at TempTestSuite1566900409643.run(TempTestSuite1566900409643.groovy:35)&#xD;
&#xD;
&#xD;
2019-08-27 17:09:01 - [TEST_STEP][PASSED] - random = new java.util.Random(): null&#xD;
&#xD;
2019-08-27 17:09:01 - [TEST_STEP][PASSED] - compareHighestValueFsaDeathVsAddccMin = 6250000: null&#xD;
&#xD;
2019-08-27 17:09:01 - [TEST_STEP][PASSED] - compareHighestValueFsaDeathVsAddcc = random.nextInt(MAX_VALUE - compareHighestValueFsaDeathVsAddccMin) + compareHighestValueFsaDeathVsAddccMin: null&#xD;
&#xD;
2019-08-27 17:09:01 - [TEST_STEP][PASSED] - println(compareHighestValueFsaDeathVsAddcc): null&#xD;
&#xD;
2019-08-27 17:09:01 - [TEST_STEP][PASSED] - comment("Send request"): Send request&#xD;
&#xD;
2019-08-27 17:09:01 - [MESSAGE][INFO] - Send request&#xD;
&#xD;
2019-08-27 17:09:02 - [TEST_STEP][PASSED] - response = sendRequest(findTestObject("AlterationScoringRuleApps/Financial Non Employee/Non Ultimate/Object Request", ["transactionType":transactionType, "role":role, "increasingFsaFlag":increasingFsaFlag, "pecFlag":pecFlag, "occupationCode":occupationCode, ... ])): Send request successfully&#xD;
&#xD;
2019-08-27 17:09:02 - [MESSAGE][INFO] - HAR: C:\SURYAPURBA\PHS\PHS-BRMS\Reports\FinancialNonEmployee_NonUltimate\20190827_170649\requests\main\86.har&#xD;
&#xD;
2019-08-27 17:09:02 - [MESSAGE][PASSED] - Send request successfully&#xD;
&#xD;
2019-08-27 17:09:02 - [TEST_STEP][PASSED] - slurper = new groovy.json.JsonSlurper(): null&#xD;
&#xD;
2019-08-27 17:09:02 - [TEST_STEP][PASSED] - parseResponse = slurper.parseText(response.getResponseText()): null&#xD;
&#xD;
2019-08-27 17:09:02 - [TEST_STEP][PASSED] - println(parseResponse): null&#xD;
&#xD;
2019-08-27 17:09:02 - [TEST_STEP][PASSED] - attributes = evidenceCode: null&#xD;
&#xD;
2019-08-27 17:09:02 - [TEST_STEP][PASSED] - println(attributes): null&#xD;
&#xD;
2019-08-27 17:09:02 - [TEST_STEP][PASSED] - expected = description == "Butuh LSAR, ABR, BSM, RoC, RNA, Bukti Aset, F2F meeting": null&#xD;
&#xD;
2019-08-27 17:09:02 - [TEST_STEP][PASSED] - Start listener action : sampleAfterTestCase: null</system-out>
            <system-err>2019-08-27 17:09:01 - [TEST_CASE][ERROR] - Test Cases/AlterationScoringRuleApps/Financial Non Employee/Non Ultimate/FE6/TC-1 USD FE6: Test Cases/AlterationScoringRuleApps/Financial Non Employee/Non Ultimate/FE6/TC-1 USD FE6 FAILED.
Reason:
java.lang.NullPointerException: Cannot get property 'description' on null object&#xD;
	at TC-1 USD FE6.run(TC-1 USD FE6:27)&#xD;
	at com.kms.katalon.core.main.ScriptEngine.run(ScriptEngine.java:194)&#xD;
	at com.kms.katalon.core.main.ScriptEngine.runScriptAsRawText(ScriptEngine.java:119)&#xD;
	at com.kms.katalon.core.main.TestCaseExecutor.runScript(TestCaseExecutor.java:337)&#xD;
	at com.kms.katalon.core.main.TestCaseExecutor.doExecute(TestCaseExecutor.java:328)&#xD;
	at com.kms.katalon.core.main.TestCaseExecutor.processExecutionPhase(TestCaseExecutor.java:307)&#xD;
	at com.kms.katalon.core.main.TestCaseExecutor.accessMainPhase(TestCaseExecutor.java:299)&#xD;
	at com.kms.katalon.core.main.TestCaseExecutor.execute(TestCaseExecutor.java:233)&#xD;
	at com.kms.katalon.core.main.TestSuiteExecutor.accessTestCaseMainPhase(TestSuiteExecutor.java:133)&#xD;
	at com.kms.katalon.core.main.TestSuiteExecutor.accessTestSuiteMainPhase(TestSuiteExecutor.java:116)&#xD;
	at com.kms.katalon.core.main.TestSuiteExecutor.execute(TestSuiteExecutor.java:83)&#xD;
	at com.kms.katalon.core.main.TestCaseMain.startTestSuite(TestCaseMain.java:157)&#xD;
	at com.kms.katalon.core.main.TestCaseMain$startTestSuite$0.call(Unknown Source)&#xD;
	at TempTestSuite1566900409643.run(TempTestSuite1566900409643.groovy:35)</system-err>
        </testcase>
        <testcase name="Test Cases/AlterationScoringRuleApps/Financial Non Employee/Non Ultimate/FE6/TC-1 USD FE6" classname="Test Cases/AlterationScoringRuleApps/Financial Non Employee/Non Ultimate/FE6/TC-1 USD FE6" status="ERROR">
            <error type="ERROR" message="Test Cases/AlterationScoringRuleApps/Financial Non Employee/Non Ultimate/FE6/TC-1 USD FE6 FAILED.&#xA;Reason:&#xA;java.lang.NullPointerException: Cannot get property 'description' on null object&#xD;&#xA;&#x9;at TC-1 USD FE6.run(TC-1 USD FE6:27)&#xD;&#xA;&#x9;at com.kms.katalon.core.main.ScriptEngine.run(ScriptEngine.java:194)&#xD;&#xA;&#x9;at com.kms.katalon.core.main.ScriptEngine.runScriptAsRawText(ScriptEngine.java:119)&#xD;&#xA;&#x9;at com.kms.katalon.core.main.TestCaseExecutor.runScript(TestCaseExecutor.java:337)&#xD;&#xA;&#x9;at com.kms.katalon.core.main.TestCaseExecutor.doExecute(TestCaseExecutor.java:328)&#xD;&#xA;&#x9;at com.kms.katalon.core.main.TestCaseExecutor.processExecutionPhase(TestCaseExecutor.java:307)&#xD;&#xA;&#x9;at com.kms.katalon.core.main.TestCaseExecutor.accessMainPhase(TestCaseExecutor.java:299)&#xD;&#xA;&#x9;at com.kms.katalon.core.main.TestCaseExecutor.execute(TestCaseExecutor.java:233)&#xD;&#xA;&#x9;at com.kms.katalon.core.main.TestSuiteExecutor.accessTestCaseMainPhase(TestSuiteExecutor.java:133)&#xD;&#xA;&#x9;at com.kms.katalon.core.main.TestSuiteExecutor.accessTestSuiteMainPhase(TestSuiteExecutor.java:116)&#xD;&#xA;&#x9;at com.kms.katalon.core.main.TestSuiteExecutor.execute(TestSuiteExecutor.java:83)&#xD;&#xA;&#x9;at com.kms.katalon.core.main.TestCaseMain.startTestSuite(TestCaseMain.java:157)&#xD;&#xA;&#x9;at com.kms.katalon.core.main.TestCaseMain$startTestSuite$0.call(Unknown Source)&#xD;&#xA;&#x9;at TempTestSuite1566900409643.run(TempTestSuite1566900409643.groovy:35)&#xD;&#xA;"/>
            <system-out>2019-08-27 17:09:04 - [TEST_CASE][ERROR] - Test Cases/AlterationScoringRuleApps/Financial Non Employee/Non Ultimate/FE6/TC-1 USD FE6: Test Cases/AlterationScoringRuleApps/Financial Non Employee/Non Ultimate/FE6/TC-1 USD FE6 FAILED.
Reason:
java.lang.NullPointerException: Cannot get property 'description' on null object&#xD;
	at TC-1 USD FE6.run(TC-1 USD FE6:27)&#xD;
	at com.kms.katalon.core.main.ScriptEngine.run(ScriptEngine.java:194)&#xD;
	at com.kms.katalon.core.main.ScriptEngine.runScriptAsRawText(ScriptEngine.java:119)&#xD;
	at com.kms.katalon.core.main.TestCaseExecutor.runScript(TestCaseExecutor.java:337)&#xD;
	at com.kms.katalon.core.main.TestCaseExecutor.doExecute(TestCaseExecutor.java:328)&#xD;
	at com.kms.katalon.core.main.TestCaseExecutor.processExecutionPhase(TestCaseExecutor.java:307)&#xD;
	at com.kms.katalon.core.main.TestCaseExecutor.accessMainPhase(TestCaseExecutor.java:299)&#xD;
	at com.kms.katalon.core.main.TestCaseExecutor.execute(TestCaseExecutor.java:233)&#xD;
	at com.kms.katalon.core.main.TestSuiteExecutor.accessTestCaseMainPhase(TestSuiteExecutor.java:133)&#xD;
	at com.kms.katalon.core.main.TestSuiteExecutor.accessTestSuiteMainPhase(TestSuiteExecutor.java:116)&#xD;
	at com.kms.katalon.core.main.TestSuiteExecutor.execute(TestSuiteExecutor.java:83)&#xD;
	at com.kms.katalon.core.main.TestCaseMain.startTestSuite(TestCaseMain.java:157)&#xD;
	at com.kms.katalon.core.main.TestCaseMain$startTestSuite$0.call(Unknown Source)&#xD;
	at TempTestSuite1566900409643.run(TempTestSuite1566900409643.groovy:35)&#xD;
&#xD;
&#xD;
2019-08-27 17:09:04 - [TEST_STEP][PASSED] - random = new java.util.Random(): null&#xD;
&#xD;
2019-08-27 17:09:04 - [TEST_STEP][PASSED] - compareHighestValueFsaDeathVsAddccMin = 6250000: null&#xD;
&#xD;
2019-08-27 17:09:04 - [TEST_STEP][PASSED] - compareHighestValueFsaDeathVsAddcc = random.nextInt(MAX_VALUE - compareHighestValueFsaDeathVsAddccMin) + compareHighestValueFsaDeathVsAddccMin: null&#xD;
&#xD;
2019-08-27 17:09:04 - [TEST_STEP][PASSED] - println(compareHighestValueFsaDeathVsAddcc): null&#xD;
&#xD;
2019-08-27 17:09:04 - [TEST_STEP][PASSED] - comment("Send request"): Send request&#xD;
&#xD;
2019-08-27 17:09:04 - [MESSAGE][INFO] - Send request&#xD;
&#xD;
2019-08-27 17:09:04 - [TEST_STEP][PASSED] - response = sendRequest(findTestObject("AlterationScoringRuleApps/Financial Non Employee/Non Ultimate/Object Request", ["transactionType":transactionType, "role":role, "increasingFsaFlag":increasingFsaFlag, "pecFlag":pecFlag, "occupationCode":occupationCode, ... ])): Send request successfully&#xD;
&#xD;
2019-08-27 17:09:04 - [MESSAGE][INFO] - HAR: C:\SURYAPURBA\PHS\PHS-BRMS\Reports\FinancialNonEmployee_NonUltimate\20190827_170649\requests\main\87.har&#xD;
&#xD;
2019-08-27 17:09:04 - [MESSAGE][PASSED] - Send request successfully&#xD;
&#xD;
2019-08-27 17:09:04 - [TEST_STEP][PASSED] - slurper = new groovy.json.JsonSlurper(): null&#xD;
&#xD;
2019-08-27 17:09:04 - [TEST_STEP][PASSED] - parseResponse = slurper.parseText(response.getResponseText()): null&#xD;
&#xD;
2019-08-27 17:09:04 - [TEST_STEP][PASSED] - println(parseResponse): null&#xD;
&#xD;
2019-08-27 17:09:04 - [TEST_STEP][PASSED] - attributes = evidenceCode: null&#xD;
&#xD;
2019-08-27 17:09:04 - [TEST_STEP][PASSED] - println(attributes): null&#xD;
&#xD;
2019-08-27 17:09:04 - [TEST_STEP][PASSED] - expected = description == "Butuh LSAR, ABR, BSM, RoC, RNA, Bukti Aset, F2F meeting": null&#xD;
&#xD;
2019-08-27 17:09:04 - [TEST_STEP][PASSED] - Start listener action : sampleAfterTestCase: null</system-out>
            <system-err>2019-08-27 17:09:04 - [TEST_CASE][ERROR] - Test Cases/AlterationScoringRuleApps/Financial Non Employee/Non Ultimate/FE6/TC-1 USD FE6: Test Cases/AlterationScoringRuleApps/Financial Non Employee/Non Ultimate/FE6/TC-1 USD FE6 FAILED.
Reason:
java.lang.NullPointerException: Cannot get property 'description' on null object&#xD;
	at TC-1 USD FE6.run(TC-1 USD FE6:27)&#xD;
	at com.kms.katalon.core.main.ScriptEngine.run(ScriptEngine.java:194)&#xD;
	at com.kms.katalon.core.main.ScriptEngine.runScriptAsRawText(ScriptEngine.java:119)&#xD;
	at com.kms.katalon.core.main.TestCaseExecutor.runScript(TestCaseExecutor.java:337)&#xD;
	at com.kms.katalon.core.main.TestCaseExecutor.doExecute(TestCaseExecutor.java:328)&#xD;
	at com.kms.katalon.core.main.TestCaseExecutor.processExecutionPhase(TestCaseExecutor.java:307)&#xD;
	at com.kms.katalon.core.main.TestCaseExecutor.accessMainPhase(TestCaseExecutor.java:299)&#xD;
	at com.kms.katalon.core.main.TestCaseExecutor.execute(TestCaseExecutor.java:233)&#xD;
	at com.kms.katalon.core.main.TestSuiteExecutor.accessTestCaseMainPhase(TestSuiteExecutor.java:133)&#xD;
	at com.kms.katalon.core.main.TestSuiteExecutor.accessTestSuiteMainPhase(TestSuiteExecutor.java:116)&#xD;
	at com.kms.katalon.core.main.TestSuiteExecutor.execute(TestSuiteExecutor.java:83)&#xD;
	at com.kms.katalon.core.main.TestCaseMain.startTestSuite(TestCaseMain.java:157)&#xD;
	at com.kms.katalon.core.main.TestCaseMain$startTestSuite$0.call(Unknown Source)&#xD;
	at TempTestSuite1566900409643.run(TempTestSuite1566900409643.groovy:35)</system-err>
        </testcase>
        <testcase name="Test Cases/AlterationScoringRuleApps/Financial Non Employee/Non Ultimate/FE6/TC-1 USD FE6" classname="Test Cases/AlterationScoringRuleApps/Financial Non Employee/Non Ultimate/FE6/TC-1 USD FE6" status="ERROR">
            <error type="ERROR" message="Test Cases/AlterationScoringRuleApps/Financial Non Employee/Non Ultimate/FE6/TC-1 USD FE6 FAILED.&#xA;Reason:&#xA;java.lang.NullPointerException: Cannot get property 'description' on null object&#xD;&#xA;&#x9;at TC-1 USD FE6.run(TC-1 USD FE6:27)&#xD;&#xA;&#x9;at com.kms.katalon.core.main.ScriptEngine.run(ScriptEngine.java:194)&#xD;&#xA;&#x9;at com.kms.katalon.core.main.ScriptEngine.runScriptAsRawText(ScriptEngine.java:119)&#xD;&#xA;&#x9;at com.kms.katalon.core.main.TestCaseExecutor.runScript(TestCaseExecutor.java:337)&#xD;&#xA;&#x9;at com.kms.katalon.core.main.TestCaseExecutor.doExecute(TestCaseExecutor.java:328)&#xD;&#xA;&#x9;at com.kms.katalon.core.main.TestCaseExecutor.processExecutionPhase(TestCaseExecutor.java:307)&#xD;&#xA;&#x9;at com.kms.katalon.core.main.TestCaseExecutor.accessMainPhase(TestCaseExecutor.java:299)&#xD;&#xA;&#x9;at com.kms.katalon.core.main.TestCaseExecutor.execute(TestCaseExecutor.java:233)&#xD;&#xA;&#x9;at com.kms.katalon.core.main.TestSuiteExecutor.accessTestCaseMainPhase(TestSuiteExecutor.java:133)&#xD;&#xA;&#x9;at com.kms.katalon.core.main.TestSuiteExecutor.accessTestSuiteMainPhase(TestSuiteExecutor.java:116)&#xD;&#xA;&#x9;at com.kms.katalon.core.main.TestSuiteExecutor.execute(TestSuiteExecutor.java:83)&#xD;&#xA;&#x9;at com.kms.katalon.core.main.TestCaseMain.startTestSuite(TestCaseMain.java:157)&#xD;&#xA;&#x9;at com.kms.katalon.core.main.TestCaseMain$startTestSuite$0.call(Unknown Source)&#xD;&#xA;&#x9;at TempTestSuite1566900409643.run(TempTestSuite1566900409643.groovy:35)&#xD;&#xA;"/>
            <system-out>2019-08-27 17:09:06 - [TEST_CASE][ERROR] - Test Cases/AlterationScoringRuleApps/Financial Non Employee/Non Ultimate/FE6/TC-1 USD FE6: Test Cases/AlterationScoringRuleApps/Financial Non Employee/Non Ultimate/FE6/TC-1 USD FE6 FAILED.
Reason:
java.lang.NullPointerException: Cannot get property 'description' on null object&#xD;
	at TC-1 USD FE6.run(TC-1 USD FE6:27)&#xD;
	at com.kms.katalon.core.main.ScriptEngine.run(ScriptEngine.java:194)&#xD;
	at com.kms.katalon.core.main.ScriptEngine.runScriptAsRawText(ScriptEngine.java:119)&#xD;
	at com.kms.katalon.core.main.TestCaseExecutor.runScript(TestCaseExecutor.java:337)&#xD;
	at com.kms.katalon.core.main.TestCaseExecutor.doExecute(TestCaseExecutor.java:328)&#xD;
	at com.kms.katalon.core.main.TestCaseExecutor.processExecutionPhase(TestCaseExecutor.java:307)&#xD;
	at com.kms.katalon.core.main.TestCaseExecutor.accessMainPhase(TestCaseExecutor.java:299)&#xD;
	at com.kms.katalon.core.main.TestCaseExecutor.execute(TestCaseExecutor.java:233)&#xD;
	at com.kms.katalon.core.main.TestSuiteExecutor.accessTestCaseMainPhase(TestSuiteExecutor.java:133)&#xD;
	at com.kms.katalon.core.main.TestSuiteExecutor.accessTestSuiteMainPhase(TestSuiteExecutor.java:116)&#xD;
	at com.kms.katalon.core.main.TestSuiteExecutor.execute(TestSuiteExecutor.java:83)&#xD;
	at com.kms.katalon.core.main.TestCaseMain.startTestSuite(TestCaseMain.java:157)&#xD;
	at com.kms.katalon.core.main.TestCaseMain$startTestSuite$0.call(Unknown Source)&#xD;
	at TempTestSuite1566900409643.run(TempTestSuite1566900409643.groovy:35)&#xD;
&#xD;
&#xD;
2019-08-27 17:09:08 - [TEST_STEP][PASSED] - random = new java.util.Random(): null&#xD;
&#xD;
2019-08-27 17:09:08 - [TEST_STEP][PASSED] - compareHighestValueFsaDeathVsAddccMin = 6250000: null&#xD;
&#xD;
2019-08-27 17:09:08 - [TEST_STEP][PASSED] - compareHighestValueFsaDeathVsAddcc = random.nextInt(MAX_VALUE - compareHighestValueFsaDeathVsAddccMin) + compareHighestValueFsaDeathVsAddccMin: null&#xD;
&#xD;
2019-08-27 17:09:08 - [TEST_STEP][PASSED] - println(compareHighestValueFsaDeathVsAddcc): null&#xD;
&#xD;
2019-08-27 17:09:08 - [TEST_STEP][PASSED] - comment("Send request"): Send request&#xD;
&#xD;
2019-08-27 17:09:08 - [MESSAGE][INFO] - Send request&#xD;
&#xD;
2019-08-27 17:09:08 - [TEST_STEP][PASSED] - response = sendRequest(findTestObject("AlterationScoringRuleApps/Financial Non Employee/Non Ultimate/Object Request", ["transactionType":transactionType, "role":role, "increasingFsaFlag":increasingFsaFlag, "pecFlag":pecFlag, "occupationCode":occupationCode, ... ])): Send request successfully&#xD;
&#xD;
2019-08-27 17:09:08 - [MESSAGE][INFO] - HAR: C:\SURYAPURBA\PHS\PHS-BRMS\Reports\FinancialNonEmployee_NonUltimate\20190827_170649\requests\main\88.har&#xD;
&#xD;
2019-08-27 17:09:08 - [MESSAGE][PASSED] - Send request successfully&#xD;
&#xD;
2019-08-27 17:09:08 - [TEST_STEP][PASSED] - slurper = new groovy.json.JsonSlurper(): null&#xD;
&#xD;
2019-08-27 17:09:08 - [TEST_STEP][PASSED] - parseResponse = slurper.parseText(response.getResponseText()): null&#xD;
&#xD;
2019-08-27 17:09:08 - [TEST_STEP][PASSED] - println(parseResponse): null&#xD;
&#xD;
2019-08-27 17:09:08 - [TEST_STEP][PASSED] - attributes = evidenceCode: null&#xD;
&#xD;
2019-08-27 17:09:08 - [TEST_STEP][PASSED] - println(attributes): null&#xD;
&#xD;
2019-08-27 17:09:08 - [TEST_STEP][PASSED] - expected = description == "Butuh LSAR, ABR, BSM, RoC, RNA, Bukti Aset, F2F meeting": null&#xD;
&#xD;
2019-08-27 17:09:08 - [TEST_STEP][PASSED] - Start listener action : sampleAfterTestCase: null</system-out>
            <system-err>2019-08-27 17:09:06 - [TEST_CASE][ERROR] - Test Cases/AlterationScoringRuleApps/Financial Non Employee/Non Ultimate/FE6/TC-1 USD FE6: Test Cases/AlterationScoringRuleApps/Financial Non Employee/Non Ultimate/FE6/TC-1 USD FE6 FAILED.
Reason:
java.lang.NullPointerException: Cannot get property 'description' on null object&#xD;
	at TC-1 USD FE6.run(TC-1 USD FE6:27)&#xD;
	at com.kms.katalon.core.main.ScriptEngine.run(ScriptEngine.java:194)&#xD;
	at com.kms.katalon.core.main.ScriptEngine.runScriptAsRawText(ScriptEngine.java:119)&#xD;
	at com.kms.katalon.core.main.TestCaseExecutor.runScript(TestCaseExecutor.java:337)&#xD;
	at com.kms.katalon.core.main.TestCaseExecutor.doExecute(TestCaseExecutor.java:328)&#xD;
	at com.kms.katalon.core.main.TestCaseExecutor.processExecutionPhase(TestCaseExecutor.java:307)&#xD;
	at com.kms.katalon.core.main.TestCaseExecutor.accessMainPhase(TestCaseExecutor.java:299)&#xD;
	at com.kms.katalon.core.main.TestCaseExecutor.execute(TestCaseExecutor.java:233)&#xD;
	at com.kms.katalon.core.main.TestSuiteExecutor.accessTestCaseMainPhase(TestSuiteExecutor.java:133)&#xD;
	at com.kms.katalon.core.main.TestSuiteExecutor.accessTestSuiteMainPhase(TestSuiteExecutor.java:116)&#xD;
	at com.kms.katalon.core.main.TestSuiteExecutor.execute(TestSuiteExecutor.java:83)&#xD;
	at com.kms.katalon.core.main.TestCaseMain.startTestSuite(TestCaseMain.java:157)&#xD;
	at com.kms.katalon.core.main.TestCaseMain$startTestSuite$0.call(Unknown Source)&#xD;
	at TempTestSuite1566900409643.run(TempTestSuite1566900409643.groovy:35)</system-err>
        </testcase>
        <testcase name="Test Cases/AlterationScoringRuleApps/Financial Non Employee/Non Ultimate/FE6/TC-1 USD FE6" classname="Test Cases/AlterationScoringRuleApps/Financial Non Employee/Non Ultimate/FE6/TC-1 USD FE6" status="ERROR">
            <error type="ERROR" message="Test Cases/AlterationScoringRuleApps/Financial Non Employee/Non Ultimate/FE6/TC-1 USD FE6 FAILED.&#xA;Reason:&#xA;java.lang.NullPointerException: Cannot get property 'description' on null object&#xD;&#xA;&#x9;at TC-1 USD FE6.run(TC-1 USD FE6:27)&#xD;&#xA;&#x9;at com.kms.katalon.core.main.ScriptEngine.run(ScriptEngine.java:194)&#xD;&#xA;&#x9;at com.kms.katalon.core.main.ScriptEngine.runScriptAsRawText(ScriptEngine.java:119)&#xD;&#xA;&#x9;at com.kms.katalon.core.main.TestCaseExecutor.runScript(TestCaseExecutor.java:337)&#xD;&#xA;&#x9;at com.kms.katalon.core.main.TestCaseExecutor.doExecute(TestCaseExecutor.java:328)&#xD;&#xA;&#x9;at com.kms.katalon.core.main.TestCaseExecutor.processExecutionPhase(TestCaseExecutor.java:307)&#xD;&#xA;&#x9;at com.kms.katalon.core.main.TestCaseExecutor.accessMainPhase(TestCaseExecutor.java:299)&#xD;&#xA;&#x9;at com.kms.katalon.core.main.TestCaseExecutor.execute(TestCaseExecutor.java:233)&#xD;&#xA;&#x9;at com.kms.katalon.core.main.TestSuiteExecutor.accessTestCaseMainPhase(TestSuiteExecutor.java:133)&#xD;&#xA;&#x9;at com.kms.katalon.core.main.TestSuiteExecutor.accessTestSuiteMainPhase(TestSuiteExecutor.java:116)&#xD;&#xA;&#x9;at com.kms.katalon.core.main.TestSuiteExecutor.execute(TestSuiteExecutor.java:83)&#xD;&#xA;&#x9;at com.kms.katalon.core.main.TestCaseMain.startTestSuite(TestCaseMain.java:157)&#xD;&#xA;&#x9;at com.kms.katalon.core.main.TestCaseMain$startTestSuite$0.call(Unknown Source)&#xD;&#xA;&#x9;at TempTestSuite1566900409643.run(TempTestSuite1566900409643.groovy:35)&#xD;&#xA;"/>
            <system-out>2019-08-27 17:09:08 - [TEST_CASE][ERROR] - Test Cases/AlterationScoringRuleApps/Financial Non Employee/Non Ultimate/FE6/TC-1 USD FE6: Test Cases/AlterationScoringRuleApps/Financial Non Employee/Non Ultimate/FE6/TC-1 USD FE6 FAILED.
Reason:
java.lang.NullPointerException: Cannot get property 'description' on null object&#xD;
	at TC-1 USD FE6.run(TC-1 USD FE6:27)&#xD;
	at com.kms.katalon.core.main.ScriptEngine.run(ScriptEngine.java:194)&#xD;
	at com.kms.katalon.core.main.ScriptEngine.runScriptAsRawText(ScriptEngine.java:119)&#xD;
	at com.kms.katalon.core.main.TestCaseExecutor.runScript(TestCaseExecutor.java:337)&#xD;
	at com.kms.katalon.core.main.TestCaseExecutor.doExecute(TestCaseExecutor.java:328)&#xD;
	at com.kms.katalon.core.main.TestCaseExecutor.processExecutionPhase(TestCaseExecutor.java:307)&#xD;
	at com.kms.katalon.core.main.TestCaseExecutor.accessMainPhase(TestCaseExecutor.java:299)&#xD;
	at com.kms.katalon.core.main.TestCaseExecutor.execute(TestCaseExecutor.java:233)&#xD;
	at com.kms.katalon.core.main.TestSuiteExecutor.accessTestCaseMainPhase(TestSuiteExecutor.java:133)&#xD;
	at com.kms.katalon.core.main.TestSuiteExecutor.accessTestSuiteMainPhase(TestSuiteExecutor.java:116)&#xD;
	at com.kms.katalon.core.main.TestSuiteExecutor.execute(TestSuiteExecutor.java:83)&#xD;
	at com.kms.katalon.core.main.TestCaseMain.startTestSuite(TestCaseMain.java:157)&#xD;
	at com.kms.katalon.core.main.TestCaseMain$startTestSuite$0.call(Unknown Source)&#xD;
	at TempTestSuite1566900409643.run(TempTestSuite1566900409643.groovy:35)&#xD;
&#xD;
&#xD;
2019-08-27 17:09:10 - [TEST_STEP][PASSED] - random = new java.util.Random(): null&#xD;
&#xD;
2019-08-27 17:09:10 - [TEST_STEP][PASSED] - compareHighestValueFsaDeathVsAddccMin = 6250000: null&#xD;
&#xD;
2019-08-27 17:09:10 - [TEST_STEP][PASSED] - compareHighestValueFsaDeathVsAddcc = random.nextInt(MAX_VALUE - compareHighestValueFsaDeathVsAddccMin) + compareHighestValueFsaDeathVsAddccMin: null&#xD;
&#xD;
2019-08-27 17:09:10 - [TEST_STEP][PASSED] - println(compareHighestValueFsaDeathVsAddcc): null&#xD;
&#xD;
2019-08-27 17:09:10 - [TEST_STEP][PASSED] - comment("Send request"): Send request&#xD;
&#xD;
2019-08-27 17:09:10 - [MESSAGE][INFO] - Send request&#xD;
&#xD;
2019-08-27 17:09:10 - [TEST_STEP][PASSED] - response = sendRequest(findTestObject("AlterationScoringRuleApps/Financial Non Employee/Non Ultimate/Object Request", ["transactionType":transactionType, "role":role, "increasingFsaFlag":increasingFsaFlag, "pecFlag":pecFlag, "occupationCode":occupationCode, ... ])): Send request successfully&#xD;
&#xD;
2019-08-27 17:09:10 - [MESSAGE][INFO] - HAR: C:\SURYAPURBA\PHS\PHS-BRMS\Reports\FinancialNonEmployee_NonUltimate\20190827_170649\requests\main\89.har&#xD;
&#xD;
2019-08-27 17:09:10 - [MESSAGE][PASSED] - Send request successfully&#xD;
&#xD;
2019-08-27 17:09:10 - [TEST_STEP][PASSED] - slurper = new groovy.json.JsonSlurper(): null&#xD;
&#xD;
2019-08-27 17:09:10 - [TEST_STEP][PASSED] - parseResponse = slurper.parseText(response.getResponseText()): null&#xD;
&#xD;
2019-08-27 17:09:10 - [TEST_STEP][PASSED] - println(parseResponse): null&#xD;
&#xD;
2019-08-27 17:09:10 - [TEST_STEP][PASSED] - attributes = evidenceCode: null&#xD;
&#xD;
2019-08-27 17:09:10 - [TEST_STEP][PASSED] - println(attributes): null&#xD;
&#xD;
2019-08-27 17:09:10 - [TEST_STEP][PASSED] - expected = description == "Butuh LSAR, ABR, BSM, RoC, RNA, Bukti Aset, F2F meeting": null&#xD;
&#xD;
2019-08-27 17:09:11 - [TEST_STEP][PASSED] - Start listener action : sampleAfterTestCase: null</system-out>
            <system-err>2019-08-27 17:09:08 - [TEST_CASE][ERROR] - Test Cases/AlterationScoringRuleApps/Financial Non Employee/Non Ultimate/FE6/TC-1 USD FE6: Test Cases/AlterationScoringRuleApps/Financial Non Employee/Non Ultimate/FE6/TC-1 USD FE6 FAILED.
Reason:
java.lang.NullPointerException: Cannot get property 'description' on null object&#xD;
	at TC-1 USD FE6.run(TC-1 USD FE6:27)&#xD;
	at com.kms.katalon.core.main.ScriptEngine.run(ScriptEngine.java:194)&#xD;
	at com.kms.katalon.core.main.ScriptEngine.runScriptAsRawText(ScriptEngine.java:119)&#xD;
	at com.kms.katalon.core.main.TestCaseExecutor.runScript(TestCaseExecutor.java:337)&#xD;
	at com.kms.katalon.core.main.TestCaseExecutor.doExecute(TestCaseExecutor.java:328)&#xD;
	at com.kms.katalon.core.main.TestCaseExecutor.processExecutionPhase(TestCaseExecutor.java:307)&#xD;
	at com.kms.katalon.core.main.TestCaseExecutor.accessMainPhase(TestCaseExecutor.java:299)&#xD;
	at com.kms.katalon.core.main.TestCaseExecutor.execute(TestCaseExecutor.java:233)&#xD;
	at com.kms.katalon.core.main.TestSuiteExecutor.accessTestCaseMainPhase(TestSuiteExecutor.java:133)&#xD;
	at com.kms.katalon.core.main.TestSuiteExecutor.accessTestSuiteMainPhase(TestSuiteExecutor.java:116)&#xD;
	at com.kms.katalon.core.main.TestSuiteExecutor.execute(TestSuiteExecutor.java:83)&#xD;
	at com.kms.katalon.core.main.TestCaseMain.startTestSuite(TestCaseMain.java:157)&#xD;
	at com.kms.katalon.core.main.TestCaseMain$startTestSuite$0.call(Unknown Source)&#xD;
	at TempTestSuite1566900409643.run(TempTestSuite1566900409643.groovy:35)</system-err>
        </testcase>
        <testcase name="Test Cases/AlterationScoringRuleApps/Financial Non Employee/Non Ultimate/FE6/TC-1 USD FE6" classname="Test Cases/AlterationScoringRuleApps/Financial Non Employee/Non Ultimate/FE6/TC-1 USD FE6" status="ERROR">
            <error type="ERROR" message="Test Cases/AlterationScoringRuleApps/Financial Non Employee/Non Ultimate/FE6/TC-1 USD FE6 FAILED.&#xA;Reason:&#xA;java.lang.NullPointerException: Cannot get property 'description' on null object&#xD;&#xA;&#x9;at TC-1 USD FE6.run(TC-1 USD FE6:27)&#xD;&#xA;&#x9;at com.kms.katalon.core.main.ScriptEngine.run(ScriptEngine.java:194)&#xD;&#xA;&#x9;at com.kms.katalon.core.main.ScriptEngine.runScriptAsRawText(ScriptEngine.java:119)&#xD;&#xA;&#x9;at com.kms.katalon.core.main.TestCaseExecutor.runScript(TestCaseExecutor.java:337)&#xD;&#xA;&#x9;at com.kms.katalon.core.main.TestCaseExecutor.doExecute(TestCaseExecutor.java:328)&#xD;&#xA;&#x9;at com.kms.katalon.core.main.TestCaseExecutor.processExecutionPhase(TestCaseExecutor.java:307)&#xD;&#xA;&#x9;at com.kms.katalon.core.main.TestCaseExecutor.accessMainPhase(TestCaseExecutor.java:299)&#xD;&#xA;&#x9;at com.kms.katalon.core.main.TestCaseExecutor.execute(TestCaseExecutor.java:233)&#xD;&#xA;&#x9;at com.kms.katalon.core.main.TestSuiteExecutor.accessTestCaseMainPhase(TestSuiteExecutor.java:133)&#xD;&#xA;&#x9;at com.kms.katalon.core.main.TestSuiteExecutor.accessTestSuiteMainPhase(TestSuiteExecutor.java:116)&#xD;&#xA;&#x9;at com.kms.katalon.core.main.TestSuiteExecutor.execute(TestSuiteExecutor.java:83)&#xD;&#xA;&#x9;at com.kms.katalon.core.main.TestCaseMain.startTestSuite(TestCaseMain.java:157)&#xD;&#xA;&#x9;at com.kms.katalon.core.main.TestCaseMain$startTestSuite$0.call(Unknown Source)&#xD;&#xA;&#x9;at TempTestSuite1566900409643.run(TempTestSuite1566900409643.groovy:35)&#xD;&#xA;"/>
            <system-out>2019-08-27 17:09:11 - [TEST_CASE][ERROR] - Test Cases/AlterationScoringRuleApps/Financial Non Employee/Non Ultimate/FE6/TC-1 USD FE6: Test Cases/AlterationScoringRuleApps/Financial Non Employee/Non Ultimate/FE6/TC-1 USD FE6 FAILED.
Reason:
java.lang.NullPointerException: Cannot get property 'description' on null object&#xD;
	at TC-1 USD FE6.run(TC-1 USD FE6:27)&#xD;
	at com.kms.katalon.core.main.ScriptEngine.run(ScriptEngine.java:194)&#xD;
	at com.kms.katalon.core.main.ScriptEngine.runScriptAsRawText(ScriptEngine.java:119)&#xD;
	at com.kms.katalon.core.main.TestCaseExecutor.runScript(TestCaseExecutor.java:337)&#xD;
	at com.kms.katalon.core.main.TestCaseExecutor.doExecute(TestCaseExecutor.java:328)&#xD;
	at com.kms.katalon.core.main.TestCaseExecutor.processExecutionPhase(TestCaseExecutor.java:307)&#xD;
	at com.kms.katalon.core.main.TestCaseExecutor.accessMainPhase(TestCaseExecutor.java:299)&#xD;
	at com.kms.katalon.core.main.TestCaseExecutor.execute(TestCaseExecutor.java:233)&#xD;
	at com.kms.katalon.core.main.TestSuiteExecutor.accessTestCaseMainPhase(TestSuiteExecutor.java:133)&#xD;
	at com.kms.katalon.core.main.TestSuiteExecutor.accessTestSuiteMainPhase(TestSuiteExecutor.java:116)&#xD;
	at com.kms.katalon.core.main.TestSuiteExecutor.execute(TestSuiteExecutor.java:83)&#xD;
	at com.kms.katalon.core.main.TestCaseMain.startTestSuite(TestCaseMain.java:157)&#xD;
	at com.kms.katalon.core.main.TestCaseMain$startTestSuite$0.call(Unknown Source)&#xD;
	at TempTestSuite1566900409643.run(TempTestSuite1566900409643.groovy:35)&#xD;
&#xD;
&#xD;
2019-08-27 17:09:11 - [TEST_STEP][PASSED] - random = new java.util.Random(): null&#xD;
&#xD;
2019-08-27 17:09:11 - [TEST_STEP][PASSED] - compareHighestValueFsaDeathVsAddccMin = 6250000: null&#xD;
&#xD;
2019-08-27 17:09:11 - [TEST_STEP][PASSED] - compareHighestValueFsaDeathVsAddcc = random.nextInt(MAX_VALUE - compareHighestValueFsaDeathVsAddccMin) + compareHighestValueFsaDeathVsAddccMin: null&#xD;
&#xD;
2019-08-27 17:09:11 - [TEST_STEP][PASSED] - println(compareHighestValueFsaDeathVsAddcc): null&#xD;
&#xD;
2019-08-27 17:09:11 - [TEST_STEP][PASSED] - comment("Send request"): Send request&#xD;
&#xD;
2019-08-27 17:09:11 - [MESSAGE][INFO] - Send request&#xD;
&#xD;
2019-08-27 17:09:11 - [TEST_STEP][PASSED] - response = sendRequest(findTestObject("AlterationScoringRuleApps/Financial Non Employee/Non Ultimate/Object Request", ["transactionType":transactionType, "role":role, "increasingFsaFlag":increasingFsaFlag, "pecFlag":pecFlag, "occupationCode":occupationCode, ... ])): Send request successfully&#xD;
&#xD;
2019-08-27 17:09:11 - [MESSAGE][INFO] - HAR: C:\SURYAPURBA\PHS\PHS-BRMS\Reports\FinancialNonEmployee_NonUltimate\20190827_170649\requests\main\90.har&#xD;
&#xD;
2019-08-27 17:09:11 - [MESSAGE][PASSED] - Send request successfully&#xD;
&#xD;
2019-08-27 17:09:11 - [TEST_STEP][PASSED] - slurper = new groovy.json.JsonSlurper(): null&#xD;
&#xD;
2019-08-27 17:09:11 - [TEST_STEP][PASSED] - parseResponse = slurper.parseText(response.getResponseText()): null&#xD;
&#xD;
2019-08-27 17:09:11 - [TEST_STEP][PASSED] - println(parseResponse): null&#xD;
&#xD;
2019-08-27 17:09:11 - [TEST_STEP][PASSED] - attributes = evidenceCode: null&#xD;
&#xD;
2019-08-27 17:09:11 - [TEST_STEP][PASSED] - println(attributes): null&#xD;
&#xD;
2019-08-27 17:09:11 - [TEST_STEP][PASSED] - expected = description == "Butuh LSAR, ABR, BSM, RoC, RNA, Bukti Aset, F2F meeting": null&#xD;
&#xD;
2019-08-27 17:09:13 - [TEST_STEP][PASSED] - Start listener action : sampleAfterTestCase: null</system-out>
            <system-err>2019-08-27 17:09:11 - [TEST_CASE][ERROR] - Test Cases/AlterationScoringRuleApps/Financial Non Employee/Non Ultimate/FE6/TC-1 USD FE6: Test Cases/AlterationScoringRuleApps/Financial Non Employee/Non Ultimate/FE6/TC-1 USD FE6 FAILED.
Reason:
java.lang.NullPointerException: Cannot get property 'description' on null object&#xD;
	at TC-1 USD FE6.run(TC-1 USD FE6:27)&#xD;
	at com.kms.katalon.core.main.ScriptEngine.run(ScriptEngine.java:194)&#xD;
	at com.kms.katalon.core.main.ScriptEngine.runScriptAsRawText(ScriptEngine.java:119)&#xD;
	at com.kms.katalon.core.main.TestCaseExecutor.runScript(TestCaseExecutor.java:337)&#xD;
	at com.kms.katalon.core.main.TestCaseExecutor.doExecute(TestCaseExecutor.java:328)&#xD;
	at com.kms.katalon.core.main.TestCaseExecutor.processExecutionPhase(TestCaseExecutor.java:307)&#xD;
	at com.kms.katalon.core.main.TestCaseExecutor.accessMainPhase(TestCaseExecutor.java:299)&#xD;
	at com.kms.katalon.core.main.TestCaseExecutor.execute(TestCaseExecutor.java:233)&#xD;
	at com.kms.katalon.core.main.TestSuiteExecutor.accessTestCaseMainPhase(TestSuiteExecutor.java:133)&#xD;
	at com.kms.katalon.core.main.TestSuiteExecutor.accessTestSuiteMainPhase(TestSuiteExecutor.java:116)&#xD;
	at com.kms.katalon.core.main.TestSuiteExecutor.execute(TestSuiteExecutor.java:83)&#xD;
	at com.kms.katalon.core.main.TestCaseMain.startTestSuite(TestCaseMain.java:157)&#xD;
	at com.kms.katalon.core.main.TestCaseMain$startTestSuite$0.call(Unknown Source)&#xD;
	at TempTestSuite1566900409643.run(TempTestSuite1566900409643.groovy:35)</system-err>
        </testcase>
        <testcase name="Test Cases/AlterationScoringRuleApps/Financial Non Employee/Non Ultimate/FE6/TC-1 USD FE6" classname="Test Cases/AlterationScoringRuleApps/Financial Non Employee/Non Ultimate/FE6/TC-1 USD FE6" status="ERROR">
            <error type="ERROR" message="Test Cases/AlterationScoringRuleApps/Financial Non Employee/Non Ultimate/FE6/TC-1 USD FE6 FAILED.&#xA;Reason:&#xA;java.lang.NullPointerException: Cannot get property 'description' on null object&#xD;&#xA;&#x9;at TC-1 USD FE6.run(TC-1 USD FE6:27)&#xD;&#xA;&#x9;at com.kms.katalon.core.main.ScriptEngine.run(ScriptEngine.java:194)&#xD;&#xA;&#x9;at com.kms.katalon.core.main.ScriptEngine.runScriptAsRawText(ScriptEngine.java:119)&#xD;&#xA;&#x9;at com.kms.katalon.core.main.TestCaseExecutor.runScript(TestCaseExecutor.java:337)&#xD;&#xA;&#x9;at com.kms.katalon.core.main.TestCaseExecutor.doExecute(TestCaseExecutor.java:328)&#xD;&#xA;&#x9;at com.kms.katalon.core.main.TestCaseExecutor.processExecutionPhase(TestCaseExecutor.java:307)&#xD;&#xA;&#x9;at com.kms.katalon.core.main.TestCaseExecutor.accessMainPhase(TestCaseExecutor.java:299)&#xD;&#xA;&#x9;at com.kms.katalon.core.main.TestCaseExecutor.execute(TestCaseExecutor.java:233)&#xD;&#xA;&#x9;at com.kms.katalon.core.main.TestSuiteExecutor.accessTestCaseMainPhase(TestSuiteExecutor.java:133)&#xD;&#xA;&#x9;at com.kms.katalon.core.main.TestSuiteExecutor.accessTestSuiteMainPhase(TestSuiteExecutor.java:116)&#xD;&#xA;&#x9;at com.kms.katalon.core.main.TestSuiteExecutor.execute(TestSuiteExecutor.java:83)&#xD;&#xA;&#x9;at com.kms.katalon.core.main.TestCaseMain.startTestSuite(TestCaseMain.java:157)&#xD;&#xA;&#x9;at com.kms.katalon.core.main.TestCaseMain$startTestSuite$0.call(Unknown Source)&#xD;&#xA;&#x9;at TempTestSuite1566900409643.run(TempTestSuite1566900409643.groovy:35)&#xD;&#xA;"/>
            <system-out>2019-08-27 17:09:13 - [TEST_CASE][ERROR] - Test Cases/AlterationScoringRuleApps/Financial Non Employee/Non Ultimate/FE6/TC-1 USD FE6: Test Cases/AlterationScoringRuleApps/Financial Non Employee/Non Ultimate/FE6/TC-1 USD FE6 FAILED.
Reason:
java.lang.NullPointerException: Cannot get property 'description' on null object&#xD;
	at TC-1 USD FE6.run(TC-1 USD FE6:27)&#xD;
	at com.kms.katalon.core.main.ScriptEngine.run(ScriptEngine.java:194)&#xD;
	at com.kms.katalon.core.main.ScriptEngine.runScriptAsRawText(ScriptEngine.java:119)&#xD;
	at com.kms.katalon.core.main.TestCaseExecutor.runScript(TestCaseExecutor.java:337)&#xD;
	at com.kms.katalon.core.main.TestCaseExecutor.doExecute(TestCaseExecutor.java:328)&#xD;
	at com.kms.katalon.core.main.TestCaseExecutor.processExecutionPhase(TestCaseExecutor.java:307)&#xD;
	at com.kms.katalon.core.main.TestCaseExecutor.accessMainPhase(TestCaseExecutor.java:299)&#xD;
	at com.kms.katalon.core.main.TestCaseExecutor.execute(TestCaseExecutor.java:233)&#xD;
	at com.kms.katalon.core.main.TestSuiteExecutor.accessTestCaseMainPhase(TestSuiteExecutor.java:133)&#xD;
	at com.kms.katalon.core.main.TestSuiteExecutor.accessTestSuiteMainPhase(TestSuiteExecutor.java:116)&#xD;
	at com.kms.katalon.core.main.TestSuiteExecutor.execute(TestSuiteExecutor.java:83)&#xD;
	at com.kms.katalon.core.main.TestCaseMain.startTestSuite(TestCaseMain.java:157)&#xD;
	at com.kms.katalon.core.main.TestCaseMain$startTestSuite$0.call(Unknown Source)&#xD;
	at TempTestSuite1566900409643.run(TempTestSuite1566900409643.groovy:35)&#xD;
&#xD;
&#xD;
2019-08-27 17:09:14 - [TEST_STEP][PASSED] - random = new java.util.Random(): null&#xD;
&#xD;
2019-08-27 17:09:14 - [TEST_STEP][PASSED] - compareHighestValueFsaDeathVsAddccMin = 6250000: null&#xD;
&#xD;
2019-08-27 17:09:14 - [TEST_STEP][PASSED] - compareHighestValueFsaDeathVsAddcc = random.nextInt(MAX_VALUE - compareHighestValueFsaDeathVsAddccMin) + compareHighestValueFsaDeathVsAddccMin: null&#xD;
&#xD;
2019-08-27 17:09:14 - [TEST_STEP][PASSED] - println(compareHighestValueFsaDeathVsAddcc): null&#xD;
&#xD;
2019-08-27 17:09:14 - [TEST_STEP][PASSED] - comment("Send request"): Send request&#xD;
&#xD;
2019-08-27 17:09:14 - [MESSAGE][INFO] - Send request&#xD;
&#xD;
2019-08-27 17:09:14 - [TEST_STEP][PASSED] - response = sendRequest(findTestObject("AlterationScoringRuleApps/Financial Non Employee/Non Ultimate/Object Request", ["transactionType":transactionType, "role":role, "increasingFsaFlag":increasingFsaFlag, "pecFlag":pecFlag, "occupationCode":occupationCode, ... ])): Send request successfully&#xD;
&#xD;
2019-08-27 17:09:14 - [MESSAGE][INFO] - HAR: C:\SURYAPURBA\PHS\PHS-BRMS\Reports\FinancialNonEmployee_NonUltimate\20190827_170649\requests\main\91.har&#xD;
&#xD;
2019-08-27 17:09:14 - [MESSAGE][PASSED] - Send request successfully&#xD;
&#xD;
2019-08-27 17:09:14 - [TEST_STEP][PASSED] - slurper = new groovy.json.JsonSlurper(): null&#xD;
&#xD;
2019-08-27 17:09:14 - [TEST_STEP][PASSED] - parseResponse = slurper.parseText(response.getResponseText()): null&#xD;
&#xD;
2019-08-27 17:09:16 - [TEST_STEP][PASSED] - println(parseResponse): null&#xD;
&#xD;
2019-08-27 17:09:16 - [TEST_STEP][PASSED] - attributes = evidenceCode: null&#xD;
&#xD;
2019-08-27 17:09:16 - [TEST_STEP][PASSED] - println(attributes): null&#xD;
&#xD;
2019-08-27 17:09:16 - [TEST_STEP][PASSED] - expected = description == "Butuh LSAR, ABR, BSM, RoC, RNA, Bukti Aset, F2F meeting": null&#xD;
&#xD;
2019-08-27 17:09:16 - [TEST_STEP][PASSED] - Start listener action : sampleAfterTestCase: null</system-out>
            <system-err>2019-08-27 17:09:13 - [TEST_CASE][ERROR] - Test Cases/AlterationScoringRuleApps/Financial Non Employee/Non Ultimate/FE6/TC-1 USD FE6: Test Cases/AlterationScoringRuleApps/Financial Non Employee/Non Ultimate/FE6/TC-1 USD FE6 FAILED.
Reason:
java.lang.NullPointerException: Cannot get property 'description' on null object&#xD;
	at TC-1 USD FE6.run(TC-1 USD FE6:27)&#xD;
	at com.kms.katalon.core.main.ScriptEngine.run(ScriptEngine.java:194)&#xD;
	at com.kms.katalon.core.main.ScriptEngine.runScriptAsRawText(ScriptEngine.java:119)&#xD;
	at com.kms.katalon.core.main.TestCaseExecutor.runScript(TestCaseExecutor.java:337)&#xD;
	at com.kms.katalon.core.main.TestCaseExecutor.doExecute(TestCaseExecutor.java:328)&#xD;
	at com.kms.katalon.core.main.TestCaseExecutor.processExecutionPhase(TestCaseExecutor.java:307)&#xD;
	at com.kms.katalon.core.main.TestCaseExecutor.accessMainPhase(TestCaseExecutor.java:299)&#xD;
	at com.kms.katalon.core.main.TestCaseExecutor.execute(TestCaseExecutor.java:233)&#xD;
	at com.kms.katalon.core.main.TestSuiteExecutor.accessTestCaseMainPhase(TestSuiteExecutor.java:133)&#xD;
	at com.kms.katalon.core.main.TestSuiteExecutor.accessTestSuiteMainPhase(TestSuiteExecutor.java:116)&#xD;
	at com.kms.katalon.core.main.TestSuiteExecutor.execute(TestSuiteExecutor.java:83)&#xD;
	at com.kms.katalon.core.main.TestCaseMain.startTestSuite(TestCaseMain.java:157)&#xD;
	at com.kms.katalon.core.main.TestCaseMain$startTestSuite$0.call(Unknown Source)&#xD;
	at TempTestSuite1566900409643.run(TempTestSuite1566900409643.groovy:35)</system-err>
        </testcase>
        <testcase name="Test Cases/AlterationScoringRuleApps/Financial Non Employee/Non Ultimate/FE6/TC-1 USD FE6" classname="Test Cases/AlterationScoringRuleApps/Financial Non Employee/Non Ultimate/FE6/TC-1 USD FE6" status="ERROR">
            <error type="ERROR" message="Test Cases/AlterationScoringRuleApps/Financial Non Employee/Non Ultimate/FE6/TC-1 USD FE6 FAILED.&#xA;Reason:&#xA;java.lang.NullPointerException: Cannot get property 'description' on null object&#xD;&#xA;&#x9;at TC-1 USD FE6.run(TC-1 USD FE6:27)&#xD;&#xA;&#x9;at com.kms.katalon.core.main.ScriptEngine.run(ScriptEngine.java:194)&#xD;&#xA;&#x9;at com.kms.katalon.core.main.ScriptEngine.runScriptAsRawText(ScriptEngine.java:119)&#xD;&#xA;&#x9;at com.kms.katalon.core.main.TestCaseExecutor.runScript(TestCaseExecutor.java:337)&#xD;&#xA;&#x9;at com.kms.katalon.core.main.TestCaseExecutor.doExecute(TestCaseExecutor.java:328)&#xD;&#xA;&#x9;at com.kms.katalon.core.main.TestCaseExecutor.processExecutionPhase(TestCaseExecutor.java:307)&#xD;&#xA;&#x9;at com.kms.katalon.core.main.TestCaseExecutor.accessMainPhase(TestCaseExecutor.java:299)&#xD;&#xA;&#x9;at com.kms.katalon.core.main.TestCaseExecutor.execute(TestCaseExecutor.java:233)&#xD;&#xA;&#x9;at com.kms.katalon.core.main.TestSuiteExecutor.accessTestCaseMainPhase(TestSuiteExecutor.java:133)&#xD;&#xA;&#x9;at com.kms.katalon.core.main.TestSuiteExecutor.accessTestSuiteMainPhase(TestSuiteExecutor.java:116)&#xD;&#xA;&#x9;at com.kms.katalon.core.main.TestSuiteExecutor.execute(TestSuiteExecutor.java:83)&#xD;&#xA;&#x9;at com.kms.katalon.core.main.TestCaseMain.startTestSuite(TestCaseMain.java:157)&#xD;&#xA;&#x9;at com.kms.katalon.core.main.TestCaseMain$startTestSuite$0.call(Unknown Source)&#xD;&#xA;&#x9;at TempTestSuite1566900409643.run(TempTestSuite1566900409643.groovy:35)&#xD;&#xA;"/>
            <system-out>2019-08-27 17:09:16 - [TEST_CASE][ERROR] - Test Cases/AlterationScoringRuleApps/Financial Non Employee/Non Ultimate/FE6/TC-1 USD FE6: Test Cases/AlterationScoringRuleApps/Financial Non Employee/Non Ultimate/FE6/TC-1 USD FE6 FAILED.
Reason:
java.lang.NullPointerException: Cannot get property 'description' on null object&#xD;
	at TC-1 USD FE6.run(TC-1 USD FE6:27)&#xD;
	at com.kms.katalon.core.main.ScriptEngine.run(ScriptEngine.java:194)&#xD;
	at com.kms.katalon.core.main.ScriptEngine.runScriptAsRawText(ScriptEngine.java:119)&#xD;
	at com.kms.katalon.core.main.TestCaseExecutor.runScript(TestCaseExecutor.java:337)&#xD;
	at com.kms.katalon.core.main.TestCaseExecutor.doExecute(TestCaseExecutor.java:328)&#xD;
	at com.kms.katalon.core.main.TestCaseExecutor.processExecutionPhase(TestCaseExecutor.java:307)&#xD;
	at com.kms.katalon.core.main.TestCaseExecutor.accessMainPhase(TestCaseExecutor.java:299)&#xD;
	at com.kms.katalon.core.main.TestCaseExecutor.execute(TestCaseExecutor.java:233)&#xD;
	at com.kms.katalon.core.main.TestSuiteExecutor.accessTestCaseMainPhase(TestSuiteExecutor.java:133)&#xD;
	at com.kms.katalon.core.main.TestSuiteExecutor.accessTestSuiteMainPhase(TestSuiteExecutor.java:116)&#xD;
	at com.kms.katalon.core.main.TestSuiteExecutor.execute(TestSuiteExecutor.java:83)&#xD;
	at com.kms.katalon.core.main.TestCaseMain.startTestSuite(TestCaseMain.java:157)&#xD;
	at com.kms.katalon.core.main.TestCaseMain$startTestSuite$0.call(Unknown Source)&#xD;
	at TempTestSuite1566900409643.run(TempTestSuite1566900409643.groovy:35)&#xD;
&#xD;
&#xD;
2019-08-27 17:09:16 - [TEST_STEP][PASSED] - random = new java.util.Random(): null&#xD;
&#xD;
2019-08-27 17:09:16 - [TEST_STEP][PASSED] - compareHighestValueFsaDeathVsAddccMin = 6250000: null&#xD;
&#xD;
2019-08-27 17:09:16 - [TEST_STEP][PASSED] - compareHighestValueFsaDeathVsAddcc = random.nextInt(MAX_VALUE - compareHighestValueFsaDeathVsAddccMin) + compareHighestValueFsaDeathVsAddccMin: null&#xD;
&#xD;
2019-08-27 17:09:16 - [TEST_STEP][PASSED] - println(compareHighestValueFsaDeathVsAddcc): null&#xD;
&#xD;
2019-08-27 17:09:16 - [TEST_STEP][PASSED] - comment("Send request"): Send request&#xD;
&#xD;
2019-08-27 17:09:16 - [MESSAGE][INFO] - Send request&#xD;
&#xD;
2019-08-27 17:09:16 - [TEST_STEP][PASSED] - response = sendRequest(findTestObject("AlterationScoringRuleApps/Financial Non Employee/Non Ultimate/Object Request", ["transactionType":transactionType, "role":role, "increasingFsaFlag":increasingFsaFlag, "pecFlag":pecFlag, "occupationCode":occupationCode, ... ])): Send request successfully&#xD;
&#xD;
2019-08-27 17:09:16 - [MESSAGE][INFO] - HAR: C:\SURYAPURBA\PHS\PHS-BRMS\Reports\FinancialNonEmployee_NonUltimate\20190827_170649\requests\main\92.har&#xD;
&#xD;
2019-08-27 17:09:16 - [MESSAGE][PASSED] - Send request successfully&#xD;
&#xD;
2019-08-27 17:09:16 - [TEST_STEP][PASSED] - slurper = new groovy.json.JsonSlurper(): null&#xD;
&#xD;
2019-08-27 17:09:16 - [TEST_STEP][PASSED] - parseResponse = slurper.parseText(response.getResponseText()): null&#xD;
&#xD;
2019-08-27 17:09:16 - [TEST_STEP][PASSED] - println(parseResponse): null&#xD;
&#xD;
2019-08-27 17:09:16 - [TEST_STEP][PASSED] - attributes = evidenceCode: null&#xD;
&#xD;
2019-08-27 17:09:16 - [TEST_STEP][PASSED] - println(attributes): null&#xD;
&#xD;
2019-08-27 17:09:16 - [TEST_STEP][PASSED] - expected = description == "Butuh LSAR, ABR, BSM, RoC, RNA, Bukti Aset, F2F meeting": null&#xD;
&#xD;
2019-08-27 17:09:17 - [TEST_STEP][PASSED] - Start listener action : sampleAfterTestCase: null</system-out>
            <system-err>2019-08-27 17:09:16 - [TEST_CASE][ERROR] - Test Cases/AlterationScoringRuleApps/Financial Non Employee/Non Ultimate/FE6/TC-1 USD FE6: Test Cases/AlterationScoringRuleApps/Financial Non Employee/Non Ultimate/FE6/TC-1 USD FE6 FAILED.
Reason:
java.lang.NullPointerException: Cannot get property 'description' on null object&#xD;
	at TC-1 USD FE6.run(TC-1 USD FE6:27)&#xD;
	at com.kms.katalon.core.main.ScriptEngine.run(ScriptEngine.java:194)&#xD;
	at com.kms.katalon.core.main.ScriptEngine.runScriptAsRawText(ScriptEngine.java:119)&#xD;
	at com.kms.katalon.core.main.TestCaseExecutor.runScript(TestCaseExecutor.java:337)&#xD;
	at com.kms.katalon.core.main.TestCaseExecutor.doExecute(TestCaseExecutor.java:328)&#xD;
	at com.kms.katalon.core.main.TestCaseExecutor.processExecutionPhase(TestCaseExecutor.java:307)&#xD;
	at com.kms.katalon.core.main.TestCaseExecutor.accessMainPhase(TestCaseExecutor.java:299)&#xD;
	at com.kms.katalon.core.main.TestCaseExecutor.execute(TestCaseExecutor.java:233)&#xD;
	at com.kms.katalon.core.main.TestSuiteExecutor.accessTestCaseMainPhase(TestSuiteExecutor.java:133)&#xD;
	at com.kms.katalon.core.main.TestSuiteExecutor.accessTestSuiteMainPhase(TestSuiteExecutor.java:116)&#xD;
	at com.kms.katalon.core.main.TestSuiteExecutor.execute(TestSuiteExecutor.java:83)&#xD;
	at com.kms.katalon.core.main.TestCaseMain.startTestSuite(TestCaseMain.java:157)&#xD;
	at com.kms.katalon.core.main.TestCaseMain$startTestSuite$0.call(Unknown Source)&#xD;
	at TempTestSuite1566900409643.run(TempTestSuite1566900409643.groovy:35)</system-err>
        </testcase>
        <testcase name="Test Cases/AlterationScoringRuleApps/Financial Non Employee/Non Ultimate/FE6/TC-1 USD FE6" classname="Test Cases/AlterationScoringRuleApps/Financial Non Employee/Non Ultimate/FE6/TC-1 USD FE6" status="ERROR">
            <error type="ERROR" message="Test Cases/AlterationScoringRuleApps/Financial Non Employee/Non Ultimate/FE6/TC-1 USD FE6 FAILED.&#xA;Reason:&#xA;java.lang.NullPointerException: Cannot get property 'description' on null object&#xD;&#xA;&#x9;at TC-1 USD FE6.run(TC-1 USD FE6:27)&#xD;&#xA;&#x9;at com.kms.katalon.core.main.ScriptEngine.run(ScriptEngine.java:194)&#xD;&#xA;&#x9;at com.kms.katalon.core.main.ScriptEngine.runScriptAsRawText(ScriptEngine.java:119)&#xD;&#xA;&#x9;at com.kms.katalon.core.main.TestCaseExecutor.runScript(TestCaseExecutor.java:337)&#xD;&#xA;&#x9;at com.kms.katalon.core.main.TestCaseExecutor.doExecute(TestCaseExecutor.java:328)&#xD;&#xA;&#x9;at com.kms.katalon.core.main.TestCaseExecutor.processExecutionPhase(TestCaseExecutor.java:307)&#xD;&#xA;&#x9;at com.kms.katalon.core.main.TestCaseExecutor.accessMainPhase(TestCaseExecutor.java:299)&#xD;&#xA;&#x9;at com.kms.katalon.core.main.TestCaseExecutor.execute(TestCaseExecutor.java:233)&#xD;&#xA;&#x9;at com.kms.katalon.core.main.TestSuiteExecutor.accessTestCaseMainPhase(TestSuiteExecutor.java:133)&#xD;&#xA;&#x9;at com.kms.katalon.core.main.TestSuiteExecutor.accessTestSuiteMainPhase(TestSuiteExecutor.java:116)&#xD;&#xA;&#x9;at com.kms.katalon.core.main.TestSuiteExecutor.execute(TestSuiteExecutor.java:83)&#xD;&#xA;&#x9;at com.kms.katalon.core.main.TestCaseMain.startTestSuite(TestCaseMain.java:157)&#xD;&#xA;&#x9;at com.kms.katalon.core.main.TestCaseMain$startTestSuite$0.call(Unknown Source)&#xD;&#xA;&#x9;at TempTestSuite1566900409643.run(TempTestSuite1566900409643.groovy:35)&#xD;&#xA;"/>
            <system-out>2019-08-27 17:09:17 - [TEST_CASE][ERROR] - Test Cases/AlterationScoringRuleApps/Financial Non Employee/Non Ultimate/FE6/TC-1 USD FE6: Test Cases/AlterationScoringRuleApps/Financial Non Employee/Non Ultimate/FE6/TC-1 USD FE6 FAILED.
Reason:
java.lang.NullPointerException: Cannot get property 'description' on null object&#xD;
	at TC-1 USD FE6.run(TC-1 USD FE6:27)&#xD;
	at com.kms.katalon.core.main.ScriptEngine.run(ScriptEngine.java:194)&#xD;
	at com.kms.katalon.core.main.ScriptEngine.runScriptAsRawText(ScriptEngine.java:119)&#xD;
	at com.kms.katalon.core.main.TestCaseExecutor.runScript(TestCaseExecutor.java:337)&#xD;
	at com.kms.katalon.core.main.TestCaseExecutor.doExecute(TestCaseExecutor.java:328)&#xD;
	at com.kms.katalon.core.main.TestCaseExecutor.processExecutionPhase(TestCaseExecutor.java:307)&#xD;
	at com.kms.katalon.core.main.TestCaseExecutor.accessMainPhase(TestCaseExecutor.java:299)&#xD;
	at com.kms.katalon.core.main.TestCaseExecutor.execute(TestCaseExecutor.java:233)&#xD;
	at com.kms.katalon.core.main.TestSuiteExecutor.accessTestCaseMainPhase(TestSuiteExecutor.java:133)&#xD;
	at com.kms.katalon.core.main.TestSuiteExecutor.accessTestSuiteMainPhase(TestSuiteExecutor.java:116)&#xD;
	at com.kms.katalon.core.main.TestSuiteExecutor.execute(TestSuiteExecutor.java:83)&#xD;
	at com.kms.katalon.core.main.TestCaseMain.startTestSuite(TestCaseMain.java:157)&#xD;
	at com.kms.katalon.core.main.TestCaseMain$startTestSuite$0.call(Unknown Source)&#xD;
	at TempTestSuite1566900409643.run(TempTestSuite1566900409643.groovy:35)&#xD;
&#xD;
&#xD;
2019-08-27 17:09:18 - [TEST_STEP][PASSED] - random = new java.util.Random(): null&#xD;
&#xD;
2019-08-27 17:09:18 - [TEST_STEP][PASSED] - compareHighestValueFsaDeathVsAddccMin = 6250000: null&#xD;
&#xD;
2019-08-27 17:09:18 - [TEST_STEP][PASSED] - compareHighestValueFsaDeathVsAddcc = random.nextInt(MAX_VALUE - compareHighestValueFsaDeathVsAddccMin) + compareHighestValueFsaDeathVsAddccMin: null&#xD;
&#xD;
2019-08-27 17:09:18 - [TEST_STEP][PASSED] - println(compareHighestValueFsaDeathVsAddcc): null&#xD;
&#xD;
2019-08-27 17:09:18 - [TEST_STEP][PASSED] - comment("Send request"): Send request&#xD;
&#xD;
2019-08-27 17:09:18 - [MESSAGE][INFO] - Send request&#xD;
&#xD;
2019-08-27 17:09:18 - [TEST_STEP][PASSED] - response = sendRequest(findTestObject("AlterationScoringRuleApps/Financial Non Employee/Non Ultimate/Object Request", ["transactionType":transactionType, "role":role, "increasingFsaFlag":increasingFsaFlag, "pecFlag":pecFlag, "occupationCode":occupationCode, ... ])): Send request successfully&#xD;
&#xD;
2019-08-27 17:09:18 - [MESSAGE][INFO] - HAR: C:\SURYAPURBA\PHS\PHS-BRMS\Reports\FinancialNonEmployee_NonUltimate\20190827_170649\requests\main\93.har&#xD;
&#xD;
2019-08-27 17:09:18 - [MESSAGE][PASSED] - Send request successfully&#xD;
&#xD;
2019-08-27 17:09:18 - [TEST_STEP][PASSED] - slurper = new groovy.json.JsonSlurper(): null&#xD;
&#xD;
2019-08-27 17:09:19 - [TEST_STEP][PASSED] - parseResponse = slurper.parseText(response.getResponseText()): null&#xD;
&#xD;
2019-08-27 17:09:19 - [TEST_STEP][PASSED] - println(parseResponse): null&#xD;
&#xD;
2019-08-27 17:09:19 - [TEST_STEP][PASSED] - attributes = evidenceCode: null&#xD;
&#xD;
2019-08-27 17:09:19 - [TEST_STEP][PASSED] - println(attributes): null&#xD;
&#xD;
2019-08-27 17:09:19 - [TEST_STEP][PASSED] - expected = description == "Butuh LSAR, ABR, BSM, RoC, RNA, Bukti Aset, F2F meeting": null&#xD;
&#xD;
2019-08-27 17:09:19 - [TEST_STEP][PASSED] - Start listener action : sampleAfterTestCase: null</system-out>
            <system-err>2019-08-27 17:09:17 - [TEST_CASE][ERROR] - Test Cases/AlterationScoringRuleApps/Financial Non Employee/Non Ultimate/FE6/TC-1 USD FE6: Test Cases/AlterationScoringRuleApps/Financial Non Employee/Non Ultimate/FE6/TC-1 USD FE6 FAILED.
Reason:
java.lang.NullPointerException: Cannot get property 'description' on null object&#xD;
	at TC-1 USD FE6.run(TC-1 USD FE6:27)&#xD;
	at com.kms.katalon.core.main.ScriptEngine.run(ScriptEngine.java:194)&#xD;
	at com.kms.katalon.core.main.ScriptEngine.runScriptAsRawText(ScriptEngine.java:119)&#xD;
	at com.kms.katalon.core.main.TestCaseExecutor.runScript(TestCaseExecutor.java:337)&#xD;
	at com.kms.katalon.core.main.TestCaseExecutor.doExecute(TestCaseExecutor.java:328)&#xD;
	at com.kms.katalon.core.main.TestCaseExecutor.processExecutionPhase(TestCaseExecutor.java:307)&#xD;
	at com.kms.katalon.core.main.TestCaseExecutor.accessMainPhase(TestCaseExecutor.java:299)&#xD;
	at com.kms.katalon.core.main.TestCaseExecutor.execute(TestCaseExecutor.java:233)&#xD;
	at com.kms.katalon.core.main.TestSuiteExecutor.accessTestCaseMainPhase(TestSuiteExecutor.java:133)&#xD;
	at com.kms.katalon.core.main.TestSuiteExecutor.accessTestSuiteMainPhase(TestSuiteExecutor.java:116)&#xD;
	at com.kms.katalon.core.main.TestSuiteExecutor.execute(TestSuiteExecutor.java:83)&#xD;
	at com.kms.katalon.core.main.TestCaseMain.startTestSuite(TestCaseMain.java:157)&#xD;
	at com.kms.katalon.core.main.TestCaseMain$startTestSuite$0.call(Unknown Source)&#xD;
	at TempTestSuite1566900409643.run(TempTestSuite1566900409643.groovy:35)</system-err>
        </testcase>
        <testcase name="Test Cases/AlterationScoringRuleApps/Financial Non Employee/Non Ultimate/FE6/TC-1 USD FE6" classname="Test Cases/AlterationScoringRuleApps/Financial Non Employee/Non Ultimate/FE6/TC-1 USD FE6" status="ERROR">
            <error type="ERROR" message="Test Cases/AlterationScoringRuleApps/Financial Non Employee/Non Ultimate/FE6/TC-1 USD FE6 FAILED.&#xA;Reason:&#xA;java.lang.NullPointerException: Cannot get property 'description' on null object&#xD;&#xA;&#x9;at TC-1 USD FE6.run(TC-1 USD FE6:27)&#xD;&#xA;&#x9;at com.kms.katalon.core.main.ScriptEngine.run(ScriptEngine.java:194)&#xD;&#xA;&#x9;at com.kms.katalon.core.main.ScriptEngine.runScriptAsRawText(ScriptEngine.java:119)&#xD;&#xA;&#x9;at com.kms.katalon.core.main.TestCaseExecutor.runScript(TestCaseExecutor.java:337)&#xD;&#xA;&#x9;at com.kms.katalon.core.main.TestCaseExecutor.doExecute(TestCaseExecutor.java:328)&#xD;&#xA;&#x9;at com.kms.katalon.core.main.TestCaseExecutor.processExecutionPhase(TestCaseExecutor.java:307)&#xD;&#xA;&#x9;at com.kms.katalon.core.main.TestCaseExecutor.accessMainPhase(TestCaseExecutor.java:299)&#xD;&#xA;&#x9;at com.kms.katalon.core.main.TestCaseExecutor.execute(TestCaseExecutor.java:233)&#xD;&#xA;&#x9;at com.kms.katalon.core.main.TestSuiteExecutor.accessTestCaseMainPhase(TestSuiteExecutor.java:133)&#xD;&#xA;&#x9;at com.kms.katalon.core.main.TestSuiteExecutor.accessTestSuiteMainPhase(TestSuiteExecutor.java:116)&#xD;&#xA;&#x9;at com.kms.katalon.core.main.TestSuiteExecutor.execute(TestSuiteExecutor.java:83)&#xD;&#xA;&#x9;at com.kms.katalon.core.main.TestCaseMain.startTestSuite(TestCaseMain.java:157)&#xD;&#xA;&#x9;at com.kms.katalon.core.main.TestCaseMain$startTestSuite$0.call(Unknown Source)&#xD;&#xA;&#x9;at TempTestSuite1566900409643.run(TempTestSuite1566900409643.groovy:35)&#xD;&#xA;"/>
            <system-out>2019-08-27 17:09:21 - [TEST_CASE][ERROR] - Test Cases/AlterationScoringRuleApps/Financial Non Employee/Non Ultimate/FE6/TC-1 USD FE6: Test Cases/AlterationScoringRuleApps/Financial Non Employee/Non Ultimate/FE6/TC-1 USD FE6 FAILED.
Reason:
java.lang.NullPointerException: Cannot get property 'description' on null object&#xD;
	at TC-1 USD FE6.run(TC-1 USD FE6:27)&#xD;
	at com.kms.katalon.core.main.ScriptEngine.run(ScriptEngine.java:194)&#xD;
	at com.kms.katalon.core.main.ScriptEngine.runScriptAsRawText(ScriptEngine.java:119)&#xD;
	at com.kms.katalon.core.main.TestCaseExecutor.runScript(TestCaseExecutor.java:337)&#xD;
	at com.kms.katalon.core.main.TestCaseExecutor.doExecute(TestCaseExecutor.java:328)&#xD;
	at com.kms.katalon.core.main.TestCaseExecutor.processExecutionPhase(TestCaseExecutor.java:307)&#xD;
	at com.kms.katalon.core.main.TestCaseExecutor.accessMainPhase(TestCaseExecutor.java:299)&#xD;
	at com.kms.katalon.core.main.TestCaseExecutor.execute(TestCaseExecutor.java:233)&#xD;
	at com.kms.katalon.core.main.TestSuiteExecutor.accessTestCaseMainPhase(TestSuiteExecutor.java:133)&#xD;
	at com.kms.katalon.core.main.TestSuiteExecutor.accessTestSuiteMainPhase(TestSuiteExecutor.java:116)&#xD;
	at com.kms.katalon.core.main.TestSuiteExecutor.execute(TestSuiteExecutor.java:83)&#xD;
	at com.kms.katalon.core.main.TestCaseMain.startTestSuite(TestCaseMain.java:157)&#xD;
	at com.kms.katalon.core.main.TestCaseMain$startTestSuite$0.call(Unknown Source)&#xD;
	at TempTestSuite1566900409643.run(TempTestSuite1566900409643.groovy:35)&#xD;
&#xD;
&#xD;
2019-08-27 17:09:23 - [TEST_STEP][PASSED] - random = new java.util.Random(): null&#xD;
&#xD;
2019-08-27 17:09:23 - [TEST_STEP][PASSED] - compareHighestValueFsaDeathVsAddccMin = 6250000: null&#xD;
&#xD;
2019-08-27 17:09:23 - [TEST_STEP][PASSED] - compareHighestValueFsaDeathVsAddcc = random.nextInt(MAX_VALUE - compareHighestValueFsaDeathVsAddccMin) + compareHighestValueFsaDeathVsAddccMin: null&#xD;
&#xD;
2019-08-27 17:09:23 - [TEST_STEP][PASSED] - println(compareHighestValueFsaDeathVsAddcc): null&#xD;
&#xD;
2019-08-27 17:09:23 - [TEST_STEP][PASSED] - comment("Send request"): Send request&#xD;
&#xD;
2019-08-27 17:09:23 - [MESSAGE][INFO] - Send request&#xD;
&#xD;
2019-08-27 17:09:23 - [TEST_STEP][PASSED] - response = sendRequest(findTestObject("AlterationScoringRuleApps/Financial Non Employee/Non Ultimate/Object Request", ["transactionType":transactionType, "role":role, "increasingFsaFlag":increasingFsaFlag, "pecFlag":pecFlag, "occupationCode":occupationCode, ... ])): Send request successfully&#xD;
&#xD;
2019-08-27 17:09:23 - [MESSAGE][INFO] - HAR: C:\SURYAPURBA\PHS\PHS-BRMS\Reports\FinancialNonEmployee_NonUltimate\20190827_170649\requests\main\94.har&#xD;
&#xD;
2019-08-27 17:09:23 - [MESSAGE][PASSED] - Send request successfully&#xD;
&#xD;
2019-08-27 17:09:23 - [TEST_STEP][PASSED] - slurper = new groovy.json.JsonSlurper(): null&#xD;
&#xD;
2019-08-27 17:09:23 - [TEST_STEP][PASSED] - parseResponse = slurper.parseText(response.getResponseText()): null&#xD;
&#xD;
2019-08-27 17:09:23 - [TEST_STEP][PASSED] - println(parseResponse): null&#xD;
&#xD;
2019-08-27 17:09:23 - [TEST_STEP][PASSED] - attributes = evidenceCode: null&#xD;
&#xD;
2019-08-27 17:09:23 - [TEST_STEP][PASSED] - println(attributes): null&#xD;
&#xD;
2019-08-27 17:09:23 - [TEST_STEP][PASSED] - expected = description == "Butuh LSAR, ABR, BSM, RoC, RNA, Bukti Aset, F2F meeting": null&#xD;
&#xD;
2019-08-27 17:09:23 - [TEST_STEP][PASSED] - Start listener action : sampleAfterTestCase: null</system-out>
            <system-err>2019-08-27 17:09:21 - [TEST_CASE][ERROR] - Test Cases/AlterationScoringRuleApps/Financial Non Employee/Non Ultimate/FE6/TC-1 USD FE6: Test Cases/AlterationScoringRuleApps/Financial Non Employee/Non Ultimate/FE6/TC-1 USD FE6 FAILED.
Reason:
java.lang.NullPointerException: Cannot get property 'description' on null object&#xD;
	at TC-1 USD FE6.run(TC-1 USD FE6:27)&#xD;
	at com.kms.katalon.core.main.ScriptEngine.run(ScriptEngine.java:194)&#xD;
	at com.kms.katalon.core.main.ScriptEngine.runScriptAsRawText(ScriptEngine.java:119)&#xD;
	at com.kms.katalon.core.main.TestCaseExecutor.runScript(TestCaseExecutor.java:337)&#xD;
	at com.kms.katalon.core.main.TestCaseExecutor.doExecute(TestCaseExecutor.java:328)&#xD;
	at com.kms.katalon.core.main.TestCaseExecutor.processExecutionPhase(TestCaseExecutor.java:307)&#xD;
	at com.kms.katalon.core.main.TestCaseExecutor.accessMainPhase(TestCaseExecutor.java:299)&#xD;
	at com.kms.katalon.core.main.TestCaseExecutor.execute(TestCaseExecutor.java:233)&#xD;
	at com.kms.katalon.core.main.TestSuiteExecutor.accessTestCaseMainPhase(TestSuiteExecutor.java:133)&#xD;
	at com.kms.katalon.core.main.TestSuiteExecutor.accessTestSuiteMainPhase(TestSuiteExecutor.java:116)&#xD;
	at com.kms.katalon.core.main.TestSuiteExecutor.execute(TestSuiteExecutor.java:83)&#xD;
	at com.kms.katalon.core.main.TestCaseMain.startTestSuite(TestCaseMain.java:157)&#xD;
	at com.kms.katalon.core.main.TestCaseMain$startTestSuite$0.call(Unknown Source)&#xD;
	at TempTestSuite1566900409643.run(TempTestSuite1566900409643.groovy:35)</system-err>
        </testcase>
        <testcase name="Test Cases/AlterationScoringRuleApps/Financial Non Employee/Non Ultimate/FE6/TC-1 USD FE6" classname="Test Cases/AlterationScoringRuleApps/Financial Non Employee/Non Ultimate/FE6/TC-1 USD FE6" status="ERROR">
            <error type="ERROR" message="Test Cases/AlterationScoringRuleApps/Financial Non Employee/Non Ultimate/FE6/TC-1 USD FE6 FAILED.&#xA;Reason:&#xA;java.lang.NullPointerException: Cannot get property 'description' on null object&#xD;&#xA;&#x9;at TC-1 USD FE6.run(TC-1 USD FE6:27)&#xD;&#xA;&#x9;at com.kms.katalon.core.main.ScriptEngine.run(ScriptEngine.java:194)&#xD;&#xA;&#x9;at com.kms.katalon.core.main.ScriptEngine.runScriptAsRawText(ScriptEngine.java:119)&#xD;&#xA;&#x9;at com.kms.katalon.core.main.TestCaseExecutor.runScript(TestCaseExecutor.java:337)&#xD;&#xA;&#x9;at com.kms.katalon.core.main.TestCaseExecutor.doExecute(TestCaseExecutor.java:328)&#xD;&#xA;&#x9;at com.kms.katalon.core.main.TestCaseExecutor.processExecutionPhase(TestCaseExecutor.java:307)&#xD;&#xA;&#x9;at com.kms.katalon.core.main.TestCaseExecutor.accessMainPhase(TestCaseExecutor.java:299)&#xD;&#xA;&#x9;at com.kms.katalon.core.main.TestCaseExecutor.execute(TestCaseExecutor.java:233)&#xD;&#xA;&#x9;at com.kms.katalon.core.main.TestSuiteExecutor.accessTestCaseMainPhase(TestSuiteExecutor.java:133)&#xD;&#xA;&#x9;at com.kms.katalon.core.main.TestSuiteExecutor.accessTestSuiteMainPhase(TestSuiteExecutor.java:116)&#xD;&#xA;&#x9;at com.kms.katalon.core.main.TestSuiteExecutor.execute(TestSuiteExecutor.java:83)&#xD;&#xA;&#x9;at com.kms.katalon.core.main.TestCaseMain.startTestSuite(TestCaseMain.java:157)&#xD;&#xA;&#x9;at com.kms.katalon.core.main.TestCaseMain$startTestSuite$0.call(Unknown Source)&#xD;&#xA;&#x9;at TempTestSuite1566900409643.run(TempTestSuite1566900409643.groovy:35)&#xD;&#xA;"/>
            <system-out>2019-08-27 17:09:24 - [TEST_CASE][ERROR] - Test Cases/AlterationScoringRuleApps/Financial Non Employee/Non Ultimate/FE6/TC-1 USD FE6: Test Cases/AlterationScoringRuleApps/Financial Non Employee/Non Ultimate/FE6/TC-1 USD FE6 FAILED.
Reason:
java.lang.NullPointerException: Cannot get property 'description' on null object&#xD;
	at TC-1 USD FE6.run(TC-1 USD FE6:27)&#xD;
	at com.kms.katalon.core.main.ScriptEngine.run(ScriptEngine.java:194)&#xD;
	at com.kms.katalon.core.main.ScriptEngine.runScriptAsRawText(ScriptEngine.java:119)&#xD;
	at com.kms.katalon.core.main.TestCaseExecutor.runScript(TestCaseExecutor.java:337)&#xD;
	at com.kms.katalon.core.main.TestCaseExecutor.doExecute(TestCaseExecutor.java:328)&#xD;
	at com.kms.katalon.core.main.TestCaseExecutor.processExecutionPhase(TestCaseExecutor.java:307)&#xD;
	at com.kms.katalon.core.main.TestCaseExecutor.accessMainPhase(TestCaseExecutor.java:299)&#xD;
	at com.kms.katalon.core.main.TestCaseExecutor.execute(TestCaseExecutor.java:233)&#xD;
	at com.kms.katalon.core.main.TestSuiteExecutor.accessTestCaseMainPhase(TestSuiteExecutor.java:133)&#xD;
	at com.kms.katalon.core.main.TestSuiteExecutor.accessTestSuiteMainPhase(TestSuiteExecutor.java:116)&#xD;
	at com.kms.katalon.core.main.TestSuiteExecutor.execute(TestSuiteExecutor.java:83)&#xD;
	at com.kms.katalon.core.main.TestCaseMain.startTestSuite(TestCaseMain.java:157)&#xD;
	at com.kms.katalon.core.main.TestCaseMain$startTestSuite$0.call(Unknown Source)&#xD;
	at TempTestSuite1566900409643.run(TempTestSuite1566900409643.groovy:35)&#xD;
&#xD;
&#xD;
2019-08-27 17:09:24 - [TEST_STEP][PASSED] - random = new java.util.Random(): null&#xD;
&#xD;
2019-08-27 17:09:24 - [TEST_STEP][PASSED] - compareHighestValueFsaDeathVsAddccMin = 6250000: null&#xD;
&#xD;
2019-08-27 17:09:24 - [TEST_STEP][PASSED] - compareHighestValueFsaDeathVsAddcc = random.nextInt(MAX_VALUE - compareHighestValueFsaDeathVsAddccMin) + compareHighestValueFsaDeathVsAddccMin: null&#xD;
&#xD;
2019-08-27 17:09:24 - [TEST_STEP][PASSED] - println(compareHighestValueFsaDeathVsAddcc): null&#xD;
&#xD;
2019-08-27 17:09:24 - [TEST_STEP][PASSED] - comment("Send request"): Send request&#xD;
&#xD;
2019-08-27 17:09:24 - [MESSAGE][INFO] - Send request&#xD;
&#xD;
2019-08-27 17:09:24 - [TEST_STEP][PASSED] - response = sendRequest(findTestObject("AlterationScoringRuleApps/Financial Non Employee/Non Ultimate/Object Request", ["transactionType":transactionType, "role":role, "increasingFsaFlag":increasingFsaFlag, "pecFlag":pecFlag, "occupationCode":occupationCode, ... ])): Send request successfully&#xD;
&#xD;
2019-08-27 17:09:24 - [MESSAGE][INFO] - HAR: C:\SURYAPURBA\PHS\PHS-BRMS\Reports\FinancialNonEmployee_NonUltimate\20190827_170649\requests\main\95.har&#xD;
&#xD;
2019-08-27 17:09:24 - [MESSAGE][PASSED] - Send request successfully&#xD;
&#xD;
2019-08-27 17:09:25 - [TEST_STEP][PASSED] - slurper = new groovy.json.JsonSlurper(): null&#xD;
&#xD;
2019-08-27 17:09:26 - [TEST_STEP][PASSED] - parseResponse = slurper.parseText(response.getResponseText()): null&#xD;
&#xD;
2019-08-27 17:09:26 - [TEST_STEP][PASSED] - println(parseResponse): null&#xD;
&#xD;
2019-08-27 17:09:26 - [TEST_STEP][PASSED] - attributes = evidenceCode: null&#xD;
&#xD;
2019-08-27 17:09:26 - [TEST_STEP][PASSED] - println(attributes): null&#xD;
&#xD;
2019-08-27 17:09:26 - [TEST_STEP][PASSED] - expected = description == "Butuh LSAR, ABR, BSM, RoC, RNA, Bukti Aset, F2F meeting": null&#xD;
&#xD;
2019-08-27 17:09:27 - [TEST_STEP][PASSED] - Start listener action : sampleAfterTestCase: null</system-out>
            <system-err>2019-08-27 17:09:24 - [TEST_CASE][ERROR] - Test Cases/AlterationScoringRuleApps/Financial Non Employee/Non Ultimate/FE6/TC-1 USD FE6: Test Cases/AlterationScoringRuleApps/Financial Non Employee/Non Ultimate/FE6/TC-1 USD FE6 FAILED.
Reason:
java.lang.NullPointerException: Cannot get property 'description' on null object&#xD;
	at TC-1 USD FE6.run(TC-1 USD FE6:27)&#xD;
	at com.kms.katalon.core.main.ScriptEngine.run(ScriptEngine.java:194)&#xD;
	at com.kms.katalon.core.main.ScriptEngine.runScriptAsRawText(ScriptEngine.java:119)&#xD;
	at com.kms.katalon.core.main.TestCaseExecutor.runScript(TestCaseExecutor.java:337)&#xD;
	at com.kms.katalon.core.main.TestCaseExecutor.doExecute(TestCaseExecutor.java:328)&#xD;
	at com.kms.katalon.core.main.TestCaseExecutor.processExecutionPhase(TestCaseExecutor.java:307)&#xD;
	at com.kms.katalon.core.main.TestCaseExecutor.accessMainPhase(TestCaseExecutor.java:299)&#xD;
	at com.kms.katalon.core.main.TestCaseExecutor.execute(TestCaseExecutor.java:233)&#xD;
	at com.kms.katalon.core.main.TestSuiteExecutor.accessTestCaseMainPhase(TestSuiteExecutor.java:133)&#xD;
	at com.kms.katalon.core.main.TestSuiteExecutor.accessTestSuiteMainPhase(TestSuiteExecutor.java:116)&#xD;
	at com.kms.katalon.core.main.TestSuiteExecutor.execute(TestSuiteExecutor.java:83)&#xD;
	at com.kms.katalon.core.main.TestCaseMain.startTestSuite(TestCaseMain.java:157)&#xD;
	at com.kms.katalon.core.main.TestCaseMain$startTestSuite$0.call(Unknown Source)&#xD;
	at TempTestSuite1566900409643.run(TempTestSuite1566900409643.groovy:35)</system-err>
        </testcase>
        <testcase name="Test Cases/AlterationScoringRuleApps/Financial Non Employee/Non Ultimate/FE6/TC-1 USD FE6" classname="Test Cases/AlterationScoringRuleApps/Financial Non Employee/Non Ultimate/FE6/TC-1 USD FE6" status="ERROR">
            <error type="ERROR" message="Test Cases/AlterationScoringRuleApps/Financial Non Employee/Non Ultimate/FE6/TC-1 USD FE6 FAILED.&#xA;Reason:&#xA;java.lang.NullPointerException: Cannot get property 'description' on null object&#xD;&#xA;&#x9;at TC-1 USD FE6.run(TC-1 USD FE6:27)&#xD;&#xA;&#x9;at com.kms.katalon.core.main.ScriptEngine.run(ScriptEngine.java:194)&#xD;&#xA;&#x9;at com.kms.katalon.core.main.ScriptEngine.runScriptAsRawText(ScriptEngine.java:119)&#xD;&#xA;&#x9;at com.kms.katalon.core.main.TestCaseExecutor.runScript(TestCaseExecutor.java:337)&#xD;&#xA;&#x9;at com.kms.katalon.core.main.TestCaseExecutor.doExecute(TestCaseExecutor.java:328)&#xD;&#xA;&#x9;at com.kms.katalon.core.main.TestCaseExecutor.processExecutionPhase(TestCaseExecutor.java:307)&#xD;&#xA;&#x9;at com.kms.katalon.core.main.TestCaseExecutor.accessMainPhase(TestCaseExecutor.java:299)&#xD;&#xA;&#x9;at com.kms.katalon.core.main.TestCaseExecutor.execute(TestCaseExecutor.java:233)&#xD;&#xA;&#x9;at com.kms.katalon.core.main.TestSuiteExecutor.accessTestCaseMainPhase(TestSuiteExecutor.java:133)&#xD;&#xA;&#x9;at com.kms.katalon.core.main.TestSuiteExecutor.accessTestSuiteMainPhase(TestSuiteExecutor.java:116)&#xD;&#xA;&#x9;at com.kms.katalon.core.main.TestSuiteExecutor.execute(TestSuiteExecutor.java:83)&#xD;&#xA;&#x9;at com.kms.katalon.core.main.TestCaseMain.startTestSuite(TestCaseMain.java:157)&#xD;&#xA;&#x9;at com.kms.katalon.core.main.TestCaseMain$startTestSuite$0.call(Unknown Source)&#xD;&#xA;&#x9;at TempTestSuite1566900409643.run(TempTestSuite1566900409643.groovy:35)&#xD;&#xA;"/>
            <system-out>2019-08-27 17:09:27 - [TEST_CASE][ERROR] - Test Cases/AlterationScoringRuleApps/Financial Non Employee/Non Ultimate/FE6/TC-1 USD FE6: Test Cases/AlterationScoringRuleApps/Financial Non Employee/Non Ultimate/FE6/TC-1 USD FE6 FAILED.
Reason:
java.lang.NullPointerException: Cannot get property 'description' on null object&#xD;
	at TC-1 USD FE6.run(TC-1 USD FE6:27)&#xD;
	at com.kms.katalon.core.main.ScriptEngine.run(ScriptEngine.java:194)&#xD;
	at com.kms.katalon.core.main.ScriptEngine.runScriptAsRawText(ScriptEngine.java:119)&#xD;
	at com.kms.katalon.core.main.TestCaseExecutor.runScript(TestCaseExecutor.java:337)&#xD;
	at com.kms.katalon.core.main.TestCaseExecutor.doExecute(TestCaseExecutor.java:328)&#xD;
	at com.kms.katalon.core.main.TestCaseExecutor.processExecutionPhase(TestCaseExecutor.java:307)&#xD;
	at com.kms.katalon.core.main.TestCaseExecutor.accessMainPhase(TestCaseExecutor.java:299)&#xD;
	at com.kms.katalon.core.main.TestCaseExecutor.execute(TestCaseExecutor.java:233)&#xD;
	at com.kms.katalon.core.main.TestSuiteExecutor.accessTestCaseMainPhase(TestSuiteExecutor.java:133)&#xD;
	at com.kms.katalon.core.main.TestSuiteExecutor.accessTestSuiteMainPhase(TestSuiteExecutor.java:116)&#xD;
	at com.kms.katalon.core.main.TestSuiteExecutor.execute(TestSuiteExecutor.java:83)&#xD;
	at com.kms.katalon.core.main.TestCaseMain.startTestSuite(TestCaseMain.java:157)&#xD;
	at com.kms.katalon.core.main.TestCaseMain$startTestSuite$0.call(Unknown Source)&#xD;
	at TempTestSuite1566900409643.run(TempTestSuite1566900409643.groovy:35)&#xD;
&#xD;
&#xD;
2019-08-27 17:09:27 - [TEST_STEP][PASSED] - random = new java.util.Random(): null&#xD;
&#xD;
2019-08-27 17:09:27 - [TEST_STEP][PASSED] - compareHighestValueFsaDeathVsAddccMin = 6250000: null&#xD;
&#xD;
2019-08-27 17:09:27 - [TEST_STEP][PASSED] - compareHighestValueFsaDeathVsAddcc = random.nextInt(MAX_VALUE - compareHighestValueFsaDeathVsAddccMin) + compareHighestValueFsaDeathVsAddccMin: null&#xD;
&#xD;
2019-08-27 17:09:27 - [TEST_STEP][PASSED] - println(compareHighestValueFsaDeathVsAddcc): null&#xD;
&#xD;
2019-08-27 17:09:27 - [TEST_STEP][PASSED] - comment("Send request"): Send request&#xD;
&#xD;
2019-08-27 17:09:27 - [MESSAGE][INFO] - Send request&#xD;
&#xD;
2019-08-27 17:09:27 - [TEST_STEP][PASSED] - response = sendRequest(findTestObject("AlterationScoringRuleApps/Financial Non Employee/Non Ultimate/Object Request", ["transactionType":transactionType, "role":role, "increasingFsaFlag":increasingFsaFlag, "pecFlag":pecFlag, "occupationCode":occupationCode, ... ])): Send request successfully&#xD;
&#xD;
2019-08-27 17:09:27 - [MESSAGE][INFO] - HAR: C:\SURYAPURBA\PHS\PHS-BRMS\Reports\FinancialNonEmployee_NonUltimate\20190827_170649\requests\main\96.har&#xD;
&#xD;
2019-08-27 17:09:27 - [MESSAGE][PASSED] - Send request successfully&#xD;
&#xD;
2019-08-27 17:09:27 - [TEST_STEP][PASSED] - slurper = new groovy.json.JsonSlurper(): null&#xD;
&#xD;
2019-08-27 17:09:27 - [TEST_STEP][PASSED] - parseResponse = slurper.parseText(response.getResponseText()): null&#xD;
&#xD;
2019-08-27 17:09:27 - [TEST_STEP][PASSED] - println(parseResponse): null&#xD;
&#xD;
2019-08-27 17:09:27 - [TEST_STEP][PASSED] - attributes = evidenceCode: null&#xD;
&#xD;
2019-08-27 17:09:27 - [TEST_STEP][PASSED] - println(attributes): null&#xD;
&#xD;
2019-08-27 17:09:28 - [TEST_STEP][PASSED] - expected = description == "Butuh LSAR, ABR, BSM, RoC, RNA, Bukti Aset, F2F meeting": null&#xD;
&#xD;
2019-08-27 17:09:28 - [TEST_STEP][PASSED] - Start listener action : sampleAfterTestCase: null</system-out>
            <system-err>2019-08-27 17:09:27 - [TEST_CASE][ERROR] - Test Cases/AlterationScoringRuleApps/Financial Non Employee/Non Ultimate/FE6/TC-1 USD FE6: Test Cases/AlterationScoringRuleApps/Financial Non Employee/Non Ultimate/FE6/TC-1 USD FE6 FAILED.
Reason:
java.lang.NullPointerException: Cannot get property 'description' on null object&#xD;
	at TC-1 USD FE6.run(TC-1 USD FE6:27)&#xD;
	at com.kms.katalon.core.main.ScriptEngine.run(ScriptEngine.java:194)&#xD;
	at com.kms.katalon.core.main.ScriptEngine.runScriptAsRawText(ScriptEngine.java:119)&#xD;
	at com.kms.katalon.core.main.TestCaseExecutor.runScript(TestCaseExecutor.java:337)&#xD;
	at com.kms.katalon.core.main.TestCaseExecutor.doExecute(TestCaseExecutor.java:328)&#xD;
	at com.kms.katalon.core.main.TestCaseExecutor.processExecutionPhase(TestCaseExecutor.java:307)&#xD;
	at com.kms.katalon.core.main.TestCaseExecutor.accessMainPhase(TestCaseExecutor.java:299)&#xD;
	at com.kms.katalon.core.main.TestCaseExecutor.execute(TestCaseExecutor.java:233)&#xD;
	at com.kms.katalon.core.main.TestSuiteExecutor.accessTestCaseMainPhase(TestSuiteExecutor.java:133)&#xD;
	at com.kms.katalon.core.main.TestSuiteExecutor.accessTestSuiteMainPhase(TestSuiteExecutor.java:116)&#xD;
	at com.kms.katalon.core.main.TestSuiteExecutor.execute(TestSuiteExecutor.java:83)&#xD;
	at com.kms.katalon.core.main.TestCaseMain.startTestSuite(TestCaseMain.java:157)&#xD;
	at com.kms.katalon.core.main.TestCaseMain$startTestSuite$0.call(Unknown Source)&#xD;
	at TempTestSuite1566900409643.run(TempTestSuite1566900409643.groovy:35)</system-err>
        </testcase>
        <testcase name="Test Cases/AlterationScoringRuleApps/Financial Non Employee/Non Ultimate/FE6/TC-1 USD FE6" classname="Test Cases/AlterationScoringRuleApps/Financial Non Employee/Non Ultimate/FE6/TC-1 USD FE6" status="ERROR">
            <error type="ERROR" message="Test Cases/AlterationScoringRuleApps/Financial Non Employee/Non Ultimate/FE6/TC-1 USD FE6 FAILED.&#xA;Reason:&#xA;java.lang.NullPointerException: Cannot get property 'description' on null object&#xD;&#xA;&#x9;at TC-1 USD FE6.run(TC-1 USD FE6:27)&#xD;&#xA;&#x9;at com.kms.katalon.core.main.ScriptEngine.run(ScriptEngine.java:194)&#xD;&#xA;&#x9;at com.kms.katalon.core.main.ScriptEngine.runScriptAsRawText(ScriptEngine.java:119)&#xD;&#xA;&#x9;at com.kms.katalon.core.main.TestCaseExecutor.runScript(TestCaseExecutor.java:337)&#xD;&#xA;&#x9;at com.kms.katalon.core.main.TestCaseExecutor.doExecute(TestCaseExecutor.java:328)&#xD;&#xA;&#x9;at com.kms.katalon.core.main.TestCaseExecutor.processExecutionPhase(TestCaseExecutor.java:307)&#xD;&#xA;&#x9;at com.kms.katalon.core.main.TestCaseExecutor.accessMainPhase(TestCaseExecutor.java:299)&#xD;&#xA;&#x9;at com.kms.katalon.core.main.TestCaseExecutor.execute(TestCaseExecutor.java:233)&#xD;&#xA;&#x9;at com.kms.katalon.core.main.TestSuiteExecutor.accessTestCaseMainPhase(TestSuiteExecutor.java:133)&#xD;&#xA;&#x9;at com.kms.katalon.core.main.TestSuiteExecutor.accessTestSuiteMainPhase(TestSuiteExecutor.java:116)&#xD;&#xA;&#x9;at com.kms.katalon.core.main.TestSuiteExecutor.execute(TestSuiteExecutor.java:83)&#xD;&#xA;&#x9;at com.kms.katalon.core.main.TestCaseMain.startTestSuite(TestCaseMain.java:157)&#xD;&#xA;&#x9;at com.kms.katalon.core.main.TestCaseMain$startTestSuite$0.call(Unknown Source)&#xD;&#xA;&#x9;at TempTestSuite1566900409643.run(TempTestSuite1566900409643.groovy:35)&#xD;&#xA;"/>
            <system-out>2019-08-27 17:09:28 - [TEST_CASE][ERROR] - Test Cases/AlterationScoringRuleApps/Financial Non Employee/Non Ultimate/FE6/TC-1 USD FE6: Test Cases/AlterationScoringRuleApps/Financial Non Employee/Non Ultimate/FE6/TC-1 USD FE6 FAILED.
Reason:
java.lang.NullPointerException: Cannot get property 'description' on null object&#xD;
	at TC-1 USD FE6.run(TC-1 USD FE6:27)&#xD;
	at com.kms.katalon.core.main.ScriptEngine.run(ScriptEngine.java:194)&#xD;
	at com.kms.katalon.core.main.ScriptEngine.runScriptAsRawText(ScriptEngine.java:119)&#xD;
	at com.kms.katalon.core.main.TestCaseExecutor.runScript(TestCaseExecutor.java:337)&#xD;
	at com.kms.katalon.core.main.TestCaseExecutor.doExecute(TestCaseExecutor.java:328)&#xD;
	at com.kms.katalon.core.main.TestCaseExecutor.processExecutionPhase(TestCaseExecutor.java:307)&#xD;
	at com.kms.katalon.core.main.TestCaseExecutor.accessMainPhase(TestCaseExecutor.java:299)&#xD;
	at com.kms.katalon.core.main.TestCaseExecutor.execute(TestCaseExecutor.java:233)&#xD;
	at com.kms.katalon.core.main.TestSuiteExecutor.accessTestCaseMainPhase(TestSuiteExecutor.java:133)&#xD;
	at com.kms.katalon.core.main.TestSuiteExecutor.accessTestSuiteMainPhase(TestSuiteExecutor.java:116)&#xD;
	at com.kms.katalon.core.main.TestSuiteExecutor.execute(TestSuiteExecutor.java:83)&#xD;
	at com.kms.katalon.core.main.TestCaseMain.startTestSuite(TestCaseMain.java:157)&#xD;
	at com.kms.katalon.core.main.TestCaseMain$startTestSuite$0.call(Unknown Source)&#xD;
	at TempTestSuite1566900409643.run(TempTestSuite1566900409643.groovy:35)&#xD;
&#xD;
&#xD;
2019-08-27 17:09:29 - [TEST_STEP][PASSED] - random = new java.util.Random(): null&#xD;
&#xD;
2019-08-27 17:09:29 - [TEST_STEP][PASSED] - compareHighestValueFsaDeathVsAddccMin = 6250000: null&#xD;
&#xD;
2019-08-27 17:09:29 - [TEST_STEP][PASSED] - compareHighestValueFsaDeathVsAddcc = random.nextInt(MAX_VALUE - compareHighestValueFsaDeathVsAddccMin) + compareHighestValueFsaDeathVsAddccMin: null&#xD;
&#xD;
2019-08-27 17:09:29 - [TEST_STEP][PASSED] - println(compareHighestValueFsaDeathVsAddcc): null&#xD;
&#xD;
2019-08-27 17:09:29 - [TEST_STEP][PASSED] - comment("Send request"): Send request&#xD;
&#xD;
2019-08-27 17:09:29 - [MESSAGE][INFO] - Send request&#xD;
&#xD;
2019-08-27 17:09:29 - [TEST_STEP][PASSED] - response = sendRequest(findTestObject("AlterationScoringRuleApps/Financial Non Employee/Non Ultimate/Object Request", ["transactionType":transactionType, "role":role, "increasingFsaFlag":increasingFsaFlag, "pecFlag":pecFlag, "occupationCode":occupationCode, ... ])): Send request successfully&#xD;
&#xD;
2019-08-27 17:09:29 - [MESSAGE][INFO] - HAR: C:\SURYAPURBA\PHS\PHS-BRMS\Reports\FinancialNonEmployee_NonUltimate\20190827_170649\requests\main\97.har&#xD;
&#xD;
2019-08-27 17:09:30 - [MESSAGE][PASSED] - Send request successfully&#xD;
&#xD;
2019-08-27 17:09:30 - [TEST_STEP][PASSED] - slurper = new groovy.json.JsonSlurper(): null&#xD;
&#xD;
2019-08-27 17:09:30 - [TEST_STEP][PASSED] - parseResponse = slurper.parseText(response.getResponseText()): null&#xD;
&#xD;
2019-08-27 17:09:30 - [TEST_STEP][PASSED] - println(parseResponse): null&#xD;
&#xD;
2019-08-27 17:09:30 - [TEST_STEP][PASSED] - attributes = evidenceCode: null&#xD;
&#xD;
2019-08-27 17:09:30 - [TEST_STEP][PASSED] - println(attributes): null&#xD;
&#xD;
2019-08-27 17:09:30 - [TEST_STEP][PASSED] - expected = description == "Butuh LSAR, ABR, BSM, RoC, RNA, Bukti Aset, F2F meeting": null&#xD;
&#xD;
2019-08-27 17:09:30 - [TEST_STEP][PASSED] - Start listener action : sampleAfterTestCase: null</system-out>
            <system-err>2019-08-27 17:09:28 - [TEST_CASE][ERROR] - Test Cases/AlterationScoringRuleApps/Financial Non Employee/Non Ultimate/FE6/TC-1 USD FE6: Test Cases/AlterationScoringRuleApps/Financial Non Employee/Non Ultimate/FE6/TC-1 USD FE6 FAILED.
Reason:
java.lang.NullPointerException: Cannot get property 'description' on null object&#xD;
	at TC-1 USD FE6.run(TC-1 USD FE6:27)&#xD;
	at com.kms.katalon.core.main.ScriptEngine.run(ScriptEngine.java:194)&#xD;
	at com.kms.katalon.core.main.ScriptEngine.runScriptAsRawText(ScriptEngine.java:119)&#xD;
	at com.kms.katalon.core.main.TestCaseExecutor.runScript(TestCaseExecutor.java:337)&#xD;
	at com.kms.katalon.core.main.TestCaseExecutor.doExecute(TestCaseExecutor.java:328)&#xD;
	at com.kms.katalon.core.main.TestCaseExecutor.processExecutionPhase(TestCaseExecutor.java:307)&#xD;
	at com.kms.katalon.core.main.TestCaseExecutor.accessMainPhase(TestCaseExecutor.java:299)&#xD;
	at com.kms.katalon.core.main.TestCaseExecutor.execute(TestCaseExecutor.java:233)&#xD;
	at com.kms.katalon.core.main.TestSuiteExecutor.accessTestCaseMainPhase(TestSuiteExecutor.java:133)&#xD;
	at com.kms.katalon.core.main.TestSuiteExecutor.accessTestSuiteMainPhase(TestSuiteExecutor.java:116)&#xD;
	at com.kms.katalon.core.main.TestSuiteExecutor.execute(TestSuiteExecutor.java:83)&#xD;
	at com.kms.katalon.core.main.TestCaseMain.startTestSuite(TestCaseMain.java:157)&#xD;
	at com.kms.katalon.core.main.TestCaseMain$startTestSuite$0.call(Unknown Source)&#xD;
	at TempTestSuite1566900409643.run(TempTestSuite1566900409643.groovy:35)</system-err>
        </testcase>
        <testcase name="Test Cases/AlterationScoringRuleApps/Financial Non Employee/Non Ultimate/FE6/TC-1 USD FE6" classname="Test Cases/AlterationScoringRuleApps/Financial Non Employee/Non Ultimate/FE6/TC-1 USD FE6" status="ERROR">
            <error type="ERROR" message="Test Cases/AlterationScoringRuleApps/Financial Non Employee/Non Ultimate/FE6/TC-1 USD FE6 FAILED.&#xA;Reason:&#xA;java.lang.NullPointerException: Cannot get property 'description' on null object&#xD;&#xA;&#x9;at TC-1 USD FE6.run(TC-1 USD FE6:27)&#xD;&#xA;&#x9;at com.kms.katalon.core.main.ScriptEngine.run(ScriptEngine.java:194)&#xD;&#xA;&#x9;at com.kms.katalon.core.main.ScriptEngine.runScriptAsRawText(ScriptEngine.java:119)&#xD;&#xA;&#x9;at com.kms.katalon.core.main.TestCaseExecutor.runScript(TestCaseExecutor.java:337)&#xD;&#xA;&#x9;at com.kms.katalon.core.main.TestCaseExecutor.doExecute(TestCaseExecutor.java:328)&#xD;&#xA;&#x9;at com.kms.katalon.core.main.TestCaseExecutor.processExecutionPhase(TestCaseExecutor.java:307)&#xD;&#xA;&#x9;at com.kms.katalon.core.main.TestCaseExecutor.accessMainPhase(TestCaseExecutor.java:299)&#xD;&#xA;&#x9;at com.kms.katalon.core.main.TestCaseExecutor.execute(TestCaseExecutor.java:233)&#xD;&#xA;&#x9;at com.kms.katalon.core.main.TestSuiteExecutor.accessTestCaseMainPhase(TestSuiteExecutor.java:133)&#xD;&#xA;&#x9;at com.kms.katalon.core.main.TestSuiteExecutor.accessTestSuiteMainPhase(TestSuiteExecutor.java:116)&#xD;&#xA;&#x9;at com.kms.katalon.core.main.TestSuiteExecutor.execute(TestSuiteExecutor.java:83)&#xD;&#xA;&#x9;at com.kms.katalon.core.main.TestCaseMain.startTestSuite(TestCaseMain.java:157)&#xD;&#xA;&#x9;at com.kms.katalon.core.main.TestCaseMain$startTestSuite$0.call(Unknown Source)&#xD;&#xA;&#x9;at TempTestSuite1566900409643.run(TempTestSuite1566900409643.groovy:35)&#xD;&#xA;"/>
            <system-out>2019-08-27 17:09:31 - [TEST_CASE][ERROR] - Test Cases/AlterationScoringRuleApps/Financial Non Employee/Non Ultimate/FE6/TC-1 USD FE6: Test Cases/AlterationScoringRuleApps/Financial Non Employee/Non Ultimate/FE6/TC-1 USD FE6 FAILED.
Reason:
java.lang.NullPointerException: Cannot get property 'description' on null object&#xD;
	at TC-1 USD FE6.run(TC-1 USD FE6:27)&#xD;
	at com.kms.katalon.core.main.ScriptEngine.run(ScriptEngine.java:194)&#xD;
	at com.kms.katalon.core.main.ScriptEngine.runScriptAsRawText(ScriptEngine.java:119)&#xD;
	at com.kms.katalon.core.main.TestCaseExecutor.runScript(TestCaseExecutor.java:337)&#xD;
	at com.kms.katalon.core.main.TestCaseExecutor.doExecute(TestCaseExecutor.java:328)&#xD;
	at com.kms.katalon.core.main.TestCaseExecutor.processExecutionPhase(TestCaseExecutor.java:307)&#xD;
	at com.kms.katalon.core.main.TestCaseExecutor.accessMainPhase(TestCaseExecutor.java:299)&#xD;
	at com.kms.katalon.core.main.TestCaseExecutor.execute(TestCaseExecutor.java:233)&#xD;
	at com.kms.katalon.core.main.TestSuiteExecutor.accessTestCaseMainPhase(TestSuiteExecutor.java:133)&#xD;
	at com.kms.katalon.core.main.TestSuiteExecutor.accessTestSuiteMainPhase(TestSuiteExecutor.java:116)&#xD;
	at com.kms.katalon.core.main.TestSuiteExecutor.execute(TestSuiteExecutor.java:83)&#xD;
	at com.kms.katalon.core.main.TestCaseMain.startTestSuite(TestCaseMain.java:157)&#xD;
	at com.kms.katalon.core.main.TestCaseMain$startTestSuite$0.call(Unknown Source)&#xD;
	at TempTestSuite1566900409643.run(TempTestSuite1566900409643.groovy:35)&#xD;
&#xD;
&#xD;
2019-08-27 17:09:34 - [TEST_STEP][PASSED] - random = new java.util.Random(): null&#xD;
&#xD;
2019-08-27 17:09:34 - [TEST_STEP][PASSED] - compareHighestValueFsaDeathVsAddccMin = 6250000: null&#xD;
&#xD;
2019-08-27 17:09:34 - [TEST_STEP][PASSED] - compareHighestValueFsaDeathVsAddcc = random.nextInt(MAX_VALUE - compareHighestValueFsaDeathVsAddccMin) + compareHighestValueFsaDeathVsAddccMin: null&#xD;
&#xD;
2019-08-27 17:09:34 - [TEST_STEP][PASSED] - println(compareHighestValueFsaDeathVsAddcc): null&#xD;
&#xD;
2019-08-27 17:09:34 - [TEST_STEP][PASSED] - comment("Send request"): Send request&#xD;
&#xD;
2019-08-27 17:09:34 - [MESSAGE][INFO] - Send request&#xD;
&#xD;
2019-08-27 17:09:34 - [TEST_STEP][PASSED] - response = sendRequest(findTestObject("AlterationScoringRuleApps/Financial Non Employee/Non Ultimate/Object Request", ["transactionType":transactionType, "role":role, "increasingFsaFlag":increasingFsaFlag, "pecFlag":pecFlag, "occupationCode":occupationCode, ... ])): Send request successfully&#xD;
&#xD;
2019-08-27 17:09:34 - [MESSAGE][INFO] - HAR: C:\SURYAPURBA\PHS\PHS-BRMS\Reports\FinancialNonEmployee_NonUltimate\20190827_170649\requests\main\98.har&#xD;
&#xD;
2019-08-27 17:09:34 - [MESSAGE][PASSED] - Send request successfully&#xD;
&#xD;
2019-08-27 17:09:34 - [TEST_STEP][PASSED] - slurper = new groovy.json.JsonSlurper(): null&#xD;
&#xD;
2019-08-27 17:09:34 - [TEST_STEP][PASSED] - parseResponse = slurper.parseText(response.getResponseText()): null&#xD;
&#xD;
2019-08-27 17:09:34 - [TEST_STEP][PASSED] - println(parseResponse): null&#xD;
&#xD;
2019-08-27 17:09:34 - [TEST_STEP][PASSED] - attributes = evidenceCode: null&#xD;
&#xD;
2019-08-27 17:09:34 - [TEST_STEP][PASSED] - println(attributes): null&#xD;
&#xD;
2019-08-27 17:09:34 - [TEST_STEP][PASSED] - expected = description == "Butuh LSAR, ABR, BSM, RoC, RNA, Bukti Aset, F2F meeting": null&#xD;
&#xD;
2019-08-27 17:09:34 - [TEST_STEP][PASSED] - Start listener action : sampleAfterTestCase: null</system-out>
            <system-err>2019-08-27 17:09:31 - [TEST_CASE][ERROR] - Test Cases/AlterationScoringRuleApps/Financial Non Employee/Non Ultimate/FE6/TC-1 USD FE6: Test Cases/AlterationScoringRuleApps/Financial Non Employee/Non Ultimate/FE6/TC-1 USD FE6 FAILED.
Reason:
java.lang.NullPointerException: Cannot get property 'description' on null object&#xD;
	at TC-1 USD FE6.run(TC-1 USD FE6:27)&#xD;
	at com.kms.katalon.core.main.ScriptEngine.run(ScriptEngine.java:194)&#xD;
	at com.kms.katalon.core.main.ScriptEngine.runScriptAsRawText(ScriptEngine.java:119)&#xD;
	at com.kms.katalon.core.main.TestCaseExecutor.runScript(TestCaseExecutor.java:337)&#xD;
	at com.kms.katalon.core.main.TestCaseExecutor.doExecute(TestCaseExecutor.java:328)&#xD;
	at com.kms.katalon.core.main.TestCaseExecutor.processExecutionPhase(TestCaseExecutor.java:307)&#xD;
	at com.kms.katalon.core.main.TestCaseExecutor.accessMainPhase(TestCaseExecutor.java:299)&#xD;
	at com.kms.katalon.core.main.TestCaseExecutor.execute(TestCaseExecutor.java:233)&#xD;
	at com.kms.katalon.core.main.TestSuiteExecutor.accessTestCaseMainPhase(TestSuiteExecutor.java:133)&#xD;
	at com.kms.katalon.core.main.TestSuiteExecutor.accessTestSuiteMainPhase(TestSuiteExecutor.java:116)&#xD;
	at com.kms.katalon.core.main.TestSuiteExecutor.execute(TestSuiteExecutor.java:83)&#xD;
	at com.kms.katalon.core.main.TestCaseMain.startTestSuite(TestCaseMain.java:157)&#xD;
	at com.kms.katalon.core.main.TestCaseMain$startTestSuite$0.call(Unknown Source)&#xD;
	at TempTestSuite1566900409643.run(TempTestSuite1566900409643.groovy:35)</system-err>
        </testcase>
        <testcase name="Test Cases/AlterationScoringRuleApps/Financial Non Employee/Non Ultimate/FE6/TC-1 USD FE6" classname="Test Cases/AlterationScoringRuleApps/Financial Non Employee/Non Ultimate/FE6/TC-1 USD FE6" status="ERROR">
            <error type="ERROR" message="Test Cases/AlterationScoringRuleApps/Financial Non Employee/Non Ultimate/FE6/TC-1 USD FE6 FAILED.&#xA;Reason:&#xA;java.lang.NullPointerException: Cannot get property 'description' on null object&#xD;&#xA;&#x9;at TC-1 USD FE6.run(TC-1 USD FE6:27)&#xD;&#xA;&#x9;at com.kms.katalon.core.main.ScriptEngine.run(ScriptEngine.java:194)&#xD;&#xA;&#x9;at com.kms.katalon.core.main.ScriptEngine.runScriptAsRawText(ScriptEngine.java:119)&#xD;&#xA;&#x9;at com.kms.katalon.core.main.TestCaseExecutor.runScript(TestCaseExecutor.java:337)&#xD;&#xA;&#x9;at com.kms.katalon.core.main.TestCaseExecutor.doExecute(TestCaseExecutor.java:328)&#xD;&#xA;&#x9;at com.kms.katalon.core.main.TestCaseExecutor.processExecutionPhase(TestCaseExecutor.java:307)&#xD;&#xA;&#x9;at com.kms.katalon.core.main.TestCaseExecutor.accessMainPhase(TestCaseExecutor.java:299)&#xD;&#xA;&#x9;at com.kms.katalon.core.main.TestCaseExecutor.execute(TestCaseExecutor.java:233)&#xD;&#xA;&#x9;at com.kms.katalon.core.main.TestSuiteExecutor.accessTestCaseMainPhase(TestSuiteExecutor.java:133)&#xD;&#xA;&#x9;at com.kms.katalon.core.main.TestSuiteExecutor.accessTestSuiteMainPhase(TestSuiteExecutor.java:116)&#xD;&#xA;&#x9;at com.kms.katalon.core.main.TestSuiteExecutor.execute(TestSuiteExecutor.java:83)&#xD;&#xA;&#x9;at com.kms.katalon.core.main.TestCaseMain.startTestSuite(TestCaseMain.java:157)&#xD;&#xA;&#x9;at com.kms.katalon.core.main.TestCaseMain$startTestSuite$0.call(Unknown Source)&#xD;&#xA;&#x9;at TempTestSuite1566900409643.run(TempTestSuite1566900409643.groovy:35)&#xD;&#xA;"/>
            <system-out>2019-08-27 17:09:35 - [TEST_CASE][ERROR] - Test Cases/AlterationScoringRuleApps/Financial Non Employee/Non Ultimate/FE6/TC-1 USD FE6: Test Cases/AlterationScoringRuleApps/Financial Non Employee/Non Ultimate/FE6/TC-1 USD FE6 FAILED.
Reason:
java.lang.NullPointerException: Cannot get property 'description' on null object&#xD;
	at TC-1 USD FE6.run(TC-1 USD FE6:27)&#xD;
	at com.kms.katalon.core.main.ScriptEngine.run(ScriptEngine.java:194)&#xD;
	at com.kms.katalon.core.main.ScriptEngine.runScriptAsRawText(ScriptEngine.java:119)&#xD;
	at com.kms.katalon.core.main.TestCaseExecutor.runScript(TestCaseExecutor.java:337)&#xD;
	at com.kms.katalon.core.main.TestCaseExecutor.doExecute(TestCaseExecutor.java:328)&#xD;
	at com.kms.katalon.core.main.TestCaseExecutor.processExecutionPhase(TestCaseExecutor.java:307)&#xD;
	at com.kms.katalon.core.main.TestCaseExecutor.accessMainPhase(TestCaseExecutor.java:299)&#xD;
	at com.kms.katalon.core.main.TestCaseExecutor.execute(TestCaseExecutor.java:233)&#xD;
	at com.kms.katalon.core.main.TestSuiteExecutor.accessTestCaseMainPhase(TestSuiteExecutor.java:133)&#xD;
	at com.kms.katalon.core.main.TestSuiteExecutor.accessTestSuiteMainPhase(TestSuiteExecutor.java:116)&#xD;
	at com.kms.katalon.core.main.TestSuiteExecutor.execute(TestSuiteExecutor.java:83)&#xD;
	at com.kms.katalon.core.main.TestCaseMain.startTestSuite(TestCaseMain.java:157)&#xD;
	at com.kms.katalon.core.main.TestCaseMain$startTestSuite$0.call(Unknown Source)&#xD;
	at TempTestSuite1566900409643.run(TempTestSuite1566900409643.groovy:35)&#xD;
&#xD;
&#xD;
2019-08-27 17:09:35 - [TEST_STEP][PASSED] - random = new java.util.Random(): null&#xD;
&#xD;
2019-08-27 17:09:35 - [TEST_STEP][PASSED] - compareHighestValueFsaDeathVsAddccMin = 6250000: null&#xD;
&#xD;
2019-08-27 17:09:35 - [TEST_STEP][PASSED] - compareHighestValueFsaDeathVsAddcc = random.nextInt(MAX_VALUE - compareHighestValueFsaDeathVsAddccMin) + compareHighestValueFsaDeathVsAddccMin: null&#xD;
&#xD;
2019-08-27 17:09:35 - [TEST_STEP][PASSED] - println(compareHighestValueFsaDeathVsAddcc): null&#xD;
&#xD;
2019-08-27 17:09:35 - [TEST_STEP][PASSED] - comment("Send request"): Send request&#xD;
&#xD;
2019-08-27 17:09:35 - [MESSAGE][INFO] - Send request&#xD;
&#xD;
2019-08-27 17:09:35 - [TEST_STEP][PASSED] - response = sendRequest(findTestObject("AlterationScoringRuleApps/Financial Non Employee/Non Ultimate/Object Request", ["transactionType":transactionType, "role":role, "increasingFsaFlag":increasingFsaFlag, "pecFlag":pecFlag, "occupationCode":occupationCode, ... ])): Send request successfully&#xD;
&#xD;
2019-08-27 17:09:35 - [MESSAGE][INFO] - HAR: C:\SURYAPURBA\PHS\PHS-BRMS\Reports\FinancialNonEmployee_NonUltimate\20190827_170649\requests\main\99.har&#xD;
&#xD;
2019-08-27 17:09:35 - [MESSAGE][PASSED] - Send request successfully&#xD;
&#xD;
2019-08-27 17:09:36 - [TEST_STEP][PASSED] - slurper = new groovy.json.JsonSlurper(): null&#xD;
&#xD;
2019-08-27 17:09:36 - [TEST_STEP][PASSED] - parseResponse = slurper.parseText(response.getResponseText()): null&#xD;
&#xD;
2019-08-27 17:09:36 - [TEST_STEP][PASSED] - println(parseResponse): null&#xD;
&#xD;
2019-08-27 17:09:36 - [TEST_STEP][PASSED] - attributes = evidenceCode: null&#xD;
&#xD;
2019-08-27 17:09:36 - [TEST_STEP][PASSED] - println(attributes): null&#xD;
&#xD;
2019-08-27 17:09:36 - [TEST_STEP][PASSED] - expected = description == "Butuh LSAR, ABR, BSM, RoC, RNA, Bukti Aset, F2F meeting": null&#xD;
&#xD;
2019-08-27 17:09:36 - [TEST_STEP][PASSED] - Start listener action : sampleAfterTestCase: null</system-out>
            <system-err>2019-08-27 17:09:35 - [TEST_CASE][ERROR] - Test Cases/AlterationScoringRuleApps/Financial Non Employee/Non Ultimate/FE6/TC-1 USD FE6: Test Cases/AlterationScoringRuleApps/Financial Non Employee/Non Ultimate/FE6/TC-1 USD FE6 FAILED.
Reason:
java.lang.NullPointerException: Cannot get property 'description' on null object&#xD;
	at TC-1 USD FE6.run(TC-1 USD FE6:27)&#xD;
	at com.kms.katalon.core.main.ScriptEngine.run(ScriptEngine.java:194)&#xD;
	at com.kms.katalon.core.main.ScriptEngine.runScriptAsRawText(ScriptEngine.java:119)&#xD;
	at com.kms.katalon.core.main.TestCaseExecutor.runScript(TestCaseExecutor.java:337)&#xD;
	at com.kms.katalon.core.main.TestCaseExecutor.doExecute(TestCaseExecutor.java:328)&#xD;
	at com.kms.katalon.core.main.TestCaseExecutor.processExecutionPhase(TestCaseExecutor.java:307)&#xD;
	at com.kms.katalon.core.main.TestCaseExecutor.accessMainPhase(TestCaseExecutor.java:299)&#xD;
	at com.kms.katalon.core.main.TestCaseExecutor.execute(TestCaseExecutor.java:233)&#xD;
	at com.kms.katalon.core.main.TestSuiteExecutor.accessTestCaseMainPhase(TestSuiteExecutor.java:133)&#xD;
	at com.kms.katalon.core.main.TestSuiteExecutor.accessTestSuiteMainPhase(TestSuiteExecutor.java:116)&#xD;
	at com.kms.katalon.core.main.TestSuiteExecutor.execute(TestSuiteExecutor.java:83)&#xD;
	at com.kms.katalon.core.main.TestCaseMain.startTestSuite(TestCaseMain.java:157)&#xD;
	at com.kms.katalon.core.main.TestCaseMain$startTestSuite$0.call(Unknown Source)&#xD;
	at TempTestSuite1566900409643.run(TempTestSuite1566900409643.groovy:35)</system-err>
        </testcase>
        <testcase name="Test Cases/AlterationScoringRuleApps/Financial Non Employee/Non Ultimate/FE6/TC-1 USD FE6" classname="Test Cases/AlterationScoringRuleApps/Financial Non Employee/Non Ultimate/FE6/TC-1 USD FE6" status="ERROR">
            <error type="ERROR" message="Test Cases/AlterationScoringRuleApps/Financial Non Employee/Non Ultimate/FE6/TC-1 USD FE6 FAILED.&#xA;Reason:&#xA;java.lang.NullPointerException: Cannot get property 'description' on null object&#xD;&#xA;&#x9;at TC-1 USD FE6.run(TC-1 USD FE6:27)&#xD;&#xA;&#x9;at com.kms.katalon.core.main.ScriptEngine.run(ScriptEngine.java:194)&#xD;&#xA;&#x9;at com.kms.katalon.core.main.ScriptEngine.runScriptAsRawText(ScriptEngine.java:119)&#xD;&#xA;&#x9;at com.kms.katalon.core.main.TestCaseExecutor.runScript(TestCaseExecutor.java:337)&#xD;&#xA;&#x9;at com.kms.katalon.core.main.TestCaseExecutor.doExecute(TestCaseExecutor.java:328)&#xD;&#xA;&#x9;at com.kms.katalon.core.main.TestCaseExecutor.processExecutionPhase(TestCaseExecutor.java:307)&#xD;&#xA;&#x9;at com.kms.katalon.core.main.TestCaseExecutor.accessMainPhase(TestCaseExecutor.java:299)&#xD;&#xA;&#x9;at com.kms.katalon.core.main.TestCaseExecutor.execute(TestCaseExecutor.java:233)&#xD;&#xA;&#x9;at com.kms.katalon.core.main.TestSuiteExecutor.accessTestCaseMainPhase(TestSuiteExecutor.java:133)&#xD;&#xA;&#x9;at com.kms.katalon.core.main.TestSuiteExecutor.accessTestSuiteMainPhase(TestSuiteExecutor.java:116)&#xD;&#xA;&#x9;at com.kms.katalon.core.main.TestSuiteExecutor.execute(TestSuiteExecutor.java:83)&#xD;&#xA;&#x9;at com.kms.katalon.core.main.TestCaseMain.startTestSuite(TestCaseMain.java:157)&#xD;&#xA;&#x9;at com.kms.katalon.core.main.TestCaseMain$startTestSuite$0.call(Unknown Source)&#xD;&#xA;&#x9;at TempTestSuite1566900409643.run(TempTestSuite1566900409643.groovy:35)&#xD;&#xA;"/>
            <system-out>2019-08-27 17:09:37 - [TEST_CASE][ERROR] - Test Cases/AlterationScoringRuleApps/Financial Non Employee/Non Ultimate/FE6/TC-1 USD FE6: Test Cases/AlterationScoringRuleApps/Financial Non Employee/Non Ultimate/FE6/TC-1 USD FE6 FAILED.
Reason:
java.lang.NullPointerException: Cannot get property 'description' on null object&#xD;
	at TC-1 USD FE6.run(TC-1 USD FE6:27)&#xD;
	at com.kms.katalon.core.main.ScriptEngine.run(ScriptEngine.java:194)&#xD;
	at com.kms.katalon.core.main.ScriptEngine.runScriptAsRawText(ScriptEngine.java:119)&#xD;
	at com.kms.katalon.core.main.TestCaseExecutor.runScript(TestCaseExecutor.java:337)&#xD;
	at com.kms.katalon.core.main.TestCaseExecutor.doExecute(TestCaseExecutor.java:328)&#xD;
	at com.kms.katalon.core.main.TestCaseExecutor.processExecutionPhase(TestCaseExecutor.java:307)&#xD;
	at com.kms.katalon.core.main.TestCaseExecutor.accessMainPhase(TestCaseExecutor.java:299)&#xD;
	at com.kms.katalon.core.main.TestCaseExecutor.execute(TestCaseExecutor.java:233)&#xD;
	at com.kms.katalon.core.main.TestSuiteExecutor.accessTestCaseMainPhase(TestSuiteExecutor.java:133)&#xD;
	at com.kms.katalon.core.main.TestSuiteExecutor.accessTestSuiteMainPhase(TestSuiteExecutor.java:116)&#xD;
	at com.kms.katalon.core.main.TestSuiteExecutor.execute(TestSuiteExecutor.java:83)&#xD;
	at com.kms.katalon.core.main.TestCaseMain.startTestSuite(TestCaseMain.java:157)&#xD;
	at com.kms.katalon.core.main.TestCaseMain$startTestSuite$0.call(Unknown Source)&#xD;
	at TempTestSuite1566900409643.run(TempTestSuite1566900409643.groovy:35)&#xD;
&#xD;
&#xD;
2019-08-27 17:09:38 - [TEST_STEP][PASSED] - random = new java.util.Random(): null&#xD;
&#xD;
2019-08-27 17:09:38 - [TEST_STEP][PASSED] - compareHighestValueFsaDeathVsAddccMin = 6250000: null&#xD;
&#xD;
2019-08-27 17:09:38 - [TEST_STEP][PASSED] - compareHighestValueFsaDeathVsAddcc = random.nextInt(MAX_VALUE - compareHighestValueFsaDeathVsAddccMin) + compareHighestValueFsaDeathVsAddccMin: null&#xD;
&#xD;
2019-08-27 17:09:38 - [TEST_STEP][PASSED] - println(compareHighestValueFsaDeathVsAddcc): null&#xD;
&#xD;
2019-08-27 17:09:38 - [TEST_STEP][PASSED] - comment("Send request"): Send request&#xD;
&#xD;
2019-08-27 17:09:38 - [MESSAGE][INFO] - Send request&#xD;
&#xD;
2019-08-27 17:09:38 - [TEST_STEP][PASSED] - response = sendRequest(findTestObject("AlterationScoringRuleApps/Financial Non Employee/Non Ultimate/Object Request", ["transactionType":transactionType, "role":role, "increasingFsaFlag":increasingFsaFlag, "pecFlag":pecFlag, "occupationCode":occupationCode, ... ])): Send request successfully&#xD;
&#xD;
2019-08-27 17:09:38 - [MESSAGE][INFO] - HAR: C:\SURYAPURBA\PHS\PHS-BRMS\Reports\FinancialNonEmployee_NonUltimate\20190827_170649\requests\main\100.har&#xD;
&#xD;
2019-08-27 17:09:38 - [MESSAGE][PASSED] - Send request successfully&#xD;
&#xD;
2019-08-27 17:09:38 - [TEST_STEP][PASSED] - slurper = new groovy.json.JsonSlurper(): null&#xD;
&#xD;
2019-08-27 17:09:38 - [TEST_STEP][PASSED] - parseResponse = slurper.parseText(response.getResponseText()): null&#xD;
&#xD;
2019-08-27 17:09:38 - [TEST_STEP][PASSED] - println(parseResponse): null&#xD;
&#xD;
2019-08-27 17:09:39 - [TEST_STEP][PASSED] - attributes = evidenceCode: null&#xD;
&#xD;
2019-08-27 17:09:40 - [TEST_STEP][PASSED] - println(attributes): null&#xD;
&#xD;
2019-08-27 17:09:40 - [TEST_STEP][PASSED] - expected = description == "Butuh LSAR, ABR, BSM, RoC, RNA, Bukti Aset, F2F meeting": null&#xD;
&#xD;
2019-08-27 17:09:40 - [TEST_STEP][PASSED] - Start listener action : sampleAfterTestCase: null</system-out>
            <system-err>2019-08-27 17:09:37 - [TEST_CASE][ERROR] - Test Cases/AlterationScoringRuleApps/Financial Non Employee/Non Ultimate/FE6/TC-1 USD FE6: Test Cases/AlterationScoringRuleApps/Financial Non Employee/Non Ultimate/FE6/TC-1 USD FE6 FAILED.
Reason:
java.lang.NullPointerException: Cannot get property 'description' on null object&#xD;
	at TC-1 USD FE6.run(TC-1 USD FE6:27)&#xD;
	at com.kms.katalon.core.main.ScriptEngine.run(ScriptEngine.java:194)&#xD;
	at com.kms.katalon.core.main.ScriptEngine.runScriptAsRawText(ScriptEngine.java:119)&#xD;
	at com.kms.katalon.core.main.TestCaseExecutor.runScript(TestCaseExecutor.java:337)&#xD;
	at com.kms.katalon.core.main.TestCaseExecutor.doExecute(TestCaseExecutor.java:328)&#xD;
	at com.kms.katalon.core.main.TestCaseExecutor.processExecutionPhase(TestCaseExecutor.java:307)&#xD;
	at com.kms.katalon.core.main.TestCaseExecutor.accessMainPhase(TestCaseExecutor.java:299)&#xD;
	at com.kms.katalon.core.main.TestCaseExecutor.execute(TestCaseExecutor.java:233)&#xD;
	at com.kms.katalon.core.main.TestSuiteExecutor.accessTestCaseMainPhase(TestSuiteExecutor.java:133)&#xD;
	at com.kms.katalon.core.main.TestSuiteExecutor.accessTestSuiteMainPhase(TestSuiteExecutor.java:116)&#xD;
	at com.kms.katalon.core.main.TestSuiteExecutor.execute(TestSuiteExecutor.java:83)&#xD;
	at com.kms.katalon.core.main.TestCaseMain.startTestSuite(TestCaseMain.java:157)&#xD;
	at com.kms.katalon.core.main.TestCaseMain$startTestSuite$0.call(Unknown Source)&#xD;
	at TempTestSuite1566900409643.run(TempTestSuite1566900409643.groovy:35)</system-err>
        </testcase>
        <testcase name="Test Cases/AlterationScoringRuleApps/Financial Non Employee/Non Ultimate/FE6/TC-1 USD FE6" classname="Test Cases/AlterationScoringRuleApps/Financial Non Employee/Non Ultimate/FE6/TC-1 USD FE6" status="ERROR">
            <error type="ERROR" message="Test Cases/AlterationScoringRuleApps/Financial Non Employee/Non Ultimate/FE6/TC-1 USD FE6 FAILED.&#xA;Reason:&#xA;java.lang.NullPointerException: Cannot get property 'description' on null object&#xD;&#xA;&#x9;at TC-1 USD FE6.run(TC-1 USD FE6:27)&#xD;&#xA;&#x9;at com.kms.katalon.core.main.ScriptEngine.run(ScriptEngine.java:194)&#xD;&#xA;&#x9;at com.kms.katalon.core.main.ScriptEngine.runScriptAsRawText(ScriptEngine.java:119)&#xD;&#xA;&#x9;at com.kms.katalon.core.main.TestCaseExecutor.runScript(TestCaseExecutor.java:337)&#xD;&#xA;&#x9;at com.kms.katalon.core.main.TestCaseExecutor.doExecute(TestCaseExecutor.java:328)&#xD;&#xA;&#x9;at com.kms.katalon.core.main.TestCaseExecutor.processExecutionPhase(TestCaseExecutor.java:307)&#xD;&#xA;&#x9;at com.kms.katalon.core.main.TestCaseExecutor.accessMainPhase(TestCaseExecutor.java:299)&#xD;&#xA;&#x9;at com.kms.katalon.core.main.TestCaseExecutor.execute(TestCaseExecutor.java:233)&#xD;&#xA;&#x9;at com.kms.katalon.core.main.TestSuiteExecutor.accessTestCaseMainPhase(TestSuiteExecutor.java:133)&#xD;&#xA;&#x9;at com.kms.katalon.core.main.TestSuiteExecutor.accessTestSuiteMainPhase(TestSuiteExecutor.java:116)&#xD;&#xA;&#x9;at com.kms.katalon.core.main.TestSuiteExecutor.execute(TestSuiteExecutor.java:83)&#xD;&#xA;&#x9;at com.kms.katalon.core.main.TestCaseMain.startTestSuite(TestCaseMain.java:157)&#xD;&#xA;&#x9;at com.kms.katalon.core.main.TestCaseMain$startTestSuite$0.call(Unknown Source)&#xD;&#xA;&#x9;at TempTestSuite1566900409643.run(TempTestSuite1566900409643.groovy:35)&#xD;&#xA;"/>
            <system-out>2019-08-27 17:09:41 - [TEST_CASE][ERROR] - Test Cases/AlterationScoringRuleApps/Financial Non Employee/Non Ultimate/FE6/TC-1 USD FE6: Test Cases/AlterationScoringRuleApps/Financial Non Employee/Non Ultimate/FE6/TC-1 USD FE6 FAILED.
Reason:
java.lang.NullPointerException: Cannot get property 'description' on null object&#xD;
	at TC-1 USD FE6.run(TC-1 USD FE6:27)&#xD;
	at com.kms.katalon.core.main.ScriptEngine.run(ScriptEngine.java:194)&#xD;
	at com.kms.katalon.core.main.ScriptEngine.runScriptAsRawText(ScriptEngine.java:119)&#xD;
	at com.kms.katalon.core.main.TestCaseExecutor.runScript(TestCaseExecutor.java:337)&#xD;
	at com.kms.katalon.core.main.TestCaseExecutor.doExecute(TestCaseExecutor.java:328)&#xD;
	at com.kms.katalon.core.main.TestCaseExecutor.processExecutionPhase(TestCaseExecutor.java:307)&#xD;
	at com.kms.katalon.core.main.TestCaseExecutor.accessMainPhase(TestCaseExecutor.java:299)&#xD;
	at com.kms.katalon.core.main.TestCaseExecutor.execute(TestCaseExecutor.java:233)&#xD;
	at com.kms.katalon.core.main.TestSuiteExecutor.accessTestCaseMainPhase(TestSuiteExecutor.java:133)&#xD;
	at com.kms.katalon.core.main.TestSuiteExecutor.accessTestSuiteMainPhase(TestSuiteExecutor.java:116)&#xD;
	at com.kms.katalon.core.main.TestSuiteExecutor.execute(TestSuiteExecutor.java:83)&#xD;
	at com.kms.katalon.core.main.TestCaseMain.startTestSuite(TestCaseMain.java:157)&#xD;
	at com.kms.katalon.core.main.TestCaseMain$startTestSuite$0.call(Unknown Source)&#xD;
	at TempTestSuite1566900409643.run(TempTestSuite1566900409643.groovy:35)&#xD;
&#xD;
&#xD;
2019-08-27 17:09:41 - [TEST_STEP][PASSED] - random = new java.util.Random(): null&#xD;
&#xD;
2019-08-27 17:09:41 - [TEST_STEP][PASSED] - compareHighestValueFsaDeathVsAddccMin = 6250000: null&#xD;
&#xD;
2019-08-27 17:09:41 - [TEST_STEP][PASSED] - compareHighestValueFsaDeathVsAddcc = random.nextInt(MAX_VALUE - compareHighestValueFsaDeathVsAddccMin) + compareHighestValueFsaDeathVsAddccMin: null&#xD;
&#xD;
2019-08-27 17:09:41 - [TEST_STEP][PASSED] - println(compareHighestValueFsaDeathVsAddcc): null&#xD;
&#xD;
2019-08-27 17:09:41 - [TEST_STEP][PASSED] - comment("Send request"): Send request&#xD;
&#xD;
2019-08-27 17:09:41 - [MESSAGE][INFO] - Send request&#xD;
&#xD;
2019-08-27 17:09:41 - [TEST_STEP][PASSED] - response = sendRequest(findTestObject("AlterationScoringRuleApps/Financial Non Employee/Non Ultimate/Object Request", ["transactionType":transactionType, "role":role, "increasingFsaFlag":increasingFsaFlag, "pecFlag":pecFlag, "occupationCode":occupationCode, ... ])): Send request successfully&#xD;
&#xD;
2019-08-27 17:09:41 - [MESSAGE][INFO] - HAR: C:\SURYAPURBA\PHS\PHS-BRMS\Reports\FinancialNonEmployee_NonUltimate\20190827_170649\requests\main\101.har&#xD;
&#xD;
2019-08-27 17:09:41 - [MESSAGE][PASSED] - Send request successfully&#xD;
&#xD;
2019-08-27 17:09:41 - [TEST_STEP][PASSED] - slurper = new groovy.json.JsonSlurper(): null&#xD;
&#xD;
2019-08-27 17:09:41 - [TEST_STEP][PASSED] - parseResponse = slurper.parseText(response.getResponseText()): null&#xD;
&#xD;
2019-08-27 17:09:41 - [TEST_STEP][PASSED] - println(parseResponse): null&#xD;
&#xD;
2019-08-27 17:09:41 - [TEST_STEP][PASSED] - attributes = evidenceCode: null&#xD;
&#xD;
2019-08-27 17:09:41 - [TEST_STEP][PASSED] - println(attributes): null&#xD;
&#xD;
2019-08-27 17:09:41 - [TEST_STEP][PASSED] - expected = description == "Butuh LSAR, ABR, BSM, RoC, RNA, Bukti Aset, F2F meeting": null&#xD;
&#xD;
2019-08-27 17:09:41 - [TEST_STEP][PASSED] - Start listener action : sampleAfterTestCase: null</system-out>
            <system-err>2019-08-27 17:09:41 - [TEST_CASE][ERROR] - Test Cases/AlterationScoringRuleApps/Financial Non Employee/Non Ultimate/FE6/TC-1 USD FE6: Test Cases/AlterationScoringRuleApps/Financial Non Employee/Non Ultimate/FE6/TC-1 USD FE6 FAILED.
Reason:
java.lang.NullPointerException: Cannot get property 'description' on null object&#xD;
	at TC-1 USD FE6.run(TC-1 USD FE6:27)&#xD;
	at com.kms.katalon.core.main.ScriptEngine.run(ScriptEngine.java:194)&#xD;
	at com.kms.katalon.core.main.ScriptEngine.runScriptAsRawText(ScriptEngine.java:119)&#xD;
	at com.kms.katalon.core.main.TestCaseExecutor.runScript(TestCaseExecutor.java:337)&#xD;
	at com.kms.katalon.core.main.TestCaseExecutor.doExecute(TestCaseExecutor.java:328)&#xD;
	at com.kms.katalon.core.main.TestCaseExecutor.processExecutionPhase(TestCaseExecutor.java:307)&#xD;
	at com.kms.katalon.core.main.TestCaseExecutor.accessMainPhase(TestCaseExecutor.java:299)&#xD;
	at com.kms.katalon.core.main.TestCaseExecutor.execute(TestCaseExecutor.java:233)&#xD;
	at com.kms.katalon.core.main.TestSuiteExecutor.accessTestCaseMainPhase(TestSuiteExecutor.java:133)&#xD;
	at com.kms.katalon.core.main.TestSuiteExecutor.accessTestSuiteMainPhase(TestSuiteExecutor.java:116)&#xD;
	at com.kms.katalon.core.main.TestSuiteExecutor.execute(TestSuiteExecutor.java:83)&#xD;
	at com.kms.katalon.core.main.TestCaseMain.startTestSuite(TestCaseMain.java:157)&#xD;
	at com.kms.katalon.core.main.TestCaseMain$startTestSuite$0.call(Unknown Source)&#xD;
	at TempTestSuite1566900409643.run(TempTestSuite1566900409643.groovy:35)</system-err>
        </testcase>
        <testcase name="Test Cases/AlterationScoringRuleApps/Financial Non Employee/Non Ultimate/FE6/TC-1 USD FE6" classname="Test Cases/AlterationScoringRuleApps/Financial Non Employee/Non Ultimate/FE6/TC-1 USD FE6" status="ERROR">
            <error type="ERROR" message="Test Cases/AlterationScoringRuleApps/Financial Non Employee/Non Ultimate/FE6/TC-1 USD FE6 FAILED.&#xA;Reason:&#xA;java.lang.NullPointerException: Cannot get property 'description' on null object&#xD;&#xA;&#x9;at TC-1 USD FE6.run(TC-1 USD FE6:27)&#xD;&#xA;&#x9;at com.kms.katalon.core.main.ScriptEngine.run(ScriptEngine.java:194)&#xD;&#xA;&#x9;at com.kms.katalon.core.main.ScriptEngine.runScriptAsRawText(ScriptEngine.java:119)&#xD;&#xA;&#x9;at com.kms.katalon.core.main.TestCaseExecutor.runScript(TestCaseExecutor.java:337)&#xD;&#xA;&#x9;at com.kms.katalon.core.main.TestCaseExecutor.doExecute(TestCaseExecutor.java:328)&#xD;&#xA;&#x9;at com.kms.katalon.core.main.TestCaseExecutor.processExecutionPhase(TestCaseExecutor.java:307)&#xD;&#xA;&#x9;at com.kms.katalon.core.main.TestCaseExecutor.accessMainPhase(TestCaseExecutor.java:299)&#xD;&#xA;&#x9;at com.kms.katalon.core.main.TestCaseExecutor.execute(TestCaseExecutor.java:233)&#xD;&#xA;&#x9;at com.kms.katalon.core.main.TestSuiteExecutor.accessTestCaseMainPhase(TestSuiteExecutor.java:133)&#xD;&#xA;&#x9;at com.kms.katalon.core.main.TestSuiteExecutor.accessTestSuiteMainPhase(TestSuiteExecutor.java:116)&#xD;&#xA;&#x9;at com.kms.katalon.core.main.TestSuiteExecutor.execute(TestSuiteExecutor.java:83)&#xD;&#xA;&#x9;at com.kms.katalon.core.main.TestCaseMain.startTestSuite(TestCaseMain.java:157)&#xD;&#xA;&#x9;at com.kms.katalon.core.main.TestCaseMain$startTestSuite$0.call(Unknown Source)&#xD;&#xA;&#x9;at TempTestSuite1566900409643.run(TempTestSuite1566900409643.groovy:35)&#xD;&#xA;"/>
            <system-out>2019-08-27 17:09:43 - [TEST_CASE][ERROR] - Test Cases/AlterationScoringRuleApps/Financial Non Employee/Non Ultimate/FE6/TC-1 USD FE6: Test Cases/AlterationScoringRuleApps/Financial Non Employee/Non Ultimate/FE6/TC-1 USD FE6 FAILED.
Reason:
java.lang.NullPointerException: Cannot get property 'description' on null object&#xD;
	at TC-1 USD FE6.run(TC-1 USD FE6:27)&#xD;
	at com.kms.katalon.core.main.ScriptEngine.run(ScriptEngine.java:194)&#xD;
	at com.kms.katalon.core.main.ScriptEngine.runScriptAsRawText(ScriptEngine.java:119)&#xD;
	at com.kms.katalon.core.main.TestCaseExecutor.runScript(TestCaseExecutor.java:337)&#xD;
	at com.kms.katalon.core.main.TestCaseExecutor.doExecute(TestCaseExecutor.java:328)&#xD;
	at com.kms.katalon.core.main.TestCaseExecutor.processExecutionPhase(TestCaseExecutor.java:307)&#xD;
	at com.kms.katalon.core.main.TestCaseExecutor.accessMainPhase(TestCaseExecutor.java:299)&#xD;
	at com.kms.katalon.core.main.TestCaseExecutor.execute(TestCaseExecutor.java:233)&#xD;
	at com.kms.katalon.core.main.TestSuiteExecutor.accessTestCaseMainPhase(TestSuiteExecutor.java:133)&#xD;
	at com.kms.katalon.core.main.TestSuiteExecutor.accessTestSuiteMainPhase(TestSuiteExecutor.java:116)&#xD;
	at com.kms.katalon.core.main.TestSuiteExecutor.execute(TestSuiteExecutor.java:83)&#xD;
	at com.kms.katalon.core.main.TestCaseMain.startTestSuite(TestCaseMain.java:157)&#xD;
	at com.kms.katalon.core.main.TestCaseMain$startTestSuite$0.call(Unknown Source)&#xD;
	at TempTestSuite1566900409643.run(TempTestSuite1566900409643.groovy:35)&#xD;
&#xD;
&#xD;
2019-08-27 17:09:46 - [TEST_STEP][PASSED] - random = new java.util.Random(): null&#xD;
&#xD;
2019-08-27 17:09:46 - [TEST_STEP][PASSED] - compareHighestValueFsaDeathVsAddccMin = 6250000: null&#xD;
&#xD;
2019-08-27 17:09:46 - [TEST_STEP][PASSED] - compareHighestValueFsaDeathVsAddcc = random.nextInt(MAX_VALUE - compareHighestValueFsaDeathVsAddccMin) + compareHighestValueFsaDeathVsAddccMin: null&#xD;
&#xD;
2019-08-27 17:09:46 - [TEST_STEP][PASSED] - println(compareHighestValueFsaDeathVsAddcc): null&#xD;
&#xD;
2019-08-27 17:09:46 - [TEST_STEP][PASSED] - comment("Send request"): Send request&#xD;
&#xD;
2019-08-27 17:09:46 - [MESSAGE][INFO] - Send request&#xD;
&#xD;
2019-08-27 17:09:46 - [TEST_STEP][PASSED] - response = sendRequest(findTestObject("AlterationScoringRuleApps/Financial Non Employee/Non Ultimate/Object Request", ["transactionType":transactionType, "role":role, "increasingFsaFlag":increasingFsaFlag, "pecFlag":pecFlag, "occupationCode":occupationCode, ... ])): Send request successfully&#xD;
&#xD;
2019-08-27 17:09:46 - [MESSAGE][INFO] - HAR: C:\SURYAPURBA\PHS\PHS-BRMS\Reports\FinancialNonEmployee_NonUltimate\20190827_170649\requests\main\102.har&#xD;
&#xD;
2019-08-27 17:09:46 - [MESSAGE][PASSED] - Send request successfully&#xD;
&#xD;
2019-08-27 17:09:46 - [TEST_STEP][PASSED] - slurper = new groovy.json.JsonSlurper(): null&#xD;
&#xD;
2019-08-27 17:09:46 - [TEST_STEP][PASSED] - parseResponse = slurper.parseText(response.getResponseText()): null&#xD;
&#xD;
2019-08-27 17:09:46 - [TEST_STEP][PASSED] - println(parseResponse): null&#xD;
&#xD;
2019-08-27 17:09:46 - [TEST_STEP][PASSED] - attributes = evidenceCode: null&#xD;
&#xD;
2019-08-27 17:09:46 - [TEST_STEP][PASSED] - println(attributes): null&#xD;
&#xD;
2019-08-27 17:09:46 - [TEST_STEP][PASSED] - expected = description == "Butuh LSAR, ABR, BSM, RoC, RNA, Bukti Aset, F2F meeting": null&#xD;
&#xD;
2019-08-27 17:09:46 - [TEST_STEP][PASSED] - Start listener action : sampleAfterTestCase: null</system-out>
            <system-err>2019-08-27 17:09:43 - [TEST_CASE][ERROR] - Test Cases/AlterationScoringRuleApps/Financial Non Employee/Non Ultimate/FE6/TC-1 USD FE6: Test Cases/AlterationScoringRuleApps/Financial Non Employee/Non Ultimate/FE6/TC-1 USD FE6 FAILED.
Reason:
java.lang.NullPointerException: Cannot get property 'description' on null object&#xD;
	at TC-1 USD FE6.run(TC-1 USD FE6:27)&#xD;
	at com.kms.katalon.core.main.ScriptEngine.run(ScriptEngine.java:194)&#xD;
	at com.kms.katalon.core.main.ScriptEngine.runScriptAsRawText(ScriptEngine.java:119)&#xD;
	at com.kms.katalon.core.main.TestCaseExecutor.runScript(TestCaseExecutor.java:337)&#xD;
	at com.kms.katalon.core.main.TestCaseExecutor.doExecute(TestCaseExecutor.java:328)&#xD;
	at com.kms.katalon.core.main.TestCaseExecutor.processExecutionPhase(TestCaseExecutor.java:307)&#xD;
	at com.kms.katalon.core.main.TestCaseExecutor.accessMainPhase(TestCaseExecutor.java:299)&#xD;
	at com.kms.katalon.core.main.TestCaseExecutor.execute(TestCaseExecutor.java:233)&#xD;
	at com.kms.katalon.core.main.TestSuiteExecutor.accessTestCaseMainPhase(TestSuiteExecutor.java:133)&#xD;
	at com.kms.katalon.core.main.TestSuiteExecutor.accessTestSuiteMainPhase(TestSuiteExecutor.java:116)&#xD;
	at com.kms.katalon.core.main.TestSuiteExecutor.execute(TestSuiteExecutor.java:83)&#xD;
	at com.kms.katalon.core.main.TestCaseMain.startTestSuite(TestCaseMain.java:157)&#xD;
	at com.kms.katalon.core.main.TestCaseMain$startTestSuite$0.call(Unknown Source)&#xD;
	at TempTestSuite1566900409643.run(TempTestSuite1566900409643.groovy:35)</system-err>
        </testcase>
        <testcase name="Test Cases/AlterationScoringRuleApps/Financial Non Employee/Non Ultimate/FE6/TC-1 USD FE6" classname="Test Cases/AlterationScoringRuleApps/Financial Non Employee/Non Ultimate/FE6/TC-1 USD FE6" status="ERROR">
            <error type="ERROR" message="Test Cases/AlterationScoringRuleApps/Financial Non Employee/Non Ultimate/FE6/TC-1 USD FE6 FAILED.&#xA;Reason:&#xA;java.lang.NullPointerException: Cannot get property 'description' on null object&#xD;&#xA;&#x9;at TC-1 USD FE6.run(TC-1 USD FE6:27)&#xD;&#xA;&#x9;at com.kms.katalon.core.main.ScriptEngine.run(ScriptEngine.java:194)&#xD;&#xA;&#x9;at com.kms.katalon.core.main.ScriptEngine.runScriptAsRawText(ScriptEngine.java:119)&#xD;&#xA;&#x9;at com.kms.katalon.core.main.TestCaseExecutor.runScript(TestCaseExecutor.java:337)&#xD;&#xA;&#x9;at com.kms.katalon.core.main.TestCaseExecutor.doExecute(TestCaseExecutor.java:328)&#xD;&#xA;&#x9;at com.kms.katalon.core.main.TestCaseExecutor.processExecutionPhase(TestCaseExecutor.java:307)&#xD;&#xA;&#x9;at com.kms.katalon.core.main.TestCaseExecutor.accessMainPhase(TestCaseExecutor.java:299)&#xD;&#xA;&#x9;at com.kms.katalon.core.main.TestCaseExecutor.execute(TestCaseExecutor.java:233)&#xD;&#xA;&#x9;at com.kms.katalon.core.main.TestSuiteExecutor.accessTestCaseMainPhase(TestSuiteExecutor.java:133)&#xD;&#xA;&#x9;at com.kms.katalon.core.main.TestSuiteExecutor.accessTestSuiteMainPhase(TestSuiteExecutor.java:116)&#xD;&#xA;&#x9;at com.kms.katalon.core.main.TestSuiteExecutor.execute(TestSuiteExecutor.java:83)&#xD;&#xA;&#x9;at com.kms.katalon.core.main.TestCaseMain.startTestSuite(TestCaseMain.java:157)&#xD;&#xA;&#x9;at com.kms.katalon.core.main.TestCaseMain$startTestSuite$0.call(Unknown Source)&#xD;&#xA;&#x9;at TempTestSuite1566900409643.run(TempTestSuite1566900409643.groovy:35)&#xD;&#xA;"/>
            <system-out>2019-08-27 17:09:47 - [TEST_CASE][ERROR] - Test Cases/AlterationScoringRuleApps/Financial Non Employee/Non Ultimate/FE6/TC-1 USD FE6: Test Cases/AlterationScoringRuleApps/Financial Non Employee/Non Ultimate/FE6/TC-1 USD FE6 FAILED.
Reason:
java.lang.NullPointerException: Cannot get property 'description' on null object&#xD;
	at TC-1 USD FE6.run(TC-1 USD FE6:27)&#xD;
	at com.kms.katalon.core.main.ScriptEngine.run(ScriptEngine.java:194)&#xD;
	at com.kms.katalon.core.main.ScriptEngine.runScriptAsRawText(ScriptEngine.java:119)&#xD;
	at com.kms.katalon.core.main.TestCaseExecutor.runScript(TestCaseExecutor.java:337)&#xD;
	at com.kms.katalon.core.main.TestCaseExecutor.doExecute(TestCaseExecutor.java:328)&#xD;
	at com.kms.katalon.core.main.TestCaseExecutor.processExecutionPhase(TestCaseExecutor.java:307)&#xD;
	at com.kms.katalon.core.main.TestCaseExecutor.accessMainPhase(TestCaseExecutor.java:299)&#xD;
	at com.kms.katalon.core.main.TestCaseExecutor.execute(TestCaseExecutor.java:233)&#xD;
	at com.kms.katalon.core.main.TestSuiteExecutor.accessTestCaseMainPhase(TestSuiteExecutor.java:133)&#xD;
	at com.kms.katalon.core.main.TestSuiteExecutor.accessTestSuiteMainPhase(TestSuiteExecutor.java:116)&#xD;
	at com.kms.katalon.core.main.TestSuiteExecutor.execute(TestSuiteExecutor.java:83)&#xD;
	at com.kms.katalon.core.main.TestCaseMain.startTestSuite(TestCaseMain.java:157)&#xD;
	at com.kms.katalon.core.main.TestCaseMain$startTestSuite$0.call(Unknown Source)&#xD;
	at TempTestSuite1566900409643.run(TempTestSuite1566900409643.groovy:35)&#xD;
&#xD;
&#xD;
2019-08-27 17:09:47 - [TEST_STEP][PASSED] - random = new java.util.Random(): null&#xD;
&#xD;
2019-08-27 17:09:47 - [TEST_STEP][PASSED] - compareHighestValueFsaDeathVsAddccMin = 6250000: null&#xD;
&#xD;
2019-08-27 17:09:47 - [TEST_STEP][PASSED] - compareHighestValueFsaDeathVsAddcc = random.nextInt(MAX_VALUE - compareHighestValueFsaDeathVsAddccMin) + compareHighestValueFsaDeathVsAddccMin: null&#xD;
&#xD;
2019-08-27 17:09:47 - [TEST_STEP][PASSED] - println(compareHighestValueFsaDeathVsAddcc): null&#xD;
&#xD;
2019-08-27 17:09:47 - [TEST_STEP][PASSED] - comment("Send request"): Send request&#xD;
&#xD;
2019-08-27 17:09:47 - [MESSAGE][INFO] - Send request&#xD;
&#xD;
2019-08-27 17:09:48 - [TEST_STEP][PASSED] - response = sendRequest(findTestObject("AlterationScoringRuleApps/Financial Non Employee/Non Ultimate/Object Request", ["transactionType":transactionType, "role":role, "increasingFsaFlag":increasingFsaFlag, "pecFlag":pecFlag, "occupationCode":occupationCode, ... ])): Send request successfully&#xD;
&#xD;
2019-08-27 17:09:48 - [MESSAGE][INFO] - HAR: C:\SURYAPURBA\PHS\PHS-BRMS\Reports\FinancialNonEmployee_NonUltimate\20190827_170649\requests\main\103.har&#xD;
&#xD;
2019-08-27 17:09:48 - [MESSAGE][PASSED] - Send request successfully&#xD;
&#xD;
2019-08-27 17:09:48 - [TEST_STEP][PASSED] - slurper = new groovy.json.JsonSlurper(): null&#xD;
&#xD;
2019-08-27 17:09:48 - [TEST_STEP][PASSED] - parseResponse = slurper.parseText(response.getResponseText()): null&#xD;
&#xD;
2019-08-27 17:09:48 - [TEST_STEP][PASSED] - println(parseResponse): null&#xD;
&#xD;
2019-08-27 17:09:48 - [TEST_STEP][PASSED] - attributes = evidenceCode: null&#xD;
&#xD;
2019-08-27 17:09:48 - [TEST_STEP][PASSED] - println(attributes): null&#xD;
&#xD;
2019-08-27 17:09:48 - [TEST_STEP][PASSED] - expected = description == "Butuh LSAR, ABR, BSM, RoC, RNA, Bukti Aset, F2F meeting": null&#xD;
&#xD;
2019-08-27 17:09:48 - [TEST_STEP][PASSED] - Start listener action : sampleAfterTestCase: null</system-out>
            <system-err>2019-08-27 17:09:47 - [TEST_CASE][ERROR] - Test Cases/AlterationScoringRuleApps/Financial Non Employee/Non Ultimate/FE6/TC-1 USD FE6: Test Cases/AlterationScoringRuleApps/Financial Non Employee/Non Ultimate/FE6/TC-1 USD FE6 FAILED.
Reason:
java.lang.NullPointerException: Cannot get property 'description' on null object&#xD;
	at TC-1 USD FE6.run(TC-1 USD FE6:27)&#xD;
	at com.kms.katalon.core.main.ScriptEngine.run(ScriptEngine.java:194)&#xD;
	at com.kms.katalon.core.main.ScriptEngine.runScriptAsRawText(ScriptEngine.java:119)&#xD;
	at com.kms.katalon.core.main.TestCaseExecutor.runScript(TestCaseExecutor.java:337)&#xD;
	at com.kms.katalon.core.main.TestCaseExecutor.doExecute(TestCaseExecutor.java:328)&#xD;
	at com.kms.katalon.core.main.TestCaseExecutor.processExecutionPhase(TestCaseExecutor.java:307)&#xD;
	at com.kms.katalon.core.main.TestCaseExecutor.accessMainPhase(TestCaseExecutor.java:299)&#xD;
	at com.kms.katalon.core.main.TestCaseExecutor.execute(TestCaseExecutor.java:233)&#xD;
	at com.kms.katalon.core.main.TestSuiteExecutor.accessTestCaseMainPhase(TestSuiteExecutor.java:133)&#xD;
	at com.kms.katalon.core.main.TestSuiteExecutor.accessTestSuiteMainPhase(TestSuiteExecutor.java:116)&#xD;
	at com.kms.katalon.core.main.TestSuiteExecutor.execute(TestSuiteExecutor.java:83)&#xD;
	at com.kms.katalon.core.main.TestCaseMain.startTestSuite(TestCaseMain.java:157)&#xD;
	at com.kms.katalon.core.main.TestCaseMain$startTestSuite$0.call(Unknown Source)&#xD;
	at TempTestSuite1566900409643.run(TempTestSuite1566900409643.groovy:35)</system-err>
        </testcase>
        <testcase name="Test Cases/AlterationScoringRuleApps/Financial Non Employee/Non Ultimate/FE6/TC-1 USD FE6" classname="Test Cases/AlterationScoringRuleApps/Financial Non Employee/Non Ultimate/FE6/TC-1 USD FE6" status="ERROR">
            <error type="ERROR" message="Test Cases/AlterationScoringRuleApps/Financial Non Employee/Non Ultimate/FE6/TC-1 USD FE6 FAILED.&#xA;Reason:&#xA;java.lang.NullPointerException: Cannot get property 'description' on null object&#xD;&#xA;&#x9;at TC-1 USD FE6.run(TC-1 USD FE6:27)&#xD;&#xA;&#x9;at com.kms.katalon.core.main.ScriptEngine.run(ScriptEngine.java:194)&#xD;&#xA;&#x9;at com.kms.katalon.core.main.ScriptEngine.runScriptAsRawText(ScriptEngine.java:119)&#xD;&#xA;&#x9;at com.kms.katalon.core.main.TestCaseExecutor.runScript(TestCaseExecutor.java:337)&#xD;&#xA;&#x9;at com.kms.katalon.core.main.TestCaseExecutor.doExecute(TestCaseExecutor.java:328)&#xD;&#xA;&#x9;at com.kms.katalon.core.main.TestCaseExecutor.processExecutionPhase(TestCaseExecutor.java:307)&#xD;&#xA;&#x9;at com.kms.katalon.core.main.TestCaseExecutor.accessMainPhase(TestCaseExecutor.java:299)&#xD;&#xA;&#x9;at com.kms.katalon.core.main.TestCaseExecutor.execute(TestCaseExecutor.java:233)&#xD;&#xA;&#x9;at com.kms.katalon.core.main.TestSuiteExecutor.accessTestCaseMainPhase(TestSuiteExecutor.java:133)&#xD;&#xA;&#x9;at com.kms.katalon.core.main.TestSuiteExecutor.accessTestSuiteMainPhase(TestSuiteExecutor.java:116)&#xD;&#xA;&#x9;at com.kms.katalon.core.main.TestSuiteExecutor.execute(TestSuiteExecutor.java:83)&#xD;&#xA;&#x9;at com.kms.katalon.core.main.TestCaseMain.startTestSuite(TestCaseMain.java:157)&#xD;&#xA;&#x9;at com.kms.katalon.core.main.TestCaseMain$startTestSuite$0.call(Unknown Source)&#xD;&#xA;&#x9;at TempTestSuite1566900409643.run(TempTestSuite1566900409643.groovy:35)&#xD;&#xA;"/>
            <system-out>2019-08-27 17:09:49 - [TEST_CASE][ERROR] - Test Cases/AlterationScoringRuleApps/Financial Non Employee/Non Ultimate/FE6/TC-1 USD FE6: Test Cases/AlterationScoringRuleApps/Financial Non Employee/Non Ultimate/FE6/TC-1 USD FE6 FAILED.
Reason:
java.lang.NullPointerException: Cannot get property 'description' on null object&#xD;
	at TC-1 USD FE6.run(TC-1 USD FE6:27)&#xD;
	at com.kms.katalon.core.main.ScriptEngine.run(ScriptEngine.java:194)&#xD;
	at com.kms.katalon.core.main.ScriptEngine.runScriptAsRawText(ScriptEngine.java:119)&#xD;
	at com.kms.katalon.core.main.TestCaseExecutor.runScript(TestCaseExecutor.java:337)&#xD;
	at com.kms.katalon.core.main.TestCaseExecutor.doExecute(TestCaseExecutor.java:328)&#xD;
	at com.kms.katalon.core.main.TestCaseExecutor.processExecutionPhase(TestCaseExecutor.java:307)&#xD;
	at com.kms.katalon.core.main.TestCaseExecutor.accessMainPhase(TestCaseExecutor.java:299)&#xD;
	at com.kms.katalon.core.main.TestCaseExecutor.execute(TestCaseExecutor.java:233)&#xD;
	at com.kms.katalon.core.main.TestSuiteExecutor.accessTestCaseMainPhase(TestSuiteExecutor.java:133)&#xD;
	at com.kms.katalon.core.main.TestSuiteExecutor.accessTestSuiteMainPhase(TestSuiteExecutor.java:116)&#xD;
	at com.kms.katalon.core.main.TestSuiteExecutor.execute(TestSuiteExecutor.java:83)&#xD;
	at com.kms.katalon.core.main.TestCaseMain.startTestSuite(TestCaseMain.java:157)&#xD;
	at com.kms.katalon.core.main.TestCaseMain$startTestSuite$0.call(Unknown Source)&#xD;
	at TempTestSuite1566900409643.run(TempTestSuite1566900409643.groovy:35)&#xD;
&#xD;
&#xD;
2019-08-27 17:09:50 - [TEST_STEP][PASSED] - random = new java.util.Random(): null&#xD;
&#xD;
2019-08-27 17:09:50 - [TEST_STEP][PASSED] - compareHighestValueFsaDeathVsAddccMin = 6250000: null&#xD;
&#xD;
2019-08-27 17:09:50 - [TEST_STEP][PASSED] - compareHighestValueFsaDeathVsAddcc = random.nextInt(MAX_VALUE - compareHighestValueFsaDeathVsAddccMin) + compareHighestValueFsaDeathVsAddccMin: null&#xD;
&#xD;
2019-08-27 17:09:50 - [TEST_STEP][PASSED] - println(compareHighestValueFsaDeathVsAddcc): null&#xD;
&#xD;
2019-08-27 17:09:50 - [TEST_STEP][PASSED] - comment("Send request"): Send request&#xD;
&#xD;
2019-08-27 17:09:50 - [MESSAGE][INFO] - Send request&#xD;
&#xD;
2019-08-27 17:09:50 - [TEST_STEP][PASSED] - response = sendRequest(findTestObject("AlterationScoringRuleApps/Financial Non Employee/Non Ultimate/Object Request", ["transactionType":transactionType, "role":role, "increasingFsaFlag":increasingFsaFlag, "pecFlag":pecFlag, "occupationCode":occupationCode, ... ])): Send request successfully&#xD;
&#xD;
2019-08-27 17:09:50 - [MESSAGE][INFO] - HAR: C:\SURYAPURBA\PHS\PHS-BRMS\Reports\FinancialNonEmployee_NonUltimate\20190827_170649\requests\main\104.har&#xD;
&#xD;
2019-08-27 17:09:50 - [MESSAGE][PASSED] - Send request successfully&#xD;
&#xD;
2019-08-27 17:09:50 - [TEST_STEP][PASSED] - slurper = new groovy.json.JsonSlurper(): null&#xD;
&#xD;
2019-08-27 17:09:50 - [TEST_STEP][PASSED] - parseResponse = slurper.parseText(response.getResponseText()): null&#xD;
&#xD;
2019-08-27 17:09:51 - [TEST_STEP][PASSED] - println(parseResponse): null&#xD;
&#xD;
2019-08-27 17:09:51 - [TEST_STEP][PASSED] - attributes = evidenceCode: null&#xD;
&#xD;
2019-08-27 17:09:51 - [TEST_STEP][PASSED] - println(attributes): null&#xD;
&#xD;
2019-08-27 17:09:51 - [TEST_STEP][PASSED] - expected = description == "Butuh LSAR, ABR, BSM, RoC, RNA, Bukti Aset, F2F meeting": null&#xD;
&#xD;
2019-08-27 17:09:51 - [TEST_STEP][PASSED] - Start listener action : sampleAfterTestCase: null</system-out>
            <system-err>2019-08-27 17:09:49 - [TEST_CASE][ERROR] - Test Cases/AlterationScoringRuleApps/Financial Non Employee/Non Ultimate/FE6/TC-1 USD FE6: Test Cases/AlterationScoringRuleApps/Financial Non Employee/Non Ultimate/FE6/TC-1 USD FE6 FAILED.
Reason:
java.lang.NullPointerException: Cannot get property 'description' on null object&#xD;
	at TC-1 USD FE6.run(TC-1 USD FE6:27)&#xD;
	at com.kms.katalon.core.main.ScriptEngine.run(ScriptEngine.java:194)&#xD;
	at com.kms.katalon.core.main.ScriptEngine.runScriptAsRawText(ScriptEngine.java:119)&#xD;
	at com.kms.katalon.core.main.TestCaseExecutor.runScript(TestCaseExecutor.java:337)&#xD;
	at com.kms.katalon.core.main.TestCaseExecutor.doExecute(TestCaseExecutor.java:328)&#xD;
	at com.kms.katalon.core.main.TestCaseExecutor.processExecutionPhase(TestCaseExecutor.java:307)&#xD;
	at com.kms.katalon.core.main.TestCaseExecutor.accessMainPhase(TestCaseExecutor.java:299)&#xD;
	at com.kms.katalon.core.main.TestCaseExecutor.execute(TestCaseExecutor.java:233)&#xD;
	at com.kms.katalon.core.main.TestSuiteExecutor.accessTestCaseMainPhase(TestSuiteExecutor.java:133)&#xD;
	at com.kms.katalon.core.main.TestSuiteExecutor.accessTestSuiteMainPhase(TestSuiteExecutor.java:116)&#xD;
	at com.kms.katalon.core.main.TestSuiteExecutor.execute(TestSuiteExecutor.java:83)&#xD;
	at com.kms.katalon.core.main.TestCaseMain.startTestSuite(TestCaseMain.java:157)&#xD;
	at com.kms.katalon.core.main.TestCaseMain$startTestSuite$0.call(Unknown Source)&#xD;
	at TempTestSuite1566900409643.run(TempTestSuite1566900409643.groovy:35)</system-err>
        </testcase>
        <testcase name="Test Cases/AlterationScoringRuleApps/Financial Non Employee/Non Ultimate/FE6/TC-2 IDR FE6" classname="Test Cases/AlterationScoringRuleApps/Financial Non Employee/Non Ultimate/FE6/TC-2 IDR FE6" status="ERROR">
            <error type="ERROR" message="Test Cases/AlterationScoringRuleApps/Financial Non Employee/Non Ultimate/FE6/TC-2 IDR FE6 FAILED.&#xA;Reason:&#xA;java.lang.NullPointerException: Cannot get property 'description' on null object&#xD;&#xA;&#x9;at TC-2 IDR FE6.run(TC-2 IDR FE6:28)&#xD;&#xA;&#x9;at com.kms.katalon.core.main.ScriptEngine.run(ScriptEngine.java:194)&#xD;&#xA;&#x9;at com.kms.katalon.core.main.ScriptEngine.runScriptAsRawText(ScriptEngine.java:119)&#xD;&#xA;&#x9;at com.kms.katalon.core.main.TestCaseExecutor.runScript(TestCaseExecutor.java:337)&#xD;&#xA;&#x9;at com.kms.katalon.core.main.TestCaseExecutor.doExecute(TestCaseExecutor.java:328)&#xD;&#xA;&#x9;at com.kms.katalon.core.main.TestCaseExecutor.processExecutionPhase(TestCaseExecutor.java:307)&#xD;&#xA;&#x9;at com.kms.katalon.core.main.TestCaseExecutor.accessMainPhase(TestCaseExecutor.java:299)&#xD;&#xA;&#x9;at com.kms.katalon.core.main.TestCaseExecutor.execute(TestCaseExecutor.java:233)&#xD;&#xA;&#x9;at com.kms.katalon.core.main.TestSuiteExecutor.accessTestCaseMainPhase(TestSuiteExecutor.java:133)&#xD;&#xA;&#x9;at com.kms.katalon.core.main.TestSuiteExecutor.accessTestSuiteMainPhase(TestSuiteExecutor.java:116)&#xD;&#xA;&#x9;at com.kms.katalon.core.main.TestSuiteExecutor.execute(TestSuiteExecutor.java:83)&#xD;&#xA;&#x9;at com.kms.katalon.core.main.TestCaseMain.startTestSuite(TestCaseMain.java:157)&#xD;&#xA;&#x9;at com.kms.katalon.core.main.TestCaseMain$startTestSuite$0.call(Unknown Source)&#xD;&#xA;&#x9;at TempTestSuite1566900409643.run(TempTestSuite1566900409643.groovy:35)&#xD;&#xA;"/>
            <system-out>2019-08-27 17:09:53 - [TEST_CASE][ERROR] - Test Cases/AlterationScoringRuleApps/Financial Non Employee/Non Ultimate/FE6/TC-2 IDR FE6: Test Cases/AlterationScoringRuleApps/Financial Non Employee/Non Ultimate/FE6/TC-2 IDR FE6 FAILED.
Reason:
java.lang.NullPointerException: Cannot get property 'description' on null object&#xD;
	at TC-2 IDR FE6.run(TC-2 IDR FE6:28)&#xD;
	at com.kms.katalon.core.main.ScriptEngine.run(ScriptEngine.java:194)&#xD;
	at com.kms.katalon.core.main.ScriptEngine.runScriptAsRawText(ScriptEngine.java:119)&#xD;
	at com.kms.katalon.core.main.TestCaseExecutor.runScript(TestCaseExecutor.java:337)&#xD;
	at com.kms.katalon.core.main.TestCaseExecutor.doExecute(TestCaseExecutor.java:328)&#xD;
	at com.kms.katalon.core.main.TestCaseExecutor.processExecutionPhase(TestCaseExecutor.java:307)&#xD;
	at com.kms.katalon.core.main.TestCaseExecutor.accessMainPhase(TestCaseExecutor.java:299)&#xD;
	at com.kms.katalon.core.main.TestCaseExecutor.execute(TestCaseExecutor.java:233)&#xD;
	at com.kms.katalon.core.main.TestSuiteExecutor.accessTestCaseMainPhase(TestSuiteExecutor.java:133)&#xD;
	at com.kms.katalon.core.main.TestSuiteExecutor.accessTestSuiteMainPhase(TestSuiteExecutor.java:116)&#xD;
	at com.kms.katalon.core.main.TestSuiteExecutor.execute(TestSuiteExecutor.java:83)&#xD;
	at com.kms.katalon.core.main.TestCaseMain.startTestSuite(TestCaseMain.java:157)&#xD;
	at com.kms.katalon.core.main.TestCaseMain$startTestSuite$0.call(Unknown Source)&#xD;
	at TempTestSuite1566900409643.run(TempTestSuite1566900409643.groovy:35)&#xD;
&#xD;
&#xD;
2019-08-27 17:09:55 - [TEST_STEP][PASSED] - random = new java.util.Random(): null&#xD;
&#xD;
2019-08-27 17:09:55 - [TEST_STEP][PASSED] - compareHighestValueFsaDeathVsAddccMin = 50000000000: null&#xD;
&#xD;
2019-08-27 17:09:55 - [TEST_STEP][PASSED] - compareHighestValueFsaDeathVsAddccMax = 999999999999: null&#xD;
&#xD;
2019-08-27 17:09:55 - [TEST_STEP][PASSED] - compareHighestValueFsaDeathVsAddcc = random.nextInt(compareHighestValueFsaDeathVsAddccMax - compareHighestValueFsaDeathVsAddccMin) + compareHighestValueFsaDeathVsAddccMin: null&#xD;
&#xD;
2019-08-27 17:09:55 - [TEST_STEP][PASSED] - println(compareHighestValueFsaDeathVsAddcc): null&#xD;
&#xD;
2019-08-27 17:09:55 - [TEST_STEP][PASSED] - comment("Send request"): Send request&#xD;
&#xD;
2019-08-27 17:09:55 - [MESSAGE][INFO] - Send request&#xD;
&#xD;
2019-08-27 17:09:55 - [TEST_STEP][PASSED] - response = sendRequest(findTestObject("AlterationScoringRuleApps/Financial Non Employee/Non Ultimate/Object Request", ["transactionType":transactionType, "role":role, "increasingFsaFlag":increasingFsaFlag, "pecFlag":pecFlag, "occupationCode":occupationCode, ... ])): Send request successfully&#xD;
&#xD;
2019-08-27 17:09:55 - [MESSAGE][INFO] - HAR: C:\SURYAPURBA\PHS\PHS-BRMS\Reports\FinancialNonEmployee_NonUltimate\20190827_170649\requests\main\105.har&#xD;
&#xD;
2019-08-27 17:09:55 - [MESSAGE][PASSED] - Send request successfully&#xD;
&#xD;
2019-08-27 17:09:55 - [TEST_STEP][PASSED] - slurper = new groovy.json.JsonSlurper(): null&#xD;
&#xD;
2019-08-27 17:09:55 - [TEST_STEP][PASSED] - parseResponse = slurper.parseText(response.getResponseText()): null&#xD;
&#xD;
2019-08-27 17:09:55 - [TEST_STEP][PASSED] - println(parseResponse): null&#xD;
&#xD;
2019-08-27 17:09:55 - [TEST_STEP][PASSED] - attributes = evidenceCode: null&#xD;
&#xD;
2019-08-27 17:09:55 - [TEST_STEP][PASSED] - println(attributes): null&#xD;
&#xD;
2019-08-27 17:09:55 - [TEST_STEP][PASSED] - expected = description == "Butuh LSAR, ABR, BSM, RoC, RNA, Bukti Aset, F2F meeting": null&#xD;
&#xD;
2019-08-27 17:09:55 - [TEST_STEP][PASSED] - Start listener action : sampleAfterTestCase: null</system-out>
            <system-err>2019-08-27 17:09:53 - [TEST_CASE][ERROR] - Test Cases/AlterationScoringRuleApps/Financial Non Employee/Non Ultimate/FE6/TC-2 IDR FE6: Test Cases/AlterationScoringRuleApps/Financial Non Employee/Non Ultimate/FE6/TC-2 IDR FE6 FAILED.
Reason:
java.lang.NullPointerException: Cannot get property 'description' on null object&#xD;
	at TC-2 IDR FE6.run(TC-2 IDR FE6:28)&#xD;
	at com.kms.katalon.core.main.ScriptEngine.run(ScriptEngine.java:194)&#xD;
	at com.kms.katalon.core.main.ScriptEngine.runScriptAsRawText(ScriptEngine.java:119)&#xD;
	at com.kms.katalon.core.main.TestCaseExecutor.runScript(TestCaseExecutor.java:337)&#xD;
	at com.kms.katalon.core.main.TestCaseExecutor.doExecute(TestCaseExecutor.java:328)&#xD;
	at com.kms.katalon.core.main.TestCaseExecutor.processExecutionPhase(TestCaseExecutor.java:307)&#xD;
	at com.kms.katalon.core.main.TestCaseExecutor.accessMainPhase(TestCaseExecutor.java:299)&#xD;
	at com.kms.katalon.core.main.TestCaseExecutor.execute(TestCaseExecutor.java:233)&#xD;
	at com.kms.katalon.core.main.TestSuiteExecutor.accessTestCaseMainPhase(TestSuiteExecutor.java:133)&#xD;
	at com.kms.katalon.core.main.TestSuiteExecutor.accessTestSuiteMainPhase(TestSuiteExecutor.java:116)&#xD;
	at com.kms.katalon.core.main.TestSuiteExecutor.execute(TestSuiteExecutor.java:83)&#xD;
	at com.kms.katalon.core.main.TestCaseMain.startTestSuite(TestCaseMain.java:157)&#xD;
	at com.kms.katalon.core.main.TestCaseMain$startTestSuite$0.call(Unknown Source)&#xD;
	at TempTestSuite1566900409643.run(TempTestSuite1566900409643.groovy:35)</system-err>
        </testcase>
        <testcase name="Test Cases/AlterationScoringRuleApps/Financial Non Employee/Non Ultimate/FE6/TC-2 IDR FE6" classname="Test Cases/AlterationScoringRuleApps/Financial Non Employee/Non Ultimate/FE6/TC-2 IDR FE6" status="ERROR">
            <error type="ERROR" message="Test Cases/AlterationScoringRuleApps/Financial Non Employee/Non Ultimate/FE6/TC-2 IDR FE6 FAILED.&#xA;Reason:&#xA;java.lang.NullPointerException: Cannot get property 'description' on null object&#xD;&#xA;&#x9;at TC-2 IDR FE6.run(TC-2 IDR FE6:28)&#xD;&#xA;&#x9;at com.kms.katalon.core.main.ScriptEngine.run(ScriptEngine.java:194)&#xD;&#xA;&#x9;at com.kms.katalon.core.main.ScriptEngine.runScriptAsRawText(ScriptEngine.java:119)&#xD;&#xA;&#x9;at com.kms.katalon.core.main.TestCaseExecutor.runScript(TestCaseExecutor.java:337)&#xD;&#xA;&#x9;at com.kms.katalon.core.main.TestCaseExecutor.doExecute(TestCaseExecutor.java:328)&#xD;&#xA;&#x9;at com.kms.katalon.core.main.TestCaseExecutor.processExecutionPhase(TestCaseExecutor.java:307)&#xD;&#xA;&#x9;at com.kms.katalon.core.main.TestCaseExecutor.accessMainPhase(TestCaseExecutor.java:299)&#xD;&#xA;&#x9;at com.kms.katalon.core.main.TestCaseExecutor.execute(TestCaseExecutor.java:233)&#xD;&#xA;&#x9;at com.kms.katalon.core.main.TestSuiteExecutor.accessTestCaseMainPhase(TestSuiteExecutor.java:133)&#xD;&#xA;&#x9;at com.kms.katalon.core.main.TestSuiteExecutor.accessTestSuiteMainPhase(TestSuiteExecutor.java:116)&#xD;&#xA;&#x9;at com.kms.katalon.core.main.TestSuiteExecutor.execute(TestSuiteExecutor.java:83)&#xD;&#xA;&#x9;at com.kms.katalon.core.main.TestCaseMain.startTestSuite(TestCaseMain.java:157)&#xD;&#xA;&#x9;at com.kms.katalon.core.main.TestCaseMain$startTestSuite$0.call(Unknown Source)&#xD;&#xA;&#x9;at TempTestSuite1566900409643.run(TempTestSuite1566900409643.groovy:35)&#xD;&#xA;"/>
            <system-out>2019-08-27 17:09:56 - [TEST_CASE][ERROR] - Test Cases/AlterationScoringRuleApps/Financial Non Employee/Non Ultimate/FE6/TC-2 IDR FE6: Test Cases/AlterationScoringRuleApps/Financial Non Employee/Non Ultimate/FE6/TC-2 IDR FE6 FAILED.
Reason:
java.lang.NullPointerException: Cannot get property 'description' on null object&#xD;
	at TC-2 IDR FE6.run(TC-2 IDR FE6:28)&#xD;
	at com.kms.katalon.core.main.ScriptEngine.run(ScriptEngine.java:194)&#xD;
	at com.kms.katalon.core.main.ScriptEngine.runScriptAsRawText(ScriptEngine.java:119)&#xD;
	at com.kms.katalon.core.main.TestCaseExecutor.runScript(TestCaseExecutor.java:337)&#xD;
	at com.kms.katalon.core.main.TestCaseExecutor.doExecute(TestCaseExecutor.java:328)&#xD;
	at com.kms.katalon.core.main.TestCaseExecutor.processExecutionPhase(TestCaseExecutor.java:307)&#xD;
	at com.kms.katalon.core.main.TestCaseExecutor.accessMainPhase(TestCaseExecutor.java:299)&#xD;
	at com.kms.katalon.core.main.TestCaseExecutor.execute(TestCaseExecutor.java:233)&#xD;
	at com.kms.katalon.core.main.TestSuiteExecutor.accessTestCaseMainPhase(TestSuiteExecutor.java:133)&#xD;
	at com.kms.katalon.core.main.TestSuiteExecutor.accessTestSuiteMainPhase(TestSuiteExecutor.java:116)&#xD;
	at com.kms.katalon.core.main.TestSuiteExecutor.execute(TestSuiteExecutor.java:83)&#xD;
	at com.kms.katalon.core.main.TestCaseMain.startTestSuite(TestCaseMain.java:157)&#xD;
	at com.kms.katalon.core.main.TestCaseMain$startTestSuite$0.call(Unknown Source)&#xD;
	at TempTestSuite1566900409643.run(TempTestSuite1566900409643.groovy:35)&#xD;
&#xD;
&#xD;
2019-08-27 17:09:56 - [TEST_STEP][PASSED] - random = new java.util.Random(): null&#xD;
&#xD;
2019-08-27 17:09:56 - [TEST_STEP][PASSED] - compareHighestValueFsaDeathVsAddccMin = 50000000000: null&#xD;
&#xD;
2019-08-27 17:09:56 - [TEST_STEP][PASSED] - compareHighestValueFsaDeathVsAddccMax = 999999999999: null&#xD;
&#xD;
2019-08-27 17:09:56 - [TEST_STEP][PASSED] - compareHighestValueFsaDeathVsAddcc = random.nextInt(compareHighestValueFsaDeathVsAddccMax - compareHighestValueFsaDeathVsAddccMin) + compareHighestValueFsaDeathVsAddccMin: null&#xD;
&#xD;
2019-08-27 17:09:56 - [TEST_STEP][PASSED] - println(compareHighestValueFsaDeathVsAddcc): null&#xD;
&#xD;
2019-08-27 17:09:56 - [TEST_STEP][PASSED] - comment("Send request"): Send request&#xD;
&#xD;
2019-08-27 17:09:56 - [MESSAGE][INFO] - Send request&#xD;
&#xD;
2019-08-27 17:09:56 - [TEST_STEP][PASSED] - response = sendRequest(findTestObject("AlterationScoringRuleApps/Financial Non Employee/Non Ultimate/Object Request", ["transactionType":transactionType, "role":role, "increasingFsaFlag":increasingFsaFlag, "pecFlag":pecFlag, "occupationCode":occupationCode, ... ])): Send request successfully&#xD;
&#xD;
2019-08-27 17:09:56 - [MESSAGE][INFO] - HAR: C:\SURYAPURBA\PHS\PHS-BRMS\Reports\FinancialNonEmployee_NonUltimate\20190827_170649\requests\main\106.har&#xD;
&#xD;
2019-08-27 17:09:56 - [MESSAGE][PASSED] - Send request successfully&#xD;
&#xD;
2019-08-27 17:09:57 - [TEST_STEP][PASSED] - slurper = new groovy.json.JsonSlurper(): null&#xD;
&#xD;
2019-08-27 17:09:57 - [TEST_STEP][PASSED] - parseResponse = slurper.parseText(response.getResponseText()): null&#xD;
&#xD;
2019-08-27 17:09:57 - [TEST_STEP][PASSED] - println(parseResponse): null&#xD;
&#xD;
2019-08-27 17:09:57 - [TEST_STEP][PASSED] - attributes = evidenceCode: null&#xD;
&#xD;
2019-08-27 17:09:57 - [TEST_STEP][PASSED] - println(attributes): null&#xD;
&#xD;
2019-08-27 17:09:57 - [TEST_STEP][PASSED] - expected = description == "Butuh LSAR, ABR, BSM, RoC, RNA, Bukti Aset, F2F meeting": null&#xD;
&#xD;
2019-08-27 17:09:57 - [TEST_STEP][PASSED] - Start listener action : sampleAfterTestCase: null</system-out>
            <system-err>2019-08-27 17:09:56 - [TEST_CASE][ERROR] - Test Cases/AlterationScoringRuleApps/Financial Non Employee/Non Ultimate/FE6/TC-2 IDR FE6: Test Cases/AlterationScoringRuleApps/Financial Non Employee/Non Ultimate/FE6/TC-2 IDR FE6 FAILED.
Reason:
java.lang.NullPointerException: Cannot get property 'description' on null object&#xD;
	at TC-2 IDR FE6.run(TC-2 IDR FE6:28)&#xD;
	at com.kms.katalon.core.main.ScriptEngine.run(ScriptEngine.java:194)&#xD;
	at com.kms.katalon.core.main.ScriptEngine.runScriptAsRawText(ScriptEngine.java:119)&#xD;
	at com.kms.katalon.core.main.TestCaseExecutor.runScript(TestCaseExecutor.java:337)&#xD;
	at com.kms.katalon.core.main.TestCaseExecutor.doExecute(TestCaseExecutor.java:328)&#xD;
	at com.kms.katalon.core.main.TestCaseExecutor.processExecutionPhase(TestCaseExecutor.java:307)&#xD;
	at com.kms.katalon.core.main.TestCaseExecutor.accessMainPhase(TestCaseExecutor.java:299)&#xD;
	at com.kms.katalon.core.main.TestCaseExecutor.execute(TestCaseExecutor.java:233)&#xD;
	at com.kms.katalon.core.main.TestSuiteExecutor.accessTestCaseMainPhase(TestSuiteExecutor.java:133)&#xD;
	at com.kms.katalon.core.main.TestSuiteExecutor.accessTestSuiteMainPhase(TestSuiteExecutor.java:116)&#xD;
	at com.kms.katalon.core.main.TestSuiteExecutor.execute(TestSuiteExecutor.java:83)&#xD;
	at com.kms.katalon.core.main.TestCaseMain.startTestSuite(TestCaseMain.java:157)&#xD;
	at com.kms.katalon.core.main.TestCaseMain$startTestSuite$0.call(Unknown Source)&#xD;
	at TempTestSuite1566900409643.run(TempTestSuite1566900409643.groovy:35)</system-err>
        </testcase>
        <testcase name="Test Cases/AlterationScoringRuleApps/Financial Non Employee/Non Ultimate/FE6/TC-2 IDR FE6" classname="Test Cases/AlterationScoringRuleApps/Financial Non Employee/Non Ultimate/FE6/TC-2 IDR FE6" status="ERROR">
            <error type="ERROR" message="Test Cases/AlterationScoringRuleApps/Financial Non Employee/Non Ultimate/FE6/TC-2 IDR FE6 FAILED.&#xA;Reason:&#xA;java.lang.NullPointerException: Cannot get property 'description' on null object&#xD;&#xA;&#x9;at TC-2 IDR FE6.run(TC-2 IDR FE6:28)&#xD;&#xA;&#x9;at com.kms.katalon.core.main.ScriptEngine.run(ScriptEngine.java:194)&#xD;&#xA;&#x9;at com.kms.katalon.core.main.ScriptEngine.runScriptAsRawText(ScriptEngine.java:119)&#xD;&#xA;&#x9;at com.kms.katalon.core.main.TestCaseExecutor.runScript(TestCaseExecutor.java:337)&#xD;&#xA;&#x9;at com.kms.katalon.core.main.TestCaseExecutor.doExecute(TestCaseExecutor.java:328)&#xD;&#xA;&#x9;at com.kms.katalon.core.main.TestCaseExecutor.processExecutionPhase(TestCaseExecutor.java:307)&#xD;&#xA;&#x9;at com.kms.katalon.core.main.TestCaseExecutor.accessMainPhase(TestCaseExecutor.java:299)&#xD;&#xA;&#x9;at com.kms.katalon.core.main.TestCaseExecutor.execute(TestCaseExecutor.java:233)&#xD;&#xA;&#x9;at com.kms.katalon.core.main.TestSuiteExecutor.accessTestCaseMainPhase(TestSuiteExecutor.java:133)&#xD;&#xA;&#x9;at com.kms.katalon.core.main.TestSuiteExecutor.accessTestSuiteMainPhase(TestSuiteExecutor.java:116)&#xD;&#xA;&#x9;at com.kms.katalon.core.main.TestSuiteExecutor.execute(TestSuiteExecutor.java:83)&#xD;&#xA;&#x9;at com.kms.katalon.core.main.TestCaseMain.startTestSuite(TestCaseMain.java:157)&#xD;&#xA;&#x9;at com.kms.katalon.core.main.TestCaseMain$startTestSuite$0.call(Unknown Source)&#xD;&#xA;&#x9;at TempTestSuite1566900409643.run(TempTestSuite1566900409643.groovy:35)&#xD;&#xA;"/>
            <system-out>2019-08-27 17:09:59 - [TEST_CASE][ERROR] - Test Cases/AlterationScoringRuleApps/Financial Non Employee/Non Ultimate/FE6/TC-2 IDR FE6: Test Cases/AlterationScoringRuleApps/Financial Non Employee/Non Ultimate/FE6/TC-2 IDR FE6 FAILED.
Reason:
java.lang.NullPointerException: Cannot get property 'description' on null object&#xD;
	at TC-2 IDR FE6.run(TC-2 IDR FE6:28)&#xD;
	at com.kms.katalon.core.main.ScriptEngine.run(ScriptEngine.java:194)&#xD;
	at com.kms.katalon.core.main.ScriptEngine.runScriptAsRawText(ScriptEngine.java:119)&#xD;
	at com.kms.katalon.core.main.TestCaseExecutor.runScript(TestCaseExecutor.java:337)&#xD;
	at com.kms.katalon.core.main.TestCaseExecutor.doExecute(TestCaseExecutor.java:328)&#xD;
	at com.kms.katalon.core.main.TestCaseExecutor.processExecutionPhase(TestCaseExecutor.java:307)&#xD;
	at com.kms.katalon.core.main.TestCaseExecutor.accessMainPhase(TestCaseExecutor.java:299)&#xD;
	at com.kms.katalon.core.main.TestCaseExecutor.execute(TestCaseExecutor.java:233)&#xD;
	at com.kms.katalon.core.main.TestSuiteExecutor.accessTestCaseMainPhase(TestSuiteExecutor.java:133)&#xD;
	at com.kms.katalon.core.main.TestSuiteExecutor.accessTestSuiteMainPhase(TestSuiteExecutor.java:116)&#xD;
	at com.kms.katalon.core.main.TestSuiteExecutor.execute(TestSuiteExecutor.java:83)&#xD;
	at com.kms.katalon.core.main.TestCaseMain.startTestSuite(TestCaseMain.java:157)&#xD;
	at com.kms.katalon.core.main.TestCaseMain$startTestSuite$0.call(Unknown Source)&#xD;
	at TempTestSuite1566900409643.run(TempTestSuite1566900409643.groovy:35)&#xD;
&#xD;
&#xD;
2019-08-27 17:10:02 - [TEST_STEP][PASSED] - random = new java.util.Random(): null&#xD;
&#xD;
2019-08-27 17:10:02 - [TEST_STEP][PASSED] - compareHighestValueFsaDeathVsAddccMin = 50000000000: null&#xD;
&#xD;
2019-08-27 17:10:02 - [TEST_STEP][PASSED] - compareHighestValueFsaDeathVsAddccMax = 999999999999: null&#xD;
&#xD;
2019-08-27 17:10:02 - [TEST_STEP][PASSED] - compareHighestValueFsaDeathVsAddcc = random.nextInt(compareHighestValueFsaDeathVsAddccMax - compareHighestValueFsaDeathVsAddccMin) + compareHighestValueFsaDeathVsAddccMin: null&#xD;
&#xD;
2019-08-27 17:10:02 - [TEST_STEP][PASSED] - println(compareHighestValueFsaDeathVsAddcc): null&#xD;
&#xD;
2019-08-27 17:10:02 - [TEST_STEP][PASSED] - comment("Send request"): Send request&#xD;
&#xD;
2019-08-27 17:10:02 - [MESSAGE][INFO] - Send request&#xD;
&#xD;
2019-08-27 17:10:02 - [TEST_STEP][PASSED] - response = sendRequest(findTestObject("AlterationScoringRuleApps/Financial Non Employee/Non Ultimate/Object Request", ["transactionType":transactionType, "role":role, "increasingFsaFlag":increasingFsaFlag, "pecFlag":pecFlag, "occupationCode":occupationCode, ... ])): Send request successfully&#xD;
&#xD;
2019-08-27 17:10:02 - [MESSAGE][INFO] - HAR: C:\SURYAPURBA\PHS\PHS-BRMS\Reports\FinancialNonEmployee_NonUltimate\20190827_170649\requests\main\107.har&#xD;
&#xD;
2019-08-27 17:10:02 - [MESSAGE][PASSED] - Send request successfully&#xD;
&#xD;
2019-08-27 17:10:02 - [TEST_STEP][PASSED] - slurper = new groovy.json.JsonSlurper(): null&#xD;
&#xD;
2019-08-27 17:10:02 - [TEST_STEP][PASSED] - parseResponse = slurper.parseText(response.getResponseText()): null&#xD;
&#xD;
2019-08-27 17:10:02 - [TEST_STEP][PASSED] - println(parseResponse): null&#xD;
&#xD;
2019-08-27 17:10:02 - [TEST_STEP][PASSED] - attributes = evidenceCode: null&#xD;
&#xD;
2019-08-27 17:10:02 - [TEST_STEP][PASSED] - println(attributes): null&#xD;
&#xD;
2019-08-27 17:10:02 - [TEST_STEP][PASSED] - expected = description == "Butuh LSAR, ABR, BSM, RoC, RNA, Bukti Aset, F2F meeting": null&#xD;
&#xD;
2019-08-27 17:10:02 - [TEST_STEP][PASSED] - Start listener action : sampleAfterTestCase: null</system-out>
            <system-err>2019-08-27 17:09:59 - [TEST_CASE][ERROR] - Test Cases/AlterationScoringRuleApps/Financial Non Employee/Non Ultimate/FE6/TC-2 IDR FE6: Test Cases/AlterationScoringRuleApps/Financial Non Employee/Non Ultimate/FE6/TC-2 IDR FE6 FAILED.
Reason:
java.lang.NullPointerException: Cannot get property 'description' on null object&#xD;
	at TC-2 IDR FE6.run(TC-2 IDR FE6:28)&#xD;
	at com.kms.katalon.core.main.ScriptEngine.run(ScriptEngine.java:194)&#xD;
	at com.kms.katalon.core.main.ScriptEngine.runScriptAsRawText(ScriptEngine.java:119)&#xD;
	at com.kms.katalon.core.main.TestCaseExecutor.runScript(TestCaseExecutor.java:337)&#xD;
	at com.kms.katalon.core.main.TestCaseExecutor.doExecute(TestCaseExecutor.java:328)&#xD;
	at com.kms.katalon.core.main.TestCaseExecutor.processExecutionPhase(TestCaseExecutor.java:307)&#xD;
	at com.kms.katalon.core.main.TestCaseExecutor.accessMainPhase(TestCaseExecutor.java:299)&#xD;
	at com.kms.katalon.core.main.TestCaseExecutor.execute(TestCaseExecutor.java:233)&#xD;
	at com.kms.katalon.core.main.TestSuiteExecutor.accessTestCaseMainPhase(TestSuiteExecutor.java:133)&#xD;
	at com.kms.katalon.core.main.TestSuiteExecutor.accessTestSuiteMainPhase(TestSuiteExecutor.java:116)&#xD;
	at com.kms.katalon.core.main.TestSuiteExecutor.execute(TestSuiteExecutor.java:83)&#xD;
	at com.kms.katalon.core.main.TestCaseMain.startTestSuite(TestCaseMain.java:157)&#xD;
	at com.kms.katalon.core.main.TestCaseMain$startTestSuite$0.call(Unknown Source)&#xD;
	at TempTestSuite1566900409643.run(TempTestSuite1566900409643.groovy:35)</system-err>
        </testcase>
        <testcase name="Test Cases/AlterationScoringRuleApps/Financial Non Employee/Non Ultimate/FE6/TC-2 IDR FE6" classname="Test Cases/AlterationScoringRuleApps/Financial Non Employee/Non Ultimate/FE6/TC-2 IDR FE6" status="ERROR">
            <error type="ERROR" message="Test Cases/AlterationScoringRuleApps/Financial Non Employee/Non Ultimate/FE6/TC-2 IDR FE6 FAILED.&#xA;Reason:&#xA;java.lang.NullPointerException: Cannot get property 'description' on null object&#xD;&#xA;&#x9;at TC-2 IDR FE6.run(TC-2 IDR FE6:28)&#xD;&#xA;&#x9;at com.kms.katalon.core.main.ScriptEngine.run(ScriptEngine.java:194)&#xD;&#xA;&#x9;at com.kms.katalon.core.main.ScriptEngine.runScriptAsRawText(ScriptEngine.java:119)&#xD;&#xA;&#x9;at com.kms.katalon.core.main.TestCaseExecutor.runScript(TestCaseExecutor.java:337)&#xD;&#xA;&#x9;at com.kms.katalon.core.main.TestCaseExecutor.doExecute(TestCaseExecutor.java:328)&#xD;&#xA;&#x9;at com.kms.katalon.core.main.TestCaseExecutor.processExecutionPhase(TestCaseExecutor.java:307)&#xD;&#xA;&#x9;at com.kms.katalon.core.main.TestCaseExecutor.accessMainPhase(TestCaseExecutor.java:299)&#xD;&#xA;&#x9;at com.kms.katalon.core.main.TestCaseExecutor.execute(TestCaseExecutor.java:233)&#xD;&#xA;&#x9;at com.kms.katalon.core.main.TestSuiteExecutor.accessTestCaseMainPhase(TestSuiteExecutor.java:133)&#xD;&#xA;&#x9;at com.kms.katalon.core.main.TestSuiteExecutor.accessTestSuiteMainPhase(TestSuiteExecutor.java:116)&#xD;&#xA;&#x9;at com.kms.katalon.core.main.TestSuiteExecutor.execute(TestSuiteExecutor.java:83)&#xD;&#xA;&#x9;at com.kms.katalon.core.main.TestCaseMain.startTestSuite(TestCaseMain.java:157)&#xD;&#xA;&#x9;at com.kms.katalon.core.main.TestCaseMain$startTestSuite$0.call(Unknown Source)&#xD;&#xA;&#x9;at TempTestSuite1566900409643.run(TempTestSuite1566900409643.groovy:35)&#xD;&#xA;"/>
            <system-out>2019-08-27 17:10:03 - [TEST_CASE][ERROR] - Test Cases/AlterationScoringRuleApps/Financial Non Employee/Non Ultimate/FE6/TC-2 IDR FE6: Test Cases/AlterationScoringRuleApps/Financial Non Employee/Non Ultimate/FE6/TC-2 IDR FE6 FAILED.
Reason:
java.lang.NullPointerException: Cannot get property 'description' on null object&#xD;
	at TC-2 IDR FE6.run(TC-2 IDR FE6:28)&#xD;
	at com.kms.katalon.core.main.ScriptEngine.run(ScriptEngine.java:194)&#xD;
	at com.kms.katalon.core.main.ScriptEngine.runScriptAsRawText(ScriptEngine.java:119)&#xD;
	at com.kms.katalon.core.main.TestCaseExecutor.runScript(TestCaseExecutor.java:337)&#xD;
	at com.kms.katalon.core.main.TestCaseExecutor.doExecute(TestCaseExecutor.java:328)&#xD;
	at com.kms.katalon.core.main.TestCaseExecutor.processExecutionPhase(TestCaseExecutor.java:307)&#xD;
	at com.kms.katalon.core.main.TestCaseExecutor.accessMainPhase(TestCaseExecutor.java:299)&#xD;
	at com.kms.katalon.core.main.TestCaseExecutor.execute(TestCaseExecutor.java:233)&#xD;
	at com.kms.katalon.core.main.TestSuiteExecutor.accessTestCaseMainPhase(TestSuiteExecutor.java:133)&#xD;
	at com.kms.katalon.core.main.TestSuiteExecutor.accessTestSuiteMainPhase(TestSuiteExecutor.java:116)&#xD;
	at com.kms.katalon.core.main.TestSuiteExecutor.execute(TestSuiteExecutor.java:83)&#xD;
	at com.kms.katalon.core.main.TestCaseMain.startTestSuite(TestCaseMain.java:157)&#xD;
	at com.kms.katalon.core.main.TestCaseMain$startTestSuite$0.call(Unknown Source)&#xD;
	at TempTestSuite1566900409643.run(TempTestSuite1566900409643.groovy:35)&#xD;
&#xD;
&#xD;
2019-08-27 17:10:04 - [TEST_STEP][PASSED] - random = new java.util.Random(): null&#xD;
&#xD;
2019-08-27 17:10:04 - [TEST_STEP][PASSED] - compareHighestValueFsaDeathVsAddccMin = 50000000000: null&#xD;
&#xD;
2019-08-27 17:10:04 - [TEST_STEP][PASSED] - compareHighestValueFsaDeathVsAddccMax = 999999999999: null&#xD;
&#xD;
2019-08-27 17:10:04 - [TEST_STEP][PASSED] - compareHighestValueFsaDeathVsAddcc = random.nextInt(compareHighestValueFsaDeathVsAddccMax - compareHighestValueFsaDeathVsAddccMin) + compareHighestValueFsaDeathVsAddccMin: null&#xD;
&#xD;
2019-08-27 17:10:04 - [TEST_STEP][PASSED] - println(compareHighestValueFsaDeathVsAddcc): null&#xD;
&#xD;
2019-08-27 17:10:04 - [TEST_STEP][PASSED] - comment("Send request"): Send request&#xD;
&#xD;
2019-08-27 17:10:04 - [MESSAGE][INFO] - Send request&#xD;
&#xD;
2019-08-27 17:10:04 - [TEST_STEP][PASSED] - response = sendRequest(findTestObject("AlterationScoringRuleApps/Financial Non Employee/Non Ultimate/Object Request", ["transactionType":transactionType, "role":role, "increasingFsaFlag":increasingFsaFlag, "pecFlag":pecFlag, "occupationCode":occupationCode, ... ])): Send request successfully&#xD;
&#xD;
2019-08-27 17:10:04 - [MESSAGE][INFO] - HAR: C:\SURYAPURBA\PHS\PHS-BRMS\Reports\FinancialNonEmployee_NonUltimate\20190827_170649\requests\main\108.har&#xD;
&#xD;
2019-08-27 17:10:04 - [MESSAGE][PASSED] - Send request successfully&#xD;
&#xD;
2019-08-27 17:10:04 - [TEST_STEP][PASSED] - slurper = new groovy.json.JsonSlurper(): null&#xD;
&#xD;
2019-08-27 17:10:04 - [TEST_STEP][PASSED] - parseResponse = slurper.parseText(response.getResponseText()): null&#xD;
&#xD;
2019-08-27 17:10:04 - [TEST_STEP][PASSED] - println(parseResponse): null&#xD;
&#xD;
2019-08-27 17:10:04 - [TEST_STEP][PASSED] - attributes = evidenceCode: null&#xD;
&#xD;
2019-08-27 17:10:04 - [TEST_STEP][PASSED] - println(attributes): null&#xD;
&#xD;
2019-08-27 17:10:04 - [TEST_STEP][PASSED] - expected = description == "Butuh LSAR, ABR, BSM, RoC, RNA, Bukti Aset, F2F meeting": null&#xD;
&#xD;
2019-08-27 17:10:05 - [TEST_STEP][PASSED] - Start listener action : sampleAfterTestCase: null</system-out>
            <system-err>2019-08-27 17:10:03 - [TEST_CASE][ERROR] - Test Cases/AlterationScoringRuleApps/Financial Non Employee/Non Ultimate/FE6/TC-2 IDR FE6: Test Cases/AlterationScoringRuleApps/Financial Non Employee/Non Ultimate/FE6/TC-2 IDR FE6 FAILED.
Reason:
java.lang.NullPointerException: Cannot get property 'description' on null object&#xD;
	at TC-2 IDR FE6.run(TC-2 IDR FE6:28)&#xD;
	at com.kms.katalon.core.main.ScriptEngine.run(ScriptEngine.java:194)&#xD;
	at com.kms.katalon.core.main.ScriptEngine.runScriptAsRawText(ScriptEngine.java:119)&#xD;
	at com.kms.katalon.core.main.TestCaseExecutor.runScript(TestCaseExecutor.java:337)&#xD;
	at com.kms.katalon.core.main.TestCaseExecutor.doExecute(TestCaseExecutor.java:328)&#xD;
	at com.kms.katalon.core.main.TestCaseExecutor.processExecutionPhase(TestCaseExecutor.java:307)&#xD;
	at com.kms.katalon.core.main.TestCaseExecutor.accessMainPhase(TestCaseExecutor.java:299)&#xD;
	at com.kms.katalon.core.main.TestCaseExecutor.execute(TestCaseExecutor.java:233)&#xD;
	at com.kms.katalon.core.main.TestSuiteExecutor.accessTestCaseMainPhase(TestSuiteExecutor.java:133)&#xD;
	at com.kms.katalon.core.main.TestSuiteExecutor.accessTestSuiteMainPhase(TestSuiteExecutor.java:116)&#xD;
	at com.kms.katalon.core.main.TestSuiteExecutor.execute(TestSuiteExecutor.java:83)&#xD;
	at com.kms.katalon.core.main.TestCaseMain.startTestSuite(TestCaseMain.java:157)&#xD;
	at com.kms.katalon.core.main.TestCaseMain$startTestSuite$0.call(Unknown Source)&#xD;
	at TempTestSuite1566900409643.run(TempTestSuite1566900409643.groovy:35)</system-err>
        </testcase>
        <testcase name="Test Cases/AlterationScoringRuleApps/Financial Non Employee/Non Ultimate/FE6/TC-2 IDR FE6" classname="Test Cases/AlterationScoringRuleApps/Financial Non Employee/Non Ultimate/FE6/TC-2 IDR FE6" status="ERROR">
            <error type="ERROR" message="Test Cases/AlterationScoringRuleApps/Financial Non Employee/Non Ultimate/FE6/TC-2 IDR FE6 FAILED.&#xA;Reason:&#xA;java.lang.NullPointerException: Cannot get property 'description' on null object&#xD;&#xA;&#x9;at TC-2 IDR FE6.run(TC-2 IDR FE6:28)&#xD;&#xA;&#x9;at com.kms.katalon.core.main.ScriptEngine.run(ScriptEngine.java:194)&#xD;&#xA;&#x9;at com.kms.katalon.core.main.ScriptEngine.runScriptAsRawText(ScriptEngine.java:119)&#xD;&#xA;&#x9;at com.kms.katalon.core.main.TestCaseExecutor.runScript(TestCaseExecutor.java:337)&#xD;&#xA;&#x9;at com.kms.katalon.core.main.TestCaseExecutor.doExecute(TestCaseExecutor.java:328)&#xD;&#xA;&#x9;at com.kms.katalon.core.main.TestCaseExecutor.processExecutionPhase(TestCaseExecutor.java:307)&#xD;&#xA;&#x9;at com.kms.katalon.core.main.TestCaseExecutor.accessMainPhase(TestCaseExecutor.java:299)&#xD;&#xA;&#x9;at com.kms.katalon.core.main.TestCaseExecutor.execute(TestCaseExecutor.java:233)&#xD;&#xA;&#x9;at com.kms.katalon.core.main.TestSuiteExecutor.accessTestCaseMainPhase(TestSuiteExecutor.java:133)&#xD;&#xA;&#x9;at com.kms.katalon.core.main.TestSuiteExecutor.accessTestSuiteMainPhase(TestSuiteExecutor.java:116)&#xD;&#xA;&#x9;at com.kms.katalon.core.main.TestSuiteExecutor.execute(TestSuiteExecutor.java:83)&#xD;&#xA;&#x9;at com.kms.katalon.core.main.TestCaseMain.startTestSuite(TestCaseMain.java:157)&#xD;&#xA;&#x9;at com.kms.katalon.core.main.TestCaseMain$startTestSuite$0.call(Unknown Source)&#xD;&#xA;&#x9;at TempTestSuite1566900409643.run(TempTestSuite1566900409643.groovy:35)&#xD;&#xA;"/>
            <system-out>2019-08-27 17:10:05 - [TEST_CASE][ERROR] - Test Cases/AlterationScoringRuleApps/Financial Non Employee/Non Ultimate/FE6/TC-2 IDR FE6: Test Cases/AlterationScoringRuleApps/Financial Non Employee/Non Ultimate/FE6/TC-2 IDR FE6 FAILED.
Reason:
java.lang.NullPointerException: Cannot get property 'description' on null object&#xD;
	at TC-2 IDR FE6.run(TC-2 IDR FE6:28)&#xD;
	at com.kms.katalon.core.main.ScriptEngine.run(ScriptEngine.java:194)&#xD;
	at com.kms.katalon.core.main.ScriptEngine.runScriptAsRawText(ScriptEngine.java:119)&#xD;
	at com.kms.katalon.core.main.TestCaseExecutor.runScript(TestCaseExecutor.java:337)&#xD;
	at com.kms.katalon.core.main.TestCaseExecutor.doExecute(TestCaseExecutor.java:328)&#xD;
	at com.kms.katalon.core.main.TestCaseExecutor.processExecutionPhase(TestCaseExecutor.java:307)&#xD;
	at com.kms.katalon.core.main.TestCaseExecutor.accessMainPhase(TestCaseExecutor.java:299)&#xD;
	at com.kms.katalon.core.main.TestCaseExecutor.execute(TestCaseExecutor.java:233)&#xD;
	at com.kms.katalon.core.main.TestSuiteExecutor.accessTestCaseMainPhase(TestSuiteExecutor.java:133)&#xD;
	at com.kms.katalon.core.main.TestSuiteExecutor.accessTestSuiteMainPhase(TestSuiteExecutor.java:116)&#xD;
	at com.kms.katalon.core.main.TestSuiteExecutor.execute(TestSuiteExecutor.java:83)&#xD;
	at com.kms.katalon.core.main.TestCaseMain.startTestSuite(TestCaseMain.java:157)&#xD;
	at com.kms.katalon.core.main.TestCaseMain$startTestSuite$0.call(Unknown Source)&#xD;
	at TempTestSuite1566900409643.run(TempTestSuite1566900409643.groovy:35)&#xD;
&#xD;
&#xD;
2019-08-27 17:10:06 - [TEST_STEP][PASSED] - random = new java.util.Random(): null&#xD;
&#xD;
2019-08-27 17:10:06 - [TEST_STEP][PASSED] - compareHighestValueFsaDeathVsAddccMin = 50000000000: null&#xD;
&#xD;
2019-08-27 17:10:06 - [TEST_STEP][PASSED] - compareHighestValueFsaDeathVsAddccMax = 999999999999: null&#xD;
&#xD;
2019-08-27 17:10:06 - [TEST_STEP][PASSED] - compareHighestValueFsaDeathVsAddcc = random.nextInt(compareHighestValueFsaDeathVsAddccMax - compareHighestValueFsaDeathVsAddccMin) + compareHighestValueFsaDeathVsAddccMin: null&#xD;
&#xD;
2019-08-27 17:10:06 - [TEST_STEP][PASSED] - println(compareHighestValueFsaDeathVsAddcc): null&#xD;
&#xD;
2019-08-27 17:10:06 - [TEST_STEP][PASSED] - comment("Send request"): Send request&#xD;
&#xD;
2019-08-27 17:10:06 - [MESSAGE][INFO] - Send request&#xD;
&#xD;
2019-08-27 17:10:06 - [TEST_STEP][PASSED] - response = sendRequest(findTestObject("AlterationScoringRuleApps/Financial Non Employee/Non Ultimate/Object Request", ["transactionType":transactionType, "role":role, "increasingFsaFlag":increasingFsaFlag, "pecFlag":pecFlag, "occupationCode":occupationCode, ... ])): Send request successfully&#xD;
&#xD;
2019-08-27 17:10:06 - [MESSAGE][INFO] - HAR: C:\SURYAPURBA\PHS\PHS-BRMS\Reports\FinancialNonEmployee_NonUltimate\20190827_170649\requests\main\109.har&#xD;
&#xD;
2019-08-27 17:10:06 - [MESSAGE][PASSED] - Send request successfully&#xD;
&#xD;
2019-08-27 17:10:07 - [TEST_STEP][PASSED] - slurper = new groovy.json.JsonSlurper(): null&#xD;
&#xD;
2019-08-27 17:10:07 - [TEST_STEP][PASSED] - parseResponse = slurper.parseText(response.getResponseText()): null&#xD;
&#xD;
2019-08-27 17:10:07 - [TEST_STEP][PASSED] - println(parseResponse): null&#xD;
&#xD;
2019-08-27 17:10:07 - [TEST_STEP][PASSED] - attributes = evidenceCode: null&#xD;
&#xD;
2019-08-27 17:10:07 - [TEST_STEP][PASSED] - println(attributes): null&#xD;
&#xD;
2019-08-27 17:10:07 - [TEST_STEP][PASSED] - expected = description == "Butuh LSAR, ABR, BSM, RoC, RNA, Bukti Aset, F2F meeting": null&#xD;
&#xD;
2019-08-27 17:10:07 - [TEST_STEP][PASSED] - Start listener action : sampleAfterTestCase: null</system-out>
            <system-err>2019-08-27 17:10:05 - [TEST_CASE][ERROR] - Test Cases/AlterationScoringRuleApps/Financial Non Employee/Non Ultimate/FE6/TC-2 IDR FE6: Test Cases/AlterationScoringRuleApps/Financial Non Employee/Non Ultimate/FE6/TC-2 IDR FE6 FAILED.
Reason:
java.lang.NullPointerException: Cannot get property 'description' on null object&#xD;
	at TC-2 IDR FE6.run(TC-2 IDR FE6:28)&#xD;
	at com.kms.katalon.core.main.ScriptEngine.run(ScriptEngine.java:194)&#xD;
	at com.kms.katalon.core.main.ScriptEngine.runScriptAsRawText(ScriptEngine.java:119)&#xD;
	at com.kms.katalon.core.main.TestCaseExecutor.runScript(TestCaseExecutor.java:337)&#xD;
	at com.kms.katalon.core.main.TestCaseExecutor.doExecute(TestCaseExecutor.java:328)&#xD;
	at com.kms.katalon.core.main.TestCaseExecutor.processExecutionPhase(TestCaseExecutor.java:307)&#xD;
	at com.kms.katalon.core.main.TestCaseExecutor.accessMainPhase(TestCaseExecutor.java:299)&#xD;
	at com.kms.katalon.core.main.TestCaseExecutor.execute(TestCaseExecutor.java:233)&#xD;
	at com.kms.katalon.core.main.TestSuiteExecutor.accessTestCaseMainPhase(TestSuiteExecutor.java:133)&#xD;
	at com.kms.katalon.core.main.TestSuiteExecutor.accessTestSuiteMainPhase(TestSuiteExecutor.java:116)&#xD;
	at com.kms.katalon.core.main.TestSuiteExecutor.execute(TestSuiteExecutor.java:83)&#xD;
	at com.kms.katalon.core.main.TestCaseMain.startTestSuite(TestCaseMain.java:157)&#xD;
	at com.kms.katalon.core.main.TestCaseMain$startTestSuite$0.call(Unknown Source)&#xD;
	at TempTestSuite1566900409643.run(TempTestSuite1566900409643.groovy:35)</system-err>
        </testcase>
        <testcase name="Test Cases/AlterationScoringRuleApps/Financial Non Employee/Non Ultimate/FE6/TC-2 IDR FE6" classname="Test Cases/AlterationScoringRuleApps/Financial Non Employee/Non Ultimate/FE6/TC-2 IDR FE6" status="ERROR">
            <error type="ERROR" message="Test Cases/AlterationScoringRuleApps/Financial Non Employee/Non Ultimate/FE6/TC-2 IDR FE6 FAILED.&#xA;Reason:&#xA;java.lang.NullPointerException: Cannot get property 'description' on null object&#xD;&#xA;&#x9;at TC-2 IDR FE6.run(TC-2 IDR FE6:28)&#xD;&#xA;&#x9;at com.kms.katalon.core.main.ScriptEngine.run(ScriptEngine.java:194)&#xD;&#xA;&#x9;at com.kms.katalon.core.main.ScriptEngine.runScriptAsRawText(ScriptEngine.java:119)&#xD;&#xA;&#x9;at com.kms.katalon.core.main.TestCaseExecutor.runScript(TestCaseExecutor.java:337)&#xD;&#xA;&#x9;at com.kms.katalon.core.main.TestCaseExecutor.doExecute(TestCaseExecutor.java:328)&#xD;&#xA;&#x9;at com.kms.katalon.core.main.TestCaseExecutor.processExecutionPhase(TestCaseExecutor.java:307)&#xD;&#xA;&#x9;at com.kms.katalon.core.main.TestCaseExecutor.accessMainPhase(TestCaseExecutor.java:299)&#xD;&#xA;&#x9;at com.kms.katalon.core.main.TestCaseExecutor.execute(TestCaseExecutor.java:233)&#xD;&#xA;&#x9;at com.kms.katalon.core.main.TestSuiteExecutor.accessTestCaseMainPhase(TestSuiteExecutor.java:133)&#xD;&#xA;&#x9;at com.kms.katalon.core.main.TestSuiteExecutor.accessTestSuiteMainPhase(TestSuiteExecutor.java:116)&#xD;&#xA;&#x9;at com.kms.katalon.core.main.TestSuiteExecutor.execute(TestSuiteExecutor.java:83)&#xD;&#xA;&#x9;at com.kms.katalon.core.main.TestCaseMain.startTestSuite(TestCaseMain.java:157)&#xD;&#xA;&#x9;at com.kms.katalon.core.main.TestCaseMain$startTestSuite$0.call(Unknown Source)&#xD;&#xA;&#x9;at TempTestSuite1566900409643.run(TempTestSuite1566900409643.groovy:35)&#xD;&#xA;"/>
            <system-out>2019-08-27 17:10:09 - [TEST_CASE][ERROR] - Test Cases/AlterationScoringRuleApps/Financial Non Employee/Non Ultimate/FE6/TC-2 IDR FE6: Test Cases/AlterationScoringRuleApps/Financial Non Employee/Non Ultimate/FE6/TC-2 IDR FE6 FAILED.
Reason:
java.lang.NullPointerException: Cannot get property 'description' on null object&#xD;
	at TC-2 IDR FE6.run(TC-2 IDR FE6:28)&#xD;
	at com.kms.katalon.core.main.ScriptEngine.run(ScriptEngine.java:194)&#xD;
	at com.kms.katalon.core.main.ScriptEngine.runScriptAsRawText(ScriptEngine.java:119)&#xD;
	at com.kms.katalon.core.main.TestCaseExecutor.runScript(TestCaseExecutor.java:337)&#xD;
	at com.kms.katalon.core.main.TestCaseExecutor.doExecute(TestCaseExecutor.java:328)&#xD;
	at com.kms.katalon.core.main.TestCaseExecutor.processExecutionPhase(TestCaseExecutor.java:307)&#xD;
	at com.kms.katalon.core.main.TestCaseExecutor.accessMainPhase(TestCaseExecutor.java:299)&#xD;
	at com.kms.katalon.core.main.TestCaseExecutor.execute(TestCaseExecutor.java:233)&#xD;
	at com.kms.katalon.core.main.TestSuiteExecutor.accessTestCaseMainPhase(TestSuiteExecutor.java:133)&#xD;
	at com.kms.katalon.core.main.TestSuiteExecutor.accessTestSuiteMainPhase(TestSuiteExecutor.java:116)&#xD;
	at com.kms.katalon.core.main.TestSuiteExecutor.execute(TestSuiteExecutor.java:83)&#xD;
	at com.kms.katalon.core.main.TestCaseMain.startTestSuite(TestCaseMain.java:157)&#xD;
	at com.kms.katalon.core.main.TestCaseMain$startTestSuite$0.call(Unknown Source)&#xD;
	at TempTestSuite1566900409643.run(TempTestSuite1566900409643.groovy:35)&#xD;
&#xD;
&#xD;
2019-08-27 17:10:10 - [TEST_STEP][PASSED] - random = new java.util.Random(): null&#xD;
&#xD;
2019-08-27 17:10:10 - [TEST_STEP][PASSED] - compareHighestValueFsaDeathVsAddccMin = 50000000000: null&#xD;
&#xD;
2019-08-27 17:10:10 - [TEST_STEP][PASSED] - compareHighestValueFsaDeathVsAddccMax = 999999999999: null&#xD;
&#xD;
2019-08-27 17:10:10 - [TEST_STEP][PASSED] - compareHighestValueFsaDeathVsAddcc = random.nextInt(compareHighestValueFsaDeathVsAddccMax - compareHighestValueFsaDeathVsAddccMin) + compareHighestValueFsaDeathVsAddccMin: null&#xD;
&#xD;
2019-08-27 17:10:10 - [TEST_STEP][PASSED] - println(compareHighestValueFsaDeathVsAddcc): null&#xD;
&#xD;
2019-08-27 17:10:10 - [TEST_STEP][PASSED] - comment("Send request"): Send request&#xD;
&#xD;
2019-08-27 17:10:10 - [MESSAGE][INFO] - Send request&#xD;
&#xD;
2019-08-27 17:10:10 - [TEST_STEP][PASSED] - response = sendRequest(findTestObject("AlterationScoringRuleApps/Financial Non Employee/Non Ultimate/Object Request", ["transactionType":transactionType, "role":role, "increasingFsaFlag":increasingFsaFlag, "pecFlag":pecFlag, "occupationCode":occupationCode, ... ])): Send request successfully&#xD;
&#xD;
2019-08-27 17:10:10 - [MESSAGE][INFO] - HAR: C:\SURYAPURBA\PHS\PHS-BRMS\Reports\FinancialNonEmployee_NonUltimate\20190827_170649\requests\main\110.har&#xD;
&#xD;
2019-08-27 17:10:10 - [MESSAGE][PASSED] - Send request successfully&#xD;
&#xD;
2019-08-27 17:10:10 - [TEST_STEP][PASSED] - slurper = new groovy.json.JsonSlurper(): null&#xD;
&#xD;
2019-08-27 17:10:10 - [TEST_STEP][PASSED] - parseResponse = slurper.parseText(response.getResponseText()): null&#xD;
&#xD;
2019-08-27 17:10:11 - [TEST_STEP][PASSED] - println(parseResponse): null&#xD;
&#xD;
2019-08-27 17:10:11 - [TEST_STEP][PASSED] - attributes = evidenceCode: null&#xD;
&#xD;
2019-08-27 17:10:13 - [TEST_STEP][PASSED] - println(attributes): null&#xD;
&#xD;
2019-08-27 17:10:13 - [TEST_STEP][PASSED] - expected = description == "Butuh LSAR, ABR, BSM, RoC, RNA, Bukti Aset, F2F meeting": null&#xD;
&#xD;
2019-08-27 17:10:13 - [TEST_STEP][PASSED] - Start listener action : sampleAfterTestCase: null</system-out>
            <system-err>2019-08-27 17:10:09 - [TEST_CASE][ERROR] - Test Cases/AlterationScoringRuleApps/Financial Non Employee/Non Ultimate/FE6/TC-2 IDR FE6: Test Cases/AlterationScoringRuleApps/Financial Non Employee/Non Ultimate/FE6/TC-2 IDR FE6 FAILED.
Reason:
java.lang.NullPointerException: Cannot get property 'description' on null object&#xD;
	at TC-2 IDR FE6.run(TC-2 IDR FE6:28)&#xD;
	at com.kms.katalon.core.main.ScriptEngine.run(ScriptEngine.java:194)&#xD;
	at com.kms.katalon.core.main.ScriptEngine.runScriptAsRawText(ScriptEngine.java:119)&#xD;
	at com.kms.katalon.core.main.TestCaseExecutor.runScript(TestCaseExecutor.java:337)&#xD;
	at com.kms.katalon.core.main.TestCaseExecutor.doExecute(TestCaseExecutor.java:328)&#xD;
	at com.kms.katalon.core.main.TestCaseExecutor.processExecutionPhase(TestCaseExecutor.java:307)&#xD;
	at com.kms.katalon.core.main.TestCaseExecutor.accessMainPhase(TestCaseExecutor.java:299)&#xD;
	at com.kms.katalon.core.main.TestCaseExecutor.execute(TestCaseExecutor.java:233)&#xD;
	at com.kms.katalon.core.main.TestSuiteExecutor.accessTestCaseMainPhase(TestSuiteExecutor.java:133)&#xD;
	at com.kms.katalon.core.main.TestSuiteExecutor.accessTestSuiteMainPhase(TestSuiteExecutor.java:116)&#xD;
	at com.kms.katalon.core.main.TestSuiteExecutor.execute(TestSuiteExecutor.java:83)&#xD;
	at com.kms.katalon.core.main.TestCaseMain.startTestSuite(TestCaseMain.java:157)&#xD;
	at com.kms.katalon.core.main.TestCaseMain$startTestSuite$0.call(Unknown Source)&#xD;
	at TempTestSuite1566900409643.run(TempTestSuite1566900409643.groovy:35)</system-err>
        </testcase>
        <testcase name="Test Cases/AlterationScoringRuleApps/Financial Non Employee/Non Ultimate/FE6/TC-2 IDR FE6" classname="Test Cases/AlterationScoringRuleApps/Financial Non Employee/Non Ultimate/FE6/TC-2 IDR FE6" status="ERROR">
            <error type="ERROR" message="Test Cases/AlterationScoringRuleApps/Financial Non Employee/Non Ultimate/FE6/TC-2 IDR FE6 FAILED.&#xA;Reason:&#xA;java.lang.NullPointerException: Cannot get property 'description' on null object&#xD;&#xA;&#x9;at TC-2 IDR FE6.run(TC-2 IDR FE6:28)&#xD;&#xA;&#x9;at com.kms.katalon.core.main.ScriptEngine.run(ScriptEngine.java:194)&#xD;&#xA;&#x9;at com.kms.katalon.core.main.ScriptEngine.runScriptAsRawText(ScriptEngine.java:119)&#xD;&#xA;&#x9;at com.kms.katalon.core.main.TestCaseExecutor.runScript(TestCaseExecutor.java:337)&#xD;&#xA;&#x9;at com.kms.katalon.core.main.TestCaseExecutor.doExecute(TestCaseExecutor.java:328)&#xD;&#xA;&#x9;at com.kms.katalon.core.main.TestCaseExecutor.processExecutionPhase(TestCaseExecutor.java:307)&#xD;&#xA;&#x9;at com.kms.katalon.core.main.TestCaseExecutor.accessMainPhase(TestCaseExecutor.java:299)&#xD;&#xA;&#x9;at com.kms.katalon.core.main.TestCaseExecutor.execute(TestCaseExecutor.java:233)&#xD;&#xA;&#x9;at com.kms.katalon.core.main.TestSuiteExecutor.accessTestCaseMainPhase(TestSuiteExecutor.java:133)&#xD;&#xA;&#x9;at com.kms.katalon.core.main.TestSuiteExecutor.accessTestSuiteMainPhase(TestSuiteExecutor.java:116)&#xD;&#xA;&#x9;at com.kms.katalon.core.main.TestSuiteExecutor.execute(TestSuiteExecutor.java:83)&#xD;&#xA;&#x9;at com.kms.katalon.core.main.TestCaseMain.startTestSuite(TestCaseMain.java:157)&#xD;&#xA;&#x9;at com.kms.katalon.core.main.TestCaseMain$startTestSuite$0.call(Unknown Source)&#xD;&#xA;&#x9;at TempTestSuite1566900409643.run(TempTestSuite1566900409643.groovy:35)&#xD;&#xA;"/>
            <system-out>2019-08-27 17:10:14 - [TEST_CASE][ERROR] - Test Cases/AlterationScoringRuleApps/Financial Non Employee/Non Ultimate/FE6/TC-2 IDR FE6: Test Cases/AlterationScoringRuleApps/Financial Non Employee/Non Ultimate/FE6/TC-2 IDR FE6 FAILED.
Reason:
java.lang.NullPointerException: Cannot get property 'description' on null object&#xD;
	at TC-2 IDR FE6.run(TC-2 IDR FE6:28)&#xD;
	at com.kms.katalon.core.main.ScriptEngine.run(ScriptEngine.java:194)&#xD;
	at com.kms.katalon.core.main.ScriptEngine.runScriptAsRawText(ScriptEngine.java:119)&#xD;
	at com.kms.katalon.core.main.TestCaseExecutor.runScript(TestCaseExecutor.java:337)&#xD;
	at com.kms.katalon.core.main.TestCaseExecutor.doExecute(TestCaseExecutor.java:328)&#xD;
	at com.kms.katalon.core.main.TestCaseExecutor.processExecutionPhase(TestCaseExecutor.java:307)&#xD;
	at com.kms.katalon.core.main.TestCaseExecutor.accessMainPhase(TestCaseExecutor.java:299)&#xD;
	at com.kms.katalon.core.main.TestCaseExecutor.execute(TestCaseExecutor.java:233)&#xD;
	at com.kms.katalon.core.main.TestSuiteExecutor.accessTestCaseMainPhase(TestSuiteExecutor.java:133)&#xD;
	at com.kms.katalon.core.main.TestSuiteExecutor.accessTestSuiteMainPhase(TestSuiteExecutor.java:116)&#xD;
	at com.kms.katalon.core.main.TestSuiteExecutor.execute(TestSuiteExecutor.java:83)&#xD;
	at com.kms.katalon.core.main.TestCaseMain.startTestSuite(TestCaseMain.java:157)&#xD;
	at com.kms.katalon.core.main.TestCaseMain$startTestSuite$0.call(Unknown Source)&#xD;
	at TempTestSuite1566900409643.run(TempTestSuite1566900409643.groovy:35)&#xD;
&#xD;
&#xD;
2019-08-27 17:10:14 - [TEST_STEP][PASSED] - random = new java.util.Random(): null&#xD;
&#xD;
2019-08-27 17:10:14 - [TEST_STEP][PASSED] - compareHighestValueFsaDeathVsAddccMin = 50000000000: null&#xD;
&#xD;
2019-08-27 17:10:14 - [TEST_STEP][PASSED] - compareHighestValueFsaDeathVsAddccMax = 999999999999: null&#xD;
&#xD;
2019-08-27 17:10:14 - [TEST_STEP][PASSED] - compareHighestValueFsaDeathVsAddcc = random.nextInt(compareHighestValueFsaDeathVsAddccMax - compareHighestValueFsaDeathVsAddccMin) + compareHighestValueFsaDeathVsAddccMin: null&#xD;
&#xD;
2019-08-27 17:10:14 - [TEST_STEP][PASSED] - println(compareHighestValueFsaDeathVsAddcc): null&#xD;
&#xD;
2019-08-27 17:10:14 - [TEST_STEP][PASSED] - comment("Send request"): Send request&#xD;
&#xD;
2019-08-27 17:10:14 - [MESSAGE][INFO] - Send request&#xD;
&#xD;
2019-08-27 17:10:14 - [TEST_STEP][PASSED] - response = sendRequest(findTestObject("AlterationScoringRuleApps/Financial Non Employee/Non Ultimate/Object Request", ["transactionType":transactionType, "role":role, "increasingFsaFlag":increasingFsaFlag, "pecFlag":pecFlag, "occupationCode":occupationCode, ... ])): Send request successfully&#xD;
&#xD;
2019-08-27 17:10:14 - [MESSAGE][INFO] - HAR: C:\SURYAPURBA\PHS\PHS-BRMS\Reports\FinancialNonEmployee_NonUltimate\20190827_170649\requests\main\111.har&#xD;
&#xD;
2019-08-27 17:10:14 - [MESSAGE][PASSED] - Send request successfully&#xD;
&#xD;
2019-08-27 17:10:14 - [TEST_STEP][PASSED] - slurper = new groovy.json.JsonSlurper(): null&#xD;
&#xD;
2019-08-27 17:10:14 - [TEST_STEP][PASSED] - parseResponse = slurper.parseText(response.getResponseText()): null&#xD;
&#xD;
2019-08-27 17:10:14 - [TEST_STEP][PASSED] - println(parseResponse): null&#xD;
&#xD;
2019-08-27 17:10:14 - [TEST_STEP][PASSED] - attributes = evidenceCode: null&#xD;
&#xD;
2019-08-27 17:10:14 - [TEST_STEP][PASSED] - println(attributes): null&#xD;
&#xD;
2019-08-27 17:10:14 - [TEST_STEP][PASSED] - expected = description == "Butuh LSAR, ABR, BSM, RoC, RNA, Bukti Aset, F2F meeting": null&#xD;
&#xD;
2019-08-27 17:10:16 - [TEST_STEP][PASSED] - Start listener action : sampleAfterTestCase: null</system-out>
            <system-err>2019-08-27 17:10:14 - [TEST_CASE][ERROR] - Test Cases/AlterationScoringRuleApps/Financial Non Employee/Non Ultimate/FE6/TC-2 IDR FE6: Test Cases/AlterationScoringRuleApps/Financial Non Employee/Non Ultimate/FE6/TC-2 IDR FE6 FAILED.
Reason:
java.lang.NullPointerException: Cannot get property 'description' on null object&#xD;
	at TC-2 IDR FE6.run(TC-2 IDR FE6:28)&#xD;
	at com.kms.katalon.core.main.ScriptEngine.run(ScriptEngine.java:194)&#xD;
	at com.kms.katalon.core.main.ScriptEngine.runScriptAsRawText(ScriptEngine.java:119)&#xD;
	at com.kms.katalon.core.main.TestCaseExecutor.runScript(TestCaseExecutor.java:337)&#xD;
	at com.kms.katalon.core.main.TestCaseExecutor.doExecute(TestCaseExecutor.java:328)&#xD;
	at com.kms.katalon.core.main.TestCaseExecutor.processExecutionPhase(TestCaseExecutor.java:307)&#xD;
	at com.kms.katalon.core.main.TestCaseExecutor.accessMainPhase(TestCaseExecutor.java:299)&#xD;
	at com.kms.katalon.core.main.TestCaseExecutor.execute(TestCaseExecutor.java:233)&#xD;
	at com.kms.katalon.core.main.TestSuiteExecutor.accessTestCaseMainPhase(TestSuiteExecutor.java:133)&#xD;
	at com.kms.katalon.core.main.TestSuiteExecutor.accessTestSuiteMainPhase(TestSuiteExecutor.java:116)&#xD;
	at com.kms.katalon.core.main.TestSuiteExecutor.execute(TestSuiteExecutor.java:83)&#xD;
	at com.kms.katalon.core.main.TestCaseMain.startTestSuite(TestCaseMain.java:157)&#xD;
	at com.kms.katalon.core.main.TestCaseMain$startTestSuite$0.call(Unknown Source)&#xD;
	at TempTestSuite1566900409643.run(TempTestSuite1566900409643.groovy:35)</system-err>
        </testcase>
        <testcase name="Test Cases/AlterationScoringRuleApps/Financial Non Employee/Non Ultimate/FE6/TC-2 IDR FE6" classname="Test Cases/AlterationScoringRuleApps/Financial Non Employee/Non Ultimate/FE6/TC-2 IDR FE6" status="ERROR">
            <error type="ERROR" message="Test Cases/AlterationScoringRuleApps/Financial Non Employee/Non Ultimate/FE6/TC-2 IDR FE6 FAILED.&#xA;Reason:&#xA;java.lang.NullPointerException: Cannot get property 'description' on null object&#xD;&#xA;&#x9;at TC-2 IDR FE6.run(TC-2 IDR FE6:28)&#xD;&#xA;&#x9;at com.kms.katalon.core.main.ScriptEngine.run(ScriptEngine.java:194)&#xD;&#xA;&#x9;at com.kms.katalon.core.main.ScriptEngine.runScriptAsRawText(ScriptEngine.java:119)&#xD;&#xA;&#x9;at com.kms.katalon.core.main.TestCaseExecutor.runScript(TestCaseExecutor.java:337)&#xD;&#xA;&#x9;at com.kms.katalon.core.main.TestCaseExecutor.doExecute(TestCaseExecutor.java:328)&#xD;&#xA;&#x9;at com.kms.katalon.core.main.TestCaseExecutor.processExecutionPhase(TestCaseExecutor.java:307)&#xD;&#xA;&#x9;at com.kms.katalon.core.main.TestCaseExecutor.accessMainPhase(TestCaseExecutor.java:299)&#xD;&#xA;&#x9;at com.kms.katalon.core.main.TestCaseExecutor.execute(TestCaseExecutor.java:233)&#xD;&#xA;&#x9;at com.kms.katalon.core.main.TestSuiteExecutor.accessTestCaseMainPhase(TestSuiteExecutor.java:133)&#xD;&#xA;&#x9;at com.kms.katalon.core.main.TestSuiteExecutor.accessTestSuiteMainPhase(TestSuiteExecutor.java:116)&#xD;&#xA;&#x9;at com.kms.katalon.core.main.TestSuiteExecutor.execute(TestSuiteExecutor.java:83)&#xD;&#xA;&#x9;at com.kms.katalon.core.main.TestCaseMain.startTestSuite(TestCaseMain.java:157)&#xD;&#xA;&#x9;at com.kms.katalon.core.main.TestCaseMain$startTestSuite$0.call(Unknown Source)&#xD;&#xA;&#x9;at TempTestSuite1566900409643.run(TempTestSuite1566900409643.groovy:35)&#xD;&#xA;"/>
            <system-out>2019-08-27 17:10:16 - [TEST_CASE][ERROR] - Test Cases/AlterationScoringRuleApps/Financial Non Employee/Non Ultimate/FE6/TC-2 IDR FE6: Test Cases/AlterationScoringRuleApps/Financial Non Employee/Non Ultimate/FE6/TC-2 IDR FE6 FAILED.
Reason:
java.lang.NullPointerException: Cannot get property 'description' on null object&#xD;
	at TC-2 IDR FE6.run(TC-2 IDR FE6:28)&#xD;
	at com.kms.katalon.core.main.ScriptEngine.run(ScriptEngine.java:194)&#xD;
	at com.kms.katalon.core.main.ScriptEngine.runScriptAsRawText(ScriptEngine.java:119)&#xD;
	at com.kms.katalon.core.main.TestCaseExecutor.runScript(TestCaseExecutor.java:337)&#xD;
	at com.kms.katalon.core.main.TestCaseExecutor.doExecute(TestCaseExecutor.java:328)&#xD;
	at com.kms.katalon.core.main.TestCaseExecutor.processExecutionPhase(TestCaseExecutor.java:307)&#xD;
	at com.kms.katalon.core.main.TestCaseExecutor.accessMainPhase(TestCaseExecutor.java:299)&#xD;
	at com.kms.katalon.core.main.TestCaseExecutor.execute(TestCaseExecutor.java:233)&#xD;
	at com.kms.katalon.core.main.TestSuiteExecutor.accessTestCaseMainPhase(TestSuiteExecutor.java:133)&#xD;
	at com.kms.katalon.core.main.TestSuiteExecutor.accessTestSuiteMainPhase(TestSuiteExecutor.java:116)&#xD;
	at com.kms.katalon.core.main.TestSuiteExecutor.execute(TestSuiteExecutor.java:83)&#xD;
	at com.kms.katalon.core.main.TestCaseMain.startTestSuite(TestCaseMain.java:157)&#xD;
	at com.kms.katalon.core.main.TestCaseMain$startTestSuite$0.call(Unknown Source)&#xD;
	at TempTestSuite1566900409643.run(TempTestSuite1566900409643.groovy:35)&#xD;
&#xD;
&#xD;
2019-08-27 17:10:16 - [TEST_STEP][PASSED] - random = new java.util.Random(): null&#xD;
&#xD;
2019-08-27 17:10:16 - [TEST_STEP][PASSED] - compareHighestValueFsaDeathVsAddccMin = 50000000000: null&#xD;
&#xD;
2019-08-27 17:10:16 - [TEST_STEP][PASSED] - compareHighestValueFsaDeathVsAddccMax = 999999999999: null&#xD;
&#xD;
2019-08-27 17:10:16 - [TEST_STEP][PASSED] - compareHighestValueFsaDeathVsAddcc = random.nextInt(compareHighestValueFsaDeathVsAddccMax - compareHighestValueFsaDeathVsAddccMin) + compareHighestValueFsaDeathVsAddccMin: null&#xD;
&#xD;
2019-08-27 17:10:16 - [TEST_STEP][PASSED] - println(compareHighestValueFsaDeathVsAddcc): null&#xD;
&#xD;
2019-08-27 17:10:16 - [TEST_STEP][PASSED] - comment("Send request"): Send request&#xD;
&#xD;
2019-08-27 17:10:16 - [MESSAGE][INFO] - Send request&#xD;
&#xD;
2019-08-27 17:10:16 - [TEST_STEP][PASSED] - response = sendRequest(findTestObject("AlterationScoringRuleApps/Financial Non Employee/Non Ultimate/Object Request", ["transactionType":transactionType, "role":role, "increasingFsaFlag":increasingFsaFlag, "pecFlag":pecFlag, "occupationCode":occupationCode, ... ])): Send request successfully&#xD;
&#xD;
2019-08-27 17:10:17 - [MESSAGE][INFO] - HAR: C:\SURYAPURBA\PHS\PHS-BRMS\Reports\FinancialNonEmployee_NonUltimate\20190827_170649\requests\main\112.har&#xD;
&#xD;
2019-08-27 17:10:17 - [MESSAGE][PASSED] - Send request successfully&#xD;
&#xD;
2019-08-27 17:10:17 - [TEST_STEP][PASSED] - slurper = new groovy.json.JsonSlurper(): null&#xD;
&#xD;
2019-08-27 17:10:18 - [TEST_STEP][PASSED] - parseResponse = slurper.parseText(response.getResponseText()): null&#xD;
&#xD;
2019-08-27 17:10:18 - [TEST_STEP][PASSED] - println(parseResponse): null&#xD;
&#xD;
2019-08-27 17:10:18 - [TEST_STEP][PASSED] - attributes = evidenceCode: null&#xD;
&#xD;
2019-08-27 17:10:18 - [TEST_STEP][PASSED] - println(attributes): null&#xD;
&#xD;
2019-08-27 17:10:18 - [TEST_STEP][PASSED] - expected = description == "Butuh LSAR, ABR, BSM, RoC, RNA, Bukti Aset, F2F meeting": null&#xD;
&#xD;
2019-08-27 17:10:18 - [TEST_STEP][PASSED] - Start listener action : sampleAfterTestCase: null</system-out>
            <system-err>2019-08-27 17:10:16 - [TEST_CASE][ERROR] - Test Cases/AlterationScoringRuleApps/Financial Non Employee/Non Ultimate/FE6/TC-2 IDR FE6: Test Cases/AlterationScoringRuleApps/Financial Non Employee/Non Ultimate/FE6/TC-2 IDR FE6 FAILED.
Reason:
java.lang.NullPointerException: Cannot get property 'description' on null object&#xD;
	at TC-2 IDR FE6.run(TC-2 IDR FE6:28)&#xD;
	at com.kms.katalon.core.main.ScriptEngine.run(ScriptEngine.java:194)&#xD;
	at com.kms.katalon.core.main.ScriptEngine.runScriptAsRawText(ScriptEngine.java:119)&#xD;
	at com.kms.katalon.core.main.TestCaseExecutor.runScript(TestCaseExecutor.java:337)&#xD;
	at com.kms.katalon.core.main.TestCaseExecutor.doExecute(TestCaseExecutor.java:328)&#xD;
	at com.kms.katalon.core.main.TestCaseExecutor.processExecutionPhase(TestCaseExecutor.java:307)&#xD;
	at com.kms.katalon.core.main.TestCaseExecutor.accessMainPhase(TestCaseExecutor.java:299)&#xD;
	at com.kms.katalon.core.main.TestCaseExecutor.execute(TestCaseExecutor.java:233)&#xD;
	at com.kms.katalon.core.main.TestSuiteExecutor.accessTestCaseMainPhase(TestSuiteExecutor.java:133)&#xD;
	at com.kms.katalon.core.main.TestSuiteExecutor.accessTestSuiteMainPhase(TestSuiteExecutor.java:116)&#xD;
	at com.kms.katalon.core.main.TestSuiteExecutor.execute(TestSuiteExecutor.java:83)&#xD;
	at com.kms.katalon.core.main.TestCaseMain.startTestSuite(TestCaseMain.java:157)&#xD;
	at com.kms.katalon.core.main.TestCaseMain$startTestSuite$0.call(Unknown Source)&#xD;
	at TempTestSuite1566900409643.run(TempTestSuite1566900409643.groovy:35)</system-err>
        </testcase>
        <testcase name="Test Cases/AlterationScoringRuleApps/Financial Non Employee/Non Ultimate/FE6/TC-2 IDR FE6" classname="Test Cases/AlterationScoringRuleApps/Financial Non Employee/Non Ultimate/FE6/TC-2 IDR FE6" status="ERROR">
            <error type="ERROR" message="Test Cases/AlterationScoringRuleApps/Financial Non Employee/Non Ultimate/FE6/TC-2 IDR FE6 FAILED.&#xA;Reason:&#xA;java.lang.NullPointerException: Cannot get property 'description' on null object&#xD;&#xA;&#x9;at TC-2 IDR FE6.run(TC-2 IDR FE6:28)&#xD;&#xA;&#x9;at com.kms.katalon.core.main.ScriptEngine.run(ScriptEngine.java:194)&#xD;&#xA;&#x9;at com.kms.katalon.core.main.ScriptEngine.runScriptAsRawText(ScriptEngine.java:119)&#xD;&#xA;&#x9;at com.kms.katalon.core.main.TestCaseExecutor.runScript(TestCaseExecutor.java:337)&#xD;&#xA;&#x9;at com.kms.katalon.core.main.TestCaseExecutor.doExecute(TestCaseExecutor.java:328)&#xD;&#xA;&#x9;at com.kms.katalon.core.main.TestCaseExecutor.processExecutionPhase(TestCaseExecutor.java:307)&#xD;&#xA;&#x9;at com.kms.katalon.core.main.TestCaseExecutor.accessMainPhase(TestCaseExecutor.java:299)&#xD;&#xA;&#x9;at com.kms.katalon.core.main.TestCaseExecutor.execute(TestCaseExecutor.java:233)&#xD;&#xA;&#x9;at com.kms.katalon.core.main.TestSuiteExecutor.accessTestCaseMainPhase(TestSuiteExecutor.java:133)&#xD;&#xA;&#x9;at com.kms.katalon.core.main.TestSuiteExecutor.accessTestSuiteMainPhase(TestSuiteExecutor.java:116)&#xD;&#xA;&#x9;at com.kms.katalon.core.main.TestSuiteExecutor.execute(TestSuiteExecutor.java:83)&#xD;&#xA;&#x9;at com.kms.katalon.core.main.TestCaseMain.startTestSuite(TestCaseMain.java:157)&#xD;&#xA;&#x9;at com.kms.katalon.core.main.TestCaseMain$startTestSuite$0.call(Unknown Source)&#xD;&#xA;&#x9;at TempTestSuite1566900409643.run(TempTestSuite1566900409643.groovy:35)&#xD;&#xA;"/>
            <system-out>2019-08-27 17:10:20 - [TEST_CASE][ERROR] - Test Cases/AlterationScoringRuleApps/Financial Non Employee/Non Ultimate/FE6/TC-2 IDR FE6: Test Cases/AlterationScoringRuleApps/Financial Non Employee/Non Ultimate/FE6/TC-2 IDR FE6 FAILED.
Reason:
java.lang.NullPointerException: Cannot get property 'description' on null object&#xD;
	at TC-2 IDR FE6.run(TC-2 IDR FE6:28)&#xD;
	at com.kms.katalon.core.main.ScriptEngine.run(ScriptEngine.java:194)&#xD;
	at com.kms.katalon.core.main.ScriptEngine.runScriptAsRawText(ScriptEngine.java:119)&#xD;
	at com.kms.katalon.core.main.TestCaseExecutor.runScript(TestCaseExecutor.java:337)&#xD;
	at com.kms.katalon.core.main.TestCaseExecutor.doExecute(TestCaseExecutor.java:328)&#xD;
	at com.kms.katalon.core.main.TestCaseExecutor.processExecutionPhase(TestCaseExecutor.java:307)&#xD;
	at com.kms.katalon.core.main.TestCaseExecutor.accessMainPhase(TestCaseExecutor.java:299)&#xD;
	at com.kms.katalon.core.main.TestCaseExecutor.execute(TestCaseExecutor.java:233)&#xD;
	at com.kms.katalon.core.main.TestSuiteExecutor.accessTestCaseMainPhase(TestSuiteExecutor.java:133)&#xD;
	at com.kms.katalon.core.main.TestSuiteExecutor.accessTestSuiteMainPhase(TestSuiteExecutor.java:116)&#xD;
	at com.kms.katalon.core.main.TestSuiteExecutor.execute(TestSuiteExecutor.java:83)&#xD;
	at com.kms.katalon.core.main.TestCaseMain.startTestSuite(TestCaseMain.java:157)&#xD;
	at com.kms.katalon.core.main.TestCaseMain$startTestSuite$0.call(Unknown Source)&#xD;
	at TempTestSuite1566900409643.run(TempTestSuite1566900409643.groovy:35)&#xD;
&#xD;
&#xD;
2019-08-27 17:10:22 - [TEST_STEP][PASSED] - random = new java.util.Random(): null&#xD;
&#xD;
2019-08-27 17:10:22 - [TEST_STEP][PASSED] - compareHighestValueFsaDeathVsAddccMin = 50000000000: null&#xD;
&#xD;
2019-08-27 17:10:22 - [TEST_STEP][PASSED] - compareHighestValueFsaDeathVsAddccMax = 999999999999: null&#xD;
&#xD;
2019-08-27 17:10:22 - [TEST_STEP][PASSED] - compareHighestValueFsaDeathVsAddcc = random.nextInt(compareHighestValueFsaDeathVsAddccMax - compareHighestValueFsaDeathVsAddccMin) + compareHighestValueFsaDeathVsAddccMin: null&#xD;
&#xD;
2019-08-27 17:10:22 - [TEST_STEP][PASSED] - println(compareHighestValueFsaDeathVsAddcc): null&#xD;
&#xD;
2019-08-27 17:10:22 - [TEST_STEP][PASSED] - comment("Send request"): Send request&#xD;
&#xD;
2019-08-27 17:10:22 - [MESSAGE][INFO] - Send request&#xD;
&#xD;
2019-08-27 17:10:22 - [TEST_STEP][PASSED] - response = sendRequest(findTestObject("AlterationScoringRuleApps/Financial Non Employee/Non Ultimate/Object Request", ["transactionType":transactionType, "role":role, "increasingFsaFlag":increasingFsaFlag, "pecFlag":pecFlag, "occupationCode":occupationCode, ... ])): Send request successfully&#xD;
&#xD;
2019-08-27 17:10:22 - [MESSAGE][INFO] - HAR: C:\SURYAPURBA\PHS\PHS-BRMS\Reports\FinancialNonEmployee_NonUltimate\20190827_170649\requests\main\113.har&#xD;
&#xD;
2019-08-27 17:10:22 - [MESSAGE][PASSED] - Send request successfully&#xD;
&#xD;
2019-08-27 17:10:22 - [TEST_STEP][PASSED] - slurper = new groovy.json.JsonSlurper(): null&#xD;
&#xD;
2019-08-27 17:10:22 - [TEST_STEP][PASSED] - parseResponse = slurper.parseText(response.getResponseText()): null&#xD;
&#xD;
2019-08-27 17:10:22 - [TEST_STEP][PASSED] - println(parseResponse): null&#xD;
&#xD;
2019-08-27 17:10:22 - [TEST_STEP][PASSED] - attributes = evidenceCode: null&#xD;
&#xD;
2019-08-27 17:10:22 - [TEST_STEP][PASSED] - println(attributes): null&#xD;
&#xD;
2019-08-27 17:10:22 - [TEST_STEP][PASSED] - expected = description == "Butuh LSAR, ABR, BSM, RoC, RNA, Bukti Aset, F2F meeting": null&#xD;
&#xD;
2019-08-27 17:10:22 - [TEST_STEP][PASSED] - Start listener action : sampleAfterTestCase: null</system-out>
            <system-err>2019-08-27 17:10:20 - [TEST_CASE][ERROR] - Test Cases/AlterationScoringRuleApps/Financial Non Employee/Non Ultimate/FE6/TC-2 IDR FE6: Test Cases/AlterationScoringRuleApps/Financial Non Employee/Non Ultimate/FE6/TC-2 IDR FE6 FAILED.
Reason:
java.lang.NullPointerException: Cannot get property 'description' on null object&#xD;
	at TC-2 IDR FE6.run(TC-2 IDR FE6:28)&#xD;
	at com.kms.katalon.core.main.ScriptEngine.run(ScriptEngine.java:194)&#xD;
	at com.kms.katalon.core.main.ScriptEngine.runScriptAsRawText(ScriptEngine.java:119)&#xD;
	at com.kms.katalon.core.main.TestCaseExecutor.runScript(TestCaseExecutor.java:337)&#xD;
	at com.kms.katalon.core.main.TestCaseExecutor.doExecute(TestCaseExecutor.java:328)&#xD;
	at com.kms.katalon.core.main.TestCaseExecutor.processExecutionPhase(TestCaseExecutor.java:307)&#xD;
	at com.kms.katalon.core.main.TestCaseExecutor.accessMainPhase(TestCaseExecutor.java:299)&#xD;
	at com.kms.katalon.core.main.TestCaseExecutor.execute(TestCaseExecutor.java:233)&#xD;
	at com.kms.katalon.core.main.TestSuiteExecutor.accessTestCaseMainPhase(TestSuiteExecutor.java:133)&#xD;
	at com.kms.katalon.core.main.TestSuiteExecutor.accessTestSuiteMainPhase(TestSuiteExecutor.java:116)&#xD;
	at com.kms.katalon.core.main.TestSuiteExecutor.execute(TestSuiteExecutor.java:83)&#xD;
	at com.kms.katalon.core.main.TestCaseMain.startTestSuite(TestCaseMain.java:157)&#xD;
	at com.kms.katalon.core.main.TestCaseMain$startTestSuite$0.call(Unknown Source)&#xD;
	at TempTestSuite1566900409643.run(TempTestSuite1566900409643.groovy:35)</system-err>
        </testcase>
        <testcase name="Test Cases/AlterationScoringRuleApps/Financial Non Employee/Non Ultimate/FE6/TC-2 IDR FE6" classname="Test Cases/AlterationScoringRuleApps/Financial Non Employee/Non Ultimate/FE6/TC-2 IDR FE6" status="ERROR">
            <error type="ERROR" message="Test Cases/AlterationScoringRuleApps/Financial Non Employee/Non Ultimate/FE6/TC-2 IDR FE6 FAILED.&#xA;Reason:&#xA;java.lang.NullPointerException: Cannot get property 'description' on null object&#xD;&#xA;&#x9;at TC-2 IDR FE6.run(TC-2 IDR FE6:28)&#xD;&#xA;&#x9;at com.kms.katalon.core.main.ScriptEngine.run(ScriptEngine.java:194)&#xD;&#xA;&#x9;at com.kms.katalon.core.main.ScriptEngine.runScriptAsRawText(ScriptEngine.java:119)&#xD;&#xA;&#x9;at com.kms.katalon.core.main.TestCaseExecutor.runScript(TestCaseExecutor.java:337)&#xD;&#xA;&#x9;at com.kms.katalon.core.main.TestCaseExecutor.doExecute(TestCaseExecutor.java:328)&#xD;&#xA;&#x9;at com.kms.katalon.core.main.TestCaseExecutor.processExecutionPhase(TestCaseExecutor.java:307)&#xD;&#xA;&#x9;at com.kms.katalon.core.main.TestCaseExecutor.accessMainPhase(TestCaseExecutor.java:299)&#xD;&#xA;&#x9;at com.kms.katalon.core.main.TestCaseExecutor.execute(TestCaseExecutor.java:233)&#xD;&#xA;&#x9;at com.kms.katalon.core.main.TestSuiteExecutor.accessTestCaseMainPhase(TestSuiteExecutor.java:133)&#xD;&#xA;&#x9;at com.kms.katalon.core.main.TestSuiteExecutor.accessTestSuiteMainPhase(TestSuiteExecutor.java:116)&#xD;&#xA;&#x9;at com.kms.katalon.core.main.TestSuiteExecutor.execute(TestSuiteExecutor.java:83)&#xD;&#xA;&#x9;at com.kms.katalon.core.main.TestCaseMain.startTestSuite(TestCaseMain.java:157)&#xD;&#xA;&#x9;at com.kms.katalon.core.main.TestCaseMain$startTestSuite$0.call(Unknown Source)&#xD;&#xA;&#x9;at TempTestSuite1566900409643.run(TempTestSuite1566900409643.groovy:35)&#xD;&#xA;"/>
            <system-out>2019-08-27 17:10:22 - [TEST_CASE][ERROR] - Test Cases/AlterationScoringRuleApps/Financial Non Employee/Non Ultimate/FE6/TC-2 IDR FE6: Test Cases/AlterationScoringRuleApps/Financial Non Employee/Non Ultimate/FE6/TC-2 IDR FE6 FAILED.
Reason:
java.lang.NullPointerException: Cannot get property 'description' on null object&#xD;
	at TC-2 IDR FE6.run(TC-2 IDR FE6:28)&#xD;
	at com.kms.katalon.core.main.ScriptEngine.run(ScriptEngine.java:194)&#xD;
	at com.kms.katalon.core.main.ScriptEngine.runScriptAsRawText(ScriptEngine.java:119)&#xD;
	at com.kms.katalon.core.main.TestCaseExecutor.runScript(TestCaseExecutor.java:337)&#xD;
	at com.kms.katalon.core.main.TestCaseExecutor.doExecute(TestCaseExecutor.java:328)&#xD;
	at com.kms.katalon.core.main.TestCaseExecutor.processExecutionPhase(TestCaseExecutor.java:307)&#xD;
	at com.kms.katalon.core.main.TestCaseExecutor.accessMainPhase(TestCaseExecutor.java:299)&#xD;
	at com.kms.katalon.core.main.TestCaseExecutor.execute(TestCaseExecutor.java:233)&#xD;
	at com.kms.katalon.core.main.TestSuiteExecutor.accessTestCaseMainPhase(TestSuiteExecutor.java:133)&#xD;
	at com.kms.katalon.core.main.TestSuiteExecutor.accessTestSuiteMainPhase(TestSuiteExecutor.java:116)&#xD;
	at com.kms.katalon.core.main.TestSuiteExecutor.execute(TestSuiteExecutor.java:83)&#xD;
	at com.kms.katalon.core.main.TestCaseMain.startTestSuite(TestCaseMain.java:157)&#xD;
	at com.kms.katalon.core.main.TestCaseMain$startTestSuite$0.call(Unknown Source)&#xD;
	at TempTestSuite1566900409643.run(TempTestSuite1566900409643.groovy:35)&#xD;
&#xD;
&#xD;
2019-08-27 17:10:24 - [TEST_STEP][PASSED] - random = new java.util.Random(): null&#xD;
&#xD;
2019-08-27 17:10:24 - [TEST_STEP][PASSED] - compareHighestValueFsaDeathVsAddccMin = 50000000000: null&#xD;
&#xD;
2019-08-27 17:10:24 - [TEST_STEP][PASSED] - compareHighestValueFsaDeathVsAddccMax = 999999999999: null&#xD;
&#xD;
2019-08-27 17:10:24 - [TEST_STEP][PASSED] - compareHighestValueFsaDeathVsAddcc = random.nextInt(compareHighestValueFsaDeathVsAddccMax - compareHighestValueFsaDeathVsAddccMin) + compareHighestValueFsaDeathVsAddccMin: null&#xD;
&#xD;
2019-08-27 17:10:24 - [TEST_STEP][PASSED] - println(compareHighestValueFsaDeathVsAddcc): null&#xD;
&#xD;
2019-08-27 17:10:24 - [TEST_STEP][PASSED] - comment("Send request"): Send request&#xD;
&#xD;
2019-08-27 17:10:24 - [MESSAGE][INFO] - Send request&#xD;
&#xD;
2019-08-27 17:10:24 - [TEST_STEP][PASSED] - response = sendRequest(findTestObject("AlterationScoringRuleApps/Financial Non Employee/Non Ultimate/Object Request", ["transactionType":transactionType, "role":role, "increasingFsaFlag":increasingFsaFlag, "pecFlag":pecFlag, "occupationCode":occupationCode, ... ])): Send request successfully&#xD;
&#xD;
2019-08-27 17:10:25 - [MESSAGE][INFO] - HAR: C:\SURYAPURBA\PHS\PHS-BRMS\Reports\FinancialNonEmployee_NonUltimate\20190827_170649\requests\main\114.har&#xD;
&#xD;
2019-08-27 17:10:25 - [MESSAGE][PASSED] - Send request successfully&#xD;
&#xD;
2019-08-27 17:10:25 - [TEST_STEP][PASSED] - slurper = new groovy.json.JsonSlurper(): null&#xD;
&#xD;
2019-08-27 17:10:25 - [TEST_STEP][PASSED] - parseResponse = slurper.parseText(response.getResponseText()): null&#xD;
&#xD;
2019-08-27 17:10:25 - [TEST_STEP][PASSED] - println(parseResponse): null&#xD;
&#xD;
2019-08-27 17:10:25 - [TEST_STEP][PASSED] - attributes = evidenceCode: null&#xD;
&#xD;
2019-08-27 17:10:25 - [TEST_STEP][PASSED] - println(attributes): null&#xD;
&#xD;
2019-08-27 17:10:25 - [TEST_STEP][PASSED] - expected = description == "Butuh LSAR, ABR, BSM, RoC, RNA, Bukti Aset, F2F meeting": null&#xD;
&#xD;
2019-08-27 17:10:25 - [TEST_STEP][PASSED] - Start listener action : sampleAfterTestCase: null</system-out>
            <system-err>2019-08-27 17:10:22 - [TEST_CASE][ERROR] - Test Cases/AlterationScoringRuleApps/Financial Non Employee/Non Ultimate/FE6/TC-2 IDR FE6: Test Cases/AlterationScoringRuleApps/Financial Non Employee/Non Ultimate/FE6/TC-2 IDR FE6 FAILED.
Reason:
java.lang.NullPointerException: Cannot get property 'description' on null object&#xD;
	at TC-2 IDR FE6.run(TC-2 IDR FE6:28)&#xD;
	at com.kms.katalon.core.main.ScriptEngine.run(ScriptEngine.java:194)&#xD;
	at com.kms.katalon.core.main.ScriptEngine.runScriptAsRawText(ScriptEngine.java:119)&#xD;
	at com.kms.katalon.core.main.TestCaseExecutor.runScript(TestCaseExecutor.java:337)&#xD;
	at com.kms.katalon.core.main.TestCaseExecutor.doExecute(TestCaseExecutor.java:328)&#xD;
	at com.kms.katalon.core.main.TestCaseExecutor.processExecutionPhase(TestCaseExecutor.java:307)&#xD;
	at com.kms.katalon.core.main.TestCaseExecutor.accessMainPhase(TestCaseExecutor.java:299)&#xD;
	at com.kms.katalon.core.main.TestCaseExecutor.execute(TestCaseExecutor.java:233)&#xD;
	at com.kms.katalon.core.main.TestSuiteExecutor.accessTestCaseMainPhase(TestSuiteExecutor.java:133)&#xD;
	at com.kms.katalon.core.main.TestSuiteExecutor.accessTestSuiteMainPhase(TestSuiteExecutor.java:116)&#xD;
	at com.kms.katalon.core.main.TestSuiteExecutor.execute(TestSuiteExecutor.java:83)&#xD;
	at com.kms.katalon.core.main.TestCaseMain.startTestSuite(TestCaseMain.java:157)&#xD;
	at com.kms.katalon.core.main.TestCaseMain$startTestSuite$0.call(Unknown Source)&#xD;
	at TempTestSuite1566900409643.run(TempTestSuite1566900409643.groovy:35)</system-err>
        </testcase>
        <testcase name="Test Cases/AlterationScoringRuleApps/Financial Non Employee/Non Ultimate/FE6/TC-2 IDR FE6" classname="Test Cases/AlterationScoringRuleApps/Financial Non Employee/Non Ultimate/FE6/TC-2 IDR FE6" status="ERROR">
            <error type="ERROR" message="Test Cases/AlterationScoringRuleApps/Financial Non Employee/Non Ultimate/FE6/TC-2 IDR FE6 FAILED.&#xA;Reason:&#xA;java.lang.NullPointerException: Cannot get property 'description' on null object&#xD;&#xA;&#x9;at TC-2 IDR FE6.run(TC-2 IDR FE6:28)&#xD;&#xA;&#x9;at com.kms.katalon.core.main.ScriptEngine.run(ScriptEngine.java:194)&#xD;&#xA;&#x9;at com.kms.katalon.core.main.ScriptEngine.runScriptAsRawText(ScriptEngine.java:119)&#xD;&#xA;&#x9;at com.kms.katalon.core.main.TestCaseExecutor.runScript(TestCaseExecutor.java:337)&#xD;&#xA;&#x9;at com.kms.katalon.core.main.TestCaseExecutor.doExecute(TestCaseExecutor.java:328)&#xD;&#xA;&#x9;at com.kms.katalon.core.main.TestCaseExecutor.processExecutionPhase(TestCaseExecutor.java:307)&#xD;&#xA;&#x9;at com.kms.katalon.core.main.TestCaseExecutor.accessMainPhase(TestCaseExecutor.java:299)&#xD;&#xA;&#x9;at com.kms.katalon.core.main.TestCaseExecutor.execute(TestCaseExecutor.java:233)&#xD;&#xA;&#x9;at com.kms.katalon.core.main.TestSuiteExecutor.accessTestCaseMainPhase(TestSuiteExecutor.java:133)&#xD;&#xA;&#x9;at com.kms.katalon.core.main.TestSuiteExecutor.accessTestSuiteMainPhase(TestSuiteExecutor.java:116)&#xD;&#xA;&#x9;at com.kms.katalon.core.main.TestSuiteExecutor.execute(TestSuiteExecutor.java:83)&#xD;&#xA;&#x9;at com.kms.katalon.core.main.TestCaseMain.startTestSuite(TestCaseMain.java:157)&#xD;&#xA;&#x9;at com.kms.katalon.core.main.TestCaseMain$startTestSuite$0.call(Unknown Source)&#xD;&#xA;&#x9;at TempTestSuite1566900409643.run(TempTestSuite1566900409643.groovy:35)&#xD;&#xA;"/>
            <system-out>2019-08-27 17:10:27 - [TEST_CASE][ERROR] - Test Cases/AlterationScoringRuleApps/Financial Non Employee/Non Ultimate/FE6/TC-2 IDR FE6: Test Cases/AlterationScoringRuleApps/Financial Non Employee/Non Ultimate/FE6/TC-2 IDR FE6 FAILED.
Reason:
java.lang.NullPointerException: Cannot get property 'description' on null object&#xD;
	at TC-2 IDR FE6.run(TC-2 IDR FE6:28)&#xD;
	at com.kms.katalon.core.main.ScriptEngine.run(ScriptEngine.java:194)&#xD;
	at com.kms.katalon.core.main.ScriptEngine.runScriptAsRawText(ScriptEngine.java:119)&#xD;
	at com.kms.katalon.core.main.TestCaseExecutor.runScript(TestCaseExecutor.java:337)&#xD;
	at com.kms.katalon.core.main.TestCaseExecutor.doExecute(TestCaseExecutor.java:328)&#xD;
	at com.kms.katalon.core.main.TestCaseExecutor.processExecutionPhase(TestCaseExecutor.java:307)&#xD;
	at com.kms.katalon.core.main.TestCaseExecutor.accessMainPhase(TestCaseExecutor.java:299)&#xD;
	at com.kms.katalon.core.main.TestCaseExecutor.execute(TestCaseExecutor.java:233)&#xD;
	at com.kms.katalon.core.main.TestSuiteExecutor.accessTestCaseMainPhase(TestSuiteExecutor.java:133)&#xD;
	at com.kms.katalon.core.main.TestSuiteExecutor.accessTestSuiteMainPhase(TestSuiteExecutor.java:116)&#xD;
	at com.kms.katalon.core.main.TestSuiteExecutor.execute(TestSuiteExecutor.java:83)&#xD;
	at com.kms.katalon.core.main.TestCaseMain.startTestSuite(TestCaseMain.java:157)&#xD;
	at com.kms.katalon.core.main.TestCaseMain$startTestSuite$0.call(Unknown Source)&#xD;
	at TempTestSuite1566900409643.run(TempTestSuite1566900409643.groovy:35)&#xD;
&#xD;
&#xD;
2019-08-27 17:10:27 - [TEST_STEP][PASSED] - random = new java.util.Random(): null&#xD;
&#xD;
2019-08-27 17:10:27 - [TEST_STEP][PASSED] - compareHighestValueFsaDeathVsAddccMin = 50000000000: null&#xD;
&#xD;
2019-08-27 17:10:27 - [TEST_STEP][PASSED] - compareHighestValueFsaDeathVsAddccMax = 999999999999: null&#xD;
&#xD;
2019-08-27 17:10:27 - [TEST_STEP][PASSED] - compareHighestValueFsaDeathVsAddcc = random.nextInt(compareHighestValueFsaDeathVsAddccMax - compareHighestValueFsaDeathVsAddccMin) + compareHighestValueFsaDeathVsAddccMin: null&#xD;
&#xD;
2019-08-27 17:10:27 - [TEST_STEP][PASSED] - println(compareHighestValueFsaDeathVsAddcc): null&#xD;
&#xD;
2019-08-27 17:10:27 - [TEST_STEP][PASSED] - comment("Send request"): Send request&#xD;
&#xD;
2019-08-27 17:10:27 - [MESSAGE][INFO] - Send request&#xD;
&#xD;
2019-08-27 17:10:27 - [TEST_STEP][PASSED] - response = sendRequest(findTestObject("AlterationScoringRuleApps/Financial Non Employee/Non Ultimate/Object Request", ["transactionType":transactionType, "role":role, "increasingFsaFlag":increasingFsaFlag, "pecFlag":pecFlag, "occupationCode":occupationCode, ... ])): Send request successfully&#xD;
&#xD;
2019-08-27 17:10:27 - [MESSAGE][INFO] - HAR: C:\SURYAPURBA\PHS\PHS-BRMS\Reports\FinancialNonEmployee_NonUltimate\20190827_170649\requests\main\115.har&#xD;
&#xD;
2019-08-27 17:10:27 - [MESSAGE][PASSED] - Send request successfully&#xD;
&#xD;
2019-08-27 17:10:27 - [TEST_STEP][PASSED] - slurper = new groovy.json.JsonSlurper(): null&#xD;
&#xD;
2019-08-27 17:10:29 - [TEST_STEP][PASSED] - parseResponse = slurper.parseText(response.getResponseText()): null&#xD;
&#xD;
2019-08-27 17:10:29 - [TEST_STEP][PASSED] - println(parseResponse): null&#xD;
&#xD;
2019-08-27 17:10:29 - [TEST_STEP][PASSED] - attributes = evidenceCode: null&#xD;
&#xD;
2019-08-27 17:10:29 - [TEST_STEP][PASSED] - println(attributes): null&#xD;
&#xD;
2019-08-27 17:10:29 - [TEST_STEP][PASSED] - expected = description == "Butuh LSAR, ABR, BSM, RoC, RNA, Bukti Aset, F2F meeting": null&#xD;
&#xD;
2019-08-27 17:10:29 - [TEST_STEP][PASSED] - Start listener action : sampleAfterTestCase: null</system-out>
            <system-err>2019-08-27 17:10:27 - [TEST_CASE][ERROR] - Test Cases/AlterationScoringRuleApps/Financial Non Employee/Non Ultimate/FE6/TC-2 IDR FE6: Test Cases/AlterationScoringRuleApps/Financial Non Employee/Non Ultimate/FE6/TC-2 IDR FE6 FAILED.
Reason:
java.lang.NullPointerException: Cannot get property 'description' on null object&#xD;
	at TC-2 IDR FE6.run(TC-2 IDR FE6:28)&#xD;
	at com.kms.katalon.core.main.ScriptEngine.run(ScriptEngine.java:194)&#xD;
	at com.kms.katalon.core.main.ScriptEngine.runScriptAsRawText(ScriptEngine.java:119)&#xD;
	at com.kms.katalon.core.main.TestCaseExecutor.runScript(TestCaseExecutor.java:337)&#xD;
	at com.kms.katalon.core.main.TestCaseExecutor.doExecute(TestCaseExecutor.java:328)&#xD;
	at com.kms.katalon.core.main.TestCaseExecutor.processExecutionPhase(TestCaseExecutor.java:307)&#xD;
	at com.kms.katalon.core.main.TestCaseExecutor.accessMainPhase(TestCaseExecutor.java:299)&#xD;
	at com.kms.katalon.core.main.TestCaseExecutor.execute(TestCaseExecutor.java:233)&#xD;
	at com.kms.katalon.core.main.TestSuiteExecutor.accessTestCaseMainPhase(TestSuiteExecutor.java:133)&#xD;
	at com.kms.katalon.core.main.TestSuiteExecutor.accessTestSuiteMainPhase(TestSuiteExecutor.java:116)&#xD;
	at com.kms.katalon.core.main.TestSuiteExecutor.execute(TestSuiteExecutor.java:83)&#xD;
	at com.kms.katalon.core.main.TestCaseMain.startTestSuite(TestCaseMain.java:157)&#xD;
	at com.kms.katalon.core.main.TestCaseMain$startTestSuite$0.call(Unknown Source)&#xD;
	at TempTestSuite1566900409643.run(TempTestSuite1566900409643.groovy:35)</system-err>
        </testcase>
        <testcase name="Test Cases/AlterationScoringRuleApps/Financial Non Employee/Non Ultimate/FE6/TC-2 IDR FE6" classname="Test Cases/AlterationScoringRuleApps/Financial Non Employee/Non Ultimate/FE6/TC-2 IDR FE6" status="ERROR">
            <error type="ERROR" message="Test Cases/AlterationScoringRuleApps/Financial Non Employee/Non Ultimate/FE6/TC-2 IDR FE6 FAILED.&#xA;Reason:&#xA;java.lang.NullPointerException: Cannot get property 'description' on null object&#xD;&#xA;&#x9;at TC-2 IDR FE6.run(TC-2 IDR FE6:28)&#xD;&#xA;&#x9;at com.kms.katalon.core.main.ScriptEngine.run(ScriptEngine.java:194)&#xD;&#xA;&#x9;at com.kms.katalon.core.main.ScriptEngine.runScriptAsRawText(ScriptEngine.java:119)&#xD;&#xA;&#x9;at com.kms.katalon.core.main.TestCaseExecutor.runScript(TestCaseExecutor.java:337)&#xD;&#xA;&#x9;at com.kms.katalon.core.main.TestCaseExecutor.doExecute(TestCaseExecutor.java:328)&#xD;&#xA;&#x9;at com.kms.katalon.core.main.TestCaseExecutor.processExecutionPhase(TestCaseExecutor.java:307)&#xD;&#xA;&#x9;at com.kms.katalon.core.main.TestCaseExecutor.accessMainPhase(TestCaseExecutor.java:299)&#xD;&#xA;&#x9;at com.kms.katalon.core.main.TestCaseExecutor.execute(TestCaseExecutor.java:233)&#xD;&#xA;&#x9;at com.kms.katalon.core.main.TestSuiteExecutor.accessTestCaseMainPhase(TestSuiteExecutor.java:133)&#xD;&#xA;&#x9;at com.kms.katalon.core.main.TestSuiteExecutor.accessTestSuiteMainPhase(TestSuiteExecutor.java:116)&#xD;&#xA;&#x9;at com.kms.katalon.core.main.TestSuiteExecutor.execute(TestSuiteExecutor.java:83)&#xD;&#xA;&#x9;at com.kms.katalon.core.main.TestCaseMain.startTestSuite(TestCaseMain.java:157)&#xD;&#xA;&#x9;at com.kms.katalon.core.main.TestCaseMain$startTestSuite$0.call(Unknown Source)&#xD;&#xA;&#x9;at TempTestSuite1566900409643.run(TempTestSuite1566900409643.groovy:35)&#xD;&#xA;"/>
            <system-out>2019-08-27 17:10:31 - [TEST_CASE][ERROR] - Test Cases/AlterationScoringRuleApps/Financial Non Employee/Non Ultimate/FE6/TC-2 IDR FE6: Test Cases/AlterationScoringRuleApps/Financial Non Employee/Non Ultimate/FE6/TC-2 IDR FE6 FAILED.
Reason:
java.lang.NullPointerException: Cannot get property 'description' on null object&#xD;
	at TC-2 IDR FE6.run(TC-2 IDR FE6:28)&#xD;
	at com.kms.katalon.core.main.ScriptEngine.run(ScriptEngine.java:194)&#xD;
	at com.kms.katalon.core.main.ScriptEngine.runScriptAsRawText(ScriptEngine.java:119)&#xD;
	at com.kms.katalon.core.main.TestCaseExecutor.runScript(TestCaseExecutor.java:337)&#xD;
	at com.kms.katalon.core.main.TestCaseExecutor.doExecute(TestCaseExecutor.java:328)&#xD;
	at com.kms.katalon.core.main.TestCaseExecutor.processExecutionPhase(TestCaseExecutor.java:307)&#xD;
	at com.kms.katalon.core.main.TestCaseExecutor.accessMainPhase(TestCaseExecutor.java:299)&#xD;
	at com.kms.katalon.core.main.TestCaseExecutor.execute(TestCaseExecutor.java:233)&#xD;
	at com.kms.katalon.core.main.TestSuiteExecutor.accessTestCaseMainPhase(TestSuiteExecutor.java:133)&#xD;
	at com.kms.katalon.core.main.TestSuiteExecutor.accessTestSuiteMainPhase(TestSuiteExecutor.java:116)&#xD;
	at com.kms.katalon.core.main.TestSuiteExecutor.execute(TestSuiteExecutor.java:83)&#xD;
	at com.kms.katalon.core.main.TestCaseMain.startTestSuite(TestCaseMain.java:157)&#xD;
	at com.kms.katalon.core.main.TestCaseMain$startTestSuite$0.call(Unknown Source)&#xD;
	at TempTestSuite1566900409643.run(TempTestSuite1566900409643.groovy:35)&#xD;
&#xD;
&#xD;
2019-08-27 17:10:34 - [TEST_STEP][PASSED] - random = new java.util.Random(): null&#xD;
&#xD;
2019-08-27 17:10:34 - [TEST_STEP][PASSED] - compareHighestValueFsaDeathVsAddccMin = 50000000000: null&#xD;
&#xD;
2019-08-27 17:10:34 - [TEST_STEP][PASSED] - compareHighestValueFsaDeathVsAddccMax = 999999999999: null&#xD;
&#xD;
2019-08-27 17:10:34 - [TEST_STEP][PASSED] - compareHighestValueFsaDeathVsAddcc = random.nextInt(compareHighestValueFsaDeathVsAddccMax - compareHighestValueFsaDeathVsAddccMin) + compareHighestValueFsaDeathVsAddccMin: null&#xD;
&#xD;
2019-08-27 17:10:34 - [TEST_STEP][PASSED] - println(compareHighestValueFsaDeathVsAddcc): null&#xD;
&#xD;
2019-08-27 17:10:34 - [TEST_STEP][PASSED] - comment("Send request"): Send request&#xD;
&#xD;
2019-08-27 17:10:34 - [MESSAGE][INFO] - Send request&#xD;
&#xD;
2019-08-27 17:10:34 - [TEST_STEP][PASSED] - response = sendRequest(findTestObject("AlterationScoringRuleApps/Financial Non Employee/Non Ultimate/Object Request", ["transactionType":transactionType, "role":role, "increasingFsaFlag":increasingFsaFlag, "pecFlag":pecFlag, "occupationCode":occupationCode, ... ])): Send request successfully&#xD;
&#xD;
2019-08-27 17:10:34 - [MESSAGE][INFO] - HAR: C:\SURYAPURBA\PHS\PHS-BRMS\Reports\FinancialNonEmployee_NonUltimate\20190827_170649\requests\main\116.har&#xD;
&#xD;
2019-08-27 17:10:34 - [MESSAGE][PASSED] - Send request successfully&#xD;
&#xD;
2019-08-27 17:10:34 - [TEST_STEP][PASSED] - slurper = new groovy.json.JsonSlurper(): null&#xD;
&#xD;
2019-08-27 17:10:34 - [TEST_STEP][PASSED] - parseResponse = slurper.parseText(response.getResponseText()): null&#xD;
&#xD;
2019-08-27 17:10:34 - [TEST_STEP][PASSED] - println(parseResponse): null&#xD;
&#xD;
2019-08-27 17:10:34 - [TEST_STEP][PASSED] - attributes = evidenceCode: null&#xD;
&#xD;
2019-08-27 17:10:34 - [TEST_STEP][PASSED] - println(attributes): null&#xD;
&#xD;
2019-08-27 17:10:34 - [TEST_STEP][PASSED] - expected = description == "Butuh LSAR, ABR, BSM, RoC, RNA, Bukti Aset, F2F meeting": null&#xD;
&#xD;
2019-08-27 17:10:34 - [TEST_STEP][PASSED] - Start listener action : sampleAfterTestCase: null</system-out>
            <system-err>2019-08-27 17:10:31 - [TEST_CASE][ERROR] - Test Cases/AlterationScoringRuleApps/Financial Non Employee/Non Ultimate/FE6/TC-2 IDR FE6: Test Cases/AlterationScoringRuleApps/Financial Non Employee/Non Ultimate/FE6/TC-2 IDR FE6 FAILED.
Reason:
java.lang.NullPointerException: Cannot get property 'description' on null object&#xD;
	at TC-2 IDR FE6.run(TC-2 IDR FE6:28)&#xD;
	at com.kms.katalon.core.main.ScriptEngine.run(ScriptEngine.java:194)&#xD;
	at com.kms.katalon.core.main.ScriptEngine.runScriptAsRawText(ScriptEngine.java:119)&#xD;
	at com.kms.katalon.core.main.TestCaseExecutor.runScript(TestCaseExecutor.java:337)&#xD;
	at com.kms.katalon.core.main.TestCaseExecutor.doExecute(TestCaseExecutor.java:328)&#xD;
	at com.kms.katalon.core.main.TestCaseExecutor.processExecutionPhase(TestCaseExecutor.java:307)&#xD;
	at com.kms.katalon.core.main.TestCaseExecutor.accessMainPhase(TestCaseExecutor.java:299)&#xD;
	at com.kms.katalon.core.main.TestCaseExecutor.execute(TestCaseExecutor.java:233)&#xD;
	at com.kms.katalon.core.main.TestSuiteExecutor.accessTestCaseMainPhase(TestSuiteExecutor.java:133)&#xD;
	at com.kms.katalon.core.main.TestSuiteExecutor.accessTestSuiteMainPhase(TestSuiteExecutor.java:116)&#xD;
	at com.kms.katalon.core.main.TestSuiteExecutor.execute(TestSuiteExecutor.java:83)&#xD;
	at com.kms.katalon.core.main.TestCaseMain.startTestSuite(TestCaseMain.java:157)&#xD;
	at com.kms.katalon.core.main.TestCaseMain$startTestSuite$0.call(Unknown Source)&#xD;
	at TempTestSuite1566900409643.run(TempTestSuite1566900409643.groovy:35)</system-err>
        </testcase>
        <testcase name="Test Cases/AlterationScoringRuleApps/Financial Non Employee/Non Ultimate/FE6/TC-2 IDR FE6" classname="Test Cases/AlterationScoringRuleApps/Financial Non Employee/Non Ultimate/FE6/TC-2 IDR FE6" status="ERROR">
            <error type="ERROR" message="Test Cases/AlterationScoringRuleApps/Financial Non Employee/Non Ultimate/FE6/TC-2 IDR FE6 FAILED.&#xA;Reason:&#xA;java.lang.NullPointerException: Cannot get property 'description' on null object&#xD;&#xA;&#x9;at TC-2 IDR FE6.run(TC-2 IDR FE6:28)&#xD;&#xA;&#x9;at com.kms.katalon.core.main.ScriptEngine.run(ScriptEngine.java:194)&#xD;&#xA;&#x9;at com.kms.katalon.core.main.ScriptEngine.runScriptAsRawText(ScriptEngine.java:119)&#xD;&#xA;&#x9;at com.kms.katalon.core.main.TestCaseExecutor.runScript(TestCaseExecutor.java:337)&#xD;&#xA;&#x9;at com.kms.katalon.core.main.TestCaseExecutor.doExecute(TestCaseExecutor.java:328)&#xD;&#xA;&#x9;at com.kms.katalon.core.main.TestCaseExecutor.processExecutionPhase(TestCaseExecutor.java:307)&#xD;&#xA;&#x9;at com.kms.katalon.core.main.TestCaseExecutor.accessMainPhase(TestCaseExecutor.java:299)&#xD;&#xA;&#x9;at com.kms.katalon.core.main.TestCaseExecutor.execute(TestCaseExecutor.java:233)&#xD;&#xA;&#x9;at com.kms.katalon.core.main.TestSuiteExecutor.accessTestCaseMainPhase(TestSuiteExecutor.java:133)&#xD;&#xA;&#x9;at com.kms.katalon.core.main.TestSuiteExecutor.accessTestSuiteMainPhase(TestSuiteExecutor.java:116)&#xD;&#xA;&#x9;at com.kms.katalon.core.main.TestSuiteExecutor.execute(TestSuiteExecutor.java:83)&#xD;&#xA;&#x9;at com.kms.katalon.core.main.TestCaseMain.startTestSuite(TestCaseMain.java:157)&#xD;&#xA;&#x9;at com.kms.katalon.core.main.TestCaseMain$startTestSuite$0.call(Unknown Source)&#xD;&#xA;&#x9;at TempTestSuite1566900409643.run(TempTestSuite1566900409643.groovy:35)&#xD;&#xA;"/>
            <system-out>2019-08-27 17:10:35 - [TEST_CASE][ERROR] - Test Cases/AlterationScoringRuleApps/Financial Non Employee/Non Ultimate/FE6/TC-2 IDR FE6: Test Cases/AlterationScoringRuleApps/Financial Non Employee/Non Ultimate/FE6/TC-2 IDR FE6 FAILED.
Reason:
java.lang.NullPointerException: Cannot get property 'description' on null object&#xD;
	at TC-2 IDR FE6.run(TC-2 IDR FE6:28)&#xD;
	at com.kms.katalon.core.main.ScriptEngine.run(ScriptEngine.java:194)&#xD;
	at com.kms.katalon.core.main.ScriptEngine.runScriptAsRawText(ScriptEngine.java:119)&#xD;
	at com.kms.katalon.core.main.TestCaseExecutor.runScript(TestCaseExecutor.java:337)&#xD;
	at com.kms.katalon.core.main.TestCaseExecutor.doExecute(TestCaseExecutor.java:328)&#xD;
	at com.kms.katalon.core.main.TestCaseExecutor.processExecutionPhase(TestCaseExecutor.java:307)&#xD;
	at com.kms.katalon.core.main.TestCaseExecutor.accessMainPhase(TestCaseExecutor.java:299)&#xD;
	at com.kms.katalon.core.main.TestCaseExecutor.execute(TestCaseExecutor.java:233)&#xD;
	at com.kms.katalon.core.main.TestSuiteExecutor.accessTestCaseMainPhase(TestSuiteExecutor.java:133)&#xD;
	at com.kms.katalon.core.main.TestSuiteExecutor.accessTestSuiteMainPhase(TestSuiteExecutor.java:116)&#xD;
	at com.kms.katalon.core.main.TestSuiteExecutor.execute(TestSuiteExecutor.java:83)&#xD;
	at com.kms.katalon.core.main.TestCaseMain.startTestSuite(TestCaseMain.java:157)&#xD;
	at com.kms.katalon.core.main.TestCaseMain$startTestSuite$0.call(Unknown Source)&#xD;
	at TempTestSuite1566900409643.run(TempTestSuite1566900409643.groovy:35)&#xD;
&#xD;
&#xD;
2019-08-27 17:10:35 - [TEST_STEP][PASSED] - random = new java.util.Random(): null&#xD;
&#xD;
2019-08-27 17:10:35 - [TEST_STEP][PASSED] - compareHighestValueFsaDeathVsAddccMin = 50000000000: null&#xD;
&#xD;
2019-08-27 17:10:35 - [TEST_STEP][PASSED] - compareHighestValueFsaDeathVsAddccMax = 999999999999: null&#xD;
&#xD;
2019-08-27 17:10:35 - [TEST_STEP][PASSED] - compareHighestValueFsaDeathVsAddcc = random.nextInt(compareHighestValueFsaDeathVsAddccMax - compareHighestValueFsaDeathVsAddccMin) + compareHighestValueFsaDeathVsAddccMin: null&#xD;
&#xD;
2019-08-27 17:10:35 - [TEST_STEP][PASSED] - println(compareHighestValueFsaDeathVsAddcc): null&#xD;
&#xD;
2019-08-27 17:10:35 - [TEST_STEP][PASSED] - comment("Send request"): Send request&#xD;
&#xD;
2019-08-27 17:10:35 - [MESSAGE][INFO] - Send request&#xD;
&#xD;
2019-08-27 17:10:36 - [TEST_STEP][PASSED] - response = sendRequest(findTestObject("AlterationScoringRuleApps/Financial Non Employee/Non Ultimate/Object Request", ["transactionType":transactionType, "role":role, "increasingFsaFlag":increasingFsaFlag, "pecFlag":pecFlag, "occupationCode":occupationCode, ... ])): Send request successfully&#xD;
&#xD;
2019-08-27 17:10:36 - [MESSAGE][INFO] - HAR: C:\SURYAPURBA\PHS\PHS-BRMS\Reports\FinancialNonEmployee_NonUltimate\20190827_170649\requests\main\117.har&#xD;
&#xD;
2019-08-27 17:10:36 - [MESSAGE][PASSED] - Send request successfully&#xD;
&#xD;
2019-08-27 17:10:36 - [TEST_STEP][PASSED] - slurper = new groovy.json.JsonSlurper(): null&#xD;
&#xD;
2019-08-27 17:10:36 - [TEST_STEP][PASSED] - parseResponse = slurper.parseText(response.getResponseText()): null&#xD;
&#xD;
2019-08-27 17:10:36 - [TEST_STEP][PASSED] - println(parseResponse): null&#xD;
&#xD;
2019-08-27 17:10:36 - [TEST_STEP][PASSED] - attributes = evidenceCode: null&#xD;
&#xD;
2019-08-27 17:10:36 - [TEST_STEP][PASSED] - println(attributes): null&#xD;
&#xD;
2019-08-27 17:10:36 - [TEST_STEP][PASSED] - expected = description == "Butuh LSAR, ABR, BSM, RoC, RNA, Bukti Aset, F2F meeting": null&#xD;
&#xD;
2019-08-27 17:10:36 - [TEST_STEP][PASSED] - Start listener action : sampleAfterTestCase: null</system-out>
            <system-err>2019-08-27 17:10:35 - [TEST_CASE][ERROR] - Test Cases/AlterationScoringRuleApps/Financial Non Employee/Non Ultimate/FE6/TC-2 IDR FE6: Test Cases/AlterationScoringRuleApps/Financial Non Employee/Non Ultimate/FE6/TC-2 IDR FE6 FAILED.
Reason:
java.lang.NullPointerException: Cannot get property 'description' on null object&#xD;
	at TC-2 IDR FE6.run(TC-2 IDR FE6:28)&#xD;
	at com.kms.katalon.core.main.ScriptEngine.run(ScriptEngine.java:194)&#xD;
	at com.kms.katalon.core.main.ScriptEngine.runScriptAsRawText(ScriptEngine.java:119)&#xD;
	at com.kms.katalon.core.main.TestCaseExecutor.runScript(TestCaseExecutor.java:337)&#xD;
	at com.kms.katalon.core.main.TestCaseExecutor.doExecute(TestCaseExecutor.java:328)&#xD;
	at com.kms.katalon.core.main.TestCaseExecutor.processExecutionPhase(TestCaseExecutor.java:307)&#xD;
	at com.kms.katalon.core.main.TestCaseExecutor.accessMainPhase(TestCaseExecutor.java:299)&#xD;
	at com.kms.katalon.core.main.TestCaseExecutor.execute(TestCaseExecutor.java:233)&#xD;
	at com.kms.katalon.core.main.TestSuiteExecutor.accessTestCaseMainPhase(TestSuiteExecutor.java:133)&#xD;
	at com.kms.katalon.core.main.TestSuiteExecutor.accessTestSuiteMainPhase(TestSuiteExecutor.java:116)&#xD;
	at com.kms.katalon.core.main.TestSuiteExecutor.execute(TestSuiteExecutor.java:83)&#xD;
	at com.kms.katalon.core.main.TestCaseMain.startTestSuite(TestCaseMain.java:157)&#xD;
	at com.kms.katalon.core.main.TestCaseMain$startTestSuite$0.call(Unknown Source)&#xD;
	at TempTestSuite1566900409643.run(TempTestSuite1566900409643.groovy:35)</system-err>
        </testcase>
        <testcase name="Test Cases/AlterationScoringRuleApps/Financial Non Employee/Non Ultimate/FE6/TC-2 IDR FE6" classname="Test Cases/AlterationScoringRuleApps/Financial Non Employee/Non Ultimate/FE6/TC-2 IDR FE6" status="ERROR">
            <error type="ERROR" message="Test Cases/AlterationScoringRuleApps/Financial Non Employee/Non Ultimate/FE6/TC-2 IDR FE6 FAILED.&#xA;Reason:&#xA;java.lang.NullPointerException: Cannot get property 'description' on null object&#xD;&#xA;&#x9;at TC-2 IDR FE6.run(TC-2 IDR FE6:28)&#xD;&#xA;&#x9;at com.kms.katalon.core.main.ScriptEngine.run(ScriptEngine.java:194)&#xD;&#xA;&#x9;at com.kms.katalon.core.main.ScriptEngine.runScriptAsRawText(ScriptEngine.java:119)&#xD;&#xA;&#x9;at com.kms.katalon.core.main.TestCaseExecutor.runScript(TestCaseExecutor.java:337)&#xD;&#xA;&#x9;at com.kms.katalon.core.main.TestCaseExecutor.doExecute(TestCaseExecutor.java:328)&#xD;&#xA;&#x9;at com.kms.katalon.core.main.TestCaseExecutor.processExecutionPhase(TestCaseExecutor.java:307)&#xD;&#xA;&#x9;at com.kms.katalon.core.main.TestCaseExecutor.accessMainPhase(TestCaseExecutor.java:299)&#xD;&#xA;&#x9;at com.kms.katalon.core.main.TestCaseExecutor.execute(TestCaseExecutor.java:233)&#xD;&#xA;&#x9;at com.kms.katalon.core.main.TestSuiteExecutor.accessTestCaseMainPhase(TestSuiteExecutor.java:133)&#xD;&#xA;&#x9;at com.kms.katalon.core.main.TestSuiteExecutor.accessTestSuiteMainPhase(TestSuiteExecutor.java:116)&#xD;&#xA;&#x9;at com.kms.katalon.core.main.TestSuiteExecutor.execute(TestSuiteExecutor.java:83)&#xD;&#xA;&#x9;at com.kms.katalon.core.main.TestCaseMain.startTestSuite(TestCaseMain.java:157)&#xD;&#xA;&#x9;at com.kms.katalon.core.main.TestCaseMain$startTestSuite$0.call(Unknown Source)&#xD;&#xA;&#x9;at TempTestSuite1566900409643.run(TempTestSuite1566900409643.groovy:35)&#xD;&#xA;"/>
            <system-out>2019-08-27 17:10:38 - [TEST_CASE][ERROR] - Test Cases/AlterationScoringRuleApps/Financial Non Employee/Non Ultimate/FE6/TC-2 IDR FE6: Test Cases/AlterationScoringRuleApps/Financial Non Employee/Non Ultimate/FE6/TC-2 IDR FE6 FAILED.
Reason:
java.lang.NullPointerException: Cannot get property 'description' on null object&#xD;
	at TC-2 IDR FE6.run(TC-2 IDR FE6:28)&#xD;
	at com.kms.katalon.core.main.ScriptEngine.run(ScriptEngine.java:194)&#xD;
	at com.kms.katalon.core.main.ScriptEngine.runScriptAsRawText(ScriptEngine.java:119)&#xD;
	at com.kms.katalon.core.main.TestCaseExecutor.runScript(TestCaseExecutor.java:337)&#xD;
	at com.kms.katalon.core.main.TestCaseExecutor.doExecute(TestCaseExecutor.java:328)&#xD;
	at com.kms.katalon.core.main.TestCaseExecutor.processExecutionPhase(TestCaseExecutor.java:307)&#xD;
	at com.kms.katalon.core.main.TestCaseExecutor.accessMainPhase(TestCaseExecutor.java:299)&#xD;
	at com.kms.katalon.core.main.TestCaseExecutor.execute(TestCaseExecutor.java:233)&#xD;
	at com.kms.katalon.core.main.TestSuiteExecutor.accessTestCaseMainPhase(TestSuiteExecutor.java:133)&#xD;
	at com.kms.katalon.core.main.TestSuiteExecutor.accessTestSuiteMainPhase(TestSuiteExecutor.java:116)&#xD;
	at com.kms.katalon.core.main.TestSuiteExecutor.execute(TestSuiteExecutor.java:83)&#xD;
	at com.kms.katalon.core.main.TestCaseMain.startTestSuite(TestCaseMain.java:157)&#xD;
	at com.kms.katalon.core.main.TestCaseMain$startTestSuite$0.call(Unknown Source)&#xD;
	at TempTestSuite1566900409643.run(TempTestSuite1566900409643.groovy:35)&#xD;
&#xD;
&#xD;
2019-08-27 17:10:39 - [TEST_STEP][PASSED] - random = new java.util.Random(): null&#xD;
&#xD;
2019-08-27 17:10:39 - [TEST_STEP][PASSED] - compareHighestValueFsaDeathVsAddccMin = 50000000000: null&#xD;
&#xD;
2019-08-27 17:10:39 - [TEST_STEP][PASSED] - compareHighestValueFsaDeathVsAddccMax = 999999999999: null&#xD;
&#xD;
2019-08-27 17:10:39 - [TEST_STEP][PASSED] - compareHighestValueFsaDeathVsAddcc = random.nextInt(compareHighestValueFsaDeathVsAddccMax - compareHighestValueFsaDeathVsAddccMin) + compareHighestValueFsaDeathVsAddccMin: null&#xD;
&#xD;
2019-08-27 17:10:39 - [TEST_STEP][PASSED] - println(compareHighestValueFsaDeathVsAddcc): null&#xD;
&#xD;
2019-08-27 17:10:39 - [TEST_STEP][PASSED] - comment("Send request"): Send request&#xD;
&#xD;
2019-08-27 17:10:39 - [MESSAGE][INFO] - Send request&#xD;
&#xD;
2019-08-27 17:10:39 - [TEST_STEP][PASSED] - response = sendRequest(findTestObject("AlterationScoringRuleApps/Financial Non Employee/Non Ultimate/Object Request", ["transactionType":transactionType, "role":role, "increasingFsaFlag":increasingFsaFlag, "pecFlag":pecFlag, "occupationCode":occupationCode, ... ])): Send request successfully&#xD;
&#xD;
2019-08-27 17:10:39 - [MESSAGE][INFO] - HAR: C:\SURYAPURBA\PHS\PHS-BRMS\Reports\FinancialNonEmployee_NonUltimate\20190827_170649\requests\main\118.har&#xD;
&#xD;
2019-08-27 17:10:39 - [MESSAGE][PASSED] - Send request successfully&#xD;
&#xD;
2019-08-27 17:10:39 - [TEST_STEP][PASSED] - slurper = new groovy.json.JsonSlurper(): null&#xD;
&#xD;
2019-08-27 17:10:41 - [TEST_STEP][PASSED] - parseResponse = slurper.parseText(response.getResponseText()): null&#xD;
&#xD;
2019-08-27 17:10:41 - [TEST_STEP][PASSED] - println(parseResponse): null&#xD;
&#xD;
2019-08-27 17:10:41 - [TEST_STEP][PASSED] - attributes = evidenceCode: null&#xD;
&#xD;
2019-08-27 17:10:41 - [TEST_STEP][PASSED] - println(attributes): null&#xD;
&#xD;
2019-08-27 17:10:41 - [TEST_STEP][PASSED] - expected = description == "Butuh LSAR, ABR, BSM, RoC, RNA, Bukti Aset, F2F meeting": null&#xD;
&#xD;
2019-08-27 17:10:41 - [TEST_STEP][PASSED] - Start listener action : sampleAfterTestCase: null</system-out>
            <system-err>2019-08-27 17:10:38 - [TEST_CASE][ERROR] - Test Cases/AlterationScoringRuleApps/Financial Non Employee/Non Ultimate/FE6/TC-2 IDR FE6: Test Cases/AlterationScoringRuleApps/Financial Non Employee/Non Ultimate/FE6/TC-2 IDR FE6 FAILED.
Reason:
java.lang.NullPointerException: Cannot get property 'description' on null object&#xD;
	at TC-2 IDR FE6.run(TC-2 IDR FE6:28)&#xD;
	at com.kms.katalon.core.main.ScriptEngine.run(ScriptEngine.java:194)&#xD;
	at com.kms.katalon.core.main.ScriptEngine.runScriptAsRawText(ScriptEngine.java:119)&#xD;
	at com.kms.katalon.core.main.TestCaseExecutor.runScript(TestCaseExecutor.java:337)&#xD;
	at com.kms.katalon.core.main.TestCaseExecutor.doExecute(TestCaseExecutor.java:328)&#xD;
	at com.kms.katalon.core.main.TestCaseExecutor.processExecutionPhase(TestCaseExecutor.java:307)&#xD;
	at com.kms.katalon.core.main.TestCaseExecutor.accessMainPhase(TestCaseExecutor.java:299)&#xD;
	at com.kms.katalon.core.main.TestCaseExecutor.execute(TestCaseExecutor.java:233)&#xD;
	at com.kms.katalon.core.main.TestSuiteExecutor.accessTestCaseMainPhase(TestSuiteExecutor.java:133)&#xD;
	at com.kms.katalon.core.main.TestSuiteExecutor.accessTestSuiteMainPhase(TestSuiteExecutor.java:116)&#xD;
	at com.kms.katalon.core.main.TestSuiteExecutor.execute(TestSuiteExecutor.java:83)&#xD;
	at com.kms.katalon.core.main.TestCaseMain.startTestSuite(TestCaseMain.java:157)&#xD;
	at com.kms.katalon.core.main.TestCaseMain$startTestSuite$0.call(Unknown Source)&#xD;
	at TempTestSuite1566900409643.run(TempTestSuite1566900409643.groovy:35)</system-err>
        </testcase>
        <testcase name="Test Cases/AlterationScoringRuleApps/Financial Non Employee/Non Ultimate/FE6/TC-2 IDR FE6" classname="Test Cases/AlterationScoringRuleApps/Financial Non Employee/Non Ultimate/FE6/TC-2 IDR FE6" status="ERROR">
            <error type="ERROR" message="Test Cases/AlterationScoringRuleApps/Financial Non Employee/Non Ultimate/FE6/TC-2 IDR FE6 FAILED.&#xA;Reason:&#xA;java.lang.NullPointerException: Cannot get property 'description' on null object&#xD;&#xA;&#x9;at TC-2 IDR FE6.run(TC-2 IDR FE6:28)&#xD;&#xA;&#x9;at com.kms.katalon.core.main.ScriptEngine.run(ScriptEngine.java:194)&#xD;&#xA;&#x9;at com.kms.katalon.core.main.ScriptEngine.runScriptAsRawText(ScriptEngine.java:119)&#xD;&#xA;&#x9;at com.kms.katalon.core.main.TestCaseExecutor.runScript(TestCaseExecutor.java:337)&#xD;&#xA;&#x9;at com.kms.katalon.core.main.TestCaseExecutor.doExecute(TestCaseExecutor.java:328)&#xD;&#xA;&#x9;at com.kms.katalon.core.main.TestCaseExecutor.processExecutionPhase(TestCaseExecutor.java:307)&#xD;&#xA;&#x9;at com.kms.katalon.core.main.TestCaseExecutor.accessMainPhase(TestCaseExecutor.java:299)&#xD;&#xA;&#x9;at com.kms.katalon.core.main.TestCaseExecutor.execute(TestCaseExecutor.java:233)&#xD;&#xA;&#x9;at com.kms.katalon.core.main.TestSuiteExecutor.accessTestCaseMainPhase(TestSuiteExecutor.java:133)&#xD;&#xA;&#x9;at com.kms.katalon.core.main.TestSuiteExecutor.accessTestSuiteMainPhase(TestSuiteExecutor.java:116)&#xD;&#xA;&#x9;at com.kms.katalon.core.main.TestSuiteExecutor.execute(TestSuiteExecutor.java:83)&#xD;&#xA;&#x9;at com.kms.katalon.core.main.TestCaseMain.startTestSuite(TestCaseMain.java:157)&#xD;&#xA;&#x9;at com.kms.katalon.core.main.TestCaseMain$startTestSuite$0.call(Unknown Source)&#xD;&#xA;&#x9;at TempTestSuite1566900409643.run(TempTestSuite1566900409643.groovy:35)&#xD;&#xA;"/>
            <system-out>2019-08-27 17:10:43 - [TEST_CASE][ERROR] - Test Cases/AlterationScoringRuleApps/Financial Non Employee/Non Ultimate/FE6/TC-2 IDR FE6: Test Cases/AlterationScoringRuleApps/Financial Non Employee/Non Ultimate/FE6/TC-2 IDR FE6 FAILED.
Reason:
java.lang.NullPointerException: Cannot get property 'description' on null object&#xD;
	at TC-2 IDR FE6.run(TC-2 IDR FE6:28)&#xD;
	at com.kms.katalon.core.main.ScriptEngine.run(ScriptEngine.java:194)&#xD;
	at com.kms.katalon.core.main.ScriptEngine.runScriptAsRawText(ScriptEngine.java:119)&#xD;
	at com.kms.katalon.core.main.TestCaseExecutor.runScript(TestCaseExecutor.java:337)&#xD;
	at com.kms.katalon.core.main.TestCaseExecutor.doExecute(TestCaseExecutor.java:328)&#xD;
	at com.kms.katalon.core.main.TestCaseExecutor.processExecutionPhase(TestCaseExecutor.java:307)&#xD;
	at com.kms.katalon.core.main.TestCaseExecutor.accessMainPhase(TestCaseExecutor.java:299)&#xD;
	at com.kms.katalon.core.main.TestCaseExecutor.execute(TestCaseExecutor.java:233)&#xD;
	at com.kms.katalon.core.main.TestSuiteExecutor.accessTestCaseMainPhase(TestSuiteExecutor.java:133)&#xD;
	at com.kms.katalon.core.main.TestSuiteExecutor.accessTestSuiteMainPhase(TestSuiteExecutor.java:116)&#xD;
	at com.kms.katalon.core.main.TestSuiteExecutor.execute(TestSuiteExecutor.java:83)&#xD;
	at com.kms.katalon.core.main.TestCaseMain.startTestSuite(TestCaseMain.java:157)&#xD;
	at com.kms.katalon.core.main.TestCaseMain$startTestSuite$0.call(Unknown Source)&#xD;
	at TempTestSuite1566900409643.run(TempTestSuite1566900409643.groovy:35)&#xD;
&#xD;
&#xD;
2019-08-27 17:10:46 - [TEST_STEP][PASSED] - random = new java.util.Random(): null&#xD;
&#xD;
2019-08-27 17:10:46 - [TEST_STEP][PASSED] - compareHighestValueFsaDeathVsAddccMin = 50000000000: null&#xD;
&#xD;
2019-08-27 17:10:46 - [TEST_STEP][PASSED] - compareHighestValueFsaDeathVsAddccMax = 999999999999: null&#xD;
&#xD;
2019-08-27 17:10:46 - [TEST_STEP][PASSED] - compareHighestValueFsaDeathVsAddcc = random.nextInt(compareHighestValueFsaDeathVsAddccMax - compareHighestValueFsaDeathVsAddccMin) + compareHighestValueFsaDeathVsAddccMin: null&#xD;
&#xD;
2019-08-27 17:10:46 - [TEST_STEP][PASSED] - println(compareHighestValueFsaDeathVsAddcc): null&#xD;
&#xD;
2019-08-27 17:10:46 - [TEST_STEP][PASSED] - comment("Send request"): Send request&#xD;
&#xD;
2019-08-27 17:10:46 - [MESSAGE][INFO] - Send request&#xD;
&#xD;
2019-08-27 17:10:46 - [TEST_STEP][PASSED] - response = sendRequest(findTestObject("AlterationScoringRuleApps/Financial Non Employee/Non Ultimate/Object Request", ["transactionType":transactionType, "role":role, "increasingFsaFlag":increasingFsaFlag, "pecFlag":pecFlag, "occupationCode":occupationCode, ... ])): Send request successfully&#xD;
&#xD;
2019-08-27 17:10:46 - [MESSAGE][INFO] - HAR: C:\SURYAPURBA\PHS\PHS-BRMS\Reports\FinancialNonEmployee_NonUltimate\20190827_170649\requests\main\119.har&#xD;
&#xD;
2019-08-27 17:10:46 - [MESSAGE][PASSED] - Send request successfully&#xD;
&#xD;
2019-08-27 17:10:46 - [TEST_STEP][PASSED] - slurper = new groovy.json.JsonSlurper(): null&#xD;
&#xD;
2019-08-27 17:10:46 - [TEST_STEP][PASSED] - parseResponse = slurper.parseText(response.getResponseText()): null&#xD;
&#xD;
2019-08-27 17:10:46 - [TEST_STEP][PASSED] - println(parseResponse): null&#xD;
&#xD;
2019-08-27 17:10:46 - [TEST_STEP][PASSED] - attributes = evidenceCode: null&#xD;
&#xD;
2019-08-27 17:10:46 - [TEST_STEP][PASSED] - println(attributes): null&#xD;
&#xD;
2019-08-27 17:10:46 - [TEST_STEP][PASSED] - expected = description == "Butuh LSAR, ABR, BSM, RoC, RNA, Bukti Aset, F2F meeting": null&#xD;
&#xD;
2019-08-27 17:10:46 - [TEST_STEP][PASSED] - Start listener action : sampleAfterTestCase: null</system-out>
            <system-err>2019-08-27 17:10:43 - [TEST_CASE][ERROR] - Test Cases/AlterationScoringRuleApps/Financial Non Employee/Non Ultimate/FE6/TC-2 IDR FE6: Test Cases/AlterationScoringRuleApps/Financial Non Employee/Non Ultimate/FE6/TC-2 IDR FE6 FAILED.
Reason:
java.lang.NullPointerException: Cannot get property 'description' on null object&#xD;
	at TC-2 IDR FE6.run(TC-2 IDR FE6:28)&#xD;
	at com.kms.katalon.core.main.ScriptEngine.run(ScriptEngine.java:194)&#xD;
	at com.kms.katalon.core.main.ScriptEngine.runScriptAsRawText(ScriptEngine.java:119)&#xD;
	at com.kms.katalon.core.main.TestCaseExecutor.runScript(TestCaseExecutor.java:337)&#xD;
	at com.kms.katalon.core.main.TestCaseExecutor.doExecute(TestCaseExecutor.java:328)&#xD;
	at com.kms.katalon.core.main.TestCaseExecutor.processExecutionPhase(TestCaseExecutor.java:307)&#xD;
	at com.kms.katalon.core.main.TestCaseExecutor.accessMainPhase(TestCaseExecutor.java:299)&#xD;
	at com.kms.katalon.core.main.TestCaseExecutor.execute(TestCaseExecutor.java:233)&#xD;
	at com.kms.katalon.core.main.TestSuiteExecutor.accessTestCaseMainPhase(TestSuiteExecutor.java:133)&#xD;
	at com.kms.katalon.core.main.TestSuiteExecutor.accessTestSuiteMainPhase(TestSuiteExecutor.java:116)&#xD;
	at com.kms.katalon.core.main.TestSuiteExecutor.execute(TestSuiteExecutor.java:83)&#xD;
	at com.kms.katalon.core.main.TestCaseMain.startTestSuite(TestCaseMain.java:157)&#xD;
	at com.kms.katalon.core.main.TestCaseMain$startTestSuite$0.call(Unknown Source)&#xD;
	at TempTestSuite1566900409643.run(TempTestSuite1566900409643.groovy:35)</system-err>
        </testcase>
        <testcase name="Test Cases/AlterationScoringRuleApps/Financial Non Employee/Non Ultimate/FE6/TC-2 IDR FE6" classname="Test Cases/AlterationScoringRuleApps/Financial Non Employee/Non Ultimate/FE6/TC-2 IDR FE6" status="ERROR">
            <error type="ERROR" message="Test Cases/AlterationScoringRuleApps/Financial Non Employee/Non Ultimate/FE6/TC-2 IDR FE6 FAILED.&#xA;Reason:&#xA;java.lang.NullPointerException: Cannot get property 'description' on null object&#xD;&#xA;&#x9;at TC-2 IDR FE6.run(TC-2 IDR FE6:28)&#xD;&#xA;&#x9;at com.kms.katalon.core.main.ScriptEngine.run(ScriptEngine.java:194)&#xD;&#xA;&#x9;at com.kms.katalon.core.main.ScriptEngine.runScriptAsRawText(ScriptEngine.java:119)&#xD;&#xA;&#x9;at com.kms.katalon.core.main.TestCaseExecutor.runScript(TestCaseExecutor.java:337)&#xD;&#xA;&#x9;at com.kms.katalon.core.main.TestCaseExecutor.doExecute(TestCaseExecutor.java:328)&#xD;&#xA;&#x9;at com.kms.katalon.core.main.TestCaseExecutor.processExecutionPhase(TestCaseExecutor.java:307)&#xD;&#xA;&#x9;at com.kms.katalon.core.main.TestCaseExecutor.accessMainPhase(TestCaseExecutor.java:299)&#xD;&#xA;&#x9;at com.kms.katalon.core.main.TestCaseExecutor.execute(TestCaseExecutor.java:233)&#xD;&#xA;&#x9;at com.kms.katalon.core.main.TestSuiteExecutor.accessTestCaseMainPhase(TestSuiteExecutor.java:133)&#xD;&#xA;&#x9;at com.kms.katalon.core.main.TestSuiteExecutor.accessTestSuiteMainPhase(TestSuiteExecutor.java:116)&#xD;&#xA;&#x9;at com.kms.katalon.core.main.TestSuiteExecutor.execute(TestSuiteExecutor.java:83)&#xD;&#xA;&#x9;at com.kms.katalon.core.main.TestCaseMain.startTestSuite(TestCaseMain.java:157)&#xD;&#xA;&#x9;at com.kms.katalon.core.main.TestCaseMain$startTestSuite$0.call(Unknown Source)&#xD;&#xA;&#x9;at TempTestSuite1566900409643.run(TempTestSuite1566900409643.groovy:35)&#xD;&#xA;"/>
            <system-out>2019-08-27 17:10:48 - [TEST_CASE][ERROR] - Test Cases/AlterationScoringRuleApps/Financial Non Employee/Non Ultimate/FE6/TC-2 IDR FE6: Test Cases/AlterationScoringRuleApps/Financial Non Employee/Non Ultimate/FE6/TC-2 IDR FE6 FAILED.
Reason:
java.lang.NullPointerException: Cannot get property 'description' on null object&#xD;
	at TC-2 IDR FE6.run(TC-2 IDR FE6:28)&#xD;
	at com.kms.katalon.core.main.ScriptEngine.run(ScriptEngine.java:194)&#xD;
	at com.kms.katalon.core.main.ScriptEngine.runScriptAsRawText(ScriptEngine.java:119)&#xD;
	at com.kms.katalon.core.main.TestCaseExecutor.runScript(TestCaseExecutor.java:337)&#xD;
	at com.kms.katalon.core.main.TestCaseExecutor.doExecute(TestCaseExecutor.java:328)&#xD;
	at com.kms.katalon.core.main.TestCaseExecutor.processExecutionPhase(TestCaseExecutor.java:307)&#xD;
	at com.kms.katalon.core.main.TestCaseExecutor.accessMainPhase(TestCaseExecutor.java:299)&#xD;
	at com.kms.katalon.core.main.TestCaseExecutor.execute(TestCaseExecutor.java:233)&#xD;
	at com.kms.katalon.core.main.TestSuiteExecutor.accessTestCaseMainPhase(TestSuiteExecutor.java:133)&#xD;
	at com.kms.katalon.core.main.TestSuiteExecutor.accessTestSuiteMainPhase(TestSuiteExecutor.java:116)&#xD;
	at com.kms.katalon.core.main.TestSuiteExecutor.execute(TestSuiteExecutor.java:83)&#xD;
	at com.kms.katalon.core.main.TestCaseMain.startTestSuite(TestCaseMain.java:157)&#xD;
	at com.kms.katalon.core.main.TestCaseMain$startTestSuite$0.call(Unknown Source)&#xD;
	at TempTestSuite1566900409643.run(TempTestSuite1566900409643.groovy:35)&#xD;
&#xD;
&#xD;
2019-08-27 17:10:48 - [TEST_STEP][PASSED] - random = new java.util.Random(): null&#xD;
&#xD;
2019-08-27 17:10:48 - [TEST_STEP][PASSED] - compareHighestValueFsaDeathVsAddccMin = 50000000000: null&#xD;
&#xD;
2019-08-27 17:10:48 - [TEST_STEP][PASSED] - compareHighestValueFsaDeathVsAddccMax = 999999999999: null&#xD;
&#xD;
2019-08-27 17:10:48 - [TEST_STEP][PASSED] - compareHighestValueFsaDeathVsAddcc = random.nextInt(compareHighestValueFsaDeathVsAddccMax - compareHighestValueFsaDeathVsAddccMin) + compareHighestValueFsaDeathVsAddccMin: null&#xD;
&#xD;
2019-08-27 17:10:48 - [TEST_STEP][PASSED] - println(compareHighestValueFsaDeathVsAddcc): null&#xD;
&#xD;
2019-08-27 17:10:48 - [TEST_STEP][PASSED] - comment("Send request"): Send request&#xD;
&#xD;
2019-08-27 17:10:48 - [MESSAGE][INFO] - Send request&#xD;
&#xD;
2019-08-27 17:10:51 - [TEST_STEP][PASSED] - response = sendRequest(findTestObject("AlterationScoringRuleApps/Financial Non Employee/Non Ultimate/Object Request", ["transactionType":transactionType, "role":role, "increasingFsaFlag":increasingFsaFlag, "pecFlag":pecFlag, "occupationCode":occupationCode, ... ])): Send request successfully&#xD;
&#xD;
2019-08-27 17:10:51 - [MESSAGE][INFO] - HAR: C:\SURYAPURBA\PHS\PHS-BRMS\Reports\FinancialNonEmployee_NonUltimate\20190827_170649\requests\main\120.har&#xD;
&#xD;
2019-08-27 17:10:51 - [MESSAGE][PASSED] - Send request successfully&#xD;
&#xD;
2019-08-27 17:10:51 - [TEST_STEP][PASSED] - slurper = new groovy.json.JsonSlurper(): null&#xD;
&#xD;
2019-08-27 17:10:51 - [TEST_STEP][PASSED] - parseResponse = slurper.parseText(response.getResponseText()): null&#xD;
&#xD;
2019-08-27 17:10:51 - [TEST_STEP][PASSED] - println(parseResponse): null&#xD;
&#xD;
2019-08-27 17:10:51 - [TEST_STEP][PASSED] - attributes = evidenceCode: null&#xD;
&#xD;
2019-08-27 17:10:51 - [TEST_STEP][PASSED] - println(attributes): null&#xD;
&#xD;
2019-08-27 17:10:51 - [TEST_STEP][PASSED] - expected = description == "Butuh LSAR, ABR, BSM, RoC, RNA, Bukti Aset, F2F meeting": null&#xD;
&#xD;
2019-08-27 17:10:51 - [TEST_STEP][PASSED] - Start listener action : sampleAfterTestCase: null</system-out>
            <system-err>2019-08-27 17:10:48 - [TEST_CASE][ERROR] - Test Cases/AlterationScoringRuleApps/Financial Non Employee/Non Ultimate/FE6/TC-2 IDR FE6: Test Cases/AlterationScoringRuleApps/Financial Non Employee/Non Ultimate/FE6/TC-2 IDR FE6 FAILED.
Reason:
java.lang.NullPointerException: Cannot get property 'description' on null object&#xD;
	at TC-2 IDR FE6.run(TC-2 IDR FE6:28)&#xD;
	at com.kms.katalon.core.main.ScriptEngine.run(ScriptEngine.java:194)&#xD;
	at com.kms.katalon.core.main.ScriptEngine.runScriptAsRawText(ScriptEngine.java:119)&#xD;
	at com.kms.katalon.core.main.TestCaseExecutor.runScript(TestCaseExecutor.java:337)&#xD;
	at com.kms.katalon.core.main.TestCaseExecutor.doExecute(TestCaseExecutor.java:328)&#xD;
	at com.kms.katalon.core.main.TestCaseExecutor.processExecutionPhase(TestCaseExecutor.java:307)&#xD;
	at com.kms.katalon.core.main.TestCaseExecutor.accessMainPhase(TestCaseExecutor.java:299)&#xD;
	at com.kms.katalon.core.main.TestCaseExecutor.execute(TestCaseExecutor.java:233)&#xD;
	at com.kms.katalon.core.main.TestSuiteExecutor.accessTestCaseMainPhase(TestSuiteExecutor.java:133)&#xD;
	at com.kms.katalon.core.main.TestSuiteExecutor.accessTestSuiteMainPhase(TestSuiteExecutor.java:116)&#xD;
	at com.kms.katalon.core.main.TestSuiteExecutor.execute(TestSuiteExecutor.java:83)&#xD;
	at com.kms.katalon.core.main.TestCaseMain.startTestSuite(TestCaseMain.java:157)&#xD;
	at com.kms.katalon.core.main.TestCaseMain$startTestSuite$0.call(Unknown Source)&#xD;
	at TempTestSuite1566900409643.run(TempTestSuite1566900409643.groovy:35)</system-err>
        </testcase>
        <testcase name="Test Cases/AlterationScoringRuleApps/Financial Non Employee/Non Ultimate/FE6/TC-2 IDR FE6" classname="Test Cases/AlterationScoringRuleApps/Financial Non Employee/Non Ultimate/FE6/TC-2 IDR FE6" status="ERROR">
            <error type="ERROR" message="Test Cases/AlterationScoringRuleApps/Financial Non Employee/Non Ultimate/FE6/TC-2 IDR FE6 FAILED.&#xA;Reason:&#xA;java.lang.NullPointerException: Cannot get property 'description' on null object&#xD;&#xA;&#x9;at TC-2 IDR FE6.run(TC-2 IDR FE6:28)&#xD;&#xA;&#x9;at com.kms.katalon.core.main.ScriptEngine.run(ScriptEngine.java:194)&#xD;&#xA;&#x9;at com.kms.katalon.core.main.ScriptEngine.runScriptAsRawText(ScriptEngine.java:119)&#xD;&#xA;&#x9;at com.kms.katalon.core.main.TestCaseExecutor.runScript(TestCaseExecutor.java:337)&#xD;&#xA;&#x9;at com.kms.katalon.core.main.TestCaseExecutor.doExecute(TestCaseExecutor.java:328)&#xD;&#xA;&#x9;at com.kms.katalon.core.main.TestCaseExecutor.processExecutionPhase(TestCaseExecutor.java:307)&#xD;&#xA;&#x9;at com.kms.katalon.core.main.TestCaseExecutor.accessMainPhase(TestCaseExecutor.java:299)&#xD;&#xA;&#x9;at com.kms.katalon.core.main.TestCaseExecutor.execute(TestCaseExecutor.java:233)&#xD;&#xA;&#x9;at com.kms.katalon.core.main.TestSuiteExecutor.accessTestCaseMainPhase(TestSuiteExecutor.java:133)&#xD;&#xA;&#x9;at com.kms.katalon.core.main.TestSuiteExecutor.accessTestSuiteMainPhase(TestSuiteExecutor.java:116)&#xD;&#xA;&#x9;at com.kms.katalon.core.main.TestSuiteExecutor.execute(TestSuiteExecutor.java:83)&#xD;&#xA;&#x9;at com.kms.katalon.core.main.TestCaseMain.startTestSuite(TestCaseMain.java:157)&#xD;&#xA;&#x9;at com.kms.katalon.core.main.TestCaseMain$startTestSuite$0.call(Unknown Source)&#xD;&#xA;&#x9;at TempTestSuite1566900409643.run(TempTestSuite1566900409643.groovy:35)&#xD;&#xA;"/>
            <system-out>2019-08-27 17:10:51 - [TEST_CASE][ERROR] - Test Cases/AlterationScoringRuleApps/Financial Non Employee/Non Ultimate/FE6/TC-2 IDR FE6: Test Cases/AlterationScoringRuleApps/Financial Non Employee/Non Ultimate/FE6/TC-2 IDR FE6 FAILED.
Reason:
java.lang.NullPointerException: Cannot get property 'description' on null object&#xD;
	at TC-2 IDR FE6.run(TC-2 IDR FE6:28)&#xD;
	at com.kms.katalon.core.main.ScriptEngine.run(ScriptEngine.java:194)&#xD;
	at com.kms.katalon.core.main.ScriptEngine.runScriptAsRawText(ScriptEngine.java:119)&#xD;
	at com.kms.katalon.core.main.TestCaseExecutor.runScript(TestCaseExecutor.java:337)&#xD;
	at com.kms.katalon.core.main.TestCaseExecutor.doExecute(TestCaseExecutor.java:328)&#xD;
	at com.kms.katalon.core.main.TestCaseExecutor.processExecutionPhase(TestCaseExecutor.java:307)&#xD;
	at com.kms.katalon.core.main.TestCaseExecutor.accessMainPhase(TestCaseExecutor.java:299)&#xD;
	at com.kms.katalon.core.main.TestCaseExecutor.execute(TestCaseExecutor.java:233)&#xD;
	at com.kms.katalon.core.main.TestSuiteExecutor.accessTestCaseMainPhase(TestSuiteExecutor.java:133)&#xD;
	at com.kms.katalon.core.main.TestSuiteExecutor.accessTestSuiteMainPhase(TestSuiteExecutor.java:116)&#xD;
	at com.kms.katalon.core.main.TestSuiteExecutor.execute(TestSuiteExecutor.java:83)&#xD;
	at com.kms.katalon.core.main.TestCaseMain.startTestSuite(TestCaseMain.java:157)&#xD;
	at com.kms.katalon.core.main.TestCaseMain$startTestSuite$0.call(Unknown Source)&#xD;
	at TempTestSuite1566900409643.run(TempTestSuite1566900409643.groovy:35)&#xD;
&#xD;
&#xD;
2019-08-27 17:10:51 - [TEST_STEP][PASSED] - random = new java.util.Random(): null&#xD;
&#xD;
2019-08-27 17:10:53 - [TEST_STEP][PASSED] - compareHighestValueFsaDeathVsAddccMin = 50000000000: null&#xD;
&#xD;
2019-08-27 17:10:53 - [TEST_STEP][PASSED] - compareHighestValueFsaDeathVsAddccMax = 999999999999: null&#xD;
&#xD;
2019-08-27 17:10:53 - [TEST_STEP][PASSED] - compareHighestValueFsaDeathVsAddcc = random.nextInt(compareHighestValueFsaDeathVsAddccMax - compareHighestValueFsaDeathVsAddccMin) + compareHighestValueFsaDeathVsAddccMin: null&#xD;
&#xD;
2019-08-27 17:10:53 - [TEST_STEP][PASSED] - println(compareHighestValueFsaDeathVsAddcc): null&#xD;
&#xD;
2019-08-27 17:10:53 - [TEST_STEP][PASSED] - comment("Send request"): Send request&#xD;
&#xD;
2019-08-27 17:10:53 - [MESSAGE][INFO] - Send request&#xD;
&#xD;
2019-08-27 17:10:53 - [TEST_STEP][PASSED] - response = sendRequest(findTestObject("AlterationScoringRuleApps/Financial Non Employee/Non Ultimate/Object Request", ["transactionType":transactionType, "role":role, "increasingFsaFlag":increasingFsaFlag, "pecFlag":pecFlag, "occupationCode":occupationCode, ... ])): Send request successfully&#xD;
&#xD;
2019-08-27 17:10:53 - [MESSAGE][INFO] - HAR: C:\SURYAPURBA\PHS\PHS-BRMS\Reports\FinancialNonEmployee_NonUltimate\20190827_170649\requests\main\121.har&#xD;
&#xD;
2019-08-27 17:10:53 - [MESSAGE][PASSED] - Send request successfully&#xD;
&#xD;
2019-08-27 17:10:53 - [TEST_STEP][PASSED] - slurper = new groovy.json.JsonSlurper(): null&#xD;
&#xD;
2019-08-27 17:10:54 - [TEST_STEP][PASSED] - parseResponse = slurper.parseText(response.getResponseText()): null&#xD;
&#xD;
2019-08-27 17:10:54 - [TEST_STEP][PASSED] - println(parseResponse): null&#xD;
&#xD;
2019-08-27 17:10:54 - [TEST_STEP][PASSED] - attributes = evidenceCode: null&#xD;
&#xD;
2019-08-27 17:10:54 - [TEST_STEP][PASSED] - println(attributes): null&#xD;
&#xD;
2019-08-27 17:10:54 - [TEST_STEP][PASSED] - expected = description == "Butuh LSAR, ABR, BSM, RoC, RNA, Bukti Aset, F2F meeting": null&#xD;
&#xD;
2019-08-27 17:10:54 - [TEST_STEP][PASSED] - Start listener action : sampleAfterTestCase: null</system-out>
            <system-err>2019-08-27 17:10:51 - [TEST_CASE][ERROR] - Test Cases/AlterationScoringRuleApps/Financial Non Employee/Non Ultimate/FE6/TC-2 IDR FE6: Test Cases/AlterationScoringRuleApps/Financial Non Employee/Non Ultimate/FE6/TC-2 IDR FE6 FAILED.
Reason:
java.lang.NullPointerException: Cannot get property 'description' on null object&#xD;
	at TC-2 IDR FE6.run(TC-2 IDR FE6:28)&#xD;
	at com.kms.katalon.core.main.ScriptEngine.run(ScriptEngine.java:194)&#xD;
	at com.kms.katalon.core.main.ScriptEngine.runScriptAsRawText(ScriptEngine.java:119)&#xD;
	at com.kms.katalon.core.main.TestCaseExecutor.runScript(TestCaseExecutor.java:337)&#xD;
	at com.kms.katalon.core.main.TestCaseExecutor.doExecute(TestCaseExecutor.java:328)&#xD;
	at com.kms.katalon.core.main.TestCaseExecutor.processExecutionPhase(TestCaseExecutor.java:307)&#xD;
	at com.kms.katalon.core.main.TestCaseExecutor.accessMainPhase(TestCaseExecutor.java:299)&#xD;
	at com.kms.katalon.core.main.TestCaseExecutor.execute(TestCaseExecutor.java:233)&#xD;
	at com.kms.katalon.core.main.TestSuiteExecutor.accessTestCaseMainPhase(TestSuiteExecutor.java:133)&#xD;
	at com.kms.katalon.core.main.TestSuiteExecutor.accessTestSuiteMainPhase(TestSuiteExecutor.java:116)&#xD;
	at com.kms.katalon.core.main.TestSuiteExecutor.execute(TestSuiteExecutor.java:83)&#xD;
	at com.kms.katalon.core.main.TestCaseMain.startTestSuite(TestCaseMain.java:157)&#xD;
	at com.kms.katalon.core.main.TestCaseMain$startTestSuite$0.call(Unknown Source)&#xD;
	at TempTestSuite1566900409643.run(TempTestSuite1566900409643.groovy:35)</system-err>
        </testcase>
        <testcase name="Test Cases/AlterationScoringRuleApps/Financial Non Employee/Non Ultimate/FE6/TC-2 IDR FE6" classname="Test Cases/AlterationScoringRuleApps/Financial Non Employee/Non Ultimate/FE6/TC-2 IDR FE6" status="ERROR">
            <error type="ERROR" message="Test Cases/AlterationScoringRuleApps/Financial Non Employee/Non Ultimate/FE6/TC-2 IDR FE6 FAILED.&#xA;Reason:&#xA;java.lang.NullPointerException: Cannot get property 'description' on null object&#xD;&#xA;&#x9;at TC-2 IDR FE6.run(TC-2 IDR FE6:28)&#xD;&#xA;&#x9;at com.kms.katalon.core.main.ScriptEngine.run(ScriptEngine.java:194)&#xD;&#xA;&#x9;at com.kms.katalon.core.main.ScriptEngine.runScriptAsRawText(ScriptEngine.java:119)&#xD;&#xA;&#x9;at com.kms.katalon.core.main.TestCaseExecutor.runScript(TestCaseExecutor.java:337)&#xD;&#xA;&#x9;at com.kms.katalon.core.main.TestCaseExecutor.doExecute(TestCaseExecutor.java:328)&#xD;&#xA;&#x9;at com.kms.katalon.core.main.TestCaseExecutor.processExecutionPhase(TestCaseExecutor.java:307)&#xD;&#xA;&#x9;at com.kms.katalon.core.main.TestCaseExecutor.accessMainPhase(TestCaseExecutor.java:299)&#xD;&#xA;&#x9;at com.kms.katalon.core.main.TestCaseExecutor.execute(TestCaseExecutor.java:233)&#xD;&#xA;&#x9;at com.kms.katalon.core.main.TestSuiteExecutor.accessTestCaseMainPhase(TestSuiteExecutor.java:133)&#xD;&#xA;&#x9;at com.kms.katalon.core.main.TestSuiteExecutor.accessTestSuiteMainPhase(TestSuiteExecutor.java:116)&#xD;&#xA;&#x9;at com.kms.katalon.core.main.TestSuiteExecutor.execute(TestSuiteExecutor.java:83)&#xD;&#xA;&#x9;at com.kms.katalon.core.main.TestCaseMain.startTestSuite(TestCaseMain.java:157)&#xD;&#xA;&#x9;at com.kms.katalon.core.main.TestCaseMain$startTestSuite$0.call(Unknown Source)&#xD;&#xA;&#x9;at TempTestSuite1566900409643.run(TempTestSuite1566900409643.groovy:35)&#xD;&#xA;"/>
            <system-out>2019-08-27 17:10:55 - [TEST_CASE][ERROR] - Test Cases/AlterationScoringRuleApps/Financial Non Employee/Non Ultimate/FE6/TC-2 IDR FE6: Test Cases/AlterationScoringRuleApps/Financial Non Employee/Non Ultimate/FE6/TC-2 IDR FE6 FAILED.
Reason:
java.lang.NullPointerException: Cannot get property 'description' on null object&#xD;
	at TC-2 IDR FE6.run(TC-2 IDR FE6:28)&#xD;
	at com.kms.katalon.core.main.ScriptEngine.run(ScriptEngine.java:194)&#xD;
	at com.kms.katalon.core.main.ScriptEngine.runScriptAsRawText(ScriptEngine.java:119)&#xD;
	at com.kms.katalon.core.main.TestCaseExecutor.runScript(TestCaseExecutor.java:337)&#xD;
	at com.kms.katalon.core.main.TestCaseExecutor.doExecute(TestCaseExecutor.java:328)&#xD;
	at com.kms.katalon.core.main.TestCaseExecutor.processExecutionPhase(TestCaseExecutor.java:307)&#xD;
	at com.kms.katalon.core.main.TestCaseExecutor.accessMainPhase(TestCaseExecutor.java:299)&#xD;
	at com.kms.katalon.core.main.TestCaseExecutor.execute(TestCaseExecutor.java:233)&#xD;
	at com.kms.katalon.core.main.TestSuiteExecutor.accessTestCaseMainPhase(TestSuiteExecutor.java:133)&#xD;
	at com.kms.katalon.core.main.TestSuiteExecutor.accessTestSuiteMainPhase(TestSuiteExecutor.java:116)&#xD;
	at com.kms.katalon.core.main.TestSuiteExecutor.execute(TestSuiteExecutor.java:83)&#xD;
	at com.kms.katalon.core.main.TestCaseMain.startTestSuite(TestCaseMain.java:157)&#xD;
	at com.kms.katalon.core.main.TestCaseMain$startTestSuite$0.call(Unknown Source)&#xD;
	at TempTestSuite1566900409643.run(TempTestSuite1566900409643.groovy:35)&#xD;
&#xD;
&#xD;
2019-08-27 17:10:58 - [TEST_STEP][PASSED] - random = new java.util.Random(): null&#xD;
&#xD;
2019-08-27 17:10:58 - [TEST_STEP][PASSED] - compareHighestValueFsaDeathVsAddccMin = 50000000000: null&#xD;
&#xD;
2019-08-27 17:10:58 - [TEST_STEP][PASSED] - compareHighestValueFsaDeathVsAddccMax = 999999999999: null&#xD;
&#xD;
2019-08-27 17:10:58 - [TEST_STEP][PASSED] - compareHighestValueFsaDeathVsAddcc = random.nextInt(compareHighestValueFsaDeathVsAddccMax - compareHighestValueFsaDeathVsAddccMin) + compareHighestValueFsaDeathVsAddccMin: null&#xD;
&#xD;
2019-08-27 17:10:58 - [TEST_STEP][PASSED] - println(compareHighestValueFsaDeathVsAddcc): null&#xD;
&#xD;
2019-08-27 17:10:58 - [TEST_STEP][PASSED] - comment("Send request"): Send request&#xD;
&#xD;
2019-08-27 17:10:58 - [MESSAGE][INFO] - Send request&#xD;
&#xD;
2019-08-27 17:10:58 - [TEST_STEP][PASSED] - response = sendRequest(findTestObject("AlterationScoringRuleApps/Financial Non Employee/Non Ultimate/Object Request", ["transactionType":transactionType, "role":role, "increasingFsaFlag":increasingFsaFlag, "pecFlag":pecFlag, "occupationCode":occupationCode, ... ])): Send request successfully&#xD;
&#xD;
2019-08-27 17:10:58 - [MESSAGE][INFO] - HAR: C:\SURYAPURBA\PHS\PHS-BRMS\Reports\FinancialNonEmployee_NonUltimate\20190827_170649\requests\main\122.har&#xD;
&#xD;
2019-08-27 17:10:58 - [MESSAGE][PASSED] - Send request successfully&#xD;
&#xD;
2019-08-27 17:10:58 - [TEST_STEP][PASSED] - slurper = new groovy.json.JsonSlurper(): null&#xD;
&#xD;
2019-08-27 17:10:58 - [TEST_STEP][PASSED] - parseResponse = slurper.parseText(response.getResponseText()): null&#xD;
&#xD;
2019-08-27 17:10:58 - [TEST_STEP][PASSED] - println(parseResponse): null&#xD;
&#xD;
2019-08-27 17:10:58 - [TEST_STEP][PASSED] - attributes = evidenceCode: null&#xD;
&#xD;
2019-08-27 17:10:58 - [TEST_STEP][PASSED] - println(attributes): null&#xD;
&#xD;
2019-08-27 17:10:58 - [TEST_STEP][PASSED] - expected = description == "Butuh LSAR, ABR, BSM, RoC, RNA, Bukti Aset, F2F meeting": null&#xD;
&#xD;
2019-08-27 17:10:58 - [TEST_STEP][PASSED] - Start listener action : sampleAfterTestCase: null</system-out>
            <system-err>2019-08-27 17:10:55 - [TEST_CASE][ERROR] - Test Cases/AlterationScoringRuleApps/Financial Non Employee/Non Ultimate/FE6/TC-2 IDR FE6: Test Cases/AlterationScoringRuleApps/Financial Non Employee/Non Ultimate/FE6/TC-2 IDR FE6 FAILED.
Reason:
java.lang.NullPointerException: Cannot get property 'description' on null object&#xD;
	at TC-2 IDR FE6.run(TC-2 IDR FE6:28)&#xD;
	at com.kms.katalon.core.main.ScriptEngine.run(ScriptEngine.java:194)&#xD;
	at com.kms.katalon.core.main.ScriptEngine.runScriptAsRawText(ScriptEngine.java:119)&#xD;
	at com.kms.katalon.core.main.TestCaseExecutor.runScript(TestCaseExecutor.java:337)&#xD;
	at com.kms.katalon.core.main.TestCaseExecutor.doExecute(TestCaseExecutor.java:328)&#xD;
	at com.kms.katalon.core.main.TestCaseExecutor.processExecutionPhase(TestCaseExecutor.java:307)&#xD;
	at com.kms.katalon.core.main.TestCaseExecutor.accessMainPhase(TestCaseExecutor.java:299)&#xD;
	at com.kms.katalon.core.main.TestCaseExecutor.execute(TestCaseExecutor.java:233)&#xD;
	at com.kms.katalon.core.main.TestSuiteExecutor.accessTestCaseMainPhase(TestSuiteExecutor.java:133)&#xD;
	at com.kms.katalon.core.main.TestSuiteExecutor.accessTestSuiteMainPhase(TestSuiteExecutor.java:116)&#xD;
	at com.kms.katalon.core.main.TestSuiteExecutor.execute(TestSuiteExecutor.java:83)&#xD;
	at com.kms.katalon.core.main.TestCaseMain.startTestSuite(TestCaseMain.java:157)&#xD;
	at com.kms.katalon.core.main.TestCaseMain$startTestSuite$0.call(Unknown Source)&#xD;
	at TempTestSuite1566900409643.run(TempTestSuite1566900409643.groovy:35)</system-err>
        </testcase>
        <testcase name="Test Cases/AlterationScoringRuleApps/Financial Non Employee/Non Ultimate/FE6/TC-2 IDR FE6" classname="Test Cases/AlterationScoringRuleApps/Financial Non Employee/Non Ultimate/FE6/TC-2 IDR FE6" status="ERROR">
            <error type="ERROR" message="Test Cases/AlterationScoringRuleApps/Financial Non Employee/Non Ultimate/FE6/TC-2 IDR FE6 FAILED.&#xA;Reason:&#xA;java.lang.NullPointerException: Cannot get property 'description' on null object&#xD;&#xA;&#x9;at TC-2 IDR FE6.run(TC-2 IDR FE6:28)&#xD;&#xA;&#x9;at com.kms.katalon.core.main.ScriptEngine.run(ScriptEngine.java:194)&#xD;&#xA;&#x9;at com.kms.katalon.core.main.ScriptEngine.runScriptAsRawText(ScriptEngine.java:119)&#xD;&#xA;&#x9;at com.kms.katalon.core.main.TestCaseExecutor.runScript(TestCaseExecutor.java:337)&#xD;&#xA;&#x9;at com.kms.katalon.core.main.TestCaseExecutor.doExecute(TestCaseExecutor.java:328)&#xD;&#xA;&#x9;at com.kms.katalon.core.main.TestCaseExecutor.processExecutionPhase(TestCaseExecutor.java:307)&#xD;&#xA;&#x9;at com.kms.katalon.core.main.TestCaseExecutor.accessMainPhase(TestCaseExecutor.java:299)&#xD;&#xA;&#x9;at com.kms.katalon.core.main.TestCaseExecutor.execute(TestCaseExecutor.java:233)&#xD;&#xA;&#x9;at com.kms.katalon.core.main.TestSuiteExecutor.accessTestCaseMainPhase(TestSuiteExecutor.java:133)&#xD;&#xA;&#x9;at com.kms.katalon.core.main.TestSuiteExecutor.accessTestSuiteMainPhase(TestSuiteExecutor.java:116)&#xD;&#xA;&#x9;at com.kms.katalon.core.main.TestSuiteExecutor.execute(TestSuiteExecutor.java:83)&#xD;&#xA;&#x9;at com.kms.katalon.core.main.TestCaseMain.startTestSuite(TestCaseMain.java:157)&#xD;&#xA;&#x9;at com.kms.katalon.core.main.TestCaseMain$startTestSuite$0.call(Unknown Source)&#xD;&#xA;&#x9;at TempTestSuite1566900409643.run(TempTestSuite1566900409643.groovy:35)&#xD;&#xA;"/>
            <system-out>2019-08-27 17:10:59 - [TEST_CASE][ERROR] - Test Cases/AlterationScoringRuleApps/Financial Non Employee/Non Ultimate/FE6/TC-2 IDR FE6: Test Cases/AlterationScoringRuleApps/Financial Non Employee/Non Ultimate/FE6/TC-2 IDR FE6 FAILED.
Reason:
java.lang.NullPointerException: Cannot get property 'description' on null object&#xD;
	at TC-2 IDR FE6.run(TC-2 IDR FE6:28)&#xD;
	at com.kms.katalon.core.main.ScriptEngine.run(ScriptEngine.java:194)&#xD;
	at com.kms.katalon.core.main.ScriptEngine.runScriptAsRawText(ScriptEngine.java:119)&#xD;
	at com.kms.katalon.core.main.TestCaseExecutor.runScript(TestCaseExecutor.java:337)&#xD;
	at com.kms.katalon.core.main.TestCaseExecutor.doExecute(TestCaseExecutor.java:328)&#xD;
	at com.kms.katalon.core.main.TestCaseExecutor.processExecutionPhase(TestCaseExecutor.java:307)&#xD;
	at com.kms.katalon.core.main.TestCaseExecutor.accessMainPhase(TestCaseExecutor.java:299)&#xD;
	at com.kms.katalon.core.main.TestCaseExecutor.execute(TestCaseExecutor.java:233)&#xD;
	at com.kms.katalon.core.main.TestSuiteExecutor.accessTestCaseMainPhase(TestSuiteExecutor.java:133)&#xD;
	at com.kms.katalon.core.main.TestSuiteExecutor.accessTestSuiteMainPhase(TestSuiteExecutor.java:116)&#xD;
	at com.kms.katalon.core.main.TestSuiteExecutor.execute(TestSuiteExecutor.java:83)&#xD;
	at com.kms.katalon.core.main.TestCaseMain.startTestSuite(TestCaseMain.java:157)&#xD;
	at com.kms.katalon.core.main.TestCaseMain$startTestSuite$0.call(Unknown Source)&#xD;
	at TempTestSuite1566900409643.run(TempTestSuite1566900409643.groovy:35)&#xD;
&#xD;
&#xD;
2019-08-27 17:10:59 - [TEST_STEP][PASSED] - random = new java.util.Random(): null&#xD;
&#xD;
2019-08-27 17:10:59 - [TEST_STEP][PASSED] - compareHighestValueFsaDeathVsAddccMin = 50000000000: null&#xD;
&#xD;
2019-08-27 17:10:59 - [TEST_STEP][PASSED] - compareHighestValueFsaDeathVsAddccMax = 999999999999: null&#xD;
&#xD;
2019-08-27 17:10:59 - [TEST_STEP][PASSED] - compareHighestValueFsaDeathVsAddcc = random.nextInt(compareHighestValueFsaDeathVsAddccMax - compareHighestValueFsaDeathVsAddccMin) + compareHighestValueFsaDeathVsAddccMin: null&#xD;
&#xD;
2019-08-27 17:10:59 - [TEST_STEP][PASSED] - println(compareHighestValueFsaDeathVsAddcc): null&#xD;
&#xD;
2019-08-27 17:10:59 - [TEST_STEP][PASSED] - comment("Send request"): Send request&#xD;
&#xD;
2019-08-27 17:10:59 - [MESSAGE][INFO] - Send request&#xD;
&#xD;
2019-08-27 17:10:59 - [TEST_STEP][PASSED] - response = sendRequest(findTestObject("AlterationScoringRuleApps/Financial Non Employee/Non Ultimate/Object Request", ["transactionType":transactionType, "role":role, "increasingFsaFlag":increasingFsaFlag, "pecFlag":pecFlag, "occupationCode":occupationCode, ... ])): Send request successfully&#xD;
&#xD;
2019-08-27 17:11:00 - [MESSAGE][INFO] - HAR: C:\SURYAPURBA\PHS\PHS-BRMS\Reports\FinancialNonEmployee_NonUltimate\20190827_170649\requests\main\123.har&#xD;
&#xD;
2019-08-27 17:11:02 - [MESSAGE][PASSED] - Send request successfully&#xD;
&#xD;
2019-08-27 17:11:02 - [TEST_STEP][PASSED] - slurper = new groovy.json.JsonSlurper(): null&#xD;
&#xD;
2019-08-27 17:11:02 - [TEST_STEP][PASSED] - parseResponse = slurper.parseText(response.getResponseText()): null&#xD;
&#xD;
2019-08-27 17:11:02 - [TEST_STEP][PASSED] - println(parseResponse): null&#xD;
&#xD;
2019-08-27 17:11:02 - [TEST_STEP][PASSED] - attributes = evidenceCode: null&#xD;
&#xD;
2019-08-27 17:11:02 - [TEST_STEP][PASSED] - println(attributes): null&#xD;
&#xD;
2019-08-27 17:11:02 - [TEST_STEP][PASSED] - expected = description == "Butuh LSAR, ABR, BSM, RoC, RNA, Bukti Aset, F2F meeting": null&#xD;
&#xD;
2019-08-27 17:11:02 - [TEST_STEP][PASSED] - Start listener action : sampleAfterTestCase: null</system-out>
            <system-err>2019-08-27 17:10:59 - [TEST_CASE][ERROR] - Test Cases/AlterationScoringRuleApps/Financial Non Employee/Non Ultimate/FE6/TC-2 IDR FE6: Test Cases/AlterationScoringRuleApps/Financial Non Employee/Non Ultimate/FE6/TC-2 IDR FE6 FAILED.
Reason:
java.lang.NullPointerException: Cannot get property 'description' on null object&#xD;
	at TC-2 IDR FE6.run(TC-2 IDR FE6:28)&#xD;
	at com.kms.katalon.core.main.ScriptEngine.run(ScriptEngine.java:194)&#xD;
	at com.kms.katalon.core.main.ScriptEngine.runScriptAsRawText(ScriptEngine.java:119)&#xD;
	at com.kms.katalon.core.main.TestCaseExecutor.runScript(TestCaseExecutor.java:337)&#xD;
	at com.kms.katalon.core.main.TestCaseExecutor.doExecute(TestCaseExecutor.java:328)&#xD;
	at com.kms.katalon.core.main.TestCaseExecutor.processExecutionPhase(TestCaseExecutor.java:307)&#xD;
	at com.kms.katalon.core.main.TestCaseExecutor.accessMainPhase(TestCaseExecutor.java:299)&#xD;
	at com.kms.katalon.core.main.TestCaseExecutor.execute(TestCaseExecutor.java:233)&#xD;
	at com.kms.katalon.core.main.TestSuiteExecutor.accessTestCaseMainPhase(TestSuiteExecutor.java:133)&#xD;
	at com.kms.katalon.core.main.TestSuiteExecutor.accessTestSuiteMainPhase(TestSuiteExecutor.java:116)&#xD;
	at com.kms.katalon.core.main.TestSuiteExecutor.execute(TestSuiteExecutor.java:83)&#xD;
	at com.kms.katalon.core.main.TestCaseMain.startTestSuite(TestCaseMain.java:157)&#xD;
	at com.kms.katalon.core.main.TestCaseMain$startTestSuite$0.call(Unknown Source)&#xD;
	at TempTestSuite1566900409643.run(TempTestSuite1566900409643.groovy:35)</system-err>
        </testcase>
        <testcase name="Test Cases/AlterationScoringRuleApps/Financial Non Employee/Non Ultimate/FE6/TC-2 IDR FE6" classname="Test Cases/AlterationScoringRuleApps/Financial Non Employee/Non Ultimate/FE6/TC-2 IDR FE6" status="ERROR">
            <error type="ERROR" message="Test Cases/AlterationScoringRuleApps/Financial Non Employee/Non Ultimate/FE6/TC-2 IDR FE6 FAILED.&#xA;Reason:&#xA;java.lang.NullPointerException: Cannot get property 'description' on null object&#xD;&#xA;&#x9;at TC-2 IDR FE6.run(TC-2 IDR FE6:28)&#xD;&#xA;&#x9;at com.kms.katalon.core.main.ScriptEngine.run(ScriptEngine.java:194)&#xD;&#xA;&#x9;at com.kms.katalon.core.main.ScriptEngine.runScriptAsRawText(ScriptEngine.java:119)&#xD;&#xA;&#x9;at com.kms.katalon.core.main.TestCaseExecutor.runScript(TestCaseExecutor.java:337)&#xD;&#xA;&#x9;at com.kms.katalon.core.main.TestCaseExecutor.doExecute(TestCaseExecutor.java:328)&#xD;&#xA;&#x9;at com.kms.katalon.core.main.TestCaseExecutor.processExecutionPhase(TestCaseExecutor.java:307)&#xD;&#xA;&#x9;at com.kms.katalon.core.main.TestCaseExecutor.accessMainPhase(TestCaseExecutor.java:299)&#xD;&#xA;&#x9;at com.kms.katalon.core.main.TestCaseExecutor.execute(TestCaseExecutor.java:233)&#xD;&#xA;&#x9;at com.kms.katalon.core.main.TestSuiteExecutor.accessTestCaseMainPhase(TestSuiteExecutor.java:133)&#xD;&#xA;&#x9;at com.kms.katalon.core.main.TestSuiteExecutor.accessTestSuiteMainPhase(TestSuiteExecutor.java:116)&#xD;&#xA;&#x9;at com.kms.katalon.core.main.TestSuiteExecutor.execute(TestSuiteExecutor.java:83)&#xD;&#xA;&#x9;at com.kms.katalon.core.main.TestCaseMain.startTestSuite(TestCaseMain.java:157)&#xD;&#xA;&#x9;at com.kms.katalon.core.main.TestCaseMain$startTestSuite$0.call(Unknown Source)&#xD;&#xA;&#x9;at TempTestSuite1566900409643.run(TempTestSuite1566900409643.groovy:35)&#xD;&#xA;"/>
            <system-out>2019-08-27 17:11:02 - [TEST_CASE][ERROR] - Test Cases/AlterationScoringRuleApps/Financial Non Employee/Non Ultimate/FE6/TC-2 IDR FE6: Test Cases/AlterationScoringRuleApps/Financial Non Employee/Non Ultimate/FE6/TC-2 IDR FE6 FAILED.
Reason:
java.lang.NullPointerException: Cannot get property 'description' on null object&#xD;
	at TC-2 IDR FE6.run(TC-2 IDR FE6:28)&#xD;
	at com.kms.katalon.core.main.ScriptEngine.run(ScriptEngine.java:194)&#xD;
	at com.kms.katalon.core.main.ScriptEngine.runScriptAsRawText(ScriptEngine.java:119)&#xD;
	at com.kms.katalon.core.main.TestCaseExecutor.runScript(TestCaseExecutor.java:337)&#xD;
	at com.kms.katalon.core.main.TestCaseExecutor.doExecute(TestCaseExecutor.java:328)&#xD;
	at com.kms.katalon.core.main.TestCaseExecutor.processExecutionPhase(TestCaseExecutor.java:307)&#xD;
	at com.kms.katalon.core.main.TestCaseExecutor.accessMainPhase(TestCaseExecutor.java:299)&#xD;
	at com.kms.katalon.core.main.TestCaseExecutor.execute(TestCaseExecutor.java:233)&#xD;
	at com.kms.katalon.core.main.TestSuiteExecutor.accessTestCaseMainPhase(TestSuiteExecutor.java:133)&#xD;
	at com.kms.katalon.core.main.TestSuiteExecutor.accessTestSuiteMainPhase(TestSuiteExecutor.java:116)&#xD;
	at com.kms.katalon.core.main.TestSuiteExecutor.execute(TestSuiteExecutor.java:83)&#xD;
	at com.kms.katalon.core.main.TestCaseMain.startTestSuite(TestCaseMain.java:157)&#xD;
	at com.kms.katalon.core.main.TestCaseMain$startTestSuite$0.call(Unknown Source)&#xD;
	at TempTestSuite1566900409643.run(TempTestSuite1566900409643.groovy:35)&#xD;
&#xD;
&#xD;
2019-08-27 17:11:04 - [TEST_STEP][PASSED] - random = new java.util.Random(): null&#xD;
&#xD;
2019-08-27 17:11:04 - [TEST_STEP][PASSED] - compareHighestValueFsaDeathVsAddccMin = 50000000000: null&#xD;
&#xD;
2019-08-27 17:11:04 - [TEST_STEP][PASSED] - compareHighestValueFsaDeathVsAddccMax = 999999999999: null&#xD;
&#xD;
2019-08-27 17:11:04 - [TEST_STEP][PASSED] - compareHighestValueFsaDeathVsAddcc = random.nextInt(compareHighestValueFsaDeathVsAddccMax - compareHighestValueFsaDeathVsAddccMin) + compareHighestValueFsaDeathVsAddccMin: null&#xD;
&#xD;
2019-08-27 17:11:04 - [TEST_STEP][PASSED] - println(compareHighestValueFsaDeathVsAddcc): null&#xD;
&#xD;
2019-08-27 17:11:04 - [TEST_STEP][PASSED] - comment("Send request"): Send request&#xD;
&#xD;
2019-08-27 17:11:04 - [MESSAGE][INFO] - Send request&#xD;
&#xD;
2019-08-27 17:11:04 - [TEST_STEP][PASSED] - response = sendRequest(findTestObject("AlterationScoringRuleApps/Financial Non Employee/Non Ultimate/Object Request", ["transactionType":transactionType, "role":role, "increasingFsaFlag":increasingFsaFlag, "pecFlag":pecFlag, "occupationCode":occupationCode, ... ])): Send request successfully&#xD;
&#xD;
2019-08-27 17:11:04 - [MESSAGE][INFO] - HAR: C:\SURYAPURBA\PHS\PHS-BRMS\Reports\FinancialNonEmployee_NonUltimate\20190827_170649\requests\main\124.har&#xD;
&#xD;
2019-08-27 17:11:04 - [MESSAGE][PASSED] - Send request successfully&#xD;
&#xD;
2019-08-27 17:11:04 - [TEST_STEP][PASSED] - slurper = new groovy.json.JsonSlurper(): null&#xD;
&#xD;
2019-08-27 17:11:04 - [TEST_STEP][PASSED] - parseResponse = slurper.parseText(response.getResponseText()): null&#xD;
&#xD;
2019-08-27 17:11:04 - [TEST_STEP][PASSED] - println(parseResponse): null&#xD;
&#xD;
2019-08-27 17:11:05 - [TEST_STEP][PASSED] - attributes = evidenceCode: null&#xD;
&#xD;
2019-08-27 17:11:05 - [TEST_STEP][PASSED] - println(attributes): null&#xD;
&#xD;
2019-08-27 17:11:05 - [TEST_STEP][PASSED] - expected = description == "Butuh LSAR, ABR, BSM, RoC, RNA, Bukti Aset, F2F meeting": null&#xD;
&#xD;
2019-08-27 17:11:05 - [TEST_STEP][PASSED] - Start listener action : sampleAfterTestCase: null</system-out>
            <system-err>2019-08-27 17:11:02 - [TEST_CASE][ERROR] - Test Cases/AlterationScoringRuleApps/Financial Non Employee/Non Ultimate/FE6/TC-2 IDR FE6: Test Cases/AlterationScoringRuleApps/Financial Non Employee/Non Ultimate/FE6/TC-2 IDR FE6 FAILED.
Reason:
java.lang.NullPointerException: Cannot get property 'description' on null object&#xD;
	at TC-2 IDR FE6.run(TC-2 IDR FE6:28)&#xD;
	at com.kms.katalon.core.main.ScriptEngine.run(ScriptEngine.java:194)&#xD;
	at com.kms.katalon.core.main.ScriptEngine.runScriptAsRawText(ScriptEngine.java:119)&#xD;
	at com.kms.katalon.core.main.TestCaseExecutor.runScript(TestCaseExecutor.java:337)&#xD;
	at com.kms.katalon.core.main.TestCaseExecutor.doExecute(TestCaseExecutor.java:328)&#xD;
	at com.kms.katalon.core.main.TestCaseExecutor.processExecutionPhase(TestCaseExecutor.java:307)&#xD;
	at com.kms.katalon.core.main.TestCaseExecutor.accessMainPhase(TestCaseExecutor.java:299)&#xD;
	at com.kms.katalon.core.main.TestCaseExecutor.execute(TestCaseExecutor.java:233)&#xD;
	at com.kms.katalon.core.main.TestSuiteExecutor.accessTestCaseMainPhase(TestSuiteExecutor.java:133)&#xD;
	at com.kms.katalon.core.main.TestSuiteExecutor.accessTestSuiteMainPhase(TestSuiteExecutor.java:116)&#xD;
	at com.kms.katalon.core.main.TestSuiteExecutor.execute(TestSuiteExecutor.java:83)&#xD;
	at com.kms.katalon.core.main.TestCaseMain.startTestSuite(TestCaseMain.java:157)&#xD;
	at com.kms.katalon.core.main.TestCaseMain$startTestSuite$0.call(Unknown Source)&#xD;
	at TempTestSuite1566900409643.run(TempTestSuite1566900409643.groovy:35)</system-err>
        </testcase>
        <testcase name="Test Cases/AlterationScoringRuleApps/Financial Non Employee/Non Ultimate/FE6/TC-2 IDR FE6" classname="Test Cases/AlterationScoringRuleApps/Financial Non Employee/Non Ultimate/FE6/TC-2 IDR FE6" status="ERROR">
            <error type="ERROR" message="Test Cases/AlterationScoringRuleApps/Financial Non Employee/Non Ultimate/FE6/TC-2 IDR FE6 FAILED.&#xA;Reason:&#xA;java.lang.NullPointerException: Cannot get property 'description' on null object&#xD;&#xA;&#x9;at TC-2 IDR FE6.run(TC-2 IDR FE6:28)&#xD;&#xA;&#x9;at com.kms.katalon.core.main.ScriptEngine.run(ScriptEngine.java:194)&#xD;&#xA;&#x9;at com.kms.katalon.core.main.ScriptEngine.runScriptAsRawText(ScriptEngine.java:119)&#xD;&#xA;&#x9;at com.kms.katalon.core.main.TestCaseExecutor.runScript(TestCaseExecutor.java:337)&#xD;&#xA;&#x9;at com.kms.katalon.core.main.TestCaseExecutor.doExecute(TestCaseExecutor.java:328)&#xD;&#xA;&#x9;at com.kms.katalon.core.main.TestCaseExecutor.processExecutionPhase(TestCaseExecutor.java:307)&#xD;&#xA;&#x9;at com.kms.katalon.core.main.TestCaseExecutor.accessMainPhase(TestCaseExecutor.java:299)&#xD;&#xA;&#x9;at com.kms.katalon.core.main.TestCaseExecutor.execute(TestCaseExecutor.java:233)&#xD;&#xA;&#x9;at com.kms.katalon.core.main.TestSuiteExecutor.accessTestCaseMainPhase(TestSuiteExecutor.java:133)&#xD;&#xA;&#x9;at com.kms.katalon.core.main.TestSuiteExecutor.accessTestSuiteMainPhase(TestSuiteExecutor.java:116)&#xD;&#xA;&#x9;at com.kms.katalon.core.main.TestSuiteExecutor.execute(TestSuiteExecutor.java:83)&#xD;&#xA;&#x9;at com.kms.katalon.core.main.TestCaseMain.startTestSuite(TestCaseMain.java:157)&#xD;&#xA;&#x9;at com.kms.katalon.core.main.TestCaseMain$startTestSuite$0.call(Unknown Source)&#xD;&#xA;&#x9;at TempTestSuite1566900409643.run(TempTestSuite1566900409643.groovy:35)&#xD;&#xA;"/>
            <system-out>2019-08-27 17:11:07 - [TEST_CASE][ERROR] - Test Cases/AlterationScoringRuleApps/Financial Non Employee/Non Ultimate/FE6/TC-2 IDR FE6: Test Cases/AlterationScoringRuleApps/Financial Non Employee/Non Ultimate/FE6/TC-2 IDR FE6 FAILED.
Reason:
java.lang.NullPointerException: Cannot get property 'description' on null object&#xD;
	at TC-2 IDR FE6.run(TC-2 IDR FE6:28)&#xD;
	at com.kms.katalon.core.main.ScriptEngine.run(ScriptEngine.java:194)&#xD;
	at com.kms.katalon.core.main.ScriptEngine.runScriptAsRawText(ScriptEngine.java:119)&#xD;
	at com.kms.katalon.core.main.TestCaseExecutor.runScript(TestCaseExecutor.java:337)&#xD;
	at com.kms.katalon.core.main.TestCaseExecutor.doExecute(TestCaseExecutor.java:328)&#xD;
	at com.kms.katalon.core.main.TestCaseExecutor.processExecutionPhase(TestCaseExecutor.java:307)&#xD;
	at com.kms.katalon.core.main.TestCaseExecutor.accessMainPhase(TestCaseExecutor.java:299)&#xD;
	at com.kms.katalon.core.main.TestCaseExecutor.execute(TestCaseExecutor.java:233)&#xD;
	at com.kms.katalon.core.main.TestSuiteExecutor.accessTestCaseMainPhase(TestSuiteExecutor.java:133)&#xD;
	at com.kms.katalon.core.main.TestSuiteExecutor.accessTestSuiteMainPhase(TestSuiteExecutor.java:116)&#xD;
	at com.kms.katalon.core.main.TestSuiteExecutor.execute(TestSuiteExecutor.java:83)&#xD;
	at com.kms.katalon.core.main.TestCaseMain.startTestSuite(TestCaseMain.java:157)&#xD;
	at com.kms.katalon.core.main.TestCaseMain$startTestSuite$0.call(Unknown Source)&#xD;
	at TempTestSuite1566900409643.run(TempTestSuite1566900409643.groovy:35)&#xD;
&#xD;
&#xD;
2019-08-27 17:11:08 - [TEST_STEP][PASSED] - random = new java.util.Random(): null&#xD;
&#xD;
2019-08-27 17:11:08 - [TEST_STEP][PASSED] - compareHighestValueFsaDeathVsAddccMin = 50000000000: null&#xD;
&#xD;
2019-08-27 17:11:08 - [TEST_STEP][PASSED] - compareHighestValueFsaDeathVsAddccMax = 999999999999: null&#xD;
&#xD;
2019-08-27 17:11:08 - [TEST_STEP][PASSED] - compareHighestValueFsaDeathVsAddcc = random.nextInt(compareHighestValueFsaDeathVsAddccMax - compareHighestValueFsaDeathVsAddccMin) + compareHighestValueFsaDeathVsAddccMin: null&#xD;
&#xD;
2019-08-27 17:11:08 - [TEST_STEP][PASSED] - println(compareHighestValueFsaDeathVsAddcc): null&#xD;
&#xD;
2019-08-27 17:11:08 - [TEST_STEP][PASSED] - comment("Send request"): Send request&#xD;
&#xD;
2019-08-27 17:11:08 - [MESSAGE][INFO] - Send request&#xD;
&#xD;
2019-08-27 17:11:08 - [TEST_STEP][PASSED] - response = sendRequest(findTestObject("AlterationScoringRuleApps/Financial Non Employee/Non Ultimate/Object Request", ["transactionType":transactionType, "role":role, "increasingFsaFlag":increasingFsaFlag, "pecFlag":pecFlag, "occupationCode":occupationCode, ... ])): Send request successfully&#xD;
&#xD;
2019-08-27 17:11:08 - [MESSAGE][INFO] - HAR: C:\SURYAPURBA\PHS\PHS-BRMS\Reports\FinancialNonEmployee_NonUltimate\20190827_170649\requests\main\125.har&#xD;
&#xD;
2019-08-27 17:11:08 - [MESSAGE][PASSED] - Send request successfully&#xD;
&#xD;
2019-08-27 17:11:08 - [TEST_STEP][PASSED] - slurper = new groovy.json.JsonSlurper(): null&#xD;
&#xD;
2019-08-27 17:11:08 - [TEST_STEP][PASSED] - parseResponse = slurper.parseText(response.getResponseText()): null&#xD;
&#xD;
2019-08-27 17:11:08 - [TEST_STEP][PASSED] - println(parseResponse): null&#xD;
&#xD;
2019-08-27 17:11:08 - [TEST_STEP][PASSED] - attributes = evidenceCode: null&#xD;
&#xD;
2019-08-27 17:11:08 - [TEST_STEP][PASSED] - println(attributes): null&#xD;
&#xD;
2019-08-27 17:11:10 - [TEST_STEP][PASSED] - expected = description == "Butuh LSAR, ABR, BSM, RoC, RNA, Bukti Aset, F2F meeting": null&#xD;
&#xD;
2019-08-27 17:11:11 - [TEST_STEP][PASSED] - Start listener action : sampleAfterTestCase: null</system-out>
            <system-err>2019-08-27 17:11:07 - [TEST_CASE][ERROR] - Test Cases/AlterationScoringRuleApps/Financial Non Employee/Non Ultimate/FE6/TC-2 IDR FE6: Test Cases/AlterationScoringRuleApps/Financial Non Employee/Non Ultimate/FE6/TC-2 IDR FE6 FAILED.
Reason:
java.lang.NullPointerException: Cannot get property 'description' on null object&#xD;
	at TC-2 IDR FE6.run(TC-2 IDR FE6:28)&#xD;
	at com.kms.katalon.core.main.ScriptEngine.run(ScriptEngine.java:194)&#xD;
	at com.kms.katalon.core.main.ScriptEngine.runScriptAsRawText(ScriptEngine.java:119)&#xD;
	at com.kms.katalon.core.main.TestCaseExecutor.runScript(TestCaseExecutor.java:337)&#xD;
	at com.kms.katalon.core.main.TestCaseExecutor.doExecute(TestCaseExecutor.java:328)&#xD;
	at com.kms.katalon.core.main.TestCaseExecutor.processExecutionPhase(TestCaseExecutor.java:307)&#xD;
	at com.kms.katalon.core.main.TestCaseExecutor.accessMainPhase(TestCaseExecutor.java:299)&#xD;
	at com.kms.katalon.core.main.TestCaseExecutor.execute(TestCaseExecutor.java:233)&#xD;
	at com.kms.katalon.core.main.TestSuiteExecutor.accessTestCaseMainPhase(TestSuiteExecutor.java:133)&#xD;
	at com.kms.katalon.core.main.TestSuiteExecutor.accessTestSuiteMainPhase(TestSuiteExecutor.java:116)&#xD;
	at com.kms.katalon.core.main.TestSuiteExecutor.execute(TestSuiteExecutor.java:83)&#xD;
	at com.kms.katalon.core.main.TestCaseMain.startTestSuite(TestCaseMain.java:157)&#xD;
	at com.kms.katalon.core.main.TestCaseMain$startTestSuite$0.call(Unknown Source)&#xD;
	at TempTestSuite1566900409643.run(TempTestSuite1566900409643.groovy:35)</system-err>
        </testcase>
        <system-out>2019-08-27 17:06:53 - [TEST_SUITE][INCOMPLETE] - FinancialNonEmployee_NonUltimate: null</system-out>
        <system-err>2019-08-27 17:06:53 - [TEST_SUITE][INCOMPLETE] - FinancialNonEmployee_NonUltimate: null</system-err>
    </testsuite>
</testsuites>
