<?xml version="1.0" encoding="UTF-8" standalone="yes"?>
<testsuites name="test" time="264" tests="97" failures="1" errors="0">
    <testsuite name="test" tests="97" failures="1" errors="0" time="264" timestamp="2019-08-07 16:49:03" hostname="c19679 - LIDLIFE38B0WS.PRU.intranet.asia" id="Test Suites/test">
        <properties>
            <property name="deviceName" value=""/>
            <property name="devicePlatform" value=""/>
            <property name="logFolder" value="C:\\SURYAPURBA\\PHS\\PHS-BRMS\\Reports\\test\\20190807_164859"/>
            <property name="logFiles" value="C:\\SURYAPURBA\\PHS\\PHS-BRMS\\Reports\\test\\20190807_164859\\execution0.log"/>
            <property name="attachments" value=""/>
            <property name="hostName" value="c19679 - LIDLIFE38B0WS.PRU.intranet.asia"/>
            <property name="hostAddress" value="10.170.236.63"/>
            <property name="os" value="Windows 7 64bit"/>
            <property name="katalonVersion" value="6.2.2.4"/>
        </properties>
        <testcase name="Test Cases/Eligibility TSA Rules/TC-1_Positive Case" classname="Test Cases/Eligibility TSA Rules/TC-1_Positive Case" status="PASSED">
            <system-out>2019-08-07 16:49:04 - [TEST_CASE][PASSED] - Test Cases/Eligibility TSA Rules/TC-1_Positive Case: Test Cases/Eligibility TSA Rules/TC-1_Positive Case&#xD;
&#xD;
2019-08-07 16:49:04 - [TEST_STEP][PASSED] - response = sendRequest(findTestObject("AlterationScoringRuleApps/PositiveCase", ["URL":URL, "transactionType":"Major", "alterType":"Increasing Risk", "role":"LA1", "occupation":"MARK", "vendorName":"DMC", ... ])): Send request successfully&#xD;
&#xD;
2019-08-07 16:49:09 - [MESSAGE][INFO] - HAR: C:\SURYAPURBA\PHS\PHS-BRMS\Reports\test\20190807_164859\requests\main\0.har&#xD;
&#xD;
2019-08-07 16:49:10 - [MESSAGE][PASSED] - Send request successfully&#xD;
&#xD;
2019-08-07 16:49:10 - [TEST_STEP][PASSED] - verifyElementPropertyValue(response, "request.alterationScoring[0].response.eligibityTsa", true): Verify element property value successfully&#xD;
&#xD;
2019-08-07 16:49:10 - [MESSAGE][PASSED] - Verify element property value successfully&#xD;
&#xD;
2019-08-07 16:49:10 - [TEST_STEP][PASSED] - verifyResponseStatusCode(response, 200): Verify response status code successfully&#xD;
&#xD;
2019-08-07 16:49:10 - [MESSAGE][PASSED] - Verify response status code successfully&#xD;
&#xD;
2019-08-07 16:49:10 - [TEST_STEP][PASSED] - Start listener action : sampleAfterTestCase: null</system-out>
            <system-err></system-err>
        </testcase>
        <testcase name="Test Cases/Eligibility TSA Rules/TC-1_Positive Case" classname="Test Cases/Eligibility TSA Rules/TC-1_Positive Case" status="PASSED">
            <system-out>2019-08-07 16:49:10 - [TEST_CASE][PASSED] - Test Cases/Eligibility TSA Rules/TC-1_Positive Case: Test Cases/Eligibility TSA Rules/TC-1_Positive Case&#xD;
&#xD;
2019-08-07 16:49:10 - [TEST_STEP][PASSED] - response = sendRequest(findTestObject("AlterationScoringRuleApps/PositiveCase", ["URL":URL, "transactionType":"Major", "alterType":"Increasing Risk", "role":"LA1", "occupation":"MARK", "vendorName":"DMC", ... ])): Send request successfully&#xD;
&#xD;
2019-08-07 16:49:15 - [MESSAGE][INFO] - HAR: C:\SURYAPURBA\PHS\PHS-BRMS\Reports\test\20190807_164859\requests\main\1.har&#xD;
&#xD;
2019-08-07 16:49:15 - [MESSAGE][PASSED] - Send request successfully&#xD;
&#xD;
2019-08-07 16:49:15 - [TEST_STEP][PASSED] - verifyElementPropertyValue(response, "request.alterationScoring[0].response.eligibityTsa", true): Verify element property value successfully&#xD;
&#xD;
2019-08-07 16:49:16 - [MESSAGE][PASSED] - Verify element property value successfully&#xD;
&#xD;
2019-08-07 16:49:16 - [TEST_STEP][PASSED] - verifyResponseStatusCode(response, 200): Verify response status code successfully&#xD;
&#xD;
2019-08-07 16:49:16 - [MESSAGE][PASSED] - Verify response status code successfully&#xD;
&#xD;
2019-08-07 16:49:16 - [TEST_STEP][PASSED] - Start listener action : sampleAfterTestCase: null</system-out>
            <system-err></system-err>
        </testcase>
        <testcase name="Test Cases/Eligibility TSA Rules/TC-1_Positive Case" classname="Test Cases/Eligibility TSA Rules/TC-1_Positive Case" status="PASSED">
            <system-out>2019-08-07 16:49:16 - [TEST_CASE][PASSED] - Test Cases/Eligibility TSA Rules/TC-1_Positive Case: Test Cases/Eligibility TSA Rules/TC-1_Positive Case&#xD;
&#xD;
2019-08-07 16:49:16 - [TEST_STEP][PASSED] - response = sendRequest(findTestObject("AlterationScoringRuleApps/PositiveCase", ["URL":URL, "transactionType":"Major", "alterType":"Increasing Risk", "role":"LA1", "occupation":"MARK", "vendorName":"DMC", ... ])): Send request successfully&#xD;
&#xD;
2019-08-07 16:49:27 - [MESSAGE][INFO] - HAR: C:\SURYAPURBA\PHS\PHS-BRMS\Reports\test\20190807_164859\requests\main\2.har&#xD;
&#xD;
2019-08-07 16:49:27 - [MESSAGE][PASSED] - Send request successfully&#xD;
&#xD;
2019-08-07 16:49:27 - [TEST_STEP][PASSED] - verifyElementPropertyValue(response, "request.alterationScoring[0].response.eligibityTsa", true): Verify element property value successfully&#xD;
&#xD;
2019-08-07 16:49:27 - [MESSAGE][PASSED] - Verify element property value successfully&#xD;
&#xD;
2019-08-07 16:49:27 - [TEST_STEP][PASSED] - verifyResponseStatusCode(response, 200): Verify response status code successfully&#xD;
&#xD;
2019-08-07 16:49:27 - [MESSAGE][PASSED] - Verify response status code successfully&#xD;
&#xD;
2019-08-07 16:49:27 - [TEST_STEP][PASSED] - Start listener action : sampleAfterTestCase: null</system-out>
            <system-err></system-err>
        </testcase>
        <testcase name="Test Cases/Eligibility TSA Rules/TC-1_Positive Case" classname="Test Cases/Eligibility TSA Rules/TC-1_Positive Case" status="PASSED">
            <system-out>2019-08-07 16:49:27 - [TEST_CASE][PASSED] - Test Cases/Eligibility TSA Rules/TC-1_Positive Case: Test Cases/Eligibility TSA Rules/TC-1_Positive Case&#xD;
&#xD;
2019-08-07 16:49:27 - [TEST_STEP][PASSED] - response = sendRequest(findTestObject("AlterationScoringRuleApps/PositiveCase", ["URL":URL, "transactionType":"Major", "alterType":"Increasing Risk", "role":"LA1", "occupation":"MARK", "vendorName":"DMC", ... ])): Send request successfully&#xD;
&#xD;
2019-08-07 16:49:30 - [MESSAGE][INFO] - HAR: C:\SURYAPURBA\PHS\PHS-BRMS\Reports\test\20190807_164859\requests\main\3.har&#xD;
&#xD;
2019-08-07 16:49:30 - [MESSAGE][PASSED] - Send request successfully&#xD;
&#xD;
2019-08-07 16:49:30 - [TEST_STEP][PASSED] - verifyElementPropertyValue(response, "request.alterationScoring[0].response.eligibityTsa", true): Verify element property value successfully&#xD;
&#xD;
2019-08-07 16:49:30 - [MESSAGE][PASSED] - Verify element property value successfully&#xD;
&#xD;
2019-08-07 16:49:30 - [TEST_STEP][PASSED] - verifyResponseStatusCode(response, 200): Verify response status code successfully&#xD;
&#xD;
2019-08-07 16:49:30 - [MESSAGE][PASSED] - Verify response status code successfully&#xD;
&#xD;
2019-08-07 16:49:30 - [TEST_STEP][PASSED] - Start listener action : sampleAfterTestCase: null</system-out>
            <system-err></system-err>
        </testcase>
        <testcase name="Test Cases/Eligibility TSA Rules/TC-1_Positive Case" classname="Test Cases/Eligibility TSA Rules/TC-1_Positive Case" status="PASSED">
            <system-out>2019-08-07 16:49:30 - [TEST_CASE][PASSED] - Test Cases/Eligibility TSA Rules/TC-1_Positive Case: Test Cases/Eligibility TSA Rules/TC-1_Positive Case&#xD;
&#xD;
2019-08-07 16:49:30 - [TEST_STEP][PASSED] - response = sendRequest(findTestObject("AlterationScoringRuleApps/PositiveCase", ["URL":URL, "transactionType":"Major", "alterType":"Increasing Risk", "role":"LA1", "occupation":"MARK", "vendorName":"DMC", ... ])): Send request successfully&#xD;
&#xD;
2019-08-07 16:49:39 - [MESSAGE][INFO] - HAR: C:\SURYAPURBA\PHS\PHS-BRMS\Reports\test\20190807_164859\requests\main\4.har&#xD;
&#xD;
2019-08-07 16:49:39 - [MESSAGE][PASSED] - Send request successfully&#xD;
&#xD;
2019-08-07 16:49:39 - [TEST_STEP][PASSED] - verifyElementPropertyValue(response, "request.alterationScoring[0].response.eligibityTsa", true): Verify element property value successfully&#xD;
&#xD;
2019-08-07 16:49:39 - [MESSAGE][PASSED] - Verify element property value successfully&#xD;
&#xD;
2019-08-07 16:49:39 - [TEST_STEP][PASSED] - verifyResponseStatusCode(response, 200): Verify response status code successfully&#xD;
&#xD;
2019-08-07 16:49:39 - [MESSAGE][PASSED] - Verify response status code successfully&#xD;
&#xD;
2019-08-07 16:49:39 - [TEST_STEP][PASSED] - Start listener action : sampleAfterTestCase: null</system-out>
            <system-err></system-err>
        </testcase>
        <testcase name="Test Cases/Eligibility TSA Rules/TC-1_Positive Case" classname="Test Cases/Eligibility TSA Rules/TC-1_Positive Case" status="FAILED">
            <failure type="FAILED" message="Test Cases/Eligibility TSA Rules/TC-1_Positive Case FAILED.&#xA;Reason:&#xA;com.kms.katalon.core.exception.StepFailedException: Unable to verify element property value (Root cause: groovy.json.JsonException: Unable to determine the current character, it is not a string, number, array, or object&#xA;&#xA;The current character read is 'E' with an int value of 69&#xA;Unable to determine the current character, it is not a string, number, array, or object&#xA;line number 1&#xA;index number 0&#xA;Error 500: java.lang.IllegalStateException: SRVE0199E: OutputStream already obtained&#xD;&#xA;^&#xD;&#xA;&#x9;at Script1.run(Script1.groovy:1)&#xD;&#xA;&#x9;at com.kms.katalon.core.webservice.helper.WebServiceCommonHelper.parseAndGetPropertyValueForJson(WebServiceCommonHelper.java:159)&#xD;&#xA;&#x9;at com.kms.katalon.core.webservice.keyword.builtin.VerifyElementPropertyValueKeyword$_verifyElementPropertyValue_closure1.doCall(VerifyElementPropertyValueKeyword.groovy:52)&#xD;&#xA;&#x9;at com.kms.katalon.core.webservice.keyword.builtin.VerifyElementPropertyValueKeyword$_verifyElementPropertyValue_closure1.call(VerifyElementPropertyValueKeyword.groovy)&#xD;&#xA;&#x9;at com.kms.katalon.core.keyword.internal.KeywordMain.runKeyword(KeywordMain.groovy:68)&#xD;&#xA;&#x9;at com.kms.katalon.core.webservice.keyword.builtin.VerifyElementPropertyValueKeyword.verifyElementPropertyValue(VerifyElementPropertyValueKeyword.groovy:48)&#xD;&#xA;&#x9;at com.kms.katalon.core.webservice.keyword.builtin.VerifyElementPropertyValueKeyword.execute(VerifyElementPropertyValueKeyword.groovy:43)&#xD;&#xA;&#x9;at com.kms.katalon.core.keyword.internal.KeywordExecutor.executeKeywordForPlatform(KeywordExecutor.groovy:56)&#xD;&#xA;&#x9;at com.kms.katalon.core.webservice.keyword.WSBuiltInKeywords.verifyElementPropertyValue(WSBuiltInKeywords.groovy:123)&#xD;&#xA;&#x9;at com.kms.katalon.core.webservice.keyword.WSBuiltInKeywords$verifyElementPropertyValue$0.call(Unknown Source)&#xD;&#xA;&#x9;at TC-1_Positive Case.run(TC-1_Positive Case:20)&#xD;&#xA;&#x9;at com.kms.katalon.core.main.ScriptEngine.run(ScriptEngine.java:194)&#xD;&#xA;&#x9;at com.kms.katalon.core.main.ScriptEngine.runScriptAsRawText(ScriptEngine.java:119)&#xD;&#xA;&#x9;at com.kms.katalon.core.main.TestCaseExecutor.runScript(TestCaseExecutor.java:337)&#xD;&#xA;&#x9;at com.kms.katalon.core.main.TestCaseExecutor.doExecute(TestCaseExecutor.java:328)&#xD;&#xA;&#x9;at com.kms.katalon.core.main.TestCaseExecutor.processExecutionPhase(TestCaseExecutor.java:307)&#xD;&#xA;&#x9;at com.kms.katalon.core.main.TestCaseExecutor.accessMainPhase(TestCaseExecutor.java:299)&#xD;&#xA;&#x9;at com.kms.katalon.core.main.TestCaseExecutor.execute(TestCaseExecutor.java:233)&#xD;&#xA;&#x9;at com.kms.katalon.core.main.TestSuiteExecutor.accessTestCaseMainPhase(TestSuiteExecutor.java:133)&#xD;&#xA;&#x9;at com.kms.katalon.core.main.TestSuiteExecutor.accessTestSuiteMainPhase(TestSuiteExecutor.java:116)&#xD;&#xA;&#x9;at com.kms.katalon.core.main.TestSuiteExecutor.execute(TestSuiteExecutor.java:83)&#xD;&#xA;&#x9;at com.kms.katalon.core.main.TestCaseMain.startTestSuite(TestCaseMain.java:157)&#xD;&#xA;&#x9;at com.kms.katalon.core.main.TestCaseMain$startTestSuite$0.call(Unknown Source)&#xD;&#xA;&#x9;at TempTestSuite1565171339695.run(TempTestSuite1565171339695.groovy:35)&#xD;&#xA;)&#xD;&#xA;&#x9;at com.kms.katalon.core.keyword.internal.KeywordMain.stepFailed(KeywordMain.groovy:50)&#xD;&#xA;&#x9;at com.kms.katalon.core.keyword.internal.KeywordMain.stepFailed(KeywordMain.groovy)&#xD;&#xA;&#x9;at com.kms.katalon.core.keyword.internal.KeywordMain.runKeyword(KeywordMain.groovy:70)&#xD;&#xA;&#x9;at com.kms.katalon.core.webservice.keyword.builtin.VerifyElementPropertyValueKeyword.verifyElementPropertyValue(VerifyElementPropertyValueKeyword.groovy:48)&#xD;&#xA;&#x9;at com.kms.katalon.core.webservice.keyword.builtin.VerifyElementPropertyValueKeyword.execute(VerifyElementPropertyValueKeyword.groovy:43)&#xD;&#xA;&#x9;at com.kms.katalon.core.keyword.internal.KeywordExecutor.executeKeywordForPlatform(KeywordExecutor.groovy:56)&#xD;&#xA;&#x9;at com.kms.katalon.core.webservice.keyword.WSBuiltInKeywords.verifyElementPropertyValue(WSBuiltInKeywords.groovy:123)&#xD;&#xA;&#x9;at com.kms.katalon.core.webservice.keyword.WSBuiltInKeywords$verifyElementPropertyValue$0.call(Unknown Source)&#xD;&#xA;&#x9;at TC-1_Positive Case.run(TC-1_Positive Case:20)&#xD;&#xA;&#x9;at com.kms.katalon.core.main.ScriptEngine.run(ScriptEngine.java:194)&#xD;&#xA;&#x9;at com.kms.katalon.core.main.ScriptEngine.runScriptAsRawText(ScriptEngine.java:119)&#xD;&#xA;&#x9;at com.kms.katalon.core.main.TestCaseExecutor.runScript(TestCaseExecutor.java:337)&#xD;&#xA;&#x9;at com.kms.katalon.core.main.TestCaseExecutor.doExecute(TestCaseExecutor.java:328)&#xD;&#xA;&#x9;at com.kms.katalon.core.main.TestCaseExecutor.processExecutionPhase(TestCaseExecutor.java:307)&#xD;&#xA;&#x9;at com.kms.katalon.core.main.TestCaseExecutor.accessMainPhase(TestCaseExecutor.java:299)&#xD;&#xA;&#x9;at com.kms.katalon.core.main.TestCaseExecutor.execute(TestCaseExecutor.java:233)&#xD;&#xA;&#x9;at com.kms.katalon.core.main.TestSuiteExecutor.accessTestCaseMainPhase(TestSuiteExecutor.java:133)&#xD;&#xA;&#x9;at com.kms.katalon.core.main.TestSuiteExecutor.accessTestSuiteMainPhase(TestSuiteExecutor.java:116)&#xD;&#xA;&#x9;at com.kms.katalon.core.main.TestSuiteExecutor.execute(TestSuiteExecutor.java:83)&#xD;&#xA;&#x9;at com.kms.katalon.core.main.TestCaseMain.startTestSuite(TestCaseMain.java:157)&#xD;&#xA;&#x9;at com.kms.katalon.core.main.TestCaseMain$startTestSuite$0.call(Unknown Source)&#xD;&#xA;&#x9;at TempTestSuite1565171339695.run(TempTestSuite1565171339695.groovy:35)&#xD;&#xA;Caused by: groovy.json.JsonException: Unable to determine the current character, it is not a string, number, array, or object&#xA;&#xA;The current character read is 'E' with an int value of 69&#xA;Unable to determine the current character, it is not a string, number, array, or object&#xA;line number 1&#xA;index number 0&#xA;Error 500: java.lang.IllegalStateException: SRVE0199E: OutputStream already obtained&#xD;&#xA;^&#xD;&#xA;&#x9;at Script1.run(Script1.groovy:1)&#xD;&#xA;&#x9;at com.kms.katalon.core.webservice.helper.WebServiceCommonHelper.parseAndGetPropertyValueForJson(WebServiceCommonHelper.java:159)&#xD;&#xA;&#x9;at com.kms.katalon.core.webservice.keyword.builtin.VerifyElementPropertyValueKeyword$_verifyElementPropertyValue_closure1.doCall(VerifyElementPropertyValueKeyword.groovy:52)&#xD;&#xA;&#x9;at com.kms.katalon.core.webservice.keyword.builtin.VerifyElementPropertyValueKeyword$_verifyElementPropertyValue_closure1.call(VerifyElementPropertyValueKeyword.groovy)&#xD;&#xA;&#x9;at com.kms.katalon.core.keyword.internal.KeywordMain.runKeyword(KeywordMain.groovy:68)&#xD;&#xA;&#x9;... 19 more&#xD;&#xA;"/>
            <system-out>2019-08-07 16:49:39 - [TEST_CASE][FAILED] - Test Cases/Eligibility TSA Rules/TC-1_Positive Case: Test Cases/Eligibility TSA Rules/TC-1_Positive Case FAILED.
Reason:
com.kms.katalon.core.exception.StepFailedException: Unable to verify element property value (Root cause: groovy.json.JsonException: Unable to determine the current character, it is not a string, number, array, or object

The current character read is 'E' with an int value of 69
Unable to determine the current character, it is not a string, number, array, or object
line number 1
index number 0
Error 500: java.lang.IllegalStateException: SRVE0199E: OutputStream already obtained&#xD;
^&#xD;
	at Script1.run(Script1.groovy:1)&#xD;
	at com.kms.katalon.core.webservice.helper.WebServiceCommonHelper.parseAndGetPropertyValueForJson(WebServiceCommonHelper.java:159)&#xD;
	at com.kms.katalon.core.webservice.keyword.builtin.VerifyElementPropertyValueKeyword$_verifyElementPropertyValue_closure1.doCall(VerifyElementPropertyValueKeyword.groovy:52)&#xD;
	at com.kms.katalon.core.webservice.keyword.builtin.VerifyElementPropertyValueKeyword$_verifyElementPropertyValue_closure1.call(VerifyElementPropertyValueKeyword.groovy)&#xD;
	at com.kms.katalon.core.keyword.internal.KeywordMain.runKeyword(KeywordMain.groovy:68)&#xD;
	at com.kms.katalon.core.webservice.keyword.builtin.VerifyElementPropertyValueKeyword.verifyElementPropertyValue(VerifyElementPropertyValueKeyword.groovy:48)&#xD;
	at com.kms.katalon.core.webservice.keyword.builtin.VerifyElementPropertyValueKeyword.execute(VerifyElementPropertyValueKeyword.groovy:43)&#xD;
	at com.kms.katalon.core.keyword.internal.KeywordExecutor.executeKeywordForPlatform(KeywordExecutor.groovy:56)&#xD;
	at com.kms.katalon.core.webservice.keyword.WSBuiltInKeywords.verifyElementPropertyValue(WSBuiltInKeywords.groovy:123)&#xD;
	at com.kms.katalon.core.webservice.keyword.WSBuiltInKeywords$verifyElementPropertyValue$0.call(Unknown Source)&#xD;
	at TC-1_Positive Case.run(TC-1_Positive Case:20)&#xD;
	at com.kms.katalon.core.main.ScriptEngine.run(ScriptEngine.java:194)&#xD;
	at com.kms.katalon.core.main.ScriptEngine.runScriptAsRawText(ScriptEngine.java:119)&#xD;
	at com.kms.katalon.core.main.TestCaseExecutor.runScript(TestCaseExecutor.java:337)&#xD;
	at com.kms.katalon.core.main.TestCaseExecutor.doExecute(TestCaseExecutor.java:328)&#xD;
	at com.kms.katalon.core.main.TestCaseExecutor.processExecutionPhase(TestCaseExecutor.java:307)&#xD;
	at com.kms.katalon.core.main.TestCaseExecutor.accessMainPhase(TestCaseExecutor.java:299)&#xD;
	at com.kms.katalon.core.main.TestCaseExecutor.execute(TestCaseExecutor.java:233)&#xD;
	at com.kms.katalon.core.main.TestSuiteExecutor.accessTestCaseMainPhase(TestSuiteExecutor.java:133)&#xD;
	at com.kms.katalon.core.main.TestSuiteExecutor.accessTestSuiteMainPhase(TestSuiteExecutor.java:116)&#xD;
	at com.kms.katalon.core.main.TestSuiteExecutor.execute(TestSuiteExecutor.java:83)&#xD;
	at com.kms.katalon.core.main.TestCaseMain.startTestSuite(TestCaseMain.java:157)&#xD;
	at com.kms.katalon.core.main.TestCaseMain$startTestSuite$0.call(Unknown Source)&#xD;
	at TempTestSuite1565171339695.run(TempTestSuite1565171339695.groovy:35)&#xD;
)&#xD;
	at com.kms.katalon.core.keyword.internal.KeywordMain.stepFailed(KeywordMain.groovy:50)&#xD;
	at com.kms.katalon.core.keyword.internal.KeywordMain.stepFailed(KeywordMain.groovy)&#xD;
	at com.kms.katalon.core.keyword.internal.KeywordMain.runKeyword(KeywordMain.groovy:70)&#xD;
	at com.kms.katalon.core.webservice.keyword.builtin.VerifyElementPropertyValueKeyword.verifyElementPropertyValue(VerifyElementPropertyValueKeyword.groovy:48)&#xD;
	at com.kms.katalon.core.webservice.keyword.builtin.VerifyElementPropertyValueKeyword.execute(VerifyElementPropertyValueKeyword.groovy:43)&#xD;
	at com.kms.katalon.core.keyword.internal.KeywordExecutor.executeKeywordForPlatform(KeywordExecutor.groovy:56)&#xD;
	at com.kms.katalon.core.webservice.keyword.WSBuiltInKeywords.verifyElementPropertyValue(WSBuiltInKeywords.groovy:123)&#xD;
	at com.kms.katalon.core.webservice.keyword.WSBuiltInKeywords$verifyElementPropertyValue$0.call(Unknown Source)&#xD;
	at TC-1_Positive Case.run(TC-1_Positive Case:20)&#xD;
	at com.kms.katalon.core.main.ScriptEngine.run(ScriptEngine.java:194)&#xD;
	at com.kms.katalon.core.main.ScriptEngine.runScriptAsRawText(ScriptEngine.java:119)&#xD;
	at com.kms.katalon.core.main.TestCaseExecutor.runScript(TestCaseExecutor.java:337)&#xD;
	at com.kms.katalon.core.main.TestCaseExecutor.doExecute(TestCaseExecutor.java:328)&#xD;
	at com.kms.katalon.core.main.TestCaseExecutor.processExecutionPhase(TestCaseExecutor.java:307)&#xD;
	at com.kms.katalon.core.main.TestCaseExecutor.accessMainPhase(TestCaseExecutor.java:299)&#xD;
	at com.kms.katalon.core.main.TestCaseExecutor.execute(TestCaseExecutor.java:233)&#xD;
	at com.kms.katalon.core.main.TestSuiteExecutor.accessTestCaseMainPhase(TestSuiteExecutor.java:133)&#xD;
	at com.kms.katalon.core.main.TestSuiteExecutor.accessTestSuiteMainPhase(TestSuiteExecutor.java:116)&#xD;
	at com.kms.katalon.core.main.TestSuiteExecutor.execute(TestSuiteExecutor.java:83)&#xD;
	at com.kms.katalon.core.main.TestCaseMain.startTestSuite(TestCaseMain.java:157)&#xD;
	at com.kms.katalon.core.main.TestCaseMain$startTestSuite$0.call(Unknown Source)&#xD;
	at TempTestSuite1565171339695.run(TempTestSuite1565171339695.groovy:35)&#xD;
Caused by: groovy.json.JsonException: Unable to determine the current character, it is not a string, number, array, or object

The current character read is 'E' with an int value of 69
Unable to determine the current character, it is not a string, number, array, or object
line number 1
index number 0
Error 500: java.lang.IllegalStateException: SRVE0199E: OutputStream already obtained&#xD;
^&#xD;
	at Script1.run(Script1.groovy:1)&#xD;
	at com.kms.katalon.core.webservice.helper.WebServiceCommonHelper.parseAndGetPropertyValueForJson(WebServiceCommonHelper.java:159)&#xD;
	at com.kms.katalon.core.webservice.keyword.builtin.VerifyElementPropertyValueKeyword$_verifyElementPropertyValue_closure1.doCall(VerifyElementPropertyValueKeyword.groovy:52)&#xD;
	at com.kms.katalon.core.webservice.keyword.builtin.VerifyElementPropertyValueKeyword$_verifyElementPropertyValue_closure1.call(VerifyElementPropertyValueKeyword.groovy)&#xD;
	at com.kms.katalon.core.keyword.internal.KeywordMain.runKeyword(KeywordMain.groovy:68)&#xD;
	... 19 more&#xD;
&#xD;
&#xD;
2019-08-07 16:49:39 - [TEST_STEP][PASSED] - response = sendRequest(findTestObject("AlterationScoringRuleApps/PositiveCase", ["URL":URL, "transactionType":"Major", "alterType":"Increasing Risk", "role":"LA1", "occupation":"MARK", "vendorName":"DMC", ... ])): Send request successfully&#xD;
&#xD;
2019-08-07 16:50:40 - [MESSAGE][INFO] - HAR: C:\SURYAPURBA\PHS\PHS-BRMS\Reports\test\20190807_164859\requests\main\5.har&#xD;
&#xD;
2019-08-07 16:50:40 - [MESSAGE][PASSED] - Send request successfully&#xD;
&#xD;
2019-08-07 16:50:40 - [TEST_STEP][FAILED] - verifyElementPropertyValue(response, "request.alterationScoring[0].response.eligibityTsa", true): Unable to verify element property value (Root cause: groovy.json.JsonException: Unable to determine the current character, it is not a string, number, array, or object

The current character read is 'E' with an int value of 69
Unable to determine the current character, it is not a string, number, array, or object
line number 1
index number 0
Error 500: java.lang.IllegalStateException: SRVE0199E: OutputStream already obtained&#xD;
^&#xD;
	at Script1.run(Script1.groovy:1)&#xD;
	at com.kms.katalon.core.webservice.helper.WebServiceCommonHelper.parseAndGetPropertyValueForJson(WebServiceCommonHelper.java:159)&#xD;
	at com.kms.katalon.core.webservice.keyword.builtin.VerifyElementPropertyValueKeyword$_verifyElementPropertyValue_closure1.doCall(VerifyElementPropertyValueKeyword.groovy:52)&#xD;
	at com.kms.katalon.core.webservice.keyword.builtin.VerifyElementPropertyValueKeyword$_verifyElementPropertyValue_closure1.call(VerifyElementPropertyValueKeyword.groovy)&#xD;
	at com.kms.katalon.core.keyword.internal.KeywordMain.runKeyword(KeywordMain.groovy:68)&#xD;
	at com.kms.katalon.core.webservice.keyword.builtin.VerifyElementPropertyValueKeyword.verifyElementPropertyValue(VerifyElementPropertyValueKeyword.groovy:48)&#xD;
	at com.kms.katalon.core.webservice.keyword.builtin.VerifyElementPropertyValueKeyword.execute(VerifyElementPropertyValueKeyword.groovy:43)&#xD;
	at com.kms.katalon.core.keyword.internal.KeywordExecutor.executeKeywordForPlatform(KeywordExecutor.groovy:56)&#xD;
	at com.kms.katalon.core.webservice.keyword.WSBuiltInKeywords.verifyElementPropertyValue(WSBuiltInKeywords.groovy:123)&#xD;
	at com.kms.katalon.core.webservice.keyword.WSBuiltInKeywords$verifyElementPropertyValue$0.call(Unknown Source)&#xD;
	at TC-1_Positive Case.run(TC-1_Positive Case:20)&#xD;
	at com.kms.katalon.core.main.ScriptEngine.run(ScriptEngine.java:194)&#xD;
	at com.kms.katalon.core.main.ScriptEngine.runScriptAsRawText(ScriptEngine.java:119)&#xD;
	at com.kms.katalon.core.main.TestCaseExecutor.runScript(TestCaseExecutor.java:337)&#xD;
	at com.kms.katalon.core.main.TestCaseExecutor.doExecute(TestCaseExecutor.java:328)&#xD;
	at com.kms.katalon.core.main.TestCaseExecutor.processExecutionPhase(TestCaseExecutor.java:307)&#xD;
	at com.kms.katalon.core.main.TestCaseExecutor.accessMainPhase(TestCaseExecutor.java:299)&#xD;
	at com.kms.katalon.core.main.TestCaseExecutor.execute(TestCaseExecutor.java:233)&#xD;
	at com.kms.katalon.core.main.TestSuiteExecutor.accessTestCaseMainPhase(TestSuiteExecutor.java:133)&#xD;
	at com.kms.katalon.core.main.TestSuiteExecutor.accessTestSuiteMainPhase(TestSuiteExecutor.java:116)&#xD;
	at com.kms.katalon.core.main.TestSuiteExecutor.execute(TestSuiteExecutor.java:83)&#xD;
	at com.kms.katalon.core.main.TestCaseMain.startTestSuite(TestCaseMain.java:157)&#xD;
	at com.kms.katalon.core.main.TestCaseMain$startTestSuite$0.call(Unknown Source)&#xD;
	at TempTestSuite1565171339695.run(TempTestSuite1565171339695.groovy:35)&#xD;
)&#xD;
&#xD;
2019-08-07 16:50:40 - [MESSAGE][FAILED] - Unable to verify element property value (Root cause: groovy.json.JsonException: Unable to determine the current character, it is not a string, number, array, or object

The current character read is 'E' with an int value of 69
Unable to determine the current character, it is not a string, number, array, or object
line number 1
index number 0
Error 500: java.lang.IllegalStateException: SRVE0199E: OutputStream already obtained&#xD;
^&#xD;
	at Script1.run(Script1.groovy:1)&#xD;
	at com.kms.katalon.core.webservice.helper.WebServiceCommonHelper.parseAndGetPropertyValueForJson(WebServiceCommonHelper.java:159)&#xD;
	at com.kms.katalon.core.webservice.keyword.builtin.VerifyElementPropertyValueKeyword$_verifyElementPropertyValue_closure1.doCall(VerifyElementPropertyValueKeyword.groovy:52)&#xD;
	at com.kms.katalon.core.webservice.keyword.builtin.VerifyElementPropertyValueKeyword$_verifyElementPropertyValue_closure1.call(VerifyElementPropertyValueKeyword.groovy)&#xD;
	at com.kms.katalon.core.keyword.internal.KeywordMain.runKeyword(KeywordMain.groovy:68)&#xD;
	at com.kms.katalon.core.webservice.keyword.builtin.VerifyElementPropertyValueKeyword.verifyElementPropertyValue(VerifyElementPropertyValueKeyword.groovy:48)&#xD;
	at com.kms.katalon.core.webservice.keyword.builtin.VerifyElementPropertyValueKeyword.execute(VerifyElementPropertyValueKeyword.groovy:43)&#xD;
	at com.kms.katalon.core.keyword.internal.KeywordExecutor.executeKeywordForPlatform(KeywordExecutor.groovy:56)&#xD;
	at com.kms.katalon.core.webservice.keyword.WSBuiltInKeywords.verifyElementPropertyValue(WSBuiltInKeywords.groovy:123)&#xD;
	at com.kms.katalon.core.webservice.keyword.WSBuiltInKeywords$verifyElementPropertyValue$0.call(Unknown Source)&#xD;
	at TC-1_Positive Case.run(TC-1_Positive Case:20)&#xD;
	at com.kms.katalon.core.main.ScriptEngine.run(ScriptEngine.java:194)&#xD;
	at com.kms.katalon.core.main.ScriptEngine.runScriptAsRawText(ScriptEngine.java:119)&#xD;
	at com.kms.katalon.core.main.TestCaseExecutor.runScript(TestCaseExecutor.java:337)&#xD;
	at com.kms.katalon.core.main.TestCaseExecutor.doExecute(TestCaseExecutor.java:328)&#xD;
	at com.kms.katalon.core.main.TestCaseExecutor.processExecutionPhase(TestCaseExecutor.java:307)&#xD;
	at com.kms.katalon.core.main.TestCaseExecutor.accessMainPhase(TestCaseExecutor.java:299)&#xD;
	at com.kms.katalon.core.main.TestCaseExecutor.execute(TestCaseExecutor.java:233)&#xD;
	at com.kms.katalon.core.main.TestSuiteExecutor.accessTestCaseMainPhase(TestSuiteExecutor.java:133)&#xD;
	at com.kms.katalon.core.main.TestSuiteExecutor.accessTestSuiteMainPhase(TestSuiteExecutor.java:116)&#xD;
	at com.kms.katalon.core.main.TestSuiteExecutor.execute(TestSuiteExecutor.java:83)&#xD;
	at com.kms.katalon.core.main.TestCaseMain.startTestSuite(TestCaseMain.java:157)&#xD;
	at com.kms.katalon.core.main.TestCaseMain$startTestSuite$0.call(Unknown Source)&#xD;
	at TempTestSuite1565171339695.run(TempTestSuite1565171339695.groovy:35)&#xD;
)&#xD;
&#xD;
2019-08-07 16:50:40 - [TEST_STEP][PASSED] - Start listener action : sampleAfterTestCase: null</system-out>
            <system-err>2019-08-07 16:49:39 - [TEST_CASE][FAILED] - Test Cases/Eligibility TSA Rules/TC-1_Positive Case: Test Cases/Eligibility TSA Rules/TC-1_Positive Case FAILED.
Reason:
com.kms.katalon.core.exception.StepFailedException: Unable to verify element property value (Root cause: groovy.json.JsonException: Unable to determine the current character, it is not a string, number, array, or object

The current character read is 'E' with an int value of 69
Unable to determine the current character, it is not a string, number, array, or object
line number 1
index number 0
Error 500: java.lang.IllegalStateException: SRVE0199E: OutputStream already obtained&#xD;
^&#xD;
	at Script1.run(Script1.groovy:1)&#xD;
	at com.kms.katalon.core.webservice.helper.WebServiceCommonHelper.parseAndGetPropertyValueForJson(WebServiceCommonHelper.java:159)&#xD;
	at com.kms.katalon.core.webservice.keyword.builtin.VerifyElementPropertyValueKeyword$_verifyElementPropertyValue_closure1.doCall(VerifyElementPropertyValueKeyword.groovy:52)&#xD;
	at com.kms.katalon.core.webservice.keyword.builtin.VerifyElementPropertyValueKeyword$_verifyElementPropertyValue_closure1.call(VerifyElementPropertyValueKeyword.groovy)&#xD;
	at com.kms.katalon.core.keyword.internal.KeywordMain.runKeyword(KeywordMain.groovy:68)&#xD;
	at com.kms.katalon.core.webservice.keyword.builtin.VerifyElementPropertyValueKeyword.verifyElementPropertyValue(VerifyElementPropertyValueKeyword.groovy:48)&#xD;
	at com.kms.katalon.core.webservice.keyword.builtin.VerifyElementPropertyValueKeyword.execute(VerifyElementPropertyValueKeyword.groovy:43)&#xD;
	at com.kms.katalon.core.keyword.internal.KeywordExecutor.executeKeywordForPlatform(KeywordExecutor.groovy:56)&#xD;
	at com.kms.katalon.core.webservice.keyword.WSBuiltInKeywords.verifyElementPropertyValue(WSBuiltInKeywords.groovy:123)&#xD;
	at com.kms.katalon.core.webservice.keyword.WSBuiltInKeywords$verifyElementPropertyValue$0.call(Unknown Source)&#xD;
	at TC-1_Positive Case.run(TC-1_Positive Case:20)&#xD;
	at com.kms.katalon.core.main.ScriptEngine.run(ScriptEngine.java:194)&#xD;
	at com.kms.katalon.core.main.ScriptEngine.runScriptAsRawText(ScriptEngine.java:119)&#xD;
	at com.kms.katalon.core.main.TestCaseExecutor.runScript(TestCaseExecutor.java:337)&#xD;
	at com.kms.katalon.core.main.TestCaseExecutor.doExecute(TestCaseExecutor.java:328)&#xD;
	at com.kms.katalon.core.main.TestCaseExecutor.processExecutionPhase(TestCaseExecutor.java:307)&#xD;
	at com.kms.katalon.core.main.TestCaseExecutor.accessMainPhase(TestCaseExecutor.java:299)&#xD;
	at com.kms.katalon.core.main.TestCaseExecutor.execute(TestCaseExecutor.java:233)&#xD;
	at com.kms.katalon.core.main.TestSuiteExecutor.accessTestCaseMainPhase(TestSuiteExecutor.java:133)&#xD;
	at com.kms.katalon.core.main.TestSuiteExecutor.accessTestSuiteMainPhase(TestSuiteExecutor.java:116)&#xD;
	at com.kms.katalon.core.main.TestSuiteExecutor.execute(TestSuiteExecutor.java:83)&#xD;
	at com.kms.katalon.core.main.TestCaseMain.startTestSuite(TestCaseMain.java:157)&#xD;
	at com.kms.katalon.core.main.TestCaseMain$startTestSuite$0.call(Unknown Source)&#xD;
	at TempTestSuite1565171339695.run(TempTestSuite1565171339695.groovy:35)&#xD;
)&#xD;
	at com.kms.katalon.core.keyword.internal.KeywordMain.stepFailed(KeywordMain.groovy:50)&#xD;
	at com.kms.katalon.core.keyword.internal.KeywordMain.stepFailed(KeywordMain.groovy)&#xD;
	at com.kms.katalon.core.keyword.internal.KeywordMain.runKeyword(KeywordMain.groovy:70)&#xD;
	at com.kms.katalon.core.webservice.keyword.builtin.VerifyElementPropertyValueKeyword.verifyElementPropertyValue(VerifyElementPropertyValueKeyword.groovy:48)&#xD;
	at com.kms.katalon.core.webservice.keyword.builtin.VerifyElementPropertyValueKeyword.execute(VerifyElementPropertyValueKeyword.groovy:43)&#xD;
	at com.kms.katalon.core.keyword.internal.KeywordExecutor.executeKeywordForPlatform(KeywordExecutor.groovy:56)&#xD;
	at com.kms.katalon.core.webservice.keyword.WSBuiltInKeywords.verifyElementPropertyValue(WSBuiltInKeywords.groovy:123)&#xD;
	at com.kms.katalon.core.webservice.keyword.WSBuiltInKeywords$verifyElementPropertyValue$0.call(Unknown Source)&#xD;
	at TC-1_Positive Case.run(TC-1_Positive Case:20)&#xD;
	at com.kms.katalon.core.main.ScriptEngine.run(ScriptEngine.java:194)&#xD;
	at com.kms.katalon.core.main.ScriptEngine.runScriptAsRawText(ScriptEngine.java:119)&#xD;
	at com.kms.katalon.core.main.TestCaseExecutor.runScript(TestCaseExecutor.java:337)&#xD;
	at com.kms.katalon.core.main.TestCaseExecutor.doExecute(TestCaseExecutor.java:328)&#xD;
	at com.kms.katalon.core.main.TestCaseExecutor.processExecutionPhase(TestCaseExecutor.java:307)&#xD;
	at com.kms.katalon.core.main.TestCaseExecutor.accessMainPhase(TestCaseExecutor.java:299)&#xD;
	at com.kms.katalon.core.main.TestCaseExecutor.execute(TestCaseExecutor.java:233)&#xD;
	at com.kms.katalon.core.main.TestSuiteExecutor.accessTestCaseMainPhase(TestSuiteExecutor.java:133)&#xD;
	at com.kms.katalon.core.main.TestSuiteExecutor.accessTestSuiteMainPhase(TestSuiteExecutor.java:116)&#xD;
	at com.kms.katalon.core.main.TestSuiteExecutor.execute(TestSuiteExecutor.java:83)&#xD;
	at com.kms.katalon.core.main.TestCaseMain.startTestSuite(TestCaseMain.java:157)&#xD;
	at com.kms.katalon.core.main.TestCaseMain$startTestSuite$0.call(Unknown Source)&#xD;
	at TempTestSuite1565171339695.run(TempTestSuite1565171339695.groovy:35)&#xD;
Caused by: groovy.json.JsonException: Unable to determine the current character, it is not a string, number, array, or object

The current character read is 'E' with an int value of 69
Unable to determine the current character, it is not a string, number, array, or object
line number 1
index number 0
Error 500: java.lang.IllegalStateException: SRVE0199E: OutputStream already obtained&#xD;
^&#xD;
	at Script1.run(Script1.groovy:1)&#xD;
	at com.kms.katalon.core.webservice.helper.WebServiceCommonHelper.parseAndGetPropertyValueForJson(WebServiceCommonHelper.java:159)&#xD;
	at com.kms.katalon.core.webservice.keyword.builtin.VerifyElementPropertyValueKeyword$_verifyElementPropertyValue_closure1.doCall(VerifyElementPropertyValueKeyword.groovy:52)&#xD;
	at com.kms.katalon.core.webservice.keyword.builtin.VerifyElementPropertyValueKeyword$_verifyElementPropertyValue_closure1.call(VerifyElementPropertyValueKeyword.groovy)&#xD;
	at com.kms.katalon.core.keyword.internal.KeywordMain.runKeyword(KeywordMain.groovy:68)&#xD;
	... 19 more</system-err>
        </testcase>
        <testcase name="Test Cases/Eligibility TSA Rules/TC-1_Positive Case" classname="Test Cases/Eligibility TSA Rules/TC-1_Positive Case" status="PASSED">
            <system-out>2019-08-07 16:50:40 - [TEST_CASE][PASSED] - Test Cases/Eligibility TSA Rules/TC-1_Positive Case: Test Cases/Eligibility TSA Rules/TC-1_Positive Case&#xD;
&#xD;
2019-08-07 16:50:40 - [TEST_STEP][PASSED] - response = sendRequest(findTestObject("AlterationScoringRuleApps/PositiveCase", ["URL":URL, "transactionType":"Major", "alterType":"Increasing Risk", "role":"LA1", "occupation":"MARK", "vendorName":"DMC", ... ])): Send request successfully&#xD;
&#xD;
2019-08-07 16:50:53 - [MESSAGE][INFO] - HAR: C:\SURYAPURBA\PHS\PHS-BRMS\Reports\test\20190807_164859\requests\main\6.har&#xD;
&#xD;
2019-08-07 16:50:53 - [MESSAGE][PASSED] - Send request successfully&#xD;
&#xD;
2019-08-07 16:50:53 - [TEST_STEP][PASSED] - verifyElementPropertyValue(response, "request.alterationScoring[0].response.eligibityTsa", true): Verify element property value successfully&#xD;
&#xD;
2019-08-07 16:50:53 - [MESSAGE][PASSED] - Verify element property value successfully&#xD;
&#xD;
2019-08-07 16:50:53 - [TEST_STEP][PASSED] - verifyResponseStatusCode(response, 200): Verify response status code successfully&#xD;
&#xD;
2019-08-07 16:50:53 - [MESSAGE][PASSED] - Verify response status code successfully&#xD;
&#xD;
2019-08-07 16:50:53 - [TEST_STEP][PASSED] - Start listener action : sampleAfterTestCase: null</system-out>
            <system-err></system-err>
        </testcase>
        <testcase name="Test Cases/Eligibility TSA Rules/TC-1_Positive Case" classname="Test Cases/Eligibility TSA Rules/TC-1_Positive Case" status="PASSED">
            <system-out>2019-08-07 16:50:53 - [TEST_CASE][PASSED] - Test Cases/Eligibility TSA Rules/TC-1_Positive Case: Test Cases/Eligibility TSA Rules/TC-1_Positive Case&#xD;
&#xD;
2019-08-07 16:50:53 - [TEST_STEP][PASSED] - response = sendRequest(findTestObject("AlterationScoringRuleApps/PositiveCase", ["URL":URL, "transactionType":"Major", "alterType":"Increasing Risk", "role":"LA1", "occupation":"MARK", "vendorName":"DMC", ... ])): Send request successfully&#xD;
&#xD;
2019-08-07 16:50:53 - [MESSAGE][INFO] - HAR: C:\SURYAPURBA\PHS\PHS-BRMS\Reports\test\20190807_164859\requests\main\7.har&#xD;
&#xD;
2019-08-07 16:50:53 - [MESSAGE][PASSED] - Send request successfully&#xD;
&#xD;
2019-08-07 16:50:53 - [TEST_STEP][PASSED] - verifyElementPropertyValue(response, "request.alterationScoring[0].response.eligibityTsa", true): Verify element property value successfully&#xD;
&#xD;
2019-08-07 16:50:53 - [MESSAGE][PASSED] - Verify element property value successfully&#xD;
&#xD;
2019-08-07 16:50:53 - [TEST_STEP][PASSED] - verifyResponseStatusCode(response, 200): Verify response status code successfully&#xD;
&#xD;
2019-08-07 16:50:53 - [MESSAGE][PASSED] - Verify response status code successfully&#xD;
&#xD;
2019-08-07 16:50:53 - [TEST_STEP][PASSED] - Start listener action : sampleAfterTestCase: null</system-out>
            <system-err></system-err>
        </testcase>
        <testcase name="Test Cases/Eligibility TSA Rules/TC-1_Positive Case" classname="Test Cases/Eligibility TSA Rules/TC-1_Positive Case" status="PASSED">
            <system-out>2019-08-07 16:50:53 - [TEST_CASE][PASSED] - Test Cases/Eligibility TSA Rules/TC-1_Positive Case: Test Cases/Eligibility TSA Rules/TC-1_Positive Case&#xD;
&#xD;
2019-08-07 16:50:53 - [TEST_STEP][PASSED] - response = sendRequest(findTestObject("AlterationScoringRuleApps/PositiveCase", ["URL":URL, "transactionType":"Major", "alterType":"Increasing Risk", "role":"LA1", "occupation":"MARK", "vendorName":"DMC", ... ])): Send request successfully&#xD;
&#xD;
2019-08-07 16:50:54 - [MESSAGE][INFO] - HAR: C:\SURYAPURBA\PHS\PHS-BRMS\Reports\test\20190807_164859\requests\main\8.har&#xD;
&#xD;
2019-08-07 16:50:54 - [MESSAGE][PASSED] - Send request successfully&#xD;
&#xD;
2019-08-07 16:50:54 - [TEST_STEP][PASSED] - verifyElementPropertyValue(response, "request.alterationScoring[0].response.eligibityTsa", true): Verify element property value successfully&#xD;
&#xD;
2019-08-07 16:50:54 - [MESSAGE][PASSED] - Verify element property value successfully&#xD;
&#xD;
2019-08-07 16:50:54 - [TEST_STEP][PASSED] - verifyResponseStatusCode(response, 200): Verify response status code successfully&#xD;
&#xD;
2019-08-07 16:50:54 - [MESSAGE][PASSED] - Verify response status code successfully&#xD;
&#xD;
2019-08-07 16:50:54 - [TEST_STEP][PASSED] - Start listener action : sampleAfterTestCase: null</system-out>
            <system-err></system-err>
        </testcase>
        <testcase name="Test Cases/Eligibility TSA Rules/TC-1_Positive Case" classname="Test Cases/Eligibility TSA Rules/TC-1_Positive Case" status="PASSED">
            <system-out>2019-08-07 16:50:54 - [TEST_CASE][PASSED] - Test Cases/Eligibility TSA Rules/TC-1_Positive Case: Test Cases/Eligibility TSA Rules/TC-1_Positive Case&#xD;
&#xD;
2019-08-07 16:50:55 - [TEST_STEP][PASSED] - response = sendRequest(findTestObject("AlterationScoringRuleApps/PositiveCase", ["URL":URL, "transactionType":"Major", "alterType":"Increasing Risk", "role":"LA1", "occupation":"MARK", "vendorName":"DMC", ... ])): Send request successfully&#xD;
&#xD;
2019-08-07 16:51:06 - [MESSAGE][INFO] - HAR: C:\SURYAPURBA\PHS\PHS-BRMS\Reports\test\20190807_164859\requests\main\9.har&#xD;
&#xD;
2019-08-07 16:51:06 - [MESSAGE][PASSED] - Send request successfully&#xD;
&#xD;
2019-08-07 16:51:06 - [TEST_STEP][PASSED] - verifyElementPropertyValue(response, "request.alterationScoring[0].response.eligibityTsa", true): Verify element property value successfully&#xD;
&#xD;
2019-08-07 16:51:06 - [MESSAGE][PASSED] - Verify element property value successfully&#xD;
&#xD;
2019-08-07 16:51:06 - [TEST_STEP][PASSED] - verifyResponseStatusCode(response, 200): Verify response status code successfully&#xD;
&#xD;
2019-08-07 16:51:06 - [MESSAGE][PASSED] - Verify response status code successfully&#xD;
&#xD;
2019-08-07 16:51:06 - [TEST_STEP][PASSED] - Start listener action : sampleAfterTestCase: null</system-out>
            <system-err></system-err>
        </testcase>
        <testcase name="Test Cases/Eligibility TSA Rules/TC-1_Positive Case" classname="Test Cases/Eligibility TSA Rules/TC-1_Positive Case" status="PASSED">
            <system-out>2019-08-07 16:51:06 - [TEST_CASE][PASSED] - Test Cases/Eligibility TSA Rules/TC-1_Positive Case: Test Cases/Eligibility TSA Rules/TC-1_Positive Case&#xD;
&#xD;
2019-08-07 16:51:06 - [TEST_STEP][PASSED] - response = sendRequest(findTestObject("AlterationScoringRuleApps/PositiveCase", ["URL":URL, "transactionType":"Major", "alterType":"Increasing Risk", "role":"LA1", "occupation":"MARK", "vendorName":"DMC", ... ])): Send request successfully&#xD;
&#xD;
2019-08-07 16:51:07 - [MESSAGE][INFO] - HAR: C:\SURYAPURBA\PHS\PHS-BRMS\Reports\test\20190807_164859\requests\main\10.har&#xD;
&#xD;
2019-08-07 16:51:07 - [MESSAGE][PASSED] - Send request successfully&#xD;
&#xD;
2019-08-07 16:51:07 - [TEST_STEP][PASSED] - verifyElementPropertyValue(response, "request.alterationScoring[0].response.eligibityTsa", true): Verify element property value successfully&#xD;
&#xD;
2019-08-07 16:51:07 - [MESSAGE][PASSED] - Verify element property value successfully&#xD;
&#xD;
2019-08-07 16:51:07 - [TEST_STEP][PASSED] - verifyResponseStatusCode(response, 200): Verify response status code successfully&#xD;
&#xD;
2019-08-07 16:51:07 - [MESSAGE][PASSED] - Verify response status code successfully&#xD;
&#xD;
2019-08-07 16:51:07 - [TEST_STEP][PASSED] - Start listener action : sampleAfterTestCase: null</system-out>
            <system-err></system-err>
        </testcase>
        <testcase name="Test Cases/Eligibility TSA Rules/TC-1_Positive Case" classname="Test Cases/Eligibility TSA Rules/TC-1_Positive Case" status="PASSED">
            <system-out>2019-08-07 16:51:07 - [TEST_CASE][PASSED] - Test Cases/Eligibility TSA Rules/TC-1_Positive Case: Test Cases/Eligibility TSA Rules/TC-1_Positive Case&#xD;
&#xD;
2019-08-07 16:51:07 - [TEST_STEP][PASSED] - response = sendRequest(findTestObject("AlterationScoringRuleApps/PositiveCase", ["URL":URL, "transactionType":"Major", "alterType":"Increasing Risk", "role":"LA1", "occupation":"MARK", "vendorName":"DMC", ... ])): Send request successfully&#xD;
&#xD;
2019-08-07 16:51:10 - [MESSAGE][INFO] - HAR: C:\SURYAPURBA\PHS\PHS-BRMS\Reports\test\20190807_164859\requests\main\11.har&#xD;
&#xD;
2019-08-07 16:51:10 - [MESSAGE][PASSED] - Send request successfully&#xD;
&#xD;
2019-08-07 16:51:10 - [TEST_STEP][PASSED] - verifyElementPropertyValue(response, "request.alterationScoring[0].response.eligibityTsa", true): Verify element property value successfully&#xD;
&#xD;
2019-08-07 16:51:10 - [MESSAGE][PASSED] - Verify element property value successfully&#xD;
&#xD;
2019-08-07 16:51:10 - [TEST_STEP][PASSED] - verifyResponseStatusCode(response, 200): Verify response status code successfully&#xD;
&#xD;
2019-08-07 16:51:10 - [MESSAGE][PASSED] - Verify response status code successfully&#xD;
&#xD;
2019-08-07 16:51:10 - [TEST_STEP][PASSED] - Start listener action : sampleAfterTestCase: null</system-out>
            <system-err></system-err>
        </testcase>
        <testcase name="Test Cases/Eligibility TSA Rules/TC-1_Positive Case" classname="Test Cases/Eligibility TSA Rules/TC-1_Positive Case" status="PASSED">
            <system-out>2019-08-07 16:51:10 - [TEST_CASE][PASSED] - Test Cases/Eligibility TSA Rules/TC-1_Positive Case: Test Cases/Eligibility TSA Rules/TC-1_Positive Case&#xD;
&#xD;
2019-08-07 16:51:10 - [TEST_STEP][PASSED] - response = sendRequest(findTestObject("AlterationScoringRuleApps/PositiveCase", ["URL":URL, "transactionType":"Major", "alterType":"Increasing Risk", "role":"LA1", "occupation":"MARK", "vendorName":"DMC", ... ])): Send request successfully&#xD;
&#xD;
2019-08-07 16:51:23 - [MESSAGE][INFO] - HAR: C:\SURYAPURBA\PHS\PHS-BRMS\Reports\test\20190807_164859\requests\main\12.har&#xD;
&#xD;
2019-08-07 16:51:23 - [MESSAGE][PASSED] - Send request successfully&#xD;
&#xD;
2019-08-07 16:51:23 - [TEST_STEP][PASSED] - verifyElementPropertyValue(response, "request.alterationScoring[0].response.eligibityTsa", true): Verify element property value successfully&#xD;
&#xD;
2019-08-07 16:51:23 - [MESSAGE][PASSED] - Verify element property value successfully&#xD;
&#xD;
2019-08-07 16:51:23 - [TEST_STEP][PASSED] - verifyResponseStatusCode(response, 200): Verify response status code successfully&#xD;
&#xD;
2019-08-07 16:51:23 - [MESSAGE][PASSED] - Verify response status code successfully&#xD;
&#xD;
2019-08-07 16:51:23 - [TEST_STEP][PASSED] - Start listener action : sampleAfterTestCase: null</system-out>
            <system-err></system-err>
        </testcase>
        <testcase name="Test Cases/Eligibility TSA Rules/TC-1_Positive Case" classname="Test Cases/Eligibility TSA Rules/TC-1_Positive Case" status="PASSED">
            <system-out>2019-08-07 16:51:23 - [TEST_CASE][PASSED] - Test Cases/Eligibility TSA Rules/TC-1_Positive Case: Test Cases/Eligibility TSA Rules/TC-1_Positive Case&#xD;
&#xD;
2019-08-07 16:51:23 - [TEST_STEP][PASSED] - response = sendRequest(findTestObject("AlterationScoringRuleApps/PositiveCase", ["URL":URL, "transactionType":"Major", "alterType":"Increasing Risk", "role":"LA1", "occupation":"MARK", "vendorName":"DMC", ... ])): Send request successfully&#xD;
&#xD;
2019-08-07 16:51:24 - [MESSAGE][INFO] - HAR: C:\SURYAPURBA\PHS\PHS-BRMS\Reports\test\20190807_164859\requests\main\13.har&#xD;
&#xD;
2019-08-07 16:51:24 - [MESSAGE][PASSED] - Send request successfully&#xD;
&#xD;
2019-08-07 16:51:24 - [TEST_STEP][PASSED] - verifyElementPropertyValue(response, "request.alterationScoring[0].response.eligibityTsa", true): Verify element property value successfully&#xD;
&#xD;
2019-08-07 16:51:24 - [MESSAGE][PASSED] - Verify element property value successfully&#xD;
&#xD;
2019-08-07 16:51:24 - [TEST_STEP][PASSED] - verifyResponseStatusCode(response, 200): Verify response status code successfully&#xD;
&#xD;
2019-08-07 16:51:24 - [MESSAGE][PASSED] - Verify response status code successfully&#xD;
&#xD;
2019-08-07 16:51:24 - [TEST_STEP][PASSED] - Start listener action : sampleAfterTestCase: null</system-out>
            <system-err></system-err>
        </testcase>
        <testcase name="Test Cases/Eligibility TSA Rules/TC-1_Positive Case" classname="Test Cases/Eligibility TSA Rules/TC-1_Positive Case" status="PASSED">
            <system-out>2019-08-07 16:51:25 - [TEST_CASE][PASSED] - Test Cases/Eligibility TSA Rules/TC-1_Positive Case: Test Cases/Eligibility TSA Rules/TC-1_Positive Case&#xD;
&#xD;
2019-08-07 16:51:25 - [TEST_STEP][PASSED] - response = sendRequest(findTestObject("AlterationScoringRuleApps/PositiveCase", ["URL":URL, "transactionType":"Major", "alterType":"Increasing Risk", "role":"LA1", "occupation":"MARK", "vendorName":"DMC", ... ])): Send request successfully&#xD;
&#xD;
2019-08-07 16:51:28 - [MESSAGE][INFO] - HAR: C:\SURYAPURBA\PHS\PHS-BRMS\Reports\test\20190807_164859\requests\main\14.har&#xD;
&#xD;
2019-08-07 16:51:28 - [MESSAGE][PASSED] - Send request successfully&#xD;
&#xD;
2019-08-07 16:51:28 - [TEST_STEP][PASSED] - verifyElementPropertyValue(response, "request.alterationScoring[0].response.eligibityTsa", true): Verify element property value successfully&#xD;
&#xD;
2019-08-07 16:51:28 - [MESSAGE][PASSED] - Verify element property value successfully&#xD;
&#xD;
2019-08-07 16:51:28 - [TEST_STEP][PASSED] - verifyResponseStatusCode(response, 200): Verify response status code successfully&#xD;
&#xD;
2019-08-07 16:51:28 - [MESSAGE][PASSED] - Verify response status code successfully&#xD;
&#xD;
2019-08-07 16:51:28 - [TEST_STEP][PASSED] - Start listener action : sampleAfterTestCase: null</system-out>
            <system-err></system-err>
        </testcase>
        <testcase name="Test Cases/Eligibility TSA Rules/TC-1_Positive Case" classname="Test Cases/Eligibility TSA Rules/TC-1_Positive Case" status="PASSED">
            <system-out>2019-08-07 16:51:28 - [TEST_CASE][PASSED] - Test Cases/Eligibility TSA Rules/TC-1_Positive Case: Test Cases/Eligibility TSA Rules/TC-1_Positive Case&#xD;
&#xD;
2019-08-07 16:51:28 - [TEST_STEP][PASSED] - response = sendRequest(findTestObject("AlterationScoringRuleApps/PositiveCase", ["URL":URL, "transactionType":"Major", "alterType":"Increasing Risk", "role":"LA1", "occupation":"MARK", "vendorName":"DMC", ... ])): Send request successfully&#xD;
&#xD;
2019-08-07 16:51:31 - [MESSAGE][INFO] - HAR: C:\SURYAPURBA\PHS\PHS-BRMS\Reports\test\20190807_164859\requests\main\15.har&#xD;
&#xD;
2019-08-07 16:51:31 - [MESSAGE][PASSED] - Send request successfully&#xD;
&#xD;
2019-08-07 16:51:31 - [TEST_STEP][PASSED] - verifyElementPropertyValue(response, "request.alterationScoring[0].response.eligibityTsa", true): Verify element property value successfully&#xD;
&#xD;
2019-08-07 16:51:31 - [MESSAGE][PASSED] - Verify element property value successfully&#xD;
&#xD;
2019-08-07 16:51:31 - [TEST_STEP][PASSED] - verifyResponseStatusCode(response, 200): Verify response status code successfully&#xD;
&#xD;
2019-08-07 16:51:31 - [MESSAGE][PASSED] - Verify response status code successfully&#xD;
&#xD;
2019-08-07 16:51:31 - [TEST_STEP][PASSED] - Start listener action : sampleAfterTestCase: null</system-out>
            <system-err></system-err>
        </testcase>
        <testcase name="Test Cases/Eligibility TSA Rules/TC-1_Positive Case" classname="Test Cases/Eligibility TSA Rules/TC-1_Positive Case" status="PASSED">
            <system-out>2019-08-07 16:51:31 - [TEST_CASE][PASSED] - Test Cases/Eligibility TSA Rules/TC-1_Positive Case: Test Cases/Eligibility TSA Rules/TC-1_Positive Case&#xD;
&#xD;
2019-08-07 16:51:31 - [TEST_STEP][PASSED] - response = sendRequest(findTestObject("AlterationScoringRuleApps/PositiveCase", ["URL":URL, "transactionType":"Major", "alterType":"Increasing Risk", "role":"LA1", "occupation":"MARK", "vendorName":"DMC", ... ])): Send request successfully&#xD;
&#xD;
2019-08-07 16:51:32 - [MESSAGE][INFO] - HAR: C:\SURYAPURBA\PHS\PHS-BRMS\Reports\test\20190807_164859\requests\main\16.har&#xD;
&#xD;
2019-08-07 16:51:32 - [MESSAGE][PASSED] - Send request successfully&#xD;
&#xD;
2019-08-07 16:51:32 - [TEST_STEP][PASSED] - verifyElementPropertyValue(response, "request.alterationScoring[0].response.eligibityTsa", true): Verify element property value successfully&#xD;
&#xD;
2019-08-07 16:51:32 - [MESSAGE][PASSED] - Verify element property value successfully&#xD;
&#xD;
2019-08-07 16:51:32 - [TEST_STEP][PASSED] - verifyResponseStatusCode(response, 200): Verify response status code successfully&#xD;
&#xD;
2019-08-07 16:51:32 - [MESSAGE][PASSED] - Verify response status code successfully&#xD;
&#xD;
2019-08-07 16:51:32 - [TEST_STEP][PASSED] - Start listener action : sampleAfterTestCase: null</system-out>
            <system-err></system-err>
        </testcase>
        <testcase name="Test Cases/Eligibility TSA Rules/TC-1_Positive Case" classname="Test Cases/Eligibility TSA Rules/TC-1_Positive Case" status="PASSED">
            <system-out>2019-08-07 16:51:32 - [TEST_CASE][PASSED] - Test Cases/Eligibility TSA Rules/TC-1_Positive Case: Test Cases/Eligibility TSA Rules/TC-1_Positive Case&#xD;
&#xD;
2019-08-07 16:51:32 - [TEST_STEP][PASSED] - response = sendRequest(findTestObject("AlterationScoringRuleApps/PositiveCase", ["URL":URL, "transactionType":"Major", "alterType":"Increasing Risk", "role":"LA1", "occupation":"MARK", "vendorName":"DMC", ... ])): Send request successfully&#xD;
&#xD;
2019-08-07 16:51:36 - [MESSAGE][INFO] - HAR: C:\SURYAPURBA\PHS\PHS-BRMS\Reports\test\20190807_164859\requests\main\17.har&#xD;
&#xD;
2019-08-07 16:51:36 - [MESSAGE][PASSED] - Send request successfully&#xD;
&#xD;
2019-08-07 16:51:36 - [TEST_STEP][PASSED] - verifyElementPropertyValue(response, "request.alterationScoring[0].response.eligibityTsa", true): Verify element property value successfully&#xD;
&#xD;
2019-08-07 16:51:36 - [MESSAGE][PASSED] - Verify element property value successfully&#xD;
&#xD;
2019-08-07 16:51:36 - [TEST_STEP][PASSED] - verifyResponseStatusCode(response, 200): Verify response status code successfully&#xD;
&#xD;
2019-08-07 16:51:36 - [MESSAGE][PASSED] - Verify response status code successfully&#xD;
&#xD;
2019-08-07 16:51:36 - [TEST_STEP][PASSED] - Start listener action : sampleAfterTestCase: null</system-out>
            <system-err></system-err>
        </testcase>
        <testcase name="Test Cases/Eligibility TSA Rules/TC-1_Positive Case" classname="Test Cases/Eligibility TSA Rules/TC-1_Positive Case" status="PASSED">
            <system-out>2019-08-07 16:51:36 - [TEST_CASE][PASSED] - Test Cases/Eligibility TSA Rules/TC-1_Positive Case: Test Cases/Eligibility TSA Rules/TC-1_Positive Case&#xD;
&#xD;
2019-08-07 16:51:36 - [TEST_STEP][PASSED] - response = sendRequest(findTestObject("AlterationScoringRuleApps/PositiveCase", ["URL":URL, "transactionType":"Major", "alterType":"Increasing Risk", "role":"LA1", "occupation":"MARK", "vendorName":"DMC", ... ])): Send request successfully&#xD;
&#xD;
2019-08-07 16:51:42 - [MESSAGE][INFO] - HAR: C:\SURYAPURBA\PHS\PHS-BRMS\Reports\test\20190807_164859\requests\main\18.har&#xD;
&#xD;
2019-08-07 16:51:42 - [MESSAGE][PASSED] - Send request successfully&#xD;
&#xD;
2019-08-07 16:51:42 - [TEST_STEP][PASSED] - verifyElementPropertyValue(response, "request.alterationScoring[0].response.eligibityTsa", true): Verify element property value successfully&#xD;
&#xD;
2019-08-07 16:51:42 - [MESSAGE][PASSED] - Verify element property value successfully&#xD;
&#xD;
2019-08-07 16:51:42 - [TEST_STEP][PASSED] - verifyResponseStatusCode(response, 200): Verify response status code successfully&#xD;
&#xD;
2019-08-07 16:51:42 - [MESSAGE][PASSED] - Verify response status code successfully&#xD;
&#xD;
2019-08-07 16:51:42 - [TEST_STEP][PASSED] - Start listener action : sampleAfterTestCase: null</system-out>
            <system-err></system-err>
        </testcase>
        <testcase name="Test Cases/Eligibility TSA Rules/TC-1_Positive Case" classname="Test Cases/Eligibility TSA Rules/TC-1_Positive Case" status="PASSED">
            <system-out>2019-08-07 16:51:42 - [TEST_CASE][PASSED] - Test Cases/Eligibility TSA Rules/TC-1_Positive Case: Test Cases/Eligibility TSA Rules/TC-1_Positive Case&#xD;
&#xD;
2019-08-07 16:51:42 - [TEST_STEP][PASSED] - response = sendRequest(findTestObject("AlterationScoringRuleApps/PositiveCase", ["URL":URL, "transactionType":"Major", "alterType":"Increasing Risk", "role":"LA1", "occupation":"MARK", "vendorName":"DMC", ... ])): Send request successfully&#xD;
&#xD;
2019-08-07 16:51:48 - [MESSAGE][INFO] - HAR: C:\SURYAPURBA\PHS\PHS-BRMS\Reports\test\20190807_164859\requests\main\19.har&#xD;
&#xD;
2019-08-07 16:51:48 - [MESSAGE][PASSED] - Send request successfully&#xD;
&#xD;
2019-08-07 16:51:48 - [TEST_STEP][PASSED] - verifyElementPropertyValue(response, "request.alterationScoring[0].response.eligibityTsa", true): Verify element property value successfully&#xD;
&#xD;
2019-08-07 16:51:48 - [MESSAGE][PASSED] - Verify element property value successfully&#xD;
&#xD;
2019-08-07 16:51:48 - [TEST_STEP][PASSED] - verifyResponseStatusCode(response, 200): Verify response status code successfully&#xD;
&#xD;
2019-08-07 16:51:48 - [MESSAGE][PASSED] - Verify response status code successfully&#xD;
&#xD;
2019-08-07 16:51:48 - [TEST_STEP][PASSED] - Start listener action : sampleAfterTestCase: null</system-out>
            <system-err></system-err>
        </testcase>
        <testcase name="Test Cases/Eligibility TSA Rules/TC-1_Positive Case" classname="Test Cases/Eligibility TSA Rules/TC-1_Positive Case" status="PASSED">
            <system-out>2019-08-07 16:51:48 - [TEST_CASE][PASSED] - Test Cases/Eligibility TSA Rules/TC-1_Positive Case: Test Cases/Eligibility TSA Rules/TC-1_Positive Case&#xD;
&#xD;
2019-08-07 16:51:48 - [TEST_STEP][PASSED] - response = sendRequest(findTestObject("AlterationScoringRuleApps/PositiveCase", ["URL":URL, "transactionType":"Major", "alterType":"Increasing Risk", "role":"LA1", "occupation":"MARK", "vendorName":"DMC", ... ])): Send request successfully&#xD;
&#xD;
2019-08-07 16:51:49 - [MESSAGE][INFO] - HAR: C:\SURYAPURBA\PHS\PHS-BRMS\Reports\test\20190807_164859\requests\main\20.har&#xD;
&#xD;
2019-08-07 16:51:49 - [MESSAGE][PASSED] - Send request successfully&#xD;
&#xD;
2019-08-07 16:51:49 - [TEST_STEP][PASSED] - verifyElementPropertyValue(response, "request.alterationScoring[0].response.eligibityTsa", true): Verify element property value successfully&#xD;
&#xD;
2019-08-07 16:51:49 - [MESSAGE][PASSED] - Verify element property value successfully&#xD;
&#xD;
2019-08-07 16:51:49 - [TEST_STEP][PASSED] - verifyResponseStatusCode(response, 200): Verify response status code successfully&#xD;
&#xD;
2019-08-07 16:51:49 - [MESSAGE][PASSED] - Verify response status code successfully&#xD;
&#xD;
2019-08-07 16:51:49 - [TEST_STEP][PASSED] - Start listener action : sampleAfterTestCase: null</system-out>
            <system-err></system-err>
        </testcase>
        <testcase name="Test Cases/Eligibility TSA Rules/TC-1_Positive Case" classname="Test Cases/Eligibility TSA Rules/TC-1_Positive Case" status="PASSED">
            <system-out>2019-08-07 16:51:49 - [TEST_CASE][PASSED] - Test Cases/Eligibility TSA Rules/TC-1_Positive Case: Test Cases/Eligibility TSA Rules/TC-1_Positive Case&#xD;
&#xD;
2019-08-07 16:51:49 - [TEST_STEP][PASSED] - response = sendRequest(findTestObject("AlterationScoringRuleApps/PositiveCase", ["URL":URL, "transactionType":"Major", "alterType":"Increasing Risk", "role":"LA1", "occupation":"MARK", "vendorName":"DMC", ... ])): Send request successfully&#xD;
&#xD;
2019-08-07 16:51:50 - [MESSAGE][INFO] - HAR: C:\SURYAPURBA\PHS\PHS-BRMS\Reports\test\20190807_164859\requests\main\21.har&#xD;
&#xD;
2019-08-07 16:51:50 - [MESSAGE][PASSED] - Send request successfully&#xD;
&#xD;
2019-08-07 16:51:50 - [TEST_STEP][PASSED] - verifyElementPropertyValue(response, "request.alterationScoring[0].response.eligibityTsa", true): Verify element property value successfully&#xD;
&#xD;
2019-08-07 16:51:50 - [MESSAGE][PASSED] - Verify element property value successfully&#xD;
&#xD;
2019-08-07 16:51:50 - [TEST_STEP][PASSED] - verifyResponseStatusCode(response, 200): Verify response status code successfully&#xD;
&#xD;
2019-08-07 16:51:50 - [MESSAGE][PASSED] - Verify response status code successfully&#xD;
&#xD;
2019-08-07 16:51:50 - [TEST_STEP][PASSED] - Start listener action : sampleAfterTestCase: null</system-out>
            <system-err></system-err>
        </testcase>
        <testcase name="Test Cases/Eligibility TSA Rules/TC-1_Positive Case" classname="Test Cases/Eligibility TSA Rules/TC-1_Positive Case" status="PASSED">
            <system-out>2019-08-07 16:51:50 - [TEST_CASE][PASSED] - Test Cases/Eligibility TSA Rules/TC-1_Positive Case: Test Cases/Eligibility TSA Rules/TC-1_Positive Case&#xD;
&#xD;
2019-08-07 16:51:50 - [TEST_STEP][PASSED] - response = sendRequest(findTestObject("AlterationScoringRuleApps/PositiveCase", ["URL":URL, "transactionType":"Major", "alterType":"Increasing Risk", "role":"LA1", "occupation":"MARK", "vendorName":"DMC", ... ])): Send request successfully&#xD;
&#xD;
2019-08-07 16:51:51 - [MESSAGE][INFO] - HAR: C:\SURYAPURBA\PHS\PHS-BRMS\Reports\test\20190807_164859\requests\main\22.har&#xD;
&#xD;
2019-08-07 16:51:51 - [MESSAGE][PASSED] - Send request successfully&#xD;
&#xD;
2019-08-07 16:51:51 - [TEST_STEP][PASSED] - verifyElementPropertyValue(response, "request.alterationScoring[0].response.eligibityTsa", true): Verify element property value successfully&#xD;
&#xD;
2019-08-07 16:51:51 - [MESSAGE][PASSED] - Verify element property value successfully&#xD;
&#xD;
2019-08-07 16:51:51 - [TEST_STEP][PASSED] - verifyResponseStatusCode(response, 200): Verify response status code successfully&#xD;
&#xD;
2019-08-07 16:51:51 - [MESSAGE][PASSED] - Verify response status code successfully&#xD;
&#xD;
2019-08-07 16:51:51 - [TEST_STEP][PASSED] - Start listener action : sampleAfterTestCase: null</system-out>
            <system-err></system-err>
        </testcase>
        <testcase name="Test Cases/Eligibility TSA Rules/TC-1_Positive Case" classname="Test Cases/Eligibility TSA Rules/TC-1_Positive Case" status="PASSED">
            <system-out>2019-08-07 16:51:51 - [TEST_CASE][PASSED] - Test Cases/Eligibility TSA Rules/TC-1_Positive Case: Test Cases/Eligibility TSA Rules/TC-1_Positive Case&#xD;
&#xD;
2019-08-07 16:51:51 - [TEST_STEP][PASSED] - response = sendRequest(findTestObject("AlterationScoringRuleApps/PositiveCase", ["URL":URL, "transactionType":"Major", "alterType":"Increasing Risk", "role":"LA1", "occupation":"MARK", "vendorName":"DMC", ... ])): Send request successfully&#xD;
&#xD;
2019-08-07 16:51:52 - [MESSAGE][INFO] - HAR: C:\SURYAPURBA\PHS\PHS-BRMS\Reports\test\20190807_164859\requests\main\23.har&#xD;
&#xD;
2019-08-07 16:51:52 - [MESSAGE][PASSED] - Send request successfully&#xD;
&#xD;
2019-08-07 16:51:52 - [TEST_STEP][PASSED] - verifyElementPropertyValue(response, "request.alterationScoring[0].response.eligibityTsa", true): Verify element property value successfully&#xD;
&#xD;
2019-08-07 16:51:52 - [MESSAGE][PASSED] - Verify element property value successfully&#xD;
&#xD;
2019-08-07 16:51:52 - [TEST_STEP][PASSED] - verifyResponseStatusCode(response, 200): Verify response status code successfully&#xD;
&#xD;
2019-08-07 16:51:52 - [MESSAGE][PASSED] - Verify response status code successfully&#xD;
&#xD;
2019-08-07 16:51:52 - [TEST_STEP][PASSED] - Start listener action : sampleAfterTestCase: null</system-out>
            <system-err></system-err>
        </testcase>
        <testcase name="Test Cases/Eligibility TSA Rules/TC-1_Positive Case" classname="Test Cases/Eligibility TSA Rules/TC-1_Positive Case" status="PASSED">
            <system-out>2019-08-07 16:51:52 - [TEST_CASE][PASSED] - Test Cases/Eligibility TSA Rules/TC-1_Positive Case: Test Cases/Eligibility TSA Rules/TC-1_Positive Case&#xD;
&#xD;
2019-08-07 16:51:52 - [TEST_STEP][PASSED] - response = sendRequest(findTestObject("AlterationScoringRuleApps/PositiveCase", ["URL":URL, "transactionType":"Major", "alterType":"Increasing Risk", "role":"LA1", "occupation":"MARK", "vendorName":"DMC", ... ])): Send request successfully&#xD;
&#xD;
2019-08-07 16:51:55 - [MESSAGE][INFO] - HAR: C:\SURYAPURBA\PHS\PHS-BRMS\Reports\test\20190807_164859\requests\main\24.har&#xD;
&#xD;
2019-08-07 16:51:55 - [MESSAGE][PASSED] - Send request successfully&#xD;
&#xD;
2019-08-07 16:51:55 - [TEST_STEP][PASSED] - verifyElementPropertyValue(response, "request.alterationScoring[0].response.eligibityTsa", true): Verify element property value successfully&#xD;
&#xD;
2019-08-07 16:51:55 - [MESSAGE][PASSED] - Verify element property value successfully&#xD;
&#xD;
2019-08-07 16:51:55 - [TEST_STEP][PASSED] - verifyResponseStatusCode(response, 200): Verify response status code successfully&#xD;
&#xD;
2019-08-07 16:51:55 - [MESSAGE][PASSED] - Verify response status code successfully&#xD;
&#xD;
2019-08-07 16:51:55 - [TEST_STEP][PASSED] - Start listener action : sampleAfterTestCase: null</system-out>
            <system-err></system-err>
        </testcase>
        <testcase name="Test Cases/Eligibility TSA Rules/TC-1_Positive Case" classname="Test Cases/Eligibility TSA Rules/TC-1_Positive Case" status="PASSED">
            <system-out>2019-08-07 16:51:55 - [TEST_CASE][PASSED] - Test Cases/Eligibility TSA Rules/TC-1_Positive Case: Test Cases/Eligibility TSA Rules/TC-1_Positive Case&#xD;
&#xD;
2019-08-07 16:51:55 - [TEST_STEP][PASSED] - response = sendRequest(findTestObject("AlterationScoringRuleApps/PositiveCase", ["URL":URL, "transactionType":"Major", "alterType":"Increasing Risk", "role":"LA1", "occupation":"MARK", "vendorName":"DMC", ... ])): Send request successfully&#xD;
&#xD;
2019-08-07 16:51:56 - [MESSAGE][INFO] - HAR: C:\SURYAPURBA\PHS\PHS-BRMS\Reports\test\20190807_164859\requests\main\25.har&#xD;
&#xD;
2019-08-07 16:51:56 - [MESSAGE][PASSED] - Send request successfully&#xD;
&#xD;
2019-08-07 16:51:56 - [TEST_STEP][PASSED] - verifyElementPropertyValue(response, "request.alterationScoring[0].response.eligibityTsa", true): Verify element property value successfully&#xD;
&#xD;
2019-08-07 16:51:56 - [MESSAGE][PASSED] - Verify element property value successfully&#xD;
&#xD;
2019-08-07 16:51:56 - [TEST_STEP][PASSED] - verifyResponseStatusCode(response, 200): Verify response status code successfully&#xD;
&#xD;
2019-08-07 16:51:56 - [MESSAGE][PASSED] - Verify response status code successfully&#xD;
&#xD;
2019-08-07 16:51:56 - [TEST_STEP][PASSED] - Start listener action : sampleAfterTestCase: null</system-out>
            <system-err></system-err>
        </testcase>
        <testcase name="Test Cases/Eligibility TSA Rules/TC-1_Positive Case" classname="Test Cases/Eligibility TSA Rules/TC-1_Positive Case" status="PASSED">
            <system-out>2019-08-07 16:51:56 - [TEST_CASE][PASSED] - Test Cases/Eligibility TSA Rules/TC-1_Positive Case: Test Cases/Eligibility TSA Rules/TC-1_Positive Case&#xD;
&#xD;
2019-08-07 16:51:56 - [TEST_STEP][PASSED] - response = sendRequest(findTestObject("AlterationScoringRuleApps/PositiveCase", ["URL":URL, "transactionType":"Major", "alterType":"Increasing Risk", "role":"LA1", "occupation":"MARK", "vendorName":"DMC", ... ])): Send request successfully&#xD;
&#xD;
2019-08-07 16:51:57 - [MESSAGE][INFO] - HAR: C:\SURYAPURBA\PHS\PHS-BRMS\Reports\test\20190807_164859\requests\main\26.har&#xD;
&#xD;
2019-08-07 16:51:57 - [MESSAGE][PASSED] - Send request successfully&#xD;
&#xD;
2019-08-07 16:51:57 - [TEST_STEP][PASSED] - verifyElementPropertyValue(response, "request.alterationScoring[0].response.eligibityTsa", true): Verify element property value successfully&#xD;
&#xD;
2019-08-07 16:51:57 - [MESSAGE][PASSED] - Verify element property value successfully&#xD;
&#xD;
2019-08-07 16:51:57 - [TEST_STEP][PASSED] - verifyResponseStatusCode(response, 200): Verify response status code successfully&#xD;
&#xD;
2019-08-07 16:51:57 - [MESSAGE][PASSED] - Verify response status code successfully&#xD;
&#xD;
2019-08-07 16:51:57 - [TEST_STEP][PASSED] - Start listener action : sampleAfterTestCase: null</system-out>
            <system-err></system-err>
        </testcase>
        <testcase name="Test Cases/Eligibility TSA Rules/TC-1_Positive Case" classname="Test Cases/Eligibility TSA Rules/TC-1_Positive Case" status="PASSED">
            <system-out>2019-08-07 16:51:57 - [TEST_CASE][PASSED] - Test Cases/Eligibility TSA Rules/TC-1_Positive Case: Test Cases/Eligibility TSA Rules/TC-1_Positive Case&#xD;
&#xD;
2019-08-07 16:51:57 - [TEST_STEP][PASSED] - response = sendRequest(findTestObject("AlterationScoringRuleApps/PositiveCase", ["URL":URL, "transactionType":"Major", "alterType":"Increasing Risk", "role":"LA1", "occupation":"MARK", "vendorName":"DMC", ... ])): Send request successfully&#xD;
&#xD;
2019-08-07 16:51:59 - [MESSAGE][INFO] - HAR: C:\SURYAPURBA\PHS\PHS-BRMS\Reports\test\20190807_164859\requests\main\27.har&#xD;
&#xD;
2019-08-07 16:51:59 - [MESSAGE][PASSED] - Send request successfully&#xD;
&#xD;
2019-08-07 16:51:59 - [TEST_STEP][PASSED] - verifyElementPropertyValue(response, "request.alterationScoring[0].response.eligibityTsa", true): Verify element property value successfully&#xD;
&#xD;
2019-08-07 16:51:59 - [MESSAGE][PASSED] - Verify element property value successfully&#xD;
&#xD;
2019-08-07 16:51:59 - [TEST_STEP][PASSED] - verifyResponseStatusCode(response, 200): Verify response status code successfully&#xD;
&#xD;
2019-08-07 16:51:59 - [MESSAGE][PASSED] - Verify response status code successfully&#xD;
&#xD;
2019-08-07 16:51:59 - [TEST_STEP][PASSED] - Start listener action : sampleAfterTestCase: null</system-out>
            <system-err></system-err>
        </testcase>
        <testcase name="Test Cases/Eligibility TSA Rules/TC-1_Positive Case" classname="Test Cases/Eligibility TSA Rules/TC-1_Positive Case" status="PASSED">
            <system-out>2019-08-07 16:51:59 - [TEST_CASE][PASSED] - Test Cases/Eligibility TSA Rules/TC-1_Positive Case: Test Cases/Eligibility TSA Rules/TC-1_Positive Case&#xD;
&#xD;
2019-08-07 16:51:59 - [TEST_STEP][PASSED] - response = sendRequest(findTestObject("AlterationScoringRuleApps/PositiveCase", ["URL":URL, "transactionType":"Major", "alterType":"Increasing Risk", "role":"LA1", "occupation":"MARK", "vendorName":"DMC", ... ])): Send request successfully&#xD;
&#xD;
2019-08-07 16:52:00 - [MESSAGE][INFO] - HAR: C:\SURYAPURBA\PHS\PHS-BRMS\Reports\test\20190807_164859\requests\main\28.har&#xD;
&#xD;
2019-08-07 16:52:00 - [MESSAGE][PASSED] - Send request successfully&#xD;
&#xD;
2019-08-07 16:52:00 - [TEST_STEP][PASSED] - verifyElementPropertyValue(response, "request.alterationScoring[0].response.eligibityTsa", true): Verify element property value successfully&#xD;
&#xD;
2019-08-07 16:52:00 - [MESSAGE][PASSED] - Verify element property value successfully&#xD;
&#xD;
2019-08-07 16:52:00 - [TEST_STEP][PASSED] - verifyResponseStatusCode(response, 200): Verify response status code successfully&#xD;
&#xD;
2019-08-07 16:52:00 - [MESSAGE][PASSED] - Verify response status code successfully&#xD;
&#xD;
2019-08-07 16:52:00 - [TEST_STEP][PASSED] - Start listener action : sampleAfterTestCase: null</system-out>
            <system-err></system-err>
        </testcase>
        <testcase name="Test Cases/Eligibility TSA Rules/TC-1_Positive Case" classname="Test Cases/Eligibility TSA Rules/TC-1_Positive Case" status="PASSED">
            <system-out>2019-08-07 16:52:00 - [TEST_CASE][PASSED] - Test Cases/Eligibility TSA Rules/TC-1_Positive Case: Test Cases/Eligibility TSA Rules/TC-1_Positive Case&#xD;
&#xD;
2019-08-07 16:52:00 - [TEST_STEP][PASSED] - response = sendRequest(findTestObject("AlterationScoringRuleApps/PositiveCase", ["URL":URL, "transactionType":"Major", "alterType":"Increasing Risk", "role":"LA1", "occupation":"MARK", "vendorName":"DMC", ... ])): Send request successfully&#xD;
&#xD;
2019-08-07 16:52:03 - [MESSAGE][INFO] - HAR: C:\SURYAPURBA\PHS\PHS-BRMS\Reports\test\20190807_164859\requests\main\29.har&#xD;
&#xD;
2019-08-07 16:52:03 - [MESSAGE][PASSED] - Send request successfully&#xD;
&#xD;
2019-08-07 16:52:03 - [TEST_STEP][PASSED] - verifyElementPropertyValue(response, "request.alterationScoring[0].response.eligibityTsa", true): Verify element property value successfully&#xD;
&#xD;
2019-08-07 16:52:03 - [MESSAGE][PASSED] - Verify element property value successfully&#xD;
&#xD;
2019-08-07 16:52:03 - [TEST_STEP][PASSED] - verifyResponseStatusCode(response, 200): Verify response status code successfully&#xD;
&#xD;
2019-08-07 16:52:03 - [MESSAGE][PASSED] - Verify response status code successfully&#xD;
&#xD;
2019-08-07 16:52:03 - [TEST_STEP][PASSED] - Start listener action : sampleAfterTestCase: null</system-out>
            <system-err></system-err>
        </testcase>
        <testcase name="Test Cases/Eligibility TSA Rules/TC-1_Positive Case" classname="Test Cases/Eligibility TSA Rules/TC-1_Positive Case" status="PASSED">
            <system-out>2019-08-07 16:52:03 - [TEST_CASE][PASSED] - Test Cases/Eligibility TSA Rules/TC-1_Positive Case: Test Cases/Eligibility TSA Rules/TC-1_Positive Case&#xD;
&#xD;
2019-08-07 16:52:03 - [TEST_STEP][PASSED] - response = sendRequest(findTestObject("AlterationScoringRuleApps/PositiveCase", ["URL":URL, "transactionType":"Major", "alterType":"Increasing Risk", "role":"LA1", "occupation":"MARK", "vendorName":"DMC", ... ])): Send request successfully&#xD;
&#xD;
2019-08-07 16:52:04 - [MESSAGE][INFO] - HAR: C:\SURYAPURBA\PHS\PHS-BRMS\Reports\test\20190807_164859\requests\main\30.har&#xD;
&#xD;
2019-08-07 16:52:04 - [MESSAGE][PASSED] - Send request successfully&#xD;
&#xD;
2019-08-07 16:52:04 - [TEST_STEP][PASSED] - verifyElementPropertyValue(response, "request.alterationScoring[0].response.eligibityTsa", true): Verify element property value successfully&#xD;
&#xD;
2019-08-07 16:52:04 - [MESSAGE][PASSED] - Verify element property value successfully&#xD;
&#xD;
2019-08-07 16:52:04 - [TEST_STEP][PASSED] - verifyResponseStatusCode(response, 200): Verify response status code successfully&#xD;
&#xD;
2019-08-07 16:52:04 - [MESSAGE][PASSED] - Verify response status code successfully&#xD;
&#xD;
2019-08-07 16:52:04 - [TEST_STEP][PASSED] - Start listener action : sampleAfterTestCase: null</system-out>
            <system-err></system-err>
        </testcase>
        <testcase name="Test Cases/Eligibility TSA Rules/TC-1_Positive Case" classname="Test Cases/Eligibility TSA Rules/TC-1_Positive Case" status="PASSED">
            <system-out>2019-08-07 16:52:04 - [TEST_CASE][PASSED] - Test Cases/Eligibility TSA Rules/TC-1_Positive Case: Test Cases/Eligibility TSA Rules/TC-1_Positive Case&#xD;
&#xD;
2019-08-07 16:52:04 - [TEST_STEP][PASSED] - response = sendRequest(findTestObject("AlterationScoringRuleApps/PositiveCase", ["URL":URL, "transactionType":"Major", "alterType":"Increasing Risk", "role":"LA1", "occupation":"MARK", "vendorName":"DMC", ... ])): Send request successfully&#xD;
&#xD;
2019-08-07 16:52:05 - [MESSAGE][INFO] - HAR: C:\SURYAPURBA\PHS\PHS-BRMS\Reports\test\20190807_164859\requests\main\31.har&#xD;
&#xD;
2019-08-07 16:52:05 - [MESSAGE][PASSED] - Send request successfully&#xD;
&#xD;
2019-08-07 16:52:05 - [TEST_STEP][PASSED] - verifyElementPropertyValue(response, "request.alterationScoring[0].response.eligibityTsa", true): Verify element property value successfully&#xD;
&#xD;
2019-08-07 16:52:05 - [MESSAGE][PASSED] - Verify element property value successfully&#xD;
&#xD;
2019-08-07 16:52:05 - [TEST_STEP][PASSED] - verifyResponseStatusCode(response, 200): Verify response status code successfully&#xD;
&#xD;
2019-08-07 16:52:05 - [MESSAGE][PASSED] - Verify response status code successfully&#xD;
&#xD;
2019-08-07 16:52:05 - [TEST_STEP][PASSED] - Start listener action : sampleAfterTestCase: null</system-out>
            <system-err></system-err>
        </testcase>
        <testcase name="Test Cases/Eligibility TSA Rules/TC-1_Positive Case" classname="Test Cases/Eligibility TSA Rules/TC-1_Positive Case" status="PASSED">
            <system-out>2019-08-07 16:52:05 - [TEST_CASE][PASSED] - Test Cases/Eligibility TSA Rules/TC-1_Positive Case: Test Cases/Eligibility TSA Rules/TC-1_Positive Case&#xD;
&#xD;
2019-08-07 16:52:05 - [TEST_STEP][PASSED] - response = sendRequest(findTestObject("AlterationScoringRuleApps/PositiveCase", ["URL":URL, "transactionType":"Major", "alterType":"Increasing Risk", "role":"LA1", "occupation":"MARK", "vendorName":"DMC", ... ])): Send request successfully&#xD;
&#xD;
2019-08-07 16:52:06 - [MESSAGE][INFO] - HAR: C:\SURYAPURBA\PHS\PHS-BRMS\Reports\test\20190807_164859\requests\main\32.har&#xD;
&#xD;
2019-08-07 16:52:06 - [MESSAGE][PASSED] - Send request successfully&#xD;
&#xD;
2019-08-07 16:52:06 - [TEST_STEP][PASSED] - verifyElementPropertyValue(response, "request.alterationScoring[0].response.eligibityTsa", true): Verify element property value successfully&#xD;
&#xD;
2019-08-07 16:52:07 - [MESSAGE][PASSED] - Verify element property value successfully&#xD;
&#xD;
2019-08-07 16:52:07 - [TEST_STEP][PASSED] - verifyResponseStatusCode(response, 200): Verify response status code successfully&#xD;
&#xD;
2019-08-07 16:52:07 - [MESSAGE][PASSED] - Verify response status code successfully&#xD;
&#xD;
2019-08-07 16:52:07 - [TEST_STEP][PASSED] - Start listener action : sampleAfterTestCase: null</system-out>
            <system-err></system-err>
        </testcase>
        <testcase name="Test Cases/Eligibility TSA Rules/TC-1_Positive Case" classname="Test Cases/Eligibility TSA Rules/TC-1_Positive Case" status="PASSED">
            <system-out>2019-08-07 16:52:07 - [TEST_CASE][PASSED] - Test Cases/Eligibility TSA Rules/TC-1_Positive Case: Test Cases/Eligibility TSA Rules/TC-1_Positive Case&#xD;
&#xD;
2019-08-07 16:52:07 - [TEST_STEP][PASSED] - response = sendRequest(findTestObject("AlterationScoringRuleApps/PositiveCase", ["URL":URL, "transactionType":"Major", "alterType":"Increasing Risk", "role":"LA1", "occupation":"MARK", "vendorName":"DMC", ... ])): Send request successfully&#xD;
&#xD;
2019-08-07 16:52:17 - [MESSAGE][INFO] - HAR: C:\SURYAPURBA\PHS\PHS-BRMS\Reports\test\20190807_164859\requests\main\33.har&#xD;
&#xD;
2019-08-07 16:52:17 - [MESSAGE][PASSED] - Send request successfully&#xD;
&#xD;
2019-08-07 16:52:17 - [TEST_STEP][PASSED] - verifyElementPropertyValue(response, "request.alterationScoring[0].response.eligibityTsa", true): Verify element property value successfully&#xD;
&#xD;
2019-08-07 16:52:17 - [MESSAGE][PASSED] - Verify element property value successfully&#xD;
&#xD;
2019-08-07 16:52:17 - [TEST_STEP][PASSED] - verifyResponseStatusCode(response, 200): Verify response status code successfully&#xD;
&#xD;
2019-08-07 16:52:17 - [MESSAGE][PASSED] - Verify response status code successfully&#xD;
&#xD;
2019-08-07 16:52:17 - [TEST_STEP][PASSED] - Start listener action : sampleAfterTestCase: null</system-out>
            <system-err></system-err>
        </testcase>
        <testcase name="Test Cases/Eligibility TSA Rules/TC-1_Positive Case" classname="Test Cases/Eligibility TSA Rules/TC-1_Positive Case" status="PASSED">
            <system-out>2019-08-07 16:52:17 - [TEST_CASE][PASSED] - Test Cases/Eligibility TSA Rules/TC-1_Positive Case: Test Cases/Eligibility TSA Rules/TC-1_Positive Case&#xD;
&#xD;
2019-08-07 16:52:17 - [TEST_STEP][PASSED] - response = sendRequest(findTestObject("AlterationScoringRuleApps/PositiveCase", ["URL":URL, "transactionType":"Major", "alterType":"Increasing Risk", "role":"LA1", "occupation":"MARK", "vendorName":"DMC", ... ])): Send request successfully&#xD;
&#xD;
2019-08-07 16:52:18 - [MESSAGE][INFO] - HAR: C:\SURYAPURBA\PHS\PHS-BRMS\Reports\test\20190807_164859\requests\main\34.har&#xD;
&#xD;
2019-08-07 16:52:18 - [MESSAGE][PASSED] - Send request successfully&#xD;
&#xD;
2019-08-07 16:52:18 - [TEST_STEP][PASSED] - verifyElementPropertyValue(response, "request.alterationScoring[0].response.eligibityTsa", true): Verify element property value successfully&#xD;
&#xD;
2019-08-07 16:52:18 - [MESSAGE][PASSED] - Verify element property value successfully&#xD;
&#xD;
2019-08-07 16:52:18 - [TEST_STEP][PASSED] - verifyResponseStatusCode(response, 200): Verify response status code successfully&#xD;
&#xD;
2019-08-07 16:52:18 - [MESSAGE][PASSED] - Verify response status code successfully&#xD;
&#xD;
2019-08-07 16:52:18 - [TEST_STEP][PASSED] - Start listener action : sampleAfterTestCase: null</system-out>
            <system-err></system-err>
        </testcase>
        <testcase name="Test Cases/Eligibility TSA Rules/TC-1_Positive Case" classname="Test Cases/Eligibility TSA Rules/TC-1_Positive Case" status="PASSED">
            <system-out>2019-08-07 16:52:18 - [TEST_CASE][PASSED] - Test Cases/Eligibility TSA Rules/TC-1_Positive Case: Test Cases/Eligibility TSA Rules/TC-1_Positive Case&#xD;
&#xD;
2019-08-07 16:52:18 - [TEST_STEP][PASSED] - response = sendRequest(findTestObject("AlterationScoringRuleApps/PositiveCase", ["URL":URL, "transactionType":"Major", "alterType":"Increasing Risk", "role":"LA1", "occupation":"MARK", "vendorName":"DMC", ... ])): Send request successfully&#xD;
&#xD;
2019-08-07 16:52:22 - [MESSAGE][INFO] - HAR: C:\SURYAPURBA\PHS\PHS-BRMS\Reports\test\20190807_164859\requests\main\35.har&#xD;
&#xD;
2019-08-07 16:52:22 - [MESSAGE][PASSED] - Send request successfully&#xD;
&#xD;
2019-08-07 16:52:22 - [TEST_STEP][PASSED] - verifyElementPropertyValue(response, "request.alterationScoring[0].response.eligibityTsa", true): Verify element property value successfully&#xD;
&#xD;
2019-08-07 16:52:22 - [MESSAGE][PASSED] - Verify element property value successfully&#xD;
&#xD;
2019-08-07 16:52:22 - [TEST_STEP][PASSED] - verifyResponseStatusCode(response, 200): Verify response status code successfully&#xD;
&#xD;
2019-08-07 16:52:22 - [MESSAGE][PASSED] - Verify response status code successfully&#xD;
&#xD;
2019-08-07 16:52:22 - [TEST_STEP][PASSED] - Start listener action : sampleAfterTestCase: null</system-out>
            <system-err></system-err>
        </testcase>
        <testcase name="Test Cases/Eligibility TSA Rules/TC-1_Positive Case" classname="Test Cases/Eligibility TSA Rules/TC-1_Positive Case" status="PASSED">
            <system-out>2019-08-07 16:52:22 - [TEST_CASE][PASSED] - Test Cases/Eligibility TSA Rules/TC-1_Positive Case: Test Cases/Eligibility TSA Rules/TC-1_Positive Case&#xD;
&#xD;
2019-08-07 16:52:22 - [TEST_STEP][PASSED] - response = sendRequest(findTestObject("AlterationScoringRuleApps/PositiveCase", ["URL":URL, "transactionType":"Major", "alterType":"Increasing Risk", "role":"LA1", "occupation":"MARK", "vendorName":"DMC", ... ])): Send request successfully&#xD;
&#xD;
2019-08-07 16:52:24 - [MESSAGE][INFO] - HAR: C:\SURYAPURBA\PHS\PHS-BRMS\Reports\test\20190807_164859\requests\main\36.har&#xD;
&#xD;
2019-08-07 16:52:24 - [MESSAGE][PASSED] - Send request successfully&#xD;
&#xD;
2019-08-07 16:52:24 - [TEST_STEP][PASSED] - verifyElementPropertyValue(response, "request.alterationScoring[0].response.eligibityTsa", true): Verify element property value successfully&#xD;
&#xD;
2019-08-07 16:52:24 - [MESSAGE][PASSED] - Verify element property value successfully&#xD;
&#xD;
2019-08-07 16:52:24 - [TEST_STEP][PASSED] - verifyResponseStatusCode(response, 200): Verify response status code successfully&#xD;
&#xD;
2019-08-07 16:52:24 - [MESSAGE][PASSED] - Verify response status code successfully&#xD;
&#xD;
2019-08-07 16:52:24 - [TEST_STEP][PASSED] - Start listener action : sampleAfterTestCase: null</system-out>
            <system-err></system-err>
        </testcase>
        <testcase name="Test Cases/Eligibility TSA Rules/TC-1_Positive Case" classname="Test Cases/Eligibility TSA Rules/TC-1_Positive Case" status="PASSED">
            <system-out>2019-08-07 16:52:24 - [TEST_CASE][PASSED] - Test Cases/Eligibility TSA Rules/TC-1_Positive Case: Test Cases/Eligibility TSA Rules/TC-1_Positive Case&#xD;
&#xD;
2019-08-07 16:52:24 - [TEST_STEP][PASSED] - response = sendRequest(findTestObject("AlterationScoringRuleApps/PositiveCase", ["URL":URL, "transactionType":"Major", "alterType":"Increasing Risk", "role":"LA1", "occupation":"MARK", "vendorName":"DMC", ... ])): Send request successfully&#xD;
&#xD;
2019-08-07 16:52:25 - [MESSAGE][INFO] - HAR: C:\SURYAPURBA\PHS\PHS-BRMS\Reports\test\20190807_164859\requests\main\37.har&#xD;
&#xD;
2019-08-07 16:52:25 - [MESSAGE][PASSED] - Send request successfully&#xD;
&#xD;
2019-08-07 16:52:25 - [TEST_STEP][PASSED] - verifyElementPropertyValue(response, "request.alterationScoring[0].response.eligibityTsa", true): Verify element property value successfully&#xD;
&#xD;
2019-08-07 16:52:25 - [MESSAGE][PASSED] - Verify element property value successfully&#xD;
&#xD;
2019-08-07 16:52:25 - [TEST_STEP][PASSED] - verifyResponseStatusCode(response, 200): Verify response status code successfully&#xD;
&#xD;
2019-08-07 16:52:25 - [MESSAGE][PASSED] - Verify response status code successfully&#xD;
&#xD;
2019-08-07 16:52:25 - [TEST_STEP][PASSED] - Start listener action : sampleAfterTestCase: null</system-out>
            <system-err></system-err>
        </testcase>
        <testcase name="Test Cases/Eligibility TSA Rules/TC-1_Positive Case" classname="Test Cases/Eligibility TSA Rules/TC-1_Positive Case" status="PASSED">
            <system-out>2019-08-07 16:52:25 - [TEST_CASE][PASSED] - Test Cases/Eligibility TSA Rules/TC-1_Positive Case: Test Cases/Eligibility TSA Rules/TC-1_Positive Case&#xD;
&#xD;
2019-08-07 16:52:25 - [TEST_STEP][PASSED] - response = sendRequest(findTestObject("AlterationScoringRuleApps/PositiveCase", ["URL":URL, "transactionType":"Major", "alterType":"Increasing Risk", "role":"LA1", "occupation":"MARK", "vendorName":"DMC", ... ])): Send request successfully&#xD;
&#xD;
2019-08-07 16:52:30 - [MESSAGE][INFO] - HAR: C:\SURYAPURBA\PHS\PHS-BRMS\Reports\test\20190807_164859\requests\main\38.har&#xD;
&#xD;
2019-08-07 16:52:30 - [MESSAGE][PASSED] - Send request successfully&#xD;
&#xD;
2019-08-07 16:52:30 - [TEST_STEP][PASSED] - verifyElementPropertyValue(response, "request.alterationScoring[0].response.eligibityTsa", true): Verify element property value successfully&#xD;
&#xD;
2019-08-07 16:52:30 - [MESSAGE][PASSED] - Verify element property value successfully&#xD;
&#xD;
2019-08-07 16:52:30 - [TEST_STEP][PASSED] - verifyResponseStatusCode(response, 200): Verify response status code successfully&#xD;
&#xD;
2019-08-07 16:52:30 - [MESSAGE][PASSED] - Verify response status code successfully&#xD;
&#xD;
2019-08-07 16:52:30 - [TEST_STEP][PASSED] - Start listener action : sampleAfterTestCase: null</system-out>
            <system-err></system-err>
        </testcase>
        <testcase name="Test Cases/Eligibility TSA Rules/TC-1_Positive Case" classname="Test Cases/Eligibility TSA Rules/TC-1_Positive Case" status="PASSED">
            <system-out>2019-08-07 16:52:30 - [TEST_CASE][PASSED] - Test Cases/Eligibility TSA Rules/TC-1_Positive Case: Test Cases/Eligibility TSA Rules/TC-1_Positive Case&#xD;
&#xD;
2019-08-07 16:52:30 - [TEST_STEP][PASSED] - response = sendRequest(findTestObject("AlterationScoringRuleApps/PositiveCase", ["URL":URL, "transactionType":"Major", "alterType":"Increasing Risk", "role":"LA1", "occupation":"MARK", "vendorName":"DMC", ... ])): Send request successfully&#xD;
&#xD;
2019-08-07 16:52:43 - [MESSAGE][INFO] - HAR: C:\SURYAPURBA\PHS\PHS-BRMS\Reports\test\20190807_164859\requests\main\39.har&#xD;
&#xD;
2019-08-07 16:52:43 - [MESSAGE][PASSED] - Send request successfully&#xD;
&#xD;
2019-08-07 16:52:43 - [TEST_STEP][PASSED] - verifyElementPropertyValue(response, "request.alterationScoring[0].response.eligibityTsa", true): Verify element property value successfully&#xD;
&#xD;
2019-08-07 16:52:43 - [MESSAGE][PASSED] - Verify element property value successfully&#xD;
&#xD;
2019-08-07 16:52:43 - [TEST_STEP][PASSED] - verifyResponseStatusCode(response, 200): Verify response status code successfully&#xD;
&#xD;
2019-08-07 16:52:43 - [MESSAGE][PASSED] - Verify response status code successfully&#xD;
&#xD;
2019-08-07 16:52:43 - [TEST_STEP][PASSED] - Start listener action : sampleAfterTestCase: null</system-out>
            <system-err></system-err>
        </testcase>
        <testcase name="Test Cases/Eligibility TSA Rules/TC-1_Positive Case" classname="Test Cases/Eligibility TSA Rules/TC-1_Positive Case" status="PASSED">
            <system-out>2019-08-07 16:52:43 - [TEST_CASE][PASSED] - Test Cases/Eligibility TSA Rules/TC-1_Positive Case: Test Cases/Eligibility TSA Rules/TC-1_Positive Case&#xD;
&#xD;
2019-08-07 16:52:43 - [TEST_STEP][PASSED] - response = sendRequest(findTestObject("AlterationScoringRuleApps/PositiveCase", ["URL":URL, "transactionType":"Major", "alterType":"Increasing Risk", "role":"LA1", "occupation":"MARK", "vendorName":"DMC", ... ])): Send request successfully&#xD;
&#xD;
2019-08-07 16:52:49 - [MESSAGE][INFO] - HAR: C:\SURYAPURBA\PHS\PHS-BRMS\Reports\test\20190807_164859\requests\main\40.har&#xD;
&#xD;
2019-08-07 16:52:49 - [MESSAGE][PASSED] - Send request successfully&#xD;
&#xD;
2019-08-07 16:52:49 - [TEST_STEP][PASSED] - verifyElementPropertyValue(response, "request.alterationScoring[0].response.eligibityTsa", true): Verify element property value successfully&#xD;
&#xD;
2019-08-07 16:52:49 - [MESSAGE][PASSED] - Verify element property value successfully&#xD;
&#xD;
2019-08-07 16:52:49 - [TEST_STEP][PASSED] - verifyResponseStatusCode(response, 200): Verify response status code successfully&#xD;
&#xD;
2019-08-07 16:52:49 - [MESSAGE][PASSED] - Verify response status code successfully&#xD;
&#xD;
2019-08-07 16:52:49 - [TEST_STEP][PASSED] - Start listener action : sampleAfterTestCase: null</system-out>
            <system-err></system-err>
        </testcase>
        <testcase name="Test Cases/Eligibility TSA Rules/TC-1_Positive Case" classname="Test Cases/Eligibility TSA Rules/TC-1_Positive Case" status="PASSED">
            <system-out>2019-08-07 16:52:49 - [TEST_CASE][PASSED] - Test Cases/Eligibility TSA Rules/TC-1_Positive Case: Test Cases/Eligibility TSA Rules/TC-1_Positive Case&#xD;
&#xD;
2019-08-07 16:52:49 - [TEST_STEP][PASSED] - response = sendRequest(findTestObject("AlterationScoringRuleApps/PositiveCase", ["URL":URL, "transactionType":"Major", "alterType":"Increasing Risk", "role":"LA1", "occupation":"MARK", "vendorName":"DMC", ... ])): Send request successfully&#xD;
&#xD;
2019-08-07 16:52:50 - [MESSAGE][INFO] - HAR: C:\SURYAPURBA\PHS\PHS-BRMS\Reports\test\20190807_164859\requests\main\41.har&#xD;
&#xD;
2019-08-07 16:52:50 - [MESSAGE][PASSED] - Send request successfully&#xD;
&#xD;
2019-08-07 16:52:50 - [TEST_STEP][PASSED] - verifyElementPropertyValue(response, "request.alterationScoring[0].response.eligibityTsa", true): Verify element property value successfully&#xD;
&#xD;
2019-08-07 16:52:50 - [MESSAGE][PASSED] - Verify element property value successfully&#xD;
&#xD;
2019-08-07 16:52:50 - [TEST_STEP][PASSED] - verifyResponseStatusCode(response, 200): Verify response status code successfully&#xD;
&#xD;
2019-08-07 16:52:50 - [MESSAGE][PASSED] - Verify response status code successfully&#xD;
&#xD;
2019-08-07 16:52:50 - [TEST_STEP][PASSED] - Start listener action : sampleAfterTestCase: null</system-out>
            <system-err></system-err>
        </testcase>
        <testcase name="Test Cases/Eligibility TSA Rules/TC-1_Positive Case" classname="Test Cases/Eligibility TSA Rules/TC-1_Positive Case" status="PASSED">
            <system-out>2019-08-07 16:52:50 - [TEST_CASE][PASSED] - Test Cases/Eligibility TSA Rules/TC-1_Positive Case: Test Cases/Eligibility TSA Rules/TC-1_Positive Case&#xD;
&#xD;
2019-08-07 16:52:50 - [TEST_STEP][PASSED] - response = sendRequest(findTestObject("AlterationScoringRuleApps/PositiveCase", ["URL":URL, "transactionType":"Major", "alterType":"Increasing Risk", "role":"LA1", "occupation":"MARK", "vendorName":"DMC", ... ])): Send request successfully&#xD;
&#xD;
2019-08-07 16:52:51 - [MESSAGE][INFO] - HAR: C:\SURYAPURBA\PHS\PHS-BRMS\Reports\test\20190807_164859\requests\main\42.har&#xD;
&#xD;
2019-08-07 16:52:51 - [MESSAGE][PASSED] - Send request successfully&#xD;
&#xD;
2019-08-07 16:52:51 - [TEST_STEP][PASSED] - verifyElementPropertyValue(response, "request.alterationScoring[0].response.eligibityTsa", true): Verify element property value successfully&#xD;
&#xD;
2019-08-07 16:52:51 - [MESSAGE][PASSED] - Verify element property value successfully&#xD;
&#xD;
2019-08-07 16:52:51 - [TEST_STEP][PASSED] - verifyResponseStatusCode(response, 200): Verify response status code successfully&#xD;
&#xD;
2019-08-07 16:52:51 - [MESSAGE][PASSED] - Verify response status code successfully&#xD;
&#xD;
2019-08-07 16:52:51 - [TEST_STEP][PASSED] - Start listener action : sampleAfterTestCase: null</system-out>
            <system-err></system-err>
        </testcase>
        <testcase name="Test Cases/Eligibility TSA Rules/TC-1_Positive Case" classname="Test Cases/Eligibility TSA Rules/TC-1_Positive Case" status="PASSED">
            <system-out>2019-08-07 16:52:51 - [TEST_CASE][PASSED] - Test Cases/Eligibility TSA Rules/TC-1_Positive Case: Test Cases/Eligibility TSA Rules/TC-1_Positive Case&#xD;
&#xD;
2019-08-07 16:52:51 - [TEST_STEP][PASSED] - response = sendRequest(findTestObject("AlterationScoringRuleApps/PositiveCase", ["URL":URL, "transactionType":"Major", "alterType":"Increasing Risk", "role":"LA1", "occupation":"MARK", "vendorName":"DMC", ... ])): Send request successfully&#xD;
&#xD;
2019-08-07 16:52:53 - [MESSAGE][INFO] - HAR: C:\SURYAPURBA\PHS\PHS-BRMS\Reports\test\20190807_164859\requests\main\43.har&#xD;
&#xD;
2019-08-07 16:52:53 - [MESSAGE][PASSED] - Send request successfully&#xD;
&#xD;
2019-08-07 16:52:53 - [TEST_STEP][PASSED] - verifyElementPropertyValue(response, "request.alterationScoring[0].response.eligibityTsa", true): Verify element property value successfully&#xD;
&#xD;
2019-08-07 16:52:53 - [MESSAGE][PASSED] - Verify element property value successfully&#xD;
&#xD;
2019-08-07 16:52:53 - [TEST_STEP][PASSED] - verifyResponseStatusCode(response, 200): Verify response status code successfully&#xD;
&#xD;
2019-08-07 16:52:53 - [MESSAGE][PASSED] - Verify response status code successfully&#xD;
&#xD;
2019-08-07 16:52:53 - [TEST_STEP][PASSED] - Start listener action : sampleAfterTestCase: null</system-out>
            <system-err></system-err>
        </testcase>
        <testcase name="Test Cases/Eligibility TSA Rules/TC-1_Positive Case" classname="Test Cases/Eligibility TSA Rules/TC-1_Positive Case" status="PASSED">
            <system-out>2019-08-07 16:52:53 - [TEST_CASE][PASSED] - Test Cases/Eligibility TSA Rules/TC-1_Positive Case: Test Cases/Eligibility TSA Rules/TC-1_Positive Case&#xD;
&#xD;
2019-08-07 16:52:53 - [TEST_STEP][PASSED] - response = sendRequest(findTestObject("AlterationScoringRuleApps/PositiveCase", ["URL":URL, "transactionType":"Major", "alterType":"Increasing Risk", "role":"LA1", "occupation":"MARK", "vendorName":"DMC", ... ])): Send request successfully&#xD;
&#xD;
2019-08-07 16:52:55 - [MESSAGE][INFO] - HAR: C:\SURYAPURBA\PHS\PHS-BRMS\Reports\test\20190807_164859\requests\main\44.har&#xD;
&#xD;
2019-08-07 16:52:55 - [MESSAGE][PASSED] - Send request successfully&#xD;
&#xD;
2019-08-07 16:52:55 - [TEST_STEP][PASSED] - verifyElementPropertyValue(response, "request.alterationScoring[0].response.eligibityTsa", true): Verify element property value successfully&#xD;
&#xD;
2019-08-07 16:52:55 - [MESSAGE][PASSED] - Verify element property value successfully&#xD;
&#xD;
2019-08-07 16:52:55 - [TEST_STEP][PASSED] - verifyResponseStatusCode(response, 200): Verify response status code successfully&#xD;
&#xD;
2019-08-07 16:52:55 - [MESSAGE][PASSED] - Verify response status code successfully&#xD;
&#xD;
2019-08-07 16:52:55 - [TEST_STEP][PASSED] - Start listener action : sampleAfterTestCase: null</system-out>
            <system-err></system-err>
        </testcase>
        <testcase name="Test Cases/Eligibility TSA Rules/TC-1_Positive Case" classname="Test Cases/Eligibility TSA Rules/TC-1_Positive Case" status="PASSED">
            <system-out>2019-08-07 16:52:56 - [TEST_CASE][PASSED] - Test Cases/Eligibility TSA Rules/TC-1_Positive Case: Test Cases/Eligibility TSA Rules/TC-1_Positive Case&#xD;
&#xD;
2019-08-07 16:52:56 - [TEST_STEP][PASSED] - response = sendRequest(findTestObject("AlterationScoringRuleApps/PositiveCase", ["URL":URL, "transactionType":"Major", "alterType":"Increasing Risk", "role":"LA1", "occupation":"MARK", "vendorName":"DMC", ... ])): Send request successfully&#xD;
&#xD;
2019-08-07 16:52:56 - [MESSAGE][INFO] - HAR: C:\SURYAPURBA\PHS\PHS-BRMS\Reports\test\20190807_164859\requests\main\45.har&#xD;
&#xD;
2019-08-07 16:52:56 - [MESSAGE][PASSED] - Send request successfully&#xD;
&#xD;
2019-08-07 16:52:56 - [TEST_STEP][PASSED] - verifyElementPropertyValue(response, "request.alterationScoring[0].response.eligibityTsa", true): Verify element property value successfully&#xD;
&#xD;
2019-08-07 16:52:56 - [MESSAGE][PASSED] - Verify element property value successfully&#xD;
&#xD;
2019-08-07 16:52:56 - [TEST_STEP][PASSED] - verifyResponseStatusCode(response, 200): Verify response status code successfully&#xD;
&#xD;
2019-08-07 16:52:56 - [MESSAGE][PASSED] - Verify response status code successfully&#xD;
&#xD;
2019-08-07 16:52:56 - [TEST_STEP][PASSED] - Start listener action : sampleAfterTestCase: null</system-out>
            <system-err></system-err>
        </testcase>
        <testcase name="Test Cases/Eligibility TSA Rules/TC-1_Positive Case" classname="Test Cases/Eligibility TSA Rules/TC-1_Positive Case" status="PASSED">
            <system-out>2019-08-07 16:52:56 - [TEST_CASE][PASSED] - Test Cases/Eligibility TSA Rules/TC-1_Positive Case: Test Cases/Eligibility TSA Rules/TC-1_Positive Case&#xD;
&#xD;
2019-08-07 16:52:56 - [TEST_STEP][PASSED] - response = sendRequest(findTestObject("AlterationScoringRuleApps/PositiveCase", ["URL":URL, "transactionType":"Major", "alterType":"Increasing Risk", "role":"LA1", "occupation":"MARK", "vendorName":"DMC", ... ])): Send request successfully&#xD;
&#xD;
2019-08-07 16:52:57 - [MESSAGE][INFO] - HAR: C:\SURYAPURBA\PHS\PHS-BRMS\Reports\test\20190807_164859\requests\main\46.har&#xD;
&#xD;
2019-08-07 16:52:57 - [MESSAGE][PASSED] - Send request successfully&#xD;
&#xD;
2019-08-07 16:52:57 - [TEST_STEP][PASSED] - verifyElementPropertyValue(response, "request.alterationScoring[0].response.eligibityTsa", true): Verify element property value successfully&#xD;
&#xD;
2019-08-07 16:52:57 - [MESSAGE][PASSED] - Verify element property value successfully&#xD;
&#xD;
2019-08-07 16:52:57 - [TEST_STEP][PASSED] - verifyResponseStatusCode(response, 200): Verify response status code successfully&#xD;
&#xD;
2019-08-07 16:52:57 - [MESSAGE][PASSED] - Verify response status code successfully&#xD;
&#xD;
2019-08-07 16:52:57 - [TEST_STEP][PASSED] - Start listener action : sampleAfterTestCase: null</system-out>
            <system-err></system-err>
        </testcase>
        <testcase name="Test Cases/Eligibility TSA Rules/TC-1_Positive Case" classname="Test Cases/Eligibility TSA Rules/TC-1_Positive Case" status="PASSED">
            <system-out>2019-08-07 16:52:57 - [TEST_CASE][PASSED] - Test Cases/Eligibility TSA Rules/TC-1_Positive Case: Test Cases/Eligibility TSA Rules/TC-1_Positive Case&#xD;
&#xD;
2019-08-07 16:52:57 - [TEST_STEP][PASSED] - response = sendRequest(findTestObject("AlterationScoringRuleApps/PositiveCase", ["URL":URL, "transactionType":"Major", "alterType":"Increasing Risk", "role":"LA1", "occupation":"MARK", "vendorName":"DMC", ... ])): Send request successfully&#xD;
&#xD;
2019-08-07 16:52:59 - [MESSAGE][INFO] - HAR: C:\SURYAPURBA\PHS\PHS-BRMS\Reports\test\20190807_164859\requests\main\47.har&#xD;
&#xD;
2019-08-07 16:52:59 - [MESSAGE][PASSED] - Send request successfully&#xD;
&#xD;
2019-08-07 16:52:59 - [TEST_STEP][PASSED] - verifyElementPropertyValue(response, "request.alterationScoring[0].response.eligibityTsa", true): Verify element property value successfully&#xD;
&#xD;
2019-08-07 16:52:59 - [MESSAGE][PASSED] - Verify element property value successfully&#xD;
&#xD;
2019-08-07 16:52:59 - [TEST_STEP][PASSED] - verifyResponseStatusCode(response, 200): Verify response status code successfully&#xD;
&#xD;
2019-08-07 16:52:59 - [MESSAGE][PASSED] - Verify response status code successfully&#xD;
&#xD;
2019-08-07 16:52:59 - [TEST_STEP][PASSED] - Start listener action : sampleAfterTestCase: null</system-out>
            <system-err></system-err>
        </testcase>
        <testcase name="Test Cases/Eligibility TSA Rules/TC-1_Positive Case" classname="Test Cases/Eligibility TSA Rules/TC-1_Positive Case" status="PASSED">
            <system-out>2019-08-07 16:52:59 - [TEST_CASE][PASSED] - Test Cases/Eligibility TSA Rules/TC-1_Positive Case: Test Cases/Eligibility TSA Rules/TC-1_Positive Case&#xD;
&#xD;
2019-08-07 16:52:59 - [TEST_STEP][PASSED] - response = sendRequest(findTestObject("AlterationScoringRuleApps/PositiveCase", ["URL":URL, "transactionType":"Major", "alterType":"Increasing Risk", "role":"LA1", "occupation":"MARK", "vendorName":"DMC", ... ])): Send request successfully&#xD;
&#xD;
2019-08-07 16:53:00 - [MESSAGE][INFO] - HAR: C:\SURYAPURBA\PHS\PHS-BRMS\Reports\test\20190807_164859\requests\main\48.har&#xD;
&#xD;
2019-08-07 16:53:00 - [MESSAGE][PASSED] - Send request successfully&#xD;
&#xD;
2019-08-07 16:53:00 - [TEST_STEP][PASSED] - verifyElementPropertyValue(response, "request.alterationScoring[0].response.eligibityTsa", true): Verify element property value successfully&#xD;
&#xD;
2019-08-07 16:53:00 - [MESSAGE][PASSED] - Verify element property value successfully&#xD;
&#xD;
2019-08-07 16:53:00 - [TEST_STEP][PASSED] - verifyResponseStatusCode(response, 200): Verify response status code successfully&#xD;
&#xD;
2019-08-07 16:53:00 - [MESSAGE][PASSED] - Verify response status code successfully&#xD;
&#xD;
2019-08-07 16:53:00 - [TEST_STEP][PASSED] - Start listener action : sampleAfterTestCase: null</system-out>
            <system-err></system-err>
        </testcase>
        <testcase name="Test Cases/Eligibility TSA Rules/TC-1_Positive Case" classname="Test Cases/Eligibility TSA Rules/TC-1_Positive Case" status="PASSED">
            <system-out>2019-08-07 16:53:00 - [TEST_CASE][PASSED] - Test Cases/Eligibility TSA Rules/TC-1_Positive Case: Test Cases/Eligibility TSA Rules/TC-1_Positive Case&#xD;
&#xD;
2019-08-07 16:53:00 - [TEST_STEP][PASSED] - response = sendRequest(findTestObject("AlterationScoringRuleApps/PositiveCase", ["URL":URL, "transactionType":"Major", "alterType":"Increasing Risk", "role":"LA1", "occupation":"MARK", "vendorName":"DMC", ... ])): Send request successfully&#xD;
&#xD;
2019-08-07 16:53:02 - [MESSAGE][INFO] - HAR: C:\SURYAPURBA\PHS\PHS-BRMS\Reports\test\20190807_164859\requests\main\49.har&#xD;
&#xD;
2019-08-07 16:53:02 - [MESSAGE][PASSED] - Send request successfully&#xD;
&#xD;
2019-08-07 16:53:02 - [TEST_STEP][PASSED] - verifyElementPropertyValue(response, "request.alterationScoring[0].response.eligibityTsa", true): Verify element property value successfully&#xD;
&#xD;
2019-08-07 16:53:02 - [MESSAGE][PASSED] - Verify element property value successfully&#xD;
&#xD;
2019-08-07 16:53:02 - [TEST_STEP][PASSED] - verifyResponseStatusCode(response, 200): Verify response status code successfully&#xD;
&#xD;
2019-08-07 16:53:02 - [MESSAGE][PASSED] - Verify response status code successfully&#xD;
&#xD;
2019-08-07 16:53:02 - [TEST_STEP][PASSED] - Start listener action : sampleAfterTestCase: null</system-out>
            <system-err></system-err>
        </testcase>
        <testcase name="Test Cases/Eligibility TSA Rules/TC-1_Positive Case" classname="Test Cases/Eligibility TSA Rules/TC-1_Positive Case" status="PASSED">
            <system-out>2019-08-07 16:53:02 - [TEST_CASE][PASSED] - Test Cases/Eligibility TSA Rules/TC-1_Positive Case: Test Cases/Eligibility TSA Rules/TC-1_Positive Case&#xD;
&#xD;
2019-08-07 16:53:02 - [TEST_STEP][PASSED] - response = sendRequest(findTestObject("AlterationScoringRuleApps/PositiveCase", ["URL":URL, "transactionType":"Major", "alterType":"Increasing Risk", "role":"LA1", "occupation":"MARK", "vendorName":"DMC", ... ])): Send request successfully&#xD;
&#xD;
2019-08-07 16:53:04 - [MESSAGE][INFO] - HAR: C:\SURYAPURBA\PHS\PHS-BRMS\Reports\test\20190807_164859\requests\main\50.har&#xD;
&#xD;
2019-08-07 16:53:04 - [MESSAGE][PASSED] - Send request successfully&#xD;
&#xD;
2019-08-07 16:53:04 - [TEST_STEP][PASSED] - verifyElementPropertyValue(response, "request.alterationScoring[0].response.eligibityTsa", true): Verify element property value successfully&#xD;
&#xD;
2019-08-07 16:53:04 - [MESSAGE][PASSED] - Verify element property value successfully&#xD;
&#xD;
2019-08-07 16:53:04 - [TEST_STEP][PASSED] - verifyResponseStatusCode(response, 200): Verify response status code successfully&#xD;
&#xD;
2019-08-07 16:53:04 - [MESSAGE][PASSED] - Verify response status code successfully&#xD;
&#xD;
2019-08-07 16:53:04 - [TEST_STEP][PASSED] - Start listener action : sampleAfterTestCase: null</system-out>
            <system-err></system-err>
        </testcase>
        <testcase name="Test Cases/Eligibility TSA Rules/TC-1_Positive Case" classname="Test Cases/Eligibility TSA Rules/TC-1_Positive Case" status="PASSED">
            <system-out>2019-08-07 16:53:04 - [TEST_CASE][PASSED] - Test Cases/Eligibility TSA Rules/TC-1_Positive Case: Test Cases/Eligibility TSA Rules/TC-1_Positive Case&#xD;
&#xD;
2019-08-07 16:53:04 - [TEST_STEP][PASSED] - response = sendRequest(findTestObject("AlterationScoringRuleApps/PositiveCase", ["URL":URL, "transactionType":"Major", "alterType":"Increasing Risk", "role":"LA1", "occupation":"MARK", "vendorName":"DMC", ... ])): Send request successfully&#xD;
&#xD;
2019-08-07 16:53:05 - [MESSAGE][INFO] - HAR: C:\SURYAPURBA\PHS\PHS-BRMS\Reports\test\20190807_164859\requests\main\51.har&#xD;
&#xD;
2019-08-07 16:53:05 - [MESSAGE][PASSED] - Send request successfully&#xD;
&#xD;
2019-08-07 16:53:05 - [TEST_STEP][PASSED] - verifyElementPropertyValue(response, "request.alterationScoring[0].response.eligibityTsa", true): Verify element property value successfully&#xD;
&#xD;
2019-08-07 16:53:05 - [MESSAGE][PASSED] - Verify element property value successfully&#xD;
&#xD;
2019-08-07 16:53:05 - [TEST_STEP][PASSED] - verifyResponseStatusCode(response, 200): Verify response status code successfully&#xD;
&#xD;
2019-08-07 16:53:05 - [MESSAGE][PASSED] - Verify response status code successfully&#xD;
&#xD;
2019-08-07 16:53:05 - [TEST_STEP][PASSED] - Start listener action : sampleAfterTestCase: null</system-out>
            <system-err></system-err>
        </testcase>
        <testcase name="Test Cases/Eligibility TSA Rules/TC-1_Positive Case" classname="Test Cases/Eligibility TSA Rules/TC-1_Positive Case" status="PASSED">
            <system-out>2019-08-07 16:53:05 - [TEST_CASE][PASSED] - Test Cases/Eligibility TSA Rules/TC-1_Positive Case: Test Cases/Eligibility TSA Rules/TC-1_Positive Case&#xD;
&#xD;
2019-08-07 16:53:05 - [TEST_STEP][PASSED] - response = sendRequest(findTestObject("AlterationScoringRuleApps/PositiveCase", ["URL":URL, "transactionType":"Major", "alterType":"Increasing Risk", "role":"LA1", "occupation":"MARK", "vendorName":"DMC", ... ])): Send request successfully&#xD;
&#xD;
2019-08-07 16:53:05 - [MESSAGE][INFO] - HAR: C:\SURYAPURBA\PHS\PHS-BRMS\Reports\test\20190807_164859\requests\main\52.har&#xD;
&#xD;
2019-08-07 16:53:05 - [MESSAGE][PASSED] - Send request successfully&#xD;
&#xD;
2019-08-07 16:53:05 - [TEST_STEP][PASSED] - verifyElementPropertyValue(response, "request.alterationScoring[0].response.eligibityTsa", true): Verify element property value successfully&#xD;
&#xD;
2019-08-07 16:53:05 - [MESSAGE][PASSED] - Verify element property value successfully&#xD;
&#xD;
2019-08-07 16:53:05 - [TEST_STEP][PASSED] - verifyResponseStatusCode(response, 200): Verify response status code successfully&#xD;
&#xD;
2019-08-07 16:53:05 - [MESSAGE][PASSED] - Verify response status code successfully&#xD;
&#xD;
2019-08-07 16:53:05 - [TEST_STEP][PASSED] - Start listener action : sampleAfterTestCase: null</system-out>
            <system-err></system-err>
        </testcase>
        <testcase name="Test Cases/Eligibility TSA Rules/TC-1_Positive Case" classname="Test Cases/Eligibility TSA Rules/TC-1_Positive Case" status="PASSED">
            <system-out>2019-08-07 16:53:05 - [TEST_CASE][PASSED] - Test Cases/Eligibility TSA Rules/TC-1_Positive Case: Test Cases/Eligibility TSA Rules/TC-1_Positive Case&#xD;
&#xD;
2019-08-07 16:53:05 - [TEST_STEP][PASSED] - response = sendRequest(findTestObject("AlterationScoringRuleApps/PositiveCase", ["URL":URL, "transactionType":"Major", "alterType":"Increasing Risk", "role":"LA1", "occupation":"MARK", "vendorName":"DMC", ... ])): Send request successfully&#xD;
&#xD;
2019-08-07 16:53:06 - [MESSAGE][INFO] - HAR: C:\SURYAPURBA\PHS\PHS-BRMS\Reports\test\20190807_164859\requests\main\53.har&#xD;
&#xD;
2019-08-07 16:53:06 - [MESSAGE][PASSED] - Send request successfully&#xD;
&#xD;
2019-08-07 16:53:06 - [TEST_STEP][PASSED] - verifyElementPropertyValue(response, "request.alterationScoring[0].response.eligibityTsa", true): Verify element property value successfully&#xD;
&#xD;
2019-08-07 16:53:06 - [MESSAGE][PASSED] - Verify element property value successfully&#xD;
&#xD;
2019-08-07 16:53:06 - [TEST_STEP][PASSED] - verifyResponseStatusCode(response, 200): Verify response status code successfully&#xD;
&#xD;
2019-08-07 16:53:06 - [MESSAGE][PASSED] - Verify response status code successfully&#xD;
&#xD;
2019-08-07 16:53:06 - [TEST_STEP][PASSED] - Start listener action : sampleAfterTestCase: null</system-out>
            <system-err></system-err>
        </testcase>
        <testcase name="Test Cases/Eligibility TSA Rules/TC-1_Positive Case" classname="Test Cases/Eligibility TSA Rules/TC-1_Positive Case" status="PASSED">
            <system-out>2019-08-07 16:53:06 - [TEST_CASE][PASSED] - Test Cases/Eligibility TSA Rules/TC-1_Positive Case: Test Cases/Eligibility TSA Rules/TC-1_Positive Case&#xD;
&#xD;
2019-08-07 16:53:07 - [TEST_STEP][PASSED] - response = sendRequest(findTestObject("AlterationScoringRuleApps/PositiveCase", ["URL":URL, "transactionType":"Major", "alterType":"Increasing Risk", "role":"LA1", "occupation":"MARK", "vendorName":"DMC", ... ])): Send request successfully&#xD;
&#xD;
2019-08-07 16:53:10 - [MESSAGE][INFO] - HAR: C:\SURYAPURBA\PHS\PHS-BRMS\Reports\test\20190807_164859\requests\main\54.har&#xD;
&#xD;
2019-08-07 16:53:10 - [MESSAGE][PASSED] - Send request successfully&#xD;
&#xD;
2019-08-07 16:53:10 - [TEST_STEP][PASSED] - verifyElementPropertyValue(response, "request.alterationScoring[0].response.eligibityTsa", true): Verify element property value successfully&#xD;
&#xD;
2019-08-07 16:53:10 - [MESSAGE][PASSED] - Verify element property value successfully&#xD;
&#xD;
2019-08-07 16:53:10 - [TEST_STEP][PASSED] - verifyResponseStatusCode(response, 200): Verify response status code successfully&#xD;
&#xD;
2019-08-07 16:53:10 - [MESSAGE][PASSED] - Verify response status code successfully&#xD;
&#xD;
2019-08-07 16:53:10 - [TEST_STEP][PASSED] - Start listener action : sampleAfterTestCase: null</system-out>
            <system-err></system-err>
        </testcase>
        <testcase name="Test Cases/Eligibility TSA Rules/TC-1_Positive Case" classname="Test Cases/Eligibility TSA Rules/TC-1_Positive Case" status="PASSED">
            <system-out>2019-08-07 16:53:10 - [TEST_CASE][PASSED] - Test Cases/Eligibility TSA Rules/TC-1_Positive Case: Test Cases/Eligibility TSA Rules/TC-1_Positive Case&#xD;
&#xD;
2019-08-07 16:53:10 - [TEST_STEP][PASSED] - response = sendRequest(findTestObject("AlterationScoringRuleApps/PositiveCase", ["URL":URL, "transactionType":"Major", "alterType":"Increasing Risk", "role":"LA1", "occupation":"MARK", "vendorName":"DMC", ... ])): Send request successfully&#xD;
&#xD;
2019-08-07 16:53:10 - [MESSAGE][INFO] - HAR: C:\SURYAPURBA\PHS\PHS-BRMS\Reports\test\20190807_164859\requests\main\55.har&#xD;
&#xD;
2019-08-07 16:53:10 - [MESSAGE][PASSED] - Send request successfully&#xD;
&#xD;
2019-08-07 16:53:10 - [TEST_STEP][PASSED] - verifyElementPropertyValue(response, "request.alterationScoring[0].response.eligibityTsa", true): Verify element property value successfully&#xD;
&#xD;
2019-08-07 16:53:10 - [MESSAGE][PASSED] - Verify element property value successfully&#xD;
&#xD;
2019-08-07 16:53:10 - [TEST_STEP][PASSED] - verifyResponseStatusCode(response, 200): Verify response status code successfully&#xD;
&#xD;
2019-08-07 16:53:10 - [MESSAGE][PASSED] - Verify response status code successfully&#xD;
&#xD;
2019-08-07 16:53:10 - [TEST_STEP][PASSED] - Start listener action : sampleAfterTestCase: null</system-out>
            <system-err></system-err>
        </testcase>
        <testcase name="Test Cases/Eligibility TSA Rules/TC-1_Positive Case" classname="Test Cases/Eligibility TSA Rules/TC-1_Positive Case" status="PASSED">
            <system-out>2019-08-07 16:53:10 - [TEST_CASE][PASSED] - Test Cases/Eligibility TSA Rules/TC-1_Positive Case: Test Cases/Eligibility TSA Rules/TC-1_Positive Case&#xD;
&#xD;
2019-08-07 16:53:10 - [TEST_STEP][PASSED] - response = sendRequest(findTestObject("AlterationScoringRuleApps/PositiveCase", ["URL":URL, "transactionType":"Major", "alterType":"Increasing Risk", "role":"LA1", "occupation":"MARK", "vendorName":"DMC", ... ])): Send request successfully&#xD;
&#xD;
2019-08-07 16:53:11 - [MESSAGE][INFO] - HAR: C:\SURYAPURBA\PHS\PHS-BRMS\Reports\test\20190807_164859\requests\main\56.har&#xD;
&#xD;
2019-08-07 16:53:11 - [MESSAGE][PASSED] - Send request successfully&#xD;
&#xD;
2019-08-07 16:53:11 - [TEST_STEP][PASSED] - verifyElementPropertyValue(response, "request.alterationScoring[0].response.eligibityTsa", true): Verify element property value successfully&#xD;
&#xD;
2019-08-07 16:53:11 - [MESSAGE][PASSED] - Verify element property value successfully&#xD;
&#xD;
2019-08-07 16:53:11 - [TEST_STEP][PASSED] - verifyResponseStatusCode(response, 200): Verify response status code successfully&#xD;
&#xD;
2019-08-07 16:53:11 - [MESSAGE][PASSED] - Verify response status code successfully&#xD;
&#xD;
2019-08-07 16:53:11 - [TEST_STEP][PASSED] - Start listener action : sampleAfterTestCase: null</system-out>
            <system-err></system-err>
        </testcase>
        <testcase name="Test Cases/Eligibility TSA Rules/TC-1_Positive Case" classname="Test Cases/Eligibility TSA Rules/TC-1_Positive Case" status="PASSED">
            <system-out>2019-08-07 16:53:11 - [TEST_CASE][PASSED] - Test Cases/Eligibility TSA Rules/TC-1_Positive Case: Test Cases/Eligibility TSA Rules/TC-1_Positive Case&#xD;
&#xD;
2019-08-07 16:53:11 - [TEST_STEP][PASSED] - response = sendRequest(findTestObject("AlterationScoringRuleApps/PositiveCase", ["URL":URL, "transactionType":"Major", "alterType":"Increasing Risk", "role":"LA1", "occupation":"MARK", "vendorName":"DMC", ... ])): Send request successfully&#xD;
&#xD;
2019-08-07 16:53:11 - [MESSAGE][INFO] - HAR: C:\SURYAPURBA\PHS\PHS-BRMS\Reports\test\20190807_164859\requests\main\57.har&#xD;
&#xD;
2019-08-07 16:53:11 - [MESSAGE][PASSED] - Send request successfully&#xD;
&#xD;
2019-08-07 16:53:11 - [TEST_STEP][PASSED] - verifyElementPropertyValue(response, "request.alterationScoring[0].response.eligibityTsa", true): Verify element property value successfully&#xD;
&#xD;
2019-08-07 16:53:11 - [MESSAGE][PASSED] - Verify element property value successfully&#xD;
&#xD;
2019-08-07 16:53:11 - [TEST_STEP][PASSED] - verifyResponseStatusCode(response, 200): Verify response status code successfully&#xD;
&#xD;
2019-08-07 16:53:11 - [MESSAGE][PASSED] - Verify response status code successfully&#xD;
&#xD;
2019-08-07 16:53:11 - [TEST_STEP][PASSED] - Start listener action : sampleAfterTestCase: null</system-out>
            <system-err></system-err>
        </testcase>
        <testcase name="Test Cases/Eligibility TSA Rules/TC-1_Positive Case" classname="Test Cases/Eligibility TSA Rules/TC-1_Positive Case" status="PASSED">
            <system-out>2019-08-07 16:53:11 - [TEST_CASE][PASSED] - Test Cases/Eligibility TSA Rules/TC-1_Positive Case: Test Cases/Eligibility TSA Rules/TC-1_Positive Case&#xD;
&#xD;
2019-08-07 16:53:11 - [TEST_STEP][PASSED] - response = sendRequest(findTestObject("AlterationScoringRuleApps/PositiveCase", ["URL":URL, "transactionType":"Major", "alterType":"Increasing Risk", "role":"LA1", "occupation":"MARK", "vendorName":"DMC", ... ])): Send request successfully&#xD;
&#xD;
2019-08-07 16:53:11 - [MESSAGE][INFO] - HAR: C:\SURYAPURBA\PHS\PHS-BRMS\Reports\test\20190807_164859\requests\main\58.har&#xD;
&#xD;
2019-08-07 16:53:11 - [MESSAGE][PASSED] - Send request successfully&#xD;
&#xD;
2019-08-07 16:53:11 - [TEST_STEP][PASSED] - verifyElementPropertyValue(response, "request.alterationScoring[0].response.eligibityTsa", true): Verify element property value successfully&#xD;
&#xD;
2019-08-07 16:53:11 - [MESSAGE][PASSED] - Verify element property value successfully&#xD;
&#xD;
2019-08-07 16:53:11 - [TEST_STEP][PASSED] - verifyResponseStatusCode(response, 200): Verify response status code successfully&#xD;
&#xD;
2019-08-07 16:53:11 - [MESSAGE][PASSED] - Verify response status code successfully&#xD;
&#xD;
2019-08-07 16:53:11 - [TEST_STEP][PASSED] - Start listener action : sampleAfterTestCase: null</system-out>
            <system-err></system-err>
        </testcase>
        <testcase name="Test Cases/Eligibility TSA Rules/TC-1_Positive Case" classname="Test Cases/Eligibility TSA Rules/TC-1_Positive Case" status="PASSED">
            <system-out>2019-08-07 16:53:11 - [TEST_CASE][PASSED] - Test Cases/Eligibility TSA Rules/TC-1_Positive Case: Test Cases/Eligibility TSA Rules/TC-1_Positive Case&#xD;
&#xD;
2019-08-07 16:53:12 - [TEST_STEP][PASSED] - response = sendRequest(findTestObject("AlterationScoringRuleApps/PositiveCase", ["URL":URL, "transactionType":"Major", "alterType":"Increasing Risk", "role":"LA1", "occupation":"MARK", "vendorName":"DMC", ... ])): Send request successfully&#xD;
&#xD;
2019-08-07 16:53:12 - [MESSAGE][INFO] - HAR: C:\SURYAPURBA\PHS\PHS-BRMS\Reports\test\20190807_164859\requests\main\59.har&#xD;
&#xD;
2019-08-07 16:53:12 - [MESSAGE][PASSED] - Send request successfully&#xD;
&#xD;
2019-08-07 16:53:12 - [TEST_STEP][PASSED] - verifyElementPropertyValue(response, "request.alterationScoring[0].response.eligibityTsa", true): Verify element property value successfully&#xD;
&#xD;
2019-08-07 16:53:12 - [MESSAGE][PASSED] - Verify element property value successfully&#xD;
&#xD;
2019-08-07 16:53:12 - [TEST_STEP][PASSED] - verifyResponseStatusCode(response, 200): Verify response status code successfully&#xD;
&#xD;
2019-08-07 16:53:12 - [MESSAGE][PASSED] - Verify response status code successfully&#xD;
&#xD;
2019-08-07 16:53:12 - [TEST_STEP][PASSED] - Start listener action : sampleAfterTestCase: null</system-out>
            <system-err></system-err>
        </testcase>
        <testcase name="Test Cases/Eligibility TSA Rules/TC-1_Positive Case" classname="Test Cases/Eligibility TSA Rules/TC-1_Positive Case" status="PASSED">
            <system-out>2019-08-07 16:53:12 - [TEST_CASE][PASSED] - Test Cases/Eligibility TSA Rules/TC-1_Positive Case: Test Cases/Eligibility TSA Rules/TC-1_Positive Case&#xD;
&#xD;
2019-08-07 16:53:12 - [TEST_STEP][PASSED] - response = sendRequest(findTestObject("AlterationScoringRuleApps/PositiveCase", ["URL":URL, "transactionType":"Major", "alterType":"Increasing Risk", "role":"LA1", "occupation":"MARK", "vendorName":"DMC", ... ])): Send request successfully&#xD;
&#xD;
2019-08-07 16:53:12 - [MESSAGE][INFO] - HAR: C:\SURYAPURBA\PHS\PHS-BRMS\Reports\test\20190807_164859\requests\main\60.har&#xD;
&#xD;
2019-08-07 16:53:12 - [MESSAGE][PASSED] - Send request successfully&#xD;
&#xD;
2019-08-07 16:53:12 - [TEST_STEP][PASSED] - verifyElementPropertyValue(response, "request.alterationScoring[0].response.eligibityTsa", true): Verify element property value successfully&#xD;
&#xD;
2019-08-07 16:53:12 - [MESSAGE][PASSED] - Verify element property value successfully&#xD;
&#xD;
2019-08-07 16:53:12 - [TEST_STEP][PASSED] - verifyResponseStatusCode(response, 200): Verify response status code successfully&#xD;
&#xD;
2019-08-07 16:53:12 - [MESSAGE][PASSED] - Verify response status code successfully&#xD;
&#xD;
2019-08-07 16:53:12 - [TEST_STEP][PASSED] - Start listener action : sampleAfterTestCase: null</system-out>
            <system-err></system-err>
        </testcase>
        <testcase name="Test Cases/Eligibility TSA Rules/TC-1_Positive Case" classname="Test Cases/Eligibility TSA Rules/TC-1_Positive Case" status="PASSED">
            <system-out>2019-08-07 16:53:12 - [TEST_CASE][PASSED] - Test Cases/Eligibility TSA Rules/TC-1_Positive Case: Test Cases/Eligibility TSA Rules/TC-1_Positive Case&#xD;
&#xD;
2019-08-07 16:53:12 - [TEST_STEP][PASSED] - response = sendRequest(findTestObject("AlterationScoringRuleApps/PositiveCase", ["URL":URL, "transactionType":"Major", "alterType":"Increasing Risk", "role":"LA1", "occupation":"MARK", "vendorName":"DMC", ... ])): Send request successfully&#xD;
&#xD;
2019-08-07 16:53:12 - [MESSAGE][INFO] - HAR: C:\SURYAPURBA\PHS\PHS-BRMS\Reports\test\20190807_164859\requests\main\61.har&#xD;
&#xD;
2019-08-07 16:53:12 - [MESSAGE][PASSED] - Send request successfully&#xD;
&#xD;
2019-08-07 16:53:12 - [TEST_STEP][PASSED] - verifyElementPropertyValue(response, "request.alterationScoring[0].response.eligibityTsa", true): Verify element property value successfully&#xD;
&#xD;
2019-08-07 16:53:12 - [MESSAGE][PASSED] - Verify element property value successfully&#xD;
&#xD;
2019-08-07 16:53:12 - [TEST_STEP][PASSED] - verifyResponseStatusCode(response, 200): Verify response status code successfully&#xD;
&#xD;
2019-08-07 16:53:12 - [MESSAGE][PASSED] - Verify response status code successfully&#xD;
&#xD;
2019-08-07 16:53:12 - [TEST_STEP][PASSED] - Start listener action : sampleAfterTestCase: null</system-out>
            <system-err></system-err>
        </testcase>
        <testcase name="Test Cases/Eligibility TSA Rules/TC-1_Positive Case" classname="Test Cases/Eligibility TSA Rules/TC-1_Positive Case" status="PASSED">
            <system-out>2019-08-07 16:53:13 - [TEST_CASE][PASSED] - Test Cases/Eligibility TSA Rules/TC-1_Positive Case: Test Cases/Eligibility TSA Rules/TC-1_Positive Case&#xD;
&#xD;
2019-08-07 16:53:13 - [TEST_STEP][PASSED] - response = sendRequest(findTestObject("AlterationScoringRuleApps/PositiveCase", ["URL":URL, "transactionType":"Major", "alterType":"Increasing Risk", "role":"LA1", "occupation":"MARK", "vendorName":"DMC", ... ])): Send request successfully&#xD;
&#xD;
2019-08-07 16:53:13 - [MESSAGE][INFO] - HAR: C:\SURYAPURBA\PHS\PHS-BRMS\Reports\test\20190807_164859\requests\main\62.har&#xD;
&#xD;
2019-08-07 16:53:13 - [MESSAGE][PASSED] - Send request successfully&#xD;
&#xD;
2019-08-07 16:53:13 - [TEST_STEP][PASSED] - verifyElementPropertyValue(response, "request.alterationScoring[0].response.eligibityTsa", true): Verify element property value successfully&#xD;
&#xD;
2019-08-07 16:53:13 - [MESSAGE][PASSED] - Verify element property value successfully&#xD;
&#xD;
2019-08-07 16:53:13 - [TEST_STEP][PASSED] - verifyResponseStatusCode(response, 200): Verify response status code successfully&#xD;
&#xD;
2019-08-07 16:53:13 - [MESSAGE][PASSED] - Verify response status code successfully&#xD;
&#xD;
2019-08-07 16:53:13 - [TEST_STEP][PASSED] - Start listener action : sampleAfterTestCase: null</system-out>
            <system-err></system-err>
        </testcase>
        <testcase name="Test Cases/Eligibility TSA Rules/TC-1_Positive Case" classname="Test Cases/Eligibility TSA Rules/TC-1_Positive Case" status="PASSED">
            <system-out>2019-08-07 16:53:13 - [TEST_CASE][PASSED] - Test Cases/Eligibility TSA Rules/TC-1_Positive Case: Test Cases/Eligibility TSA Rules/TC-1_Positive Case&#xD;
&#xD;
2019-08-07 16:53:13 - [TEST_STEP][PASSED] - response = sendRequest(findTestObject("AlterationScoringRuleApps/PositiveCase", ["URL":URL, "transactionType":"Major", "alterType":"Increasing Risk", "role":"LA1", "occupation":"MARK", "vendorName":"DMC", ... ])): Send request successfully&#xD;
&#xD;
2019-08-07 16:53:13 - [MESSAGE][INFO] - HAR: C:\SURYAPURBA\PHS\PHS-BRMS\Reports\test\20190807_164859\requests\main\63.har&#xD;
&#xD;
2019-08-07 16:53:13 - [MESSAGE][PASSED] - Send request successfully&#xD;
&#xD;
2019-08-07 16:53:13 - [TEST_STEP][PASSED] - verifyElementPropertyValue(response, "request.alterationScoring[0].response.eligibityTsa", true): Verify element property value successfully&#xD;
&#xD;
2019-08-07 16:53:13 - [MESSAGE][PASSED] - Verify element property value successfully&#xD;
&#xD;
2019-08-07 16:53:13 - [TEST_STEP][PASSED] - verifyResponseStatusCode(response, 200): Verify response status code successfully&#xD;
&#xD;
2019-08-07 16:53:13 - [MESSAGE][PASSED] - Verify response status code successfully&#xD;
&#xD;
2019-08-07 16:53:13 - [TEST_STEP][PASSED] - Start listener action : sampleAfterTestCase: null</system-out>
            <system-err></system-err>
        </testcase>
        <testcase name="Test Cases/Eligibility TSA Rules/TC-1_Positive Case" classname="Test Cases/Eligibility TSA Rules/TC-1_Positive Case" status="PASSED">
            <system-out>2019-08-07 16:53:13 - [TEST_CASE][PASSED] - Test Cases/Eligibility TSA Rules/TC-1_Positive Case: Test Cases/Eligibility TSA Rules/TC-1_Positive Case&#xD;
&#xD;
2019-08-07 16:53:13 - [TEST_STEP][PASSED] - response = sendRequest(findTestObject("AlterationScoringRuleApps/PositiveCase", ["URL":URL, "transactionType":"Major", "alterType":"Increasing Risk", "role":"LA1", "occupation":"MARK", "vendorName":"DMC", ... ])): Send request successfully&#xD;
&#xD;
2019-08-07 16:53:13 - [MESSAGE][INFO] - HAR: C:\SURYAPURBA\PHS\PHS-BRMS\Reports\test\20190807_164859\requests\main\64.har&#xD;
&#xD;
2019-08-07 16:53:13 - [MESSAGE][PASSED] - Send request successfully&#xD;
&#xD;
2019-08-07 16:53:13 - [TEST_STEP][PASSED] - verifyElementPropertyValue(response, "request.alterationScoring[0].response.eligibityTsa", true): Verify element property value successfully&#xD;
&#xD;
2019-08-07 16:53:13 - [MESSAGE][PASSED] - Verify element property value successfully&#xD;
&#xD;
2019-08-07 16:53:13 - [TEST_STEP][PASSED] - verifyResponseStatusCode(response, 200): Verify response status code successfully&#xD;
&#xD;
2019-08-07 16:53:14 - [MESSAGE][PASSED] - Verify response status code successfully&#xD;
&#xD;
2019-08-07 16:53:14 - [TEST_STEP][PASSED] - Start listener action : sampleAfterTestCase: null</system-out>
            <system-err></system-err>
        </testcase>
        <testcase name="Test Cases/Eligibility TSA Rules/TC-1_Positive Case" classname="Test Cases/Eligibility TSA Rules/TC-1_Positive Case" status="PASSED">
            <system-out>2019-08-07 16:53:14 - [TEST_CASE][PASSED] - Test Cases/Eligibility TSA Rules/TC-1_Positive Case: Test Cases/Eligibility TSA Rules/TC-1_Positive Case&#xD;
&#xD;
2019-08-07 16:53:14 - [TEST_STEP][PASSED] - response = sendRequest(findTestObject("AlterationScoringRuleApps/PositiveCase", ["URL":URL, "transactionType":"Major", "alterType":"Increasing Risk", "role":"LA1", "occupation":"MARK", "vendorName":"DMC", ... ])): Send request successfully&#xD;
&#xD;
2019-08-07 16:53:14 - [MESSAGE][INFO] - HAR: C:\SURYAPURBA\PHS\PHS-BRMS\Reports\test\20190807_164859\requests\main\65.har&#xD;
&#xD;
2019-08-07 16:53:14 - [MESSAGE][PASSED] - Send request successfully&#xD;
&#xD;
2019-08-07 16:53:14 - [TEST_STEP][PASSED] - verifyElementPropertyValue(response, "request.alterationScoring[0].response.eligibityTsa", true): Verify element property value successfully&#xD;
&#xD;
2019-08-07 16:53:14 - [MESSAGE][PASSED] - Verify element property value successfully&#xD;
&#xD;
2019-08-07 16:53:14 - [TEST_STEP][PASSED] - verifyResponseStatusCode(response, 200): Verify response status code successfully&#xD;
&#xD;
2019-08-07 16:53:14 - [MESSAGE][PASSED] - Verify response status code successfully&#xD;
&#xD;
2019-08-07 16:53:14 - [TEST_STEP][PASSED] - Start listener action : sampleAfterTestCase: null</system-out>
            <system-err></system-err>
        </testcase>
        <testcase name="Test Cases/Eligibility TSA Rules/TC-1_Positive Case" classname="Test Cases/Eligibility TSA Rules/TC-1_Positive Case" status="PASSED">
            <system-out>2019-08-07 16:53:14 - [TEST_CASE][PASSED] - Test Cases/Eligibility TSA Rules/TC-1_Positive Case: Test Cases/Eligibility TSA Rules/TC-1_Positive Case&#xD;
&#xD;
2019-08-07 16:53:14 - [TEST_STEP][PASSED] - response = sendRequest(findTestObject("AlterationScoringRuleApps/PositiveCase", ["URL":URL, "transactionType":"Major", "alterType":"Increasing Risk", "role":"LA1", "occupation":"MARK", "vendorName":"DMC", ... ])): Send request successfully&#xD;
&#xD;
2019-08-07 16:53:14 - [MESSAGE][INFO] - HAR: C:\SURYAPURBA\PHS\PHS-BRMS\Reports\test\20190807_164859\requests\main\66.har&#xD;
&#xD;
2019-08-07 16:53:14 - [MESSAGE][PASSED] - Send request successfully&#xD;
&#xD;
2019-08-07 16:53:14 - [TEST_STEP][PASSED] - verifyElementPropertyValue(response, "request.alterationScoring[0].response.eligibityTsa", true): Verify element property value successfully&#xD;
&#xD;
2019-08-07 16:53:14 - [MESSAGE][PASSED] - Verify element property value successfully&#xD;
&#xD;
2019-08-07 16:53:14 - [TEST_STEP][PASSED] - verifyResponseStatusCode(response, 200): Verify response status code successfully&#xD;
&#xD;
2019-08-07 16:53:14 - [MESSAGE][PASSED] - Verify response status code successfully&#xD;
&#xD;
2019-08-07 16:53:14 - [TEST_STEP][PASSED] - Start listener action : sampleAfterTestCase: null</system-out>
            <system-err></system-err>
        </testcase>
        <testcase name="Test Cases/Eligibility TSA Rules/TC-1_Positive Case" classname="Test Cases/Eligibility TSA Rules/TC-1_Positive Case" status="PASSED">
            <system-out>2019-08-07 16:53:14 - [TEST_CASE][PASSED] - Test Cases/Eligibility TSA Rules/TC-1_Positive Case: Test Cases/Eligibility TSA Rules/TC-1_Positive Case&#xD;
&#xD;
2019-08-07 16:53:14 - [TEST_STEP][PASSED] - response = sendRequest(findTestObject("AlterationScoringRuleApps/PositiveCase", ["URL":URL, "transactionType":"Major", "alterType":"Increasing Risk", "role":"LA1", "occupation":"MARK", "vendorName":"DMC", ... ])): Send request successfully&#xD;
&#xD;
2019-08-07 16:53:14 - [MESSAGE][INFO] - HAR: C:\SURYAPURBA\PHS\PHS-BRMS\Reports\test\20190807_164859\requests\main\67.har&#xD;
&#xD;
2019-08-07 16:53:14 - [MESSAGE][PASSED] - Send request successfully&#xD;
&#xD;
2019-08-07 16:53:14 - [TEST_STEP][PASSED] - verifyElementPropertyValue(response, "request.alterationScoring[0].response.eligibityTsa", true): Verify element property value successfully&#xD;
&#xD;
2019-08-07 16:53:14 - [MESSAGE][PASSED] - Verify element property value successfully&#xD;
&#xD;
2019-08-07 16:53:14 - [TEST_STEP][PASSED] - verifyResponseStatusCode(response, 200): Verify response status code successfully&#xD;
&#xD;
2019-08-07 16:53:14 - [MESSAGE][PASSED] - Verify response status code successfully&#xD;
&#xD;
2019-08-07 16:53:14 - [TEST_STEP][PASSED] - Start listener action : sampleAfterTestCase: null</system-out>
            <system-err></system-err>
        </testcase>
        <testcase name="Test Cases/Eligibility TSA Rules/TC-1_Positive Case" classname="Test Cases/Eligibility TSA Rules/TC-1_Positive Case" status="PASSED">
            <system-out>2019-08-07 16:53:14 - [TEST_CASE][PASSED] - Test Cases/Eligibility TSA Rules/TC-1_Positive Case: Test Cases/Eligibility TSA Rules/TC-1_Positive Case&#xD;
&#xD;
2019-08-07 16:53:14 - [TEST_STEP][PASSED] - response = sendRequest(findTestObject("AlterationScoringRuleApps/PositiveCase", ["URL":URL, "transactionType":"Major", "alterType":"Increasing Risk", "role":"LA1", "occupation":"MARK", "vendorName":"DMC", ... ])): Send request successfully&#xD;
&#xD;
2019-08-07 16:53:15 - [MESSAGE][INFO] - HAR: C:\SURYAPURBA\PHS\PHS-BRMS\Reports\test\20190807_164859\requests\main\68.har&#xD;
&#xD;
2019-08-07 16:53:15 - [MESSAGE][PASSED] - Send request successfully&#xD;
&#xD;
2019-08-07 16:53:15 - [TEST_STEP][PASSED] - verifyElementPropertyValue(response, "request.alterationScoring[0].response.eligibityTsa", true): Verify element property value successfully&#xD;
&#xD;
2019-08-07 16:53:15 - [MESSAGE][PASSED] - Verify element property value successfully&#xD;
&#xD;
2019-08-07 16:53:15 - [TEST_STEP][PASSED] - verifyResponseStatusCode(response, 200): Verify response status code successfully&#xD;
&#xD;
2019-08-07 16:53:15 - [MESSAGE][PASSED] - Verify response status code successfully&#xD;
&#xD;
2019-08-07 16:53:15 - [TEST_STEP][PASSED] - Start listener action : sampleAfterTestCase: null</system-out>
            <system-err></system-err>
        </testcase>
        <testcase name="Test Cases/Eligibility TSA Rules/TC-1_Positive Case" classname="Test Cases/Eligibility TSA Rules/TC-1_Positive Case" status="PASSED">
            <system-out>2019-08-07 16:53:15 - [TEST_CASE][PASSED] - Test Cases/Eligibility TSA Rules/TC-1_Positive Case: Test Cases/Eligibility TSA Rules/TC-1_Positive Case&#xD;
&#xD;
2019-08-07 16:53:15 - [TEST_STEP][PASSED] - response = sendRequest(findTestObject("AlterationScoringRuleApps/PositiveCase", ["URL":URL, "transactionType":"Major", "alterType":"Increasing Risk", "role":"LA1", "occupation":"MARK", "vendorName":"DMC", ... ])): Send request successfully&#xD;
&#xD;
2019-08-07 16:53:15 - [MESSAGE][INFO] - HAR: C:\SURYAPURBA\PHS\PHS-BRMS\Reports\test\20190807_164859\requests\main\69.har&#xD;
&#xD;
2019-08-07 16:53:15 - [MESSAGE][PASSED] - Send request successfully&#xD;
&#xD;
2019-08-07 16:53:15 - [TEST_STEP][PASSED] - verifyElementPropertyValue(response, "request.alterationScoring[0].response.eligibityTsa", true): Verify element property value successfully&#xD;
&#xD;
2019-08-07 16:53:15 - [MESSAGE][PASSED] - Verify element property value successfully&#xD;
&#xD;
2019-08-07 16:53:15 - [TEST_STEP][PASSED] - verifyResponseStatusCode(response, 200): Verify response status code successfully&#xD;
&#xD;
2019-08-07 16:53:15 - [MESSAGE][PASSED] - Verify response status code successfully&#xD;
&#xD;
2019-08-07 16:53:15 - [TEST_STEP][PASSED] - Start listener action : sampleAfterTestCase: null</system-out>
            <system-err></system-err>
        </testcase>
        <testcase name="Test Cases/Eligibility TSA Rules/TC-1_Positive Case" classname="Test Cases/Eligibility TSA Rules/TC-1_Positive Case" status="PASSED">
            <system-out>2019-08-07 16:53:15 - [TEST_CASE][PASSED] - Test Cases/Eligibility TSA Rules/TC-1_Positive Case: Test Cases/Eligibility TSA Rules/TC-1_Positive Case&#xD;
&#xD;
2019-08-07 16:53:16 - [TEST_STEP][PASSED] - response = sendRequest(findTestObject("AlterationScoringRuleApps/PositiveCase", ["URL":URL, "transactionType":"Major", "alterType":"Increasing Risk", "role":"LA1", "occupation":"MARK", "vendorName":"DMC", ... ])): Send request successfully&#xD;
&#xD;
2019-08-07 16:53:16 - [MESSAGE][INFO] - HAR: C:\SURYAPURBA\PHS\PHS-BRMS\Reports\test\20190807_164859\requests\main\70.har&#xD;
&#xD;
2019-08-07 16:53:16 - [MESSAGE][PASSED] - Send request successfully&#xD;
&#xD;
2019-08-07 16:53:16 - [TEST_STEP][PASSED] - verifyElementPropertyValue(response, "request.alterationScoring[0].response.eligibityTsa", true): Verify element property value successfully&#xD;
&#xD;
2019-08-07 16:53:16 - [MESSAGE][PASSED] - Verify element property value successfully&#xD;
&#xD;
2019-08-07 16:53:16 - [TEST_STEP][PASSED] - verifyResponseStatusCode(response, 200): Verify response status code successfully&#xD;
&#xD;
2019-08-07 16:53:16 - [MESSAGE][PASSED] - Verify response status code successfully&#xD;
&#xD;
2019-08-07 16:53:16 - [TEST_STEP][PASSED] - Start listener action : sampleAfterTestCase: null</system-out>
            <system-err></system-err>
        </testcase>
        <testcase name="Test Cases/Eligibility TSA Rules/TC-1_Positive Case" classname="Test Cases/Eligibility TSA Rules/TC-1_Positive Case" status="PASSED">
            <system-out>2019-08-07 16:53:16 - [TEST_CASE][PASSED] - Test Cases/Eligibility TSA Rules/TC-1_Positive Case: Test Cases/Eligibility TSA Rules/TC-1_Positive Case&#xD;
&#xD;
2019-08-07 16:53:16 - [TEST_STEP][PASSED] - response = sendRequest(findTestObject("AlterationScoringRuleApps/PositiveCase", ["URL":URL, "transactionType":"Major", "alterType":"Increasing Risk", "role":"LA1", "occupation":"MARK", "vendorName":"DMC", ... ])): Send request successfully&#xD;
&#xD;
2019-08-07 16:53:16 - [MESSAGE][INFO] - HAR: C:\SURYAPURBA\PHS\PHS-BRMS\Reports\test\20190807_164859\requests\main\71.har&#xD;
&#xD;
2019-08-07 16:53:16 - [MESSAGE][PASSED] - Send request successfully&#xD;
&#xD;
2019-08-07 16:53:16 - [TEST_STEP][PASSED] - verifyElementPropertyValue(response, "request.alterationScoring[0].response.eligibityTsa", true): Verify element property value successfully&#xD;
&#xD;
2019-08-07 16:53:16 - [MESSAGE][PASSED] - Verify element property value successfully&#xD;
&#xD;
2019-08-07 16:53:16 - [TEST_STEP][PASSED] - verifyResponseStatusCode(response, 200): Verify response status code successfully&#xD;
&#xD;
2019-08-07 16:53:16 - [MESSAGE][PASSED] - Verify response status code successfully&#xD;
&#xD;
2019-08-07 16:53:16 - [TEST_STEP][PASSED] - Start listener action : sampleAfterTestCase: null</system-out>
            <system-err></system-err>
        </testcase>
        <testcase name="Test Cases/Eligibility TSA Rules/TC-1_Positive Case" classname="Test Cases/Eligibility TSA Rules/TC-1_Positive Case" status="PASSED">
            <system-out>2019-08-07 16:53:16 - [TEST_CASE][PASSED] - Test Cases/Eligibility TSA Rules/TC-1_Positive Case: Test Cases/Eligibility TSA Rules/TC-1_Positive Case&#xD;
&#xD;
2019-08-07 16:53:16 - [TEST_STEP][PASSED] - response = sendRequest(findTestObject("AlterationScoringRuleApps/PositiveCase", ["URL":URL, "transactionType":"Major", "alterType":"Increasing Risk", "role":"LA1", "occupation":"MARK", "vendorName":"DMC", ... ])): Send request successfully&#xD;
&#xD;
2019-08-07 16:53:16 - [MESSAGE][INFO] - HAR: C:\SURYAPURBA\PHS\PHS-BRMS\Reports\test\20190807_164859\requests\main\72.har&#xD;
&#xD;
2019-08-07 16:53:16 - [MESSAGE][PASSED] - Send request successfully&#xD;
&#xD;
2019-08-07 16:53:16 - [TEST_STEP][PASSED] - verifyElementPropertyValue(response, "request.alterationScoring[0].response.eligibityTsa", true): Verify element property value successfully&#xD;
&#xD;
2019-08-07 16:53:16 - [MESSAGE][PASSED] - Verify element property value successfully&#xD;
&#xD;
2019-08-07 16:53:16 - [TEST_STEP][PASSED] - verifyResponseStatusCode(response, 200): Verify response status code successfully&#xD;
&#xD;
2019-08-07 16:53:16 - [MESSAGE][PASSED] - Verify response status code successfully&#xD;
&#xD;
2019-08-07 16:53:17 - [TEST_STEP][PASSED] - Start listener action : sampleAfterTestCase: null</system-out>
            <system-err></system-err>
        </testcase>
        <testcase name="Test Cases/Eligibility TSA Rules/TC-1_Positive Case" classname="Test Cases/Eligibility TSA Rules/TC-1_Positive Case" status="PASSED">
            <system-out>2019-08-07 16:53:17 - [TEST_CASE][PASSED] - Test Cases/Eligibility TSA Rules/TC-1_Positive Case: Test Cases/Eligibility TSA Rules/TC-1_Positive Case&#xD;
&#xD;
2019-08-07 16:53:17 - [TEST_STEP][PASSED] - response = sendRequest(findTestObject("AlterationScoringRuleApps/PositiveCase", ["URL":URL, "transactionType":"Major", "alterType":"Increasing Risk", "role":"LA1", "occupation":"MARK", "vendorName":"DMC", ... ])): Send request successfully&#xD;
&#xD;
2019-08-07 16:53:17 - [MESSAGE][INFO] - HAR: C:\SURYAPURBA\PHS\PHS-BRMS\Reports\test\20190807_164859\requests\main\73.har&#xD;
&#xD;
2019-08-07 16:53:17 - [MESSAGE][PASSED] - Send request successfully&#xD;
&#xD;
2019-08-07 16:53:17 - [TEST_STEP][PASSED] - verifyElementPropertyValue(response, "request.alterationScoring[0].response.eligibityTsa", true): Verify element property value successfully&#xD;
&#xD;
2019-08-07 16:53:17 - [MESSAGE][PASSED] - Verify element property value successfully&#xD;
&#xD;
2019-08-07 16:53:17 - [TEST_STEP][PASSED] - verifyResponseStatusCode(response, 200): Verify response status code successfully&#xD;
&#xD;
2019-08-07 16:53:17 - [MESSAGE][PASSED] - Verify response status code successfully&#xD;
&#xD;
2019-08-07 16:53:17 - [TEST_STEP][PASSED] - Start listener action : sampleAfterTestCase: null</system-out>
            <system-err></system-err>
        </testcase>
        <testcase name="Test Cases/Eligibility TSA Rules/TC-1_Positive Case" classname="Test Cases/Eligibility TSA Rules/TC-1_Positive Case" status="PASSED">
            <system-out>2019-08-07 16:53:17 - [TEST_CASE][PASSED] - Test Cases/Eligibility TSA Rules/TC-1_Positive Case: Test Cases/Eligibility TSA Rules/TC-1_Positive Case&#xD;
&#xD;
2019-08-07 16:53:17 - [TEST_STEP][PASSED] - response = sendRequest(findTestObject("AlterationScoringRuleApps/PositiveCase", ["URL":URL, "transactionType":"Major", "alterType":"Increasing Risk", "role":"LA1", "occupation":"MARK", "vendorName":"DMC", ... ])): Send request successfully&#xD;
&#xD;
2019-08-07 16:53:17 - [MESSAGE][INFO] - HAR: C:\SURYAPURBA\PHS\PHS-BRMS\Reports\test\20190807_164859\requests\main\74.har&#xD;
&#xD;
2019-08-07 16:53:17 - [MESSAGE][PASSED] - Send request successfully&#xD;
&#xD;
2019-08-07 16:53:17 - [TEST_STEP][PASSED] - verifyElementPropertyValue(response, "request.alterationScoring[0].response.eligibityTsa", true): Verify element property value successfully&#xD;
&#xD;
2019-08-07 16:53:17 - [MESSAGE][PASSED] - Verify element property value successfully&#xD;
&#xD;
2019-08-07 16:53:17 - [TEST_STEP][PASSED] - verifyResponseStatusCode(response, 200): Verify response status code successfully&#xD;
&#xD;
2019-08-07 16:53:17 - [MESSAGE][PASSED] - Verify response status code successfully&#xD;
&#xD;
2019-08-07 16:53:17 - [TEST_STEP][PASSED] - Start listener action : sampleAfterTestCase: null</system-out>
            <system-err></system-err>
        </testcase>
        <testcase name="Test Cases/Eligibility TSA Rules/TC-1_Positive Case" classname="Test Cases/Eligibility TSA Rules/TC-1_Positive Case" status="PASSED">
            <system-out>2019-08-07 16:53:17 - [TEST_CASE][PASSED] - Test Cases/Eligibility TSA Rules/TC-1_Positive Case: Test Cases/Eligibility TSA Rules/TC-1_Positive Case&#xD;
&#xD;
2019-08-07 16:53:17 - [TEST_STEP][PASSED] - response = sendRequest(findTestObject("AlterationScoringRuleApps/PositiveCase", ["URL":URL, "transactionType":"Major", "alterType":"Increasing Risk", "role":"LA1", "occupation":"MARK", "vendorName":"DMC", ... ])): Send request successfully&#xD;
&#xD;
2019-08-07 16:53:17 - [MESSAGE][INFO] - HAR: C:\SURYAPURBA\PHS\PHS-BRMS\Reports\test\20190807_164859\requests\main\75.har&#xD;
&#xD;
2019-08-07 16:53:17 - [MESSAGE][PASSED] - Send request successfully&#xD;
&#xD;
2019-08-07 16:53:17 - [TEST_STEP][PASSED] - verifyElementPropertyValue(response, "request.alterationScoring[0].response.eligibityTsa", true): Verify element property value successfully&#xD;
&#xD;
2019-08-07 16:53:18 - [MESSAGE][PASSED] - Verify element property value successfully&#xD;
&#xD;
2019-08-07 16:53:18 - [TEST_STEP][PASSED] - verifyResponseStatusCode(response, 200): Verify response status code successfully&#xD;
&#xD;
2019-08-07 16:53:18 - [MESSAGE][PASSED] - Verify response status code successfully&#xD;
&#xD;
2019-08-07 16:53:18 - [TEST_STEP][PASSED] - Start listener action : sampleAfterTestCase: null</system-out>
            <system-err></system-err>
        </testcase>
        <testcase name="Test Cases/Eligibility TSA Rules/TC-1_Positive Case" classname="Test Cases/Eligibility TSA Rules/TC-1_Positive Case" status="PASSED">
            <system-out>2019-08-07 16:53:18 - [TEST_CASE][PASSED] - Test Cases/Eligibility TSA Rules/TC-1_Positive Case: Test Cases/Eligibility TSA Rules/TC-1_Positive Case&#xD;
&#xD;
2019-08-07 16:53:18 - [TEST_STEP][PASSED] - response = sendRequest(findTestObject("AlterationScoringRuleApps/PositiveCase", ["URL":URL, "transactionType":"Major", "alterType":"Increasing Risk", "role":"LA1", "occupation":"MARK", "vendorName":"DMC", ... ])): Send request successfully&#xD;
&#xD;
2019-08-07 16:53:18 - [MESSAGE][INFO] - HAR: C:\SURYAPURBA\PHS\PHS-BRMS\Reports\test\20190807_164859\requests\main\76.har&#xD;
&#xD;
2019-08-07 16:53:18 - [MESSAGE][PASSED] - Send request successfully&#xD;
&#xD;
2019-08-07 16:53:18 - [TEST_STEP][PASSED] - verifyElementPropertyValue(response, "request.alterationScoring[0].response.eligibityTsa", true): Verify element property value successfully&#xD;
&#xD;
2019-08-07 16:53:18 - [MESSAGE][PASSED] - Verify element property value successfully&#xD;
&#xD;
2019-08-07 16:53:18 - [TEST_STEP][PASSED] - verifyResponseStatusCode(response, 200): Verify response status code successfully&#xD;
&#xD;
2019-08-07 16:53:18 - [MESSAGE][PASSED] - Verify response status code successfully&#xD;
&#xD;
2019-08-07 16:53:18 - [TEST_STEP][PASSED] - Start listener action : sampleAfterTestCase: null</system-out>
            <system-err></system-err>
        </testcase>
        <testcase name="Test Cases/Eligibility TSA Rules/TC-1_Positive Case" classname="Test Cases/Eligibility TSA Rules/TC-1_Positive Case" status="PASSED">
            <system-out>2019-08-07 16:53:18 - [TEST_CASE][PASSED] - Test Cases/Eligibility TSA Rules/TC-1_Positive Case: Test Cases/Eligibility TSA Rules/TC-1_Positive Case&#xD;
&#xD;
2019-08-07 16:53:18 - [TEST_STEP][PASSED] - response = sendRequest(findTestObject("AlterationScoringRuleApps/PositiveCase", ["URL":URL, "transactionType":"Major", "alterType":"Increasing Risk", "role":"LA1", "occupation":"MARK", "vendorName":"DMC", ... ])): Send request successfully&#xD;
&#xD;
2019-08-07 16:53:18 - [MESSAGE][INFO] - HAR: C:\SURYAPURBA\PHS\PHS-BRMS\Reports\test\20190807_164859\requests\main\77.har&#xD;
&#xD;
2019-08-07 16:53:18 - [MESSAGE][PASSED] - Send request successfully&#xD;
&#xD;
2019-08-07 16:53:18 - [TEST_STEP][PASSED] - verifyElementPropertyValue(response, "request.alterationScoring[0].response.eligibityTsa", true): Verify element property value successfully&#xD;
&#xD;
2019-08-07 16:53:18 - [MESSAGE][PASSED] - Verify element property value successfully&#xD;
&#xD;
2019-08-07 16:53:18 - [TEST_STEP][PASSED] - verifyResponseStatusCode(response, 200): Verify response status code successfully&#xD;
&#xD;
2019-08-07 16:53:18 - [MESSAGE][PASSED] - Verify response status code successfully&#xD;
&#xD;
2019-08-07 16:53:18 - [TEST_STEP][PASSED] - Start listener action : sampleAfterTestCase: null</system-out>
            <system-err></system-err>
        </testcase>
        <testcase name="Test Cases/Eligibility TSA Rules/TC-1_Positive Case" classname="Test Cases/Eligibility TSA Rules/TC-1_Positive Case" status="PASSED">
            <system-out>2019-08-07 16:53:18 - [TEST_CASE][PASSED] - Test Cases/Eligibility TSA Rules/TC-1_Positive Case: Test Cases/Eligibility TSA Rules/TC-1_Positive Case&#xD;
&#xD;
2019-08-07 16:53:19 - [TEST_STEP][PASSED] - response = sendRequest(findTestObject("AlterationScoringRuleApps/PositiveCase", ["URL":URL, "transactionType":"Major", "alterType":"Increasing Risk", "role":"LA1", "occupation":"MARK", "vendorName":"DMC", ... ])): Send request successfully&#xD;
&#xD;
2019-08-07 16:53:19 - [MESSAGE][INFO] - HAR: C:\SURYAPURBA\PHS\PHS-BRMS\Reports\test\20190807_164859\requests\main\78.har&#xD;
&#xD;
2019-08-07 16:53:19 - [MESSAGE][PASSED] - Send request successfully&#xD;
&#xD;
2019-08-07 16:53:19 - [TEST_STEP][PASSED] - verifyElementPropertyValue(response, "request.alterationScoring[0].response.eligibityTsa", true): Verify element property value successfully&#xD;
&#xD;
2019-08-07 16:53:19 - [MESSAGE][PASSED] - Verify element property value successfully&#xD;
&#xD;
2019-08-07 16:53:19 - [TEST_STEP][PASSED] - verifyResponseStatusCode(response, 200): Verify response status code successfully&#xD;
&#xD;
2019-08-07 16:53:19 - [MESSAGE][PASSED] - Verify response status code successfully&#xD;
&#xD;
2019-08-07 16:53:19 - [TEST_STEP][PASSED] - Start listener action : sampleAfterTestCase: null</system-out>
            <system-err></system-err>
        </testcase>
        <testcase name="Test Cases/Eligibility TSA Rules/TC-1_Positive Case" classname="Test Cases/Eligibility TSA Rules/TC-1_Positive Case" status="PASSED">
            <system-out>2019-08-07 16:53:19 - [TEST_CASE][PASSED] - Test Cases/Eligibility TSA Rules/TC-1_Positive Case: Test Cases/Eligibility TSA Rules/TC-1_Positive Case&#xD;
&#xD;
2019-08-07 16:53:19 - [TEST_STEP][PASSED] - response = sendRequest(findTestObject("AlterationScoringRuleApps/PositiveCase", ["URL":URL, "transactionType":"Major", "alterType":"Increasing Risk", "role":"LA1", "occupation":"MARK", "vendorName":"DMC", ... ])): Send request successfully&#xD;
&#xD;
2019-08-07 16:53:19 - [MESSAGE][INFO] - HAR: C:\SURYAPURBA\PHS\PHS-BRMS\Reports\test\20190807_164859\requests\main\79.har&#xD;
&#xD;
2019-08-07 16:53:19 - [MESSAGE][PASSED] - Send request successfully&#xD;
&#xD;
2019-08-07 16:53:19 - [TEST_STEP][PASSED] - verifyElementPropertyValue(response, "request.alterationScoring[0].response.eligibityTsa", true): Verify element property value successfully&#xD;
&#xD;
2019-08-07 16:53:19 - [MESSAGE][PASSED] - Verify element property value successfully&#xD;
&#xD;
2019-08-07 16:53:19 - [TEST_STEP][PASSED] - verifyResponseStatusCode(response, 200): Verify response status code successfully&#xD;
&#xD;
2019-08-07 16:53:19 - [MESSAGE][PASSED] - Verify response status code successfully&#xD;
&#xD;
2019-08-07 16:53:19 - [TEST_STEP][PASSED] - Start listener action : sampleAfterTestCase: null</system-out>
            <system-err></system-err>
        </testcase>
        <testcase name="Test Cases/Eligibility TSA Rules/TC-1_Positive Case" classname="Test Cases/Eligibility TSA Rules/TC-1_Positive Case" status="PASSED">
            <system-out>2019-08-07 16:53:19 - [TEST_CASE][PASSED] - Test Cases/Eligibility TSA Rules/TC-1_Positive Case: Test Cases/Eligibility TSA Rules/TC-1_Positive Case&#xD;
&#xD;
2019-08-07 16:53:20 - [TEST_STEP][PASSED] - response = sendRequest(findTestObject("AlterationScoringRuleApps/PositiveCase", ["URL":URL, "transactionType":"Major", "alterType":"Increasing Risk", "role":"LA1", "occupation":"MARK", "vendorName":"DMC", ... ])): Send request successfully&#xD;
&#xD;
2019-08-07 16:53:20 - [MESSAGE][INFO] - HAR: C:\SURYAPURBA\PHS\PHS-BRMS\Reports\test\20190807_164859\requests\main\80.har&#xD;
&#xD;
2019-08-07 16:53:20 - [MESSAGE][PASSED] - Send request successfully&#xD;
&#xD;
2019-08-07 16:53:20 - [TEST_STEP][PASSED] - verifyElementPropertyValue(response, "request.alterationScoring[0].response.eligibityTsa", true): Verify element property value successfully&#xD;
&#xD;
2019-08-07 16:53:20 - [MESSAGE][PASSED] - Verify element property value successfully&#xD;
&#xD;
2019-08-07 16:53:20 - [TEST_STEP][PASSED] - verifyResponseStatusCode(response, 200): Verify response status code successfully&#xD;
&#xD;
2019-08-07 16:53:20 - [MESSAGE][PASSED] - Verify response status code successfully&#xD;
&#xD;
2019-08-07 16:53:20 - [TEST_STEP][PASSED] - Start listener action : sampleAfterTestCase: null</system-out>
            <system-err></system-err>
        </testcase>
        <testcase name="Test Cases/Eligibility TSA Rules/TC-1_Positive Case" classname="Test Cases/Eligibility TSA Rules/TC-1_Positive Case" status="PASSED">
            <system-out>2019-08-07 16:53:20 - [TEST_CASE][PASSED] - Test Cases/Eligibility TSA Rules/TC-1_Positive Case: Test Cases/Eligibility TSA Rules/TC-1_Positive Case&#xD;
&#xD;
2019-08-07 16:53:20 - [TEST_STEP][PASSED] - response = sendRequest(findTestObject("AlterationScoringRuleApps/PositiveCase", ["URL":URL, "transactionType":"Major", "alterType":"Increasing Risk", "role":"LA1", "occupation":"MARK", "vendorName":"DMC", ... ])): Send request successfully&#xD;
&#xD;
2019-08-07 16:53:20 - [MESSAGE][INFO] - HAR: C:\SURYAPURBA\PHS\PHS-BRMS\Reports\test\20190807_164859\requests\main\81.har&#xD;
&#xD;
2019-08-07 16:53:20 - [MESSAGE][PASSED] - Send request successfully&#xD;
&#xD;
2019-08-07 16:53:20 - [TEST_STEP][PASSED] - verifyElementPropertyValue(response, "request.alterationScoring[0].response.eligibityTsa", true): Verify element property value successfully&#xD;
&#xD;
2019-08-07 16:53:20 - [MESSAGE][PASSED] - Verify element property value successfully&#xD;
&#xD;
2019-08-07 16:53:20 - [TEST_STEP][PASSED] - verifyResponseStatusCode(response, 200): Verify response status code successfully&#xD;
&#xD;
2019-08-07 16:53:20 - [MESSAGE][PASSED] - Verify response status code successfully&#xD;
&#xD;
2019-08-07 16:53:20 - [TEST_STEP][PASSED] - Start listener action : sampleAfterTestCase: null</system-out>
            <system-err></system-err>
        </testcase>
        <testcase name="Test Cases/Eligibility TSA Rules/TC-1_Positive Case" classname="Test Cases/Eligibility TSA Rules/TC-1_Positive Case" status="PASSED">
            <system-out>2019-08-07 16:53:20 - [TEST_CASE][PASSED] - Test Cases/Eligibility TSA Rules/TC-1_Positive Case: Test Cases/Eligibility TSA Rules/TC-1_Positive Case&#xD;
&#xD;
2019-08-07 16:53:20 - [TEST_STEP][PASSED] - response = sendRequest(findTestObject("AlterationScoringRuleApps/PositiveCase", ["URL":URL, "transactionType":"Major", "alterType":"Increasing Risk", "role":"LA1", "occupation":"MARK", "vendorName":"DMC", ... ])): Send request successfully&#xD;
&#xD;
2019-08-07 16:53:21 - [MESSAGE][INFO] - HAR: C:\SURYAPURBA\PHS\PHS-BRMS\Reports\test\20190807_164859\requests\main\82.har&#xD;
&#xD;
2019-08-07 16:53:21 - [MESSAGE][PASSED] - Send request successfully&#xD;
&#xD;
2019-08-07 16:53:21 - [TEST_STEP][PASSED] - verifyElementPropertyValue(response, "request.alterationScoring[0].response.eligibityTsa", true): Verify element property value successfully&#xD;
&#xD;
2019-08-07 16:53:21 - [MESSAGE][PASSED] - Verify element property value successfully&#xD;
&#xD;
2019-08-07 16:53:21 - [TEST_STEP][PASSED] - verifyResponseStatusCode(response, 200): Verify response status code successfully&#xD;
&#xD;
2019-08-07 16:53:21 - [MESSAGE][PASSED] - Verify response status code successfully&#xD;
&#xD;
2019-08-07 16:53:21 - [TEST_STEP][PASSED] - Start listener action : sampleAfterTestCase: null</system-out>
            <system-err></system-err>
        </testcase>
        <testcase name="Test Cases/Eligibility TSA Rules/TC-1_Positive Case" classname="Test Cases/Eligibility TSA Rules/TC-1_Positive Case" status="PASSED">
            <system-out>2019-08-07 16:53:21 - [TEST_CASE][PASSED] - Test Cases/Eligibility TSA Rules/TC-1_Positive Case: Test Cases/Eligibility TSA Rules/TC-1_Positive Case&#xD;
&#xD;
2019-08-07 16:53:21 - [TEST_STEP][PASSED] - response = sendRequest(findTestObject("AlterationScoringRuleApps/PositiveCase", ["URL":URL, "transactionType":"Major", "alterType":"Increasing Risk", "role":"LA1", "occupation":"MARK", "vendorName":"DMC", ... ])): Send request successfully&#xD;
&#xD;
2019-08-07 16:53:21 - [MESSAGE][INFO] - HAR: C:\SURYAPURBA\PHS\PHS-BRMS\Reports\test\20190807_164859\requests\main\83.har&#xD;
&#xD;
2019-08-07 16:53:21 - [MESSAGE][PASSED] - Send request successfully&#xD;
&#xD;
2019-08-07 16:53:21 - [TEST_STEP][PASSED] - verifyElementPropertyValue(response, "request.alterationScoring[0].response.eligibityTsa", true): Verify element property value successfully&#xD;
&#xD;
2019-08-07 16:53:21 - [MESSAGE][PASSED] - Verify element property value successfully&#xD;
&#xD;
2019-08-07 16:53:21 - [TEST_STEP][PASSED] - verifyResponseStatusCode(response, 200): Verify response status code successfully&#xD;
&#xD;
2019-08-07 16:53:21 - [MESSAGE][PASSED] - Verify response status code successfully&#xD;
&#xD;
2019-08-07 16:53:21 - [TEST_STEP][PASSED] - Start listener action : sampleAfterTestCase: null</system-out>
            <system-err></system-err>
        </testcase>
        <testcase name="Test Cases/Eligibility TSA Rules/TC-1_Positive Case" classname="Test Cases/Eligibility TSA Rules/TC-1_Positive Case" status="PASSED">
            <system-out>2019-08-07 16:53:21 - [TEST_CASE][PASSED] - Test Cases/Eligibility TSA Rules/TC-1_Positive Case: Test Cases/Eligibility TSA Rules/TC-1_Positive Case&#xD;
&#xD;
2019-08-07 16:53:21 - [TEST_STEP][PASSED] - response = sendRequest(findTestObject("AlterationScoringRuleApps/PositiveCase", ["URL":URL, "transactionType":"Major", "alterType":"Increasing Risk", "role":"LA1", "occupation":"MARK", "vendorName":"DMC", ... ])): Send request successfully&#xD;
&#xD;
2019-08-07 16:53:21 - [MESSAGE][INFO] - HAR: C:\SURYAPURBA\PHS\PHS-BRMS\Reports\test\20190807_164859\requests\main\84.har&#xD;
&#xD;
2019-08-07 16:53:21 - [MESSAGE][PASSED] - Send request successfully&#xD;
&#xD;
2019-08-07 16:53:21 - [TEST_STEP][PASSED] - verifyElementPropertyValue(response, "request.alterationScoring[0].response.eligibityTsa", true): Verify element property value successfully&#xD;
&#xD;
2019-08-07 16:53:21 - [MESSAGE][PASSED] - Verify element property value successfully&#xD;
&#xD;
2019-08-07 16:53:22 - [TEST_STEP][PASSED] - verifyResponseStatusCode(response, 200): Verify response status code successfully&#xD;
&#xD;
2019-08-07 16:53:22 - [MESSAGE][PASSED] - Verify response status code successfully&#xD;
&#xD;
2019-08-07 16:53:22 - [TEST_STEP][PASSED] - Start listener action : sampleAfterTestCase: null</system-out>
            <system-err></system-err>
        </testcase>
        <testcase name="Test Cases/Eligibility TSA Rules/TC-1_Positive Case" classname="Test Cases/Eligibility TSA Rules/TC-1_Positive Case" status="PASSED">
            <system-out>2019-08-07 16:53:22 - [TEST_CASE][PASSED] - Test Cases/Eligibility TSA Rules/TC-1_Positive Case: Test Cases/Eligibility TSA Rules/TC-1_Positive Case&#xD;
&#xD;
2019-08-07 16:53:22 - [TEST_STEP][PASSED] - response = sendRequest(findTestObject("AlterationScoringRuleApps/PositiveCase", ["URL":URL, "transactionType":"Major", "alterType":"Increasing Risk", "role":"LA1", "occupation":"MARK", "vendorName":"DMC", ... ])): Send request successfully&#xD;
&#xD;
2019-08-07 16:53:22 - [MESSAGE][INFO] - HAR: C:\SURYAPURBA\PHS\PHS-BRMS\Reports\test\20190807_164859\requests\main\85.har&#xD;
&#xD;
2019-08-07 16:53:22 - [MESSAGE][PASSED] - Send request successfully&#xD;
&#xD;
2019-08-07 16:53:22 - [TEST_STEP][PASSED] - verifyElementPropertyValue(response, "request.alterationScoring[0].response.eligibityTsa", true): Verify element property value successfully&#xD;
&#xD;
2019-08-07 16:53:22 - [MESSAGE][PASSED] - Verify element property value successfully&#xD;
&#xD;
2019-08-07 16:53:22 - [TEST_STEP][PASSED] - verifyResponseStatusCode(response, 200): Verify response status code successfully&#xD;
&#xD;
2019-08-07 16:53:22 - [MESSAGE][PASSED] - Verify response status code successfully&#xD;
&#xD;
2019-08-07 16:53:22 - [TEST_STEP][PASSED] - Start listener action : sampleAfterTestCase: null</system-out>
            <system-err></system-err>
        </testcase>
        <testcase name="Test Cases/Eligibility TSA Rules/TC-1_Positive Case" classname="Test Cases/Eligibility TSA Rules/TC-1_Positive Case" status="PASSED">
            <system-out>2019-08-07 16:53:22 - [TEST_CASE][PASSED] - Test Cases/Eligibility TSA Rules/TC-1_Positive Case: Test Cases/Eligibility TSA Rules/TC-1_Positive Case&#xD;
&#xD;
2019-08-07 16:53:22 - [TEST_STEP][PASSED] - response = sendRequest(findTestObject("AlterationScoringRuleApps/PositiveCase", ["URL":URL, "transactionType":"Major", "alterType":"Increasing Risk", "role":"LA1", "occupation":"MARK", "vendorName":"DMC", ... ])): Send request successfully&#xD;
&#xD;
2019-08-07 16:53:22 - [MESSAGE][INFO] - HAR: C:\SURYAPURBA\PHS\PHS-BRMS\Reports\test\20190807_164859\requests\main\86.har&#xD;
&#xD;
2019-08-07 16:53:23 - [MESSAGE][PASSED] - Send request successfully&#xD;
&#xD;
2019-08-07 16:53:23 - [TEST_STEP][PASSED] - verifyElementPropertyValue(response, "request.alterationScoring[0].response.eligibityTsa", true): Verify element property value successfully&#xD;
&#xD;
2019-08-07 16:53:23 - [MESSAGE][PASSED] - Verify element property value successfully&#xD;
&#xD;
2019-08-07 16:53:23 - [TEST_STEP][PASSED] - verifyResponseStatusCode(response, 200): Verify response status code successfully&#xD;
&#xD;
2019-08-07 16:53:23 - [MESSAGE][PASSED] - Verify response status code successfully&#xD;
&#xD;
2019-08-07 16:53:23 - [TEST_STEP][PASSED] - Start listener action : sampleAfterTestCase: null</system-out>
            <system-err></system-err>
        </testcase>
        <testcase name="Test Cases/Eligibility TSA Rules/TC-1_Positive Case" classname="Test Cases/Eligibility TSA Rules/TC-1_Positive Case" status="PASSED">
            <system-out>2019-08-07 16:53:23 - [TEST_CASE][PASSED] - Test Cases/Eligibility TSA Rules/TC-1_Positive Case: Test Cases/Eligibility TSA Rules/TC-1_Positive Case&#xD;
&#xD;
2019-08-07 16:53:23 - [TEST_STEP][PASSED] - response = sendRequest(findTestObject("AlterationScoringRuleApps/PositiveCase", ["URL":URL, "transactionType":"Major", "alterType":"Increasing Risk", "role":"LA1", "occupation":"MARK", "vendorName":"DMC", ... ])): Send request successfully&#xD;
&#xD;
2019-08-07 16:53:23 - [MESSAGE][INFO] - HAR: C:\SURYAPURBA\PHS\PHS-BRMS\Reports\test\20190807_164859\requests\main\87.har&#xD;
&#xD;
2019-08-07 16:53:23 - [MESSAGE][PASSED] - Send request successfully&#xD;
&#xD;
2019-08-07 16:53:23 - [TEST_STEP][PASSED] - verifyElementPropertyValue(response, "request.alterationScoring[0].response.eligibityTsa", true): Verify element property value successfully&#xD;
&#xD;
2019-08-07 16:53:23 - [MESSAGE][PASSED] - Verify element property value successfully&#xD;
&#xD;
2019-08-07 16:53:23 - [TEST_STEP][PASSED] - verifyResponseStatusCode(response, 200): Verify response status code successfully&#xD;
&#xD;
2019-08-07 16:53:23 - [MESSAGE][PASSED] - Verify response status code successfully&#xD;
&#xD;
2019-08-07 16:53:23 - [TEST_STEP][PASSED] - Start listener action : sampleAfterTestCase: null</system-out>
            <system-err></system-err>
        </testcase>
        <testcase name="Test Cases/Eligibility TSA Rules/TC-1_Positive Case" classname="Test Cases/Eligibility TSA Rules/TC-1_Positive Case" status="PASSED">
            <system-out>2019-08-07 16:53:23 - [TEST_CASE][PASSED] - Test Cases/Eligibility TSA Rules/TC-1_Positive Case: Test Cases/Eligibility TSA Rules/TC-1_Positive Case&#xD;
&#xD;
2019-08-07 16:53:23 - [TEST_STEP][PASSED] - response = sendRequest(findTestObject("AlterationScoringRuleApps/PositiveCase", ["URL":URL, "transactionType":"Major", "alterType":"Increasing Risk", "role":"LA1", "occupation":"MARK", "vendorName":"DMC", ... ])): Send request successfully&#xD;
&#xD;
2019-08-07 16:53:23 - [MESSAGE][INFO] - HAR: C:\SURYAPURBA\PHS\PHS-BRMS\Reports\test\20190807_164859\requests\main\88.har&#xD;
&#xD;
2019-08-07 16:53:23 - [MESSAGE][PASSED] - Send request successfully&#xD;
&#xD;
2019-08-07 16:53:23 - [TEST_STEP][PASSED] - verifyElementPropertyValue(response, "request.alterationScoring[0].response.eligibityTsa", true): Verify element property value successfully&#xD;
&#xD;
2019-08-07 16:53:23 - [MESSAGE][PASSED] - Verify element property value successfully&#xD;
&#xD;
2019-08-07 16:53:23 - [TEST_STEP][PASSED] - verifyResponseStatusCode(response, 200): Verify response status code successfully&#xD;
&#xD;
2019-08-07 16:53:23 - [MESSAGE][PASSED] - Verify response status code successfully&#xD;
&#xD;
2019-08-07 16:53:23 - [TEST_STEP][PASSED] - Start listener action : sampleAfterTestCase: null</system-out>
            <system-err></system-err>
        </testcase>
        <testcase name="Test Cases/Eligibility TSA Rules/TC-1_Positive Case" classname="Test Cases/Eligibility TSA Rules/TC-1_Positive Case" status="PASSED">
            <system-out>2019-08-07 16:53:23 - [TEST_CASE][PASSED] - Test Cases/Eligibility TSA Rules/TC-1_Positive Case: Test Cases/Eligibility TSA Rules/TC-1_Positive Case&#xD;
&#xD;
2019-08-07 16:53:24 - [TEST_STEP][PASSED] - response = sendRequest(findTestObject("AlterationScoringRuleApps/PositiveCase", ["URL":URL, "transactionType":"Major", "alterType":"Increasing Risk", "role":"LA1", "occupation":"MARK", "vendorName":"DMC", ... ])): Send request successfully&#xD;
&#xD;
2019-08-07 16:53:24 - [MESSAGE][INFO] - HAR: C:\SURYAPURBA\PHS\PHS-BRMS\Reports\test\20190807_164859\requests\main\89.har&#xD;
&#xD;
2019-08-07 16:53:24 - [MESSAGE][PASSED] - Send request successfully&#xD;
&#xD;
2019-08-07 16:53:24 - [TEST_STEP][PASSED] - verifyElementPropertyValue(response, "request.alterationScoring[0].response.eligibityTsa", true): Verify element property value successfully&#xD;
&#xD;
2019-08-07 16:53:24 - [MESSAGE][PASSED] - Verify element property value successfully&#xD;
&#xD;
2019-08-07 16:53:24 - [TEST_STEP][PASSED] - verifyResponseStatusCode(response, 200): Verify response status code successfully&#xD;
&#xD;
2019-08-07 16:53:24 - [MESSAGE][PASSED] - Verify response status code successfully&#xD;
&#xD;
2019-08-07 16:53:24 - [TEST_STEP][PASSED] - Start listener action : sampleAfterTestCase: null</system-out>
            <system-err></system-err>
        </testcase>
        <testcase name="Test Cases/Eligibility TSA Rules/TC-1_Positive Case" classname="Test Cases/Eligibility TSA Rules/TC-1_Positive Case" status="PASSED">
            <system-out>2019-08-07 16:53:24 - [TEST_CASE][PASSED] - Test Cases/Eligibility TSA Rules/TC-1_Positive Case: Test Cases/Eligibility TSA Rules/TC-1_Positive Case&#xD;
&#xD;
2019-08-07 16:53:24 - [TEST_STEP][PASSED] - response = sendRequest(findTestObject("AlterationScoringRuleApps/PositiveCase", ["URL":URL, "transactionType":"Major", "alterType":"Increasing Risk", "role":"LA1", "occupation":"MARK", "vendorName":"DMC", ... ])): Send request successfully&#xD;
&#xD;
2019-08-07 16:53:24 - [MESSAGE][INFO] - HAR: C:\SURYAPURBA\PHS\PHS-BRMS\Reports\test\20190807_164859\requests\main\90.har&#xD;
&#xD;
2019-08-07 16:53:24 - [MESSAGE][PASSED] - Send request successfully&#xD;
&#xD;
2019-08-07 16:53:24 - [TEST_STEP][PASSED] - verifyElementPropertyValue(response, "request.alterationScoring[0].response.eligibityTsa", true): Verify element property value successfully&#xD;
&#xD;
2019-08-07 16:53:24 - [MESSAGE][PASSED] - Verify element property value successfully&#xD;
&#xD;
2019-08-07 16:53:24 - [TEST_STEP][PASSED] - verifyResponseStatusCode(response, 200): Verify response status code successfully&#xD;
&#xD;
2019-08-07 16:53:24 - [MESSAGE][PASSED] - Verify response status code successfully&#xD;
&#xD;
2019-08-07 16:53:24 - [TEST_STEP][PASSED] - Start listener action : sampleAfterTestCase: null</system-out>
            <system-err></system-err>
        </testcase>
        <testcase name="Test Cases/Eligibility TSA Rules/TC-1_Positive Case" classname="Test Cases/Eligibility TSA Rules/TC-1_Positive Case" status="PASSED">
            <system-out>2019-08-07 16:53:25 - [TEST_CASE][PASSED] - Test Cases/Eligibility TSA Rules/TC-1_Positive Case: Test Cases/Eligibility TSA Rules/TC-1_Positive Case&#xD;
&#xD;
2019-08-07 16:53:25 - [TEST_STEP][PASSED] - response = sendRequest(findTestObject("AlterationScoringRuleApps/PositiveCase", ["URL":URL, "transactionType":"Major", "alterType":"Increasing Risk", "role":"LA1", "occupation":"MARK", "vendorName":"DMC", ... ])): Send request successfully&#xD;
&#xD;
2019-08-07 16:53:25 - [MESSAGE][INFO] - HAR: C:\SURYAPURBA\PHS\PHS-BRMS\Reports\test\20190807_164859\requests\main\91.har&#xD;
&#xD;
2019-08-07 16:53:25 - [MESSAGE][PASSED] - Send request successfully&#xD;
&#xD;
2019-08-07 16:53:25 - [TEST_STEP][PASSED] - verifyElementPropertyValue(response, "request.alterationScoring[0].response.eligibityTsa", true): Verify element property value successfully&#xD;
&#xD;
2019-08-07 16:53:25 - [MESSAGE][PASSED] - Verify element property value successfully&#xD;
&#xD;
2019-08-07 16:53:25 - [TEST_STEP][PASSED] - verifyResponseStatusCode(response, 200): Verify response status code successfully&#xD;
&#xD;
2019-08-07 16:53:25 - [MESSAGE][PASSED] - Verify response status code successfully&#xD;
&#xD;
2019-08-07 16:53:25 - [TEST_STEP][PASSED] - Start listener action : sampleAfterTestCase: null</system-out>
            <system-err></system-err>
        </testcase>
        <testcase name="Test Cases/Eligibility TSA Rules/TC-1_Positive Case" classname="Test Cases/Eligibility TSA Rules/TC-1_Positive Case" status="PASSED">
            <system-out>2019-08-07 16:53:25 - [TEST_CASE][PASSED] - Test Cases/Eligibility TSA Rules/TC-1_Positive Case: Test Cases/Eligibility TSA Rules/TC-1_Positive Case&#xD;
&#xD;
2019-08-07 16:53:25 - [TEST_STEP][PASSED] - response = sendRequest(findTestObject("AlterationScoringRuleApps/PositiveCase", ["URL":URL, "transactionType":"Major", "alterType":"Increasing Risk", "role":"LA1", "occupation":"MARK", "vendorName":"DMC", ... ])): Send request successfully&#xD;
&#xD;
2019-08-07 16:53:25 - [MESSAGE][INFO] - HAR: C:\SURYAPURBA\PHS\PHS-BRMS\Reports\test\20190807_164859\requests\main\92.har&#xD;
&#xD;
2019-08-07 16:53:25 - [MESSAGE][PASSED] - Send request successfully&#xD;
&#xD;
2019-08-07 16:53:25 - [TEST_STEP][PASSED] - verifyElementPropertyValue(response, "request.alterationScoring[0].response.eligibityTsa", true): Verify element property value successfully&#xD;
&#xD;
2019-08-07 16:53:25 - [MESSAGE][PASSED] - Verify element property value successfully&#xD;
&#xD;
2019-08-07 16:53:25 - [TEST_STEP][PASSED] - verifyResponseStatusCode(response, 200): Verify response status code successfully&#xD;
&#xD;
2019-08-07 16:53:25 - [MESSAGE][PASSED] - Verify response status code successfully&#xD;
&#xD;
2019-08-07 16:53:25 - [TEST_STEP][PASSED] - Start listener action : sampleAfterTestCase: null</system-out>
            <system-err></system-err>
        </testcase>
        <testcase name="Test Cases/Eligibility TSA Rules/TC-1_Positive Case" classname="Test Cases/Eligibility TSA Rules/TC-1_Positive Case" status="PASSED">
            <system-out>2019-08-07 16:53:25 - [TEST_CASE][PASSED] - Test Cases/Eligibility TSA Rules/TC-1_Positive Case: Test Cases/Eligibility TSA Rules/TC-1_Positive Case&#xD;
&#xD;
2019-08-07 16:53:26 - [TEST_STEP][PASSED] - response = sendRequest(findTestObject("AlterationScoringRuleApps/PositiveCase", ["URL":URL, "transactionType":"Major", "alterType":"Increasing Risk", "role":"LA1", "occupation":"MARK", "vendorName":"DMC", ... ])): Send request successfully&#xD;
&#xD;
2019-08-07 16:53:26 - [MESSAGE][INFO] - HAR: C:\SURYAPURBA\PHS\PHS-BRMS\Reports\test\20190807_164859\requests\main\93.har&#xD;
&#xD;
2019-08-07 16:53:26 - [MESSAGE][PASSED] - Send request successfully&#xD;
&#xD;
2019-08-07 16:53:26 - [TEST_STEP][PASSED] - verifyElementPropertyValue(response, "request.alterationScoring[0].response.eligibityTsa", true): Verify element property value successfully&#xD;
&#xD;
2019-08-07 16:53:26 - [MESSAGE][PASSED] - Verify element property value successfully&#xD;
&#xD;
2019-08-07 16:53:26 - [TEST_STEP][PASSED] - verifyResponseStatusCode(response, 200): Verify response status code successfully&#xD;
&#xD;
2019-08-07 16:53:26 - [MESSAGE][PASSED] - Verify response status code successfully&#xD;
&#xD;
2019-08-07 16:53:26 - [TEST_STEP][PASSED] - Start listener action : sampleAfterTestCase: null</system-out>
            <system-err></system-err>
        </testcase>
        <testcase name="Test Cases/Eligibility TSA Rules/TC-1_Positive Case" classname="Test Cases/Eligibility TSA Rules/TC-1_Positive Case" status="PASSED">
            <system-out>2019-08-07 16:53:26 - [TEST_CASE][PASSED] - Test Cases/Eligibility TSA Rules/TC-1_Positive Case: Test Cases/Eligibility TSA Rules/TC-1_Positive Case&#xD;
&#xD;
2019-08-07 16:53:26 - [TEST_STEP][PASSED] - response = sendRequest(findTestObject("AlterationScoringRuleApps/PositiveCase", ["URL":URL, "transactionType":"Major", "alterType":"Increasing Risk", "role":"LA1", "occupation":"MARK", "vendorName":"DMC", ... ])): Send request successfully&#xD;
&#xD;
2019-08-07 16:53:26 - [MESSAGE][INFO] - HAR: C:\SURYAPURBA\PHS\PHS-BRMS\Reports\test\20190807_164859\requests\main\94.har&#xD;
&#xD;
2019-08-07 16:53:26 - [MESSAGE][PASSED] - Send request successfully&#xD;
&#xD;
2019-08-07 16:53:26 - [TEST_STEP][PASSED] - verifyElementPropertyValue(response, "request.alterationScoring[0].response.eligibityTsa", true): Verify element property value successfully&#xD;
&#xD;
2019-08-07 16:53:26 - [MESSAGE][PASSED] - Verify element property value successfully&#xD;
&#xD;
2019-08-07 16:53:26 - [TEST_STEP][PASSED] - verifyResponseStatusCode(response, 200): Verify response status code successfully&#xD;
&#xD;
2019-08-07 16:53:26 - [MESSAGE][PASSED] - Verify response status code successfully&#xD;
&#xD;
2019-08-07 16:53:26 - [TEST_STEP][PASSED] - Start listener action : sampleAfterTestCase: null</system-out>
            <system-err></system-err>
        </testcase>
        <testcase name="Test Cases/Eligibility TSA Rules/TC-1_Positive Case" classname="Test Cases/Eligibility TSA Rules/TC-1_Positive Case" status="PASSED">
            <system-out>2019-08-07 16:53:26 - [TEST_CASE][PASSED] - Test Cases/Eligibility TSA Rules/TC-1_Positive Case: Test Cases/Eligibility TSA Rules/TC-1_Positive Case&#xD;
&#xD;
2019-08-07 16:53:26 - [TEST_STEP][PASSED] - response = sendRequest(findTestObject("AlterationScoringRuleApps/PositiveCase", ["URL":URL, "transactionType":"Major", "alterType":"Increasing Risk", "role":"LA1", "occupation":"MARK", "vendorName":"DMC", ... ])): Send request successfully&#xD;
&#xD;
2019-08-07 16:53:26 - [MESSAGE][INFO] - HAR: C:\SURYAPURBA\PHS\PHS-BRMS\Reports\test\20190807_164859\requests\main\95.har&#xD;
&#xD;
2019-08-07 16:53:27 - [MESSAGE][PASSED] - Send request successfully&#xD;
&#xD;
2019-08-07 16:53:27 - [TEST_STEP][PASSED] - verifyElementPropertyValue(response, "request.alterationScoring[0].response.eligibityTsa", true): Verify element property value successfully&#xD;
&#xD;
2019-08-07 16:53:27 - [MESSAGE][PASSED] - Verify element property value successfully&#xD;
&#xD;
2019-08-07 16:53:27 - [TEST_STEP][PASSED] - verifyResponseStatusCode(response, 200): Verify response status code successfully&#xD;
&#xD;
2019-08-07 16:53:27 - [MESSAGE][PASSED] - Verify response status code successfully&#xD;
&#xD;
2019-08-07 16:53:27 - [TEST_STEP][PASSED] - Start listener action : sampleAfterTestCase: null</system-out>
            <system-err></system-err>
        </testcase>
        <testcase name="Test Cases/Eligibility TSA Rules/TC-1_Positive Case" classname="Test Cases/Eligibility TSA Rules/TC-1_Positive Case" status="PASSED">
            <system-out>2019-08-07 16:53:27 - [TEST_CASE][PASSED] - Test Cases/Eligibility TSA Rules/TC-1_Positive Case: Test Cases/Eligibility TSA Rules/TC-1_Positive Case&#xD;
&#xD;
2019-08-07 16:53:27 - [TEST_STEP][PASSED] - response = sendRequest(findTestObject("AlterationScoringRuleApps/PositiveCase", ["URL":URL, "transactionType":"Major", "alterType":"Increasing Risk", "role":"LA1", "occupation":"MARK", "vendorName":"DMC", ... ])): Send request successfully&#xD;
&#xD;
2019-08-07 16:53:27 - [MESSAGE][INFO] - HAR: C:\SURYAPURBA\PHS\PHS-BRMS\Reports\test\20190807_164859\requests\main\96.har&#xD;
&#xD;
2019-08-07 16:53:27 - [MESSAGE][PASSED] - Send request successfully&#xD;
&#xD;
2019-08-07 16:53:27 - [TEST_STEP][PASSED] - verifyElementPropertyValue(response, "request.alterationScoring[0].response.eligibityTsa", true): Verify element property value successfully&#xD;
&#xD;
2019-08-07 16:53:27 - [MESSAGE][PASSED] - Verify element property value successfully&#xD;
&#xD;
2019-08-07 16:53:27 - [TEST_STEP][PASSED] - verifyResponseStatusCode(response, 200): Verify response status code successfully&#xD;
&#xD;
2019-08-07 16:53:27 - [MESSAGE][PASSED] - Verify response status code successfully&#xD;
&#xD;
2019-08-07 16:53:27 - [TEST_STEP][PASSED] - Start listener action : sampleAfterTestCase: null</system-out>
            <system-err></system-err>
        </testcase>
        <testcase name="Test Cases/Eligibility TSA Rules/TC-1_Positive Case" classname="Test Cases/Eligibility TSA Rules/TC-1_Positive Case" status="PASSED">
            <system-out>2019-08-07 16:53:27 - [TEST_CASE][PASSED] - Test Cases/Eligibility TSA Rules/TC-1_Positive Case: Test Cases/Eligibility TSA Rules/TC-1_Positive Case&#xD;
&#xD;
2019-08-07 16:53:28 - [TEST_STEP][PASSED] - response = sendRequest(findTestObject("AlterationScoringRuleApps/PositiveCase", ["URL":URL, "transactionType":"Major", "alterType":"Increasing Risk", "role":"LA1", "occupation":"MARK", "vendorName":"DMC", ... ])): Send request successfully&#xD;
&#xD;
2019-08-07 16:53:28 - [MESSAGE][INFO] - HAR: C:\SURYAPURBA\PHS\PHS-BRMS\Reports\test\20190807_164859\requests\main\97.har&#xD;
&#xD;
2019-08-07 16:53:28 - [MESSAGE][PASSED] - Send request successfully&#xD;
&#xD;
2019-08-07 16:53:28 - [TEST_STEP][PASSED] - verifyElementPropertyValue(response, "request.alterationScoring[0].response.eligibityTsa", true): Verify element property value successfully&#xD;
&#xD;
2019-08-07 16:53:28 - [MESSAGE][PASSED] - Verify element property value successfully&#xD;
&#xD;
2019-08-07 16:53:28 - [TEST_STEP][PASSED] - verifyResponseStatusCode(response, 200): Verify response status code successfully&#xD;
&#xD;
2019-08-07 16:53:28 - [MESSAGE][PASSED] - Verify response status code successfully&#xD;
&#xD;
2019-08-07 16:53:28 - [TEST_STEP][PASSED] - Start listener action : sampleAfterTestCase: null</system-out>
            <system-err></system-err>
        </testcase>
        <system-out>2019-08-07 16:49:03 - [TEST_SUITE][INCOMPLETE] - test: null</system-out>
        <system-err>2019-08-07 16:49:03 - [TEST_SUITE][INCOMPLETE] - test: null</system-err>
    </testsuite>
</testsuites>
